0 -108.499 3.14924
30 -108.499 3.14924
60 -108.499 3.14924
90 -108.499 3.14924
120 -108.499 3.14924
150 -108.499 3.14924
180 -108.499 3.14924
210 -108.499 3.14924
240 -108.499 3.14924
270 -108.499 3.14924
300 -108.499 3.14924
330 -108.499 3.14924
360 -108.499 3.14924
390 -108.499 3.14924
420 -108.499 3.14924
450 -108.499 3.14924
480 -108.499 3.14924
510 -108.499 3.14924
540 -108.499 3.14924
570 -108.499 3.14924
600 -108.499 3.14924
630 -108.499 3.14924
660 -108.499 3.14924
690 -108.499 3.14924
720 -108.499 3.14924
750 -108.499 3.14924
780 -108.499 3.14924
810 -108.499 3.14924
840 -108.499 3.14924
870 -97.5414 -17.6212
900 -78.7844 -53.177
930 -76.4362 -54.7355
960 -74.3228 -52.665
990 -92.8738 -41.8673
1020 -110.982 -16.0139
1050 -99.2682 27.5393
1080 -93.7951 65.2422
1110 -74.2234 94.0734
1140 -52.8545 126.656
1170 -57.9845 130.073
1200 -76.68 137.342
1230 -69.0031 145.435
1260 -102.619 109.602
1290 42.3485 262.552
1320 175.096 267.862
1350 209.804 444.488
1380 -298.019 525.806
1410 -297.089 738.755
1440 16.537 1003.87
1470 245.064 1155.58
1500 497.869 1076.27
1530 598.834 1207.62
1560 481.152 1279.56
1590 430.096 1153.09
1620 481.098 1150.81
1650 495.052 1157.06
1680 498.764 1159.87
1710 484.205 1137.07
1740 483.78 1149.66
1770 487.095 1157.52
1800 470.314 1156.15
1830 474.053 1147.81
1860 470.224 1155.78
1890 475.209 1158.11
1920 468.869 1162.44
1950 467.731 1161.72
1980 469.149 1157.45
2010 467.821 1154.87
2040 472.093 1159.88
2070 469.185 1155.34
2100 470.567 1150.14
2130 471.082 1152.02
2160 471.407 1153.87
2190 468.444 1152.02
2220 471.551 1160.36
2250 467.83 1152.95
2280 474.523 1142.49
2310 469.284 1156.95
2340 445.414 1118.44
2370 446.2 1121.26
2400 447.323 1125.29
2430 448.447 1129.32
2460 468.535 1154.06
2490 462.406 1139.35
2520 464.398 1155.97
2550 462.574 1149.6
2580 466.006 1149.09
2610 466.072 1145.44
2640 465.644 1134.02
2670 466.548 1127.79
2700 467.451 1129.9
2730 477.837 1142.7
2760 477.657 1144.15
2790 479.824 1145.49
2820 472.328 1152.16
2850 478.831 1143.82
2880 478.831 1148.16
2910 479.463 1146.04
2940 477.657 1144.37
2970 477.566 1144.6
3000 471.244 1156.17
3030 471.696 1152.16
3060 471.696 1150.27
3090 471.786 1149.83
3120 460.767 1155.62
3150 459.142 1163.52
3180 451.736 1169.86
3210 449.026 1171.76
3240 453 1166.52
3270 475.128 1151.72
3300 474.586 1148.83
3330 474.676 1152.16
3360 478.921 1154.95
3390 478.018 1149.16
3420 467.451 1152.61
3450 481.721 1157.29
3480 469.167 1168.75
3510 478.108 1151.94
3540 481.089 1140.37
3570 476.121 1146.82
3600 475.489 1145.26
3630 475.218 1142.93
3660 482.534 1140.25
3690 469.257 1158.73
3720 471.176 1147.04
3750 477.169 1141.97
3780 460.207 1158.78
3810 458.672 1158.73
3840 441.945 1161.25
3870 483.509 1150.43
3900 473.014 1145.84
3930 485.514 1158.73
3960 461.363 1165.67
3990 411.725 1193.13
4020 416.441 1192.43
4050 422.336 1191.57
4080 428.231 1190.7
4110 434.126 1189.83
4140 440.021 1188.96
4170 445.916 1188.09
4200 451.811 1187.22
4230 457.706 1186.35
4260 463.601 1185.48
4290 469.496 1184.62
4320 473.014 1174.52
4350 472.274 1159.58
4380 422.563 1172.07
4410 470.467 1142.28
4440 480.854 1158.47
4470 464.994 1169.8
4500 476.771 1157.8
4530 470.142 1153.92
4560 464.85 1125.49
4590 475.814 1150.07
4620 412.43 1131.29
4650 453.605 1133.34
4680 476.609 1152.74
4710 469.402 1155.56
4740 487.311 1138.81
4770 459.575 1142.65
4800 461.634 1148.97
4830 459.386 1135.26
4860 462.745 1145.11
4890 459.81 1138.88
4920 480.149 1145.07
4950 473.312 1140.93
4980 471.533 1147.87
5010 465.744 1153.91
5040 462.745 1153.51
5070 475.019 1138.31
5100 479.291 1135.22
5130 472.798 1132.17
5160 477.548 1134.2
5190 479.21 1148.36
5220 485.966 1152.04
5250 452.603 1141.88
5280 488.079 1146.38
5310 410.181 1134.99
5340 476.437 1147.6
5370 481.865 1138.07
5400 483.617 1155.78
5430 469.935 1151.52
5460 467.668 1157.64
5490 486.869 1149.31
5520 488.503 1157
5550 485.882 1157.48
5580 483.261 1157.96
5610 480.64 1158.44
5640 478.018 1158.93
5670 475.397 1159.41
5700 472.776 1159.89
5730 470.154 1160.37
5760 453.145 1180.39
5790 459.286 1151.23
5820 466.764 1137.45
5850 460.912 1140.45
5880 461.815 1140.85
5910 464.759 1156.51
5940 478.542 1150.52
5970 495.593 1161.07
6000 495.548 1163.01
6030 486.438 1167.79
6060 477.327 1172.57
6090 468.216 1177.35
6120 459.106 1182.13
6150 449.995 1186.91
6180 500.073 1137.29
6210 496.979 1139.28
6240 484.766 1143.58
6270 472.554 1147.88
6300 460.341 1152.18
6330 448.128 1156.47
6360 463.874 1153.01
6390 457.046 1153.54
6420 459.828 1156.77
6450 461.671 1152.14
6480 458.943 1151.21
6510 462.754 1157.57
6540 461.129 1147.53
6570 481.45 1148.94
6600 481.45 1148.94
6630 481.45 1148.94
6660 481.45 1148.94
6690 481.45 1148.94
6720 481.45 1148.94
6750 481.45 1148.94
6780 481.45 1148.94
6810 481.45 1148.94
6840 481.45 1148.94
6870 481.45 1148.94
6900 481.45 1148.94
6930 481.45 1148.94
6960 481.45 1148.94
6990 481.45 1148.94
7020 481.45 1148.94
7050 481.45 1148.94
7080 481.45 1148.94
7110 481.45 1148.94
7140 468.39 1171.02
7170 476.193 1161.87
7200 475.814 1135.18
7230 475.074 1152.08
7260 464.452 1157.06
7290 474.565 1150.53
7320 495.666 1121.82
7350 504.336 1117.19
7380 504.842 1113.98
7410 504.842 1113.98
7440 504.842 1113.98
7470 504.842 1113.98
7500 504.842 1113.98
7530 504.842 1113.98
7560 504.842 1113.98
7590 504.842 1113.98
7620 504.842 1113.98
7650 504.842 1113.98
7680 504.842 1113.98
7710 504.842 1113.98
7740 504.842 1113.98
7770 504.842 1113.98
7800 504.842 1113.98
7830 504.842 1113.98
7860 504.842 1113.98
7890 504.842 1113.98
7920 504.842 1113.98
7950 504.842 1113.98
7980 504.842 1113.98
8010 504.842 1113.98
8040 504.842 1113.98
8070 504.842 1113.98
8100 504.842 1113.98
8130 504.842 1113.98
8160 504.842 1113.98
8190 504.842 1113.98
8220 504.842 1113.98
8250 504.842 1113.98
8280 504.842 1113.98
8310 504.842 1113.98
8340 504.842 1113.98
8370 504.842 1113.98
8400 504.842 1113.98
8430 504.842 1113.98
8460 504.842 1113.98
8490 504.842 1113.98
8520 504.842 1113.98
8550 504.842 1113.98
8580 504.842 1113.98
8610 504.842 1113.98
8640 504.842 1113.98
8670 504.842 1113.98
8700 504.842 1113.98
8730 504.842 1113.98
8760 504.842 1113.98
8790 504.842 1113.98
8820 504.842 1113.98
8850 504.842 1113.98
8880 504.842 1113.98
8910 504.842 1113.98
8940 504.842 1113.98
8970 504.842 1113.98
9000 504.842 1113.98
9030 504.842 1113.98
9060 504.842 1113.98
9090 504.842 1113.98
9120 504.842 1113.98
9150 504.842 1113.98
9180 504.842 1113.98
9210 504.842 1113.98
9240 504.842 1113.98
9270 504.842 1113.98
9300 504.842 1113.98
9330 504.842 1113.98
9360 504.842 1113.98
9390 504.842 1113.98
9420 504.842 1113.98
9450 504.842 1113.98
9480 504.842 1113.98
9510 504.842 1113.98
9540 504.842 1113.98
9570 504.842 1113.98
9600 504.842 1113.98
9630 504.842 1113.98
9660 504.842 1113.98
9690 504.842 1113.98
9720 504.842 1113.98
9750 504.842 1113.98
9780 504.842 1113.98
9810 504.842 1113.98
9840 504.842 1113.98
9870 504.842 1113.98
9900 504.842 1113.98
9930 504.842 1113.98
9960 504.842 1113.98
9990 504.842 1113.98
10020 504.842 1113.98
10050 504.842 1113.98
10080 504.842 1113.98
10110 504.842 1113.98
10140 504.842 1113.98
10170 504.842 1113.98
10200 504.842 1113.98
10230 504.842 1113.98
10260 504.842 1113.98
10290 504.842 1113.98
10320 504.842 1113.98
10350 504.842 1113.98
10380 504.842 1113.98
10410 504.842 1113.98
10440 504.842 1113.98
10470 504.842 1113.98
10500 504.842 1113.98
10530 504.842 1113.98
10560 504.842 1113.98
10590 504.842 1113.98
10620 504.842 1113.98
10650 504.842 1113.98
10680 504.842 1113.98
10710 504.842 1113.98
10740 504.842 1113.98
10770 504.842 1113.98
10800 504.842 1113.98
10830 504.842 1113.98
10860 504.842 1113.98
10890 504.842 1113.98
10920 504.842 1113.98
10950 504.842 1113.98
10980 504.842 1113.98
11010 504.842 1113.98
11040 504.842 1113.98
11070 504.842 1113.98
11100 504.842 1113.98
11130 504.842 1113.98
11160 504.842 1113.98
11190 504.842 1113.98
11220 504.842 1113.98
11250 504.842 1113.98
11280 504.842 1113.98
11310 504.842 1113.98
11340 467.385 1124.19
11370 428.598 1134.75
11400 389.811 1145.32
11430 351.025 1155.88
11460 312.238 1166.45
11490 273.451 1177.01
11520 234.664 1187.58
11550 195.877 1198.14
11580 157.091 1208.71
11610 118.304 1219.27
11640 79.5172 1229.84
11670 40.7304 1240.4
11700 1.94363 1250.97
11730 -36.8431 1261.54
11760 -75.6299 1272.1
11790 -114.417 1282.67
11820 -153.203 1293.23
11850 -191.99 1303.8
11880 -230.777 1314.36
11910 -269.564 1324.93
11940 -308.351 1335.49
11970 -347.137 1346.06
12000 -385.924 1356.62
12030 -535.787 1455.62
12060 -764.92 1671.57
12090 -1071.09 1848.68
12120 -1180.2 1797.92
12150 -1425.04 1632.16
12180 -1575.96 1701.63
12210 -1572.08 1703.63
12240 -1572.08 1701.4
12270 -1573.34 1702.18
12300 -1574.25 1701.29
12330 -1576.05 1702.29
12360 -1576.96 1702.96
12390 -1577.77 1702.52
12420 -1578.76 1703.18
12450 -1580.21 1704.3
12480 -1576.51 1699.18
12510 -1574.34 1696.28
12540 -1577.32 1700.07
12570 -1577.23 1699.73
12600 -1576.87 1700.29
12630 -1576.14 1699.84
12660 -1576.6 1701.07
12690 -1577.77 1700.51
12720 -1579.12 1700.4
12750 -1578.85 1699.84
12780 -1579.49 1701.4
12810 -1580.48 1702.74
12840 -1573.43 1690.61
12870 -1572.08 1689.94
12900 -1574.16 1694.72
12930 -1576.69 1699.4
12960 -1576.6 1698.62
12990 -1573.71 1694.95
13020 -1573.8 1695.28
13050 -1574.34 1695.95
13080 -1574.16 1695.84
13110 -1573.43 1696.06
13140 -1573.16 1695.95
13170 -1572.89 1695.84
13200 -1572.8 1696.28
13230 -1573.16 1696.28
13260 -1573.62 1696.39
13290 -1574.43 1697.51
13320 -1574.7 1697.95
13350 -1575.43 1698.83
13380 -1574.79 1698.29
13410 -1575.15 1697.06
13440 -1575.51 1697.51
13470 -1575.96 1698.06
13500 -1575.51 1698.06
13530 -1576.05 1699.62
13560 -1576.23 1700.51
13590 -1576.14 1703.3
13620 -1576.42 1705.41
13650 -1576.23 1705.41
13680 -1576.05 1704.3
13710 -1576.51 1704.3
13740 -1576.96 1704.63
13770 -1576.42 1703.74
13800 -1575.69 1702.96
13830 -1575.51 1702.18
13860 -1574.97 1702.29
13890 -1574.7 1702.52
13920 -1575.51 1702.63
13950 -1575.42 1702.41
13980 -1575.15 1701.29
14010 -1574.07 1699.07
14040 -1572.98 1696.95
14070 -1571.09 1693.17
14100 -1569.82 1692.61
14130 -1570.82 1694.84
14160 -1569.91 1695.06
14190 -1570.64 1696.28
14220 -1570.54 1697.06
14250 -1572.17 1698.29
14280 -1572.62 1699.4
14310 -1573.89 1699.51
14340 -1573.62 1699.4
14370 -1574.79 1698.29
14400 -1575.51 1698.62
14430 -1575.51 1698.84
14460 -1575.06 1698.06
14490 -1574.61 1697.62
14520 -1574.16 1698.29
14550 -1573.71 1699.29
14580 -1573.43 1700.07
14610 -1573.25 1700.51
14640 -1572.44 1700.29
14670 -1571.9 1700.29
14700 -1572.17 1700.29
14730 -1572.62 1700.62
14760 -1572.98 1700.51
14790 -1573.07 1700.62
14820 -1572.8 1700.18
14850 -1573.8 1700.62
14880 -1574.34 1701.18
14910 -1575.6 1704.74
14940 -1576.05 1705.86
14970 -1575.42 1705.3
15000 -1575.6 1706.19
15030 -1575.69 1707.3
15060 -1574.52 1707.19
15090 -1573.98 1708.19
15120 -1573.16 1707.41
15150 -1571.99 1706.19
15180 -1572.17 1705.52
15210 -1572.89 1705.86
15240 -1574.7 1706.97
15270 -1575.06 1706.64
15300 -1575.42 1706.19
15330 -1575.51 1705.52
15360 -1576.05 1705.3
15390 -1577.41 1706.3
15420 -1577.77 1707.75
15450 -1577.41 1707.53
15480 -1577.86 1704.63
15510 -1584 1712.09
15540 -1581.74 1712.42
15570 -1580.75 1710.2
15600 -1580.75 1707.3
15630 -1579.94 1705.97
15660 -1578.76 1705.08
15690 -1578.31 1702.18
15720 -1575.69 1701.51
15750 -1575.96 1698.62
15780 -1570.73 1707.75
15810 -1570.54 1708.3
15840 -1576.14 1705.41
15870 -1576.69 1704.52
15900 -1576.51 1703.74
15930 -1575.24 1703.18
15960 -1574.52 1702.63
15990 -1574.25 1701.4
16020 -1574.16 1700.4
16050 -1573.71 1698.73
16080 -1573.89 1698.17
16110 -1573.89 1698.62
16140 -1574.52 1700.74
16170 -1575.33 1702.85
16200 -1575.06 1702.18
16230 -1574.88 1701.96
16260 -1573.98 1701.96
16290 -1573.62 1702.29
16320 -1573.25 1702.29
16350 -1573.43 1702.29
16380 -1573.25 1702.41
16410 -1572.8 1702.41
16440 -1571.99 1701.85
16470 -1572.17 1701.96
16500 -1573.34 1702.29
16530 -1574.25 1703.52
16560 -1573.71 1703.41
16590 -1574.25 1705.3
16620 -1573.8 1705.41
16650 -1573.71 1705.08
16680 -1575.33 1706.86
16710 -1575.69 1706.97
16740 -1575.6 1706.97
16770 -1576.23 1708.42
16800 -1574.61 1707.08
16830 -1573.62 1707.53
16860 -1572.08 1708.3
16890 -1571.18 1708.53
16920 -1570.18 1707.75
16950 -1569.82 1707.64
16980 -1569.55 1707.86
17010 -1568.56 1706.86
17040 -1569.01 1706.64
17070 -1569.19 1706.41
17100 -1569.46 1706.19
17130 -1569.37 1705.52
17160 -1568.92 1704.52
17190 -1569.55 1703.52
17220 -1571.18 1704.41
17250 -1570.64 1704.07
17280 -1572.08 1705.08
17310 -1576.05 1707.75
17340 -1575.42 1707.19
17370 -1575.42 1707.19
17400 -1575.24 1706.64
17430 -1573.34 1704.85
17460 -1572.8 1704.07
17490 -1573.62 1704.41
17520 -1573.71 1704.63
17550 -1577.41 1706.3
17580 -1575.87 1704.3
17610 -1570.82 1701.51
17640 -1568.38 1700.4
17670 -1567.84 1700.4
17700 -1567.38 1700.18
17730 -1570.73 1701.51
17760 -1575.69 1703.52
17790 -1577.05 1704.52
17820 -1562.51 1696.17
17850 -1571.36 1697.73
17880 -1563.86 1694.17
17910 -1562.78 1693.28
17940 -1563.41 1692.61
17970 -1563.68 1692.05
18000 -1564.4 1692.5
18030 -1564.95 1694.06
18060 -1566.75 1695.61
18090 -1566.48 1695.39
18120 -1567.65 1695.73
18150 -1568.38 1695.06
18180 -1569.28 1696.17
18210 -1569.91 1697.51
18240 -1569.91 1697.95
18270 -1569.82 1698.4
18300 -1570.64 1699.62
18330 -1570.45 1700.07
18360 -1570.73 1700.96
18390 -1570.09 1700.62
18420 -1569.46 1700.51
18450 -1569.64 1700.74
18480 -1570.73 1701.29
18510 -1571.27 1701.74
18540 -1571.54 1702.07
18570 -1577.5 1705.52
18600 -1579.03 1706.97
18630 -1578.67 1707.19
18660 -1572.98 1703.07
18690 -1575.06 1704.63
18720 -1577.32 1706.19
18750 -1578.58 1707.08
18780 -1576.14 1705.3
18810 -1574.43 1703.96
18840 -1573.53 1703.07
18870 -1572.26 1702.18
18900 -1571.63 1702.29
18930 -1570.91 1702.18
18960 -1570.18 1701.51
18990 -1569.19 1700.4
19020 -1568.83 1699.51
19050 -1568.29 1698.73
19080 -1569.91 1699.84
19110 -1571.54 1701.07
19140 -1571.45 1700.96
19170 -1571.54 1701.07
19200 -1570.91 1700.96
19230 -1569.19 1698.4
19260 -1571.72 1700.96
19290 -1570.82 1701.18
19320 -1570.91 1701.85
19350 -1570.54 1701.63
19380 -1569.19 1700.74
19410 -1572.44 1702.74
19440 -1569.64 1700.29
19470 -1567.74 1699.07
19500 -1567.11 1698.84
19530 -1567.56 1699.18
19560 -1568.29 1699.51
19590 -1568.83 1699.62
19620 -1569.55 1700.07
19650 -1570.73 1700.62
19680 -1572.08 1701.4
19710 -1572.17 1701.51
19740 -1572.35 1701.96
19770 -1573.8 1702.96
19800 -1575.6 1704.19
19830 -1574.88 1703.85
19860 -1574.25 1703.41
19890 -1573.98 1702.96
19920 -1575.33 1704.07
19950 -1574.34 1703.52
19980 -1572.71 1702.41
20010 -1571.54 1701.51
20040 -1570.64 1701.07
20070 -1570.36 1701.29
20100 -1571.45 1702.41
20130 -1571.63 1702.29
20160 -1572.08 1702.63
20190 -1572.44 1702.85
20220 -1575.96 1705.08
20250 -1578.13 1706.52
20280 -1577.59 1706.08
20310 -1579.85 1707.75
20340 -1580.84 1708.08
20370 -1580.39 1707.3
20400 -1581.47 1708.53
20430 -1582.65 1709.64
20460 -1581.65 1708.97
20490 -1581.2 1708.53
20520 -1580.75 1708.75
20550 -1581.11 1709.2
20580 -1580.93 1709.31
20610 -1580.21 1708.97
20640 -1579.4 1708.19
20670 -1579.12 1708.08
20700 -1578.85 1708.19
20730 -1578.4 1708.19
20760 -1578.58 1707.97
20790 -1580.03 1710.09
20820 -1580.39 1710.09
20850 -1579.85 1709.86
20880 -1580.21 1708.3
20910 -1582.11 1710.42
20940 -1583.28 1710.2
20970 -1583.37 1708.75
21000 -1583.64 1708.75
21030 -1582.38 1708.97
21060 -1581.11 1707.64
21090 -1579.22 1705.41
21120 -1577.32 1703.18
21150 -1577.14 1703.07
21180 -1576.51 1702.41
21210 -1575.6 1701.07
21240 -1573.07 1698.4
21270 -1571.9 1698.17
21300 -1571.99 1699.73
21330 -1572.53 1701.07
21360 -1572.35 1701.07
21390 -1570.27 1699.29
21420 -1570.18 1699.4
21450 -1570.64 1699.73
21480 -1571 1700.85
21510 -1570.82 1701.4
21540 -1571.36 1701.51
21570 -1571.45 1701.18
21600 -1571.81 1701.51
21630 -1572.8 1702.41
21660 -1573.8 1703.18
21690 -1574.52 1703.41
21720 -1574.88 1702.74
21750 -1574.7 1701.74
21780 -1574.34 1701.29
21810 -1574.61 1702.07
21840 -1574.88 1702.74
21870 -1575.6 1703.74
21900 -1575.15 1703.63
21930 -1574.43 1702.96
21960 -1574.07 1702.63
21990 -1574.97 1703.18
22020 -1576.05 1704.19
22050 -1576.32 1704.3
22080 -1576.6 1704.07
22110 -1576.51 1704.74
22140 -1576.05 1704.74
22170 -1575.87 1703.74
22200 -1576.6 1703.85
22230 -1577.05 1703.52
22260 -1577.68 1703.18
22290 -1577.77 1703.74
22320 -1577.14 1705.08
22350 -1578.4 1707.19
22380 -1579.67 1706.3
22410 -1580.39 1710.53
22440 -1582.29 1713.54
22470 -1579.12 1713.87
22500 -1577.05 1712.98
22530 -1578.4 1715.43
22560 -1577.23 1714.65
22590 -1576.96 1713.09
22620 -1576.23 1711.64
22650 -1575.96 1709.75
22680 -1574.97 1707.41
22710 -1573.8 1704.07
22740 -1573.16 1702.96
22770 -1571.99 1703.3
22800 -1571 1704.3
22830 -1570.91 1704.74
22860 -1571.54 1705.19
22890 -1571.81 1705.3
22920 -1572.35 1705.3
22950 -1572.71 1706.64
22980 -1573.07 1707.3
23010 -1580.12 1705.74
23040 -1577.86 1706.86
23070 -1578.22 1706.75
23100 -1576.23 1707.75
23130 -1575.42 1709.08
23160 -1578.4 1708.19
23190 -1580.39 1707.19
23220 -1579.12 1706.41
23250 -1579.4 1707.75
23280 -1577.77 1707.19
23310 -1577.14 1707.41
23340 -1578.13 1706.41
23370 -1578.94 1705.86
23400 -1579.22 1705.74
23430 -1579.49 1705.63
23460 -1579.31 1704.52
23490 -1578.04 1702.18
23520 -1577.14 1701.63
23550 -1577.23 1701.29
23580 -1575.96 1700.29
23610 -1573.89 1697.73
23640 -1573.07 1697.84
23670 -1573.8 1699.84
23700 -1573.43 1700.74
23730 -1573.62 1701.51
23760 -1573.98 1702.74
23790 -1573.07 1703.07
23820 -1573.62 1702.85
23850 -1573.43 1702.63
23880 -1572.98 1701.29
23910 -1573.16 1699.73
23940 -1573.34 1701.74
23970 -1573.53 1700.96
24000 -1573.43 1700.07
24030 -1574.07 1700.74
24060 -1572.8 1696.39
24090 -1572.44 1696.51
24120 -1572.08 1697.4
24150 -1571.99 1698.84
24180 -1571.72 1699.29
24210 -1572.53 1699.4
24240 -1572.53 1699.62
24270 -1572.98 1700.74
24300 -1573.16 1701.74
24330 -1573.07 1700.74
24360 -1572.98 1699.96
24390 -1573.71 1700.74
24420 -1575.42 1703.41
24450 -1576.32 1704.3
24480 -1576.78 1704.41
24510 -1576.6 1704.19
24540 -1576.05 1704.19
24570 -1575.87 1703.74
24600 -1575.51 1703.3
24630 -1575.78 1702.63
24660 -1575.96 1702.41
24690 -1575.33 1702.18
24720 -1575.15 1701.85
24750 -1575.06 1702.52
24780 -1573.07 1702.07
24810 -1574.79 1700.4
24840 -1574.79 1700.29
24870 -1575.24 1700.29
24900 -1575.96 1700.29
24930 -1575.96 1700.18
24960 -1575.69 1699.51
24990 -1576.23 1698.84
25020 -1574.52 1700.51
25050 -1574.43 1701.18
25080 -1574.16 1701.29
25110 -1574.25 1702.96
25140 -1574.43 1703.41
25170 -1574.25 1702.85
25200 -1573.89 1702.96
25230 -1573.89 1702.96
25260 -1574.16 1702.63
25290 -1574.7 1701.96
25320 -1574.52 1703.52
25350 -1575.24 1704.52
25380 -1574.43 1705.08
25410 -1576.23 1705.52
25440 -1576.32 1704.97
25470 -1576.6 1705.08
25500 -1577.32 1705.41
25530 -1577.32 1705.52
25560 -1576.87 1705.19
25590 -1577.14 1704.52
25620 -1576.96 1704.52
25650 -1576.87 1704.85
25680 -1576.23 1704.85
25710 -1576.69 1704.74
25740 -1576.6 1704.74
25770 -1576.51 1704.74
25800 -1576.6 1704.97
25830 -1575.78 1703.96
25860 -1574.52 1703.96
25890 -1574.52 1703.52
25920 -1574.52 1703.18
25950 -1573.89 1703.41
25980 -1573.98 1702.96
26010 -1574.25 1702.63
26040 -1574.34 1702.52
26070 -1574.52 1702.18
26100 -1574.79 1702.07
26130 -1575.51 1702.07
26160 -1576.14 1701.51
26190 -1576.87 1700.85
26220 -1577.41 1700.4
26250 -1577.59 1700.51
26280 -1576.87 1701.18
26310 -1576.14 1701.18
26340 -1574.25 1701.07
26370 -1575.06 1700.07
26400 -1574.7 1701.74
26430 -1574.34 1702.07
26460 -1573.98 1702.41
26490 -1574.07 1702.63
26520 -1575.6 1701.96
26550 -1575.15 1704.07
26580 -1575.06 1704.85
26610 -1575.33 1705.52
26640 -1575.6 1705.63
26670 -1575.69 1705.97
26700 -1575.78 1705.97
26730 -1575.78 1706.19
26760 -1576.05 1705.97
26790 -1576.23 1705.86
26820 -1576.23 1705.97
26850 -1576.32 1706.97
26880 -1576.42 1707.3
26910 -1576.87 1707.97
26940 -1577.41 1708.08
26970 -1578.58 1708.97
27000 -1578.67 1709.97
27030 -1579.31 1710.53
27060 -1579.22 1709.42
27090 -1577.77 1708.08
27120 -1576.69 1706.86
27150 -1575.69 1705.52
27180 -1574.25 1704.19
27210 -1573.43 1703.85
27240 -1573.34 1702.85
27270 -1573.8 1702.63
27300 -1573.8 1702.96
27330 -1574.7 1704.07
27360 -1576.23 1704.52
27390 -1578.04 1704.85
27420 -1578.67 1705.19
27450 -1578.31 1704.85
27480 -1577.41 1703.85
27510 -1575.78 1703.52
27540 -1576.69 1703.41
27570 -1575.96 1703.41
27600 -1575.24 1701.96
27630 -1574.7 1702.29
27660 -1574.25 1702.18
27690 -1573.89 1702.29
27720 -1573.98 1702.18
27750 -1574.16 1701.85
27780 -1574.88 1702.96
27810 -1575.06 1702.96
27840 -1575.33 1702.63
27870 -1575.87 1701.96
27900 -1576.6 1699.18
27930 -1577.23 1696.28
27960 -1577.32 1694.95
27990 -1577.23 1693.5
28020 -1575.96 1690.94
28050 -1574.79 1688.38
28080 -1574.88 1690.61
28110 -1573.98 1689.49
28140 -1574.16 1692.83
28170 -1575.6 1695.28
28200 -1576.14 1697.06
28230 -1576.42 1696.73
28260 -1575.96 1694.28
28290 -1575.06 1693.61
28320 -1574.88 1693.05
28350 -1574.97 1692.28
28380 -1575.06 1691.72
28410 -1576.69 1698.62
28440 -1576.87 1699.84
28470 -1576.14 1699.4
28500 -1575.69 1698.62
28530 -1576.23 1695.73
28560 -1577.14 1692.61
28590 -1577.68 1690.16
28620 -1577.77 1689.38
28650 -1577.23 1690.83
28680 -1576.23 1694.61
28710 -1575.96 1697.06
28740 -1575.51 1698.62
28770 -1576.05 1699.51
28800 -1576.6 1701.4
28830 -1576.87 1702.41
28860 -1577.23 1700.18
28890 -1576.42 1699.84
28920 -1576.6 1699.51
28950 -1577.05 1700.96
28980 -1576.87 1702.07
29010 -1576.6 1700.85
29040 -1575.42 1699.96
29070 -1576.51 1701.07
29100 -1577.14 1702.52
29130 -1576.42 1702.52
29160 -1573.43 1701.18
29190 -1572.62 1701.85
29220 -1573.07 1702.29
29250 -1572.62 1700.29
29280 -1572.35 1698.73
29310 -1573.34 1701.29
29340 -1572.8 1699.29
29370 -1572.8 1699.18
29400 -1574.43 1699.96
29430 -1574.88 1699.4
29460 -1573.89 1701.29
29490 -1574.52 1703.96
29520 -1575.51 1707.53
29550 -1575.96 1705.3
29580 -1576.69 1705.52
29610 -1574.16 1699.07
29640 -1573.34 1695.28
29670 -1575.69 1693.17
29700 -1578.04 1696.39
29730 -1579.4 1698.4
29760 -1579.67 1698.95
29790 -1579.31 1697.62
29820 -1579.49 1696.17
29850 -1579.49 1696.84
29880 -1579.67 1696.51
29910 -1579.85 1698.4
29940 -1579.22 1700.74
29970 -1578.76 1701.85
30000 -1578.85 1702.63
30030 -1578.22 1702.74
30060 -1577.77 1701.85
30090 -1577.5 1701.07
30120 -1576.78 1701.74
30150 -1576.51 1700.29
30180 -1575.69 1699.07
30210 -1575.24 1698.95
30240 -1575.51 1700.4
30270 -1574.97 1701.4
30300 -1574.43 1696.62
30330 -1577.5 1702.74
30360 -1576.78 1705.74
30390 -1576.51 1706.64
30420 -1576.6 1706.86
30450 -1575.15 1706.08
30480 -1574.34 1705.41
30510 -1573.43 1704.41
30540 -1573.53 1704.41
30570 -1574.34 1703.63
30600 -1574.43 1703.63
30630 -1574.25 1704.41
30660 -1574.88 1705.08
30690 -1575.24 1705.97
30720 -1575.33 1705.52
30750 -1575.15 1705.63
30780 -1574.88 1705.86
30810 -1574.97 1705.97
30840 -1575.15 1706.08
30870 -1574.7 1706.41
30900 -1575.69 1707.3
30930 -1575.51 1707.75
30960 -1575.78 1708.3
30990 -1575.87 1707.97
31020 -1575.51 1708.3
31050 -1575.42 1708.08
31080 -1575.33 1707.97
31110 -1575.87 1707.08
31140 -1576.23 1706.64
31170 -1576.51 1706.19
31200 -1576.42 1706.64
31230 -1576.23 1706.64
31260 -1575.69 1706.52
31290 -1575.24 1706.3
31320 -1574.7 1705.97
31350 -1574.79 1705.97
31380 -1574.61 1705.97
31410 -1574.43 1707.75
31440 -1573.71 1709.2
31470 -1573.71 1708.97
31500 -1574.7 1706.86
31530 -1575.24 1706.64
31560 -1575.15 1706.3
31590 -1574.25 1705.3
31620 -1573.8 1704.41
31650 -1573.89 1704.97
31680 -1571.99 1702.85
31710 -1572.26 1702.52
31740 -1572.35 1702.85
31770 -1573.16 1703.41
31800 -1571.81 1702.29
31830 -1574.61 1704.07
31860 -1580.84 1708.53
31890 -1576.32 1704.85
31920 -1577.14 1704.74
31950 -1577.32 1705.08
31980 -1578.85 1705.52
32010 -1577.5 1704.3
32040 -1577.41 1704.52
32070 -1576.96 1702.96
32100 -1576.96 1702.52
32130 -1577.05 1702.18
32160 -1577.23 1702.52
32190 -1577.23 1701.51
32220 -1577.59 1701.51
32250 -1577.41 1701.74
32280 -1578.04 1703.07
32310 -1577.41 1704.97
32340 -1576.78 1705.97
32370 -1576.6 1706.19
32400 -1579.31 1707.08
32430 -1577.95 1706.75
32460 -1579.49 1707.08
32490 -1581.02 1707.86
32520 -1581.11 1707.3
32550 -1580.57 1706.41
32580 -1580.48 1706.3
32610 -1580.12 1705.97
32640 -1579.94 1704.3
32670 -1579.58 1703.74
32700 -1578.85 1703.85
32730 -1576.87 1703.74
32760 -1574.25 1704.97
32790 -1573.25 1705.41
32820 -1573.25 1705.52
32850 -1576.23 1705.3
32880 -1576.51 1704.41
32910 -1577.23 1704.52
32940 -1577.41 1704.97
32970 -1577.32 1704.52
33000 -1577.23 1704.19
33030 -1576.96 1703.63
33060 -1576.78 1703.3
33090 -1576.6 1701.85
33120 -1576.23 1701.07
33150 -1576.69 1701.63
33180 -1576.14 1701.74
33210 -1575.69 1702.29
33240 -1575.6 1702.52
33270 -1575.33 1703.3
33300 -1575.42 1703.74
33330 -1575.51 1704.07
33360 -1575.87 1704.3
33390 -1575.78 1704.3
33420 -1575.96 1704.3
33450 -1576.14 1704.41
33480 -1576.32 1704.52
33510 -1576.32 1704.74
33540 -1576.05 1704.85
33570 -1575.78 1705.08
33600 -1575.96 1704.85
33630 -1576.42 1704.97
33660 -1576.32 1704.85
33690 -1576.42 1704.85
33720 -1576.78 1705.19
33750 -1576.42 1705.19
33780 -1576.32 1705.3
33810 -1576.69 1704.74
33840 -1575.78 1703.18
33870 -1575.51 1702.52
33900 -1574.52 1701.96
33930 -1574.43 1702.18
33960 -1574.25 1702.18
33990 -1574.16 1701.74
34020 -1575.06 1701.51
34050 -1575.6 1702.41
34080 -1575.15 1702.63
34110 -1575.87 1703.3
34140 -1574.61 1702.29
34170 -1574.61 1701.63
34200 -1574.25 1701.07
34230 -1574.52 1701.07
34260 -1574.7 1701.51
34290 -1575.42 1702.41
34320 -1576.05 1702.96
34350 -1576.6 1702.52
34380 -1576.69 1701.63
34410 -1577.68 1702.29
34440 -1578.13 1702.29
34470 -1577.86 1702.07
34500 -1577.32 1702.07
34530 -1577.32 1702.85
34560 -1576.87 1703.18
34590 -1576.6 1703.41
34620 -1576.6 1703.74
34650 -1576.51 1703.85
34680 -1576.69 1703.85
34710 -1576.87 1703.96
34740 -1577.5 1704.3
34770 -1577.5 1704.41
34800 -1576.96 1704.07
34830 -1577.32 1704.74
34860 -1577.23 1704.74
34890 -1577.77 1705.52
34920 -1576.78 1705.86
34950 -1577.23 1705.3
34980 -1577.05 1704.74
35010 -1576.96 1703.74
35040 -1577.32 1703.63
35070 -1577.23 1703.74
35100 -1576.78 1703.85
35130 -1577.41 1704.3
35160 -1577.23 1703.96
35190 -1576.96 1704.07
35220 -1576.6 1704.85
35250 -1578.13 1704.74
35280 -1579.49 1705.19
35310 -1579.31 1705.97
35340 -1578.76 1705.3
35370 -1579.58 1705.52
35400 -1579.94 1705.41
35430 -1578.4 1705.86
35460 -1578.22 1705.97
35490 -1579.76 1704.3
35520 -1580.3 1702.85
35550 -1580.57 1702.29
35580 -1579.58 1703.07
35610 -1579.03 1702.96
35640 -1578.76 1702.18
35670 -1579.22 1701.96
35700 -1579.31 1701.96
35730 -1581.11 1700.07
35760 -1581.2 1699.29
35790 -1582.83 1696.39
35820 -1581.11 1697.4
35850 -1579.76 1699.07
35880 -1579.22 1699.84
35910 -1578.22 1699.51
35940 -1576.6 1699.29
35970 -1577.23 1700.07
36000 -1577.05 1700.51
36030 -1576.96 1700.74
36060 -1574.97 1701.63
36090 -1571.72 1700.18
36120 -1573.98 1703.96
36150 -1576.42 1703.07
36180 -1576.14 1704.3
36210 -1576.96 1704.41
36240 -1576.6 1702.85
36270 -1575.96 1702.18
36300 -1574.61 1703.18
36330 -1574.16 1703.3
36360 -1574.43 1702.41
36390 -1574.43 1702.74
36420 -1574.7 1703.07
36450 -1574.43 1702.96
36480 -1574.61 1702.85
36510 -1574.97 1702.96
36540 -1575.33 1703.85
36570 -1575.33 1702.41
36600 -1575.51 1701.74
36630 -1575.87 1702.07
36660 -1576.23 1702.96
36690 -1576.96 1704.74
36720 -1577.14 1706.3
36750 -1575.87 1703.3
36780 -1575.87 1703.3
36810 -1575.15 1701.07
36840 -1575.42 1701.07
36870 -1575.42 1701.74
36900 -1574.52 1700.29
36930 -1574.16 1699.73
36960 -1573.34 1698.73
36990 -1579.22 1709.86
37020 -1585.99 1725.89
37050 -1582.47 1719.88
37080 -1580.75 1715.43
37110 -1575.6 1704.19
37140 -1576.05 1704.19
37170 -1578.76 1708.97
37200 -1579.31 1709.75
37230 -1579.12 1708.97
37260 -1578.76 1707.64
37290 -1576.42 1703.3
37320 -1575.24 1701.29
37350 -1576.69 1703.85
37380 -1577.68 1705.19
37410 -1578.49 1706.97
37440 -1576.96 1704.07
37470 -1575.06 1698.29
37500 -1576.78 1702.41
37530 -1578.67 1704.63
37560 -1578.94 1705.63
37590 -1579.76 1705.97
37620 -1579.67 1705.97
37650 -1581.56 1707.19
37680 -1581.38 1706.3
37710 -1583.73 1708.86
37740 -1581.56 1707.86
37770 -1580.39 1706.75
37800 -1579.22 1704.97
37830 -1578.49 1704.63
37860 -1578.4 1706.86
37890 -1578.49 1705.63
37920 -1578.49 1705.97
37950 -1578.31 1705.97
37980 -1578.58 1706.97
38010 -1578.4 1706.75
38040 -1578.76 1707.75
38070 -1578.49 1707.19
38100 -1578.04 1706.41
38130 -1577.59 1706.41
38160 -1577.77 1706.64
38190 -1577.23 1706.64
38220 -1576.78 1706.86
38250 -1577.23 1706.86
38280 -1578.13 1707.41
38310 -1579.03 1705.08
38340 -1583.01 1708.64
38370 -1577.68 1693.94
38400 -1576.6 1693.28
38430 -1576.87 1694.17
38460 -1576.23 1695.06
38490 -1576.6 1695.61
38520 -1574.7 1697.4
38550 -1576.78 1701.96
38580 -1574.34 1699.84
38610 -1577.59 1702.74
38640 -1581.74 1709.86
38670 -1578.13 1705.3
38700 -1573.98 1702.52
38730 -1571.63 1701.29
38760 -1570.36 1701.51
38790 -1570.36 1702.41
38820 -1570.09 1703.07
38850 -1569.73 1702.85
38880 -1570 1703.41
38910 -1570.18 1704.41
38940 -1569.28 1704.63
38970 -1572.89 1705.3
39000 -1575.06 1705.08
39030 -1575.15 1704.3
39060 -1575.24 1704.3
39090 -1574.79 1703.63
39120 -1574.61 1702.63
39150 -1574.88 1700.51
39180 -1575.69 1698.51
39210 -1575.6 1699.84
39240 -1576.14 1701.29
39270 -1575.42 1702.41
39300 -1575.69 1704.41
39330 -1575.78 1703.07
39360 -1576.23 1704.07
39390 -1574.43 1706.75
39420 -1574.88 1704.97
39450 -1576.32 1703.18
39480 -1572.08 1696.95
39510 -1568.11 1695.28
39540 -1570.91 1698.17
39570 -1569.73 1694.95
39600 -1571.45 1698.29
39630 -1573.34 1703.41
39660 -1575.51 1709.2
39690 -1574.43 1708.64
39720 -1574.7 1707.86
39750 -1571.63 1698.29
39780 -1569.91 1697.4
39810 -1569.82 1697.95
39840 -1571.27 1700.85
39870 -1572.44 1700.96
39900 -1572.62 1698.95
39930 -1573.89 1698.84
39960 -1573.34 1699.96
39990 -1573.16 1700.85
40020 -1573.34 1700.74
40050 -1573.62 1700.85
40080 -1573.53 1702.07
40110 -1574.34 1702.96
40140 -1574.34 1703.85
40170 -1573.89 1704.74
40200 -1573.62 1705.52
40230 -1573.25 1705.97
40260 -1572.62 1706.64
40290 -1572.08 1706.52
40320 -1575.42 1704.85
40350 -1579.94 1699.84
40380 -1581.02 1698.17
40410 -1579.76 1701.4
40440 -1576.6 1702.74
40470 -1574.25 1704.19
40500 -1573.53 1705.52
40530 -1572.89 1706.41
40560 -1571.99 1709.97
40590 -1571.45 1711.09
40620 -1571.63 1710.42
40650 -1572.62 1710.09
40680 -1574.43 1706.86
40710 -1575.15 1704.85
40740 -1572.98 1706.64
40770 -1571.36 1709.86
40800 -1571.54 1710.09
40830 -1578.13 1700.29
40860 -1576.42 1697.73
40890 -1576.87 1694.5
40920 -1573.8 1697.95
40950 -1574.25 1701.63
40980 -1575.69 1698.29
41010 -1573.71 1701.29
41040 -1573.71 1699.29
41070 -1572.71 1695.84
41100 -1572.53 1701.07
41130 -1571 1703.18
41160 -1571.27 1702.85
41190 -1571.09 1702.29
41220 -1570.91 1701.51
41250 -1571.54 1702.85
41280 -1573.07 1703.52
41310 -1571.81 1702.41
41340 -1572.53 1703.74
41370 -1573.25 1703.85
41400 -1571.27 1702.85
41430 -1570.91 1701.74
41460 -1570.36 1700.29
41490 -1572.53 1704.52
41520 -1571.63 1703.85
41550 -1572.8 1705.3
41580 -1573.16 1705.52
41610 -1572.71 1704.63
41640 -1576.14 1708.97
41670 -1572.62 1703.85
41700 -1574.16 1702.74
41730 -1572.8 1703.18
41760 -1573.16 1703.18
41790 -1583.28 1695.84
41820 -1588.88 1699.62
41850 -1585.18 1693.17
41880 -1582.83 1694.61
41910 -1585.72 1696.28
41940 -1580.39 1697.06
41970 -1580.66 1699.07
42000 -1581.92 1699.96
42030 -1580.93 1701.07
42060 -1581.2 1702.63
42090 -1581.56 1702.96
42120 -1581.38 1702.18
42150 -1580.39 1702.29
42180 -1579.76 1702.29
