0 -159.708 24.0771
30 -187.02 44.4928
60 -211.339 59.8285
90 -244.62 82.3136
120 -273.326 98.1854
150 -306.924 117.083
180 -339.1 138.456
210 -368.51 155.085
240 -403.372 167.152
270 -427.768 183.483
300 -458.882 198.14
330 -505.728 217.961
360 -545.863 246.95
390 -578.127 267.79
420 -609.015 287.826
450 -642.971 320.58
480 -674.08 339.349
510 -694.755 321.405
540 -721.428 298.931
570 -748.179 268.499
600 -776.558 241.646
630 -811.49 237.595
660 -846.115 233.836
690 -874.129 249.778
720 -899.667 271.836
750 -932.797 268.746
780 -954.69 266.656
810 -968.245 266.025
840 -973.226 269.676
870 -972.106 273.205
900 -977.044 283.279
930 -981.374 286.211
960 -980.892 282.139
990 -976.867 274.302
1020 -976.532 262.33
1050 -977.887 255.458
1080 -977.349 256.619
1110 -976.481 259.952
1140 -974.795 261.281
1170 -973.108 262.61
1200 -974.644 260.663
1230 -969.359 256.253
1260 -962.645 251.85
1290 -955.931 247.446
1320 -950.346 243.735
1350 -954.921 246.253
1380 -959.962 249.44
1410 -971.527 261.984
1440 -979.422 267.305
1470 -968.718 270.03
1500 -968.087 272.467
1530 -964.628 263.342
1560 -978.79 268.446
1590 -975.151 259.608
1620 -974.986 264.103
1650 -975.703 270.684
1680 -976.663 272.418
1710 -977.322 271.368
1740 -977.713 270.576
1770 -978.104 269.784
1800 -978.495 268.992
1830 -978.886 268.2
1860 -979.277 267.408
1890 -979.509 268.72
1920 -979.124 276.045
1950 -979.051 275.594
1980 -978.978 275.142
2010 -978.905 274.691
2040 -978.831 274.24
2070 -976.609 276.62
2100 -976.054 281.199
2130 -988.439 281.869
2160 -977.67 274.412
2190 -975.502 271.005
2220 -973.335 267.599
2250 -971.167 264.193
2280 -974.557 258.602
2310 -982.195 266.879
2340 -973.783 267.862
2370 -976.442 290.014
2400 -977.887 264.411
2430 -972.016 274.318
2460 -977.736 311.016
2490 -961.935 264.307
2520 -962.558 264.904
2550 -963.18 265.501
2580 -963.803 266.098
2610 -964.425 266.695
2640 -965.048 267.292
2670 -965.671 267.889
2700 -966.293 268.485
2730 -966.479 268.398
2760 -965.91 267.129
2790 -965.341 265.86
2820 -964.781 264.317
2850 -964.819 262.219
2880 -965.965 266.682
2910 -969.5 268.021
2940 -965.674 270.731
2970 -958.017 266.748
3000 -958.017 266.748
3030 -958.017 266.748
3060 -958.017 266.748
3090 -958.017 266.748
3120 -958.017 266.748
3150 -958.017 266.748
3180 -958.017 266.748
3210 -958.017 266.748
3240 -958.017 266.748
3270 -958.017 266.748
3300 -958.017 266.748
3330 -958.017 266.748
3360 -958.017 266.748
3390 -958.017 266.748
3420 -958.017 266.748
3450 -958.017 266.748
3480 -958.017 266.748
3510 -958.017 266.748
3540 -958.017 266.748
3570 -958.017 266.748
3600 -958.017 266.748
3630 -960.539 266.334
3660 -960.368 265.996
3690 -960.196 265.658
3720 -959.041 264.967
3750 -958.469 264.633
3780 -958.469 264.633
3810 -958.469 264.633
3840 -958.469 264.633
3870 -958.469 264.633
3900 -958.469 264.633
3930 -958.469 264.633
3960 -958.469 264.633
3990 -958.469 264.633
4020 -958.469 264.633
4050 -958.469 264.633
4080 -958.469 264.633
4110 -958.469 264.633
4140 -967.52 264.312
4170 -966.214 264.9
4200 -964.909 265.489
4230 -963.603 266.077
4260 -962.298 266.665
4290 -960.992 267.254
4320 -959.686 267.842
4350 -959.682 267.926
4380 -959.722 267.992
4410 -959.763 268.059
4440 -959.803 268.125
4470 -959.844 268.192
4500 -959.884 268.258
4530 -959.628 268.552
4560 -958.556 269.469
4590 -957.484 270.386
4620 -956.662 271.09
4650 -956.662 271.09
4680 -956.662 271.09
4710 -956.662 271.09
4740 -956.662 271.09
4770 -956.662 271.09
4800 -956.662 271.09
4830 -956.662 271.09
4860 -956.662 271.09
4890 -956.662 271.09
4920 -956.662 271.09
4950 -956.662 271.09
4980 -956.662 271.09
5010 -956.662 271.09
5040 -960.644 270.338
5070 -959.902 269.981
5100 -959.16 269.623
5130 -959.008 269.193
5160 -959.629 268.67
5190 -960.249 268.147
5220 -960.666 268.284
5250 -961.074 268.875
5280 -961.787 269.878
5310 -962.501 270.881
5340 -963.215 271.885
5370 -963.928 272.888
5400 -964.642 273.891
5430 -965.355 274.894
5460 -966.069 275.898
5490 -966.643 276.74
5520 -966.311 276.535
5550 -965.978 276.33
5580 -965.646 276.125
5610 -965.313 275.92
5640 -964.981 275.715
5670 -964.881 275.654
5700 -964.881 275.654
5730 -964.881 275.654
5760 -964.881 275.654
5790 -964.881 275.654
5820 -964.881 275.654
5850 -964.881 275.654
5880 -964.881 275.654
5910 -964.881 275.654
5940 -964.881 275.654
5970 -964.881 275.654
6000 -967.094 279.55
6030 -961.318 275.683
6060 -956.286 272.204
6090 -957.943 272.218
6120 -959.599 272.231
6150 -961.255 272.245
6180 -962.912 272.258
6210 -964.568 272.272
6240 -966.225 272.285
6270 -967.881 272.299
6300 -969.537 272.312
6330 -966.482 271.103
6360 -962.701 269.705
6390 -958.92 268.307
6420 -956.868 267.872
6450 -954.816 267.437
6480 -952.764 267.003
6510 -950.712 266.568
6540 -948.659 266.133
6570 -949.493 266.219
6600 -955.312 267.205
6630 -959.767 267.721
6660 -961.493 267.301
6690 -963.219 266.88
6720 -964.945 266.46
6750 -966.671 266.039
6780 -963.64 265.969
6810 -959.658 265.969
6840 -958.198 265.969
6870 -958.198 265.969
6900 -958.198 265.969
6930 -958.198 265.969
6960 -958.198 265.969
6990 -958.198 265.969
7020 -958.198 265.969
7050 -958.198 265.969
7080 -958.198 265.969
7110 -958.198 265.969
7140 -958.198 265.969
7170 -963.888 266.761
7200 -963.888 265.907
7230 -963.888 265.053
7260 -963.888 264.198
7290 -963.824 265.145
7320 -963.515 267.779
7350 -962.074 267.992
7380 -960.716 267.998
7410 -959.44 267.723
7440 -958.806 266.533
7470 -961.335 266.589
7500 -963.188 266.602
7530 -960.648 266.341
7560 -958.107 266.081
7590 -958.785 265.094
7620 -959.431 265.315
7650 -960.049 266.592
7680 -960.667 267.87
7710 -961.285 269.147
7740 -961.904 270.425
7770 -961.63 269.865
7800 -960.673 267.901
7830 -959.717 265.936
7860 -959.83 265.398
7890 -960.332 265.377
7920 -960.834 265.356
7950 -961.335 265.336
7980 -961.837 265.315
8010 -961.969 265.468
8040 -961.361 265.967
8070 -960.754 266.466
8100 -960.146 266.966
8130 -960.205 267.149
8160 -960.467 267.236
8190 -960.729 267.323
8220 -960.99 267.41
8250 -961.252 267.497
8280 -961.514 267.584
8310 -961.776 267.67
8340 -962.038 267.757
8370 -962.3 267.844
8400 -961.958 268.226
8430 -961.466 268.681
8460 -961.368 268.959
8490 -961.534 269.118
8520 -961.7 269.277
8550 -961.866 269.436
8580 -962.032 269.595
8610 -962.157 269.456
8640 -962.269 269.192
8670 -962.491 269.028
8700 -962.714 268.863
8730 -962.714 268.863
8760 -962.714 268.863
8790 -962.714 268.863
8820 -962.714 268.863
8850 -962.714 268.863
8880 -962.714 268.863
8910 -962.714 268.863
8940 -962.714 268.863
8970 -962.714 268.863
9000 -962.714 268.863
9030 -962.714 268.863
9060 -962.714 268.863
9090 -962.714 268.863
9120 -962.714 268.863
9150 -962.714 268.863
9180 -962.714 268.863
9210 -962.714 268.863
9240 -962.714 268.863
9270 -962.714 268.863
9300 -962.714 268.863
9330 -962.714 268.863
9360 -962.714 268.863
9390 -958.185 265.64
9420 -957.217 266.219
9450 -956.249 266.798
9480 -955.282 267.378
9510 -957.192 268.697
9540 -959.308 270.07
9570 -960.778 270.804
9600 -961.602 270.901
9630 -962.86 271.108
9660 -965.853 271.756
9690 -968.846 272.404
9720 -968.14 271.792
9750 -968.506 272.755
9780 -968.872 273.717
9810 -969.238 274.68
9840 -969.176 275.973
9870 -968.787 277.518
9900 -968.398 279.064
9930 -968.009 280.609
9960 -967.62 282.155
9990 -967.231 283.7
10020 -967.341 281.04
10050 -968.647 269.66
10080 -970.106 263.751
10110 -969.011 263.928
10140 -967.523 265.042
10170 -966.036 266.155
10200 -965.396 267.858
10230 -965.724 270.236
10260 -965.231 271.88
10290 -962.478 271.503
10320 -960.325 270.551
10350 -960.574 267.299
10380 -960.824 264.048
10410 -962.166 263.61
10440 -964.054 264.58
10470 -965.942 265.549
10500 -967.83 266.519
10530 -969.717 267.488
10560 -969.567 267.804
10590 -967.377 267.467
10620 -965.188 267.13
10650 -964.002 267.159
10680 -966.833 268.654
10710 -969.664 270.149
10740 -967.945 269.703
10770 -965.548 269.255
10800 -962.035 268.75
10830 -960.169 267.488
10860 -961.848 269.987
10890 -964.607 273.63
10920 -965.723 275.103
10950 -966.721 276.421
10980 -966.967 273.572
11010 -966.414 265.337
11040 -970.311 269.197
11070 -970.409 272.137
11100 -969.713 273.761
11130 -969.017 275.386
11160 -968.198 276.123
11190 -967.342 276.589
11220 -966.485 277.056
11250 -965.628 277.522
11280 -964.728 277.62
11310 -963.686 276.507
11340 -963.66 276.218
11370 -963.707 275.988
11400 -963.417 273.066
11430 -963.262 270.692
11460 -963.988 271.885
11490 -964.195 272.396
11520 -962.979 271.033
11550 -962.428 270.274
11580 -962.262 269.865
11610 -962.096 269.456
11640 -962.133 269.022
11670 -962.421 268.284
11700 -962.506 267.761
11730 -962.605 268.421
11760 -963.152 268.975
11790 -963.733 270.645
11820 -964.078 271.414
11850 -963.777 269.707
11880 -963.476 268
11910 -963.165 266.665
11940 -963.075 267.132
11970 -964.161 270.114
12000 -965.375 271.364
12030 -965.085 271.007
12060 -964.795 270.65
12090 -964.505 270.293
12120 -964.216 269.936
12150 -963.926 269.578
12180 -963.636 269.221
12210 -963.827 269.977
12240 -966.222 274.424
12270 -966.879 276.336
12300 -963.267 271.396
12330 -959.936 265.436
12360 -960.773 265.166
12390 -965.386 277.712
12420 -965.61 276.678
12450 -965.519 274.674
12480 -964.813 273.15
12510 -964.063 271.66
12540 -963.611 270.516
12570 -963.28 269.803
12600 -963.034 269.985
12630 -962.894 270.522
12660 -962.756 271.451
12690 -961.375 271.724
12720 -959.994 271.997
12750 -958.613 272.27
12780 -957.232 272.543
12810 -955.851 272.815
12840 -954.469 273.088
12870 -953.088 273.361
12900 -951.707 273.634
12930 -952.096 273.285
12960 -954.034 272.392
12990 -955.971 271.499
13020 -957.909 270.606
13050 -959.847 269.713
13080 -961.784 268.819
13110 -962.172 268.641
13140 -962.172 268.641
13170 -962.172 268.641
13200 -962.172 268.641
13230 -962.172 268.641
13260 -962.172 268.641
13290 -962.172 268.641
13320 -962.172 268.641
13350 -962.172 268.641
13380 -962.172 268.641
13410 -962.172 268.641
13440 -962.172 268.641
13470 -962.172 268.641
13500 -962.172 268.641
13530 -968.133 266.303
13560 -968.133 266.303
13590 -968.133 266.303
13620 -968.133 266.303
13650 -968.133 266.303
13680 -968.133 266.303
13710 -968.133 266.303
13740 -968.133 266.303
13770 -968.133 266.303
13800 -968.133 266.303
13830 -968.133 266.303
13860 -956.969 273.427
13890 -954.179 269.879
13920 -955.716 270.57
13950 -954.726 274.872
13980 -954.625 274.551
14010 -954.794 272.821
14040 -954.963 271.092
14070 -955.173 269.452
14100 -956.553 270.397
14130 -957.716 271.379
14160 -958.279 272.463
14190 -958.842 273.547
14220 -960.275 273.786
14250 -961.64 273.168
14280 -962.894 272.426
14310 -963.572 272.175
14340 -964.249 271.925
14370 -964.926 271.674
14400 -965.604 271.424
14430 -966.281 271.173
14460 -966.958 270.923
14490 -967.41 270.756
14520 -967.41 270.756
14550 -967.41 270.756
14580 -967.41 270.756
14610 -967.41 270.756
14640 -967.41 270.756
14670 -967.41 270.756
14700 -967.41 270.756
14730 -967.41 270.756
14760 -967.41 270.756
14790 -967.41 270.756
14820 -966.124 266.583
14850 -965.231 266.25
14880 -964.339 265.917
14910 -963.446 265.585
14940 -962.553 265.252
14970 -961.66 264.919
15000 -960.767 264.586
15030 -959.875 264.254
15060 -959.902 264.7
15090 -965.906 270.205
15120 -969.605 272.064
15150 -973.048 273.518
15180 -975.595 274.492
15210 -965.604 268.752
15240 -975.062 272.092
15270 -982.73 274.943
15300 -981.445 275.357
15330 -980.161 275.77
15360 -978.876 276.183
15390 -972.743 270.993
15420 -968.775 267.812
15450 -968.574 268.245
15480 -968.373 268.678
15510 -968.173 269.111
15540 -967.815 267.951
15570 -967.417 266.392
15600 -967.039 265.565
15630 -966.707 266.444
15660 -966.374 267.323
15690 -966.041 268.201
15720 -965.189 268.562
15750 -963.819 268.405
15780 -962.448 268.248
15810 -961.048 267.329
15840 -959.633 266.028
15870 -958.219 264.728
15900 -956.804 263.428
15930 -955.632 264.06
15960 -954.487 264.906
15990 -956.644 266.038
16020 -960.941 267.82
16050 -962.959 269.421
16080 -964.457 270.875
16110 -965.955 272.329
16140 -965.497 272.223
16170 -964.899 272.006
16200 -964.86 272.099
16230 -965.786 272.727
16260 -966.712 273.355
16290 -967.639 273.983
16320 -969.036 274.407
16350 -968.683 273.906
16380 -962.994 271.791
16410 -957.218 269.014
16440 -952.189 265.464
16470 -951.901 265.772
16500 -951.612 266.08
16530 -951.324 266.388
16560 -951.036 266.696
16590 -948.269 265.301
16620 -943.217 262.17
16650 -953.664 265.301
16680 -971.692 272.504
16710 -976.589 275.583
16740 -978.232 276.899
16770 -979.874 278.214
16800 -981.516 279.53
16830 -981.68 279.661
16860 -981.68 279.661
16890 -981.68 279.661
16920 -981.68 279.661
16950 -981.68 279.661
16980 -981.68 279.661
17010 -981.68 279.661
17040 -981.68 279.661
17070 -981.68 279.661
17100 -981.68 279.661
17130 -981.68 279.661
17160 -981.68 279.661
17190 -958.442 265.319
17220 -943.723 258.821
17250 -949.609 262.316
17280 -958.665 267.348
17310 -963.261 269.84
17340 -962.024 269.01
17370 -960.787 268.179
17400 -959.549 267.349
17430 -958.312 266.519
17460 -957.075 265.689
17490 -958.641 266.208
17520 -960.685 267.148
17550 -960.188 267.392
17580 -959.692 267.637
17610 -959.195 267.882
17640 -958.698 268.127
17670 -958.202 268.372
17700 -957.705 268.616
17730 -956.616 268.69
17760 -955.462 268.745
17790 -956.856 269.368
17820 -958.086 269.684
17850 -958.013 269.079
17880 -957.94 268.473
17910 -957.867 267.868
17940 -957.795 267.263
17970 -957.742 266.815
18000 -957.73 266.682
18030 -957.718 266.549
18060 -957.706 266.416
18090 -957.694 266.283
18120 -957.682 266.15
18150 -957.67 266.017
18180 -957.658 265.885
18210 -957.34 264.436
18240 -958.613 265.902
18270 -958.786 264.933
18300 -958.635 264.443
18330 -954.464 263.017
18360 -950.293 261.592
18390 -947.37 260.721
18420 -950.681 262.63
18450 -953.357 264.002
18480 -947.133 257.864
18510 -951.008 261.948
18540 -956.904 268.077
18570 -962.799 274.205
18600 -952.918 261.662
18630 -953.456 260.246
18660 -963.039 268.863
18690 -960.209 264.04
18720 -955.655 256.944
18750 -944.674 253.516
18780 -933.693 250.089
18810 -922.99 244.819
18840 -912.497 238.14
18870 -925.963 247.814
18900 -936.16 255.684
18930 -949.654 263.565
18960 -955.087 264.638
18990 -952.431 260.68
19020 -947.144 260.11
19050 -948.656 261.047
19080 -948.891 261.7
19110 -950.318 261.863
19140 -952.539 261.699
19170 -956.081 264.379
19200 -960.634 269.233
19230 -965.187 274.087
19260 -970.885 282.714
19290 -956.87 266.526
19320 -953.038 264.615
19350 -955.304 265.344
19380 -962.094 271.551
19410 -957.077 267.582
19440 -955.585 266.098
19470 -956.678 266.625
19500 -967.984 275.3
19530 -980.628 285.149
19560 -977.331 283.258
19590 -974.034 281.367
19620 -972.45 279.127
19650 -972.81 277.491
19680 -971.687 277.157
19710 -970.565 276.823
19740 -969.442 276.489
19770 -968.32 276.155
19800 -965.656 276.189
19830 -963.978 275.281
19860 -963.31 274.342
19890 -964.531 274.012
19920 -965.753 273.683
19950 -965.875 272.791
19980 -965.092 272.24
20010 -965.32 271.739
20040 -965.897 271.287
20070 -965.948 270.972
20100 -963.255 269.507
20130 -961.382 268.63
20160 -962.014 269.084
20190 -962.645 269.538
20220 -963.215 269.989
20250 -962.011 270.36
20280 -961.978 270.937
20310 -960.554 271.805
20340 -959.015 272.69
20370 -957.475 273.576
20400 -955.936 274.461
20430 -960.241 276.401
20460 -963.053 276.262
20490 -964.544 275.522
20520 -966.035 274.783
20550 -967.526 274.043
20580 -969.018 273.303
20610 -971.967 275.438
20640 -971.716 275.873
20670 -969.996 275.392
20700 -968.277 274.91
20730 -967.907 274.87
20760 -968.263 274.322
20790 -962.215 270.386
20820 -959.671 270.262
20850 -960.631 273.949
20880 -960.553 272.229
20910 -960.858 270.989
20940 -961.245 269.316
20970 -961.185 268.147
21000 -961.528 269.1
21030 -961.81 270.422
21060 -961.373 270.099
21090 -961.592 270.267
21120 -961.832 270.453
21150 -962.073 270.638
21180 -961.836 270.443
21210 -962.152 271.272
21240 -961.549 270.066
21270 -961.175 266.829
21300 -961.034 266.387
21330 -962.244 268.351
21360 -963.725 270.578
21390 -964.452 271.737
21420 -965.613 273.128
21450 -965.181 272.679
21480 -966.178 274.131
21510 -963.824 272.483
21540 -965.132 274.182
21570 -965.032 274.058
21600 -965.092 274.182
21630 -964.828 274.012
21660 -964.984 273.905
21690 -967.436 275.495
21720 -969.173 276.478
21750 -968.051 275.034
21780 -966.929 273.589
21810 -965.808 272.144
21840 -964.686 270.7
21870 -963.565 269.255
21900 -962.443 267.811
21930 -961.357 266.427
21960 -961.306 266.805
21990 -960.924 267.125
22020 -958.976 266.923
22050 -960.445 268.818
22080 -960.247 268.876
22110 -959.866 268.638
22140 -961.595 270.06
22170 -963.591 271.249
22200 -961.124 269.487
22230 -956.986 266.694
22260 -958.445 268.146
22290 -962.307 270.849
22320 -966.597 273.879
22350 -966.392 273.32
22380 -963.958 270.773
22410 -960.998 267.878
22440 -957.686 264.75
22470 -956.918 264.626
22500 -958.288 267.194
22530 -954.69 264.361
22560 -961.48 269.773
22590 -961.885 269.466
22620 -962.29 269.159
22650 -957.276 265.568
22680 -953.167 262.446
22710 -958.536 265.747
22740 -953.748 262.474
22770 -955.351 263.98
22800 -956.954 265.485
22830 -955.555 265.241
22860 -953.823 264.803
22890 -956.861 266.659
22920 -960.77 268.907
22950 -957.942 266.511
22980 -958.472 266.852
23010 -959.518 267.614
23040 -958.71 266.827
23070 -957.839 265.987
23100 -956.967 265.148
23130 -956.096 264.308
23160 -955.224 263.468
23190 -955.656 263.663
23220 -959.672 266.705
23250 -961.378 267.645
23280 -959.621 265.434
23310 -957.863 263.222
23340 -957.43 264.01
23370 -957.38 264.169
23400 -957.522 263.767
23430 -957.663 263.365
23460 -957.805 262.963
23490 -957.947 262.561
23520 -958.089 262.159
23550 -956.893 261.197
23580 -952.959 259.455
23610 -955.669 261.95
23640 -958.378 264.444
23670 -957.087 262.588
23700 -954.718 259.817
23730 -955.982 261.221
23760 -957.246 262.625
23790 -958.511 264.029
23820 -959.775 265.434
23850 -961.04 266.838
23880 -962.133 268.153
23910 -957.239 266.002
23940 -950.301 262.092
23970 -950.177 261.099
24000 -954.78 262.91
24030 -959.383 264.721
24060 -960.067 263.576
24090 -957.629 260.632
24120 -961.769 264.476
24150 -963.311 265.687
24180 -961.882 263.888
24210 -960.453 262.09
24240 -956.572 259.402
24270 -953.78 258.506
24300 -958.407 262.521
24330 -955.983 263.664
24360 -956.422 264.558
24390 -957.434 265.403
24420 -958.446 266.248
24450 -959.458 267.093
24480 -960.47 267.938
24510 -961.178 268.529
24540 -961.178 268.529
24570 -961.178 268.529
24600 -961.178 268.529
24630 -961.178 268.529
24660 -961.178 268.529
24690 -961.178 268.529
24720 -961.178 268.529
24750 -961.178 268.529
24780 -961.178 268.529
24810 -961.178 268.529
24840 -961.178 268.529
24870 -961.178 268.529
24900 -961.178 268.529
24930 -961.178 268.529
24960 -961.178 268.529
24990 -961.178 268.529
25020 -957.891 269.254
25050 -957.845 268.457
25080 -957.799 267.66
25110 -957.753 266.864
25140 -957.707 266.067
25170 -957.66 265.27
25200 -957.824 265.563
25230 -958.011 265.978
25260 -958.198 266.392
25290 -958.385 266.807
25320 -958.571 267.221
25350 -958.758 267.636
25380 -958.945 268.05
25410 -959.132 268.465
25440 -959.319 268.88
25470 -959.462 269.197
25500 -959.462 269.197
25530 -959.462 269.197
25560 -959.462 269.197
25590 -959.462 269.197
25620 -959.462 269.197
25650 -959.462 269.197
25680 -959.462 269.197
25710 -959.462 269.197
25740 -959.462 269.197
25770 -959.462 269.197
25800 -959.462 269.197
25830 -959.462 269.197
25860 -959.462 269.197
25890 -959.462 269.197
25920 -959.462 269.197
25950 -959.462 269.197
25980 -959.462 269.197
26010 -959.462 269.197
26040 -959.462 269.197
26070 -963.981 267.847
26100 -964.623 267.626
26130 -965.265 267.404
26160 -965.907 267.183
26190 -966.549 266.961
26220 -967.191 266.739
26250 -967.833 266.518
26280 -969.693 265.356
26310 -972.618 263.372
26340 -975.544 261.387
26370 -978.469 259.403
26400 -981.395 257.419
26430 -980.126 257.683
26460 -978.557 258.108
26490 -976.988 258.532
26520 -975.42 258.957
26550 -973.851 259.382
26580 -972.282 259.807
26610 -970.714 260.231
26640 -969.668 260.515
26670 -969.668 260.515
26700 -969.668 260.515
26730 -969.668 260.515
26760 -969.668 260.515
26790 -969.668 260.515
26820 -969.668 260.515
26850 -969.668 260.515
26880 -969.668 260.515
26910 -969.668 260.515
26940 -969.668 260.515
26970 -969.668 260.515
27000 -969.668 260.515
27030 -964.971 264.188
27060 -964.971 264.188
27090 -964.971 264.188
27120 -964.971 264.188
27150 -964.971 264.188
27180 -964.971 264.188
27210 -964.971 264.188
27240 -964.971 264.188
27270 -964.971 264.188
27300 -964.971 264.188
27330 -964.971 264.188
27360 -964.971 264.188
27390 -964.971 264.188
27420 -964.971 264.188
27450 -958.679 261.442
27480 -953.43 260.595
27510 -953.886 261.225
27540 -954.342 261.856
27570 -954.798 262.486
27600 -955.255 263.116
27630 -955.711 263.747
27660 -956.363 266.237
27690 -958.115 268.062
27720 -959.029 269.108
27750 -957.945 274.73
27780 -958.707 275.407
27810 -962.239 268.669
27840 -963.685 265.31
27870 -963.306 264.909
27900 -962.723 264.669
27930 -962.109 264.452
27960 -961.494 264.236
27990 -960.88 264.02
28020 -960.266 263.803
28050 -959.652 263.587
28080 -959.037 263.371
28110 -958.423 263.154
28140 -958.198 263.075
28170 -958.198 263.075
28200 -958.198 263.075
28230 -958.198 263.075
28260 -958.198 263.075
28290 -958.198 263.075
28320 -958.198 263.075
28350 -958.198 263.075
28380 -958.198 263.075
28410 -958.198 263.075
28440 -958.198 263.075
28470 -959.533 268.419
28500 -959.798 266.335
28530 -960.062 264.251
28560 -960.327 262.167
28590 -960.592 260.083
28620 -960.857 257.999
28650 -961.122 255.915
28680 -961.387 253.831
28710 -961.651 251.747
28740 -960.727 253.8
28770 -960.831 262.087
28800 -960.721 275.431
28830 -961.834 268.898
28860 -961.079 267.584
28890 -960.06 268.821
28920 -959.483 268.929
28950 -957.839 268.897
28980 -956.814 267.061
29010 -957.947 262.51
29040 -958.049 263.581
29070 -958.309 264.821
29100 -958.775 266.282
29130 -958.792 266.772
29160 -957.763 264.997
29190 -956.734 263.222
29220 -956.974 263.635
29250 -957.848 265.143
29280 -960.426 271.758
29310 -959.88 265.193
29340 -959.706 263.668
29370 -960.312 266.385
29400 -960.193 264.979
29430 -960.433 265.317
29460 -960.673 265.655
29490 -961.228 266.365
29520 -961.643 267.248
29550 -961.384 267.681
29580 -961.421 268.119
29610 -961.262 267.957
29640 -961.088 268.341
29670 -961.25 269.006
29700 -961.505 268.88
29730 -961.608 268.189
29760 -961.687 267.411
29790 -961.766 266.633
29820 -961.657 267.545
29850 -961.304 270.666
29880 -961.125 269.69
29910 -960.966 268.259
29940 -960.806 266.828
29970 -960.647 265.397
30000 -958.355 262.796
30030 -956.877 261.412
30060 -958.57 264.304
30090 -960.264 267.197
30120 -961.957 270.089
30150 -961.424 269.958
30180 -958.664 266.804
30210 -958.17 266.255
30240 -958.648 266.822
30270 -959.125 267.389
30300 -959.602 267.956
30330 -960.079 268.523
30360 -960.221 269.182
30390 -959.86 269.977
30420 -959.498 270.772
30450 -959.137 271.567
30480 -958.542 271.772
30510 -957.868 271.832
30540 -957.069 271.709
30570 -956.269 271.586
30600 -955.47 271.463
30630 -954.671 271.34
30660 -953.872 271.217
30690 -953.073 271.093
30720 -952.056 270.796
30750 -948.649 268.034
30780 -949.511 265.15
30810 -952.103 265.57
30840 -955.56 267.643
30870 -957.512 269.465
30900 -958.917 271.197
30930 -958.493 269.612
30960 -959.799 269.836
30990 -961.375 270.736
31020 -960.828 269.74
31050 -960.281 268.744
31080 -959.735 267.748
31110 -960.677 268.13
31140 -962.364 269.202
31170 -960.636 267.862
31200 -961.318 268.566
31230 -962 269.27
31260 -962.682 269.974
31290 -963.364 270.679
31320 -963.865 271.319
31350 -962.736 271.389
31380 -962.172 271.424
31410 -962.172 271.424
31440 -962.172 271.424
31470 -962.172 271.424
31500 -962.172 271.424
31530 -962.172 271.424
31560 -962.172 271.424
31590 -962.172 271.424
31620 -962.172 271.424
31650 -962.172 271.424
31680 -960.275 267.979
31710 -962.985 272.021
31740 -965.531 274.329
31770 -964.783 272.26
31800 -963.67 269.725
31830 -962.557 267.191
31860 -961.63 265.079
31890 -961.63 265.079
31920 -961.63 265.079
31950 -961.63 265.079
31980 -961.63 265.079
32010 -961.63 265.079
32040 -961.63 265.079
32070 -961.63 265.079
32100 -961.63 265.079
32130 -961.63 265.079
32160 -961.63 265.079
32190 -961.63 265.079
32220 -961.63 265.079
32250 -961.491 273.693
32280 -961.358 273.202
32310 -961.226 272.712
32340 -961.093 272.222
32370 -960.96 271.731
32400 -961.18 271.465
32430 -961.635 271.348
32460 -962.09 271.231
32490 -962.544 271.115
32520 -962.999 270.998
32550 -962.664 270.617
32580 -962.172 270.183
32610 -962.071 270.222
32640 -962.893 270.741
32670 -963.515 270.194
32700 -963.653 269.889
32730 -963.067 269.948
32760 -962.481 270.007
32790 -961.895 270.067
32820 -961.309 270.126
32850 -960.723 270.185
32880 -960.137 270.244
32910 -959.551 270.303
32940 -958.964 270.363
32970 -958.378 270.422
33000 -958.813 270.068
33030 -959.249 269.715
33060 -959.684 269.362
33090 -960.119 269.008
33120 -960.554 268.655
33150 -960.989 268.301
33180 -961.424 267.948
33210 -961.859 267.594
33240 -962.294 267.241
33270 -962.497 266.259
33300 -962.664 265.18
33330 -962.83 264.101
33360 -962.997 263.022
33390 -963.075 262.518
33420 -963.075 262.518
33450 -963.075 262.518
33480 -963.075 262.518
33510 -963.075 262.518
33540 -963.075 262.518
33570 -963.075 262.518
33600 -963.075 262.518
33630 -963.075 262.518
33660 -963.075 262.518
33690 -963.075 262.518
33720 -963.075 262.518
33750 -963.075 262.518
33780 -962.714 271.02
33810 -962.714 271.198
33840 -962.714 271.376
33870 -962.714 271.554
33900 -962.714 271.732
33930 -962.619 271.925
33960 -962.216 272.166
33990 -961.812 272.407
34020 -961.408 272.648
34050 -961.004 272.889
34080 -960.6 273.129
34110 -960.196 273.37
34140 -959.97 273.441
34170 -960.158 273.117
34200 -960.347 272.792
34230 -959.475 272.092
34260 -958.486 271.35
34290 -958.301 271.047
34320 -958.316 270.854
34350 -958.332 270.661
34380 -958.348 270.468
34410 -958.363 270.275
34440 -958.39 270.084
34470 -958.753 269.977
34500 -959.115 269.87
34530 -959.477 269.763
34560 -959.839 269.656
34590 -960.202 269.549
34620 -960.564 269.441
34650 -961.279 269.42
34680 -962.835 268.075
34710 -963.202 266.855
34740 -961.497 267.935
34770 -961.103 269.315
34800 -961.554 270.732
34830 -961.81 271.189
34860 -961.81 270.389
34890 -961.784 269.638
34920 -961.382 269.561
34950 -960.98 269.485
34980 -960.578 269.409
35010 -960.176 269.333
35040 -959.775 269.257
35070 -959.373 269.18
35100 -958.971 269.104
35130 -958.569 269.028
35160 -957.783 269.248
35190 -956.1 270.159
35220 -954.211 271.266
35250 -952.01 273.517
35280 -958.999 271.869
35310 -958.888 271.869
35340 -958.777 271.869
35370 -958.666 271.869
35400 -958.555 271.869
35430 -958.444 271.869
35460 -958.333 271.869
35490 -958.694 271.118
35520 -959.284 270.35
35550 -959.853 269.704
35580 -960.109 268.565
35610 -960.155 267.639
35640 -960.09 267.162
35670 -960.026 266.685
35700 -957.997 266.455
35730 -954.986 266.349
35760 -953.682 266.303
35790 -953.682 266.303
35820 -953.682 266.303
35850 -953.682 266.303
35880 -953.682 266.303
35910 -953.682 266.303
35940 -953.682 266.303
35970 -953.682 266.303
36000 -953.682 266.303
36030 -953.682 266.303
36060 -953.682 266.303
36090 -953.682 266.303
36120 -953.682 266.303
36150 -953.682 266.303
36180 -953.682 266.303
36210 -953.682 266.303
36240 -953.682 266.303
36270 -953.682 266.303
36300 -953.682 266.303
36330 -953.682 266.303
36360 -953.682 266.303
36390 -959.884 268.344
36420 -960.606 268.09
36450 -960.256 268.657
36480 -959.905 269.223
36510 -959.554 269.79
36540 -959.203 270.356
36570 -958.853 270.923
36600 -958.502 271.489
36630 -956.306 273.238
36660 -947.933 279.973
36690 -948.811 278.839
36720 -950.224 277.06
36750 -951.636 275.28
36780 -953.048 273.501
36810 -954.461 271.722
36840 -955.873 269.942
36870 -957.285 268.163
36900 -958.697 266.384
36930 -960.081 265.035
36960 -961.386 264.87
36990 -962.69 264.705
37020 -962.667 266.147
37050 -961.628 268.819
37080 -959.57 271.238
37110 -960.546 270.756
37140 -960.546 270.756
37170 -960.546 270.756
37200 -960.546 270.756
37230 -960.546 270.756
37260 -960.546 270.756
37290 -960.546 270.756
37320 -960.546 270.756
37350 -960.546 270.756
37380 -960.546 270.756
37410 -960.546 270.756
37440 -960.546 270.756
37470 -960.546 270.756
37500 -961.032 268.675
37530 -960.967 268.437
37560 -960.365 269.643
37590 -960.961 268.201
37620 -961.556 266.759
37650 -962.151 265.316
37680 -962.746 263.874
37710 -962.056 265.473
37740 -959.095 268.321
37770 -958.125 268.396
37800 -956.753 268.975
37830 -953.508 271.295
37860 -956.686 271.43
37890 -963.133 271.115
37920 -962.17 271.857
37950 -962.959 270.846
37980 -963.029 270.133
38010 -962.649 269.787
38040 -962.269 269.441
38070 -961.889 269.095
38100 -961.509 268.749
38130 -960.98 268.766
38160 -960.674 269.62
38190 -961.843 270.765
38220 -962.804 271.092
38250 -962.804 270.888
38280 -961.543 268.173
38310 -960.925 268.011
38340 -960.363 268.052
38370 -960.239 268.027
38400 -961.787 267.731
38430 -961.088 267.138
38460 -960.389 266.546
38490 -961.189 268.015
38520 -962.068 267.575
38550 -960.997 268.199
38580 -959.925 268.823
38610 -961.072 273.321
38640 -966.444 280.871
38670 -965.374 278.306
38700 -963.233 274.431
38730 -961.467 271.112
38760 -961.576 270.578
38790 -961.684 270.043
38820 -961.792 269.509
38850 -961.901 268.975
38880 -949.877 257.6
38910 -950.572 258.322
38940 -952.175 259.908
38970 -953.778 261.494
39000 -955.381 263.081
39030 -955.562 264.947
39060 -955.642 266.833
39090 -955.721 268.72
39120 -955.8 270.606
39150 -955.88 272.492
39180 -955.959 274.379
39210 -956.038 276.265
39240 -956.118 278.151
39270 -955.312 277.455
39300 -954.475 276.669
39330 -953.359 273.356
39360 -952.125 268.959
39390 -951.111 264.94
39420 -953.192 266.192
39450 -955.272 267.444
39480 -957.353 268.696
39510 -958.853 270.026
39540 -959.191 271.51
39570 -959.53 272.995
39600 -958.613 269.281
39630 -958.884 269.698
39660 -959.638 269.754
39690 -960.301 269.436
39720 -960.881 268.959
39750 -961.462 268.482
39780 -962.043 268.005
39810 -962.623 267.528
39840 -963.204 267.051
39870 -963.784 266.574
39900 -964.365 266.096
39930 -964.946 265.619
39960 -964.819 266.222
39990 -964.516 267.094
40020 -964.213 267.966
40050 -963.909 268.839
40080 -963.707 269.42
40110 -963.707 269.42
40140 -963.707 269.42
40170 -963.707 269.42
40200 -963.707 269.42
40230 -963.707 269.42
40260 -963.707 269.42
40290 -963.707 269.42
40320 -963.707 269.42
40350 -963.707 269.42
40380 -963.707 269.42
40410 -963.707 269.42
40440 -963.707 269.42
40470 -963.707 269.42
40500 -963.707 269.42
40530 -963.707 269.42
40560 -963.707 269.42
40590 -963.707 269.42
40620 -963.707 269.42
40650 -963.707 269.42
40680 -963.707 269.42
40710 -963.707 269.42
40740 -963.707 269.42
40770 -963.707 269.42
40800 -963.707 269.42
40830 -962.055 269.859
40860 -961.691 269.935
40890 -961.401 269.517
40920 -961.229 269.108
40950 -961.447 268.724
40980 -961.665 268.34
41010 -961.81 268.084
41040 -961.81 268.084
41070 -961.81 268.084
41100 -961.81 268.084
41130 -961.81 268.084
41160 -961.81 268.084
41190 -961.81 268.084
41220 -961.81 268.084
41250 -961.81 268.084
41280 -961.81 268.084
41310 -961.81 268.084
41340 -961.81 268.084
41370 -958.74 269.309
41400 -958.74 269.309
41430 -958.74 269.309
41460 -958.74 269.309
41490 -958.74 269.309
41520 -958.74 269.309
41550 -958.74 269.309
41580 -958.74 269.309
41610 -958.74 269.309
41640 -958.74 269.309
41670 -958.74 269.309
41700 -958.74 269.309
41730 -958.74 269.309
41760 -958.74 269.309
41790 -958.74 269.309
41820 -958.74 269.309
41850 -958.74 269.309
41880 -958.74 269.309
41910 -958.74 269.309
41940 -958.74 269.309
41970 -958.74 269.309
42000 -955.689 282.679
42030 -956.506 281.036
42060 -956.927 280.089
42090 -956.664 280.346
42120 -956.401 280.603
42150 -956.137 280.86
42180 -955.874 281.117
42210 -955.611 281.374
42240 -955.347 281.631
42270 -955.084 281.888
42300 -954.976 281.778
42330 -955.88 279.282
42360 -956.783 276.787
42390 -956.676 275.058
42420 -953.795 276.224
42450 -955.835 276.633
42480 -957.232 271.646
42510 -957.871 271.646
42540 -958.51 271.646
42570 -959.149 271.646
42600 -959.191 271.646
42630 -959.191 271.646
42660 -959.191 271.646
42690 -959.191 271.646
42720 -959.191 271.646
42750 -959.191 271.646
42780 -959.191 271.646
42810 -959.191 271.646
42840 -959.191 271.646
42870 -959.191 271.646
42900 -959.191 271.646
42930 -959.191 271.646
42960 -959.191 271.646
42990 -959.191 271.646
43020 -959.191 271.646
43050 -959.191 271.646
43080 -959.191 271.646
43110 -959.191 271.646
43140 -959.191 271.646
43170 -959.191 271.646
43200 -959.191 271.646
43230 -959.191 271.646
43260 -959.191 271.646
43290 -959.275 271.331
43320 -961.472 264.809
43350 -962.041 264.753
43380 -962.61 264.697
43410 -963.18 264.641
43440 -964.186 264.961
43470 -965.152 265.301
43500 -965.152 265.301
43530 -965.152 265.301
43560 -965.152 265.301
43590 -965.152 265.301
43620 -965.152 265.301
43650 -965.152 265.301
43680 -965.152 265.301
43710 -965.152 265.301
43740 -965.152 265.301
43770 -965.152 265.301
43800 -964.159 268.084
43830 -964.159 268.084
43860 -964.159 268.084
43890 -964.159 268.084
43920 -964.159 268.084
43950 -964.159 268.084
43980 -964.159 268.084
44010 -964.159 268.084
44040 -964.159 268.084
44070 -964.159 268.084
44100 -964.159 268.084
44130 -964.159 268.084
44160 -964.159 268.084
44190 -964.159 268.084
44220 -961.115 261.825
44250 -961.203 262.482
44280 -960.916 262.902
44310 -959.592 262.669
44340 -959.372 262.63
44370 -959.372 262.63
44400 -959.372 262.63
44430 -959.372 262.63
44460 -959.372 262.63
44490 -959.372 262.63
44520 -959.372 262.63
44550 -959.372 262.63
44580 -959.372 262.63
44610 -959.372 262.63
44640 -959.372 262.63
44670 -959.372 262.63
44700 -959.372 262.63
44730 -959.372 262.63
44760 -959.372 262.63
44790 -959.372 262.63
44820 -959.372 262.63
44850 -959.372 262.63
44880 -959.372 262.63
44910 -959.372 262.63
44940 -959.372 262.63
44970 -960.546 265.73
45000 -960.546 266.045
45030 -960.668 266.343
45060 -960.898 266.626
45090 -961.053 266.805
45120 -961.15 266.905
45150 -961.247 267.005
45180 -961.345 267.105
45210 -961.442 267.205
45240 -961.539 267.305
45270 -962.193 267.521
45300 -962.846 267.737
45330 -963.5 267.953
45360 -964.153 268.169
45390 -964.807 268.385
45420 -965.416 268.572
45450 -966.847 268.962
45480 -966.653 268.5
45510 -961.13 265.738
45540 -959.462 265.969
45570 -960.722 267.282
45600 -962.219 267.985
45630 -963.514 268.59
45660 -961.965 267.827
45690 -961.751 267.726
45720 -961.686 267.699
45750 -961.62 267.672
45780 -961.555 267.645
45810 -961.465 267.776
45840 -961.368 267.955
45870 -959.634 267.313
45900 -958.195 267
45930 -957.173 267.055
45960 -957.204 267.069
45990 -958.288 267.042
46020 -959.372 267.016
46050 -960.456 266.989
46080 -961.007 267.12
46110 -960.495 267.568
46140 -959.983 268.016
46170 -959.471 268.464
46200 -958.959 268.912
46230 -958.447 269.36
46260 -957.667 269.157
46290 -956.601 268.884
46320 -955.961 269.052
46350 -955.924 269.785
46380 -956.298 271.051
46410 -956.396 272.016
46440 -955.737 272.152
46470 -955.078 272.287
46500 -953.742 272.611
46530 -952.81 272.811
46560 -953.214 272.612
46590 -953.573 272.427
46620 -953.29 272.442
46650 -953.008 272.458
46680 -952.725 272.474
46710 -952.443 272.49
46740 -952.16 272.506
46770 -951.878 272.522
46800 -951.605 272.537
46830 -951.605 272.537
46860 -951.605 272.537
46890 -951.605 272.537
46920 -951.605 272.537
46950 -951.605 272.537
46980 -951.605 272.537
47010 -951.605 272.537
47040 -951.605 272.537
47070 -951.605 272.537
47100 -951.605 272.537
47130 -951.605 272.537
47160 -951.605 272.537
47190 -951.605 272.537
47220 -951.605 272.537
47250 -951.605 272.537
47280 -963.031 270.123
47310 -966.519 269.03
47340 -965.548 269.655
47370 -964.577 270.28
47400 -963.607 270.905
47430 -962.636 271.53
47460 -961.665 272.155
47490 -960.78 272.755
47520 -962.364 272.521
47550 -963.807 271.567
47580 -965.249 270.613
47610 -962.213 271.218
47640 -960.024 271.486
47670 -959.664 271.099
47700 -959.305 270.712
47730 -958.946 270.324
47760 -958.586 269.937
47790 -958.227 269.549
47820 -958.539 269.311
47850 -959.187 269.149
47880 -959.834 268.986
47910 -960.482 268.823
47940 -961.13 268.66
47970 -961.777 268.497
48000 -962.425 268.334
48030 -962.595 268.46
48060 -962.67 268.644
48090 -962.744 268.828
48120 -962.664 268.999
48150 -961.962 269.119
48180 -961.26 269.239
48210 -960.558 269.359
48240 -959.857 269.479
48270 -959.519 269.531
48300 -959.459 269.531
48330 -959.4 269.531
48360 -959.35 269.345
48390 -959.31 268.996
48420 -959.442 268.774
48450 -959.978 268.848
48480 -960.514 268.921
48510 -961.016 269.011
48540 -961.426 269.147
48570 -961.836 269.283
48600 -962.245 269.419
48630 -962.655 269.555
48660 -963.064 269.691
48690 -961.685 269.638
48720 -958.74 269.42
48750 -958.627 270.655
48780 -958.514 271.89
48810 -958.401 273.125
48840 -958.288 274.36
48870 -958.175 275.595
48900 -958.062 276.83
48930 -958.48 276.607
48960 -959.25 275.412
48990 -960.021 274.217
49020 -960.792 273.022
49050 -961.563 271.828
49080 -962.334 270.633
49110 -963.104 269.438
49140 -963.875 268.244
49170 -963.978 268.084
49200 -963.978 268.084
49230 -963.978 268.084
49260 -963.978 268.084
49290 -963.978 268.084
49320 -963.978 268.084
49350 -963.978 268.084
49380 -963.978 268.084
49410 -963.978 268.084
49440 -963.978 268.084
49470 -963.978 268.084
49500 -963.978 268.084
49530 -963.978 268.084
49560 -963.978 268.084
49590 -963.978 268.084
49620 -963.978 268.084
49650 -963.978 268.084
49680 -963.978 268.084
49710 -962.602 273.753
49740 -961.139 272.038
49770 -959.676 270.324
49800 -958.214 268.61
49830 -957.385 267.639
49860 -957.385 267.639
49890 -957.385 267.639
49920 -957.385 267.639
49950 -957.385 267.639
49980 -957.385 267.639
50010 -957.385 267.639
50040 -957.385 267.639
50070 -957.385 267.639
50100 -957.385 267.639
50130 -957.385 267.639
50160 -957.385 267.639
50190 -963.029 269.109
50220 -963.254 268.666
50250 -963.479 268.223
50280 -963.703 267.78
50310 -963.928 267.338
50340 -964.152 266.895
50370 -964.089 267.022
50400 -962.589 270.002
50430 -961.088 272.982
50460 -960.256 272.351
50490 -959.424 271.72
50520 -958.592 271.089
50550 -957.76 270.458
50580 -957.566 270.311
50610 -957.566 270.311
50640 -957.566 270.311
50670 -957.566 270.311
50700 -957.566 270.311
50730 -957.566 270.311
50760 -957.566 270.311
50790 -957.566 270.311
50820 -957.566 270.311
50850 -957.566 270.311
50880 -957.566 270.311
50910 -957.566 270.311
50940 -957.566 270.311
50970 -959.762 273.817
51000 -959.607 273.679
51030 -959.453 273.541
51060 -959.298 273.402
51090 -959.144 273.264
51120 -958.99 273.125
51150 -958.835 272.987
51180 -959.186 272.414
51210 -959.555 271.826
51240 -959.923 271.239
51270 -960.292 270.651
51300 -960.365 270.533
51330 -960.365 270.533
51360 -960.365 270.533
51390 -960.365 270.533
51420 -960.365 270.533
51450 -960.365 270.533
51480 -960.365 270.533
51510 -960.365 270.533
51540 -960.365 270.533
51570 -960.365 270.533
51600 -960.365 270.533
51630 -960.365 270.533
51660 -960.365 270.533
51690 -960.365 270.533
51720 -960.365 270.533
51750 -960.365 270.533
51780 -960.365 270.533
51810 -960.365 270.533
51840 -960.365 270.533
51870 -960.365 270.533
51900 -960.365 270.533
51930 -960.365 270.533
51960 -960.365 270.533
51990 -960.365 270.533
52020 -960.365 270.533
52050 -960.365 270.533
52080 -961.178 288.344
52110 -961.178 288.344
52140 -961.178 288.344
52170 -961.178 288.344
52200 -961.178 288.344
52230 -961.178 288.344
52260 -961.178 288.344
52290 -961.178 288.344
52320 -961.178 288.344
52350 -961.178 288.344
52380 -968.61 271.862
52410 -968.124 272.645
52440 -967.638 273.428
52470 -967.152 274.211
52500 -966.666 274.994
52530 -968.571 275.101
52560 -976.053 273.631
52590 -983.535 272.16
52620 -991.017 270.689
52650 -988.283 266.801
52680 -980.439 261.704
52710 -972.596 256.607
52740 -964.753 251.51
52770 -966.16 252.181
52800 -966.894 252.702
52830 -964.007 251.431
52860 -961.121 250.161
52890 -959.74 255.545
52920 -961.868 276.457
52950 -963.68 276.01
52980 -965.456 273.19
53010 -967.232 270.37
53040 -967.105 269.43
53070 -966.767 268.7
53100 -966.428 267.969
53130 -941.929 262.171
53160 -903.688 267.339
53190 -888.202 276.928
53220 -862.741 240.397
53250 -823.214 237.938
53280 -783.661 235.969
53310 -743.806 266.39
53340 -719.929 294.721
53370 -687.895 330.913
53400 -694.01 369.383
53430 -702.439 386.08
53460 -702.05 388.188
53490 -831.303 509.002
53520 -922.845 802.295
53550 -814.891 1020.79
53580 -597.744 932.759
53610 -480.152 1067.88
53640 -746.807 1260.9
53670 -727.777 1417.74
53700 -840.226 1554.84
53730 -921.662 1617.79
53760 -921.505 1618.16
53790 -921.102 1617.28
53820 -920.7 1616.41
53850 -920.297 1615.53
53880 -919.895 1614.65
53910 -919.492 1613.77
53940 -928.322 1620.58
53970 -931.214 1619.46
54000 -934.105 1618.34
54030 -936.997 1617.21
54060 -934.921 1620.01
54090 -1027.65 1690.94
54120 -1187.53 1629.17
54150 -1211.75 1628.27
54180 -1453.57 1632.97
54210 -1813.72 1634.25
54240 -1838.98 1648.77
54270 -1859.68 1680.34
54300 -1863.74 1721.21
54330 -1858.84 1757.84
54360 -1864.85 1778.31
54390 -1897.55 1791.86
53820 -920.7 1616.41
