0 -114.73 20.7378
30 -91.3385 54.1329
60 -66.953 86.86
90 -49.7025 112.574
120 -55.0312 123.261
150 -49.8832 105.673
180 -55.6634 70.6078
210 -93.1448 60.4779
240 -103.622 30.5336
270 -122.588 6.26757
300 -155.373 25.7471
330 -184.003 44.4483
360 -210.556 62.4816
390 -237.109 81.0716
420 -265.65 98.2144
450 -295.725 112.463
480 -320.652 125.042
510 -348.47 145.413
540 -387.035 166.563
570 -420.181 181.591
600 -459.018 198.622
630 -494.512 212.314
660 -527.207 234.578
690 -547.528 217.546
720 -560.172 185.71
750 -580.674 150.979
780 -604.066 123.149
810 -627.729 96.2106
840 -651.934 65.1532
870 -654.553 30.1999
900 -658.979 -5.42226
930 -667.378 -48.5017
960 -675.687 -88.4645
990 -702.421 -125.088
1020 -718.226 -163.381
1050 -752.185 -179.745
1080 -773.41 -188.316
1110 -774.494 -186.201
1140 -779.371 -179.188
1170 -770.339 -197.221
1200 -670.81 -42.0453
1230 -550.689 260.181
1260 -667.107 340.218
1290 -1012.21 25.8585
1320 -1467.67 -279.485
1350 -1517.62 -202.676
1380 -1528.28 -194.438
1410 -1524.93 -195.218
1440 -1523.85 -228.167
1470 -1589.15 -281.6
1500 -1589.87 -278.705
1530 -1586.44 -287.722
1560 -1603.15 -300.969
1590 -1609.74 -298.965
1620 -1619.95 -298.409
1650 -1644.78 -275.143
1680 -1640.54 -279.262
1710 -1613.72 -299.076
1740 -1612.9 -299.967
1770 -1630.7 -287.611
1800 -1619.95 -295.292
1830 -1621.48 -294.512
1860 -1624.92 -290.505
1890 -1623.02 -294.846
1920 -1626 -291.952
1950 -1622.3 -296.627
1980 -1626.18 -301.525
2010 -1620.67 -299.856
2040 -1627.53 -295.292
2070 -1623.47 -295.18
2100 -1625.01 -295.626
2130 -1624.28 -297.295
2160 -1622.3 -299.522
2190 -1620.67 -301.859
2220 -1625.91 -291.952
2250 -1621.03 -299.41
2280 -1622.12 -290.616
2310 -1624.19 -298.075
2340 -1624.73 -299.522
2370 -1625.01 -292.731
2400 -1627.08 -294.846
2430 -1628.17 -294.846
2460 -1621.21 -296.961
2490 -1622.75 -294.846
2520 -1623.92 -294.958
2550 -1623.74 -296.293
2580 -1627.72 -296.85
2610 -1623.02 -298.52
2640 -1634.67 -288.947
2670 -1631.24 -291.507
2700 -1628.62 -292.731
2730 -1627.72 -292.62
2760 -1631.6 -297.741
2790 -1631.87 -299.522
2820 -1623.65 -297.295
2850 -1627.99 -293.845
2880 -1628.17 -298.297
2910 -1628.26 -301.859
2940 -1624.55 -297.741
2970 -1622.84 -304.865
3000 -1626.27 -296.739
3030 -1630.06 -290.616
3060 -1630.33 -288.724
3090 -1628.35 -292.954
3120 -1626.36 -294.29
3150 -1625.55 -295.737
3180 -1625.55 -295.848
3210 -1625.01 -296.739
3240 -1628.17 -295.626
3270 -1627.17 -295.626
3300 -1623.56 -297.963
3330 -1624.37 -298.186
3360 -1619.14 -300.524
3390 -1620.31 -300.746
3420 -1616.97 -303.084
3450 -1612.63 -303.529
3480 -1616.15 -301.859
3510 -1617.24 -302.305
3540 -1617.87 -302.75
3570 -1629.43 -293.399
3600 -1624.1 -300.524
3630 -1626.63 -293.956
3660 -1622.84 -292.175
3690 -1623.83 -306.089
3720 -1624.19 -300.969
3750 -1627.53 -297.852
3780 -1625.55 -299.856
3810 -1616.7 -305.867
3840 -1620.49 -304.42
3870 -1619.59 -300.078
3900 -1628.26 -300.301
3930 -1624.83 -296.405
3960 -1628.08 -296.182
3990 -1626.9 -296.182
4020 -1623.74 -295.18
4050 -1624.92 -297.407
4080 -1625.91 -294.401
4110 -1626.45 -299.299
4140 -1626.27 -300.524
4170 -1630.51 -298.075
4200 -1627.99 -301.637
4230 -1628.98 -297.295
4260 -1630.61 -297.852
4290 -1630.79 -297.518
4320 -1631.51 -298.854
4350 -1628.35 -298.854
4380 -1625.73 -299.076
4410 -1621.12 -299.076
4440 -1621.03 -299.633
4470 -1630.97 -296.627
4500 -1626.27 -298.186
4530 -1622.48 -295.403
4560 -1624.01 -295.18
4590 -1624.19 -301.191
4620 -1623.92 -296.405
4650 -1623.2 -295.069
4680 -1620.58 -300.301
4710 -1623.83 -294.29
4740 -1622.75 -297.852
4770 -1623.65 -293.399
4800 -1622.66 -296.405
4830 -1625.55 -296.85
4860 -1627.53 -295.514
4890 -1628.71 -295.18
4920 -1630.15 -293.399
4950 -1630.79 -295.292
4980 -1631.6 -295.514
5010 -1622.66 -298.965
5040 -1621.48 -300.524
5070 -1625.82 -299.522
5100 -1629.34 -297.407
5130 -1630.88 -297.184
5160 -1626.09 -297.518
5190 -1627.35 -297.295
5220 -1629.88 -296.405
5250 -1622.3 -301.191
5280 -1623.74 -299.299
5310 -1623.29 -300.412
5340 -1623.11 -300.301
5370 -1627.08 -297.629
5400 -1635.93 -292.843
5430 -1634.49 -294.846
5460 -1636.39 -294.624
5490 -1635.57 -295.069
5520 -1633.41 -296.182
5550 -1632.05 -296.071
5580 -1634.04 -296.293
5610 -1628.44 -297.184
5640 -1631.6 -294.846
5670 -1627.26 -297.741
5700 -1621.93 -299.299
5730 -1638.28 -287.945
5760 -1628.35 -295.069
5790 -1638.55 -286.052
5820 -1627.62 -293.733
5850 -1629.97 -291.841
5880 -1637.38 -289.948
5910 -1629.61 -297.518
5940 -1626.81 -296.071
5970 -1623.38 -294.29
6000 -1624.37 -293.733
6030 -1623.92 -296.293
6060 -1622.21 -298.965
6090 -1620.85 -309.874
6120 -1621.84 -298.742
6150 -1622.48 -303.418
6180 -1618.23 -297.963
6210 -1618.41 -292.954
6240 -1618.23 -291.618
6270 -1623.2 -289.948
6300 -1619.04 -294.178
6330 -1620.94 -300.412
6360 -1623.83 -295.069
6390 -1626 -297.852
6420 -1628.8 -295.403
6450 -1624.55 -296.961
6480 -1618.23 -295.069
6510 -1624.1 -292.063
6540 -1621.57 -296.405
6570 -1628.44 -296.071
6600 -1636.3 -311.099
6630 -1625.91 -302.639
6660 -1626.99 -296.627
6690 -1626.09 -313.77
6720 -1626.9 -301.971
6750 -1630.7 -305.422
6780 -1628.98 -305.088
6810 -1631.24 -306.312
6840 -1625.73 -301.748
6870 -1626.18 -301.303
6900 -1619.77 -299.744
6930 -1619.14 -296.405
6960 -1620.76 -296.85
6990 -1623.02 -297.295
7020 -1625.1 -297.184
7050 -1622.75 -293.065
7080 -1620.94 -288.613
7110 -1625.01 -291.284
7140 -1627.44 -291.396
7170 -1622.75 -298.297
7200 -1620.58 -295.626
7230 -1619.14 -294.624
7260 -1619.77 -291.284
7290 -1622.21 -294.958
7320 -1621.66 -296.627
7350 -1622.39 -296.85
7380 -1622.21 -297.741
7410 -1620.31 -298.742
7440 -1621.75 -298.631
7470 -1622.66 -299.633
7500 -1622.48 -299.744
7530 -1621.57 -300.524
7560 -1621.21 -301.191
7590 -1619.68 -299.856
7620 -1620.13 -297.741
7650 -1621.66 -298.297
7680 -1623.83 -296.405
7710 -1631.06 -288.724
7740 -1630.88 -290.282
7770 -1629.52 -288.39
7800 -1627.9 -289.503
7830 -1622.39 -294.178
7860 -1626.63 -290.839
7890 -1628.08 -292.62
7920 -1629.61 -294.624
7950 -1626.45 -297.184
7980 -1626.63 -297.073
8010 -1623.38 -300.19
8040 -1628.26 -303.306
8070 -1628.8 -301.637
8100 -1624.37 -292.843
8130 -1622.57 -291.618
8160 -1621.57 -294.958
8190 -1607.39 -328.687
8220 -1571 -395.366
8250 -1581.74 -376.998
8280 -1624.19 -298.186
8310 -1626.63 -292.286
8340 -1627.17 -288.835
8370 -1622.93 -298.52
8400 -1625.64 -295.18
8430 -1628.53 -292.62
8460 -1626.54 -298.631
8490 -1626.45 -298.52
8520 -1631.6 -290.505
8550 -1622.75 -299.967
8580 -1619.68 -305.867
8610 -1622.75 -300.301
8640 -1627.9 -294.735
8670 -1623.92 -299.744
8700 -1625.01 -288.279
8730 -1617.87 -298.52
8760 -1619.86 -297.741
8790 -1624.64 -288.613
8820 -1630.06 -291.618
8850 -1624.37 -291.173
8880 -1624.92 -297.407
8910 -1627.62 -302.082
8940 -1629.52 -288.501
8970 -1630.7 -280.598
9000 -1629.43 -287.277
9030 -1626.54 -291.284
9060 -1629.43 -290.839
9090 -1622.57 -294.735
9120 -1621.21 -294.846
9150 -1621.75 -291.062
9180 -1620.22 -292.62
9210 -1625.28 -280.486
9240 -1626 -300.412
9270 -1630.15 -286.052
9300 -1629.97 -284.271
9330 -1630.24 -284.828
9360 -1623.92 -291.062
9390 -1624.01 -295.626
9420 -1625.37 -296.85
9450 -1626.18 -297.073
9480 -1627.08 -297.629
9510 -1629.97 -297.407
9540 -1630.42 -300.524
9570 -1621.66 -289.726
9600 -1624.55 -297.852
9630 -1622.84 -301.303
9660 -1619.95 -302.527
9690 -1621.03 -297.629
9720 -1623.65 -293.956
9750 -1625.1 -295.403
9780 -1626.45 -295.737
9810 -1624.83 -289.948
9840 -1622.75 -294.512
9870 -1625.55 -294.067
9900 -1625.1 -296.739
9930 -1624.19 -296.071
9960 -1621.57 -295.403
9990 -1621.57 -292.843
10020 -1617.06 -299.188
10050 -1622.3 -292.175
10080 -1626.99 -287.166
10110 -1626.81 -290.839
10140 -1626 -292.509
10170 -1625.73 -292.954
10200 -1626 -293.177
10230 -1624.37 -286.275
10260 -1627.26 -287.945
10290 -1624.1 -290.394
10320 -1625.37 -288.39
10350 -1624.19 -290.394
10380 -1626.63 -289.058
10410 -1637.29 -280.598
10440 -1636.2 -283.158
10470 -1628.8 -290.728
10500 -1627.17 -293.288
10530 -1627.44 -291.507
10560 -1627.08 -290.95
10590 -1624.92 -291.618
10620 -1623.92 -293.065
10650 -1623.29 -293.511
10680 -1624.64 -291.507
10710 -1624.83 -292.843
10740 -1622.66 -298.52
10770 -1623.38 -295.18
10800 -1626.09 -294.958
10830 -1628.98 -293.511
10860 -1627.53 -292.731
10890 -1628.17 -291.952
10920 -1626.63 -288.279
10950 -1621.75 -288.279
10980 -1625.64 -293.622
11010 -1625.55 -290.616
11040 -1625.01 -292.954
11070 -1624.37 -295.626
11100 -1622.84 -299.188
11130 -1628.62 -285.05
11160 -1631.96 -294.067
11190 -1625.55 -299.633
11220 -1621.21 -288.724
11250 -1622.12 -293.845
11280 -1623.74 -289.281
11310 -1622.48 -294.735
11340 -1621.48 -298.52
11370 -1620.76 -300.635
11400 -1620.58 -287.945
11430 -1621.12 -285.941
11460 -1622.12 -292.62
11490 -1625.37 -294.624
11520 -1623.02 -289.392
11550 -1621.3 -284.828
11580 -1620.94 -281.043
11610 -1624.64 -291.396
11640 -1621.12 -285.941
11670 -1627.53 -289.837
11700 -1624.1 -283.047
11730 -1618.32 -286.275
11760 -1618.86 -290.616
11790 -1619.77 -289.948
11820 -1620.31 -288.835
11850 -1622.93 -289.281
11880 -1622.03 -287.611
11910 -1625.46 -287.166
11940 -1626 -286.386
11970 -1625.82 -287.833
12000 -1627.17 -288.613
12030 -1628.17 -279.151
12060 -1628.35 -281.488
12090 -1626.09 -289.169
12120 -1623.83 -293.511
12150 -1624.28 -292.286
12180 -1626.45 -290.616
12210 -1628.53 -292.954
12240 -1628.89 -292.843
12270 -1627.44 -292.843
12300 -1626.09 -293.511
12330 -1626.9 -293.511
12360 -1627.26 -293.511
12390 -1626.54 -292.62
12420 -1625.37 -293.733
12450 -1623.11 -295.848
12480 -1626.81 -291.396
12510 -1626.09 -290.06
12540 -1625.55 -288.167
12570 -1628.62 -285.607
12600 -1624.92 -298.075
12630 -1622.57 -296.627
12660 -1623.02 -295.737
12690 -1621.93 -295.96
12720 -1622.21 -295.737
12750 -1625.1 -295.18
12780 -1621.39 -292.286
12810 -1633.86 -275.811
12840 -1624.83 -280.598
12870 -1624.46 -297.852
12900 -1625.1 -300.635
12930 -1628.17 -295.403
12960 -1613.17 -337.815
12990 -1617.87 -315.885
13020 -1621.12 -305.978
13050 -1623.2 -303.195
13080 -1625.37 -287.945
13110 -1627.35 -288.724
13140 -1630.42 -288.279
13170 -1625.46 -296.739
13200 -1631.51 -308.316
13230 -1633.95 -294.067
13260 -1634.67 -298.965
13290 -1633.59 -304.308
13320 -1632.77 -302.973
13350 -1617.96 -323.455
13380 -1627.17 -298.409
13410 -1628.71 -297.295
13440 -1620.85 -301.748
13470 -1634.04 -297.184
13500 -1632.14 -296.405
13530 -1622.84 -296.293
13560 -1618.32 -301.08
13590 -1618.32 -299.856
13620 -1621.21 -296.293
13650 -1633.86 -283.158
13680 -1623.47 -293.956
13710 -1621.75 -295.514
13740 -1620.49 -296.405
13770 -1626.09 -295.96
13800 -1629.88 -291.841
13830 -1621.57 -298.52
13860 -1622.21 -300.969
13890 -1623.83 -295.96
13920 -1629.07 -292.286
13950 -1642.62 -278.928
13980 -1633.95 -287.499
14010 -1631.06 -290.282
14040 -1624.1 -294.846
14070 -1621.39 -295.848
14100 -1624.92 -296.739
14130 -1627.53 -298.075
14160 -1625.1 -297.073
14190 -1632.77 -295.737
14220 -1633.04 -294.178
14250 -1628.53 -304.086
14280 -1627.17 -300.524
14310 -1624.01 -299.076
14340 -1624.64 -298.631
14370 -1624.55 -298.075
14400 -1624.28 -297.407
14430 -1626.09 -294.512
14460 -1629.52 -290.282
14490 -1623.29 -296.071
14520 -1620.94 -299.188
14550 -1621.93 -299.076
14580 -1623.29 -298.742
14610 -1624.55 -297.518
14640 -1624.92 -295.848
14670 -1620.85 -297.184
14700 -1624.28 -298.631
14730 -1624.1 -298.854
14760 -1623.83 -301.08
14790 -1623.38 -303.418
14820 -1622.21 -303.752
14850 -1624.83 -301.191
14880 -1625.1 -299.076
14910 -1626.72 -299.522
14940 -1624.64 -298.075
14970 -1624.92 -295.96
15000 -1624.28 -293.288
15030 -1623.02 -301.859
15060 -1623.02 -295.069
15090 -1623.92 -291.841
15120 -1623.56 -294.29
15150 -1623.83 -295.514
15180 -1620.85 -296.293
15210 -1623.29 -295.96
15240 -1622.3 -296.071
15270 -1622.39 -295.737
15300 -1625.73 -295.96
15330 -1625.1 -295.737
15360 -1625.55 -296.405
15390 -1627.81 -296.405
15420 -1626.72 -295.069
15450 -1626.45 -295.848
15480 -1626.63 -295.514
15510 -1627.26 -292.175
15540 -1627.08 -293.288
15570 -1625.01 -300.301
15600 -1626.36 -292.175
15630 -1626.36 -291.396
15660 -1627.44 -288.501
15690 -1626.54 -291.618
15720 -1624.92 -293.399
15750 -1622.75 -296.516
15780 -1623.29 -296.961
15810 -1623.92 -297.518
15840 -1626.18 -294.512
15870 -1624.55 -293.845
15900 -1622.75 -294.067
15930 -1623.2 -294.958
15960 -1624.46 -294.29
15990 -1625.01 -295.069
16020 -1623.29 -294.735
16050 -1625.1 -294.067
16080 -1624.73 -292.843
16110 -1625.01 -289.837
16140 -1624.1 -290.06
16170 -1621.48 -298.186
16200 -1625.01 -282.49
16230 -1624.1 -292.843
16260 -1623.02 -288.39
16290 -1625.28 -291.507
16320 -1625.01 -292.731
16350 -1625.55 -292.063
16380 -1624.55 -292.62
16410 -1624.64 -293.288
16440 -1626.72 -294.29
16470 -1627.17 -295.626
16500 -1629.43 -295.96
16530 -1629.25 -295.069
16560 -1632.05 -294.512
16590 -1631.78 -294.512
16620 -1629.79 -293.956
16650 -1623.92 -293.845
16680 -1627.72 -295.514
16710 -1629.79 -294.735
16740 -1632.32 -293.177
16770 -1628.44 -292.286
16800 -1625.37 -294.401
16830 -1629.16 -290.505
16860 -1629.34 -287.388
16890 -1628.17 -293.622
16920 -1624.83 -293.511
16950 -1629.61 -295.069
16980 -1630.42 -293.733
17010 -1629.61 -293.733
17040 -1626.45 -298.075
17070 -1626.54 -296.85
17100 -1626.27 -296.516
17130 -1625.19 -297.073
17160 -1624.92 -296.071
17190 -1626.54 -290.95
17220 -1626.81 -291.952
17250 -1625.91 -295.626
17280 -1624.19 -297.852
17310 -1624.73 -297.741
17340 -1621.75 -296.516
17370 -1626.54 -290.839
17400 -1627.08 -287.945
17430 -1626.72 -292.063
17460 -1626.81 -294.735
17490 -1627.35 -295.403
17520 -1626.36 -295.626
17550 -1625.37 -295.292
17580 -1630.79 -292.62
17610 -1623.38 -296.516
17640 -1628.8 -294.067
17670 -1625.82 -292.397
17700 -1630.42 -290.616
17730 -1630.51 -291.284
17760 -1628.08 -294.401
17790 -1625.1 -296.627
17820 -1623.92 -298.409
17850 -1632.23 -299.522
17880 -1631.42 -301.303
17910 -1626.72 -302.305
17940 -1625.64 -300.857
17970 -1624.19 -301.191
18000 -1623.74 -299.744
18030 -1625.01 -293.956
18060 -1629.34 -291.396
18090 -1632.86 -291.507
18120 -1630.15 -291.062
18150 -1627.53 -286.609
18180 -1626.27 -289.281
18210 -1623.56 -289.837
18240 -1624.28 -290.95
18270 -1627.08 -296.961
18300 -1627.72 -296.739
18330 -1626 -296.85
18360 -1624.1 -298.409
18390 -1625.28 -299.299
18420 -1625.19 -297.518
18450 -1624.92 -296.85
18480 -1624.37 -295.848
18510 -1621.21 -300.078
18540 -1622.12 -297.629
18570 -1620.49 -298.409
18600 -1622.21 -295.18
18630 -1625.1 -293.399
18660 -1643.97 -284.828
18690 -1635.93 -284.939
18720 -1622.48 -294.846
18750 -1624.46 -296.739
18780 -1622.03 -280.709
18810 -1629.7 -245.756
18840 -1626 -259.448
18870 -1626.27 -285.384
18900 -1633.59 -304.42
18930 -1629.7 -295.18
18960 -1637.11 -291.729
18990 -1624.19 -291.396
19020 -1629.97 -283.269
19050 -1631.33 -292.063
19080 -1623.29 -303.529
19110 -1628.08 -292.175
19140 -1626.81 -295.514
19170 -1626.36 -297.407
19200 -1626.45 -297.295
19230 -1621.57 -298.409
19260 -1622.66 -294.067
19290 -1622.03 -302.082
19320 -1621.39 -297.518
19350 -1623.38 -287.611
19380 -1620.76 -290.728
19410 -1617.06 -290.505
19440 -1623.56 -289.726
19470 -1633.31 -297.073
19500 -1630.51 -300.969
19530 -1625.82 -297.407
19560 -1629.25 -294.401
19590 -1622.66 -297.407
19620 -1620.4 -294.512
19650 -1626.09 -286.832
19680 -1623.65 -286.72
19710 -1624.01 -284.605
19740 -1622.12 -287.054
19770 -1623.29 -290.95
19800 -1624.64 -294.846
19830 -1623.83 -293.956
19860 -1622.84 -294.735
19890 -1623.65 -287.722
19920 -1627.44 -286.498
19950 -1631.51 -285.83
19980 -1632.5 -288.724
20010 -1632.86 -285.162
20040 -1624.64 -290.505
20070 -1623.56 -293.065
20100 -1622.48 -295.848
20130 -1623.74 -295.292
20160 -1625.01 -297.073
20190 -1624.64 -295.18
20220 -1625.19 -293.288
20250 -1628.17 -296.516
20280 -1626.54 -293.177
20310 -1626.81 -288.279
20340 -1625.55 -286.275
20370 -1624.55 -285.607
20400 -1627.08 -291.396
20430 -1635.21 -297.184
20460 -1633.31 -297.963
20490 -1622.39 -295.514
20520 -1621.57 -290.394
20550 -1623.2 -294.401
20580 -1622.3 -293.288
20610 -1622.66 -293.177
20640 -1621.48 -289.281
20670 -1622.03 -284.828
20700 -1624.46 -290.95
20730 -1623.65 -289.503
20760 -1621.84 -287.833
20790 -1623.11 -282.824
20820 -1626.72 -290.282
20850 -1627.72 -291.396
20880 -1628.53 -292.731
20910 -1629.25 -294.624
20940 -1629.52 -295.96
20970 -1621.93 -293.065
21000 -1622.48 -293.845
21030 -1624.37 -295.514
21060 -1624.28 -295.292
21090 -1625.19 -294.958
21120 -1625.46 -295.848
21150 -1625.37 -296.516
21180 -1622.75 -295.626
21210 -1621.57 -294.846
21240 -1621.21 -295.514
21270 -1618.59 -296.405
21300 -1619.14 -292.954
21330 -1619.41 -293.622
21360 -1620.31 -291.173
21390 -1621.57 -292.731
21420 -1618.5 -287.945
21450 -1617.33 -290.839
21480 -1622.3 -294.735
21510 -1623.2 -295.18
21540 -1625.55 -297.407
21570 -1628.17 -299.856
21600 -1629.88 -300.969
21630 -1627.17 -299.744
21660 -1624.1 -298.742
21690 -1624.37 -298.854
21720 -1622.93 -296.516
21750 -1622.84 -295.069
21780 -1624.37 -295.737
21810 -1625.73 -294.624
21840 -1626.63 -295.069
21870 -1624.64 -294.958
21900 -1621.66 -293.177
21930 -1624.1 -293.511
21960 -1626.72 -292.397
21990 -1626.81 -294.958
22020 -1627.81 -297.852
22050 -1628.44 -298.965
22080 -1627.26 -298.52
22110 -1626.36 -297.629
22140 -1626.72 -297.184
22170 -1627.62 -298.075
22200 -1624.64 -297.184
22230 -1643.79 -294.958
22260 -1643.7 -290.06
22290 -1630.97 -300.412
22320 -1627.72 -296.182
22350 -1636.57 -292.62
22380 -1623.83 -302.973
22410 -1625.55 -302.861
22440 -1627.26 -301.748
22470 -1628.89 -299.967
22500 -1627.9 -296.961
22530 -1633.31 -295.292
22560 -1637.56 -295.292
22590 -1630.24 -302.527
22620 -1624.46 -306.201
22650 -1631.51 -299.633
22680 -1622.12 -301.971
22710 -1633.68 -313.436
22740 -1636.3 -315.663
22770 -1639.55 -309.54
22800 -1631.6 -304.086
22830 -1629.07 -301.859
22860 -1631.87 -295.514
22890 -1627.99 -298.297
22920 -1628.53 -299.076
22950 -1628.8 -300.524
22980 -1630.79 -296.627
23010 -1622.93 -302.75
23040 -1621.84 -301.303
23070 -1625.19 -298.297
23100 -1630.06 -302.527
23130 -1619.32 -303.863
23160 -1619.32 -284.049
23190 -1623.65 -284.828
23220 -1623.02 -287.166
23250 -1630.42 -298.52
23280 -1640 -302.973
23310 -1617.78 -288.279
23340 -1624.46 -294.512
23370 -1625.28 -312.546
23400 -1649.3 -290.394
23430 -1646.59 -296.071
23460 -1623.56 -313.214
23490 -1632.32 -320.338
23520 -1626.54 -321.117
23550 -1612.63 -297.073
23580 -1626.63 -287.054
23610 -1622.84 -292.509
23640 -1616.52 -301.748
23670 -1638.55 -294.846
23700 -1629.61 -302.416
23730 -1635.57 -299.967
23760 -1625.73 -290.95
23790 -1618.95 -301.08
23820 -1620.22 -301.748
23850 -1619.68 -299.41
23880 -1619.68 -297.407
23910 -1619.23 -297.741
23940 -1620.4 -298.52
23970 -1622.48 -299.188
24000 -1623.29 -299.522
24030 -1621.84 -302.082
24060 -1614.26 -305.755
24090 -1614.62 -307.091
24120 -1623.74 -303.084
24150 -1625.46 -304.531
24180 -1644.15 -300.524
24210 -1621.84 -306.869
24240 -1636.3 -308.427
24270 -1630.51 -312.546
24300 -1626.36 -305.978
24330 -1630.51 -298.742
24360 -1654.9 -313.882
24390 -1649.48 -314.883
24420 -1628.26 -305.422
24450 -1618.95 -300.969
24480 -1622.75 -297.629
24510 -1612.9 -296.071
24540 -1629.88 -300.19
24570 -1641.44 -300.524
24600 -1622.03 -296.627
24630 -1625.19 -297.073
24660 -1619.14 -297.073
24690 -1626.36 -301.191
24720 -1616.79 -294.512
24750 -1624.83 -299.41
24780 -1625.46 -298.52
24810 -1625.55 -298.297
24840 -1623.56 -298.186
24870 -1622.12 -299.299
24900 -1618.95 -300.19
24930 -1613.72 -303.084
24960 -1623.74 -299.744
24990 -1623.11 -301.191
25020 -1624.01 -301.859
25050 -1623.11 -301.525
25080 -1623.38 -301.08
25110 -1623.02 -301.191
25140 -1619.14 -301.525
25170 -1618.95 -302.75
25200 -1624.1 -306.089
25230 -1628.17 -302.639
25260 -1625.28 -302.973
25290 -1623.65 -308.872
25320 -1610.28 -296.405
25350 -1620.67 -305.867
25380 -1624.55 -303.863
25410 -1625.91 -302.861
25440 -1624.92 -296.182
25470 -1623.65 -296.182
25500 -1623.65 -295.737
25530 -1622.66 -296.627
25560 -1622.12 -297.518
25590 -1621.3 -296.405
25620 -1619.68 -295.96
25650 -1617.24 -296.85
25680 -1614.26 -294.846
25710 -1606.04 -279.819
25740 -1601.07 -259.781
25770 -1581.38 -330.245
25800 -1587.7 -315.774
25830 -1622.03 -295.514
25860 -1625.28 -296.293
25890 -1623.29 -297.295
25920 -1624.37 -296.627
25950 -1622.75 -297.073
25980 -1622.84 -297.741
26010 -1623.11 -297.963
26040 -1623.65 -297.852
26070 -1623.11 -298.297
26100 -1622.93 -299.744
26130 -1621.66 -300.19
26160 -1619.41 -300.078
26190 -1629.43 -306.089
26220 -1628.62 -308.65
26250 -1628.26 -307.091
26280 -1624.37 -301.303
26310 -1628.44 -297.963
26340 -1630.79 -304.865
26370 -1624.55 -300.524
26400 -1624.19 -299.076
26430 -1625.01 -298.075
26460 -1626.9 -289.614
26490 -1623.92 -292.397
26520 -1625.55 -296.516
26550 -1624.46 -302.193
26580 -1623.92 -301.191
26610 -1625.64 -293.622
26640 -1629.34 -286.052
26670 -1629.07 -283.715
26700 -1625.64 -294.29
26730 -1626.27 -289.169
26760 -1626.18 -290.171
26790 -1626 -291.952
26820 -1624.1 -291.284
26850 -1624.19 -294.067
26880 -1628.17 -293.399
26910 -1625.73 -297.852
26940 -1630.15 -303.752
26970 -1624.92 -295.292
27000 -1626.18 -297.184
27030 -1631.42 -306.089
27060 -1621.21 -285.718
27090 -1620.76 -285.607
27120 -1622.3 -288.279
27150 -1629.43 -302.416
27180 -1627.99 -302.416
27210 -1624.1 -287.722
27240 -1628.62 -289.169
27270 -1629.7 -299.633
27300 -1628.62 -303.752
27330 -1624.19 -309.206
27360 -1626.09 -297.852
27390 -1631.51 -312.88
27420 -1616.06 -298.409
27450 -1624.64 -288.835
27480 -1628.71 -285.83
27510 -1625.82 -297.852
27540 -1627.08 -286.72
27570 -1629.07 -282.268
27600 -1624.46 -289.614
27630 -1626.27 -290.171
27660 -1621.21 -285.607
27690 -1617.15 -288.835
27720 -1625.37 -291.396
27750 -1626.63 -290.728
27780 -1623.2 -295.069
27810 -1625.64 -291.284
27840 -1624.37 -293.399
27870 -1622.93 -296.85
27900 -1622.21 -300.078
27930 -1622.21 -299.299
27960 -1622.39 -299.967
27990 -1622.75 -294.624
28020 -1622.12 -300.19
28050 -1620.94 -305.978
28080 -1621.66 -305.867
28110 -1620.13 -315.44
28140 -1620.85 -306.201
28170 -1622.21 -292.175
28200 -1625.01 -292.843
28230 -1624.19 -286.498
28260 -1623.92 -291.618
28290 -1624.92 -290.616
28320 -1623.47 -295.069
28350 -1618.77 -288.279
28380 -1616.06 -280.041
28410 -1624.46 -289.392
28440 -1628.17 -292.731
28470 -1631.15 -280.041
28500 -1630.15 -277.37
28530 -1627.53 -292.509
28560 -1632.14 -300.078
28590 -1630.88 -293.065
28620 -1628.53 -293.622
28650 -1626.09 -291.507
28680 -1625.19 -304.086
28710 -1623.92 -296.516
28740 -1620.85 -290.616
28770 -1623.38 -288.947
28800 -1631.33 -286.052
28830 -1629.61 -293.399
28860 -1626 -299.076
28890 -1624.19 -301.525
28920 -1623.11 -295.848
28950 -1623.56 -292.175
28980 -1627.62 -287.722
29010 -1620.13 -288.279
29040 -1619.41 -288.279
29070 -1619.14 -289.169
29100 -1620.04 -291.841
29130 -1616.15 -300.969
29160 -1621.39 -297.741
29190 -1623.11 -297.184
29220 -1624.73 -294.178
29250 -1624.64 -293.511
29280 -1624.92 -292.62
29310 -1624.28 -292.175
29340 -1624.01 -292.286
29370 -1624.46 -292.397
29400 -1625.55 -291.284
29430 -1626.81 -295.18
29460 -1626.09 -297.407
29490 -1627.35 -298.742
29520 -1628.26 -295.737
29550 -1628.44 -291.062
29580 -1627.26 -292.175
29610 -1627.53 -292.175
29640 -1623.47 -297.741
29670 -1627.44 -306.98
29700 -1628.8 -299.856
29730 -1630.06 -297.741
29760 -1630.97 -297.295
29790 -1630.15 -296.405
29820 -1628.53 -295.069
29850 -1627.26 -293.956
29880 -1626.63 -293.845
29910 -1626.9 -293.288
29940 -1624.28 -295.848
29970 -1628.17 -303.195
30000 -1623.74 -296.961
30030 -1625.28 -289.392
30060 -1628.44 -294.067
30090 -1626.18 -300.857
30120 -1621.93 -307.982
30150 -1626.45 -304.865
30180 -1620.4 -302.082
30210 -1619.32 -301.971
30240 -1622.57 -300.19
30270 -1625.37 -297.629
30300 -1625.01 -295.626
30330 -1622.03 -285.718
30360 -1620.58 -288.167
30390 -1630.61 -286.275
30420 -1623.02 -286.164
30450 -1619.95 -287.277
30480 -1615.79 -280.709
30510 -1624.64 -288.39
30540 -1625.64 -289.503
30570 -1618.23 -286.943
30600 -1623.47 -295.626
30630 -1619.86 -290.728
30660 -1619.95 -291.173
30690 -1621.39 -291.173
30720 -1626.27 -294.29
30750 -1621.57 -291.507
30780 -1622.12 -291.952
30810 -1623.65 -292.509
30840 -1623.83 -291.841
30870 -1625.01 -297.963
30900 -1627.99 -298.297
30930 -1627.62 -297.184
30960 -1624.1 -296.85
30990 -1625.1 -296.293
31020 -1625.19 -295.514
31050 -1623.83 -295.069
31080 -1623.02 -294.512
31110 -1623.2 -294.401
31140 -1622.93 -294.512
31170 -1623.11 -294.846
31200 -1622.66 -295.292
31230 -1623.29 -295.96
31260 -1623.2 -296.516
31290 -1621.12 -297.407
31320 -1621.75 -296.627
31350 -1621.75 -295.96
31380 -1621.75 -295.403
31410 -1622.03 -295.403
31440 -1621.12 -295.737
31470 -1620.67 -297.073
31500 -1620.31 -296.405
31530 -1620.22 -296.961
31560 -1622.39 -298.965
31590 -1617.24 -291.952
31620 -1615.88 -292.843
31650 -1612.63 -288.835
31680 -1618.5 -292.843
31710 -1619.32 -295.96
31740 -1614.89 -292.397
31770 -1611.64 -286.052
31800 -1616.43 -299.744
31830 -1623.56 -297.629
31860 -1625.73 -288.613
31890 -1621.12 -297.963
31920 -1622.3 -290.839
31950 -1624.46 -292.175
31980 -1624.83 -292.731
32010 -1622.84 -292.175
32040 -1625.82 -296.293
32070 -1621.93 -289.837
32100 -1621.03 -289.169
32130 -1620.49 -287.611
32160 -1623.92 -285.941
32190 -1623.56 -282.379
32220 -1623.74 -291.952
32250 -1624.83 -292.286
32280 -1623.47 -292.62
32310 -1622.75 -293.288
32340 -1622.03 -296.516
32370 -1621.66 -298.631
32400 -1621.12 -297.852
32430 -1623.29 -299.522
32460 -1624.55 -295.292
32490 -1625.64 -295.069
32520 -1625.1 -294.846
32550 -1625.46 -296.071
32580 -1626.45 -297.852
32610 -1626.36 -298.965
32640 -1623.92 -303.084
32670 -1622.12 -308.761
32700 -1622.57 -313.436
32730 -1617.96 -308.093
32760 -1619.5 -302.639
32790 -1624.92 -301.525
32820 -1623.92 -300.078
32850 -1621.39 -298.854
32880 -1619.77 -294.178
32910 -1620.94 -298.186
32940 -1623.2 -299.744
32970 -1622.48 -297.295
33000 -1624.19 -297.073
33030 -1619.86 -298.965
33060 -1621.93 -301.303
33090 -1625.91 -298.854
33120 -1625.19 -298.52
33150 -1624.46 -296.293
33180 -1624.73 -295.626
33210 -1623.02 -295.403
33240 -1624.37 -293.511
33270 -1623.02 -296.293
33300 -1620.76 -298.965
33330 -1620.49 -298.742
33360 -1618.41 -299.076
33390 -1615.7 -301.859
33420 -1616.52 -301.303
33450 -1618.41 -300.857
33480 -1621.12 -293.288
33510 -1621.66 -288.947
33540 -1622.75 -289.281
33570 -1623.83 -290.171
33600 -1623.74 -292.843
33630 -1617.87 -298.742
33660 -1623.11 -297.073
33690 -1624.19 -293.733
33720 -1622.12 -291.841
33750 -1620.13 -292.063
33780 -1621.66 -290.394
33810 -1621.66 -290.616
33840 -1620.4 -291.729
33870 -1620.67 -290.728
33900 -1625.28 -290.505
33930 -1629.16 -291.062
33960 -1626 -291.173
33990 -1617.96 -294.178
34020 -1612.54 -303.752
34050 -1628.08 -300.969
34080 -1626.72 -307.203
34110 -1626.36 -306.646
34140 -1614.8 -302.305
34170 -1620.4 -297.629
34200 -1622.3 -295.626
34230 -1622.3 -295.514
34260 -1623.38 -294.958
34290 -1620.31 -298.854
34320 -1635.03 -282.935
34350 -1636.75 -286.609
34380 -1625.19 -296.293
34410 -1625.01 -289.503
34440 -1626.54 -290.616
34470 -1627.53 -290.839
34500 -1630.06 -289.503
34530 -1631.24 -291.396
34560 -1626 -291.062
34590 -1625.55 -291.284
34620 -1622.57 -291.952
34650 -1621.48 -292.731
34680 -1617.33 -294.178
34710 -1619.14 -294.401
34740 -1620.49 -291.618
34770 -1620.58 -291.396
34800 -1613.17 -291.284
34830 -1615.16 -289.058
34860 -1614.8 -285.83
34890 -1619.14 -288.501
34920 -1620.49 -289.392
34950 -1624.19 -289.392
34980 -1623.92 -290.616
35010 -1629.25 -281.043
35040 -1628.44 -279.151
35070 -1624.46 -298.297
35100 -1625.64 -290.616
35130 -1624.73 -290.839
35160 -1621.57 -290.728
35190 -1619.5 -289.614
35220 -1622.48 -290.06
35250 -1630.7 -296.85
35280 -1641.53 -302.639
35310 -1639.37 -298.52
35340 -1628.8 -286.832
35370 -1625.01 -284.16
35400 -1635.3 -297.518
35430 -1628.71 -288.167
35460 -1627.35 -291.952
35490 -1628.35 -296.405
35520 -1625.82 -296.961
35550 -1625.01 -297.295
35580 -1622.21 -295.069
35610 -1617.15 -279.039
35640 -1623.38 -284.828
35670 -1629.07 -284.16
35700 -1624.83 -283.269
35730 -1622.93 -298.186
35760 -1623.92 -289.614
35790 -1623.65 -287.166
35820 -1623.29 -288.724
35850 -1624.1 -290.616
35880 -1623.38 -291.396
35910 -1622.3 -292.509
35940 -1618.95 -291.507
35970 -1619.41 -291.618
36000 -1622.12 -292.397
36030 -1617.96 -295.626
36060 -1616.61 -297.963
36090 -1620.67 -295.292
36120 -1621.39 -291.841
36150 -1622.3 -292.063
36180 -1623.29 -292.954
36210 -1623.29 -291.729
36240 -1624.64 -292.62
36270 -1624.83 -293.065
36300 -1624.28 -292.286
36330 -1627.35 -296.071
36360 -1622.66 -290.839
36390 -1623.65 -290.505
36420 -1626.45 -294.624
36450 -1627.08 -292.954
36480 -1626.09 -289.726
36510 -1628.35 -283.158
36540 -1626.54 -289.503
36570 -1623.92 -288.279
36600 -1623.02 -291.507
36630 -1631.24 -290.06
36660 -1630.79 -294.846
36690 -1628.98 -293.622
36720 -1625.28 -285.384
36750 -1629.07 -286.164
36780 -1624.28 -282.268
36810 -1624.73 -291.952
36840 -1623.02 -293.065
36870 -1623.29 -295.069
36900 -1625.37 -293.733
36930 -1630.7 -298.631
36960 -1618.86 -300.635
36990 -1627.17 -286.164
37020 -1626.45 -292.063
37050 -1625.28 -293.288
37080 -1620.85 -292.62
37110 -1626.36 -298.297
37140 -1628.35 -305.199
37170 -1623.47 -296.85
37200 -1623.83 -297.852
37230 -1625.91 -297.963
37260 -1624.01 -298.854
37290 -1620.31 -292.843
37320 -1620.67 -295.737
37350 -1624.64 -291.062
37380 -1624.1 -295.069
37410 -1629.61 -287.722
37440 -1631.6 -282.713
37470 -1629.79 -284.828
37500 -1625.64 -293.622
37530 -1623.92 -291.841
37560 -1624.92 -292.063
37590 -1623.74 -294.624
37620 -1622.57 -295.514
37650 -1623.02 -296.071
37680 -1623.65 -296.516
37710 -1624.55 -297.295
37740 -1624.73 -294.735
37770 -1624.1 -295.069
37800 -1624.64 -291.507
37830 -1622.3 -289.169
37860 -1619.95 -288.279
37890 -1621.57 -288.167
37920 -1625.37 -289.726
37950 -1623.83 -291.173
37980 -1622.21 -291.952
38010 -1624.19 -294.512
38040 -1623.83 -294.29
38070 -1623.56 -294.512
38100 -1624.19 -296.071
38130 -1624.64 -295.18
38160 -1625.82 -295.626
38190 -1626.9 -295.292
38220 -1628.26 -294.512
38250 -1628.8 -295.514
38280 -1627.35 -295.626
38310 -1626.09 -295.514
38340 -1623.83 -296.293
38370 -1623.65 -296.182
38400 -1625.19 -296.961
38430 -1626.09 -296.071
38460 -1626 -295.18
38490 -1624.83 -293.733
38520 -1624.64 -293.177
38550 -1624.55 -293.399
38580 -1622.48 -292.509
38610 -1624.28 -298.186
38640 -1623.47 -294.178
38670 -1621.93 -303.418
38700 -1623.11 -301.08
38730 -1630.88 -300.19
38760 -1638.82 -297.741
38790 -1624.92 -299.856
38820 -1624.92 -297.852
38850 -1626.27 -296.405
38880 -1623.29 -295.737
38910 -1603.96 -296.071
38940 -1622.75 -296.85
38970 -1619.5 -296.405
39000 -1619.68 -296.961
39030 -1622.03 -296.85
39060 -1627.44 -297.295
39090 -1626.45 -299.299
39120 -1613.72 -307.648
39150 -1624.46 -304.754
39180 -1632.05 -299.856
39210 -1627.99 -289.503
39240 -1627.81 -296.182
39270 -1627.35 -299.967
39300 -1627.81 -298.631
39330 -1626.9 -297.518
39360 -1625.01 -297.295
39390 -1623.74 -297.741
39420 -1623.92 -296.071
39450 -1629.52 -306.423
39480 -1634.49 -291.507
39510 -1655.26 -295.18
39540 -1646.59 -297.184
39570 -1637.74 -297.073
39600 -1635.84 -296.516
39630 -1641.62 -292.286
39660 -1637.92 -293.065
39690 -1648.49 -281.154
39720 -1633.31 -289.614
39750 -1619.77 -293.065
39780 -1622.57 -301.303
39810 -1616.06 -307.648
39840 -1610.92 -307.982
39870 -1632.77 -297.852
39900 -1627.81 -296.293
39930 -1627.72 -298.631
39960 -1629.07 -299.188
39990 -1632.5 -299.299
40020 -1628.62 -297.407
40050 -1634.13 -297.407
40080 -1635.84 -297.407
40110 -1634.04 -297.518
40140 -1630.06 -297.518
40170 -1630.15 -297.407
40200 -1629.25 -296.516
40230 -1628.62 -295.292
40260 -1629.61 -295.96
40290 -1624.64 -295.292
40320 -1628.35 -296.85
40350 -1625.91 -298.186
40380 -1625.64 -301.191
40410 -1627.17 -314.772
40440 -1627.26 -299.41
40470 -1623.92 -280.264
40500 -1617.15 -290.839
40530 -1622.66 -289.614
40560 -1623.11 -290.394
40590 -1622.21 -292.063
40620 -1623.92 -293.956
40650 -1640.09 -300.412
40680 -1629.34 -309.318
40710 -1618.5 -306.089
40740 -1622.21 -296.627
40770 -1618.14 -298.409
40800 -1617.42 -299.188
40830 -1618.14 -299.633
40860 -1619.95 -299.188
40890 -1623.29 -298.075
40920 -1620.85 -296.739
40950 -1618.41 -295.626
40980 -1615.34 -293.733
41010 -1622.21 -297.629
41040 -1621.12 -297.852
41070 -1620.94 -297.741
41100 -1622.57 -296.071
41130 -1621.75 -295.626
41160 -1622.12 -296.182
41190 -1622.03 -296.85
41220 -1622.12 -298.965
41250 -1619.95 -299.522
41280 -1620.4 -298.409
41310 -1623.2 -299.856
41340 -1628.8 -301.748
41370 -1624.55 -301.414
41400 -1622.21 -300.746
41430 -1625.1 -299.522
41460 -1624.28 -299.633
41490 -1624.19 -300.301
41520 -1624.1 -300.301
41550 -1623.92 -300.19
41580 -1625.37 -298.742
41610 -1627.08 -300.635
41640 -1625.55 -301.08
41670 -1627.08 -298.409
41700 -1628.08 -301.748
41730 -1626.27 -302.75
41760 -1622.75 -294.735
41790 -1617.96 -301.303
41820 -1626.27 -299.522
41850 -1627.53 -297.073
41880 -1623.11 -297.629
41910 -1624.28 -297.184
41940 -1626.09 -296.516
41970 -1624.46 -297.741
42000 -1624.46 -299.076
42030 -1623.11 -290.728
42060 -1627.17 -296.405
42090 -1627.72 -294.512
42120 -1628.98 -294.958
42150 -1629.52 -295.96
42180 -1633.31 -304.197
42210 -1630.61 -294.067
42240 -1628.17 -290.394
42270 -1626 -283.492
42300 -1625.55 -286.275
42330 -1624.64 -297.963
42360 -1624.19 -298.075
42390 -1624.37 -298.409
42420 -1628.62 -305.088
42450 -1627.9 -304.642
42480 -1626.18 -301.748
42510 -1626 -299.967
42540 -1625.64 -299.076
42570 -1624.92 -297.741
42600 -1624.19 -300.857
42630 -1623.38 -297.629
42660 -1623.29 -294.735
42690 -1622.39 -294.735
42720 -1621.84 -298.075
42750 -1622.21 -294.067
42780 -1621.12 -298.631
42810 -1620.67 -295.737
42840 -1620.94 -301.859
42870 -1621.03 -302.305
42900 -1619.5 -301.414
42930 -1621.57 -299.744
42960 -1626.54 -296.85
42990 -1626.9 -295.626
43020 -1618.32 -301.859
43050 -1628.08 -296.405
43080 -1629.88 -307.425
43110 -1627.08 -302.305
43140 -1626.36 -299.856
43170 -1625.82 -295.737
43200 -1622.21 -288.167
43230 -1625.91 -296.516
43260 -1626.36 -302.082
43290 -1624.19 -298.409
43320 -1623.29 -297.963
43350 -1625.28 -297.407
43380 -1625.46 -296.961
43410 -1625.91 -295.737
43440 -1626.54 -295.18
43470 -1628.35 -294.067
43500 -1628.17 -294.178
43530 -1626.27 -295.626
43560 -1625.55 -296.627
43590 -1624.37 -297.073
43620 -1620.85 -300.635
43650 -1624.64 -311.878
43680 -1627.08 -304.308
43710 -1622.39 -301.859
43740 -1627.53 -296.405
43770 -1630.61 -295.18
43800 -1626.99 -293.733
43830 -1624.19 -302.082
43860 -1622.75 -298.854
43890 -1626.9 -292.62
43920 -1628.44 -292.843
43950 -1621.57 -292.843
43980 -1616.61 -291.173
44010 -1616.15 -292.509
44040 -1619.04 -295.848
44070 -1619.41 -296.627
44100 -1617.51 -294.401
44130 -1615.25 -290.505
44160 -1619.04 -295.18
44190 -1616.97 -297.852
44220 -1617.96 -297.073
44250 -1619.32 -302.639
44280 -1619.5 -305.422
44310 -1620.31 -303.195
44340 -1621.75 -300.969
44370 -1622.21 -298.186
44400 -1630.06 -322.676
44430 -1617.06 -306.201
44460 -1610.46 -303.529
44490 -1626.18 -292.063
44520 -1615.52 -305.088
44550 -1623.56 -297.518
44580 -1631.51 -288.39
44610 -1634.4 -311.989
44640 -1617.24 -317.555
44670 -1615.34 -312.323
44700 -1626.99 -313.325
44730 -1625.28 -313.882
44760 -1622.21 -297.184
44790 -1627.26 -297.518
44820 -1619.32 -301.859
44850 -1620.76 -297.629
44880 -1613.17 -289.837
44910 -1624.28 -288.835
44940 -1621.39 -289.058
44970 -1620.85 -288.724
45000 -1620.85 -293.065
45030 -1626.72 -296.85
45060 -1627.72 -287.833
45090 -1635.21 -271.025
45120 -1627.72 -296.293
45150 -1634.58 -309.652
45180 -1628.44 -294.29
45210 -1628.8 -295.848
45240 -1629.88 -295.96
45270 -1629.79 -295.96
45300 -1629.61 -294.735
45330 -1626.72 -288.835
45360 -1616.88 -259.448
45390 -1624.64 -279.262
45420 -1635.75 -292.397
45450 -1622.93 -277.592
45480 -1625.1 -298.742
45510 -1623.65 -299.856
45540 -1623.83 -296.182
45570 -1625.91 -298.52
45600 -1625.73 -297.407
45630 -1625.19 -297.518
45660 -1624.92 -296.961
45690 -1624.28 -296.627
45720 -1627.26 -298.075
45750 -1626.72 -300.078
45780 -1621.93 -296.739
45810 -1627.81 -294.29
45840 -1625.73 -293.065
45870 -1628.53 -292.175
45900 -1626.9 -298.409
45930 -1628.53 -294.735
45960 -1626.09 -297.295
45990 -1623.56 -296.516
46020 -1626.99 -298.409
46050 -1626.18 -295.96
46080 -1625.28 -298.186
46110 -1622.48 -296.293
46140 -1620.22 -294.067
46170 -1620.4 -293.065
46200 -1620.76 -293.065
46230 -1622.75 -285.496
46260 -1617.06 -286.72
46290 -1621.3 -282.713
46320 -1617.33 -292.843
46350 -1624.83 -296.961
46380 -1624.19 -304.642
46410 -1633.86 -301.971
46440 -1629.25 -293.511
46470 -1624.01 -291.284
46500 -1622.39 -284.605
46530 -1621.57 -289.503
46560 -1620.31 -295.737
46590 -1626.18 -298.965
46620 -1621.75 -293.065
46650 -1625.64 -296.071
46680 -1629.25 -299.744
46710 -1620.04 -288.167
46740 -1621.39 -293.511
46770 -1622.57 -297.073
46800 -1622.3 -299.076
46830 -1607.12 -289.948
46860 -1602.16 -294.29
46890 -1644.15 -304.531
46920 -1621.57 -289.726
46950 -1628.17 -290.728
46980 -1626.81 -289.503
47010 -1623.29 -287.833
47040 -1625.82 -296.627
47070 -1624.55 -299.856
47100 -1632.32 -314.216
47130 -1626.72 -306.312
47160 -1623.29 -304.42
47190 -1618.32 -302.193
47220 -1623.83 -297.518
47250 -1623.74 -297.518
47280 -1624.83 -297.295
47310 -1627.62 -296.627
47340 -1624.64 -292.62
47370 -1629.07 -297.852
47400 -1620.31 -298.52
47430 -1619.41 -297.518
47460 -1615.25 -292.954
47490 -1615.61 -290.394
47520 -1615.61 -289.614
47550 -1618.05 -292.509
47580 -1619.41 -287.054
47610 -1619.77 -286.052
47640 -1627.81 -299.41
47670 -1624.28 -296.182
47700 -1623.29 -296.627
47730 -1622.21 -298.075
47760 -1620.4 -298.297
47790 -1620.31 -297.963
47820 -1624.01 -293.065
47850 -1627.26 -286.386
47880 -1624.83 -298.854
47910 -1635.57 -294.401
47940 -1633.22 -291.952
47970 -1639.28 -285.941
48000 -1627.26 -282.49
48030 -1624.92 -282.824
48060 -1621.39 -279.707
48090 -1621.93 -281.154
48120 -1624.1 -295.069
48150 -1622.93 -295.514
48180 -1625.46 -296.739
48210 -1623.2 -298.631
48240 -1623.38 -298.965
48270 -1623.11 -297.629
48300 -1623.47 -296.516
48330 -1624.19 -298.297
48360 -1628.08 -295.069
48390 -1629.25 -296.627
48420 -1629.25 -296.293
48450 -1628.17 -296.071
48480 -1625.82 -295.848
48510 -1625.37 -296.516
48540 -1623.92 -296.071
48570 -1623.65 -297.407
48600 -1625.64 -299.856
48630 -1625.82 -297.852
48660 -1628.26 -296.627
48690 -1621.93 -293.511
48720 -1621.57 -291.952
48750 -1622.75 -304.754
48780 -1623.29 -301.971
48810 -1611.73 -296.182
48840 -1614.71 -295.292
48870 -1618.86 -296.961
48900 -1624.55 -297.741
48930 -1617.33 -297.852
48960 -1619.04 -299.744
48990 -1619.59 -299.856
49020 -1624.19 -293.065
49050 -1625.37 -291.841
49080 -1626.45 -290.06
49110 -1627.26 -288.613
49140 -1625.64 -289.614
49170 -1626 -296.071
49200 -1625.46 -296.85
49230 -1624.92 -294.958
49260 -1624.46 -295.069
49290 -1627.53 -297.852
49320 -1627.9 -302.973
49350 -1627.53 -300.969
49380 -1628.89 -295.737
49410 -1627.44 -293.956
49440 -1626.27 -292.509
49470 -1625.55 -292.843
49500 -1624.83 -294.29
49530 -1623.65 -293.622
49560 -1623.11 -295.18
49590 -1623.65 -296.85
49620 -1625.55 -297.741
49650 -1623.56 -297.741
49680 -1620.94 -293.622
49710 -1624.55 -302.973
49740 -1624.55 -300.19
49770 -1627.35 -299.076
49800 -1628.26 -300.524
49830 -1626.63 -296.961
49860 -1628.08 -293.956
49890 -1624.19 -296.293
49920 -1622.66 -298.409
49950 -1623.47 -298.631
49980 -1624.83 -298.409
50010 -1625.19 -296.85
50040 -1625.91 -296.182
50070 -1624.37 -296.85
50100 -1624.1 -296.627
50130 -1627.62 -292.509
50160 -1626.99 -304.197
50190 -1627.81 -293.511
50220 -1627.9 -291.952
50250 -1628.44 -291.173
50280 -1628.26 -290.95
50310 -1629.7 -296.85
50340 -1627.62 -300.078
50370 -1629.79 -302.527
50400 -1625.46 -296.516
50430 -1626.36 -301.637
50460 -1625.91 -297.518
50490 -1625.46 -295.96
50520 -1626.27 -296.627
50550 -1624.28 -298.409
50580 -1624.1 -301.191
50610 -1626.54 -301.748
50640 -1622.66 -296.85
50670 -1620.94 -296.85
50700 -1622.48 -296.182
50730 -1627.35 -296.85
50760 -1625.37 -296.071
50790 -1624.55 -295.848
50820 -1622.75 -297.629
50850 -1623.74 -295.848
50880 -1622.84 -296.405
50910 -1622.93 -295.737
50940 -1622.21 -293.845
50970 -1621.21 -291.507
51000 -1621.39 -292.731
51030 -1620.22 -293.845
51060 -1620.94 -293.733
51090 -1622.93 -291.729
51120 -1632.14 -293.177
51150 -1626.54 -291.841
51180 -1627.26 -292.063
51210 -1624.28 -291.729
51240 -1624.1 -292.509
51270 -1619.14 -296.071
51300 -1616.43 -294.735
51330 -1618.32 -296.516
51360 -1618.59 -298.186
51390 -1624.55 -296.516
51420 -1622.39 -296.85
51450 -1617.51 -298.186
51480 -1621.93 -294.735
51510 -1622.21 -296.182
51540 -1618.77 -302.082
51570 -1618.5 -302.305
51600 -1614.62 -304.42
51630 -1619.77 -298.742
51660 -1619.68 -299.967
51690 -1625.28 -301.191
51720 -1625.91 -300.412
51750 -1626.72 -298.631
51780 -1626.63 -298.186
51810 -1624.73 -298.409
51840 -1622.12 -300.857
51870 -1621.21 -301.08
51900 -1621.48 -300.635
51930 -1621.48 -300.635
51960 -1623.11 -299.633
51990 -1624.37 -298.965
52020 -1625.1 -298.297
52050 -1625.37 -297.073
52080 -1626.09 -296.071
52110 -1626.63 -295.514
52140 -1626.9 -295.514
52170 -1627.17 -295.403
52200 -1627.62 -297.518
52230 -1626.45 -297.518
52260 -1626.45 -297.741
52290 -1624.73 -296.85
52320 -1623.2 -296.627
52350 -1622.75 -296.516
52380 -1621.57 -297.184
52410 -1619.41 -296.739
52440 -1619.77 -296.293
52470 -1620.76 -296.516
52500 -1620.76 -297.295
52530 -1619.41 -297.295
52560 -1620.4 -296.627
52590 -1615.43 -299.522
52620 -1618.41 -299.856
52650 -1622.75 -298.186
52680 -1623.74 -293.845
52710 -1625.46 -292.62
52740 -1625.64 -293.733
52770 -1625.01 -293.733
52800 -1623.65 -294.178
52830 -1622.03 -295.403
52860 -1622.84 -294.624
52890 -1622.57 -294.512
52920 -1624.01 -293.845
52950 -1626.54 -291.618
52980 -1620.67 -294.846
53010 -1620.49 -295.18
53040 -1625.1 -287.945
53070 -1624.46 -290.839
53100 -1627.17 -288.167
53130 -1626.54 -290.282
53160 -1628.44 -288.835
53190 -1625.28 -291.729
53220 -1622.66 -295.626
53250 -1624.73 -293.511
53280 -1631.24 -285.607
53310 -1630.15 -290.06
53340 -1634.85 -282.49
53370 -1623.2 -300.635
53400 -1616.15 -304.197
53430 -1613.63 -306.089
53460 -1617.42 -305.755
53490 -1630.88 -299.299
53520 -1630.33 -299.299
53550 -1627.81 -298.297
53580 -1627.35 -304.754
53610 -1627.53 -294.29
53640 -1625.46 -297.073
53670 -1625.19 -296.293
53700 -1620.13 -289.169
53730 -1618.86 -289.614
53760 -1620.04 -292.843
53790 -1623.65 -291.952
53820 -1621.48 -293.399
53850 -1622.03 -294.067
53880 -1623.29 -292.731
53910 -1622.75 -291.396
53940 -1622.57 -292.954
53970 -1618.5 -289.837
54000 -1622.84 -292.286
54030 -1618.05 -293.288
54060 -1634.58 -279.93
54090 -1626.54 -291.396
54120 -1626.81 -295.514
54150 -1632.23 -293.956
54180 -1631.51 -292.62
54210 -1631.33 -297.184
54240 -1629.79 -298.52
54270 -1629.25 -299.522
54300 -1630.51 -297.741
54330 -1620.4 -292.731
54360 -1629.16 -296.516
54390 -1629.07 -298.854
54420 -1623.38 -297.184
54450 -1622.57 -296.293
54480 -1624.83 -296.627
54510 -1626.81 -297.741
54540 -1624.46 -297.073
54570 -1627.35 -297.518
54600 -1635.48 -301.414
54630 -1636.66 -304.642
54660 -1625.73 -297.852
54690 -1624.83 -295.848
54720 -1627.35 -291.618
54750 -1627.26 -291.952
54780 -1630.88 -299.633
54810 -1629.88 -296.85
54840 -1628.26 -295.069
54870 -1627.08 -294.735
54900 -1627.35 -295.96
54930 -1623.47 -292.954
54960 -1626.18 -294.958
54990 -1620.85 -292.731
55020 -1624.73 -289.614
55050 -1639.19 -285.718
55080 -1631.24 -292.731
55110 -1630.15 -298.742
55140 -1627.17 -297.963
55170 -1628.44 -297.184
55200 -1628.44 -296.627
55230 -1629.7 -297.184
55260 -1629.79 -296.85
55290 -1627.53 -296.85
55320 -1627.26 -297.073
55350 -1625.01 -297.295
55380 -1629.07 -299.41
55410 -1624.55 -297.407
55440 -1621.75 -296.961
55470 -1626.63 -297.629
55500 -1628.62 -298.186
55530 -1629.07 -298.297
55560 -1629.34 -297.741
55590 -1625.91 -295.069
55620 -1623.29 -293.622
55650 -1624.73 -294.735
55680 -1623.38 -295.848
55710 -1621.66 -295.96
55740 -1621.57 -296.071
55770 -1629.97 -294.401
55800 -1626 -295.848
55830 -1628.62 -295.069
55860 -1629.07 -294.958
55890 -1626 -299.076
55920 -1625.64 -298.297
55950 -1623.83 -300.857
55980 -1631.51 -301.748
56010 -1638.55 -304.197
56040 -1627.44 -293.399
56070 -1634.4 -291.952
56100 -1635.75 -289.837
56130 -1625.37 -287.277
56160 -1625.1 -296.293
56190 -1625.64 -295.514
56220 -1626.9 -295.848
56250 -1625.1 -294.178
56280 -1627.17 -300.301
56310 -1625.91 -297.963
56340 -1626.45 -294.958
56370 -1626.09 -296.182
56400 -1626.63 -296.85
56430 -1624.37 -295.069
56460 -1622.3 -290.505
56490 -1622.57 -294.512
56520 -1626.45 -296.85
56550 -1627.17 -297.518
56580 -1626.9 -295.514
56610 -1624.28 -297.073
56640 -1622.03 -296.627
56670 -1624.83 -293.622
56700 -1628.98 -294.958
56730 -1620.04 -298.742
56760 -1612.45 -297.852
56790 -1614.35 -306.646
56820 -1582.01 -298.631
56850 -1580.84 -285.941
56880 -1578.4 -276.702
56910 -1583.91 -273.919
56940 -1525.03 -300.301
56970 -1535.68 -305.31
57000 -1390.18 -240.635
57030 -904.55 79.8471
57060 -669.636 334.986
57090 -427.587 539.253
57120 -166.211 919.512
57150 300.907 769.568
57180 582.966 888.788
57210 752.219 1199.59
57240 833.866 1380.7
57270 770.824 1404.97
57300 767.573 1400.18
57330 885.707 1379.7
57360 853.013 1553.57
57390 796.745 1615.58
57420 622.073 1674.24
57450 396.462 1746.71
57480 66.1739 1836.88
57510 -56.5665 1853.46
57540 -96.7574 1716.99
57570 -112.473 1566.49
57600 -156.186 1470.75
57630 -169.553 1412.31
57660 55.2456 1311.9
57690 218.177 1253.91
57720 222.873 1258.47
57750 226.034 1132.35
57780 -32.452 1000.88
57810 -154.921 959.029
57840 -427.949 553.279
57870 -641.006 366.711
57900 -608.04 312.611
57930 -307.466 134.058
57960 -88.358 67.6022
