0 -1914.83 1591.09
30 -1898.12 1788.68
60 -1845.92 1758.55
90 -1856.02 1808.11
120 -1885.95 1843.39
150 -1894.59 1843.25
180 -1898.88 1825.42
210 -1897.85 1831.42
240 -1897.85 1831.42
270 -1897.85 1831.42
300 -1897.85 1831.42
330 -1897.85 1831.42
360 -1897.85 1831.42
390 -1897.85 1831.42
420 -1897.85 1831.42
450 -1897.85 1831.42
480 -1895.9 1815.81
510 -1891.05 1818.26
540 -1889.1 1850.83
570 -1891.81 1849.39
600 -1899.82 1828.78
630 -1878.58 1809.13
660 -1877.62 1809.49
690 -1877.62 1809.49
720 -1877.62 1809.49
750 -1877.62 1809.49
780 -1877.62 1809.49
810 -1877.62 1809.49
840 -1877.62 1809.49
870 -1877.62 1809.49
900 -1877.62 1809.49
930 -1877.62 1809.49
960 -1877.62 1809.49
990 -1877.62 1809.49
1020 -1881.44 1786.34
1050 -1904.4 1761.6
1080 -1902.88 1745.04
1110 -1897.71 1778.12
1140 -1896.78 1782.31
1170 -1896.79 1780.68
1200 -1896.8 1779.05
1230 -1896.82 1777.41
1260 -1896.83 1775.78
1290 -1896.84 1774.15
1320 -1896.85 1772.52
1350 -1899.16 1780.18
1380 -1903.34 1776.3
1410 -1910.26 1786.24
1440 -1915.6 1793.04
1470 -1907.97 1785.11
1500 -1912.73 1775.25
1530 -1901.06 1764.34
1560 -1860.47 1832.05
1590 -1823.25 1928.58
1620 -1838.08 1953.64
1650 -1886.9 1847.26
1680 -1919.59 1811.93
1710 -1895.41 1834.86
1740 -1879.81 1821
1770 -1895.47 1812.87
1800 -1900.19 1806.71
1830 -1904.91 1800.54
1860 -1909.63 1794.38
1890 -1914.35 1788.21
1920 -1903.57 1836.26
1950 -1901.77 1872.21
1980 -1902.13 1860.34
2010 -1902.49 1848.47
2040 -1901.22 1858.29
2070 -1899.62 1834.24
2100 -1881.92 1825.39
2130 -1896.37 1840.67
2160 -1912.85 1876.33
2190 -1915.37 1918.81
2220 -1906.63 1906.12
2250 -1897.88 1893.44
2280 -1889.14 1880.75
2310 -1880.39 1868.07
2340 -1871.65 1855.38
2370 -1862.9 1842.7
2400 -1854.16 1830.01
2430 -1874.01 1898.3
2460 -1887.9 1850.44
2490 -1894.66 1775.28
2520 -1896.64 1732.43
2550 -1893.59 1843.1
2580 -1889.95 1814.22
2610 -1886.72 1822.34
2640 -1902.64 1812.55
2670 -1910.93 1770.31
2700 -1915.46 1756.95
2730 -1915.46 1756.95
2760 -1915.46 1756.95
2790 -1915.46 1756.95
2820 -1915.46 1756.95
2850 -1915.46 1756.95
2880 -1915.46 1756.95
2910 -1915.46 1756.95
2940 -1915.46 1756.95
2970 -1915.46 1756.95
3000 -1915.46 1756.95
3030 -1915.46 1756.95
3060 -1915.46 1756.95
3090 -1915.46 1756.95
3120 -1915.46 1756.95
3150 -1915.46 1756.95
3180 -1915.46 1756.95
3210 -1915.46 1756.95
3240 -1915.46 1756.95
3270 -1915.46 1756.95
3300 -1934.35 1765.38
3330 -1963.81 1788.17
3360 -1897.49 1864.71
3390 -1897.49 1864.71
3420 -1897.49 1864.71
3450 -1897.49 1864.71
3480 -1897.49 1864.71
3510 -1897.49 1864.71
3540 -1897.49 1864.71
3570 -1897.49 1864.71
3600 -1897.49 1864.71
3630 -1897.49 1864.71
3660 -1897.49 1864.71
3690 -1897.49 1864.71
3720 -1897.49 1864.71
3750 -1897.49 1864.71
3780 -1897.49 1864.71
3810 -1897.49 1864.71
3840 -1897.49 1864.71
3870 -1897.49 1864.71
3900 -1897.49 1864.71
3930 -1897.49 1864.71
3960 -1897.49 1864.71
3990 -1897.49 1864.71
4020 -1897.49 1864.71
4050 -1897.49 1864.71
4080 -1897.49 1864.71
4110 -1897.49 1864.71
4140 -1897.49 1864.71
4170 -1897.49 1864.71
4200 -1897.49 1864.71
4230 -1897.49 1864.71
4260 -1897.49 1864.71
4290 -1897.49 1864.71
4320 -1897.49 1864.71
4350 -1897.49 1864.71
4380 -1897.49 1864.71
4410 -1897.49 1864.71
4440 -1897.49 1864.71
4470 -1897.49 1864.71
4500 -1897.49 1864.71
4530 -1897.49 1864.71
4560 -1897.49 1864.71
4590 -1897.49 1864.71
4620 -1897.49 1864.71
4650 -1897.49 1864.71
4680 -1897.49 1864.71
4710 -1897.49 1864.71
4740 -1897.49 1864.71
4770 -1897.49 1864.71
4800 -1897.49 1864.71
4830 -1897.49 1864.71
4860 -1897.49 1864.71
4890 -1897.49 1864.71
4920 -1897.49 1864.71
4950 -1897.49 1864.71
4980 -1897.49 1864.71
5010 -1897.49 1864.71
5040 -1897.49 1864.71
5070 -1897.49 1864.71
5100 -1897.49 1864.71
5130 -1897.49 1864.71
5160 -1897.49 1864.71
5190 -1897.49 1864.71
5220 -1897.49 1864.71
5250 -1897.49 1864.71
5280 -1897.49 1864.71
5310 -1897.49 1864.71
5340 -1897.49 1864.71
5370 -1897.49 1864.71
5400 -1897.49 1864.71
5430 -1897.49 1864.71
5460 -1897.49 1864.71
5490 -1897.49 1864.71
5520 -1897.49 1864.71
5550 -1897.49 1864.71
5580 -1897.49 1864.71
5610 -1897.49 1864.71
5640 -1897.49 1864.71
5670 -1897.49 1864.71
5700 -1897.49 1864.71
5730 -1897.49 1864.71
5760 -1897.49 1864.71
5790 -1897.49 1864.71
5820 -1897.49 1864.71
5850 -1897.49 1864.71
5880 -1897.49 1864.71
5910 -1897.49 1864.71
5940 -1897.49 1864.71
5970 -1897.49 1864.71
6000 -1897.49 1864.71
6030 -1897.49 1864.71
6060 -1897.49 1864.71
6090 -1897.49 1864.71
6120 -1897.49 1864.71
6150 -1897.49 1864.71
6180 -1897.49 1864.71
6210 -1897.49 1864.71
6240 -1897.49 1864.71
6270 -1897.49 1864.71
6300 -1897.49 1864.71
6330 -1897.49 1864.71
6360 -1897.49 1864.71
6390 -1897.49 1864.71
6420 -1897.49 1864.71
6450 -1897.49 1864.71
6480 -1897.49 1864.71
6510 -1897.49 1864.71
6540 -1897.49 1864.71
6570 -1897.49 1864.71
6600 -1897.49 1864.71
6630 -1897.49 1864.71
6660 -1897.49 1864.71
6690 -1897.49 1864.71
6720 -1897.49 1864.71
6750 -1897.49 1864.71
6780 -1897.49 1864.71
6810 -1897.49 1864.71
6840 -1897.49 1864.71
6870 -1897.49 1864.71
6900 -1897.49 1864.71
6930 -1897.49 1864.71
6960 -1897.49 1864.71
6990 -1897.49 1864.71
7020 -1897.49 1864.71
7050 -1897.49 1864.71
7080 -1897.49 1864.71
7110 -1897.49 1864.71
7140 -1897.49 1864.71
7170 -1897.49 1864.71
7200 -1897.49 1864.71
7230 -1897.49 1864.71
7260 -1897.49 1864.71
7290 -1897.49 1864.71
7320 -1897.49 1864.71
7350 -1897.49 1864.71
7380 -1897.49 1864.71
7410 -1897.49 1864.71
7440 -1897.49 1864.71
7470 -1897.49 1864.71
7500 -1897.49 1864.71
7530 -1897.49 1864.71
7560 -1897.49 1864.71
7590 -1897.49 1864.71
7620 -1897.49 1864.71
7650 -1897.49 1864.71
7680 -1897.49 1864.71
7710 -1897.49 1864.71
7740 -1897.49 1864.71
7770 -1897.49 1864.71
7800 -1897.49 1864.71
7830 -1897.49 1864.71
7860 -1897.49 1864.71
7890 -1897.49 1864.71
7920 -1897.49 1864.71
7950 -1897.49 1864.71
7980 -1897.49 1864.71
8010 -1897.49 1864.71
8040 -1897.49 1864.71
8070 -1897.49 1864.71
8100 -1897.49 1864.71
8130 -1897.49 1864.71
8160 -1897.49 1864.71
8190 -1897.49 1864.71
8220 -1897.49 1864.71
8250 -1897.49 1864.71
8280 -1897.49 1864.71
8310 -1897.49 1864.71
8340 -1897.49 1864.71
8370 -1897.49 1864.71
8400 -1897.49 1864.71
8430 -1897.49 1864.71
8460 -1897.49 1864.71
8490 -1897.49 1864.71
8520 -1897.49 1864.71
8550 -1897.49 1864.71
8580 -1897.49 1864.71
8610 -1897.49 1864.71
8640 -1897.49 1864.71
8670 -1897.49 1864.71
8700 -1897.49 1864.71
8730 -1897.49 1864.71
8760 -1897.49 1864.71
8790 -1897.49 1864.71
8820 -1897.49 1864.71
8850 -1897.49 1864.71
8880 -1897.49 1864.71
8910 -1897.49 1864.71
8940 -1897.49 1864.71
8970 -1897.49 1864.71
9000 -1897.49 1864.71
9030 -1897.49 1864.71
9060 -1897.49 1864.71
9090 -1897.49 1864.71
9120 -1897.49 1864.71
9150 -1897.49 1864.71
9180 -1897.49 1864.71
9210 -1897.49 1864.71
9240 -1897.49 1864.71
9270 -1897.49 1864.71
9300 -1897.49 1864.71
9330 -1897.49 1864.71
9360 -1897.49 1864.71
9390 -1897.49 1864.71
9420 -1897.49 1864.71
9450 -1897.49 1864.71
9480 -1897.49 1864.71
9510 -1897.49 1864.71
9540 -1897.49 1864.71
9570 -1897.49 1864.71
9600 -1897.49 1864.71
9630 -1897.49 1864.71
9660 -1897.49 1864.71
9690 -1897.49 1864.71
9720 -1897.49 1864.71
9750 -1897.49 1864.71
9780 -1897.49 1864.71
9810 -1897.49 1864.71
9840 -1897.49 1864.71
9870 -1897.49 1864.71
9900 -1897.49 1864.71
9930 -1897.49 1864.71
9960 -1897.49 1864.71
9990 -1897.49 1864.71
10020 -1897.49 1864.71
10050 -1897.49 1864.71
10080 -1897.49 1864.71
10110 -1897.49 1864.71
10140 -1897.49 1864.71
10170 -1897.49 1864.71
10200 -1897.49 1864.71
10230 -1897.49 1864.71
10260 -1897.49 1864.71
10290 -1897.49 1864.71
10320 -1897.49 1864.71
10350 -1897.49 1864.71
10380 -1897.49 1864.71
10410 -1897.49 1864.71
10440 -1897.49 1864.71
10470 -1897.49 1864.71
10500 -1897.49 1864.71
10530 -1897.49 1864.71
10560 -1897.49 1864.71
10590 -1897.49 1864.71
10620 -1897.49 1864.71
10650 -1897.49 1864.71
10680 -1897.49 1864.71
10710 -1897.49 1864.71
10740 -1897.49 1864.71
10770 -1897.49 1864.71
10800 -1897.49 1864.71
10830 -1897.49 1864.71
10860 -1897.49 1864.71
10890 -1897.49 1864.71
10920 -1897.49 1864.71
10950 -1897.49 1864.71
10980 -1897.49 1864.71
11010 -1897.49 1864.71
11040 -1897.49 1864.71
11070 -1897.49 1864.71
11100 -1897.49 1864.71
11130 -1897.49 1864.71
11160 -1897.49 1864.71
11190 -1897.49 1864.71
11220 -1897.49 1864.71
11250 -1897.49 1864.71
11280 -1897.49 1864.71
11310 -1897.49 1864.71
11340 -1897.49 1864.71
11370 -1897.49 1864.71
11400 -1897.49 1864.71
11430 -1897.49 1864.71
11460 -1897.49 1864.71
11490 -1897.49 1864.71
11520 -1897.49 1864.71
11550 -1897.49 1864.71
11580 -1897.49 1864.71
11610 -1897.49 1864.71
11640 -1897.49 1864.71
11670 -1897.49 1864.71
11700 -1897.49 1864.71
11730 -1899.12 1887.64
11760 -1913.03 1752.61
11790 -1913.03 1752.61
11820 -1913.03 1752.61
11850 -1913.03 1752.61
11880 -1913.03 1752.61
11910 -1913.03 1752.61
11940 -1913.03 1752.61
11970 -1913.03 1752.61
12000 -1913.03 1752.61
12030 -1913.03 1752.61
12060 -1913.03 1752.61
12090 -1913.03 1752.61
12120 -1913.03 1752.61
12150 -1913.03 1752.61
12180 -1913.03 1752.61
12210 -1913.03 1752.61
12240 -1913.03 1752.61
12270 -1913.03 1752.61
12300 -1913.03 1752.61
12330 -1913.03 1752.61
12360 -1913.03 1752.61
12390 -1913.03 1752.61
12420 -1913.03 1752.61
12450 -1913.03 1752.61
12480 -1913.03 1752.61
12510 -1913.03 1752.61
12540 -1913.03 1752.61
12570 -1913.03 1752.61
12600 -1913.03 1752.61
12630 -1913.03 1752.61
12660 -1913.03 1752.61
12690 -1913.03 1752.61
12720 -1913.03 1752.61
12750 -1913.03 1752.61
12780 -1913.03 1752.61
12810 -1913.03 1752.61
12840 -1913.03 1752.61
12870 -1913.03 1752.61
12900 -1913.03 1752.61
12930 -1913.03 1752.61
12960 -1913.03 1752.61
12990 -1913.03 1752.61
13020 -1913.03 1752.61
13050 -1913.03 1752.61
13080 -1909.18 1773.3
13110 -1901.85 1812.82
13140 -1894.51 1852.35
13170 -1901.34 1816.94
13200 -1901.1 1811.83
13230 -1901.1 1811.83
13260 -1901.1 1811.83
13290 -1901.1 1811.83
13320 -1901.1 1811.83
13350 -1901.1 1811.83
13380 -1901.1 1811.83
13410 -1901.1 1811.83
13440 -1901.1 1811.83
13470 -1901.1 1811.83
13500 -1901.1 1811.83
13530 -1901.1 1811.83
13560 -1901.1 1811.83
13590 -1901.1 1811.83
13620 -1901.1 1811.83
13650 -1901.1 1811.83
13680 -1901.1 1811.83
13710 -1901.1 1811.83
13740 -1901.1 1811.83
13770 -1901.1 1811.83
13800 -1901.1 1811.83
13830 -1901.1 1811.83
13860 -1905.37 1843.62
13890 -1903.75 1848.45
13920 -1899.61 1840.56
13950 -1899.83 1864.19
13980 -1900.56 1877.23
14010 -1901.3 1890.28
14040 -1902.03 1903.33
14070 -1885.42 1818.44
14100 -1888.19 1834.06
14130 -1882.86 1815.61
14160 -1882.86 1815.61
14190 -1882.86 1815.61
14220 -1882.86 1815.61
14250 -1882.86 1815.61
14280 -1882.86 1815.61
14310 -1882.86 1815.61
14340 -1882.86 1815.61
14370 -1882.86 1815.61
14400 -1882.86 1815.61
14430 -1882.86 1815.61
14460 -1882.86 1815.61
14490 -1882.86 1815.61
14520 -1882.86 1815.61
14550 -1882.86 1815.61
14580 -1882.86 1815.61
14610 -1882.86 1815.61
14640 -1882.86 1815.61
14670 -1882.86 1815.61
14700 -1882.86 1815.61
14730 -1882.86 1815.61
14760 -1882.86 1815.61
14790 -1882.86 1815.61
14820 -1882.86 1815.61
14850 -1882.86 1815.61
14880 -1882.86 1815.61
14910 -1882.86 1815.61
14940 -1882.86 1815.61
14970 -1882.86 1815.61
15000 -1882.86 1815.61
15030 -1882.86 1815.61
15060 -1882.86 1815.61
15090 -1882.86 1815.61
15120 -1882.86 1815.61
15150 -1882.86 1815.61
15180 -1882.86 1815.61
15210 -1882.86 1815.61
15240 -1882.86 1815.61
15270 -1882.86 1815.61
15300 -1882.86 1815.61
15330 -1882.86 1815.61
15360 -1882.86 1815.61
15390 -1882.86 1815.61
15420 -1882.86 1815.61
15450 -1869.43 1784.48
15480 -1858.43 1703.78
15510 -1834.24 1654.43
15540 -1823.36 1650.24
15570 -1824.89 1636.21
15600 -1825 1642.33
15630 -1824.43 1644.88
15660 -1824.37 1642.02
15690 -1824.52 1638.69
15720 -1823.85 1636.74
15750 -1820.79 1639.05
15780 -1820.03 1640.94
15810 -1817.51 1639.84
15840 -1830.71 1455.39
15870 -1828 1374.56
15900 -1828.11 1357.81
15930 -1827.04 1333.72
15960 -1421.95 1366.39
15990 -1262.66 1387.82
16020 -1247.48 1390.33
16050 -938.509 1329.45
16080 -536.108 1117.4
16110 -557.041 947.267
16140 -704.227 1049.98
16170 -843.699 857.091
16200 -944.379 795.505
16230 -833.019 499.735
16260 -672.154 347.525
16290 -567.014 268.655
16320 -667.328 7.94847
16350 -510.462 -85.3477
16380 -366.059 -163.539
16410 -379.221 -233.385
16440 -398.074 -262.837
16470 -400.436 -263.74
16500 -399.193 -277.575
16530 -400.362 -389.565
16560 -292.203 -378.891
16590 -274.892 -162.119
16620 -350.294 -74.5944
16650 -316.633 105.867
16680 -148.622 28.6971
16710 -107.851 30.1812
16740 -103.232 -4.90713
16770 -105.114 -19.7001
16800 -102.087 -19.2788
16830 -100.242 -17.6816
16860 -99.0709 -17.678
16890 -98.7822 -19.7584
16920 -98.4934 -21.8387
16950 -98.2047 -23.919
16980 -101.189 -24.0122
17010 -105.789 -26.3125
17040 -99.5689 -30.8596
17070 -94.9488 -38.1379
17100 -90.3287 -45.4163
17130 -90.1077 -42.5729
17160 -90.5636 -38.1722
17190 -91.0194 -33.7716
17220 -91.7921 -30.2562
17250 -93.3044 -28.8065
17280 -94.8167 -27.3567
17310 -96.3289 -25.9069
17340 -97.8412 -24.4571
17370 -98.4003 -24.9078
17400 -98.9594 -25.3584
17430 -99.5185 -25.809
17460 -100.078 -26.2597
17490 -100.428 -25.8506
17520 -100.725 -25.2267
17550 -101.023 -24.6027
17580 -100.282 -25.0818
17610 -90.3751 -30.6168
17640 -80.6233 -38.0559
17670 -72.5887 -37.96
17700 -74.8918 -38.2106
17730 -75.9565 -37.7351
17760 -76.7116 -37.0781
17790 -78.5922 -39.6163
17820 -80.0634 -40.7849
17850 -80.6752 -39.2768
17880 -81.2871 -37.7686
17910 -81.4435 -37.7959
17940 -80.8134 -40.4753
17970 -80.1833 -43.1547
18000 -80.2524 -43.8963
18030 -81.0208 -42.7001
18060 -81.6497 -41.8938
18090 -81.8951 -42.16
18120 -82.1405 -42.4262
18150 -82.386 -42.6924
18180 -82.6314 -42.9585
18210 -82.8768 -43.2247
18240 -83.1223 -43.4909
18270 -83.3677 -43.7571
18300 -83.6131 -44.0233
18330 -83.9227 -44.2178
18360 -85.1308 -43.4095
18390 -86.3388 -42.6012
18420 -87.5469 -41.7929
18450 -88.7549 -40.9846
18480 -89.9629 -40.1763
18510 -93.0199 -39.5505
18540 -90.5432 -40.009
18570 -85.5366 -40.9164
18600 -80.5299 -41.8239
18630 -78.2888 -43.2408
18660 -77.6489 -44.9525
18690 -77.0089 -46.6641
18720 -76.369 -48.3758
18750 -75.7291 -50.0875
18780 -75.0891 -51.7992
18810 -74.4492 -53.5109
18840 -73.5936 -57.8172
18870 -74.955 -56.8594
18900 -76.9948 -54.2473
18930 -77.2449 -55.2748
18960 -77.495 -56.3024
18990 -78.0425 -55.4034
19020 -77.562 -55.1635
19050 -76.0204 -55.7968
19080 -77.2168 -53.8747
19110 -80.5069 -49.9984
19140 -81.1719 -49.409
19170 -80.7117 -50.2281
19200 -71.6269 -60.2735
19230 -35.3421 -80.6167
19260 -19.414 -71.2403
19290 -20.1727 -68.7405
19320 -20.9314 -66.2406
19350 -21.6901 -63.7407
19380 -22.4488 -61.2409
19410 -23.2074 -58.741
19440 -41.032 -59.9672
19470 -41.4453 -63.3519
19500 -40.4076 -65.2347
19530 -39.3699 -67.1176
19560 -38.3637 -68.5734
19590 -37.3784 -69.7444
19620 -36.4338 -70.9311
19650 -36.6673 -72.572
19680 -36.9009 -74.213
19710 -37.1344 -75.854
19740 -37.2162 -76.804
