0 445.865 1465.19
30 476.121 1476.88
60 469.077 1484.11
90 439.995 1454.84
120 423.105 1438.03
150 416.422 1400.29
180 390.772 1379.7
210 373.702 1341.4
240 333.421 1327.04
270 306.236 1304.67
300 289.527 1262.48
330 233.621 1230.42
360 205.984 1220.74
390 205.442 1276.51
420 216.436 1297.02
450 212.57 1280.1
480 208.704 1263.18
510 184.48 1249.51
540 126.325 1289.18
570 -66.9891 1375.58
600 -148.671 1411.01
630 -281.076 1307.49
660 -401.007 1193.91
690 -436.258 1155.75
720 -472.493 1115.13
750 -241.445 958.829
780 -228.502 954.276
810 -243.26 847.445
840 -347.467 677.208
870 -457.916 517.368
900 -636.138 324.333
930 -652.331 325.123
960 -656.079 328.14
990 -656.694 329.676
1020 -682.885 337.223
1050 -701.807 314.359
1080 -725.506 290.771
1110 -741.266 268.229
1140 -769.463 242.693
1170 -800.27 236.025
1200 -834.121 235.724
1230 -868.134 224.259
1260 -886.857 221.019
1290 -919.741 234.11
1320 -956.175 260.158
1350 -985.753 275.999
1380 -1011.29 281.231
1410 -1016 297.951
1440 -1015.62 296.682
1470 -1016.96 293.208
1500 -1017.1 297.572
1530 -1019.19 298.841
1560 -1017.17 296.748
1590 -1018.79 304.251
1620 -1019.29 301.301
1650 -1018.62 297.427
1680 -1019.81 300.01
1710 -1017.09 300.01
1740 -1016.55 331.323
1770 -1018.37 311.108
1800 -1016.48 307.891
1830 -1019.65 326.637
1860 -1017.88 302.593
1890 -1016.43 295.157
1920 -1014.11 296.626
1950 -1014.85 292.797
1980 -1015.55 298.474
2010 -1017.02 302.136
2040 -1019.86 304.674
2070 -1020.77 298.251
2100 -1019.73 295.791
2130 -1015.91 284.893
2160 -1016.61 283.613
2190 -1018.4 295.869
2220 -1018.25 297.038
2250 -1017.88 293.197
2280 -1018.74 297.516
2310 -1016.81 287.509
2340 -1014.85 272.76
2370 -1016.78 289.791
2400 -1017.29 284.092
2430 -1017.74 277.813
2460 -1019.41 295.813
2490 -1019.87 294.255
2520 -1017.39 280.596
2550 -1017.27 281.175
2580 -1016.57 285.717
2610 -1017.2 285.205
2640 -1017.11 277.925
2670 -1016.06 273.194
2700 -1016.55 262.407
2730 -1017.85 277.902
2760 -1017.86 292.229
2790 -1017.58 295.346
2820 -1016.45 290.893
2850 -1016.63 293.086
2880 -1017.54 294.656
2910 -1019.24 296.648
2940 -1018.43 298.029
2970 -1020.17 301.424
3000 -1018.89 299.064
3030 -1019.42 297.873
3060 -1018.99 297.45
3090 -1019.61 297.327
3120 -1018.32 298.563
3150 -1017.69 299.042
3180 -1017.07 301.468
3210 -1020.01 289.312
3240 -1016.7 299.487
3270 -1017.22 303.995
3300 -1019.78 294.823
3330 -1014.76 308.47
3360 -1015.55 298.708
3390 -1015.4 284.871
3420 -1015.72 292.396
3450 -1015.83 291.917
3480 -1017.08 291.561
3510 -1016.33 296.737
3540 -1017.9 297.26
3570 -1018.43 294.956
3600 -1018.63 294.043
3630 -1018.98 292.229
3660 -1018.61 292.518
3690 -1018.16 294.188
3720 -1018.26 295.335
3750 -1018.18 294.132
3780 -1017.88 293.587
3810 -1017.33 295.969
3840 -1016.37 297.316
3870 -1016.21 297.717
3900 -1016.7 295.824
3930 -1016.04 296.259
3960 -1017.43 296.593
3990 -1021.31 296.815
4020 -1023.18 296.236
4050 -1023.05 295.769
4080 -1010.44 308.492
4110 -1016.84 301.657
4140 -1010.51 308.392
4170 -1017.17 300.823
4200 -1018.75 298.118
4230 -1015.65 298.908
4260 -1015.14 299.242
4290 -1015.58 299.854
4320 -1009.97 310.029
4350 -1023.71 289.824
4380 -1030.88 281.075
4410 -1028.1 283.535
4440 -1028.93 293.153
4470 -1032.86 293.721
4500 -1031.12 290.337
4530 -1027.33 294.344
4560 -1025.64 293.576
4590 -1024.91 294.121
4620 -1024.78 295.201
4650 -1021.68 293.709
4680 -1032.72 302.693
4710 -1017.35 273.85
4740 -1014.48 274.496
4770 -1014.38 273.828
4800 -1013.88 274.797
4830 -1017.76 282.255
4860 -1013.13 282.967
4890 -1011.94 306.756
4920 -1007.38 299.409
4950 -1017.19 294.8
4980 -1019.81 294.299
5010 -1020.96 305.587
5040 -1017.36 306.477
5070 -1021.77 297.739
5100 -1018.65 303.26
5130 -1021.27 300.956
5160 -1026.51 297.439
5190 -1027.63 296.837
5220 -1026.03 297.795
5250 -1025.14 297.806
5280 -1025.84 297.672
5310 -1025.73 297.127
5340 -1024.53 296.915
5370 -1023.02 296.559
5400 -1022.74 295.914
5430 -1019.49 296.57
5460 -1019.13 296.938
5490 -1019.24 296.682
5520 -1019.49 293.431
5550 -1023.1 291.35
5580 -1022.75 291.171
5610 -1018.77 295.813
5640 -1019.21 296.57
5670 -1020.6 294.121
5700 -1021.37 293.398
5730 -1020 296.559
5760 -1021.83 294.344
5790 -1023.05 298.63
5820 -1021.37 295.001
5850 -1014.49 283.925
5880 -1006.9 270.233
5910 -1000.47 257.075
5940 -1000.09 260.626
5970 -1012.41 266.37
6000 -1010.23 271.257
6030 -1008.33 276.711
6060 -999.834 268.786
6090 -1000.41 270.277
6120 -1002.06 273.338
6150 -1014.72 289.134
6180 -1016.94 291.272
6210 -1010.29 281.008
6240 -1018.9 290.37
6270 -1014.14 287.576
6300 -1011.35 287.253
6330 -1006.52 276.678
6360 -1007.34 285.761
6390 -1018.61 296.025
6420 -1016.31 295.646
6450 -1018.6 296.826
6480 -1020.51 297.349
6510 -1024.8 294.945
6540 -1022.45 295.201
6570 -1021.82 296.37
6600 -1021.19 296.481
6630 -1017.68 295.902
6660 -1017.54 297.216
6690 -1018.52 296.927
6720 -1020.06 297.138
6750 -1018.79 296.57
6780 -1018.65 296.225
6810 -1017.33 297.06
6840 -1018.77 297.439
6870 -1013.37 292.351
6900 -1013.8 292.763
6930 -1017.43 295.914
6960 -1019.49 296.938
6990 -1014.03 292.663
7020 -1012.46 288.8
7050 -1013.32 291.494
7080 -1017.46 295.646
7110 -1019.22 297.873
7140 -1017.34 295.479
7170 -1017.01 295.713
7200 -1017.39 296.114
7230 -1017.86 296.236
7260 -1017.02 295.813
7290 -1017.99 296.236
7320 -1017.31 294.934
7350 -1010.12 289.902
7380 -1016.47 293.509
7410 -1019.12 295.602
7440 -1013.76 292.118
7470 -1012.57 293.854
7500 -1013.5 294.489
7530 -1016.35 294.299
7560 -1017.26 297.127
7590 -1018.45 299.175
7620 -1018.52 299.554
7650 -1023.71 302.314
7680 -1019.94 298.273
7710 -1017.7 296.392
7740 -1014.64 295.813
7770 -1014.3 295.301
7800 -1014.98 294.644
7830 -1017.17 295.346
7860 -1010.59 293.476
7890 -1023.04 297.773
7920 -1017.82 297.572
7950 -1023.32 288.144
7980 -1032.35 271.658
8010 -1016.73 289.735
8040 -1016.88 290.17
8070 -1017.86 289.914
8100 -1017.45 291.316
8130 -1017.45 293.164
8160 -1014.32 294.923
8190 -1012.61 297.561
8220 -1014.46 297.361
8250 -1015.49 296.348
8280 -1021.16 299.888
8310 -1018.98 293.743
8340 -1005.04 290.092
8370 -1004.87 289.824
8400 -1017.35 295.257
8430 -1015.59 293.331
8460 -1012.61 290.793
8490 -1000.18 284.67
8520 -1001.37 286.262
8550 -1009.76 290.726
8580 -1006.4 289.513
8610 -1005.22 288.155
8640 -1004.13 286.563
8670 -1004.49 284.76
8700 -1007.25 285.572
8730 -1008.01 286.129
8760 -1005.82 286.329
8790 -1015.2 294.411
8820 -1016.51 295.19
8850 -1012.1 294.021
8880 -1014.69 295.58
8910 -1014.74 296.225
8940 -1016.34 295.802
8970 -1015.4 295.568
9000 -1014 296.526
9030 -1013.86 296.615
9060 -1012.85 296.047
9090 -1021.64 294.678
9120 -1020.29 299.253
9150 -1020.73 298.619
9180 -1017.11 303.038
9210 -1020.4 301.101
9240 -1024.71 298.307
9270 -1028.97 299.965
9300 -1017.66 293.22
9330 -1027.27 296.481
9360 -1012.93 290.036
9390 -1003.69 292.285
9420 -1005.12 292.218
9450 -1011.12 294.478
9480 -1010.38 291.85
9510 -1014.84 297.071
9540 -1019.27 297.75
9570 -1003.39 292.541
9600 -1008.96 293.632
9630 -1016.11 294.288
9660 -1021.44 298.385
9690 -1022.39 298.708
9720 -1016.24 297.784
9750 -1022.29 291.795
9780 -1017.52 285.628
9810 -1004.04 271.168
9840 -994.559 272.158
9870 -1023.52 282.478
9900 -1029.05 271.646
9930 -1024.32 281.119
9960 -1014.44 296.637
9990 -1017.81 302.325
10020 -1020.71 288.533
10050 -1017.37 300.711
10080 -1018.48 301.513
10110 -1015.22 288.789
10140 -1023.09 296.069
10170 -1021.03 294.544
10200 -1024.42 295.034
10230 -1026.61 302.793
10260 -1026.55 299.977
10290 -1020.06 293.665
10320 -1021.38 301.702
10350 -1020.08 297.583
10380 -1022.37 298.151
10410 -1029.89 314.225
10440 -1023.84 304.652
10470 -1026.68 304.641
10500 -1028.81 301.379
10530 -1026.34 313.646
10560 -1024.27 300.255
10590 -1016.07 294.132
10620 -1027.61 300.344
10650 -1032.56 305.843
10680 -1030.78 302.515
10710 -1024.59 297.461
10740 -1022.34 297.372
10770 -1020.47 298.897
10800 -1018.97 297.004
10830 -1019.94 286.719
10860 -1018.62 289.312
10890 -1009.6 311.186
10920 -1020.15 306.867
10950 -1024.91 302.682
10980 -1023.39 299.22
11010 -1020.4 292.685
11040 -1014.25 298.596
11070 -1011.91 298.563
11100 -1017.58 303.361
11130 -1020.15 307.836
11160 -1010.93 294.132
11190 -1009.75 294.244
11220 -1010.41 294.589
11250 -1010.23 296.003
11280 -1012.04 299.999
11310 -1012.91 297.439
11340 -1012.18 293.932
11370 -1009.31 284.704
11400 -1017.47 296.247
11430 -1022.46 305.309
11460 -1017.45 281.91
11490 -1020.52 280.24
11520 -1020.9 288.867
11550 -1018.21 287.409
11580 -1018.23 297.249
11610 -1019.02 295.357
11640 -1021.34 308.069
11670 -1018.07 305.899
11700 -1014.27 294.489
11730 -1009.03 285.494
11760 -1010.03 286.841
11790 -1012.68 292.541
11820 -1015.32 290.893
11850 -1016.79 295.858
11880 -1022.68 284.192
11910 -1019.59 288.11
11940 -1020.16 303.027
11970 -1018.78 299.331
12000 -1016.7 305.131
12030 -1016.89 302.481
12060 -1017.92 301.98
12090 -1015.66 293.821
12120 -1016.98 294.811
12150 -1022.31 297.895
12180 -1018.83 290.693
12210 -1022.52 299.32
12240 -1020.12 295.034
12270 -1022.3 301.168
12300 -1016.26 285.939
12330 -1021.66 294.188
12360 -1016.64 291.071
12390 -1017.43 292.696
12420 -1018.91 296.381
12450 -1016.92 291.628
12480 -1016.28 292.318
12510 -1016.4 294.622
12540 -1016.19 295.112
12570 -1013.98 299.375
12600 -1016.5 295.234
12630 -1016.58 295.635
12660 -1017.17 294.8
12690 -1018.22 295.891
12720 -1017.26 296.581
12750 -1017.82 297.171
12780 -1018.38 295.546
12810 -1018.7 294.967
12840 -1022.16 301.279
12870 -1018.88 295.056
12900 -1018.48 295.557
12930 -1019.63 297.394
12960 -1020.08 298.207
12990 -1020.31 298.908
13020 -1019.87 298.24
13050 -1019.81 295.813
13080 -1019.94 295.39
13110 -1019.85 295.591
13140 -1020.47 297.806
13170 -1019.13 295.068
13200 -1017.01 292.24
13230 -1017.47 293.053
13260 -1018.12 294.21
13290 -1019.19 295.479
13320 -1019.37 295.836
13350 -1019.51 294.689
13380 -1018.63 296.403
13410 -1019.13 296.181
13440 -1019.12 296.437
13470 -1019.62 296.025
13500 -1019.43 296.782
13530 -1019.49 296.414
13560 -1018.03 298.886
13590 -1017.3 300.177
13620 -1017.28 298.619
13650 -1016.3 296.325
13680 -1013.23 294.388
13710 -1014.65 299.932
13740 -1009.71 293.197
13770 -1015.38 302.47
13800 -1016.42 302.559
13830 -1014.75 295.324
13860 -1018.85 302.437
13890 -1018.91 303.561
13920 -1016.7 295.991
13950 -1021.72 312.756
13980 -1021.55 304.474
14010 -1021.51 301.869
14040 -1020.87 302.615
14070 -1019.04 299.131
14100 -1020.12 292.975
14130 -1020.35 297.183
14160 -1018.13 301.301
14190 -1018.48 300.322
14220 -1017.91 302.292
14250 -1018 301.413
14280 -1017.74 300.366
14310 -1019.03 294.734
14340 -1019.35 296.771
14370 -1019.06 296.136
14400 -1018.87 296.615
14430 -1018.88 296.693
14460 -1018.45 297.639
14490 -1019.1 298.752
14520 -1021.96 294.99
14550 -1018.67 292.941
14580 -1018.23 295.29
14610 -1018.64 294.578
14640 -1018.74 298.919
14670 -1018.46 297.349
14700 -1019.22 297.216
14730 -1019.84 298.886
14760 -1020.21 297.862
14790 -1015.69 298.585
14820 -1018.28 296.003
14850 -1018.3 295.802
14880 -1020.81 295.591
14910 -1025.64 298.04
14940 -1016.77 296.682
14970 -1019.88 300.155
15000 -1021.98 298.463
15030 -1021.87 297.884
15060 -1021.28 297.049
15090 -1019.41 298.518
15120 -1019.69 298.685
15150 -1018.84 298.418
15180 -1019.03 297.884
15210 -1020.87 295.702
15240 -1020.88 296.259
15270 -1026.06 292.585
15300 -1033.72 287.364
15330 -1036.51 285.427
15360 -1033.32 288.656
15390 -1031.88 289.969
15420 -1032.76 289.535
15450 -1032.48 289.368
15480 -1030.3 291.361
15510 -1028.72 292.73
15540 -1031.86 290.003
15570 -1023.64 295.657
15600 -1016.29 300.667
15630 -1020.59 300.656
15660 -1009.17 296.314
15690 -1019.48 301.179
15720 -1014.4 295.468
15750 -1014.1 292.385
15780 -1012.26 293.353
15810 -1011.51 293.977
15840 -1009.23 294.366
15870 -1012.92 294.055
15900 -1013.69 294.444
15930 -1015.98 294.344
15960 -1019.9 292.017
15990 -1018.79 294.444
16020 -1019.13 293.175
16050 -1023.03 295.602
16080 -1017.61 299.186
16110 -1016.01 294.589
16140 -1016.49 293.375
16170 -1017.18 293.732
16200 -1016.95 295.379
16230 -1017.55 298.151
16260 -1018.01 298.129
16290 -1018.66 297.661
16320 -1019.8 296.559
16350 -1020.27 295.546
16380 -1020.87 295.223
16410 -1021.16 295.39
16440 -1021.7 296.025
16470 -1022.15 296.381
16500 -1022.9 296.593
16530 -1025.57 295.958
16560 -1030.65 292.652
16590 -1024.33 295.09
16620 -1022.86 297.995
16650 -1026.89 296.504
16680 -1025.3 297.416
16710 -1022.84 298.485
16740 -1022.09 298.819
16770 -1023.59 297.461
16800 -1023.75 296.715
16830 -1023.6 297.016
16860 -1023.83 296.325
16890 -1023.96 298.507
16920 -1024.17 299.42
16950 -1024.37 299.531
16980 -1023 300.155
17010 -1021.64 301.168
17040 -1022.22 301.49
17070 -1022.42 301.001
17100 -1023.29 299.643
17130 -1025.01 297.75
17160 -1024.65 296.47
17190 -1024.81 296.158
17220 -1023.66 297.283
17250 -1024.68 297.238
17280 -1024.37 297.016
17310 -1023.93 297.049
17340 -1025.22 295.813
17370 -1025.39 296.793
17400 -1026.57 296.325
17430 -1030.13 298.863
17460 -1025.31 294.711
17490 -1022.6 294.311
17520 -1023.93 294.21
17550 -1025.83 294.455
17580 -1023.28 294.912
17610 -1022.95 295.145
17640 -1022.69 295.802
17670 -1022.41 295.68
17700 -1023.13 295.769
17730 -1024.37 296.014
17760 -1023.47 296.036
17790 -1023.97 296.893
17820 -1029.45 298.374
17850 -1018.44 297.027
17880 -1018.87 297.016
17910 -1018.27 296.693
17940 -1021.91 294.11
17970 -1022.21 293.253
18000 -1024.21 289.557
18030 -1027.77 285.327
18060 -1027.34 287.075
18090 -1020.57 294.934
18120 -1021.68 298.151
18150 -1020.64 296.949
18180 -1019.86 289.346
18210 -1017.92 289.257
18240 -1019.03 287.787
18270 -1022.63 291.272
18300 -1028.81 293.409
18330 -1023.04 290.314
18360 -1010.09 284.225
18390 -1010.23 286.051
18420 -1023.23 291.149
18450 -1022.16 285.817
18480 -1012.51 291.205
18510 -1013.01 289.802
18540 -1019.32 292.552
18570 -1019.33 292.307
18600 -1021.4 297.027
18630 -1023.28 297.316
18660 -1019.57 297.338
18690 -1027.7 285.594
18720 -1023.51 291.75
18750 -1018.65 298.719
18780 -1016.52 295.435
18810 -1019.97 289.502
18840 -1020.84 282.633
18870 -1018.46 293.787
18900 -1026.12 295.947
18930 -1019.51 285.539
18960 -1011.84 286.496
18990 -1015.63 289.847
19020 -1024.3 287.721
19050 -1024.86 303.06
19080 -1021.02 296.637
19110 -1026.79 304.351
19140 -1027.1 301.346
19170 -1028.55 304.196
19200 -1025.84 299.587
19230 -1023.57 295.713
19260 -1023.94 299.253
19290 -1019.94 298.196
19320 -1017.58 309.661
19350 -1021.89 313.624
19380 -1023.2 302.069
19410 -1023.67 288.277
19440 -1022.47 299.676
19470 -1018.44 308.047
19500 -1018.75 288.344
19530 -1022.09 289.101
19560 -1020.23 306.01
19590 -1023.44 302.949
19620 -1025.16 296.581
19650 -1027.72 294.789
19680 -1028.83 292.173
19710 -1020.59 297.004
19740 -1017.93 292.785
19770 -1018.13 287.776
19800 -1021.52 293.999
19830 -1022.94 294.355
19860 -1007.45 281.721
19890 -1007.08 281.453
19920 -1024.58 311.598
19950 -1027.11 312.611
19980 -1022.29 312.711
20010 -1015.65 310.385
20040 -1021.64 307.49
20070 -1027.55 302.058
20100 -1016.89 297.962
20130 -1028.92 280.563
20160 -1022.4 293.398
20190 -1020.56 283.424
20220 -1016.24 269.531
20250 -1008.27 285.862
20280 -1004.79 287.053
20310 -1001.62 290.147
20340 -1003.46 291.939
20370 -994.053 295.145
20400 -1006.66 316.663
20430 -1004.5 276.177
20460 -1012.98 293.375
20490 -1017.99 282.923
20520 -1014.47 281.064
20550 -1023.98 286.83
20580 -1025.6 288.611
20610 -1013.75 295.724
20640 -1013.09 296.96
20670 -1002.24 280.296
20700 -1014.15 289.669
20730 -1023.03 295.624
20760 -1025.39 298.474
20790 -1016.13 288.789
20820 -1016.05 288.5
20850 -1007.47 293.943
20880 -1008.05 291.405
20910 -1016.31 289.969
20940 -1027.25 293.631
20970 -1020.7 296.325
21000 -1012.84 276.121
21030 -996.844 266.27
21060 -997.991 300.7
21090 -1015.53 286.262
21120 -1018.57 287.22
21150 -1018.06 285.606
21180 -1015.12 288.066
21210 -1023.09 296.281
21240 -1018.63 290.27
21270 -1022.58 293.097
21300 -1035.08 290.626
21330 -1023.79 294.823
21360 -1017.53 307.413
21390 -1022.26 299.487
21420 -1019.91 297.394
21450 -1021.63 297.683
21480 -1021.24 297.316
21510 -1024.13 296.704
21540 -1023.89 296.214
21570 -1023.05 295.947
21600 -1023.68 298.63
21630 -1025.9 302.025
21660 -1027.36 302.682
21690 -1027.45 301.858
21720 -1020.78 297.516
21750 -1016.73 290.915
21780 -1016.1 289.034
21810 -1015.11 289.535
21840 -1023.68 292.418
21870 -1008.71 278.359
21900 -1013.14 280.875
21930 -1016.89 285.906
21960 -1015.75 284.503
21990 -1020.69 290.515
22020 -1023.83 291.461
22050 -1016.53 285.049
22080 -1007.72 267.594
22110 -1004.88 272.27
22140 -1012.12 288.066
22170 -1019.76 296.27
22200 -1019.43 299.442
22230 -1022.79 296.748
22260 -1014.68 293.977
22290 -1016.45 293.52
22320 -1014.38 299.008
22350 -1017.11 302.181
22380 -1019.04 292.919
22410 -1016.54 287.22
22440 -1010.37 299.053
22470 -1010.27 297.572
22500 -1015.02 295.446
22530 -1008.86 283.368
22560 -1015.68 293.22
22590 -1021.04 300.266
22620 -1020.53 297.951
22650 -1017.78 300.043
22680 -1018.79 297.016
22710 -1018.6 295.691
22740 -1013.78 294.177
22770 -1014.45 294.789
22800 -1014.94 293.398
22830 -1011.79 292.173
22860 -996.935 281.097
22890 -1006.61 291.561
22920 -1007.57 288.021
22950 -1015.48 287.064
22980 -1001.54 274.351
23010 -1010.89 287.008
23040 -1010.65 288.878
23070 -1004.76 285.695
23100 -1009.18 291.45
23130 -1005.95 286.006
23160 -1008.95 282.967
23190 -1014.35 283.168
23220 -1015.96 287.754
23250 -1016.49 289.78
23280 -1016.79 291.35
23310 -1010.32 291.483
23340 -1016.74 294.5
23370 -1020.66 292.051
23400 -1022.69 287.019
23430 -1022.05 288.667
23460 -1021.61 289.012
23490 -1023.08 288.077
23520 -1031.75 285.405
23550 -1025.74 286.719
23580 -1012.69 293.865
23610 -1016.83 291.806
23640 -1016.61 293.687
23670 -1018.16 292.941
23700 -1018.19 295.29
23730 -1019.37 295.346
23760 -1019.21 295.312
23790 -1019.88 294.544
23820 -1019.67 292.196
23850 -1014.97 278.504
23880 -1017.09 283.279
23910 -1019.86 294.834
23940 -1020.29 298.641
23970 -1018.64 293.387
24000 -1017.96 284.949
24030 -1018.23 289.713
24060 -1014.07 296.626
24090 -1020.93 289.268
24120 -1022.06 289.925
24150 -1018.01 294.478
24180 -1015.73 296.893
24210 -1015.57 298.596
24240 -1017.94 295.758
24270 -1019.42 295.157
24300 -1019.23 296.559
24330 -1019.22 291.594
24360 -1017.03 299.264
24390 -1019.77 293.231
24420 -1019.8 295.234
24450 -1016.8 303.505
24480 -1018.57 295.39
24510 -1020.37 293.821
24540 -1017.65 293.587
24570 -1019.66 293.932
24600 -1019.39 290.225
24630 -1020.15 297.216
24660 -1015.56 297.628
24690 -1019.76 303.606
24720 -1014.12 308.971
24750 -1015.06 305.676
24780 -1016.23 298.797
24810 -1016.57 299.52
24840 -1017.88 308.114
24870 -1017.71 311.81
24900 -1020 318.5
24930 -1017.06 292.34
24960 -1020.86 283.813
24990 -1020.16 289.079
25020 -1018.19 292.819
25050 -1018.44 292.34
25080 -1018.04 297.973
25110 -1018.91 297.516
25140 -1023.39 294.221
25170 -1025.1 294.299
25200 -1029.01 292.986
25230 -1021.97 294.333
25260 -1023 295.457
25290 -1022.21 295.769
25320 -1021.55 297.594
25350 -1020.44 298.062
25380 -1021.07 295.557
25410 -1019.79 296.927
25440 -1018.78 297.928
25470 -1018 299.075
25500 -1018.09 297.116
25530 -1019.97 299.364
25560 -1022.01 299.053
25590 -1020.2 295.401
25620 -1019.32 294.778
25650 -1021.35 294.912
25680 -1022.38 295.39
25710 -1021.74 293.375
25740 -1020.16 293.209
25770 -1019.04 295.39
25800 -1020.33 293.81
25830 -1019.76 297.962
25860 -1016.55 301.891
25890 -1016.12 296.882
25920 -1019.76 299.632
25950 -1013.11 298.04
25980 -1013.28 303.316
26010 -1014.89 295.735
26040 -1012.2 292.841
26070 -1011.91 290.247
26100 -1014.95 288.656
26130 -1015.86 296.448
26160 -1019.68 295.836
26190 -1015.01 295.802
26220 -1016.74 297.55
26250 -1013.66 303.016
26280 -1017.89 296.08
26310 -1019.5 295.056
26340 -1019.34 295.379
26370 -1023.47 289.368
26400 -1018.51 296.236
26430 -1022.63 288.633
26460 -1016.34 295.524
26490 -1010.83 295.735
26520 -1025.4 286.196
26550 -1024.26 282.144
26580 -1014.51 299.554
26610 -1012.68 294.778
26640 -1013.91 293.921
26670 -1013.77 294.8
26700 -1012.78 296.448
26730 -1014.32 296.069
26760 -1015.44 296.459
26790 -1016.99 296.693
26820 -1017.09 296.882
26850 -1020.83 295.568
26880 -1021.5 295.012
26910 -1018.57 296.325
26940 -1016.24 296.114
26970 -1016.26 296.147
27000 -1016.67 295.357
27030 -1018.58 296.893
27060 -1012.34 304.062
27090 -1008.17 309.338
27120 -1010.27 307.056
27150 -998.398 321.928
27180 -1019.65 294.7
27210 -1022.86 292.084
27240 -1023.05 291.439
27270 -1022.86 291.149
27300 -1021.96 292.808
27330 -1022.08 293.042
27360 -1016.4 297.35
27390 -1018.49 295.847
27420 -1020.04 295.891
27450 -1019.75 294.745
27480 -1017.63 296.938
27510 -1017.36 298.63
27540 -1016.19 297.951
27570 -1019.1 291.472
27600 -1015.22 295.635
27630 -1014.08 299.465
27660 -1019.03 291.26
27690 -1019.56 300.233
27720 -1020.3 296.915
27750 -1019.32 295.847
27780 -1018.98 293.542
27810 -1017.48 295.168
27840 -1016.91 298.196
27870 -1017.87 296.76
27900 -1018.43 296.047
27930 -1018.36 295.68
27960 -1017.4 297.283
27990 -1017.77 296.815
28020 -1020.43 299.03
28050 -1018.94 296.203
28080 -1017.45 294.188
28110 -1018.18 294.444
28140 -1016.98 296.604
28170 -1013.11 293.197
28200 -1012.51 292.83
28230 -1014.51 294.622
28260 -1015.38 295.101
28290 -1014.89 294.377
28320 -1015.68 300.132
28350 -1016.76 298.262
28380 -1019.92 297.906
28410 -1010.26 293.242
28440 -1011.85 289.568
28470 -1013.06 296.37
28500 -1014.86 298.975
28530 -1025.35 296.837
28560 -1023.33 293.275
28590 -1026.12 294.589
28620 -1018.45 299.954
28650 -1018.81 294.311
28680 -1016 293.42
28710 -1020.44 297.405
28740 -1018.51 295.947
28770 -1014.94 295.958
28800 -1021.09 300.021
28830 -1022.24 295.001
28860 -1023.51 293.988
28890 -1023.33 295.301
28920 -1022.3 297.26
28950 -1020.86 298.986
28980 -1019.45 300.656
29010 -1020.38 297.884
29040 -1018.83 298.474
29070 -1017.07 298.396
29100 -1016.6 297.65
29130 -1016.4 298.952
29160 -1016.46 297.661
29190 -1015.95 297.049
29220 -1015.45 296.147
29250 -1014.09 296.86
29280 -1013.88 297.706
29310 -1013.48 298.296
29340 -1013.01 297.917
29370 -1011.41 297.795
29400 -1012.04 297.839
29430 -1009.55 298.975
29460 -1011.59 297.995
29490 -1013.27 296.459
29520 -1014.63 296.67
29550 -1015.46 295.78
29580 -1015.91 295.68
29610 -1017.59 295.001
29640 -1016.98 298.073
29670 -1016.56 302.247
29700 -1015.49 302.76
29730 -1015.07 298.596
29760 -1014.98 295.068
29790 -1014.29 296.103
29820 -1014.56 296.86
29850 -1014.55 297.227
29880 -1015.19 296.147
29910 -1014.35 297.416
29940 -1013.93 298.307
29970 -1013.73 297.973
30000 -1013.38 297.717
30030 -1013.85 297.093
30060 -1014.34 295.535
30090 -1015.64 296.57
30120 -1016.94 297.116
30150 -1016.94 298.975
30180 -1018.17 300.689
30210 -1019.03 300.221
30240 -1017.05 299.787
30270 -1016.16 299.943
30300 -1016.14 300.834
30330 -1013.53 297.561
30360 -1005.74 296.76
30390 -997.847 298.941
30420 -1004.32 300.589
30450 -1008.55 300.4
30480 -1009.94 299.208
30510 -1012.13 298.719
30540 -1012.16 299.576
30570 -1014 298.952
30600 -1013.49 296.403
30630 -1013.37 295.257
30660 -1013.65 295.735
30690 -1015.77 300.221
30720 -1016.47 301.257
30750 -1016.64 300.889
30780 -1017.12 300.689
30810 -1017.7 300.11
30840 -1017.82 299.231
30870 -1017.67 298.685
30900 -1016.61 298.563
30930 -1015.79 298.029
30960 -1015.94 298.14
30990 -1016.33 298.151
31020 -1015.52 297.405
31050 -1017.03 302.147
31080 -1014.6 301.98
31110 -1014.84 296.693
31140 -1010.58 306.021
31170 -1014.02 303.06
31200 -1010.34 305.42
31230 -1013.32 303.661
31260 -1015.22 302.659
31290 -1016.32 301.546
31320 -1016.73 300.934
31350 -1017.27 301.502
31380 -1017.55 302.336
31410 -1021.42 297.661
31440 -1021.41 305.932
31470 -1018.2 305.22
31500 -1014.79 305.064
31530 -1017.32 303.617
31560 -1031.17 299.977
31590 -1019.85 301.168
31620 -1016.56 302.86
31650 -1014.12 302.904
31680 -1015.94 301.335
31710 -1017.27 300.355
31740 -1011.39 312.032
31770 -1012.06 310.073
31800 -1012.96 308.025
31830 -1013.94 307.724
31860 -1014.85 308.036
31890 -1015.36 306.9
31920 -1014.98 306.132
31950 -1014.81 305.097
31980 -1014.37 304.129
32010 -1014.47 303.928
32040 -1014.5 303.583
32070 -1015.73 303.205
32100 -1016.45 301.669
32130 -1017.15 300.455
32160 -1016.9 299.798
32190 -1021.97 297.483
32220 -1026.63 296.203
32250 -1023.32 297.606
32280 -1023.99 294.277
32310 -1022.47 295.424
32340 -1020.46 295.546
32370 -1021.02 297.973
32400 -1020.38 305.053
32430 -1017.66 305.787
32460 -1017.93 305.131
32490 -1019.68 304.351
32520 -1019.18 302.426
32550 -1014.01 303.772
32580 -1019.26 301.468
32610 -1021.91 298.997
32640 -1011.67 301.112
32670 -1012.55 297.528
32700 -1014.67 297.695
32730 -1019.91 298.574
32760 -1019.24 299.253
32790 -1010.46 305.453
32820 -1011.39 301.591
32850 -1010.51 297.35
32880 -1013.91 295.769
32910 -1015.73 297.394
32940 -1013.72 300.511
32970 -1015.38 296.392
33000 -1018.57 297.539
33030 -1017.46 298.808
33060 -1017.24 298.173
33090 -1015.84 288.689
33120 -1015.7 296.114
33150 -1015.7 300.533
33180 -1016.61 298.006
33210 -1018.16 294.945
33240 -1017.91 296.069
33270 -1015.58 297.572
33300 -1015.44 293.364
33330 -1014.99 296.025
33360 -1015.32 296.86
33390 -1023.27 288.177
33420 -1023.97 287.698
33450 -1020.44 287.921
33480 -1020.9 291.405
33510 -1017.42 296.192
33540 -1015.77 298.04
33570 -1018.3 295.535
33600 -1019.91 294.4
33630 -1017.88 294.021
33660 -1019.52 293.954
33690 -1018.45 291.483
33720 -1021.76 291.661
33750 -1025.19 288.678
33780 -1023.83 292.529
33810 -1016.09 296.76
33840 -1015.32 294.288
33870 -1022.82 296.793
33900 -1027.73 290.225
33930 -1019.41 293.008
33960 -1020.43 289.401
33990 -1025.83 282.377
34020 -1027.05 279.461
34050 -1023.54 285.26
34080 -1021.13 290.125
34110 -1020.51 291.016
34140 -1020.18 291.316
34170 -1020.02 290.938
34200 -1015.05 298.919
34230 -1018.05 295.145
34260 -1016.73 298.251
34290 -1016.74 297.65
34320 -1021.03 289.613
34350 -1018.03 295.312
34380 -1015.2 301.268
34410 -1015.31 302.837
34440 -1015.84 301.947
34470 -1015.42 295.691
34500 -1015.94 299.242
34530 -1016.89 303.661
34560 -1016.99 299.465
34590 -1016.49 300.722
34620 -1011.5 299.275
34650 -1011.09 298.774
34680 -1021.71 302.481
34710 -1022.97 304.318
34740 -1025.23 301.858
34770 -1023.97 299.932
34800 -1019.92 298.229
34830 -1019.2 303.539
34860 -1018.66 305.442
34890 -1015.5 306.689
34920 -1015.5 307.101
34950 -1022.02 294.823
34980 -1018.52 305.765
35010 -1021.11 303.928
35040 -1024 295.947
35070 -1023.22 294.611
35100 -1018.11 302.993
35130 -1014.41 299.409
35160 -1015.13 299.554
35190 -1015.34 301.747
35220 -1016.9 299.364
35250 -1017.02 299.097
35280 -1015.5 301.479
35310 -1016.19 299.476
35340 -1016.55 299.921
35370 -1016.7 299.309
35400 -1012.11 305.743
35430 -1016.72 300.266
35460 -1020.2 295.413
35490 -1019.92 298.051
35520 -1018.48 300.544
35550 -1022.35 294.823
35580 -1018.87 299.253
35610 -1017.26 302.192
35640 -1016.79 302.938
35670 -1016.85 302.181
35700 -1017.34 300.455
35730 -1016.84 300.188
35760 -1019.34 295.836
35790 -1018.39 296.704
35820 -1018.99 296.236
35850 -1019.78 295.657
35880 -1019.22 298.396
35910 -1020.67 293.654
35940 -1015.84 301.858
35970 -1012.25 308.036
36000 -1006 320.225
36030 -1016.67 301.134
36060 -1018.35 298.875
36090 -1016.31 305.186
36120 -1014.62 305.631
36150 -1012.97 309.361
36180 -1013.33 309.561
36210 -1019.69 297.895
36240 -1019.27 298.663
36270 -1019.41 298.251
36300 -1018.73 297.962
36330 -1019.56 299.698
36360 -1017.4 300.043
36390 -1018.08 298.785
36420 -1015.54 304.964
36450 -1016.64 302.37
36480 -1016.6 301.413
36510 -1017.81 298.207
36540 -1015.11 303.249
36570 -1018.63 290.715
36600 -1025.21 287.865
36630 -1018.46 293.209
36660 -1026.26 309.049
36690 -1015.96 301.324
36720 -1020.14 298.73
36750 -1022.22 304.541
36780 -1022.54 301.991
36810 -1023.23 294.322
36840 -1012.5 295.657
36870 -1013.08 301.936
36900 -1015.96 297.194
36930 -1014.34 299.977
36960 -1013.71 305.042
36990 -1016.16 300.889
37020 -1020.12 298.808
37050 -1017.97 300.255
37080 -1017.36 298.919
37110 -1020.51 298.385
37140 -1019.22 300.656
37170 -1015.16 301.123
37200 -1013.08 305.654
37230 -1022.63 300.6
37260 -1021.74 300.7
37290 -1019.58 299.242
37320 -1019.72 299.375
37350 -1021.16 300.945
37380 -1021.02 301.012
37410 -1018.91 299.264
37440 -1019.82 299.921
37470 -1020.99 300.778
37500 -1023.24 302.036
37530 -1020.67 301.168
37560 -1022.67 299.108
37590 -1021.83 298.496
37620 -1021.62 299.687
37650 -1018.49 298.719
37680 -1018.94 298.774
37710 -1019.68 297.183
37740 -1020.45 296.793
37770 -1021.09 297.639
37800 -1020.71 299.498
37830 -1019.57 301.446
37860 -1019.87 301.991
37890 -1022.41 294.945
37920 -1021.8 298.574
37950 -1019.75 301.513
37980 -1017.84 303.45
38010 -1018.52 303.093
38040 -1018.52 302.314
38070 -1018.72 300.177
38100 -1019.32 297.383
38130 -1019.49 296.771
38160 -1018.78 294.689
38190 -1021.83 291.884
38220 -1022.68 290.871
38250 -1021.78 291.149
38280 -1020.55 291.55
38310 -1018.81 290.748
38340 -1017.29 291.661
38370 -1018.29 294.032
38400 -1019.87 291.483
38430 -1018.94 290.793
38460 -1020.39 292.863
38490 -1021.03 297.249
38520 -1021.07 294.411
38550 -1020.94 296.96
38580 -1020.93 294.121
38610 -1020.03 297.116
38640 -1019.23 296.604
38670 -1018.32 298.307
38700 -1018.08 299.275
38730 -1018.44 298.24
38760 -1018.91 296.259
38790 -1019.64 295.179
38820 -1019.29 296.782
38850 -1017.45 298.674
38880 -1018.9 299.298
38910 -1017.54 299.542
38940 -1019.32 297.116
38970 -1019.85 295.112
39000 -1018.18 297.795
39030 -1017.89 297.138
39060 -1017.06 297.817
39090 -1017.75 296.515
39120 -1018.79 295.546
39150 -1018.54 294.188
39180 -1018.47 295.791
39210 -1018.22 304.207
39240 -1016.24 317.787
39270 -1017.31 315.672
39300 -1020.16 298.863
39330 -1017.58 300.845
39360 -1017.56 299.932
39390 -1017.81 297.773
39420 -1017.7 296.815
39450 -1017.32 297.004
39480 -1017.61 294.043
39510 -1017.15 294.411
39540 -1015.39 295.724
39570 -1015.55 299.075
39600 -1015.12 295.212
39630 -1015.05 304.596
39660 -1015.76 304.196
39690 -1016.48 302.225
39720 -1016.63 300.311
39750 -1017.73 294.912
39780 -1017.32 295.724
39810 -1016.43 296.726
39840 -1015.91 297.606
39870 -1016.16 298.507
39900 -1016.27 298.897
39930 -1016.27 298.752
39960 -1016.45 298.218
39990 -1017.07 285.628
40020 -1017.48 292.585
40050 -1015.73 291.171
40080 -1016.38 298.496
40110 -1016.84 291.583
40140 -1016.43 303.505
40170 -1016.1 305.632
40200 -1017.53 303.706
40230 -1021.85 295.112
40260 -1025.04 289.39
40290 -1023.23 291.583
40320 -1018.33 298.084
40350 -1012.14 308.837
40380 -1014.82 305.153
40410 -1023 292.407
40440 -1019.52 297.65
40470 -1018.48 300.144
40500 -1020.13 304.841
40530 -1016.88 295.413
40560 -1018.74 296.826
40590 -1018.43 297.784
40620 -1019.32 296.67
40650 -1018.85 297.461
40680 -1018.09 297.55
40710 -1017.48 297.773
40740 -1013.61 290.927
40770 -1012.65 291.661
40800 -1012.85 296.648
40830 -1013.63 297.205
40860 -1016.89 295.557
40890 -1021.32 297.483
40920 -1026.15 292.997
40950 -1023.89 294.611
40980 -1023.27 300.01
41010 -1022.61 295.246
41040 -1021.27 295.958
41070 -1021.09 302.938
41100 -1020.75 302.904
41130 -1019.62 297.394
41160 -1018.98 297.661
41190 -1015.14 303.004
41220 -1019.25 301.88
41250 -1027.26 290.17
41280 -1029.55 286.073
41310 -1024.64 304.841
41340 -1034.86 295.379
41370 -1032.27 298.34
41400 -1027 297.628
41430 -1025.63 299.643
41460 -1018.48 300.455
41490 -1021.47 298.819
41520 -1021.6 299.131
41550 -1021.42 299.32
41580 -1024.25 297.516
41610 -1033.86 294.511
41640 -1026.78 294.6
41670 -1018.78 298.563
41700 -1018.36 299.008
41730 -1019.2 299.721
41760 -1018.53 299.888
41790 -1010.95 300.734
41820 -1016.34 300.121
41850 -1017.52 299.587
41880 -1022.28 298.83
41910 -1024.88 296.971
41940 -1023.21 297.583
41970 -1021.33 295.39
42000 -1020.56 294.644
42030 -1020.12 294.188
42060 -1021.18 296.047
42090 -1020.91 300.433
42120 -1020.06 297.383
42150 -1019.41 297.817
42180 -1019.16 298.708
42210 -1019.35 298.329
42240 -1019.59 298.029
42270 -1019.27 297.249
42300 -1019.8 302.581
42330 -1021.34 306.722
42360 -1021.15 299.487
42390 -1021.76 289.246
42420 -1021.89 290.593
42450 -1021.93 291.828
42480 -1020.76 298.474
42510 -1018.03 301.457
42540 -1018.08 301.479
42570 -1017.79 301.09
42600 -1017.78 299.91
42630 -1018.38 298.674
42660 -1018.66 298.329
42690 -1019.52 300.144
42720 -1017.16 298.852
42750 -1016.9 299.342
42780 -1016.99 299.709
42810 -1017.09 300.144
42840 -1017.54 299.709
42870 -1017.98 299.554
42900 -1018.04 295.824
42930 -1019.09 298.563
42960 -1019.16 299.598
42990 -1021.03 298.685
43020 -1020.59 298.251
43050 -1020.53 297.784
43080 -1020.39 297.728
43110 -1020.32 297.594
43140 -1019.79 297.439
43170 -1021.64 297.472
43200 -1022.69 297.116
43230 -1022.77 296.715
43260 -1022.78 297.016
43290 -1022.77 297.049
43320 -1022.77 297.683
43350 -1022.58 296.771
43380 -1020.47 296.815
43410 -1020.21 297.528
43440 -1018.93 298.485
43470 -1018.79 297.539
43500 -1015.79 292.529
43530 -1016.56 293.988
43560 -1017.38 296.537
43590 -1017.54 298.04
43620 -1013.13 297.906
43650 -1014.27 296.526
43680 -1016.4 297.817
43710 -1017.18 298.986
43740 -1014.7 298.218
43770 -1013.29 297.683
43800 -1020.28 298.318
43830 -1021.74 298.808
43860 -1024.87 299.798
43890 -1017.17 296.025
43920 -1011.43 293.587
43950 -1008.74 292.607
43980 -1000.27 285.939
44010 -1010.44 292.952
44040 -1014.35 296.682
44070 -1015.76 298.229
44100 -1016.04 296.971
44130 -1016.71 296.259
44160 -1016.63 296.815
44190 -1016.82 297.138
44220 -1017.1 297.483
44250 -1017.45 297.594
44280 -1017.64 298.251
44310 -1018.01 298.273
44340 -1018.3 298.529
44370 -1017.34 297.216
44400 -1018.66 298.418
44430 -1016.63 295.98
44460 -1016.79 295.346
44490 -1015.94 294.633
44520 -1013.63 292.875
44550 -1013.45 292.897
44580 -1012.94 292.83
44610 -1013.39 293.687
44640 -1013.77 293.609
44670 -1017.66 295.546
44700 -1018.26 296.927
44730 -1007.67 291.016
44760 -1011.13 293.899
44790 -1014.95 294.867
44820 -1016.93 295.947
44850 -1017.64 297.516
44880 -1018.21 298.596
44910 -1015.97 296.637
44940 -1011.89 293.298
44970 -1013.11 297.461
45000 -1009.72 297.472
45030 -1013.4 297.316
45060 -1014.61 296.96
45090 -1012.43 290.47
45120 -1013.2 291.828
45150 -1018.84 287.876
45180 -1017.39 293.153
45210 -1017.7 293.743
45240 -1017.77 299.743
45270 -1017.07 303.071
45300 -1017.92 301.602
45330 -1016.7 298.262
45360 -1020.38 297.784
45390 -1020.71 296.904
45420 -1020.51 296.57
45450 -1020.9 297.45
45480 -1017.51 297.494
45510 -1018.67 302.08
45540 -1020.52 299.164
45570 -1021.13 298.619
45600 -1022.01 291.183
45630 -1022.35 287.487
45660 -1017.82 292.407
45690 -1018.73 287.331
45720 -1016.89 294.411
45750 -1015.58 281.197
45780 -1014.38 298.418
45810 -1015.11 298.808
45840 -1016.05 294.344
45870 -1016.66 296.804
45900 -1015.84 295.056
45930 -1013.09 300.144
45960 -1015.27 302.804
45990 -1015.38 293.242
46020 -1014.84 293.487
46050 -1014.23 289.98
46080 -1015.07 291.806
46110 -1015.84 291.494
46140 -1017.37 293.142
46170 -1019.1 295.012
46200 -1019.03 297.539
46230 -1012.33 291.149
46260 -1015.16 305.832
46290 -1018.36 305.954
46320 -1012.39 287.431
46350 -1012.23 288.355
46380 -1010.97 288.7
46410 -1017.2 294.288
46440 -1017.58 294.923
46470 -1009.97 290.125
46500 -1021.15 305.576
46530 -1010 291.327
46560 -1026.07 301.357
46590 -1020.32 300.734
46620 -1019.87 290.069
46650 -1020.51 294.567
46680 -1020.76 303.873
46710 -1018.91 292.863
46740 -1021.21 306.823
46770 -1015.12 296.515
46800 -1019.08 301.847
46830 -1027.65 305.097
46860 -1019.69 300.466
46890 -1022.7 292.619
46920 -1022.57 301.68
46950 -1020.65 300.533
46980 -1019.77 297.483
47010 -1020.69 300.978
47040 -1012.75 291.951
47070 -1008.72 289.68
47100 -1002.32 285.928
47130 -1014.04 295.446
47160 -1022.93 306.444
47190 -1019.77 299.687
47220 -1013.04 292.63
47250 -1017.17 295.891
47280 -1009.36 293.899
47310 -1025.7 300.177
47340 -1026.18 296.481
47370 -1008.13 286.218
47400 -1007.68 293.298
47430 -1008.91 294.978
47460 -1012.04 290.08
47490 -1000.62 283.98
47520 -1007.95 290.136
47550 -1016.78 301.09
47580 -1019.51 296.904
47610 -1018.11 295.602
47640 -1018.93 300.055
47670 -1017.48 294.633
47700 -1019.06 294.611
47730 -1017.96 294.912
47760 -1017.71 294.912
47790 -1018.19 294.466
47820 -1017.12 294.811
47850 -1018.49 295.29
47880 -1022.33 294.055
47910 -1021.04 296.637
47940 -1019.85 295.747
47970 -1019.06 295.223
48000 -1025.69 293.698
48030 -1017.01 292.062
48060 -1023.98 287.609
48090 -1018.01 283.591
48120 -1008.17 285.839
48150 -1014.92 286.652
48180 -1013.08 288.734
48210 -1018.39 297.939
48240 -1019.02 294.656
48270 -1018.2 295.413
48300 -1008.33 293.153
48330 -995.968 278.314
48360 -1000.9 286.663
48390 -1009.4 296.337
48420 -1019.22 294.5
48450 -1020.59 295.98
48480 -1013.3 295.602
48510 -1018.38 295.991
48540 -1014.23 294.299
48570 -1014.32 294.478
48600 -1015.96 295.257
48630 -1017.56 295.802
48660 -1018.18 296.259
48690 -1018.42 296.448
48720 -1016.95 295.591
48750 -1017.8 295.791
48780 -1017.29 295.468
48810 -1017.46 295.702
48840 -1017.98 296.181
48870 -1016.84 296.426
48900 -1017.65 295.724
48930 -1018.32 296.437
48960 -1017.66 296.927
48990 -1019.04 297.338
49020 -1020.25 296.359
49050 -1020.45 300.099
49080 -1023.96 303.761
49110 -1014.02 301.001
49140 -1015.69 294.266
49170 -1017.21 294.8
49200 -1017.1 294.912
49230 -1020.99 297.093
49260 -1019.95 297.105
49290 -1007.17 291.316
49320 -1021.03 297.65
49350 -1015.79 294.4
49380 -1017 294.066
49410 -1017.96 296.492
49440 -1018.3 298.285
49470 -1023.33 297.027
49500 -1022.07 296.927
49530 -1018.72 295.045
49560 -1019.39 295.023
49590 -1024.49 297.205
49620 -1015.94 293.387
49650 -1005.51 284.67
49680 -1013.94 289.101
49710 -1018.91 293.175
49740 -1015.97 280.808
49770 -1003.53 289.624
49800 -1003.64 291.183
49830 -1009.43 291.004
49860 -997.35 284.203
49890 -1011.59 287.776
49920 -1040.51 294.967
49950 -1020.8 275.687
49980 -1033.93 275.531
50010 -1030.13 287.876
50040 -1031.44 288.311
50070 -1031.38 289.157
50100 -1021.77 295.157
50130 -1022.79 296.381
50160 -1021 296.837
50190 -1025.49 299.387
50220 -1025.4 298.362
50250 -1029.05 292.118
50280 -1027.7 289.068
50310 -1024.03 290.793
50340 -1027.19 290.915
50370 -1027.27 289.869
50400 -1027.28 292.095
50430 -1026.88 294.099
50460 -1025.92 294.678
50490 -1025.56 294.266
50520 -1024.32 295.279
50550 -1024.25 296.17
50580 -1021.75 295.045
50610 -1017.97 294.945
50640 -1018.13 295.791
50670 -1021.73 295.713
50700 -1022.16 296.281
50730 -1022.1 298.04
50760 -1022.59 298.819
50790 -1024.13 299.487
50820 -1021.45 298.785
50850 -1020.19 297.539
50880 -1020.98 297.572
50910 -1021.9 297.427
50940 -1020.84 296.459
50970 -1020.97 295.502
51000 -1020.81 296.615
51030 -1021.57 298.474
51060 -1020.66 298.362
51090 -1020.06 298.852
51120 -1019.9 299.698
51150 -1020.95 300.311
51180 -1019.71 300.144
51210 -1016.89 298.741
51240 -1018.8 299.988
51270 -1020.07 306.055
51300 -1017.88 307.179
51330 -1019.5 305.453
51360 -1020.18 304.084
51390 -1021.27 303.75
51420 -1021.88 301.123
51450 -1023.46 300.6
51480 -1024.6 301.646
51510 -1024.09 300.544
51540 -1019.08 298.663
51570 -1022.03 301.813
51600 -1016.73 298.83
51630 -1018.52 299.197
51660 -1019.62 299.676
51690 -1021.93 300.021
51720 -1014 294.422
51750 -1019.53 298.229
51780 -1016.1 296.604
51810 -1015.54 295.134
51840 -1018.22 295.591
51870 -1019.4 296.003
51900 -1023.78 298.452
51930 -1025.93 299.331
51960 -1020.31 294.99
51990 -1016.06 292.184
52020 -1021.46 296.025
52050 -1018.66 293.142
52080 -1020.63 294.277
52110 -1020.86 294.878
52140 -1014.97 294.422
52170 -1019.92 299.888
52200 -1023.15 300.221
52230 -1022.44 298.819
52260 -1020.9 296.982
52290 -1023.1 296.949
52320 -1018.68 293.587
52350 -1019.17 294.656
52380 -1018.14 292.518
52410 -1024.66 289.724
52440 -1024.17 280.952
52470 -1020.82 291.227
52500 -1020.92 293.253
52530 -1024.89 293.977
52560 -1024.4 293.676
52590 -1021.43 294.333
52620 -1022.83 291.528
52650 -1021.03 294.4
52680 -1020.42 298.708
52710 -1020.76 299.932
52740 -1020.92 307.379
52770 -1016.51 291.683
52800 -1017.23 296.47
52830 -1015.92 297.606
52860 -1016.87 298.496
52890 -1018.48 300.422
52920 -1021.82 285.773
52950 -1016.81 300.411
52980 -1018.39 302.648
53010 -1022.22 296.158
53040 -1022.21 293.62
53070 -1019.87 298.218
53100 -1019.76 294.166
53130 -1016.8 299.531
53160 -1017.15 302.214
53190 -1016.86 302.659
53220 -1015.6 301.29
53250 -1019.9 295.301
53280 -1024.47 294.121
53310 -1021.26 291.16
53340 -1010.83 291.739
53370 -1023.42 291.928
53400 -1021.29 293.019
53430 -1020.17 288.711
53460 -1019.43 290.114
53490 -1019.21 290.57
53520 -1022.74 291.884
53550 -1020.66 292.897
53580 -1017.25 293.286
53610 -1016.34 296.047
53640 -1021.62 299.954
53670 -1015.45 297.439
53700 -1020.86 298.14
53730 -1019.73 303.416
53760 -1012.61 306.01
53790 -1015.82 303.416
53820 -1010.99 313.346
53850 -1015.92 307.09
53880 -1009.41 312.244
53910 -1015.49 301.691
53940 -1013.63 298.552
53970 -1014.15 295.98
54000 -1014.68 294.7
54030 -1015.17 294.277
54060 -1015.88 290.86
54090 -1017.38 295.324
54120 -1017.92 298.229
54150 -1017.94 298.418
54180 -1019.13 296.403
54210 -1019.99 294.333
54240 -1020.81 295.079
54270 -1021.73 298.952
54300 -1019.56 302.448
54330 -1020.82 301.368
54360 -1018.08 299.554
54390 -1017.72 300.522
54420 -1018.41 294.455
54450 -1018.19 289.045
54480 -1018.31 294.311
54510 -1017.26 293.453
54540 -1020.06 295.324
54570 -1015.7 298.585
54600 -1020.85 293.409
54630 -1018.2 292.006
54660 -1016.79 291.194
54690 -1021.93 278.014
54720 -1023.77 241.914
54750 -1026.03 204.389
54780 -1028.52 164.815
54810 -1038.24 130.919
54840 -1045.95 121.001
54870 -1045.65 115.424
54900 -1047.5 115.023
54930 -1053.87 116.949
54960 -1054.27 123.929
54990 -1053.55 126.366
55020 -1048.74 126.366
55050 -1047.59 118.808
55080 -1047.95 116.248
55110 -1046.46 115.847
55140 -1049.08 125.988
55170 -1043.01 138.923
55200 -1031.43 157.057
55230 -1027.4 192.411
55260 -1024.88 224.415
55290 -1018.83 249.116
55320 -1019.76 248.57
55350 -1014.1 247.869
55380 -1018.88 251.999
55410 -1023.7 237.105
55440 -1026.16 210.956
55470 -1005.79 197.175
55500 -979.711 194.504
55530 -949.871 190.507
55560 -913.527 183.706
55590 -876.913 182.704
55620 -847.262 170.793
55650 -815.868 188.147
55680 -791.834 215.932
55710 -768.939 242.648
55740 -746.739 266.047
55770 -723.438 294.055
55800 -698.077 322.106
55830 -683.174 338.526
55860 -667.523 334.652
55890 -636.652 313.902
55920 -606.857 291.016
55950 -573.584 272.058
55980 -543.283 247.869
56010 -511.537 226.062
56040 -480.287 207.138
56070 -442.183 204.5
56100 -409.316 201.205
56130 -376.965 178.006
56160 -342.211 162.378
56190 -316.534 129.216
56220 -282.123 107.52
56250 -250.621 87.0826
56280 -221.792 66.7228
56310 -190.633 44.8155
56340 -159.311 23.543
56370 -128.133 5.43152
56400 -106.403 -1.52656
55230 -1027.4 192.411
