0 -850.179 471.238
30 -360.03 195.172
60 -89.3515 19.4021
90 -32.2715 -12.6581
120 -4.90629 -11.7669
150 -4.00296 -0.42503
180 -3.91397 12.1666
210 -6.17026 8.15958
240 -1.38706 3.48421
270 -5.44802 -5.20033
300 -22.2464 3.48421
330 -55.1215 21.517
360 -82.1261 42.2219
390 -100.551 32.9827
420 -99.5572 34.3184
450 -102.267 34.4298
480 -91.6997 34.875
510 -25.6783 -12.2129
540 -4.00296 -27.908
570 3.40555 -26.461
600 4.48804 -33.0287
630 2.68308 -19.1143
660 1.41924 -11.0993
690 12.2553 -16.8877
720 15.5066 -28.1308
750 11.081 -24.4571
780 8.55251 -22.1195
810 12.5261 -21.229
840 14.7838 -55.0694
870 93.8108 112.24
900 265.864 175.134
930 298.288 255.505
960 230.37 357.917
990 116.39 477.917
1020 -363.733 513.316
1050 -352.805 656.581
1080 -176.236 911.274
1110 -142.277 920.625
1140 356.723 765.56
1170 580.979 902.369
1200 726.118 1121.55
1230 855 1359.33
1260 735.24 1417.43
1290 561.922 1425
1320 512.067 1443.37
1350 474.857 1461.07
1380 342.272 1492.13
1410 266.406 1488.12
1440 264.6 1491.79
1470 303.074 1495.69
1500 350.581 1495.02
1530 392.307 1476.54
1560 416.512 1461.4
1590 417.721 1461.25
1620 421.346 1460.8
1650 424.971 1460.34
1680 428.597 1459.89
1710 432.222 1459.43
1740 435.848 1458.98
1770 439.473 1458.52
1800 454.707 1452.25
1830 429.473 1475.05
1860 433.79 1470.75
1890 432.941 1468.39
1920 432.832 1474.15
1950 429.726 1465.2
1980 422.139 1470.32
2010 445.269 1456.85
2040 449.117 1447.38
2070 454.608 1490.07
2100 460.108 1495.07
2130 448.8 1516.25
2160 433.013 1489.8
2190 428.443 1476.53
2220 424.325 1473.84
2250 425.652 1474.36
2280 423.963 1485.07
2310 424.09 1472.41
2340 422.022 1464.06
2370 427.206 1459.37
2400 425.101 1432.28
2430 424.352 1436.94
2460 425.246 1441.89
2490 423.367 1461.39
2520 432.634 1468.22
2550 440.862 1501.07
2580 430.168 1491.99
2610 434.187 1500.16
2640 431.315 1441.7
2670 423.069 1450.87
2700 439.742 1451.45
2730 427.73 1448.08
2760 423.069 1446.16
2790 421.633 1428.14
2820 422.103 1442.03
2850 422.13 1442.26
2880 437.222 1456.86
2910 433.239 1462.75
2940 430.602 1468.12
2970 427.702 1476.74
3000 445.097 1475.32
3030 429.482 1471.21
3060 437.122 1479.72
3090 423.972 1476.42
3120 429.987 1470.2
3150 436.219 1470.77
3180 427.088 1471.56
3210 426.546 1468.09
3240 427.711 1450.69
3270 431.613 1460.42
3300 428.922 1471.41
3330 426.899 1465.36
3360 438.947 1481.91
3390 424.912 1479.58
3420 427.865 1466.13
3450 424.65 1478.52
3480 430.34 1484.05
3510 491.565 1473.77
3540 495.268 1437.21
3570 466.259 1399.03
3600 428.714 1459.8
3630 428.813 1466.51
3660 430.755 1468.57
3690 427.441 1455.72
3720 418.409 1470.97
3750 424.424 1454.97
3780 419.195 1462.54
3810 422.735 1463.35
3840 420.631 1466.78
3870 421.127 1457.94
3900 432.3 1464.61
3930 429.337 1475.42
3960 417.307 1454
3990 424.424 1465.32
4020 423.277 1476.69
4050 416.142 1441.63
4080 424.108 1456.66
4110 430.051 1502.32
4140 441.982 1471.33
4170 425.21 1499.73
4200 426.564 1497.39
4230 427.748 1479.68
4260 445.395 1468.07
4290 447.563 1504.12
4320 431.875 1474.86
4350 432.616 1485.92
4380 422.69 1472.85
4410 429.138 1485.25
4440 415.627 1480.46
4470 427.612 1455.62
4500 421.326 1468.73
4530 423.756 1469.53
4560 423.602 1464.61
4590 432.02 1483.64
4620 429.319 1489.43
4650 431.884 1473.11
4680 419.059 1472.29
4710 417.244 1463.93
4740 422.437 1466.1
4770 423.132 1477.88
4800 420.206 1463.93
4830 419.592 1455.89
4860 422.031 1472.29
4890 412.881 1471.23
4920 418.273 1466.97
4950 415.112 1475.27
4980 422.13 1462.37
5010 419.339 1476.64
5040 448.665 1464.22
5070 462.809 1467.84
5100 470.467 1437.18
5130 452.982 1459.93
5160 436.264 1453.59
5190 464.443 1464.6
5220 455.565 1473.36
5250 448.493 1472.81
5280 431.658 1443.72
5310 433.058 1433.97
5340 431.758 1471.28
5370 449.071 1448.91
5400 454.057 1437.38
5430 441.286 1449.54
5460 492.288 1468.58
5490 409.874 1409.96
5520 408.188 1402.65
5550 395.737 1368.85
5580 387.204 1376.8
5610 398.63 1387.04
5640 394.701 1387.04
5670 380.747 1370.79
5700 356.136 1351.09
5730 337.575 1337.79
5760 312.874 1312.57
5790 298.739 1273.56
5820 281.805 1229.98
5850 268.528 1212.44
5880 245.633 1187.9
5910 224.996 1152.22
5940 205.307 1114.54
5970 182.547 1075.69
6000 157.665 1050.92
6030 138.066 1023.2
6060 112.552 1003.72
6090 69.5608 1004.61
6120 31.0861 996.042
6150 -14.2538 999.215
6180 -71.83 1010.29
6210 -131.755 1012.46
6240 -162.102 987.527
6270 -193.125 948.844
6300 -218.685 914.28
6330 -239.954 877.434
6360 -262.805 836.08
6390 -286.964 797.007
6420 -315.55 758.547
6450 -337.948 721.813
6480 -361.521 683.854
6510 -384.326 646.674
6540 -411.917 614.225
6570 -431.019 582.499
6600 -449.218 554.503
6630 -469.856 554.114
6660 -479.881 538.418
6690 -485.119 528.121
6720 -488.822 537.138
6750 -485.345 528.622
6780 -484.035 529.512
6810 -485.164 533.409
6840 -481.732 529.29
6870 -485.525 525.895
6900 -478.752 530.737
6930 -478.481 528.9
6960 -480.964 531.127
6990 -482.093 527.453
7020 -479.745 523.78
7050 -480.152 528.622
7080 -480.377 532.908
7110 -482.139 529.012
7140 -480.513 533.353
7170 -482.455 536.804
7200 -476.042 526.396
7230 -467.688 555.06
7260 -474.868 552.722
7290 -476.855 535.023
7320 -477.713 524.392
7350 -491.215 559.791
7380 -466.875 500.793
7410 -429.936 360.811
7440 -452.65 397.657
7470 -492.073 515.653
7500 -490.493 522.499
7530 -486.022 523.557
7560 -482.997 524.559
7590 -492.119 523.446
7620 -492.57 528.789
7650 -492.299 527.119
7680 -494.377 533.576
7710 -498.079 531.739
7740 -501.466 533.52
7770 -506.073 540.31
7800 -500.924 536.414
7830 -499.434 534.856
7860 -503.905 539.253
7890 -490.357 530.626
7920 -484.667 524.837
7950 -479.429 519.438
7980 -480.332 521.553
8010 -478.978 521.72
8040 -482.997 526.34
8070 -483.674 527.731
8100 -477.849 526.229
8130 -485.571 528.845
8160 -492.028 537.806
8190 -490.809 537.305
8220 -491.035 534.466
8250 -486.835 532.24
8280 -488.461 531.349
8310 -489.725 534.633
8340 -480.513 525.282
8370 -484.216 531.182
8400 -485.209 535.19
8430 -479.881 524.503
8460 -489.138 530.904
8490 -494.557 537.973
8520 -489.183 530.57
8550 -496.409 533.019
8580 -509.414 541.535
8610 -497.673 533.576
8640 -488.009 528.9
8670 -484.758 525.839
8700 -482.048 519.605
8730 -501.015 459.16
8760 -503.228 466.952
8790 -500.021 474.633
8820 -485.932 492.388
8850 -501.421 500.18
8880 -499.931 513.928
8910 -398.28 717.917
8940 -326.613 874.595
8970 -407.627 715.857
9000 -470.939 523.223
9030 -456.624 504.967
9060 -458.476 498.845
9090 -481.777 524.67
9120 -481.01 529.234
9150 -485.796 522.499
9180 -478.932 526.284
9210 -481.461 517.435
9240 -478.932 524.503
9270 -477.803 518.548
9300 -484.622 526.117
9330 -476.81 525.115
9360 -483.9 525.672
9390 -481.642 519.661
9420 -482.364 519.438
9450 -486.519 527.62
9480 -485.706 523.78
9510 -483.9 522.277
9540 -485.796 523.668
9570 -487.196 523.112
9600 -487.241 525.839
9630 -487.603 524.614
9660 -487.829 523
9690 -477.487 510.31
9720 -481.281 537.583
9750 -475.184 525.06
9780 -471.572 532.852
9810 -478.165 534.355
9840 -477.171 541.201
9870 -476.991 542.592
9900 -476.991 540.477
9930 -475.862 529.012
9960 -476.72 522.889
9990 -481.01 527.564
10020 -488.325 532.128
10050 -479.203 521.776
10080 -476.403 523.056
10110 -478.3 507.527
10140 -478.074 523.78
10170 -477.984 519.661
10200 -482.229 530.96
10230 -485.39 524.781
10260 -480.016 528.9
10290 -481.416 530.737
10320 -481.687 525.115
10350 -483.674 520.329
10380 -480.603 527.063
10410 -479.519 536.859
10440 -481.281 532.462
10470 -470.849 513.483
10500 -422.62 391.312
10530 -392.68 324.633
10560 -412.098 377.119
10590 -432.013 427.49
10620 -469.303 522.447
10650 -481.235 517.323
10680 -481.64 509.85
10710 -482.287 524.654
10740 -482.934 539.457
10770 -478.481 525.839
10800 -480.016 524.893
10830 -481.597 523.835
10860 -483.674 529.791
10890 -480.558 539.364
10920 -482.59 530.459
10950 -477.758 517.268
10980 -472.249 512.036
11010 -475.275 509.253
11040 -481.281 512.481
11070 -484.397 528.399
11100 -479.429 519.995
11130 -481.958 520.774
11160 -482.003 528.678
11190 -484.893 533.464
11220 -482.681 523.78
11250 -484.397 522.221
11280 -484.351 523.112
11310 -490.357 535.746
11340 -491.035 540.867
11370 -499.66 554.336
11400 -492.57 527.286
11430 -486.79 513.371
11460 -486.383 520.941
11490 -484.532 523.724
11520 -494.331 506.247
11550 -493.609 500.069
11580 -493.112 502.073
11610 -485.119 518.269
11640 -484.667 523.835
11670 -489.228 512.314
11700 -487.874 509.587
11730 -485.751 511.201
11760 -487.377 513.984
11790 -484.126 510.477
11820 -486.519 507.082
11850 -478.345 530.18
11880 -478.074 534.188
11910 -479.474 517.824
11940 -479.926 517.657
11970 -483.132 516.822
12000 -485.3 521.553
12030 -486.654 522.666
12060 -484.622 518.882
12090 -483.268 516.6
12120 -481.416 508.473
12150 -484.035 512.425
12180 -484.442 517.991
12210 -489.454 535.412
12240 -485.661 519.717
12270 -486.338 523.613
12300 -485.48 513.316
12330 -486.88 518.381
12360 -488.235 518.659
12390 -485.887 514.54
12420 -484.08 516.544
12450 -485.525 516.433
12480 -482.093 516.488
12510 -482.545 523.78
12540 -482.635 533.297
12570 -489.635 535.802
12600 -491.622 533.409
12630 -485.661 524.392
12660 -488.099 516.544
12690 -481.235 527.286
12720 -495.867 515.264
12750 -487.919 526.062
12780 -483.313 521.887
12810 -476.945 543.705
12840 -480.377 542.425
12870 -491.802 519.327
12900 -482.048 532.518
12930 -481.732 521.776
12960 -478.39 525.616
12990 -481.642 524.002
13020 -479.971 522.11
13050 -485.164 524.726
13080 -496.589 529.067
13110 -519.936 514.986
13140 -531.045 496.062
13170 -533.98 452.203
13200 -555.069 426.711
13230 -585.687 403.112
13260 -615.581 380.014
13290 -641.818 366.544
13320 -662.004 356.025
13350 -689.325 330.255
13380 -715.743 302.314
13410 -741.031 269.197
13440 -769.662 241.535
13470 -796.17 210.923
13500 -818.658 185.042
13530 -832.341 164.726
13560 -831.754 161.609
13590 -830.716 168.177
13620 -834.238 170.904
13650 -840.876 163.168
13680 -849.411 163.724
13710 -859.211 149.253
13740 -891.725 106.118
13770 -932.503 85.8582
13800 -972.829 62.2589
13830 -1021.74 32.6486
13860 -1055.38 3.64998
13890 -1090.96 -33.4182
13920 -1128.58 -61.3032
13950 -1162.13 -86.9618
13980 -1211.49 -114.847
14010 -1239.04 -109.448
14040 -1248.93 -78.0564
14070 -1292.5 -55.9043
14100 -1350.76 -69.5963
14130 -1380.52 -53.511
14160 -1405.58 -24.2902
14190 -1437.69 -24.6243
14220 -1448.66 -28.2976
14250 -1450.06 -27.7411
14280 -1451.19 -27.908
14310 -1448.35 -25.014
14340 -1450.88 -30.5241
14370 -1451.01 -29.5221
14400 -1450.92 -30.2458
14430 -1451.55 -37.537
14460 -1451.55 -27.6299
14490 -1451.73 -24.0679
14520 -1451.01 -25.6261
14550 -1449.61 -25.6262
14580 -1450.51 -27.9638
14610 -1449.66 -27.2958
14640 -1450.2 -28.5761
14670 -1450.29 -29.5779
14700 -1450.06 -29.3552
14730 -1448.75 -29.8562
14760 -1448.93 -29.0212
14790 -1449.48 -27.6299
14820 -1449.61 -26.1827
14850 -1450.42 -23.6225
14880 -1448.44 -27.4629
14910 -1450.51 -25.0696
14940 -1452.46 -23.9009
14970 -1445.14 -28.3534
15000 -1445.68 -33.5298
15030 -1445.91 -22.2311
15060 -1443.51 -20.6166
15090 -1443.56 -19.1699
15120 -1441.84 -23.8451
15150 -1438.91 -25.1251
15180 -1444.64 -11.4888
15210 -1472.33 4.81998
15240 -1451.6 -3.86565
15270 -1452.09 -12.4912
15300 -1449.43 -18.3905
15330 -1460.09 -3.97579
15360 -1453.15 -0.101134
15390 -1445.09 -14.3277
15420 -1442.84 -21.452
15450 -1450.97 -10.0984
15480 -1450.15 -6.98137
15510 -1449.25 -10.7659
15540 -1449.97 -12.8806
15570 -1448.08 -8.31692
15600 -1448.62 -6.75784
15630 -1451.51 0.268813
15660 -1450.51 -3.41878
15690 -1446.99 -13.6599
15720 -1447.26 -9.9864
15750 -1434.98 -16.3313
15780 -1448.44 -11.8784
15810 -1448.98 -10.6546
15840 -1453.77 -8.65017
15870 -1454.67 -8.42804
15900 -1453.49 -8.31692
15930 -1445.73 -15.7749
15960 -1445.55 -16.8877
15990 -1441.66 -19.6707
16020 -1439.77 -19.6707
16050 -1441.03 -19.3368
16080 -1443.47 -18.6689
16110 -1443.74 -12.1014
16140 -1443.56 -15.8858
16170 -1442.3 -19.4483
16200 -1448.44 -14.3277
16230 -1452.14 -11.7669
16260 -1440.94 -23.0102
16290 -1447.17 -15.2185
16320 -1457.38 -3.08696
16350 -1435.61 -12.8806
16380 -1431.34 -9.35705
16410 -1443.83 -14.5501
16440 -1437.42 -29.1325
16470 -1445.55 -19.0027
16500 -1444.55 -12.5467
16530 -1450.15 -9.31921
16560 -1445 -23.2331
16590 -1456.29 -5.31203
16620 -1443.83 -19.0027
16650 -1446.9 -19.2253
16680 -1447.26 -18.2236
16710 -1452.32 -2.75123
16740 -1442.93 -19.6707
16770 -1449.52 -8.98514
16800 -1450.78 -6.86986
16830 -1446.54 -11.2106
16860 -1452.14 -8.98514
16890 -1453.86 -11.434
16920 -1446.45 -18.7804
16950 -1452.68 -12.6581
16980 -1454.22 2.48197
17010 -1463.16 2.37028
17040 -1451.33 -12.5467
17070 -1447.62 -15.2185
17100 -1451.24 -9.31921
17130 -1450.51 -8.31692
17160 -1451.42 -5.97919
17190 -1451.33 -5.31203
17220 -1449.52 -8.20539
17250 -1449.97 -6.86986
17280 -1450.51 -7.64818
17310 -1449.61 -7.42648
17340 -1458.28 -2.30459
17370 -1451.15 -9.20708
17400 -1452.77 -0.315211
17430 -1452.59 1.04111
17460 -1446.27 -7.98276
17490 -1446.9 -10.4319
17520 -1452.14 -2.08655
17550 -1444.46 -21.1176
17580 -1448.35 -48.6131
17610 -1448.26 -29.5779
17640 -1443.56 -16.3313
17670 -1445.55 -24.7913
17700 -1472.55 6.26757
17730 -1453.13 -12.4353
17760 -1447.26 -15.2185
17790 -1450.51 -12.9923
17820 -1447.8 -11.5453
17850 -1443.47 -15.7749
17880 -1446.9 -11.6562
17910 -1445.82 -16.3313
17940 -1448.71 -12.1014
17970 -1447.71 -13.3262
18000 -1446.54 -17.4444
18030 -1460.72 6.26757
18060 -1479.51 47.1198
18090 -1470.02 29.6432
18120 -1457.11 4.37492
18150 -1436.79 -21.229
18180 -1460.99 10.4966
18210 -1448.26 -8.20539
18240 -1453.86 -5.75598
18270 -1443.29 -17.2218
18300 -1446.45 -14.4391
18330 -1439.4 -27.7968
18360 -1448.35 -21.6744
18390 -1450.06 -13.5491
18420 -1444.28 -21.0063
18450 -1451.33 -16.9996
18480 -1450.88 -19.4483
18510 -1462.44 4.82086
18540 -1459.09 1.37068
18570 -1458.73 0.484609
18600 -1452.05 -10.6546
18630 -1456.11 -6.42485
18660 -1453.67 -1.08362
18690 -1454.31 -6.0907
18720 -1454.13 -4.64237
18750 -1451.96 -5.42226
18780 -1444.1 -14.9958
18810 -1446.27 -22.6761
18840 -1449.16 -16.9996
18870 -1445.46 -20.1156
18900 -1453.67 -7.53755
18930 -1452.14 -8.65017
18960 -1443.38 -22.6761
18990 -1450.15 -13.1031
19020 -1450.78 -11.7669
19050 -1448.8 -16.8877
19080 -1442.48 -35.2552
19110 -1434.62 -55.7373
19140 -1432.36 -48.947
19170 -1432.36 -48.947
19200 -1432.36 -48.947
19230 -1432.36 -48.947
19260 -1432.36 -48.947
19290 -1432.36 -48.947
19320 -1432.36 -48.947
19350 -1432.36 -48.947
19380 -1432.36 -48.947
19410 -1432.36 -48.947
19440 -1432.36 -48.947
19470 -1432.36 -48.947
19500 -1432.36 -48.947
19530 -1432.36 -48.947
19560 -1443.61 -29.491
19590 -1463.73 5.3111
19620 -1495.58 70.8081
19650 -1456.42 6.82335
19680 -1468.32 32.6867
19710 -1445.19 -21.229
19740 -1449.16 -16.5541
19770 -1451.51 -5.75598
19800 -1446.99 -11.5453
19830 -1446 -19.2253
19860 -1448.62 -13.1031
19890 -1444.1 -18.335
19920 -1444.01 -21.3406
19950 -1444.28 -18.335
19980 -1447.17 -15.5523
20010 -1442.93 -25.1254
20040 -1440.94 -24.9026
20070 -1439.04 -37.9266
20100 -1435.16 -43.7151
20130 -1431.64 -48.6131
20160 -1442.39 -33.0287
20190 -1441.57 -37.9266
20220 -1442.84 -34.9211
20250 -1441.39 -38.0377
20280 -1443.83 -21.7858
20310 -1452.32 -26.7949
20340 -1451.42 -12.9923
20370 -1449.61 -18.2236
20400 -1445.19 -14.3277
20430 -1443.56 -15.1074
20460 -1460.45 10.1626
20490 -1444.28 -25.014
20520 -1443.74 -31.359
20550 -1433.99 -14.3277
20580 -1439.31 5.59847
20610 -1429.38 -23.3442
20640 -1439.22 -12.2129
20670 -1442.39 -14.4391
20700 -1443.83 -16.2203
20730 -1449.52 -16.7766
20760 -1446.18 -13.7706
20790 -1442.84 -14.6617
20820 -1442.48 -20.3389
20850 -1441.03 -8.87285
20880 -1446.63 4.04114
20910 -1448.35 -6.86986
20940 -1454.58 -7.42648
20970 -1446.99 -12.1014
21000 -1444.91 -14.9958
21030 -1450.15 -13.5491
21060 -1454.22 -16.2203
21090 -1440.67 -34.9211
21120 -1451.87 -21.1176
21150 -1446.18 -16.8877
21180 -1441.39 -17.4444
21210 -1448.08 -10.543
21240 -1447.17 -9.31921
21270 -1452.32 -12.4353
21300 -1455.39 -8.20539
21330 -1447.8 -4.75578
21360 -1455.12 -20.1156
21390 -1456.47 -35.8116
21420 -1449.16 -27.3518
21450 -1450.15 -20.3389
21480 -1452.23 -23.0102
21510 -1451.78 -19.5597
21540 -1448.44 -26.5724
21570 -1448.98 -27.2401
21600 -1448.17 -22.1195
21630 -1447.17 -24.0121
21660 -1447.53 -20.2276
21690 -1448.08 -20.1156
21720 -1456.93 -26.461
21750 -1451.51 -21.8971
21780 -1453.67 -18.2236
21810 -1443.56 -16.3313
21840 -1451.69 -11.8784
21870 -1455.3 -9.9864
21900 -1448.17 -19.8935
21930 -1456.66 -6.20165
21960 -1448.71 -15.8858
21990 -1442.48 -21.5629
22020 -1458.91 -16.8877
22050 -1467.13 -24.0121
22080 -1442.02 -23.0102
22110 -1450.15 -23.5668
22140 -1452.86 -19.3368
22170 -1444.1 -20.4501
22200 -1451.69 -10.0984
22230 -1445.19 -11.434
22260 -1452.14 -11.6562
22290 -1452.14 -11.6562
22320 -1452.14 -11.6562
22350 -1452.14 -11.6562
22380 -1452.14 -11.6562
22410 -1452.14 -11.6562
22440 -1452.14 -11.6562
22470 -1452.14 -11.6562
22500 -1452.14 -11.6562
22530 -1452.14 -11.6562
22560 -1452.14 -11.6562
22590 -1452.14 -11.6562
22620 -1452.14 -11.6562
22650 -1452.14 -11.6562
22680 -1452.14 -11.6562
22710 -1452.14 -11.6562
22740 -1452.14 -11.6562
22770 -1452.14 -11.6562
22800 -1452.14 -11.6562
22830 -1452.14 -11.6562
22860 -1452.14 -11.6562
22890 -1452.14 -11.6562
22920 -1452.14 -11.6562
22950 -1452.14 -11.6562
22980 -1452.14 -11.6562
23010 -1445.39 -32.0157
23040 -1447.88 -25.4928
23070 -1453.57 -14.9737
23100 -1458.9 -13.7013
23130 -1453.06 -11.624
23160 -1449.9 -17.2221
23190 -1445.56 -11.7228
23220 -1450.12 -14.5946
23250 -1447.05 -18.2683
23280 -1448.8 -16.6653
23310 -1437.4 -21.3404
23340 -1434.04 -24.2346
23370 -1434.69 -25.7043
23400 -1433.93 -22.6987
23430 -1430.82 -23.9009
23460 -1430.82 -23.9009
23490 -1430.82 -23.9009
23520 -1430.82 -23.9009
23550 -1430.82 -23.9009
23580 -1430.82 -23.9009
23610 -1430.82 -23.9009
23640 -1430.82 -23.9009
23670 -1430.82 -23.9009
23700 -1430.82 -23.9009
23730 -1430.82 -23.9009
23760 -1430.82 -23.9009
23790 -1430.82 -23.9009
23820 -1430.82 -23.9009
23850 -1430.82 -23.9009
23880 -1430.82 -23.9009
23910 -1430.82 -23.9009
23940 -1430.82 -23.9009
23970 -1430.82 -23.9009
24000 -1430.82 -23.9009
24030 -1430.82 -23.9009
24060 -1430.82 -23.9009
24090 -1430.82 -23.9009
24120 -1430.82 -23.9009
24150 -1430.82 -23.9009
24180 -1430.82 -23.9009
24210 -1430.82 -23.9009
24240 -1430.82 -23.9009
24270 -1430.82 -23.9009
24300 -1430.82 -23.9009
24330 -1430.82 -23.9009
24360 -1430.82 -23.9009
24390 -1430.82 -23.9009
24420 -1430.82 -23.9009
24450 -1430.82 -23.9009
24480 -1430.82 -23.9009
24510 -1430.82 -23.9009
24540 -1430.82 -23.9009
24570 -1430.82 -23.9009
24600 -1430.82 -23.9009
24630 -1430.82 -23.9009
24660 -1430.82 -23.9009
24690 -1430.82 -23.9009
24720 -1430.82 -23.9009
24750 -1430.82 -23.9009
24780 -1430.82 -23.9009
24810 -1430.82 -23.9009
24840 -1430.82 -23.9009
24870 -1430.82 -23.9009
24900 -1430.82 -23.9009
24930 -1430.82 -23.9009
24960 -1430.82 -23.9009
24990 -1430.82 -23.9009
25020 -1430.82 -23.9009
25050 -1430.82 -23.9009
25080 -1430.82 -23.9009
25110 -1430.82 -23.9009
25140 -1430.82 -23.9009
25170 -1430.82 -23.9009
25200 -1430.82 -23.9009
25230 -1430.82 -23.9009
25260 -1430.82 -23.9009
25290 -1430.82 -23.9009
25320 -1430.82 -23.9009
25350 -1430.82 -23.9009
25380 -1430.82 -23.9009
25410 -1430.82 -23.9009
25440 -1430.82 -23.9009
25470 -1430.82 -23.9009
25500 -1430.82 -23.9009
25530 -1430.82 -23.9009
25560 -1430.82 -23.9009
25590 -1430.82 -23.9009
25620 -1430.82 -23.9009
25650 -1430.82 -23.9009
25680 -1430.82 -23.9009
25710 -1430.82 -23.9009
25740 -1430.82 -23.9009
25770 -1430.82 -23.9009
25800 -1430.82 -23.9009
25830 -1430.82 -23.9009
25860 -1430.82 -23.9009
25890 -1430.82 -23.9009
25920 -1430.82 -23.9009
25950 -1430.82 -23.9009
25980 -1433.35 -19.6707
26010 -1452.05 -12.4353
26040 -1456.2 -13.4373
26070 -1457.2 -11.3221
26100 -1455.57 -21.229
26130 -1446.27 -12.5467
26160 -1448.8 -37.704
26190 -1440.94 -5.86788
26220 -1444.19 -11.2106
26250 -1441.12 -2.97521
26280 -1444.73 -26.0157
26310 -1439.59 -18.4465
26340 -1420.35 -25.4589
26370 -1442.48 -23.2331
26400 -1448.17 -21.8971
26430 -1445.55 -30.3572
26460 -1448.71 -32.4721
26490 -1448.89 -31.6928
26520 -1445.46 -34.5871
26550 -1446.27 -28.0194
26580 -1446.9 -23.7895
26610 -1455.66 -13.6599
26640 -1449.97 -5.31203
26670 -1445.19 -12.3237
26700 -1449.16 -6.20165
26730 -1448.98 -10.8765
26760 -1446.72 -15.8858
26790 -1443.92 -21.3406
26820 -1446.81 -11.9901
26850 -1441.12 -18.4465
26880 -1441.48 -24.3461
26910 -1452.95 -16.1086
26940 -1442.57 -21.7858
26970 -1441.93 -24.6801
27000 -1449.61 -12.2129
27030 -1451.69 -18.1125
27060 -1448.8 -17.4444
27090 -1441.75 -18.7804
27120 -1438.05 -12.6581
27150 -1454.22 -10.3204
27180 -1451.15 -16.5541
27210 -1450.42 -17.8897
27240 -1451.69 -20.2276
27270 -1451.15 -14.105
27300 -1446.18 -28.4646
27330 -1448.26 -23.7895
27360 -1450.88 -13.7706
27390 -1449.97 -25.1254
27420 -1460 11.7215
27450 -1472.91 37.1015
27480 -1453.04 -7.98276
27510 -1447.17 -9.65202
27540 -1453.13 -3.53056
27570 -1454.76 -6.42485
27600 -1449.25 -24.2349
27630 -1455.48 -26.9061
27660 -1460.45 -30.2457
27690 -1462.53 -27.908
27720 -1452.5 -20.5611
27750 -1450.42 -20.7841
27780 -1448.62 -23.2331
27810 -1448.08 -20.6724
27840 -1444.55 -27.908
27870 -1445.55 -32.361
27900 -1449.43 -20.1156
27930 -1448.98 -20.8953
27960 -1441.03 -32.2494
27990 -1444.91 -29.3554
28020 -1448.8 -19.8935
28050 -1448.26 -13.9938
28080 -1448.44 -4.75578
28110 -1449.34 -9.31921
28140 -1449.7 -6.75784
28170 -1451.06 -3.08696
28200 -1461.53 -3.86404
28230 -1479.51 11.8331
28260 -1465.96 -7.31496
28290 -1452.77 -8.7617
28320 -1458.64 0.391858
28350 -1455.3 -4.30939
28380 -1450.97 -5.08972
28410 -1451.69 -10.6546
28440 -1459.82 -17.4444
28470 -1452.14 -7.64818
28500 -1449.43 -7.87167
28530 -1449.07 -16.6653
28560 -1441.66 -29.244
28590 -1449.43 -18.335
28620 -1450.15 -18.7804
28650 -1448.08 -20.4501
28680 -1448.98 -15.4409
28710 -1434.17 -24.4571
28740 -1448.62 -14.9958
28770 -1455.21 -24.7913
28800 -1455.48 -26.2383
28830 -1449.25 -16.5541
28860 -1445.91 -16.3313
28890 -1446.63 -22.8988
28920 -1468.67 19.1792
28950 -1434.08 -25.4589
28980 -1436.61 -26.9061
29010 -1460.81 0.484609
29040 -1463.34 -6.42485
29070 -1444.82 -20.5611
29100 -1451.42 -20.5611
29130 -1452.86 -20.6724
29160 -1438.77 -27.463
29190 -1443.74 -44.4944
29220 -1443.2 -31.5815
29250 -1437.96 -25.014
29280 -1437.06 -19.6707
29310 -1442.48 -11.3221
29340 -1467.4 17.9549
29370 -1463.7 -29.0212
29400 -1448.26 25.4135
29430 -1442.2 18.2891
29460 -1443.02 -19.5597
29490 -1441.93 -19.1143
29520 -1455.84 -1.08362
29550 -1436.88 -18.4465
29580 -1453.22 -10.543
29610 -1446.9 -25.3478
29640 -1443.83 -33.9192
29670 -1443.29 -24.9026
29700 -1440.04 -40.3756
29730 -1457.83 -9.65202
29760 -1439.31 -12.5467
29790 -1445.09 -19.0027
29820 -1447.26 -13.6599
29850 -1446.09 -10.543
29880 -1447.62 -8.20539
29910 -1454.49 -0.232799
29940 -1451.15 -5.08972
29970 -1442.02 -17.5559
30000 -1444.73 -14.7731
30030 -1445.73 -14.7731
30060 -1444.73 -17.5559
30090 -1445.82 -23.4557
30120 -1446.45 -17.2218
30150 -1459.73 -17.6671
30180 -1447.8 -15.7749
30210 -1437.69 -27.6854
30240 -1455.93 -6.42485
30270 -1448.08 -14.5501
30300 -1446.99 -15.6634
30330 -1446.9 -16.5541
30360 -1444.64 -14.8842
30390 -1448.35 -16.3313
30420 -1444.82 -17.2218
30450 -1426.67 -36.2568
30480 -1428.12 -35.0324
30510 -1449.16 -13.4373
30540 -1446.27 -14.6617
30570 -1444.19 -18.2236
30600 -1443.83 -19.4483
30630 -1445.64 -16.8877
30660 -1446.9 -16.3313
30690 -1448.98 -12.1014
30720 -1446.54 -16.1086
30750 -1445.28 -18.0009
30780 -1446.36 -13.5491
30810 -1445.28 -12.2129
30840 -1445.37 -13.9938
30870 -1440.67 -25.014
30900 -1442.2 -23.9009
30930 -1442.66 -17.6671
30960 -1446 -7.76073
30990 -1446 -8.5393
31020 -1444.46 -15.3294
31050 -1443.2 -14.3277
31080 -1442.57 -14.105
31110 -1442.93 -15.7749
31140 -1442.93 -13.9938
31170 -1444.91 -8.09345
31200 -1444.73 -12.3237
31230 -1444.55 -16.3313
31260 -1446.63 -20.2276
31290 -1444.73 -25.9044
31320 -1440.58 -16.6653
31350 -1443.83 -11.6562
31380 -1444.1 -14.4391
31410 -1451.6 -8.09345
31440 -1454.58 -3.75376
31470 -1448.89 -6.42485
31500 -1441.93 -0.537625
31530 -1444.91 -13.1031
31560 -1447.98 -11.5453
31590 -1450.97 -13.5491
31620 -1454.58 -13.6599
31650 -1456.57 -14.6617
31680 -1448.17 -23.678
31710 -1444.01 -22.7875
31740 -1445.37 -24.7913
31770 -1444.37 -28.242
31800 -1444.28 -27.7968
31830 -1443.38 -23.3442
31860 -1464.69 1.04111
31890 -1464.15 -2.08655
31920 -1445.55 -26.2383
31950 -1449.07 -24.2349
31980 -1453.4 -18.0009
32010 -1456.66 -22.7875
32040 -1447.53 -13.5491
32070 -1444.28 -5.08972
32100 -1442.84 -12.3237
32130 -1440.31 -29.6892
32160 -1440.49 -34.6986
32190 -1442.39 -26.6835
32220 -1444.28 -32.0269
32250 -1456.66 -13.7706
32280 -1454.58 -20.2276
32310 -1449.79 -26.5724
32340 -1450.24 -22.8988
32370 -1450.97 -19.6707
32400 -1449.97 -19.5597
32430 -1444.55 -26.9061
32460 -1446.36 -24.5684
32490 -1447.89 -21.8971
32520 -1451.69 -13.3262
32550 -1453.64 -9.59695
32580 -1451.8 -13.9382
32610 -1455.56 -24.3904
32640 -1453.05 -23.6671
32670 -1458.94 -18.4352
32700 -1448.51 -16.5985
32730 -1450.55 -17.9341
32760 -1455.23 -18.9141
32790 -1457.35 -14.9293
32820 -1448.66 -13.9604
32850 -1452.59 -13.7156
32880 -1449.1 -19.7597
32910 -1444.84 -11.1885
32940 -1451.3 -20.5167
32970 -1452.43 -24.0567
33000 -1445.78 -9.09538
33030 -1446.55 -16.12
33060 -1455.8 -13.5038
33090 -1444.72 -29.4219
33120 -1452.81 -11.3218
33150 -1442.96 -15.1291
33180 -1443.99 -20.2721
33210 -1451.16 -22.8542
33240 -1454.49 -24.6577
33270 -1446.21 -24.4463
33300 -1446.58 -28.5538
33330 -1449.67 -53.4776
33360 -1447.32 -13.181
33390 -1457.12 -19.3146
33420 -1457.25 -19.4706
33450 -1464.11 -21.9528
33480 -1448.5 -22.1309
33510 -1444.65 -21.3292
33540 -1435.43 -22.3983
33570 -1438.7 -18.4686
33600 -1451.21 -23.8341
33630 -1435.08 -14.5168
33660 -1466.2 -36.9582
33690 -1435.17 -11.9345
33720 -1449.02 -15.2075
33750 -1438.93 -7.09258
33780 -1454.63 -24.8468
33810 -1441.56 -28.5316
33840 -1447.72 -18.5465
33870 -1453.98 -30.5686
33900 -1458.03 -36.3571
33930 -1448.96 -20.1046
33960 -1448.42 -19.971
33990 -1447.61 -17.8897
34020 -1446.52 -16.9996
34050 -1446.91 -19.0139
34080 -1447.71 -20.0605
34110 -1446.04 -20.4056
34140 -1445.09 -19.7935
34170 -1444.73 -20.439
34200 -1445.11 -20.3946
34230 -1446.13 -23.2885
34260 -1445.84 -19.3145
34290 -1448.27 -20.094
34320 -1447.14 -18.335
34350 -1446.26 -18.4465
34380 -1446.08 -19.0588
34410 -1451.23 -16.4536
34440 -1449.97 -21.4964
34470 -1451.27 -16.1755
34500 -1454.1 -12.0454
34530 -1445.28 -7.14798
34560 -1448.79 -9.12897
34590 -1450.44 -16.2426
34620 -1448.56 -17.2107
34650 -1449.15 -16.276
34680 -1449.03 -17.8228
34710 -1448.6 -18.2125
34740 -1447.08 -17.2218
34770 -1446.23 -17.2441
34800 -1445.93 -18.2347
34830 -1445.57 -18.9475
34860 -1443.1 -19.8046
34890 -1442.71 -20.3942
34920 -1435.18 -6.13496
34950 -1449.43 -2.97521
34980 -1452.41 -10.543
35010 -1450.6 -13.4373
35040 -1449.97 -16.9996
35070 -1449.52 -17.8897
35100 -1448.44 -16.6653
35130 -1452.23 -20.4501
35160 -1454.67 -23.7895
35190 -1444.37 -18.4465
35220 -1461.44 -15.2185
35250 -1451.51 -20.6724
35280 -1451.33 -20.0049
35310 -1445.55 -18.5578
35340 -1446.72 -11.9901
35370 -1442.75 -14.7731
35400 -1440.85 -12.8806
35430 -1440.49 -12.3237
35460 -1445.55 -13.3262
35490 -1455.48 -19.4483
35520 -1446.72 -11.6562
35550 -1457.83 -14.2163
35580 -1460.09 -11.5453
35610 -1450.88 -14.7731
35640 -1452.59 -7.98276
35670 -1453.67 -21.0063
35700 -1452.23 -17.8897
35730 -1447.35 -16.7766
35760 -1442.02 -14.6617
35790 -1440.4 -12.8806
35820 -1442.2 -11.9901
35850 -1443.47 -9.87498
35880 -1444.37 -12.9923
35910 -1446.18 -15.2185
35940 -1451.42 -14.5501
35970 -1440.94 -12.769
36000 -1446.72 -12.5467
36030 -1440.94 -10.6546
36060 -1440.67 -11.8784
36090 -1441.03 -11.3221
36120 -1441.57 -10.9885
36150 -1442.3 -11.3221
36180 -1441.03 -15.5523
36210 -1443.47 -13.7706
36240 -1443.02 -12.4353
36270 -1442.57 -16.6653
36300 -1441.12 -14.7731
36330 -1439.86 -14.7731
36360 -1440.49 -18.0009
36390 -1439.13 -18.7804
36420 -1441.84 -12.5467
36450 -1446.72 -26.7949
36480 -1441.93 -20.1156
36510 -1439.77 -13.7706
36540 -1443.47 -0.748343
36570 -1431.01 8.71623
36600 -1446.9 -2.30459
36630 -1447.17 -6.53635
36660 -1444.37 -12.3237
36690 -1446 -15.7749
36720 -1446.9 -10.7659
36750 -1446.09 -24.9026
36780 -1446.63 -17.3332
36810 -1445.55 -15.7749
36840 -1444.91 -14.5501
36870 -1447.44 -12.3237
36900 -1446.09 -15.2185
36930 -1444.55 -14.4391
36960 -1443.74 -13.7706
36990 -1444.01 -16.7766
37020 -1445.82 -17.2218
37050 -1441.39 -20.3389
37080 -1440.85 -9.43002
37110 -1438.23 -8.65017
37140 -1446.36 -7.42648
37170 -1447.98 -7.20423
37200 -1447.53 -9.76367
37230 -1446.54 -9.65202
37260 -1453.58 -9.43002
37290 -1448.98 -12.9923
37320 -1446.54 -11.6562
37350 -1441.75 -11.7669
37380 -1442.02 -11.6562
37410 -1442.57 -12.4353
37440 -1443.83 -14.6617
37470 -1443.47 -12.4353
37500 -1443.11 -11.2106
37530 -1442.39 -13.2143
37560 -1452.32 -4.97757
37590 -1448.53 -7.20423
37620 -1445.28 -12.769
37650 -1445 -17.2218
37680 -1442.3 -16.5541
37710 -1442.3 -17.6671
37740 -1442.93 -17.3332
37770 -1450.78 -13.6599
37800 -1449.52 -15.5523
37830 -1447.53 -16.3313
37860 -1443.65 -15.8858
37890 -1443.11 -15.4409
37920 -1439.5 -14.5501
37950 -1439.68 -13.9938
37980 -1441.75 -12.5467
38010 -1447.53 -15.6634
38040 -1449.7 -23.3442
38070 -1442.75 -22.8988
38100 -1449.34 -23.2331
38130 -1441.66 -13.2143
38160 -1446.81 -8.65017
38190 -1444.37 -12.1014
38220 -1418.18 -14.9958
38250 -1441.12 -12.2129
38280 -1446.9 -14.8842
38310 -1448.08 -16.7766
38340 -1458.19 -10.7659
38370 -1453.22 -8.5393
38400 -1445.19 -10.7659
38430 -1435.16 -9.65202
38460 -1441.66 -18.0009
38490 -1437.69 -22.4535
38520 -1439.77 -15.6634
38550 -1444.1 -6.75784
38580 -1446.27 -10.6546
38610 -1447.17 -9.43002
38640 -1444.91 -13.6599
38670 -1445 -13.7706
38700 -1446.9 -11.3221
38730 -1442.75 -12.4353
38760 -1446.72 -17.1103
38790 -1443.92 -17.4444
38820 -1443.83 -17.3332
38850 -1443.74 -16.4427
38880 -1442.11 -8.09345
38910 -1439.86 7.04576
38940 -1442.02 1.48457
38970 -1450.15 -9.76367
39000 -1455.03 -11.3221
39030 -1447.71 -0.134406
39060 -1434.26 -24.6801
39090 -1415.65 -22.7875
39120 -1441.03 -33.4739
39150 -1446.99 -14.4391
39180 -1445.28 -16.4427
39210 -1445.73 -18.4465
39240 -1446.54 -17.3332
39270 -1445.09 -21.5629
39300 -1452.32 -17.6671
39330 -1455.48 -21.3406
39360 -1451.42 -16.7766
39390 -1443.38 -10.543
39420 -1439.31 -12.9923
39450 -1443.29 -12.769
39480 -1443.02 -14.4391
39510 -1442.48 -19.1143
39540 -1444.01 -10.4319
39570 -1447.89 -10.3204
39600 -1441.75 -5.64506
39630 -1440.22 -6.42485
39660 -1448.8 -14.4391
39690 -1441.12 -18.6689
39720 -1441.12 -19.4483
39750 -1437.6 -37.5927
39780 -1453.77 -24.3461
39810 -1448.35 -7.53755
39840 -1446.9 -3.08696
39870 -1445.73 -10.0984
39900 -1447.8 -12.9923
39930 -1438.68 8.04868
39960 -1449.7 -16.6653
39990 -1445.37 -13.3262
40020 -1449.97 -22.1195
40050 -1445.37 -12.769
40080 -1446.18 -10.543
40110 -1449.79 -7.87167
40140 -1446.9 -8.87285
40170 -1450.69 -11.2106
40200 -1452.32 -8.5393
40230 -1440.04 -6.53635
40260 -1446 -5.64506
40290 -1448.98 -6.75784
40320 -1443.83 -13.9938
40350 -1446.99 -11.7669
40380 -1444.28 -19.5597
40410 -1431.91 -14.7731
40440 -1436.15 -8.98514
40470 -1442.2 -18.0009
40500 -1443.2 -16.1086
40530 -1446.27 -21.8971
40560 -1449.61 -17.3332
40590 -1451.51 -15.8858
40620 -1463.07 -7.98276
40650 -1467.22 0.484609
40680 -1454.22 -9.9864
40710 -1447.26 -12.1014
40740 -1448.35 -18.4465
40770 -1443.65 -24.3461
40800 -1441.93 -24.5684
40830 -1444.73 -20.4501
40860 -1451.96 -15.4409
40890 -1453.22 -14.2163
40920 -1453.31 -15.6634
40950 -1443.2 -11.5453
40980 -1447.26 -6.86986
41010 -1439.77 -21.229
41040 -1443.92 -5.75598
41070 -1443.92 -4.97757
41100 -1445.73 5.26591
41130 -1448.26 1.14837
41160 -1452.05 -0.748343
41190 -1454.04 3.14924
41220 -1454.04 -11.5453
41250 -1450.24 -15.3294
41280 -1454.85 -18.5578
41310 -1453.86 -18.335
41340 -1449.25 -14.5501
41370 -1453.58 -12.1014
41400 -1452.95 -15.2185
41430 -1451.6 -7.53755
41460 -1450.42 -14.3277
41490 -1451.06 -13.8823
41520 -1451.06 -11.3221
41550 -1450.24 -10.6546
41580 -1449.88 -10.8765
41610 -1448.17 -14.7731
41640 -1448.62 -14.6617
41670 -1447.62 -7.76073
41700 -1448.17 -19.7824
41730 -1448.62 -12.2129
41760 -1448.62 -14.7731
41790 -1448.53 -16.2203
41820 -1447.62 -11.7669
41850 -1446.81 -8.20539
41880 -1448.17 -15.3294
41910 -1452.77 -20.0049
41940 -1452.59 -17.6671
41970 -1453.13 -18.335
42000 -1452.86 -17.2218
42030 -1452.32 -15.3294
42060 -1455.48 -21.7858
42090 -1457.29 -20.6724
42120 -1451.69 -7.0924
42150 -1449.61 -11.0993
42180 -1442.2 -23.9009
42210 -1450.15 -20.2276
42240 -1447.53 -15.1074
42270 -1446.81 -15.9975
42300 -1452.05 -28.242
42330 -1457.74 -35.0324
42360 -1457.47 -22.6761
42390 -1449.34 -16.5541
42420 -1451.42 -19.6707
42450 -1449.61 -17.3332
42480 -1450.88 -21.5629
42510 -1448.62 -13.3262
42540 -1454.58 -28.6872
42570 -1454.31 -32.6947
42600 -1450.6 -21.452
42630 -1446.54 -14.4391
42660 -1447.26 -17.4444
42690 -1447.89 -18.1125
42720 -1446.81 -17.6671
42750 -1437.24 -24.1234
42780 -1446.63 -16.9996
42810 -1465.96 -0.134406
42840 -1453.77 -11.6562
42870 -1462.8 -4.5321
42900 -1451.24 -29.9117
42930 -1451.96 -20.8953
42960 -1452.32 -7.76073
42990 -1452.68 -16.3313
43020 -1453.95 -21.8971
43050 -1455.66 -12.9923
43080 -1452.5 -15.9975
43110 -1441.39 -23.3442
43140 -1453.31 -14.6617
43170 -1450.42 -18.8919
43200 -1451.33 -12.3237
43230 -1447.89 -10.0984
43260 -1449.61 -17.7783
43290 -1441.57 -7.53755
43320 -1448.8 -9.20708
43350 -1447.35 -9.54095
43380 -1442.39 -1.52656
43410 -1450.06 -17.7783
43440 -1452.5 -21.452
43470 -1448.8 -18.1125
43500 -1447.8 -17.1103
43530 -1448.8 -12.6581
43560 -1449.34 -13.6599
43590 -1450.24 -12.9923
43620 -1450.15 -9.87498
43650 -1448.44 5.71029
43680 -1452.23 -14.8842
43710 -1448.53 -17.7783
43740 -1445.91 -14.5501
43770 -1455.75 -22.5653
43800 -1457.56 -15.5523
43830 -1463.97 -6.86986
43860 -1458.91 -13.1031
43890 -1447.53 -14.4391
43920 -1449.43 -14.5501
43950 -1454.31 -33.3626
43980 -1453.67 -33.2514
44010 -1455.57 -37.37
44040 -1457.11 -38.3719
44070 -1455.12 -32.1381
44100 -1450.97 -17.2218
44130 -1445 -16.5541
44160 -1444.82 -23.7895
44190 -1449.16 -24.0121
44220 -1451.78 -21.5629
44250 -1445.91 -18.7804
44280 -1447.35 -19.3368
44310 -1447.71 -23.1214
44340 -1448.89 -26.0157
44370 -1448.35 -25.2366
44400 -1448.17 -21.8971
44430 -1451.15 -23.7895
44460 -1449.07 -21.6744
44490 -1452.14 -25.2366
44520 -1453.86 -33.8079
44550 -1446.63 -24.3461
44580 -1449.79 -23.1214
44610 -1446.27 -20.2276
44640 -1443.92 -19.4483
44670 -1445.91 -16.1086
44700 -1445.37 -15.6634
44730 -1449.25 -10.7659
44760 -1451.96 -5.20033
44790 -1452.5 -3.08696
44820 -1454.22 -11.7669
44850 -1450.6 -12.1014
44880 -1450.15 -7.87167
44910 -1448.17 -3.19621
44940 -1417.73 4.70998
44970 -1443.83 2.92932
45000 -1452.95 -6.64734
45030 -1441.84 -8.09345
45060 -1443.92 -4.19899
45090 -1442.48 -11.8784
45120 -1443.56 -11.2106
45150 -1444.19 -11.0993
45180 -1445.37 -9.09604
45210 -1445.64 -11.434
45240 -1445.46 -11.8784
45270 -1447.08 -9.43002
45300 -1447.26 -11.7669
45330 -1445.46 -16.2203
45360 -1448.89 -11.434
45390 -1447.17 -9.31921
45420 -1442.11 -11.5453
45450 -1451.96 -21.0063
45480 -1445.91 -9.09604
45510 -1445.09 -6.98137
45540 -1446 -9.65202
45570 -1450.51 -11.6562
45600 -1453.49 -12.9923
45630 -1453.04 -15.9975
45660 -1451.15 -16.3313
45690 -1450.24 -17.3332
45720 -1449.79 -16.4427
45750 -1449.61 -15.6634
45780 -1449.97 -14.5501
45810 -1447.71 -17.7783
45840 -1450.06 -16.9996
45870 -1450.15 -13.6599
45900 -1449.7 -10.4319
45930 -1445.37 -12.2129
45960 -1445.46 -12.769
45990 -1445.09 -15.7749
46020 -1445.37 -16.6653
46050 -1445.64 -16.9996
46080 -1445.82 -17.7783
46110 -1445.64 -18.1125
46140 -1445.46 -19.4483
46170 -1446.09 -18.8919
46200 -1445.28 -23.1214
46230 -1442.75 -25.4589
46260 -1450.88 -13.1031
46290 -1452.95 -7.31496
46320 -1445.82 -13.2143
46350 -1448.89 -10.6546
46380 -1450.24 -11.9901
46410 -1450.88 -13.4373
46440 -1450.24 -13.9938
46470 -1450.88 -17.1103
46500 -1448.17 -18.1125
46530 -1445.64 -22.8988
46560 -1445.82 -16.5541
46590 -1439.22 -16.5541
46620 -1441.21 -16.2203
46650 -1433.08 -25.1254
46680 -1445.82 -14.7731
46710 -1451.6 -14.4391
46740 -1448.89 -8.5393
46770 -1450.78 -14.5501
46800 -1451.15 -17.4444
46830 -1452.14 -15.5523
46860 -1452.86 -15.3294
46890 -1451.87 -10.0984
46920 -1450.78 -8.20539
46950 -1447.62 -8.65017
46980 -1451.69 -7.64818
47010 -1451.24 -9.76367
47040 -1452.95 -11.2106
47070 -1447.89 -12.6581
47100 -1448.26 -13.8823
47130 -1450.97 -8.31692
47160 -1449.43 -13.2143
47190 -1460.45 -30.8024
47220 -1454.94 -27.463
47250 -1445 -23.7895
47280 -1442.84 -7.0924
47310 -1449.16 -18.0009
47340 -1445.09 -16.5541
47370 -1448.89 -14.105
47400 -1453.13 -15.2185
47430 -1444.46 -12.769
47460 -1448.17 -15.8858
47490 -1451.69 -18.0009
47520 -1452.77 -18.2236
47550 -1452.95 -19.0027
47580 -1453.22 -19.8935
47610 -1448.98 -15.7749
47640 -1448.8 -15.7749
47670 -1449.52 -14.7731
47700 -1447.98 -13.5491
47730 -1449.43 -13.9938
47760 -1449.52 -15.3294
47790 -1448.8 -17.4444
47820 -1468.67 -15.1074
47850 -1446.99 -15.1074
47880 -1448.17 -20.0049
47910 -1449.61 -17.5559
47940 -1451.87 -8.20539
47970 -1450.88 -4.97757
48000 -1449.43 -14.9958
48030 -1435.07 -12.2129
48060 -1451.24 -17.6671
48090 -1445.82 -15.7749
48120 -1446.81 -15.3294
48150 -1446.54 -14.9958
48180 -1448.44 -15.6634
48210 -1459.46 -16.6653
48240 -1466.68 -16.1086
48270 -1461.89 -22.0086
48300 -1450.69 -24.6801
48330 -1453.22 -24.9026
48360 -1455.93 -20.5611
48390 -1456.38 -21.229
48420 -1454.22 -19.1143
48450 -1453.58 -17.6671
48480 -1450.06 -14.7731
48510 -1450.69 -14.9958
48540 -1449.61 -15.1074
48570 -1447.8 -15.6634
48600 -1450.78 -16.7766
48630 -1449.43 -17.6671
48660 -1445.64 -16.7766
48690 -1439.22 -11.9901
48720 -1445.73 -17.6671
48750 -1441.66 -18.4465
48780 -1445.28 -25.9044
48810 -1443.83 -29.6892
48840 -1442.39 -26.9061
48870 -1448.53 -17.4444
48900 -1445.19 -20.6724
48930 -1443.83 -28.6872
48960 -1447.98 -14.9958
48990 -1446.36 -11.3221
49020 -1445.37 -9.9864
49050 -1447.89 -8.87285
49080 -1448.89 -12.3237
49110 -1443.2 -8.5393
49140 -1447.35 -9.87498
49170 -1446.54 -8.42804
49200 -1440.49 -10.0984
49230 -1446.09 -13.9938
49260 -1446 -14.3277
49290 -1446.81 -14.7731
49320 -1445.64 -3.75376
49350 -1453.22 -14.105
49380 -1452.05 -13.8823
49410 -1452.32 -13.9938
49440 -1447.17 -10.4319
49470 -1461.26 -4.86748
49500 -1461.35 -14.2163
49530 -1450.78 -13.1031
49560 -1449.25 -10.543
49590 -1450.15 -12.2129
49620 -1451.51 -12.5467
49650 -1450.69 -15.6634
49680 -1449.16 -13.7706
49710 -1452.86 -19.2253
49740 -1448.08 -16.6653
49770 -1452.59 -18.4465
49800 -1451.6 -15.5523
49830 -1448.35 -21.3406
49860 -1448.8 -28.9099
49890 -1445.37 -14.3277
49920 -1444.28 -14.2163
49950 -1444.55 -13.3262
49980 -1446.72 -5.31203
50010 -1441.03 -4.5321
50040 -1444.73 -12.4353
50070 -1438.77 -16.4427
50100 -1443.2 -13.2143
50130 -1450.06 -13.1031
50160 -1446.99 -17.5559
50190 -1447.89 -18.335
50220 -1449.97 -16.2203
50250 -1449.25 -13.8823
50280 -1450.78 -18.0009
50310 -1446.45 -21.8971
50340 -1446.18 -22.6761
50370 -1444.28 -20.5611
50400 -1449.52 -19.2253
50430 -1456.75 -19.0027
50460 -1450.78 -23.2331
50490 -1438.77 -13.8823
50520 -1450.15 -18.335
50550 -1452.5 -18.6689
50580 -1445.73 -16.5541
50610 -1457.47 -23.5668
50640 -1449.16 -14.3277
50670 -1450.33 -18.5578
50700 -1446.72 -13.6599
50730 -1448.98 -16.6653
50760 -1442.66 -25.9044
50790 -1438.86 -23.4557
50820 -1441.21 -27.908
50850 -1439.68 -27.5741
50880 -1440.04 -28.242
50910 -1443.11 -30.8024
50940 -1448.35 -2.52884
50970 -1485.2 -58.9655
51000 -1496.94 -106.053
51030 -1472.37 -169.615
51060 -1437.87 -216.479
51090 -1416.74 -250.653
51120 -1475.89 -291.173
51150 -1551.22 -327.24
51180 -1506.78 -312.657
51210 -1098.46 -77.2215
51240 -760.224 220.107
51270 -755.076 241.479
51300 -637.303 340.663
51330 -383.513 595.69
51360 -403.924 568.418
51390 -221.394 848.714
51420 -174.701 940.662
51450 -180.752 935.764
51480 -183.371 916.84
51510 -227.084 981.182
51540 -280.552 1003.67
51570 -389.745 1066.67
51600 -468.41 1106.64
51630 -384.235 1183.67
