0 -849.547 365.487
30 -844.128 380.96
60 -825.071 355.579
90 -811.343 352.797
120 -813.51 367.713
150 -824.348 374.503
180 -849.366 383.965
210 -837.264 383.075
240 -838.348 386.86
270 -841.057 381.628
300 -837.535 392.759
330 -834.283 395.097
360 -835.728 379.513
390 -839.251 375.171
420 -844.579 365.153
450 -852.979 368.826
480 -845.121 395.208
510 -849.818 383.965
540 -817.575 421.034
570 -850.179 336.99
600 -841.689 367.936
630 -816.401 366.266
660 -831.664 374.169
690 -852.979 376.284
720 -865.713 378.733
750 -845.934 373.947
780 -842.231 375.394
810 -842.592 372.834
840 -836.722 367.602
870 -830.219 372.722
900 -832.838 379.179
930 -829.587 378.733
960 -826.606 387.305
990 -828.142 381.182
1020 -842.412 366.822
1050 -826.516 386.86
1080 -830.49 377.509
1110 -834.103 379.847
1140 -841.96 368.27
1170 -835.638 374.726
1200 -832.658 374.503
1230 -832.765 374.592
1260 -832.926 374.724
1290 -833.087 374.856
1320 -833.687 381.761
1350 -835.728 377.153
1380 -853.476 373.702
1410 -861.035 368.425
1440 -852.879 367.023
1470 -848.264 368.27
1500 -833.759 397.902
1530 -828.973 388.407
1560 -847.271 370.908
1590 -857.368 355.179
1620 -871.566 341.075
1650 -847.533 381.082
1680 -839.386 372.188
1710 -836.342 369.861
1740 -828.819 385.19
1770 -844.697 359.854
1800 -832.522 371.643
1830 -842.972 381.182
1860 -842.52 381.26
1890 -840.082 379.802
1920 -842.005 379.524
1950 -856.781 380.147
1980 -847.731 379.123
2010 -856.664 379.735
2040 -890.478 385.913
2070 -861.901 379.735
2100 -862.95 351.105
2130 -856.203 360.132
2160 -845.744 374.258
2190 -847.081 373.145
2220 -839.422 369.639
2250 -837.869 366.656
2280 -838.799 372.077
2310 -839.088 365.854
2340 -843.207 351.416
2370 -848.255 348.388
2400 -838.754 361.546
2430 -839.612 367.034
2460 -845.013 374.225
2490 -848.337 373.323
2520 -844.372 372.856
2550 -840.633 376.307
2580 -839.784 376.151
2610 -823.635 368.492
2640 -831.438 368.559
2670 -840 369.639
2700 -838.808 368.236
2730 -844.019 370.351
2760 -846.548 373.869
2790 -849.411 374.114
2820 -841.202 376.574
2850 -842.927 375.639
2880 -845.284 377.086
2910 -841.969 379.346
2940 -842.827 386.181
2970 -843.703 372.266
3000 -837.941 383.331
3030 -837.173 376.396
3060 -840.443 375.65
3090 -845.112 371.787
3120 -846.015 369.438
3150 -844.751 374.637
3180 -850.215 373.958
3210 -834.202 354.21
3240 -829.289 352.14
3270 -838.013 374.069
3300 -841.075 370.941
3330 -842.349 370.607
3360 -844.2 371.175
3390 -846.205 371.565
3420 -848.481 372.31
3450 -844.065 372.956
3480 -843.188 372.967
3510 -834.626 370.162
3540 -846.928 375.995
3570 -842.159 375.728
3600 -840.542 371.186
3630 -838.239 378.366
3660 -856.14 385.056
3690 -842.936 380.425
3720 -829.198 374.926
3750 -832.919 375.027
3780 -838.14 376.129
3810 -840.181 374.314
3840 -857.955 377.62
3870 -848.373 371.231
3900 -848.192 372.8
3930 -847.885 372.611
3960 -834.626 368.203
3990 -839.368 373.168
4020 -837.733 375.027
4050 -839.495 378.188
4080 -842.665 380.192
4110 -840.651 377.687
4140 -843.992 381.116
4170 -839.413 383.13
4200 -843.541 373.145
4230 -845.528 367.691
4260 -842.574 372.021
4290 -837.697 378.566
4320 -835.737 380.292
4350 -841.057 390.31
4380 -698.582 329.643
4410 -865.361 388.808
4440 -845.672 381.316
4470 -886.184 410.222
4500 -798.549 363.052
4530 -848.093 388.752
4560 -851.76 390.889
4590 -839.007 387.728
4620 -841.057 378.9
4650 -834.97 380.648
4680 -848.734 384.288
4710 -831.953 386.503
4740 -842.764 376.385
4770 -840.533 379.936
4800 -849.484 375.906
4830 -847.56 379.446
4860 -846.196 380.67
4890 -838.781 379.257
4920 -827.085 366.689
4950 -832.495 372.399
4980 -835.484 376.719
5010 -838.022 391.034
5040 -845.049 376.385
5070 -843.721 375.516
5100 -838.88 364.318
5130 -837.49 363.004
5160 -841.075 364.696
5190 -842.123 369.45
5220 -867.05 372.678
5250 -836.361 387.639
5280 -841.509 385.368
5310 -844.923 404.314
5340 -849.637 399.706
5370 -854.026 386.637
5400 -850.613 384.166
5430 -853.611 391.958
5460 -857.567 391.602
5490 -850.576 384.923
5520 -843.55 375.26
5550 -845.501 376.685
5580 -844.092 377.041
5610 -846.006 369.628
5640 -853.918 389.353
5670 -853.629 374.592
5700 -854.659 372.21
5730 -856.591 377.709
5760 -838.871 367.112
5790 -845.555 372.01
5820 -844.453 374.103
5850 -845.031 372.166
5880 -906.988 463.579
5910 -845.681 368.448
5940 -842.358 377.776
5970 -852.329 381.16
6000 -841.689 395.097
6030 -856.398 412.176
6060 -850.793 400.04
6090 -844.923 389.309
6120 -842.303 379.891
6150 -843.478 377.709
6180 -843.08 379.245
6210 -848.21 382.652
6240 -848.662 387.149
6270 -850.233 386.704
6300 -845.79 378.845
6330 -847.397 376.529
6360 -845.085 376.952
6390 -849.33 382.207
6420 -852.04 390.043
6450 -844.326 378.978
6480 -841.743 377.108
6510 -851.425 382.407
6540 -851.642 396.655
6570 -850.396 396.722
6600 -840.19 386.147
6630 -850.197 384.299
6660 -855.056 379.758
6690 -838.221 386.036
6720 -847.759 380.871
6750 -840.118 399.461
6780 -837.896 392.514
6810 -835.728 383.965
6840 -828.937 386.214
6870 -833.037 383.787
6900 -842.845 373.702
6930 -848.427 389.442
6960 -843.748 376.797
6990 -849.294 386.192
7020 -849.493 398.325
7050 -855.706 407.587
7080 -839.287 363.839
7110 -842.701 374.192
7140 -842.231 380.982
7170 -840.569 378.978
7200 -843.803 371.142
7230 -838.402 377.91
7260 -838.763 381.338
7290 -834.717 370.162
7320 -833.94 371.698
7350 -841.31 373.479
7380 -843.044 376.507
7410 -845.501 376.173
7440 -845.862 374.904
7470 -845.266 382.14
7500 -843.116 382.563
7530 -847.09 381.828
7560 -847.65 381.004
7590 -843.17 387.327
7620 -847.903 380.381
7650 -848.156 379.223
7680 -851.931 378.733
7710 -850.829 381.895
7740 -848.391 383.186
7770 -848.3 384.21
7800 -846.53 380.604
7830 -841.96 380.96
7860 -838.962 380.826
7890 -841.238 379.579
7920 -844.272 379.424
7950 -844.001 381.116
7980 -847.74 373.813
8010 -854.984 359.988
8040 -850.883 367.401
8070 -844.182 376.307
8100 -842.069 382.719
8130 -847.217 377.375
8160 -845.537 372.455
8190 -844.597 372.121
8220 -839.666 379.001
8250 -838.799 375.327
8280 -837.318 372.099
8310 -837.896 371.164
8340 -837.733 373.257
8370 -840.876 374.125
8400 -846.765 373.591
8430 -849.475 375.572
8460 -845.862 369.628
8490 -850.233 361.969
8520 -819.074 366.889
8550 -824.348 354.466
8580 -845.013 352.908
8610 -841.31 373.056
8640 -841.996 380.203
8670 -840.515 372.834
8700 -846.855 373.657
8730 -841.545 372.9
8760 -842.159 370.073
8790 -848.029 375.082
8820 -845.573 369.583
8850 -845.898 367.579
8880 -846.693 370.407
8910 -845.428 368.047
8940 -844.941 369.427
8970 -846.205 373.034
9000 -848.391 370.986
9030 -847.289 375.706
9060 -845.663 376.707
9090 -843.568 376.151
9120 -837.173 368.136
9150 -850.775 379.156
9180 -848.084 375.572
9210 -849.565 374.014
9240 -838.221 377.375
9270 -843.044 375.305
9300 -837.986 365.197
9330 -839.178 366.689
9360 -841.021 368.67
9390 -840.605 368.782
9420 -842.719 368.047
9450 -845.23 368.693
9480 -845.717 380.247
9510 -845.248 380.938
9540 -855.508 388.151
9570 -854.496 377.487
9600 -836.415 384.989
9630 -843.044 378.578
9660 -842.34 386.058
9690 -844.164 382.318
9720 -838.131 376.685
9750 -839.594 376.641
9780 -841.256 381.85
9810 -840.605 385.791
9840 -839.937 383.32
9870 -844.959 374.704
9900 -848.264 369.494
9930 -850.324 380.381
9960 -850.486 382.451
9990 -842.845 388.641
10020 -845.681 370.986
10050 -848.662 370.785
10080 -851.064 359.943
10110 -848.607 366.756
10140 -847.813 376.908
10170 -845.013 379.869
10200 -848.517 377.108
10230 -843.279 375.728
10260 -843.64 365.442
10290 -843.459 371.32
10320 -844.417 373.502
10350 -844.995 370.451
10380 -843.405 370.941
10410 -844.796 372.032
10440 -845.555 370.318
10470 -844.2 372.678
10500 -845.934 372.633
10530 -845.049 373.657
10560 -845.284 374.748
10590 -844.905 373.813
10620 -848.535 371.253
10650 -842.267 370.028
10680 -839.919 369.873
10710 -839.865 369.895
10740 -841.274 372.834
10770 -841.924 371.364
10800 -841.382 371.097
10830 -843.911 370.162
10860 -843.767 373.301
10890 -843.64 368.559
10920 -848.626 369.984
10950 -846.368 370.407
10980 -842.376 374.414
11010 -840.172 374.503
11040 -842.665 374.236
11070 -839.901 373.39
11100 -844.453 378.31
11130 -841.761 377.62
11160 -843.64 376.24
11190 -850.847 377.309
11220 -849.583 372.366
11250 -852.347 378.132
11280 -847.542 380.559
11310 -847.74 379.045
11340 -844.399 381.739
11370 -841.093 379.424
11400 -845.952 375.706
11430 -845.013 373.012
11460 -844.435 367.446
11490 -840.353 369.027
11520 -832.658 373.68
11550 -833.326 374.014
11580 -841.147 375.238
11610 -839.702 373.39
11640 -836.595 373.034
11670 -839.431 373.947
11700 -839.323 373.769
11730 -837.625 370.986
11760 -839.395 372.099
11790 -844.236 372.277
11820 -840.84 371.075
11850 -843.73 379.535
11880 -843.351 376.997
11910 -839.377 372.945
11940 -844.254 380.069
11970 -839.124 376.084
12000 -833.796 379.156
12030 -831.303 386.949
12060 -838.059 386.147
12090 -844.905 378.956
12120 -842.629 385.902
12150 -846.783 383.053
12180 -844.724 379.557
12210 -845.212 387.817
12240 -841.599 379.535
12270 -841.816 376.44
12300 -843.098 377.509
12330 -838.348 378.444
12360 -844.923 379.624
12390 -847.271 376.485
12420 -842.556 377.375
12450 -846.313 381.427
12480 -854.424 368.96
12510 -852.455 374.058
12540 -849.8 374.414
12570 -849.023 374.258
12600 -848.084 375.082
12630 -845.248 375.505
12660 -840.913 382.34
12690 -840.244 377.041
12720 -831.122 367.134
12750 -833.651 372.811
12780 -834.175 379.112
12810 -837.21 373.524
12840 -843.279 372.722
12870 -844.941 370.719
12900 -848.228 380.336
12930 -846.819 378.533
12960 -845.826 379.98
12990 -840.605 378.422
13020 -840.949 380.247
13050 -843.369 379.001
13080 -838.655 381.361
13110 -844.814 366.733
13140 -845.248 359.676
13170 -854.839 366.622
13200 -846.404 371.542
13230 -844.146 371.164
13260 -842.899 372.967
13290 -845.23 373.39
13320 -845.753 373.813
13350 -845.898 373.702
13380 -845.681 374.37
13410 -844.272 375.95
13440 -844.977 378.644
13470 -848.029 373.991
13500 -844.345 378.043
13530 -843.333 386.37
13560 -843.947 385.769
13590 -844.959 387.817
13620 -845.591 380.203
13650 -849.511 379.112
13680 -844.2 377.976
13710 -853.737 370.34
13740 -848.607 374.659
13770 -844.814 376.774
13800 -849.149 378.756
13830 -848.517 380.893
13860 -843.622 378.956
13890 -843.514 378.533
13920 -844.471 378.934
13950 -844.615 378.689
13980 -843.261 379.067
14010 -846.35 379.535
14040 -839.648 372.989
14070 -834.536 370.296
14100 -842.954 370.095
14130 -834.861 382.674
14160 -834.699 382.719
14190 -844.471 381.249
14220 -848.156 376.24
14250 -844.905 377.064
14280 -842.448 378.978
14310 -846.602 377.398
14340 -845.103 376.463
14370 -841.075 378.466
14400 -841.274 379.312
14430 -840.678 379.691
14460 -841.093 376.106
14490 -842.502 371.943
14520 -848.842 371.275
14550 -835.494 375.928
14580 -845.952 383.119
14610 -845.79 381.383
14640 -843.568 376.93
14670 -842.394 372.121
14700 -841.111 377.286
14730 -844.905 377.709
14760 -844.254 379.446
14790 -842.105 379.446
14820 -839.088 376.707
14850 -833.199 382.429
14880 -839.287 379.802
14910 -838.004 381.182
14940 -841.202 378.533
14970 -847.054 379.424
15000 -848.716 379.913
15030 -838.384 379.602
15060 -843.893 387.238
15090 -850.703 381.071
15120 -847.867 381.516
15150 -842.195 381.316
15180 -837.697 382.162
15210 -844.363 383.854
15240 -837.3 380.871
15270 -847.975 382.117
15300 -846.133 382.54
15330 -847.56 384.655
15360 -844.326 379.847
15390 -853.033 388.886
15420 -852.455 396.7
15450 -840.587 386.325
15480 -841.689 375.75
15510 -841.906 374.281
15540 -842.141 375.906
15570 -841.165 375.283
15600 -832.061 373.056
15630 -842.231 371.542
15660 -835.349 370.763
15690 -837.191 366.6
15720 -838.293 375.216
15750 -843.568 372.099
15780 -843.712 374.392
15810 -841.31 377.264
15840 -848.607 382.429
15870 -838.04 365.999
15900 -839.124 378.644
15930 -846.042 366.088
15960 -844.363 365.509
15990 -842.321 363.861
16020 -825.035 356.403
16050 -818.695 360.878
16080 -801.697 338.637
16110 -839.052 363.127
16140 -850.631 373.724
16170 -847.903 370.919
16200 -843.098 373.368
16230 -856.555 383.854
16260 -843.116 376.418
16290 -845.013 374.192
16320 -844.471 376.44
16350 -842.34 383.253
16380 -844.11 378.667
16410 -844.796 380.67
16440 -843.911 380.848
16470 -843.694 379.869
16500 -843.893 379.535
16530 -844.76 376.663
16560 -840.226 380.938
16590 -839.142 382.34
16620 -847.18 382.719
16650 -842.303 378.934
16680 -845.573 377.242
16710 -844.182 378.555
16740 -844.67 377.353
16770 -844.11 378.934
16800 -844.2 378.711
16830 -844.345 378.155
16860 -842.918 383.008
16890 -843.315 379.668
16920 -841.942 383.587
16950 -843.821 389.776
16980 -843.279 392.648
17010 -842.863 380.002
17040 -846.295 389.086
17070 -860.62 392.136
17100 -824.601 355.691
17130 -849.998 399.216
17160 -849.637 407.631
17190 -847.867 397.813
17220 -835.909 365.954
17250 -843.803 383.142
17280 -847.668 382.184
17310 -842.918 379.891
17340 -842.087 378.822
17370 -840.949 378.11
17400 -840.082 374.348
17430 -842.791 376.396
17460 -849.98 381.895
17490 -846.313 377.932
17520 -832.513 353.019
17550 -819.796 326.882
17580 -783.67 292.819
17610 -724.476 293.865
17640 -683.075 336.834
17670 -648.737 324.633
17700 -605.818 291.973
17730 -559.215 259.491
17760 -514.887 227.075
17790 -470.813 200.181
17820 -427.949 181.502
17850 -377.48 153.962
17880 -327.697 129.873
17910 -275.621 102.89
17940 -228.114 72.9009
17970 -181.42 40.9308
18000 -135.539 9.42911
18030 -98.9431 -2.46302
16290 -845.013 374.192
