0 -234.942 1322.03
30 -203.15 1370.57
60 -181.294 1377.8
90 -172.985 1415.99
120 -156.005 1435.91
150 -146.522 1480.1
180 -116.808 1543.33
210 -105.699 1674.35
240 -86.1904 1741.37
270 -90.4353 1760.51
300 -30.465 1849.68
330 52.2651 1819.62
360 215.919 1775.21
390 289.166 1743.15
420 311.926 1736.8
450 365.754 1735.02
480 406.848 1706.75
510 435.388 1683.26
540 486.779 1674.35
570 543.678 1675.8
600 575.65 1640.96
630 627.492 1586.64
660 640.136 1577.73
690 661.361 1609.79
720 655.49 1627.93
750 656.845 1630.83
780 659.193 1630.05
810 662.715 1624.37
840 662.625 1621.59
870 663.799 1620.48
900 663.89 1620.92
930 657.748 1620.7
960 656.393 1620.92
990 652.419 1627.15
1020 650.252 1638.62
1050 650.252 1641.07
1080 650.884 1634.61
1110 650.071 1645.52
1140 652.148 1622.48
1170 653.142 1617.47
1200 653.413 1618.14
1230 654.045 1618.58
1260 654.677 1618.58
1290 656.664 1622.48
1320 654.587 1626.38
1350 663.619 1616.02
1380 665.967 1617.36
1410 668.405 1614.69
1440 666.689 1623.15
1470 668.857 1626.38
1500 669.85 1627.15
1530 664.431 1626.26
1560 657.206 1622.03
1590 658.019 1629.05
1620 657.206 1628.94
1650 656.393 1628.94
1680 658.109 1627.38
1710 655.671 1626.71
1740 655.58 1627.15
1770 656.935 1631.05
1800 659.464 1639.4
1830 657.929 1631.5
1860 655.309 1624.04
1890 659.825 1620.03
1920 647.723 1626.15
1950 645.013 1628.49
1980 642.394 1628.05
2010 628.576 1637.73
2040 657.567 1621.03
2070 660.277 1618.92
2100 660.187 1619.36
2130 663.167 1620.14
2160 650.071 1629.27
2190 648.807 1631.27
2220 648.716 1631.72
2250 657.387 1626.82
2280 657.929 1627.15
2310 650.523 1625.48
2340 654.406 1624.04
2370 657.025 1620.25
2400 656.303 1622.03
2430 658.561 1623.7
2460 651.968 1623.93
2490 652.871 1622.15
2520 656.213 1621.14
2550 654.858 1624.59
2580 648.355 1612.13
2610 653.774 1620.81
2640 652.329 1624.04
2670 652.419 1624.04
2700 644.291 1625.37
2730 634.898 1629.83
2760 652.781 1621.59
2790 655.039 1620.14
2820 658.29 1619.14
2850 658.109 1621.25
2880 669.941 1619.92
2910 665.154 1620.81
2940 646.82 1631.94
2970 641.31 1630.27
3000 660.006 1623.59
3030 656.213 1623.7
3060 658.38 1619.47
3090 665.425 1621.37
3120 660.909 1623.26
3150 652.69 1625.71
3180 657.477 1623.93
3210 665.064 1621.48
3240 656.664 1625.48
3270 650.613 1627.82
3300 652.239 1627.38
3330 653.413 1628.16
3360 657.477 1626.49
3390 657.838 1628.05
3420 656.755 1627.15
3450 655.942 1626.15
3480 657.206 1632.83
3510 660.096 1631.27
3540 659.645 1630.72
3570 655.671 1621.7
3600 653.323 1617.25
3630 651.065 1625.71
3660 657.748 1623.15
3690 653.955 1620.92
3720 654.316 1626.04
3750 653.503 1622.7
3780 654.497 1623.04
3810 653.503 1622.15
3840 652.239 1621.48
3870 654.045 1618.47
3900 663.257 1617.47
3930 661.27 1617.8
3960 663.528 1617.25
3990 652.148 1621.37
4020 665.154 1622.92
4050 657.567 1621.7
4080 655.671 1628.94
4110 638.33 1612.35
4140 621.26 1636.51
4170 642.936 1645.08
4200 653.503 1648.97
4230 677.076 1665.11
4260 718.531 1693.05
4290 715.37 1686.49
4320 667.593 1623.82
4350 656.574 1617.36
4380 651.787 1606.67
4410 641.401 1615.58
4440 603.377 1633.83
4470 570.773 1661.89
4500 528.234 1686.15
4530 482.534 1690.49
4560 443.968 1673.35
4590 410.461 1648.64
4620 372.347 1646.19
4650 344.53 1632.61
4680 327.821 1658.77
4710 327.821 1658.77
4740 327.821 1658.77
4770 327.821 1658.77
4800 327.821 1658.77
4830 327.821 1658.77
4860 327.821 1658.77
4890 327.821 1658.77
4920 327.821 1658.77
4950 327.821 1658.77
4980 327.821 1658.77
5010 327.821 1658.77
5040 327.821 1658.77
5070 311.309 1657.13
5100 299.931 1604.07
5130 334.143 1609.92
5160 389.778 1617.29
5190 434.521 1604.82
5220 491.222 1595.5
5250 555.636 1601.97
5280 584.068 1627.96
5310 614.125 1609.9
5340 646.964 1603.42
5370 643.893 1606
5400 658.886 1620.05
5430 667.213 1626.82
5460 661.379 1630.69
5490 655.309 1628.69
5520 644.309 1607.34
5550 649.692 1599.35
5580 657.206 1632.63
5610 655.906 1620.94
5640 657.856 1621.41
5670 661.885 1622.35
5700 664.215 1628.09
5730 658.958 1623.08
5760 665.84 1622.26
5790 660.945 1623.9
5820 661.451 1622.88
5850 658.38 1622.61
5880 656.574 1622.57
5910 650.487 1619.41
5940 648.951 1622.03
5970 666.689 1637.55
6000 658.543 1619.54
6030 649.06 1606.96
6060 653.196 1621.95
6090 657.477 1643.05
6120 637.662 1680.14
6150 695.5 1638.31
6180 647.018 1633.81
6210 647.434 1626.46
6240 655.219 1620.81
6270 651.48 1604.62
6300 645.104 1604.09
6330 645.844 1605.72
6360 652.654 1612.66
6390 653.196 1622.95
6420 659.735 1634.48
6450 660.783 1622.03
6480 652.979 1628.78
6510 647.759 1629.65
6540 656.628 1619.96
6570 655.093 1621.99
6600 655.418 1621.9
6630 653.937 1625.31
6660 654.605 1627.69
6690 657.044 1622.3
6720 655.978 1609.37
6750 656.935 1607.67
6780 658.109 1612.08
6810 653.72 1622.61
6840 655.671 1633.03
6870 656.285 1618.87
6900 655.544 1609.81
6930 649.457 1607.85
6960 657.983 1622.7
6990 666.184 1630.16
7020 666.473 1634.21
7050 661.144 1621.79
7080 659.338 1614.87
7110 663.041 1615.07
7140 666.184 1621.01
7170 665.66 1638.22
7200 658.362 1645.05
7230 672.488 1631.32
7260 672.885 1624.46
7290 670.121 1638.4
7320 639.715 1638.03
7350 628.088 1630.45
7380 650.107 1599.67
7410 646.829 1583.45
7440 678.34 1551.17
7470 663.212 1537.26
7500 659.789 1602.36
7530 661.523 1599.28
7560 665 1624.92
7590 662.101 1612.05
7620 663.113 1615.34
7650 665.488 1610.31
7680 653.024 1593.04
7710 658.85 1610.69
7740 658.931 1614.53
7770 659.717 1625.55
7800 657.911 1627.42
7830 664.829 1621.44
7860 671.205 1616.76
7890 672.009 1618.52
7920 664.675 1624.33
7950 664.549 1622.61
7980 656.059 1624.51
8010 662.11 1622.9
8040 664.034 1630.23
8070 651.236 1635.84
8100 648.491 1612.94
8130 649.836 1607.44
8160 651.769 1616.43
8190 657.775 1627.93
8220 658.705 1628.87
8250 656.447 1618.14
8280 655.698 1616.9
8310 642.882 1628.02
8340 629.38 1635.33
8370 637.851 1627.4
8400 661.234 1627.71
8430 652.754 1625.47
8460 661.523 1616.6
8490 664.495 1611.96
8520 675.658 1613.35
8550 669.625 1620.72
8580 672.497 1672.36
8610 667.385 1664.35
8640 646.63 1639.72
8670 641.672 1633.83
8700 606.331 1628.5
8730 632.243 1626.45
8760 644.065 1644.63
8790 653.467 1643.57
8820 655.291 1631.57
8850 667.24 1630.1
8880 662.11 1626.3
8910 656.98 1623.47
8940 658.01 1626.89
8970 656.935 1623.68
9000 663.221 1629.68
9030 661.749 1628.2
9060 660.683 1624.76
9090 650.776 1623.41
9120 652.781 1618.78
9150 652.573 1616.71
9180 653.16 1621.02
9210 655.382 1625.36
9240 656.989 1627.47
9270 643.586 1610.48
9300 660.575 1631.99
9330 662.481 1636.54
9360 658.651 1642.32
9390 653.061 1631.46
9420 657.269 1626.9
9450 655.183 1624.86
9480 666.256 1635.47
9510 661.126 1631.05
9540 654.316 1626.52
9570 654.117 1624.48
9600 657.622 1619.37
9630 652.817 1622.56
9660 649.15 1619.77
9690 645.555 1617.69
9720 653.395 1622.97
9750 632.062 1594.1
9780 627.221 1588.24
9810 639.73 1599.21
9840 650.008 1609.21
9870 649.981 1615.1
9900 652.022 1618.84
9930 652.808 1619.55
9960 653.485 1628.32
9990 654.876 1620.5
10020 647.488 1620.89
10050 645.971 1618.07
10080 663.33 1603.51
10110 669.859 1612.71
10140 659.572 1621.09
10170 658.489 1617.78
10200 655.165 1627.56
10230 657.929 1627.71
10260 658.317 1619.82
10290 652.455 1605.83
10320 655.788 1616.71
10350 656.7 1625.93
10380 657.658 1623.86
10410 650.721 1621.04
10440 649.999 1617.46
10470 656.122 1617.56
10500 657.432 1623.55
10530 655.96 1627.05
10560 651.182 1613.22
10590 658.01 1626.3
10620 658.534 1625.37
10650 661.623 1622.99
10680 657.703 1616.61
10710 658.245 1618.02
10740 662.426 1638.77
10770 654.795 1634.36
10800 650.532 1631.32
10830 647.389 1626.01
10860 681.79 1635.8
10890 654.515 1615.31
10920 639.965 1613.36
10950 662.733 1627.68
10980 650.315 1625.14
11010 642.792 1613.31
11040 649.493 1611.51
11070 661.379 1620.63
11100 663.411 1629.87
11130 659.473 1621.96
11160 656.339 1617.5
11190 658.218 1615.95
11220 658.561 1618.96
11250 660.223 1615.38
11280 655.689 1605.44
11310 657.604 1613.11
11340 664.504 1643.96
11370 658.787 1635.73
11400 658.76 1633.58
11430 660.647 1632.91
11460 654.686 1625.3
11490 653.973 1622.28
11520 652.13 1618.65
11550 667.818 1606.28
11580 644.164 1595.42
11610 644.995 1651.54
11640 661.758 1609.5
11670 651.697 1610.49
11700 652.031 1621.32
11730 653.991 1612.69
11760 656.845 1619.86
11790 657.351 1623.95
11820 660.575 1626.18
11850 665.597 1626.28
11880 664.305 1616.25
11910 654.885 1607.34
11940 661.397 1613.34
11970 674.98 1612.57
12000 679.099 1609.59
12030 678.801 1597.33
12060 693.432 1549.95
12090 672.154 1579.93
12120 667.863 1624.68
12150 674.213 1630.91
12180 661.803 1637.22
12210 656.98 1626.14
12240 648.743 1625.99
12270 652.04 1627.08
12300 641.807 1635.5
12330 651.074 1625.27
12360 666.834 1611.59
12390 672.018 1606.26
12420 671.783 1607.65
12450 673.851 1625.65
12480 673.897 1606.73
12510 654.37 1633.43
12540 659.31 1626.68
12570 664.034 1619.41
12600 655.86 1618.07
12630 656.962 1625.07
12660 660.169 1623.05
12690 658.353 1623.47
12720 653.25 1624.16
12750 664.784 1628.29
12780 660.99 1624.28
12810 649.945 1610.77
12840 654.47 1621.4
12870 650.207 1626.33
12900 654.379 1623.38
12930 667.15 1616.51
12960 663.131 1618.1
12990 663.628 1619.11
13020 662.038 1618.59
13050 661.189 1620.24
13080 659.283 1618.39
13110 661.37 1615.92
13140 664.784 1620.64
13170 665.235 1622.88
13200 663.944 1623.79
13230 665.633 1623.66
13260 667.249 1624.04
13290 675.143 1633.73
13320 666.725 1629.89
13350 656.818 1620.69
13380 653.539 1619
13410 651.525 1624.74
13440 654.867 1623.43
13470 655.698 1623.04
13500 654.199 1621.39
13530 650.721 1624.83
13560 655.743 1617.79
13590 657.314 1614.8
13620 656.05 1616.92
13650 654.162 1618.74
13680 658.425 1619.06
13710 657.622 1619.85
13740 659.121 1623.26
13770 659.238 1624.71
13800 657.893 1625.07
13830 653.738 1626.34
13860 660.611 1615.76
13890 643.324 1628.94
13920 636.813 1627.73
13950 635.801 1626.95
13980 639.576 1627.69
14010 654.497 1617.79
14040 652.772 1607.54
14070 651.173 1595.17
14100 642.385 1559.27
14130 629.958 1519.15
14160 626.589 1467.87
14190 586.299 1439.91
14220 551.084 1425.44
14250 543.398 1426.78
14280 542.892 1427.27
14310 536.353 1431.14
14340 525.235 1418.12
14370 532.452 1410.69
14400 528.279 1429.64
14430 503.803 1433.77
14460 463.612 1452.61
14490 420.378 1474.13
14520 376.493 1485.7
14550 331.913 1496.88
14580 296.003 1513.86
14610 277.361 1544
14640 252.461 1529.99
14670 231.869 1545.19
14700 238.959 1566.1
14730 234.777 1587.83
14760 229.781 1599.78
14790 231.096 1596.77
14820 232.411 1593.75
14850 233.725 1590.74
14880 235.04 1587.72
14910 236.355 1584.7
14940 237.67 1581.69
14970 238.984 1578.67
15000 238.245 1572.85
15030 190.901 1554.13
15060 193.082 1554.62
15090 215.536 1553.28
15120 237.989 1551.95
15150 260.443 1550.61
15180 267.381 1565.91
15210 300.482 1553.42
15240 235.427 1558.92
15270 235.427 1558.92
15300 235.427 1558.92
15330 235.427 1558.92
15360 235.427 1558.92
15390 235.427 1558.92
15420 235.427 1558.92
15450 235.427 1558.92
15480 235.427 1558.92
15510 235.427 1558.92
15540 235.427 1558.92
15570 235.427 1558.92
15600 235.427 1558.92
15630 235.427 1558.92
15660 235.427 1558.92
15690 235.427 1558.92
15720 235.427 1558.92
15750 235.427 1558.92
15780 235.427 1558.92
15810 235.427 1558.92
15840 235.427 1558.92
15870 236.988 1589.46
15900 239.04 1629.6
15930 220.073 1616.36
15960 228.056 1614.58
15990 240.029 1611.92
16020 250.366 1602.24
16050 244.062 1615.82
16080 223.054 1625.71
16110 225.55 1620.7
16140 228.429 1614.93
16170 231.309 1609.15
16200 234.189 1603.38
16230 237.068 1597.6
16260 239.948 1591.82
16290 242.828 1586.05
16320 248.243 1584.66
16350 220.769 1601.51
16380 168.683 1649.31
16410 168.683 1649.31
16440 168.683 1649.31
16470 168.683 1649.31
16500 168.683 1649.31
16530 168.683 1649.31
16560 168.683 1649.31
16590 168.683 1649.31
16620 168.683 1649.31
16650 168.683 1649.31
16680 168.683 1649.31
16710 168.683 1649.31
16740 168.683 1649.31
16770 168.683 1649.31
16800 168.683 1649.31
16830 168.683 1649.31
16860 168.683 1649.31
16890 168.683 1649.31
16920 168.683 1649.31
16950 168.683 1649.31
16980 168.683 1649.31
17010 168.683 1649.31
17040 168.683 1649.31
17070 168.683 1649.31
17100 168.683 1649.31
17130 168.683 1649.31
17160 168.683 1649.31
17190 168.683 1649.31
17220 168.683 1649.31
17250 168.683 1649.31
17280 168.683 1649.31
17310 168.683 1649.31
17340 168.683 1649.31
17370 168.683 1649.31
17400 168.683 1649.31
17430 168.683 1649.31
17460 168.683 1649.31
17490 168.683 1649.31
17520 168.683 1649.31
17550 168.683 1649.31
17580 168.683 1649.31
17610 168.683 1649.31
17640 168.683 1649.31
17670 168.683 1649.31
17700 168.683 1649.31
17730 168.683 1649.31
17760 168.683 1649.31
17790 168.683 1649.31
17820 168.683 1649.31
17850 168.683 1649.31
17880 168.683 1649.31
17910 168.683 1649.31
17940 168.683 1649.31
17970 168.683 1649.31
18000 168.683 1649.31
18030 168.683 1649.31
18060 168.683 1649.31
18090 168.683 1649.31
18120 168.683 1649.31
18150 168.683 1649.31
18180 168.683 1649.31
18210 168.683 1649.31
18240 168.683 1649.31
18270 168.683 1649.31
18300 168.683 1649.31
18330 168.683 1649.31
18360 168.683 1649.31
18390 168.683 1649.31
18420 168.683 1649.31
18450 168.683 1649.31
18480 168.683 1649.31
18510 168.683 1649.31
18540 168.683 1649.31
18570 168.683 1649.31
18600 168.683 1649.31
18630 168.683 1649.31
18660 168.683 1649.31
18690 168.683 1649.31
18720 168.683 1649.31
18750 168.683 1649.31
18780 168.683 1649.31
18810 168.683 1649.31
18840 168.683 1649.31
18870 168.683 1649.31
18900 168.683 1649.31
18930 168.683 1649.31
18960 168.683 1649.31
18990 168.683 1649.31
19020 168.683 1649.31
19050 168.683 1649.31
19080 168.683 1649.31
19110 168.683 1649.31
19140 174.849 1647.11
19170 212.707 1633.59
19200 241.731 1610.35
19230 238.028 1612.75
19260 214.076 1674.84
19290 219.766 1619.05
19320 268.357 1514.26
19350 316.73 1484.29
19380 357.264 1471.82
19410 391.368 1478.77
19440 441.711 1451.9
19470 490.12 1429.63
19500 530.961 1420.64
19530 524.928 1418.03
19560 555.672 1401.6
19590 535.369 1380.05
19620 530.6 1357.26
19650 534.195 1393.19
19680 543.353 1431.06
19710 557.497 1469.55
19740 572.399 1511.3
19770 589.703 1568.13
19800 604.443 1617.09
19830 574.53 1659.46
19860 510.044 1688.58
19890 696.458 1658.61
19920 834.859 1606.25
19950 854.801 1585.92
19980 890.368 1496.38
20010 819.921 1341.98
20040 797.251 1312.71
20070 726.082 1183.22
20100 517.125 1263.68
20130 533.418 1255.98
20160 521.532 1262.68
20190 494.166 1273.59
20220 398.124 1217.24
