0 -539.49 249.049
30 -579.319 272.537
60 -620.323 303.372
90 -645.973 324.077
120 -663.404 323.631
150 -671.804 333.205
180 -698.989 318.511
210 -731.413 278.103
240 -757.604 247.825
270 -766.636 240.923
300 -764.739 236.804
330 -764.559 233.91
360 -767.088 236.47
390 -766.817 229.68
420 -769.797 230.57
450 -772.145 234.912
480 -766.636 219.884
510 -797.253 199.958
540 -826.787 167.788
570 -843.405 151.758
600 -870.681 124.151
630 -915.207 87.7505
660 -964.339 62.8155
690 -1004.26 43.8916
720 -1043.46 8.49422
750 -1074.98 -22.3422
780 -1112.37 -51.396
810 -1147.86 -81.5628
840 -1193.29 -108.168
870 -1236.73 -113.511
900 -1281.89 -103.158
930 -1324.25 -87.9079
960 -1369.14 -74.6612
990 -1399.39 -38.2607
1020 -1425.41 -30.5797
1050 -1440.67 -36.1456
1080 -1443.65 -54.5128
1110 -1448.08 -22.8988
1140 -1448.89 -5.20033
1170 -1448.71 -11.5453
1200 -1449.43 -5.53356
1230 -1451.06 -18.8919
1260 -1449.34 -31.8043
1290 -1448.62 -23.3442
1320 -1454.04 -18.335
1350 -1449.52 -26.461
1380 -1449.97 -30.0232
1410 -1448.44 -29.9117
1440 -1448.53 -27.908
1470 -1453.22 -18.0009
1500 -1451.51 -18.4465
1530 -1451.15 -21.0063
1560 -1451.6 -30.3572
1590 -1448.89 -45.4962
1620 -1443.02 -45.1622
1650 -1442.93 -40.0416
1680 -1446.45 -34.8098
1710 -1453.04 -27.908
1740 -1455.3 -20.8953
1770 -1452.5 -24.4571
1800 -1449.43 -29.244
1830 -1446.72 -26.3498
1860 -1448.8 -27.2401
1890 -1445.64 -29.0212
1920 -1446.54 -24.5684
1950 -1445 -23.5668
1980 -1451.33 -21.0063
2010 -1448.53 -24.4571
2040 -1450.33 -25.4589
2070 -1444.91 -28.9099
2100 -1448.98 -24.3461
2130 -1441.3 -32.2494
2160 -1446.27 -35.4777
2190 -1438.14 -35.1438
2220 -1437.96 -47.3885
2250 -1439.86 -39.1512
2280 -1446.45 -26.3498
2310 -1458.28 -13.3262
2340 -1457.65 -14.6617
2370 -1453.58 -18.7804
2400 -1456.02 -15.4409
2430 -1450.69 -29.4666
2460 -1444.19 -29.4666
2490 -1455.66 -24.7913
2520 -1453.13 -28.9099
2550 -1452.5 -29.1325
2580 -1455.12 -21.7858
2610 -1454.22 -20.3389
2640 -1458.64 -10.7659
2670 -1450.97 -20.4501
2700 -1447.44 -28.9099
2730 -1447.53 -25.6818
2760 -1452.86 -22.4535
2790 -1447.89 -25.2366
2820 -1445.55 -29.3554
2850 -1447.98 -23.5668
2880 -1452.68 -17.1103
2910 -1445.82 -25.4589
2940 -1455.93 -19.0027
2970 -1450.15 -17.6671
3000 -1452.5 -13.6599
3030 -1452.32 -15.4409
3060 -1451.87 -19.5597
3090 -1450.42 -20.7841
3120 -1447.62 -22.6761
3150 -1448.8 -18.1125
3180 -1447.89 -25.3478
3210 -1440.58 -30.2457
3240 -1450.69 -23.2331
3270 -1452.59 -23.7895
3300 -1449.61 -28.0194
3330 -1446.81 -33.0287
3360 -1433.99 -47.9452
3390 -1448.71 -32.0269
3420 -1446.81 -30.6912
3450 -1454.58 -31.8043
3480 -1448.44 -27.6854
3510 -1442.11 -25.1254
3540 -1446.72 -25.6818
3570 -1438.41 -34.5871
3600 -1447.26 -25.1254
3630 -1448.26 -22.1195
3660 -1446.99 -25.014
3690 -1454.31 -18.4465
3720 -1449.79 -19.4483
3750 -1442.66 -30.2457
3780 -1449.79 -26.3498
3810 -1442.66 -30.9137
3840 -1435.61 -30.6912
3870 -1442.02 -26.7949
3900 -1437.78 -47.0546
3930 -1453.22 -10.8765
3960 -1462.62 -2.52884
3990 -1449.43 -16.7766
4020 -1456.29 -12.4353
4050 -1446.63 -20.3389
4080 -1458.01 -14.2163
4110 -1452.41 -15.6634
4140 -1450.69 -18.7804
4170 -1462.16 -13.6599
4200 -1449.88 -28.1308
4230 -1445.55 -11.5453
4260 -1447.44 -9.9864
4290 -1457.29 -2.19622
4320 -1456.02 -6.31352
4350 -1457.47 -6.64734
4380 -1455.66 -9.43002
4410 -1447.17 -15.5523
4440 -1441.21 -21.1176
4470 -1446.45 -16.7766
4500 -1452.23 6.0453
4530 -1455.03 -0.537625
4560 -1447.26 -12.1014
4590 -1448.08 -11.0993
4620 -1452.59 -10.4319
4650 -1449.07 -13.8823
4680 -1449.07 -16.9996
4710 -1448.26 -18.7804
4740 -1446.54 -25.4589
4770 -1448.08 -23.3442
4800 -1448.62 -21.6744
4830 -1448.98 -20.2276
4860 -1448.89 -20.5611
4890 -1448.35 -21.0063
4920 -1446.9 -27.1288
4950 -1447.62 -25.3478
4980 -1449.34 -23.4557
5010 -1450.69 -22.0086
5040 -1452.05 -18.8919
5070 -1441.03 -25.7934
5100 -1432 -32.1381
5130 -1446.27 -23.1214
5160 -1459.18 -16.5541
5190 -1450.69 -23.2331
5220 -1444.37 -25.4589
5250 -1448.98 -20.1156
5280 -1437.51 -22.3422
5310 -1450.33 -17.3332
5340 -1453.22 -14.6617
5370 -1451.69 -15.7749
5400 -1451.42 -16.4427
5430 -1449.7 -18.1125
5460 -1450.15 -17.7783
5490 -1452.95 -18.7804
5520 -1453.95 -16.7766
5550 -1454.31 -17.7783
5580 -1453.95 -19.4483
5610 -1452.77 -21.229
5640 -1454.13 -20.4501
5670 -1451.06 -23.7895
5700 -1448.44 -31.6928
5730 -1450.69 -24.9026
5760 -1446.9 -29.244
5790 -1452.86 -10.2091
5820 -1449.07 -14.5501
5850 -1450.06 -15.3294
5880 -1450.33 -16.4427
5910 -1449.79 -17.7783
5940 -1449.34 -19.1143
5970 -1455.3 -15.3294
6000 -1446.9 -26.7949
6030 -1452.77 -9.76367
6060 -1456.38 -3.64263
6090 -1449.07 -23.4557
6120 -1448.8 -23.678
6150 -1450.33 -18.335
6180 -1453.13 -11.2106
6210 -1455.84 -5.64506
6240 -1454.4 -8.20539
6270 -1455.93 -3.64263
6300 -1457.29 -1.08362
6330 -1451.33 -15.7749
6360 -1448.71 -23.1214
6390 -1450.33 -17.4444
6420 -1451.24 -16.3313
6450 -1451.96 -13.5491
6480 -1452.14 -12.4353
6510 -1455.57 -5.64506
6540 -1448.44 -27.1288
6570 -1451.87 -14.7731
6600 -1451.06 -21.3406
6630 -1458.01 -12.9923
6660 -1457.65 -14.5501
6690 -1456.57 -19.0027
6720 -1456.38 -17.7783
6750 -1457.47 -12.3237
6780 -1455.84 -16.4427
6810 -1457.74 -12.6581
6840 -1452.23 -16.1086
6870 -1454.76 -17.1103
6900 -1450.88 -13.6599
6930 -1452.23 -15.7749
6960 -1461.26 -4.0856
6990 -1458.64 -5.20033
7020 -1449.97 -25.3478
7050 -1450.6 -21.452
7080 -1450.06 -19.8935
7110 -1453.95 -10.2091
7140 -1452.23 -12.769
7170 -1448.98 -15.4409
7200 -1450.88 -15.7749
7230 -1451.78 -14.2163
7260 -1442.39 -33.6966
7290 -1438.41 -35.4777
7320 -1450.42 -3.64263
7350 -1456.11 -3.08696
7380 -1453.49 -6.86986
7410 -1450.24 -14.2163
7440 -1454.67 -4.19899
7470 -1453.67 -13.6599
7500 -1453.86 -17.3332
7530 -1457.47 -9.87498
7560 -1450.24 -15.7749
7590 -1438.68 -31.5815
7620 -1440.76 -29.6892
7650 -1439.04 -30.9137
7680 -1440.31 -26.7949
7710 -1452.32 -18.8919
7740 -1451.96 -18.335
7770 -1441.84 -30.6912
7800 -1450.51 -17.3332
7830 -1452.05 -13.4373
7860 -1468.76 35.3204
7890 -1439.04 -28.242
7920 -1439.4 -21.1176
7950 -1458.46 3.59647
7980 -1444.28 -23.678
8010 -1479.14 40.8863
8040 -1469.93 26.6377
8070 -1453.58 -10.2091
8100 -1457.2 -2.64066
8130 -1447.98 -19.0027
8160 -1457.02 -10.4319
8190 -1459.73 -3.41878
8220 -1458.46 -12.769
8250 -1452.77 -22.7875
8280 -1457.29 -13.4373
8310 -1467.31 10.1626
8340 -1455.84 -5.53356
8370 -1469.93 23.4095
8400 -1461.26 2.04059
8430 -1463.34 4.26303
8460 -1452.14 -15.3294
8490 -1450.6 -23.5668
8520 -1463.79 2.59233
8550 -1454.67 -12.1014
8580 -1446 -29.3554
8610 -1447.08 -23.9009
8640 -1447.8 -27.908
8670 -1465.78 16.3965
8700 -1467.13 20.7378
8730 -1458.64 3.81818
8760 -1465.05 15.7284
8790 -1448.44 -18.5578
8820 -1448.17 -19.1143
8850 -1449.25 -15.4409
8880 -1450.6 -9.43002
8910 -1450.78 -12.1014
8940 -1450.51 -12.6581
8970 -1452.14 -11.6562
9000 -1452.14 -16.2203
9030 -1452.41 -17.6671
9060 -1451.42 -13.5491
9090 -1451.33 -21.1176
9120 -1451.96 -21.229
9150 -1450.15 -12.2129
9180 -1452.5 -10.9885
9210 -1450.42 -22.1195
9240 -1452.32 -17.8897
9270 -1455.39 -7.87167
9300 -1453.13 -18.6689
9330 -1453.4 -14.105
9360 -1458.73 2.37028
9390 -1448.98 -4.5321
9420 -1457.74 2.81612
9450 -1464.42 19.0682
9480 -1464.42 29.8657
9510 -1458.91 7.9368
9540 -1454.49 -15.3294
9570 -1451.78 -19.4483
9600 -1460.63 7.82563
9630 -1455.3 -2.30459
9660 -1453.77 -10.543
9690 -1454.04 -6.75784
9720 -1450.69 -9.20708
9750 -1453.58 -1.97307
9780 -1451.51 1.37068
9810 -1452.32 -4.19899
9840 -1449.07 -9.43002
9870 -1449.52 -18.5578
9900 -1453.31 -27.463
9930 -1454.4 -13.5491
9960 -1456.2 -19.7824
9990 -1454.94 4.5974
10020 -1456.57 -0.978493
10050 -1455.84 -10.7659
10080 -1454.22 -8.5393
10110 -1453.31 -2.52884
10140 -1453.77 -2.52884
10170 -1454.04 -3.86404
10200 -1453.77 -6.75784
10230 -1452.23 -9.43002
10260 -1451.96 -19.8935
10290 -1454.94 -22.1195
10320 -1452.41 -26.2383
10350 -1447.26 -26.6835
10380 -1440.13 -36.5907
10410 -1439.13 -36.2568
10440 -1441.03 -31.8043
10470 -1439.04 -28.4646
10500 -1449.25 -16.3313
10530 -1451.6 -20.4501
10560 -1451.15 -21.6744
10590 -1451.15 -24.6801
10620 -1448.44 -25.7934
10650 -1450.33 -25.4589
10680 -1447.8 -25.5706
10710 -1444.64 -27.7968
10740 -1450.78 -24.4571
10770 -1447.98 -27.0177
10800 -1448.35 -29.244
10830 -1448.35 -25.5706
10860 -1448.53 -21.7858
10890 -1444.19 -37.1475
10920 -1448.89 -22.6761
10950 -1450.88 -16.5541
10980 -1451.51 -15.8858
11010 -1450.06 -22.7875
11040 -1449.25 -17.6671
11070 -1447.08 -29.0212
11100 -1449.61 -20.5611
11130 -1448.98 -16.3313
11160 -1449.34 -14.4391
11190 -1451.33 -16.2203
11220 -1450.78 -19.5597
11250 -1448.8 -22.4535
11280 -1448.17 -22.4535
11310 -1446.45 -24.5684
11340 -1448.53 -18.8919
11370 -1445.64 -24.1234
11400 -1445.55 -17.5559
11430 -1447.8 -21.7858
11460 -1452.77 -23.678
11490 -1451.24 -22.4535
11520 -1451.06 -21.5629
11550 -1448.98 -19.0027
11580 -1450.42 -23.0102
11610 -1451.15 -23.2331
11640 -1451.06 -22.4535
11670 -1451.06 -22.2311
11700 -1451.6 -21.6744
11730 -1453.22 -23.0102
11760 -1453.4 -24.9026
11790 -1450.97 -22.7875
11820 -1449.34 -23.2331
11850 -1446.99 -26.461
11880 -1445.82 -29.0212
11910 -1451.06 -27.463
11940 -1451.78 -28.242
11970 -1451.51 -28.576
12000 -1452.41 -25.5706
12030 -1452.14 -29.0212
12060 -1451.33 -29.5779
12090 -1450.78 -26.461
12120 -1451.69 -23.7895
12150 -1452.32 -20.8953
12180 -1452.77 -18.4465
12210 -1453.49 -15.7749
12240 -1452.77 -15.9975
12270 -1453.04 -16.4427
12300 -1452.5 -17.1103
12330 -1452.59 -17.4444
12360 -1452.14 -18.4465
12390 -1452.05 -17.7783
12420 -1452.41 -17.7783
12450 -1451.96 -17.8897
12480 -1452.59 -16.8877
12510 -1452.05 -14.7731
12540 -1449.61 -14.7731
12570 -1447.44 -14.4391
12600 -1449.34 -15.7749
12630 -1450.24 -21.3406
12660 -1452.59 -18.4465
12690 -1450.6 -20.0049
12720 -1450.97 -25.4589
12750 -1448.62 -22.2311
12780 -1446.99 -19.8935
12810 -1451.51 -18.335
12840 -1452.23 -16.6653
12870 -1453.95 -16.6653
12900 -1449.97 -20.6724
12930 -1450.88 -20.3389
12960 -1450.42 -20.2276
12990 -1450.69 -20.1156
13020 -1451.87 -21.229
13050 -1451.24 -21.3406
13080 -1451.24 -22.5653
13110 -1451.15 -22.7875
13140 -1452.23 -21.7858
13170 -1454.22 -21.229
13200 -1445 -20.6724
13230 -1438.05 -19.5597
13260 -1444.73 -22.5653
13290 -1446.9 -19.8935
13320 -1449.52 -18.6689
13350 -1451.6 -17.2218
13380 -1449.7 -18.5578
13410 -1448.35 -19.6707
13440 -1449.61 -20.7841
13470 -1452.5 -19.5597
13500 -1450.97 -17.1103
13530 -1450.51 -18.8919
13560 -1451.87 -20.6724
13590 -1457.2 -14.3277
13620 -1456.38 -12.6581
13650 -1455.39 -13.9938
13680 -1451.6 -23.7895
13710 -1448.53 -23.2331
13740 -1445 -21.7858
13770 -1450.88 -20.4501
13800 -1454.31 -19.7824
13830 -1455.48 -20.6724
13860 -1450.88 -20.3389
13890 -1445.28 -17.3332
13920 -1443.83 -15.6634
13950 -1444.46 -16.1086
13980 -1446.18 -16.7766
14010 -1443.11 -15.5523
14040 -1449.97 -14.4391
14070 -1451.51 -14.2163
14100 -1448.62 -14.9958
14130 -1450.88 -14.5501
14160 -1451.78 -13.3262
14190 -1448.89 -13.1031
14220 -1444.64 -15.6634
14250 -1448.44 -11.9901
14280 -1459.18 -9.09604
14310 -1451.33 -12.3237
14340 -1450.33 -13.7706
14370 -1456.93 -13.5491
14400 -1465.05 -13.7706
14430 -1453.04 -16.8877
14460 -1444.64 -19.3368
14490 -1444.82 -19.2253
14520 -1445.09 -19.4483
14550 -1445.37 -19.5597
14580 -1445.46 -22.1195
14610 -1446.81 -15.3294
14640 -1446.99 -17.3332
14670 -1452.5 -16.5541
14700 -1451.69 -16.2203
14730 -1446.27 -19.2253
14760 -1448.89 -18.1125
14790 -1451.06 -14.3277
14820 -1446.81 -12.9923
14850 -1447.71 -14.3277
14880 -1446.9 -14.105
14910 -1447.98 -14.4391
14940 -1448.17 -14.3277
14970 -1448.62 -14.8842
15000 -1450.88 -14.3277
15030 -1450.69 -14.9958
15060 -1449.25 -17.3332
15090 -1448.35 -20.1156
15120 -1448.71 -19.0027
15150 -1447.62 -22.5653
15180 -1447.26 -21.3406
15210 -1447.35 -19.8935
15240 -1448.8 -18.6689
15270 -1449.16 -22.4535
15300 -1451.78 -15.3294
15330 -1450.88 -18.6689
15360 -1450.51 -18.4465
15390 -1452.14 -16.8877
15420 -1451.69 -18.2236
15450 -1451.87 -18.5578
15480 -1452.68 -17.7783
15510 -1451.24 -20.1156
15540 -1449.25 -21.6744
15570 -1450.6 -22.7875
15600 -1449.52 -20.8953
15630 -1450.69 -21.452
15660 -1451.06 -19.6707
15690 -1451.15 -18.1125
15720 -1451.06 -17.7783
15750 -1451.96 -16.5541
15780 -1445.91 -28.4646
15810 -1450.06 -18.5578
15840 -1455.39 -9.87498
15870 -1450.97 -17.2218
15900 -1445.55 -16.8877
15930 -1450.33 -18.1125
15960 -1454.58 -7.0924
15990 -1455.39 -7.98276
16020 -1453.95 -10.8765
16050 -1453.22 -12.6581
16080 -1452.86 -16.3313
16110 -1451.78 -12.2129
16140 -1447.26 -6.64734
16170 -1456.75 -27.5741
16200 -1458.1 -30.0232
16230 -1455.21 -17.3332
16260 -1449.7 -32.4721
16290 -1450.78 -24.3461
16320 -1450.24 -20.1156
16350 -1449.25 -17.6671
16380 -1453.77 -14.5501
16410 -1450.69 -19.3368
16440 -1450.78 -25.1254
16470 -1450.51 -19.8935
16500 -1450.24 -18.2236
16530 -1450.33 -18.1125
16560 -1450.51 -17.4444
16590 -1450.06 -17.7783
16620 -1449.52 -17.5559
16650 -1451.78 -15.8858
16680 -1451.87 -19.5597
16710 -1449.61 -25.4589
16740 -1438.86 -41.6001
16770 -1426.22 -74.9952
16800 -1447.08 -28.7987
16830 -1448.35 -27.1288
16860 -1446.72 -16.1086
16890 -1452.86 -11.2106
16920 -1452.5 -9.54095
16950 -1453.22 -1.75244
16980 -1450.97 -11.434
17010 -1451.33 -14.4391
17040 -1453.31 -13.9938
17070 -1449.43 -15.5523
17100 -1448.8 -17.4444
17130 -1448.53 -16.7766
17160 -1447.89 -17.7783
17190 -1448.35 -17.1103
17220 -1450.6 -13.1031
17250 -1449.7 -16.7766
17280 -1454.13 -10.9885
17310 -1451.51 -12.6581
17340 -1454.4 -5.75598
17370 -1451.51 -13.6599
17400 -1451.33 -17.6671
17430 -1452.41 -13.9938
17460 -1451.78 -14.5501
17490 -1453.31 -10.4319
17520 -1455.3 -8.20539
17550 -1448.44 -23.5668
17580 -1452.14 -11.2106
17610 -1451.78 -13.2143
17640 -1448.89 -22.7875
17670 -1453.86 -15.6634
17700 -1454.4 -10.2091
17730 -1450.78 -25.5706
17760 -1453.4 -18.6689
17790 -1455.66 -9.54095
17820 -1451.15 -18.8919
17850 -1449.07 -23.7895
17880 -1454.94 -8.87285
17910 -1457.02 -2.97521
17940 -1452.41 -13.1031
17970 -1442.39 -31.1362
18000 -1454.31 -8.65017
18030 -1456.47 -3.97579
18060 -1456.38 -8.5393
18090 -1450.69 -12.769
18120 -1449.25 -16.6653
18150 -1449.7 -17.3332
18180 -1452.59 -7.87167
18210 -1469.48 26.7492
18240 -1469.66 24.7454
18270 -1455.03 -3.97579
18300 -1458.82 -0.537625
18330 -1461.53 -1.97307
18360 -1466.95 6.37828
18390 -1461.17 3.14924
18420 -1453.58 -10.2091
18450 -1451.96 -14.6617
18480 -1452.86 -15.2185
18510 -1452.05 -17.6671
18540 -1453.58 -16.2203
18570 -1453.31 -12.5467
18600 -1454.31 -10.6546
18630 -1452.41 -15.9975
18660 -1461.8 4.04114
18690 -1460.63 4.48502
18720 -1443.2 -16.4427
18750 -1450.06 -12.3237
18780 -1449.16 -8.42804
18810 -1461.53 1.59599
18840 -1453.22 -12.3237
18870 -1455.39 -2.97521
18900 -1461.71 -1.86239
18930 -1454.22 -6.86986
18960 -1452.23 -14.4391
18990 -1457.11 0.601083
19020 -1454.13 -0.748343
19050 -1455.66 -5.20033
19080 -1452.32 -17.6671
19110 -1449.79 -13.2143
19140 -1446 -7.98276
19170 -1448.44 -8.87285
19200 -1443.11 -32.1381
19230 -1452.5 -21.3406
19260 -1451.06 -16.9996
19290 -1431.01 -37.37
19320 -1436.51 -26.461
19350 -1441.3 -23.7895
19380 -1439.77 -20.6724
19410 -1434.89 -11.6562
19440 -1450.42 -12.3237
19470 -1443.29 -27.0177
19500 -1441.75 -14.4391
19530 -1442.11 -19.5597
19560 -1445.46 -16.4427
19590 -1442.39 -22.5653
19620 -1449.25 -20.6724
19650 -1448.98 -19.6707
19680 -1447.62 -19.0027
19710 -1450.15 -19.3368
19740 -1451.87 -16.4427
19770 -1448.53 -17.4444
19800 -1448.26 -22.1195
19830 -1448.26 -22.4535
19860 -1445.91 -25.4589
19890 -1447.8 -23.0102
19920 -1449.07 -21.3406
19950 -1446.99 -24.7913
19980 -1438.41 -33.9192
20010 -1444.64 -32.4721
20040 -1439.59 -34.4758
20070 -1441.48 -31.8043
20100 -1453.95 -16.5541
20130 -1447.35 -21.7858
20160 -1446.63 -27.908
20190 -1441.03 -31.1362
20220 -1444.82 -26.461
20250 -1445.37 -25.9044
20280 -1444.37 -28.6872
20310 -1447.53 -34.5871
20340 -1451.87 -31.8043
20370 -1452.05 -29.1325
20400 -1457.92 -20.2276
20430 -1450.15 -27.908
20460 -1449.88 -25.1254
20490 -1458.73 -15.2185
20520 -1448.89 -27.0177
20550 -1436.24 -41.1548
20580 -1439.95 -31.359
20610 -1439.04 -28.4646
20640 -1442.57 -27.463
20670 -1442.3 -21.229
20700 -1440.85 -23.7895
20730 -1448.98 -28.6872
20760 -1444.82 -20.1156
20790 -1460 -7.76073
20820 -1456.57 -11.434
20850 -1449.61 -19.2253
20880 -1448.89 -22.7875
20910 -1445.64 -22.5653
20940 -1450.97 -24.2349
20970 -1447.98 -31.2477
21000 -1445 -33.5853
21030 -1447.8 -28.576
21060 -1450.42 -21.8971
21090 -1445.55 -28.6872
21120 -1447.35 -27.463
21150 -1449.52 -20.8953
21180 -1452.86 -15.5523
21210 -1451.78 -21.1176
21240 -1452.59 -18.7804
21270 -1447.98 -22.5653
21300 -1450.15 -17.2218
21330 -1450.97 -14.4391
21360 -1449.7 -16.7766
21390 -1449.79 -13.5491
21420 -1439.5 -22.7875
21450 -1445.64 -16.5541
21480 -1446.63 -14.6617
21510 -1450.97 -10.0984
21540 -1448.89 -15.3294
21570 -1444.73 -19.3368
21600 -1449.34 -21.3406
21630 -1448.62 -24.2349
21660 -1448.53 -22.5653
21690 -1455.48 -15.7749
21720 -1452.32 -9.87498
21750 -1455.66 -8.09345
21780 -1456.57 -8.42804
21810 -1455.57 -12.4353
21840 -1456.47 -12.9923
21870 -1455.12 -12.2129
21900 -1453.86 -12.1014
21930 -1454.76 -11.7669
21960 -1456.11 -12.4353
21990 -1455.12 -14.6617
22020 -1455.84 -13.5491
22050 -1456.47 -11.5453
22080 -1457.47 -9.76367
22110 -1455.84 -11.434
22140 -1456.57 -11.9901
22170 -1449.88 -13.9938
22200 -1450.97 -8.87285
22230 -1450.42 -9.54095
22260 -1448.53 -9.76367
22290 -1451.87 -12.9923
22320 -1452.05 -14.105
22350 -1451.24 -14.6617
22380 -1452.23 -14.7731
22410 -1451.78 -15.3294
22440 -1452.23 -14.4391
22470 -1451.6 -15.4409
22500 -1453.31 -13.1031
22530 -1442.93 -24.9026
22560 -1445.09 -21.3406
22590 -1451.06 -12.9923
22620 -1450.51 -17.4444
22650 -1450.33 -16.5541
22680 -1446.45 -16.7766
22710 -1439.86 -13.9938
22740 -1446.54 -15.7749
22770 -1455.39 -18.2236
22800 -1446.9 -27.5741
22830 -1451.96 -17.3332
22860 -1451.87 -16.9996
22890 -1449.97 -17.8897
22920 -1451.78 -18.8919
22950 -1448.71 -18.5578
22980 -1450.69 -19.1143
23010 -1450.6 -19.3368
23040 -1451.24 -18.5578
23070 -1455.12 -14.8842
23100 -1455.48 -14.2163
23130 -1456.11 -12.769
23160 -1457.74 -11.5453
23190 -1462.07 -8.31692
23220 -1456.84 -14.2163
23250 -1451.15 -19.7824
23280 -1451.42 -19.2253
23310 -1451.15 -19.1143
23340 -1451.24 -19.3368
23370 -1445.46 -20.1156
23400 -1446.45 -19.8935
23430 -1444.46 -19.6707
23460 -1446.27 -20.8953
23490 -1448.62 -21.6744
23520 -1441.57 -20.6724
23550 -1441.66 -19.6707
23580 -1441.93 -19.3368
23610 -1452.41 -19.4483
23640 -1439.68 -28.1308
23670 -1442.48 -22.5653
23700 -1442.66 -22.0086
23730 -1445.09 -20.1156
23760 -1449.61 -19.8935
23790 -1449.88 -20.2276
23820 -1446.27 -20.0049
23850 -1445.55 -22.5653
23880 -1445.82 -23.3442
23910 -1448.26 -22.2311
23940 -1446.81 -21.8971
23970 -1443.47 -24.7913
24000 -1445 -24.2349
24030 -1444.64 -26.5724
24060 -1446.45 -25.5706
24090 -1447.62 -24.2349
24120 -1448.44 -20.4501
24150 -1451.33 -17.1103
24180 -1451.78 -17.8897
24210 -1452.68 -17.2218
24240 -1454.13 -17.4444
24270 -1456.75 -18.2236
24300 -1453.67 -18.335
24330 -1450.33 -17.8897
24360 -1456.84 1.59599
24390 -1455.3 -5.31203
24420 -1451.78 -20.7841
24450 -1447.26 -25.5706
24480 -1430.64 -48.1677
24510 -1432.81 -33.5853
24540 -1440.49 -33.1399
24570 -1447.35 -23.3442
24600 -1449.43 -20.5611
24630 -1451.24 -20.2276
24660 -1452.32 -18.8919
24690 -1446.09 -23.2331
24720 -1447.17 -24.7913
24750 -1448.89 -24.1234
24780 -1446.09 -24.4571
24810 -1444.64 -26.5724
24840 -1443.83 -24.9026
24870 -1444.64 -25.1254
24900 -1445.28 -25.014
24930 -1443.74 -23.9009
24960 -1443.2 -22.3422
24990 -1442.93 -22.2311
25020 -1442.11 -18.7804
25050 -1440.13 -23.0102
25080 -1460 -10.6546
25110 -1449.88 -16.9996
25140 -1448.35 -20.6724
25170 -1450.88 -21.7858
25200 -1452.41 -19.0027
25230 -1447.53 -17.8897
25260 -1446.54 -21.452
25290 -1444.64 -24.2349
25320 -1446.72 -23.9009
25350 -1447.08 -23.1214
25380 -1448.17 -21.7858
25410 -1449.97 -22.6761
25440 -1448.53 -22.4535
25470 -1448.44 -21.6744
25500 -1446.72 -26.9061
25530 -1447.71 -22.2311
25560 -1448.98 -21.0063
25590 -1448.89 -21.1176
25620 -1448.98 -20.8953
25650 -1449.52 -21.0063
25680 -1448.8 -20.1156
25710 -1449.34 -22.0086
25740 -1450.06 -22.2311
25770 -1450.88 -19.7824
25800 -1454.13 -15.9975
25830 -1451.24 -11.2106
25860 -1450.69 -11.6562
25890 -1451.06 -14.2163
25920 -1450.06 -14.8842
25950 -1450.78 -16.8877
25980 -1451.51 -20.4501
26010 -1451.78 -23.0102
26040 -1453.31 -27.0177
26070 -1452.68 -28.0194
26100 -1447.44 -22.8988
26130 -1442.02 -25.014
26160 -1439.59 -27.1288
26190 -1442.3 -34.3644
26220 -1449.88 -22.2311
26250 -1447.08 -25.7934
26280 -1448.44 -22.3422
26310 -1449.52 -19.4483
26340 -1450.33 -21.0063
26370 -1450.33 -23.3442
26400 -1449.88 -23.5668
26430 -1447.35 -25.7934
26460 -1456.66 -13.6599
26490 -1460.09 -6.53635
26520 -1448.89 -21.8971
26550 -1449.61 -17.4444
26580 -1449.61 -17.6671
26610 -1449.43 -19.4483
26640 -1447.26 -9.31921
26670 -1455.21 -6.86986
26700 -1451.96 -5.97919
26730 -1447.44 -6.20165
26760 -1446.72 -10.0984
26790 -1445.37 -10.4319
26820 -1445.09 -11.6562
26850 -1445.09 -12.5467
26880 -1445.82 -14.2163
26910 -1458.1 -17.4444
26940 -1455.21 -17.8897
26970 -1452.05 -22.0086
27000 -1449.52 -17.3332
27030 -1448.8 -23.7895
27060 -1451.06 -17.5559
27090 -1447.53 -18.5578
27120 -1448.35 -15.9975
27150 -1447.89 -15.9975
27180 -1447.98 -14.7731
27210 -1447.17 -19.2253
27240 -1447.53 -22.5653
27270 -1447.17 -18.4465
27300 -1448.35 -17.8897
27330 -1450.51 -19.2253
27360 -1448.26 -19.0027
27390 -1447.8 -18.6689
27420 -1446.27 -18.0009
27450 -1448.17 -17.7783
27480 -1446.54 -21.8971
27510 -1447.89 -13.4373
27540 -1442.3 -13.5491
27570 -1443.56 -16.6653
27600 -1445.28 -16.7766
27630 -1445.37 -21.6744
27660 -1443.92 -20.7841
27690 -1444.46 -19.8935
27720 -1444.19 -19.7824
27750 -1442.3 -21.5629
27780 -1447.35 -20.2276
27810 -1446.81 -20.4501
27840 -1448.35 -19.3368
27870 -1449.07 -15.9975
27900 -1451.06 -6.64734
27930 -1449.52 -14.2163
27960 -1446.72 -25.014
27990 -1452.95 -10.543
28020 -1454.76 -10.6546
28050 -1448.53 -9.43002
28080 -1450.06 -14.6617
28110 -1448.44 -25.4589
28140 -1446.09 -23.3442
28170 -1446.81 -16.6653
28200 -1445.46 -12.9923
28230 -1444.64 -13.8823
28260 -1443.38 -14.4391
28290 -1444.19 -14.8842
28320 -1443.92 -14.8842
28350 -1444.73 -16.1086
28380 -1444.55 -17.4444
28410 -1440.85 -22.2311
28440 -1438.32 -31.1362
28470 -1449.52 -25.3478
28500 -1444.01 -8.5393
28530 -1442.57 -10.8765
28560 -1442.2 -16.1086
28590 -1442.57 -19.6707
28620 -1446.72 -18.1125
28650 -1445.37 -22.0086
28680 -1446.99 -15.9975
28710 -1447.35 -13.8823
28740 -1448.26 -12.6581
28770 -1448.26 -12.4353
28800 -1448.8 -13.4373
28830 -1450.33 -13.6599
28860 -1449.34 -17.8897
28890 -1446.63 -30.1344
28920 -1449.61 -31.9156
28950 -1445.09 -22.4535
28980 -1444.64 -23.678
29010 -1446.54 -21.8971
29040 -1458.73 -20.0049
29070 -1445.91 -26.5724
29100 -1449.61 -35.2552
29130 -1447.89 -24.6801
29160 -1458.01 -12.5467
29190 -1452.68 -11.9901
29220 -1448.17 -27.463
29250 -1438.14 -60.6353
29280 -1447.98 -24.0121
29310 -1441.66 -28.576
29340 -1447.08 -29.0212
29370 -1451.6 -25.3478
29400 -1458.28 -29.8006
29430 -1451.78 -30.5797
29460 -1444.46 -20.3389
29490 -1450.33 -50.8393
29520 -1446.72 -58.6316
29550 -1442.84 -56.7392
29580 -1450.78 -36.7021
29610 -1447.62 -58.6316
29640 -1445 -54.6242
29670 -1445.64 -43.7151
29700 -1450.51 -17.2218
29730 -1453.95 -4.19899
29760 -1448.17 -23.1214
29790 -1448.62 -21.6744
29820 -1446.36 -22.2311
29850 -1445.46 -22.4535
29880 -1445.82 -20.7841
29910 -1446.63 -19.5597
29940 -1447.8 -18.6689
29970 -1450.6 -16.3313
30000 -1450.42 -16.5541
30030 -1443.83 -18.8919
30060 -1450.69 9.04975
30090 -1446.09 -16.4427
30120 -1443.29 -17.7783
30150 -1443.56 -19.7824
30180 -1446 -19.3368
30210 -1446.09 -20.5611
30240 -1452.05 -19.2253
30270 -1440.85 -25.9044
30300 -1440.4 -25.9044
30330 -1441.93 -23.9009
30360 -1441.12 -23.4557
30390 -1442.11 -23.1214
30420 -1443.02 -22.6761
30450 -1443.92 -22.8988
30480 -1445.19 -22.4535
30510 -1449.43 -21.3406
30540 -1450.15 -20.5611
30570 -1449.16 -20.3389
30600 -1442.75 -23.3442
30630 -1450.6 -19.4483
30660 -1453.77 -17.3332
30690 -1453.13 -16.5541
30720 -1450.42 -18.6689
30750 -1442.3 -9.20708
30780 -1445.28 -2.64066
30810 -1443.38 -22.7875
30840 -1442.11 -23.7895
30870 -1449.16 -17.7783
30900 -1453.31 -14.6617
30930 -1449.25 -17.6671
30960 -1449.16 -18.335
30990 -1450.33 -17.1103
31020 -1449.61 -15.1074
31050 -1448.17 -12.1014
31080 -1442.75 -19.6707
31110 -1448.35 -17.6671
31140 -1448.53 -15.3294
31170 -1449.61 -18.1125
31200 -1451.06 -18.1125
31230 -1450.33 -16.9996
31260 -1450.24 -16.5541
31290 -1447.53 -14.3277
31320 -1451.51 -18.0009
31350 -1454.22 -17.2218
31380 -1449.16 -14.9958
31410 -1454.76 -29.3554
31440 -1459.27 -42.0453
31470 -1449.07 -15.8858
31500 -1445.64 -10.543
31530 -1447.17 -12.5467
31560 -1447.89 -10.9885
31590 -1449.34 -21.3406
31620 -1449.16 -15.2185
31650 -1449.52 -18.4465
31680 -1447.71 -14.4391
31710 -1448.71 -16.3313
31740 -1449.16 -16.1086
31770 -1431.73 -23.5668
31800 -1444.55 -20.0049
31830 -1446.81 -21.0063
31860 -1445.46 -21.8971
31890 -1444.55 -22.0086
31920 -1445.55 -21.6744
31950 -1444.91 -21.5629
31980 -1445.37 -21.452
32010 -1449.7 -17.8897
32040 -1450.42 -16.5541
32070 -1450.6 -16.8877
32100 -1448.71 -22.5653
32130 -1448.53 -21.6744
32160 -1449.43 -20.7841
32190 -1451.24 -19.5597
32220 -1452.68 -18.2236
32250 -1453.95 -14.105
32280 -1457.11 -13.7706
32310 -1449.7 -16.6653
32340 -1447.98 -18.2236
32370 -1449.52 -19.8935
32400 -1449.97 -18.7804
32430 -1450.33 -21.7858
32460 -1450.42 -22.1195
32490 -1450.42 -21.229
32520 -1450.15 -21.5629
32550 -1452.68 -19.7824
32580 -1452.23 -19.6707
32610 -1452.41 -19.3368
32640 -1451.33 -20.0049
32670 -1451.51 -19.4483
32700 -1451.96 -18.2236
32730 -1451.42 -18.8919
32760 -1452.14 -17.6671
32790 -1449.88 -23.1214
32820 -1449.79 -20.8953
32850 -1449.43 -19.0027
32880 -1454.04 -16.4427
32910 -1453.77 -8.7617
32940 -1452.86 -2.97521
32970 -1452.59 -4.97757
33000 -1451.78 -14.6617
33030 -1453.49 -16.9996
33060 -1450.88 -21.7858
33090 -1448.62 -24.3461
33120 -1449.7 -32.0269
33150 -1449.25 -27.0177
33180 -1447.26 -24.0121
33210 -1447.44 -22.0086
33240 -1448.17 -20.1156
33270 -1450.6 -23.5668
33300 -1449.52 -20.8953
33330 -1449.88 -20.3389
33360 -1450.06 -20.7841
33390 -1450.69 -27.463
33420 -1449.97 -21.0063
33450 -1449.52 -17.4444
33480 -1447.8 -18.1125
33510 -1453.31 -14.4391
33540 -1442.02 -21.6744
33570 -1451.51 -17.3332
33600 -1455.03 -18.7804
33630 -1453.13 -19.4483
33660 -1451.51 -19.6707
33690 -1450.24 -23.5668
33720 -1449.7 -28.9099
33750 -1446.81 -22.0086
33780 -1446.72 -15.6634
33810 -1450.69 -16.3313
33840 -1452.32 -20.7841
33870 -1455.75 -36.2568
33900 -1447.98 -27.1288
33930 -1452.05 -23.7895
33960 -1457.29 -30.4683
33990 -1458.28 -18.335
34020 -1455.12 -24.2349
34050 -1457.92 -27.3518
34080 -1452.68 -32.361
34110 -1451.51 -32.8062
34140 -1454.22 -20.8953
34170 -1453.86 -16.5541
34200 -1446.36 -24.9026
34230 -1450.88 -23.7895
34260 -1448.26 -29.1325
34290 -1448.35 -32.9173
34320 -1451.87 -31.4703
34350 -1455.39 -37.0359
34380 -1447.44 -46.9433
34410 -1448.35 -23.1214
34440 -1454.13 -18.8919
34470 -1453.22 -22.1195
34500 -1453.13 -21.6744
34530 -1453.04 -23.0102
34560 -1453.4 -22.8988
34590 -1454.49 -19.1143
34620 -1451.78 -23.678
34650 -1450.6 -26.1273
34680 -1450.69 -26.2383
34710 -1453.13 -24.6801
34740 -1452.86 -25.3478
34770 -1454.13 -25.6818
34800 -1454.04 -34.5871
34830 -1454.49 -36.8135
34860 -1453.13 -32.361
34890 -1448.98 -33.6966
34920 -1453.22 -27.7968
34950 -1452.95 -30.6912
34980 -1453.58 -28.0194
35010 -1446.72 -23.1214
35040 -1448.53 -26.3498
35070 -1447.89 -26.461
35100 -1449.16 -25.5706
35130 -1451.42 -22.2311
35160 -1452.86 -18.1125
35190 -1452.14 -18.2236
35220 -1452.95 -15.2185
35250 -1453.22 -14.5501
35280 -1453.4 -13.2143
35310 -1458.1 -7.31496
35340 -1450.51 -20.2276
35370 -1448.89 -23.1214
35400 -1448.08 -23.2331
35430 -1451.96 -21.0063
35460 -1453.04 -19.5597
35490 -1449.61 -23.4557
35520 -1448.8 -21.3406
35550 -1449.25 -21.5629
35580 -1452.14 -22.0086
35610 -1452.14 -21.3406
35640 -1451.87 -20.8953
35670 -1451.6 -19.4483
35700 -1450.51 -17.6671
35730 -1455.57 -22.0086
35760 -1447.8 -19.4483
35790 -1447.98 -19.3368
35820 -1447.08 -19.7824
35850 -1446.81 -20.2276
35880 -1446.81 -21.3406
35910 -1448.71 -22.8988
35940 -1451.42 -24.1234
35970 -1451.87 -24.2349
36000 -1450.69 -25.4589
36030 -1450.78 -23.7895
36060 -1453.58 -17.6671
36090 -1451.96 -16.5541
36120 -1454.67 -18.6689
36150 -1454.22 -19.1143
36180 -1454.58 -18.7804
36210 -1451.87 -16.9996
36240 -1450.33 -19.3368
36270 -1450.15 -19.0027
36300 -1446.45 -24.1234
36330 -1445.64 -24.0121
36360 -1441.66 -24.2349
36390 -1446.99 -23.2331
36420 -1447.35 -24.2349
36450 -1448.89 -24.7913
36480 -1450.42 -23.4557
36510 -1450.33 -23.4557
36540 -1450.15 -22.4535
36570 -1450.69 -20.3389
36600 -1439.13 -18.335
36630 -1447.44 -18.5578
36660 -1453.58 -18.4465
36690 -1453.49 -20.8953
36720 -1450.97 -20.6724
36750 -1450.24 -18.1125
36780 -1449.61 -18.6689
36810 -1448.17 -20.6724
36840 -1451.33 -14.5501
36870 -1450.97 -14.105
36900 -1446.09 -14.7731
36930 -1446.45 -13.9938
36960 -1447.08 -14.105
36990 -1446.36 -14.8842
37020 -1447.08 -16.5541
37050 -1447.89 -18.1125
37080 -1446.99 -19.7824
37110 -1449.07 -15.3294
37140 -1447.08 -17.5559
37170 -1441.48 -19.7824
37200 -1445.19 -15.4409
37230 -1447.98 -20.4501
37260 -1449.7 -20.2276
37290 -1449.7 -18.8919
37320 -1449.88 -18.2236
37350 -1450.15 -19.0027
37380 -1450.33 -19.6707
37410 -1450.88 -19.1143
37440 -1452.68 -15.5523
37470 -1452.5 -17.1103
37500 -1452.86 -18.4465
37530 -1453.04 -19.2253
37560 -1451.24 -17.6671
37590 -1448.26 -16.5541
37620 -1445.64 -16.5541
37650 -1443.74 -28.0194
37680 -1446.9 -29.6892
37710 -1444.64 -42.1567
37740 -1448.26 -25.9044
37770 -1450.06 -24.6801
37800 -1450.51 -24.7913
37830 -1451.51 -25.4589
37860 -1454.49 -17.2218
37890 -1458.01 -9.31921
37920 -1455.75 -8.5393
37950 -1454.49 -13.9938
37980 -1451.51 -28.242
38010 -1452.32 -22.6761
38040 -1452.14 -25.2366
38070 -1451.87 -24.1234
38100 -1451.42 -24.7913
38130 -1451.15 -25.5706
38160 -1448.8 -24.1234
38190 -1450.42 -18.8919
38220 -1451.15 -27.463
38250 -1449.43 -24.1234
38280 -1449.43 -22.4535
38310 -1449.25 -18.7804
38340 -1449.25 -16.4427
38370 -1443.11 -33.8079
38400 -1449.16 -14.5501
38430 -1450.06 -10.6546
38460 -1443.92 -30.3572
38490 -1443.92 -31.025
38520 -1445.28 -24.5684
38550 -1445.55 -23.3442
38580 -1446.99 -23.2331
38610 -1447.26 -22.7875
38640 -1447.53 -21.7858
38670 -1447.89 -20.5611
38700 -1448.35 -20.3389
38730 -1446.9 -22.5653
38760 -1448.35 -28.0194
38790 -1453.22 -24.9026
38820 -1460.09 -26.9061
38850 -1454.31 -21.452
38880 -1436.51 -23.2331
38910 -1443.65 -23.1214
38940 -1447.08 -19.0027
38970 -1447.26 -18.5578
39000 -1449.43 -14.9958
39030 -1449.88 -14.2163
39060 -1449.7 -13.7706
39090 -1450.6 -13.9938
39120 -1450.69 -16.2203
39150 -1449.88 -19.5597
39180 -1453.13 -18.1125
39210 -1448.8 -16.8877
39240 -1445.91 -26.0157
39270 -1447.62 -31.025
39300 -1448.53 -32.0269
39330 -1446.36 -32.6947
39360 -1446 -32.4721
39390 -1447.08 -31.1362
39420 -1447.35 -30.5797
39450 -1447.44 -28.7987
39480 -1449.97 -29.3554
39510 -1448.26 -25.6818
39540 -1448.89 -23.0102
39570 -1452.14 -23.4557
39600 -1449.43 -20.0049
39630 -1449.07 -14.7731
39660 -1447.98 -20.1156
39690 -1448.71 -15.9975
39720 -1447.17 -17.8897
39750 -1451.15 -18.8919
39780 -1453.13 -23.0102
39810 -1445.46 -3.97579
39840 -1442.48 -7.53755
39870 -1446 -8.87285
39900 -1448.62 -9.43002
39930 -1450.33 -12.1014
39960 -1447.71 -10.6546
39990 -1452.68 -9.09604
40020 -1454.58 -7.76073
40050 -1451.51 -12.2129
40080 -1454.58 -15.2185
40110 -1449.34 -19.1143
40140 -1451.96 -17.2218
40170 -1453.67 -15.7749
40200 -1451.87 -20.5611
40230 -1446.9 -21.8971
40260 -1449.52 -23.3442
40290 -1448.26 -19.6707
40320 -1445.46 -21.229
40350 -1445.19 -27.1288
40380 -1445.28 -31.025
40410 -1445.09 -20.7841
40440 -1443.65 -21.5629
40470 -1441.84 -29.6892
40500 -1450.88 -20.7841
40530 -1450.69 -20.2276
40560 -1450.06 -18.8919
40590 -1449.88 -21.7858
40620 -1450.33 -20.5611
40650 -1449.52 -23.7895
40680 -1448.53 -30.9137
40710 -1448.62 -27.7968
40740 -1445.73 -33.0287
40770 -1446.09 -34.1418
40800 -1448.89 -25.014
40830 -1451.87 -20.2276
40860 -1449.25 -22.7875
40890 -1450.6 -19.5597
40920 -1450.24 -20.1156
40950 -1455.21 -7.42648
40980 -1450.6 -22.5653
41010 -1451.33 -16.5541
41040 -1448.71 -15.4409
41070 -1449.79 -17.5559
41100 -1452.05 -22.0086
41130 -1452.68 -26.7949
41160 -1448.26 -21.3406
41190 -1449.07 -24.1234
41220 -1450.33 -18.7804
41250 -1450.88 -21.452
41280 -1455.03 -11.6562
41310 -1450.24 -18.8919
41340 -1448.8 -27.5741
41370 -1454.49 -17.2218
41400 -1447.8 -22.6761
41430 -1442.3 -28.3532
41460 -1449.34 -21.1176
41490 -1448.71 -18.2236
41520 -1450.78 -22.2311
41550 -1452.5 -17.5559
41580 -1450.88 -21.1176
41610 -1455.93 -12.5467
41640 -1463.97 -0.748343
41670 -1453.4 -13.1031
41700 -1448.44 -17.6671
41730 -1448.71 -16.5541
41760 -1445.46 -20.5611
41790 -1437.15 -25.5706
41820 -1446.45 -25.5706
41850 -1447.89 -18.5578
41880 -1439.86 -19.7824
41910 -1444.55 -16.2203
41940 -1445.82 -26.6835
41970 -1448.8 -29.8006
42000 -1471.56 -22.1195
42030 -1413.94 -21.8971
42060 -1430.92 -30.9137
42090 -1445.09 -22.2311
42120 -1450.88 -11.0993
42150 -1452.32 -6.86986
42180 -1452.23 -18.335
42210 -1442.66 -35.589
42240 -1447.62 -22.8988
42270 -1451.24 -12.769
42300 -1451.33 -15.2185
42330 -1449.25 -16.8877
42360 -1449.07 -17.3332
42390 -1453.95 -6.42485
42420 -1453.4 -17.8897
42450 -1451.96 -21.8971
42480 -1451.33 -18.7804
42510 -1450.06 -16.5541
42540 -1446.54 -20.0049
42570 -1450.06 -17.5559
42600 -1446.9 -11.434
42630 -1441.84 -28.576
42660 -1442.11 -31.4703
42690 -1444.28 -30.5797
42720 -1447.98 -28.7987
42750 -1464.96 -24.3461
42780 -1472.91 1.59599
42810 -1457.2 -19.0027
42840 -1450.97 -26.6835
42870 -1451.87 -18.1125
42900 -1451.51 -16.8877
42930 -1451.51 -17.3332
42960 -1451.51 -20.0049
42990 -1453.22 -13.5491
43020 -1454.22 -13.5491
43050 -1458.19 -11.8784
43080 -1466.5 -4.30939
43110 -1467.49 -3.19621
43140 -1453.4 -14.8842
43170 -1453.67 -15.2185
43200 -1457.74 -13.2143
43230 -1451.42 -9.76367
43260 -1445.46 -13.3262
43290 -1451.24 -17.4444
43320 -1450.78 -17.5559
43350 -1449.97 -16.7766
43380 -1450.15 -17.2218
43410 -1450.51 -16.3313
43440 -1451.87 -11.3221
43470 -1451.42 -7.53755
43500 -1453.04 -17.2218
43530 -1446.45 -18.5578
43560 -1450.24 -21.3406
43590 -1447.8 -19.1143
43620 -1448.35 -33.1399
43650 -1442.2 -61.7484
43680 -1441.93 -54.4015
43710 -1445.91 -18.8919
43740 -1448.44 -17.8897
43770 -1448.35 -14.7731
43800 -1447.71 -21.1176
43830 -1448.71 -21.0063
43860 -1448.98 -20.4501
43890 -1454.4 -13.3262
43920 -1453.4 -28.7987
43950 -1451.24 -24.3461
43980 -1450.24 -20.6724
44010 -1450.88 -23.2331
44040 -1448.98 -22.3422
44070 -1449.43 -14.7731
44100 -1448.08 -24.3461
44130 -1444.46 -31.5815
44160 -1439.5 -28.7987
44190 -1444.37 -27.3518
44220 -1465.42 -12.769
44250 -1466.23 -7.53755
44280 -1459.82 -16.1086
44310 -1458.64 -12.9923
44340 -1456.75 -14.6617
44370 -1453.22 -18.7804
44400 -1449.25 -12.769
44430 -1450.51 -10.543
44460 -1447.44 -49.1696
44490 -1441.84 -14.2163
44520 -1451.69 -15.5523
44550 -1451.69 -12.769
44580 -1453.31 -11.5453
44610 -1455.39 -5.53356
44640 -1451.51 -9.20708
44670 -1452.23 -11.8784
44700 -1452.41 -15.1074
44730 -1451.42 -13.9938
44760 -1451.33 -11.9901
44790 -1449.61 -15.5523
44820 -1448.17 -18.2236
44850 -1448.44 -17.4444
44880 -1449.34 -16.3313
44910 -1448.17 -17.7783
44940 -1449.25 -16.5541
44970 -1450.6 -14.5501
45000 -1458.82 -9.09604
45030 -1443.2 -21.3406
45060 -1466.14 -13.1031
45090 -1473.54 -7.98276
45120 -1488.54 -1.19463
45150 -1481.31 -7.42648
45180 -1455.21 -14.3277
45210 -1455.84 -13.1031
45240 -1455.93 -13.3262
45270 -1451.69 -19.4483
45300 -1455.21 -17.1103
45330 -1455.75 -18.335
45360 -1454.94 -19.5597
45390 -1456.75 -17.3332
45420 -1468.58 -11.3221
45450 -1450.42 -19.3368
45480 -1452.86 -18.0009
45510 -1453.86 -15.2185
45540 -1450.42 -19.7824
45570 -1459.09 -19.3368
45600 -1476.53 -28.4646
45630 -1473.54 -34.6986
45660 -1466.05 -24.1234
45690 -1462.98 -15.1074
45720 -1471.11 -10.0984
45750 -1457.74 -16.2203
45780 -1448.71 -23.3442
45810 -1455.84 -15.5523
45840 -1455.66 -14.8842
45870 -1449.43 -19.3368
45900 -1461.17 -13.9938
45930 -1455.66 -19.0027
45960 -1456.2 -23.1214
45990 -1456.38 -23.678
46020 -1451.69 -12.5467
46050 -1447.8 -5.20033
46080 -1441.39 -15.1074
46110 -1441.93 -20.0049
46140 -1443.92 -21.5629
46170 -1448.89 -12.5467
46200 -1467.67 -11.7669
46230 -1448.08 -21.3406
46260 -1443.47 -15.2185
46290 -1445 -15.1074
46320 -1458.46 -10.6546
46350 -1466.5 -10.0984
46380 -1447.89 -18.4465
46410 -1442.39 -20.5611
46440 -1448.62 -18.335
46470 -1461.71 -17.2218
46500 -1465.24 -23.7895
46530 -1474.81 -12.6581
46560 -1470.02 -14.2163
46590 -1463.7 -17.3332
46620 -1465.96 -17.2218
46650 -1462.89 -18.2236
46680 -1460.09 -17.7783
46710 -1460.18 -17.4444
46740 -1462.53 -16.7766
46770 -1461.53 -16.6653
46800 -1461.08 -15.5523
46830 -1461.8 -14.6617
46860 -1461.89 -14.5501
46890 -1459.18 -16.6653
46920 -1461.08 -18.2236
46950 -1458.64 -15.9975
46980 -1464.51 -8.65017
47010 -1509.58 16.2851
47040 -1530.72 27.0828
47070 -1512.38 16.1741
47100 -1457.38 -15.5523
47130 -1455.75 -16.8877
47160 -1454.85 -16.3313
47190 -1466.68 -12.2129
47220 -1459.36 -14.5501
47250 -1457.2 -14.4391
47280 -1452.59 -15.8858
47310 -1449.7 -17.3332
47340 -1444.64 -18.5578
47370 -1453.58 -13.8823
47400 -1471.65 -12.9923
47430 -1455.66 -9.31921
47460 -1462.07 -10.0984
47490 -1490.61 -16.7766
47520 -1473.45 -10.8765
47550 -1462.62 -8.31692
47580 -1465.6 -8.42804
47610 -1472.1 -9.54095
47640 -1469.21 -11.9901
47670 -1458.82 -11.434
47700 -1467.49 -15.3294
47730 -1485.74 -17.7783
47760 -1484.47 -9.43002
47790 -1446.9 -6.0907
47820 -1453.04 -10.6546
47850 -1448.62 -11.434
47880 -1447.62 -13.2143
47910 -1433.71 -14.9958
47940 -1444.28 -7.42648
47970 -1443.83 1.04111
48000 -1449.52 -5.97919
48030 -1450.88 -8.09345
48060 -1454.94 -12.6581
48090 -1458.37 -11.8784
48120 -1457.02 -10.543
48150 -1456.11 -10.8765
48180 -1454.22 -11.5453
48210 -1455.75 -9.20708
48240 -1456.11 -10.4319
48270 -1456.38 -10.543
48300 -1456.29 -10.9885
48330 -1460 -12.8806
48360 -1452.68 -11.9901
48390 -1436.06 -10.3204
48420 -1435.34 -12.2129
48450 -1451.15 -13.4373
48480 -1453.95 -14.9958
48510 -1449.25 -16.1086
48540 -1452.41 -15.6634
48570 -1453.13 -15.1074
48600 -1454.67 -14.3277
48630 -1448.35 -14.6617
48660 -1449.07 -12.4353
48690 -1449.97 -12.1014
48720 -1451.87 -13.1031
48750 -1471.2 -17.7783
48780 -1447.26 -15.9975
48810 -1449.07 -15.5523
48840 -1449.7 -9.09604
48870 -1446 -10.0984
48900 -1447.71 -14.105
48930 -1440.22 -17.7783
48960 -1451.78 -14.6617
48990 -1446.27 -9.76367
49020 -1449.97 -24.5684
49050 -1452.32 -18.1125
49080 -1451.69 -16.9996
49110 -1449.61 -24.2349
49140 -1455.3 -16.7766
49170 -1449.52 -34.3644
49200 -1450.51 -37.37
49230 -1457.56 -30.2457
49260 -1459.09 -18.4465
49290 -1457.29 -13.7706
49320 -1456.38 -13.9938
49350 -1456.57 -14.4391
49380 -1455.39 -10.7659
49410 -1455.21 -12.1014
49440 -1450.6 -10.543
49470 -1453.49 -12.8806
49500 -1450.51 -16.7766
49530 -1452.59 -10.543
49560 -1453.04 -11.2106
49590 -1449.61 -11.7669
49620 -1450.97 -12.2129
49650 -1451.33 -12.4353
49680 -1450.69 -13.8823
49710 -1450.69 -14.7731
49740 -1449.79 -16.7766
49770 -1450.06 -15.8858
49800 -1450.33 -14.3277
49830 -1454.04 -8.98514
49860 -1454.22 -10.543
49890 -1453.67 -12.6581
49920 -1452.32 -9.9864
49950 -1453.31 -9.43002
49980 -1453.04 -8.42804
50010 -1440.31 -29.9117
50040 -1449.61 -8.98514
50070 -1447.71 -10.3204
50100 -1418.81 -12.9923
50130 -1418.72 -9.20708
50160 -1432.63 -4.86748
50190 -1441.39 -10.8765
50220 -1453.04 -6.86986
50250 -1450.42 -11.5453
50280 -1447.44 -16.7766
50310 -1445.28 -19.7824
50340 -1450.15 -14.9958
50370 -1448.62 -18.1125
50400 -1448.71 -18.1125
50430 -1449.16 -18.1125
50460 -1449.52 -18.7804
50490 -1449.07 -19.6707
50520 -1448.62 -19.2253
50550 -1449.61 -17.2218
50580 -1449.97 -19.4483
50610 -1448.44 -20.6724
50640 -1454.85 -20.1156
50670 -1448.98 -21.452
50700 -1448.98 -22.5653
50730 -1449.88 -21.8971
50760 -1449.52 -20.0049
50790 -1451.15 -19.2253
50820 -1451.06 -21.1176
50850 -1454.04 -19.1143
50880 -1454.22 -21.229
50910 -1455.12 -28.1308
50940 -1448.62 -18.4465
50970 -1449.61 -16.5541
51000 -1449.97 -13.8823
51030 -1450.88 -5.31203
51060 -1449.61 -5.53356
51090 -1449.61 -6.53635
51120 -1450.15 -7.20423
51150 -1451.15 -6.86986
51180 -1451.42 -8.5393
51210 -1451.24 -19.3368
51240 -1451.15 -22.5653
51270 -1451.33 -25.014
51300 -1449.52 -23.678
51330 -1449.07 -23.4557
51360 -1449.43 -22.1195
51390 -1454.94 -17.6671
51420 -1447.62 -21.8971
51450 -1450.24 -25.9044
51480 -1450.88 -21.5629
51510 -1451.42 -18.8919
51540 -1451.06 -17.4444
51570 -1450.69 -16.7766
51600 -1450.15 -16.2203
51630 -1447.44 -19.6707
51660 -1447.08 -14.7731
51690 -1446.18 -12.2129
51720 -1448.26 -12.5467
51750 -1448.17 -13.3262
51780 -1447.62 -14.3277
51810 -1447.71 -15.2185
51840 -1447.17 -14.105
51870 -1449.7 -14.8842
51900 -1455.93 -16.1086
51930 -1453.04 -13.7706
51960 -1446.72 -23.4557
51990 -1446.99 -24.2349
52020 -1447.89 -21.229
52050 -1448.26 -16.7766
52080 -1447.17 -17.5559
52110 -1451.51 -19.8935
52140 -1452.77 -20.0049
52170 -1451.33 -19.6707
52200 -1448.8 -18.4465
52230 -1450.88 -15.8858
52260 -1449.97 -13.8823
52290 -1442.02 -19.0027
52320 -1441.48 -20.0049
52350 -1444.01 -20.1156
52380 -1453.86 -13.7706
52410 -1458.82 -10.543
52440 -1466.59 -6.86986
52470 -1451.33 -15.6634
52500 -1451.96 -15.1074
52530 -1450.78 -16.2203
52560 -1450.51 -17.5559
52590 -1450.88 -20.0049
52620 -1450.15 -20.2276
52650 -1448.26 -15.4409
52680 -1447.17 -16.2203
52710 -1453.31 -12.2129
52740 -1452.59 -15.5523
52770 -1451.78 -15.5523
52800 -1453.4 -16.3313
52830 -1452.59 -17.4444
52860 -1452.05 -18.5578
52890 -1451.33 -20.1156
52920 -1449.97 -19.4483
52950 -1450.33 -18.335
52980 -1446.54 -18.7804
53010 -1446.18 -18.4465
53040 -1450.69 -16.9996
53070 -1452.41 -15.8858
53100 -1453.13 -14.8842
53130 -1452.14 -17.7783
53160 -1454.58 -22.2311
53190 -1454.94 -21.452
53220 -1453.95 -18.2236
53250 -1453.22 -18.0009
53280 -1452.86 -16.7766
53310 -1454.04 -15.7749
53340 -1455.21 -14.8842
53370 -1455.39 -15.7749
53400 -1456.57 -19.1143
53430 -1456.93 -20.3389
53460 -1458.28 -22.1195
53490 -1454.94 -23.5668
53520 -1451.15 -23.9009
53550 -1450.42 -23.678
53580 -1450.88 -21.5629
53610 -1449.34 -16.7766
53640 -1448.26 -17.1103
53670 -1452.68 -17.5559
53700 -1452.5 -18.335
53730 -1450.51 -19.5597
53760 -1449.43 -18.0009
53790 -1449.25 -18.1125
53820 -1449.88 -19.3368
53850 -1452.32 -21.452
53880 -1451.06 -16.7766
53910 -1449.52 -16.6653
53940 -1450.69 -18.335
53970 -1445 -18.7804
54000 -1443.38 -14.5501
54030 -1440.49 -20.1156
54060 -1448.89 -12.4353
54090 -1450.24 -13.6599
54120 -1450.51 -13.6599
54150 -1448.53 -13.5491
54180 -1447.98 -11.2106
54210 -1448.71 -15.6634
54240 -1448.8 -16.2203
54270 -1448.98 -13.1031
54300 -1449.52 -13.8823
54330 -1450.42 -14.4391
54360 -1451.24 -14.5501
54390 -1447.8 -18.0009
54420 -1447.89 -19.2253
54450 -1448.35 -20.2276
54480 -1449.61 -19.2253
54510 -1448.71 -20.3389
54540 -1450.33 -25.1254
54570 -1448.89 -23.4557
54600 -1447.89 -22.3422
54630 -1446.99 -23.1214
54660 -1447.8 -19.7824
54690 -1447.26 -19.0027
54720 -1446.63 -20.2276
54750 -1447.71 -19.6707
54780 -1448.53 -19.6707
54810 -1448.89 -15.3294
54840 -1448.44 -15.8858
54870 -1449.7 -18.4465
54900 -1448.71 -18.0009
54930 -1447.53 -18.0009
54960 -1448.71 -17.2218
54990 -1448.71 -16.6653
55020 -1448.71 -16.3313
55050 -1449.97 -13.1031
55080 -1451.87 -12.5467
55110 -1450.6 -15.8858
55140 -1455.03 -15.6634
55170 -1455.57 -16.6653
55200 -1451.87 -17.8897
55230 -1452.32 -18.335
55260 -1451.96 -18.1125
55290 -1450.88 -18.2236
55320 -1452.41 -21.1176
55350 -1457.65 -21.229
55380 -1457.56 -12.9923
55410 -1451.51 -27.1288
55440 -1451.06 -23.5668
55470 -1455.57 -19.5597
55500 -1456.02 -19.2253
55530 -1453.86 -19.0027
55560 -1449.25 -20.4501
55590 -1451.06 -19.2253
55620 -1450.06 -16.5541
55650 -1450.42 -20.0049
55680 -1454.49 -19.8935
55710 -1453.67 -18.1125
55740 -1454.04 -18.1125
55770 -1449.61 -19.2253
55800 -1446.9 -20.2276
55830 -1447.98 -19.1143
55860 -1447.89 -19.1143
55890 -1446.81 -19.3368
55920 -1451.96 -20.0049
55950 -1449.07 -19.6707
55980 -1450.24 -18.8919
56010 -1453.67 -18.1125
56040 -1452.68 -16.4427
56070 -1456.47 -12.4353
56100 -1454.13 -14.105
56130 -1456.02 -15.8858
56160 -1451.96 -22.4535
56190 -1451.51 -21.452
56220 -1449.25 -21.452
56250 -1448.26 -22.1195
56280 -1450.51 -22.2311
56310 -1449.7 -22.2311
56340 -1447.8 -22.0086
56370 -1449.7 -22.1195
56400 -1444.91 -25.9044
56430 -1445.28 -24.2349
56460 -1451.6 -20.1156
56490 -1460.72 -18.6689
56520 -1453.58 -19.8935
56550 -1445.09 -23.1214
56580 -1446.9 -22.2311
56610 -1448.71 -21.0063
56640 -1445.28 -22.7875
56670 -1450.24 -16.8877
56700 -1449.97 -18.8919
56730 -1451.51 -20.3389
56760 -1451.42 -24.2349
56790 -1452.86 -20.8953
56820 -1446.9 -20.8953
56850 -1447.8 -21.452
56880 -1442.02 -20.6724
56910 -1455.75 -19.4483
56940 -1467.76 -16.6653
56970 -1466.32 -20.5611
57000 -1462.35 -18.4465
57030 -1446.18 -20.5611
57060 -1443.92 -21.3406
57090 -1442.66 -23.3442
57120 -1443.47 -22.3422
57150 -1455.57 -25.7934
57180 -1436.42 -26.0157
57210 -1430.82 -33.3626
57240 -1441.75 -31.5815
57270 -1451.06 -11.8784
57300 -1445.82 -27.3518
57330 -1460.45 -17.5559
57360 -1449.16 -24.1234
57390 -1448.44 -15.2185
57420 -1447.8 -17.6671
57450 -1441.93 -17.8897
57480 -1445.55 -16.6653
57510 -1433.44 -19.7824
57540 -1445.64 -24.2349
57570 -1451.69 -18.2236
57600 -1446.27 -20.1156
57630 -1444.91 -17.8897
57660 -1447.98 -23.1214
57690 -1448.35 -23.9009
57720 -1447.26 -14.4391
57750 -1447.8 -8.98514
57780 -1449.79 -4.75578
57810 -1450.15 -13.7706
57840 -1453.31 -15.6634
57870 -1451.6 -18.0009
57900 -1445.64 -18.335
57930 -1447.71 -18.6689
57960 -1448.62 -18.4465
57990 -1451.51 -16.6653
58020 -1452.86 -19.3368
58050 -1454.58 -20.3389
58080 -1448.8 -22.5653
58110 -1459.18 -21.229
58140 -1449.97 -12.9923
58170 -1440.31 -18.8919
58200 -1445.19 -22.5653
58230 -1448.08 -20.5611
58260 -1435.79 -28.0194
58290 -1443.74 -22.1195
58320 -1456.02 -23.7895
58350 -1460.9 -30.8024
58380 -1451.69 -19.0027
58410 -1452.14 -22.6761
58440 -1450.42 -19.4483
58470 -1448.62 -21.3406
58500 -1452.41 -22.8988
58530 -1453.58 -19.8935
58560 -1446 -22.1195
58590 -1446.27 -20.6724
58620 -1456.93 -35.4777
58650 -1453.86 -29.8006
58680 -1453.58 -26.461
58710 -1454.49 -22.5653
58740 -1445.64 -19.0027
58770 -1443.11 -19.3368
58800 -1447.62 -19.4483
58830 -1454.31 -22.8988
58860 -1449.16 -20.6724
58890 -1451.42 -18.335
58920 -1451.33 -23.4557
58950 -1451.33 -21.0063
58980 -1451.51 -25.1254
59010 -1453.04 -25.6818
59040 -1452.05 -25.2366
59070 -1452.32 -24.0121
59100 -1451.87 -24.3461
59130 -1451.24 -26.0157
59160 -1452.95 -24.3461
59190 -1452.68 -25.1254
59220 -1457.29 -19.5597
59250 -1451.15 -23.678
59280 -1450.69 -24.0121
59310 -1450.6 -23.5668
59340 -1449.79 -23.2331
59370 -1450.78 -23.1214
59400 -1452.86 -21.3406
59430 -1452.95 -19.6707
59460 -1453.04 -19.2253
59490 -1452.68 -18.8919
59520 -1452.41 -19.6707
59550 -1451.06 -21.3406
59580 -1450.69 -21.229
59610 -1452.05 -21.0063
59640 -1451.78 -21.8971
59670 -1451.51 -22.2311
59700 -1451.51 -20.6724
59730 -1453.86 -24.6801
59760 -1456.11 -20.6724
59790 -1453.49 -16.5541
59820 -1453.58 -20.6724
59850 -1452.32 -20.0049
59880 -1457.02 -18.5578
59910 -1446.72 -20.8953
59940 -1446.99 -23.5668
59970 -1450.6 -18.5578
60000 -1451.15 -22.7875
60030 -1449.16 -23.5668
60060 -1443.11 -25.014
60090 -1451.51 -27.463
60120 -1448.44 -14.105
60150 -1448.89 -20.5611
60180 -1441.66 -22.5653
60210 -1443.11 -10.6546
60240 -1462.53 -45.3848
60270 -1486.73 -76.4423
60300 -1488.9 -108.724
60330 -1475.44 -156.368
60360 -1445.91 -182.861
60390 -1423.15 -199.782
60420 -1421.97 -256.999
60450 -1451.24 -284.828
60480 -1483.3 -308.65
60510 -1512.2 -310.653
60540 -1536.5 -343.492
60570 -1556.18 -338.149
60600 -1564.22 -344.605
60630 -1562.15 -339.93
60660 -1561.6 -341.488
60690 -1368.33 -223.715
60720 -905.001 82.0734
60750 -746.495 258.622
60780 -724.007 283.223
60810 -700.253 309.383
60840 -655.818 327.194
60870 -610.84 311.387
60900 -576.249 276.99
60930 -538.587 250.607
60960 -500.292 226.118
60990 -460.372 201.851
61020 -422.078 188.047
61050 -383.964 171.572
61080 -343.593 147.973
61110 -297.441 119.142
61140 -255.805 93.539
61170 -214.169 68.0474
61200 -176.055 40.7749
61230 -135.594 12.5005
61260 -110.034 13.7249
61290 -105.518 40.7749
61320 24.7187 254.726
61350 -112.653 306.155
61380 -284.074 177.138
61410 -451.702 220.997
61440 -637.935 339.661
61470 -660.424 347.787
61500 -725.09 392.871
61530 -695.105 365.709
61560 -683.816 341.887
61590 -685.261 337.546
61620 -685.261 336.433
61650 -685.08 336.322
61680 -684.177 335.654
61710 -684.448 336.099
61740 -684.267 335.876
61770 -684.177 336.21
61800 -684.087 337.991
61830 -684.448 337.546
61860 -684.538 337.88
61890 -684.809 337.769
61920 -686.164 336.433
61950 -685.803 336.99
61980 -685.261 336.878
62010 -686.435 335.988
62040 -686.254 336.322
62070 -685.532 336.544
62100 -687.248 336.656
62130 -685.441 339.772
62160 -684.99 339.216
62190 -685.08 338.771
62220 -683.996 336.656
62250 -893.983 98.103
62280 -1265.73 -148.798
62310 -1282.16 -156.368
62340 -1308.9 -125.867
62370 -1345.66 -99.7075
62400 -1365.8 -87.7966
62430 -1388.92 -59.5221
62460 -1418.72 -24.5684
62490 -1440.13 -18.2236
62520 -1445 -23.4557
62550 -1445.82 -23.9009
62580 -1448.62 -27.908
62610 -1449.61 -27.5741
62640 -1450.6 -26.6835
62670 -1450.33 -28.3532
62700 -1451.87 -30.9137
62730 -1449.7 -28.3532
62760 -1441.75 -22.5653
62790 -1444.73 -25.014
62820 -1446.09 -24.4571
62850 -1446.81 -25.1254
62880 -1447.26 -27.7968
62910 -1443.83 -29.3554
62940 -1449.88 -27.5741
62970 -1444.91 -25.3478
63000 -1445.64 -23.1214
63030 -1444.82 -23.3442
63060 -1445 -23.1214
63090 -1444.73 -24.6801
63120 -1445.73 -22.6761
63150 -1445.55 -22.7875
63180 -1445.19 -23.678
63210 -1446 -23.3442
63240 -1443.74 -25.4589
63270 -1447.98 -24.6801
63300 -1449.25 -28.0194
63330 -1445.82 -30.8024
63360 -1448.71 -32.2494
63390 -1450.33 -33.1399
63420 -1451.15 -33.9192
63450 -1448.35 -31.6928
63480 -1453.22 -34.4758
63510 -1447.44 -28.3532
63540 -1435.43 -30.5797
63570 -1426.58 -37.37
63600 -1439.68 -32.6947
63630 -1437.33 -35.3662
63660 -1446.27 -32.1381
63690 -1454.94 -38.9284
63720 -1444.73 -38.4832
63750 -1446.81 -29.3554
63780 -1443.11 -24.5684
63810 -1445.28 -26.3498
63840 -1444.37 -30.6912
63870 -1433.62 -20.0049
63900 -1435.7 -21.5629
63930 -1454.31 -35.923
63960 -1486.64 -74.216
63990 -1485.83 -118.965
64020 -1475.26 -162.824
64050 -1442.3 -195.885
64080 -1412.04 -229.503
64110 -1449.79 -256.331
64140 -1487 -280.598
64170 -1516.35 -308.761
64200 -1525.93 -329.8
64230 -1547.06 -346.497
64260 -1556.64 -349.948
64290 -1558.71 -350.282
64320 -1556.64 -349.503
64350 -1557 -349.837
64380 -1556.91 -349.392
64410 -1556.18 -347.945
64440 -1557.36 -348.279
64470 -1557.63 -349.169
64500 -1558.08 -350.171
64530 -1559.8 -350.06
64560 -1383.59 -243.084
64590 -944.199 55.8027
64620 -735.748 246.266
64650 -682.822 314.949
64680 -452.153 490.941
64710 -383.784 593.798
64740 -402.841 563.186
64770 -404.015 522.555
64800 -383.422 490.384
64830 -382.339 486.934
64860 -384.235 485.932
64890 -384.416 486.266
64920 -384.868 485.375
64950 -385.048 484.039
64980 -383.242 485.487
65010 -383.061 486.266
65040 -343.503 493.056
65070 56.5101 475.913
65100 181.508 295.468
65130 39.7111 267.639
65160 -41.2128 143.186
65190 -50.425 109.569
65220 -75.0814 73.7246
65250 -96.8477 39.2165
65280 -99.2863 3.59647
65310 -96.8477 -1.41606
64920 -384.868 485.375
