0 -146.973 6.71225
30 -184.816 32.5374
60 -220.22 56.5819
90 -258.876 72.8341
120 -298.344 89.0864
150 -339.529 105.784
180 -380.623 121.257
210 -422.62 144.3
240 -465.701 160.886
270 -503.995 189.94
300 -543.012 212.314
330 -583.655 239.81
360 -622.581 273.316
390 -650.579 293.353
420 -687.609 283.78
450 -721.207 266.637
480 -766.997 245.598
510 -799.782 209.977
540 -832.477 170.459
570 -861.378 113.02
600 -896.602 75.5057
630 -944.018 59.3647
660 -982.041 51.6839
690 -1024.67 23.2983
720 -1042.91 86.1921
750 -1044 61.5911
780 -1049.51 108.901
810 -1021.15 147.639
840 -1024.4 176.248
870 -1013.29 178.14
900 -1020.61 184.819
930 -1019.07 189.717
960 -1018.8 186.934
990 -1020.25 191.943
1020 -1018.8 189.049
1050 -1015.91 178.919
1080 -1016.18 177.249
1110 -1016.09 178.919
1140 -1015.1 180.812
1170 -1016.18 185.264
1200 -1015.37 182.259
1230 -1017.54 187.268
1260 -1018.08 191.609
1290 -1018.8 186.934
1320 -1019.61 185.598
1350 -1019.43 184.93
1380 -1022.23 183.372
1410 -1021.96 183.483
1440 -1016.54 181.146
1470 -1016.54 181.034
1500 -1017.45 180.923
1530 -1018.26 181.034
1560 -1019.34 182.036
1590 -1020.25 182.259
1620 -1019.52 182.37
1650 -1019.16 184.151
1680 -1019.61 185.153
1710 -1020.25 184.708
1740 -1020.34 184.374
1770 -1020.61 184.374
1800 -1019.52 183.817
1830 -1019.07 184.04
1860 -1020.34 182.481
1890 -1020.79 181.48
1920 -1021.24 179.921
1950 -1021.78 179.81
1980 -1021.87 180.812
2010 -1021.24 182.036
2040 -1020.61 182.147
2070 -1019.97 182.481
2100 -1023.32 183.595
2130 -1018.17 181.368
2160 -1017.08 182.815
2190 -1016.54 183.706
2220 -1017.9 183.372
2250 -1018.89 183.261
2280 -1019.61 183.038
2310 -1019.79 182.704
2340 -1018.35 181.368
2370 -1018.35 181.813
2400 -1017.26 183.483
2430 -1013.65 185.153
2460 -1015.19 184.708
2490 -1012.21 186.377
2520 -1015.01 183.929
2550 -1017.36 181.925
2580 -1018.08 181.591
2610 -1018.8 182.704
2640 -1018.35 182.704
2670 -1021.6 181.034
2700 -1021.87 181.257
2730 -1020.7 180.255
2760 -1017.72 180.032
2790 -1016.45 179.699
2820 -1020.43 177.361
2850 -1022.68 178.363
2880 -1021.33 179.921
2910 -1018.62 181.034
2940 -1016.09 180.144
2970 -1015.82 179.81
3000 -1014.92 179.476
3030 -1016.09 179.81
3060 -1017.17 180.144
3090 -1017.99 180.812
3120 -1018.44 181.034
3150 -1019.97 181.257
3180 -1022.41 181.48
3210 -1022.41 182.37
3240 -1018.17 182.37
3270 -1015.91 184.151
3300 -1017.45 186.155
3330 -1019.97 186.6
3360 -1020.52 186.266
3390 -1018.89 182.815
3420 -1009.86 181.257
3450 -1016.27 180.144
3480 -1022.23 181.034
3510 -1022.5 181.925
3540 -1022.32 182.37
3570 -1021.6 182.927
3600 -1021.69 183.372
3630 -1020.79 184.374
3660 -1011.12 183.483
3690 -1013.2 184.708
3720 -1015.55 184.708
3750 -1015.73 184.819
3780 -1015.91 185.153
3810 -1015.55 185.71
3840 -1015.91 185.376
3870 -1016.45 184.93
3900 -1015.73 184.708
3930 -1015.1 183.929
3960 -1015.01 183.483
3990 -1015.46 183.038
4020 -1015.46 183.149
4050 -1016.09 183.929
4080 -1015.55 183.817
4110 -1016.27 184.262
4140 -1017.54 184.708
4170 -1018.53 186.044
4200 -1017.99 185.932
4230 -1018.08 188.047
4260 -1017.26 188.493
4290 -1016.54 188.493
4320 -1016.09 189.828
4350 -1016.18 188.604
4380 -1017.63 187.713
4410 -1017.81 186.823
4440 -1016.54 184.485
4470 -1015.19 184.708
4500 -1017.08 185.376
4530 -1017.54 184.93
4560 -1016.63 184.262
4590 -1016.09 183.595
4620 -1016 183.483
4650 -1016.27 183.817
4680 -1016.45 184.04
4710 -1016.27 184.151
4740 -1016.27 184.151
4770 -1017.26 184.596
4800 -1017.9 184.93
4830 -1018.71 185.153
4860 -1018.8 184.93
4890 -1018.53 184.485
4920 -1018.89 185.042
4950 -1018.98 185.821
4980 -1017.81 186.155
5010 -1017.99 187.045
5040 -1018.17 187.491
5070 -1018.35 189.383
5100 -1019.7 192.389
5130 -1020.61 193.836
5160 -1020.61 192.166
5190 -1019.97 190.162
5220 -1020.15 190.496
5250 -1020.25 190.385
5280 -1019.52 189.606
5310 -1019.34 190.162
5340 -1019.34 189.94
5370 -1018.98 188.715
5400 -1018.8 187.602
5430 -1018.8 187.157
5460 -1018.89 187.157
5490 -1018.89 187.268
5520 -1019.07 187.713
5550 -1019.79 188.27
5580 -1020.34 188.938
5610 -1020.97 189.494
5640 -1020.7 189.606
5670 -1020.61 189.828
5700 -1020.7 189.272
5730 -1020.06 188.604
5760 -1019.43 187.713
5790 -1020.43 187.936
5820 -1019.16 187.491
5850 -1016.9 192.166
5880 -1016.63 190.941
5910 -1016.54 184.93
5940 -1016.54 184.374
5970 -1017.45 185.153
6000 -1018.53 185.487
6030 -1019.43 185.376
6060 -1020.61 187.268
6090 -1020.52 188.047
6120 -1019.34 187.379
6150 -1018.35 186.044
6180 -1018.08 185.042
6210 -1017.9 186.155
6240 -1020.15 188.493
6270 -1018.89 187.491
6300 -1017.9 187.157
6330 -1017.63 187.379
6360 -1016.72 186.266
6390 -1016.72 186.711
6420 -1017.17 186.6
6450 -1017.17 185.71
6480 -1018.62 187.602
6510 -1017.72 188.938
6540 -1018.98 189.717
6570 -1019.52 189.606
6600 -1016.81 183.817
6630 -1016.72 188.047
6660 -1018.89 190.385
6690 -1019.16 192.055
6720 -1018.71 191.053
6750 -1018.53 190.162
6780 -1018.53 189.494
6810 -1017.99 186.489
6840 -1013.92 170.237
6870 -1010.58 162.89
6900 -1011.03 165.672
6930 -1017.81 181.48
6960 -1019.25 184.708
6990 -1018.26 182.815
7020 -1014.92 177.583
7050 -1013.83 176.693
7080 -1013.83 176.693
7110 -1014.74 178.363
7140 -1015.91 179.81
7170 -1015.1 179.921
7200 -1015.37 181.813
7230 -1015.28 185.264
7260 -1016.18 186.377
7290 -1016.72 187.379
7320 -1018.08 188.826
7350 -1018.44 188.047
7380 -1016.72 185.487
7410 -1016.63 186.155
7440 -1016.81 185.153
7470 -1017.63 183.817
7500 -1017.63 185.042
7530 -1017.54 185.153
7560 -1016.63 182.815
7590 -1016.63 182.593
7620 -1017.63 184.596
7650 -1017.9 184.151
7680 -1017.63 183.149
7710 -1017.63 183.149
7740 -1017.63 182.593
7770 -1016.72 182.593
7800 -1015.28 182.259
7830 -1011.39 174.244
7860 -1010.4 171.238
7890 -1008.87 168.122
7920 -1013.2 178.919
7950 -1013.92 179.81
7980 -1015.01 180.923
8010 -1015.19 179.81
8040 -1014.83 178.363
8070 -1015.46 180.478
8100 -1016.45 182.036
8130 -1016.27 179.921
8160 -1016.18 180.255
8190 -1015.91 180.7
8220 -1015.82 181.702
8250 -1015.55 181.257
8280 -1016.45 182.593
8310 -1019.97 189.272
8340 -1021.15 192.611
8370 -1021.6 193.613
8400 -1020.34 191.387
8430 -1018.71 188.715
8460 -1018.35 188.047
8490 -1018.17 187.268
8520 -1015.82 181.368
8550 -1010.94 179.81
8580 -1012.12 180.923
8610 -1008.78 179.365
8640 -1008.05 179.253
8670 -1006.43 178.14
8700 -1005.98 178.363
8730 -1004.8 178.585
8760 -1005.61 179.81
8790 -1007.24 180.255
8820 -1009.59 180.812
8850 -1016.36 182.036
8880 -1017.54 183.372
8910 -1016.54 184.262
8940 -1014.74 183.817
8970 -1012.66 183.595
9000 -1003.09 176.248
9030 -999.834 175.914
9060 -1014.1 179.365
9090 -1015.28 181.146
9120 -1016.63 180.255
9150 -1015.73 178.029
9180 -1016.72 178.029
9210 -1016.54 180.589
9240 -1011.57 180.812
9270 -1023.41 185.376
9300 -1021.6 186.711
9330 -1013.38 185.71
9360 -1009.41 185.153
9390 -1007.6 184.596
9420 -1004.89 184.262
9450 -1005.98 184.374
9480 -1006.88 184.262
9510 -1014.56 186.155
9540 -1013.11 186.711
9570 -1015.46 187.379
9600 -1017.36 186.6
9630 -1016.99 186.044
9660 -1018.08 187.045
9690 -1016.09 187.157
9720 -1008.5 188.047
9750 -1006.07 187.825
9780 -1007.06 186.377
9810 -1009.86 185.821
9840 -1012.57 186.6
9870 -1014.92 187.379
9900 -1016.63 187.268
9930 -1017.17 186.377
9960 -1017.08 186.044
9990 -1015.28 187.268
10020 -1015.46 188.493
10050 -1015.46 189.16
10080 -1016.27 189.606
10110 -1017.99 187.491
10140 -1017.9 187.936
10170 -1017.26 188.938
10200 -1016.18 187.602
10230 -1016.9 187.936
10260 -1019.52 187.157
10290 -1017.26 185.042
10320 -1016.72 185.71
10350 -1016.99 185.71
10380 -1016.54 186.934
10410 -1017.63 186.266
10440 -1018.71 185.821
10470 -1019.43 184.485
10500 -1019.97 183.483
10530 -1020.06 181.925
10560 -1020.06 182.927
10590 -1019.34 184.151
10620 -1019.16 183.817
10650 -1020.61 184.708
10680 -1021.51 188.27
10710 -1020.7 187.713
10740 -1019.7 189.049
10770 -1018.8 184.04
10800 -1018.62 187.825
10830 -1017.17 187.268
10860 -1016.27 187.602
10890 -1018.26 190.719
10920 -1017.54 191.387
10950 -1016.9 190.496
10980 -1017.08 188.826
11010 -1016.18 187.936
11040 -1015.82 186.934
11070 -1015.37 186.377
11100 -1014.19 185.821
11130 -1014.1 185.598
11160 -1013.83 185.153
11190 -1014.1 185.264
11220 -1015.82 186.6
11250 -1016.81 187.491
11280 -1016.81 187.157
11310 -1016.99 186.6
11340 -1016.99 186.6
11370 -1016.99 186.155
11400 -1016.09 185.598
11430 -1016.09 186.266
11460 -1015.19 185.821
11490 -1015.46 186.044
11520 -1015.82 186.266
11550 -1016.99 185.932
11580 -1016.63 185.264
11610 -1015.28 183.483
11640 -1015.37 183.149
11670 -1014.83 183.372
11700 -1016.99 184.93
11730 -1019.16 187.602
11760 -1017.9 187.379
11790 -1017.45 187.825
11820 -1017.45 187.602
11850 -1016.27 187.825
11880 -1018.17 185.821
11910 -1019.07 185.042
11940 -1018.8 184.374
11970 -1018.98 184.374
12000 -1019.34 184.262
12030 -1019.16 184.374
12060 -1018.89 184.151
12090 -1018.44 184.374
12120 -1018.44 184.819
12150 -1014.28 187.713
12180 -1014.37 187.602
12210 -1013.74 186.934
12240 -1014.65 187.157
12270 -1016.36 186.489
12300 -1016.9 186.266
12330 -1016.81 185.932
12360 -1016.54 186.6
12390 -1016.45 185.932
12420 -1016.99 185.153
12450 -1016.63 184.151
12480 -1016.99 183.706
12510 -1016.99 183.595
12540 -1017.17 183.149
12570 -1015.37 181.813
12600 -1016.99 181.146
12630 -1018.8 181.257
12660 -1019.34 182.481
12690 -1018.08 182.036
12720 -1016.99 180.589
12750 -1016.18 180.255
12780 -1016.36 180.812
12810 -1017.45 182.259
12840 -1013.11 180.7
12870 -1010.67 182.147
12900 -1012.93 184.596
12930 -1011.57 184.708
12960 -1012.57 185.598
12990 -1015.19 185.71
13020 -1016.27 185.598
13050 -1016.45 185.71
13080 -1017.99 185.932
13110 -1018.53 185.264
13140 -1018.35 185.264
13170 -1018.44 185.153
13200 -1018.35 185.598
13230 -1018.44 185.821
13260 -1018.53 185.598
13290 -1019.43 185.71
13320 -1019.34 186.044
13350 -1019.16 185.932
13380 -1018.53 185.487
13410 -1018.17 186.044
13440 -1017.81 187.045
13470 -1017.9 187.491
13500 -1017.45 186.823
13530 -1017.72 186.377
13560 -1017.63 185.598
13590 -1018.71 186.377
13620 -1019.07 186.155
13650 -1019.25 186.489
13680 -1019.16 186.155
13710 -1016.45 186.489
13740 -1016.36 186.489
13770 -1016.63 186.934
13800 -1016.72 186.377
13830 -1017.54 186.377
13860 -1018.17 186.044
13890 -1018.35 186.044
13920 -1018.08 185.487
13950 -1018.17 185.042
13980 -1018.98 184.596
14010 -1020.15 183.929
14040 -1020.34 183.038
14070 -1019.97 182.37
14100 -1019.52 182.147
14130 -1018.53 181.257
14160 -1019.16 181.48
14190 -1020.52 182.481
14220 -1020.79 183.038
14250 -1021.06 184.819
14280 -1021.78 187.602
14310 -1021.6 188.826
14340 -1021.51 189.16
14370 -1023.77 192.723
14400 -1022.86 189.717
14430 -1022.5 187.491
14460 -1022.05 185.821
14490 -1021.78 185.042
14520 -1021.6 184.819
14550 -1022.05 184.04
14580 -1022.5 186.044
14610 -1023.14 187.045
14640 -1021.51 187.268
14670 -1020.34 186.155
14700 -1021.06 186.823
14730 -1023.32 188.493
14760 -1023.95 186.377
14790 -1023.14 186.823
14820 -1022.5 187.936
14850 -1021.33 188.938
14880 -1021.69 189.717
14910 -1020.79 188.493
14940 -1022.05 189.049
14970 -1022.14 188.159
15000 -1022.41 188.159
15030 -1026.03 186.155
15060 -1025.3 184.819
15090 -1023.95 184.93
15120 -1023.77 185.598
15150 -1021.69 186.6
15180 -1021.6 187.936
15210 -1022.77 187.268
15240 -1023.23 186.6
15270 -1025.84 184.93
15300 -1034.7 184.262
15330 -1045.08 184.708
15360 -1045.9 184.262
15390 -1042.01 184.04
15420 -1039.66 185.153
15450 -1032.8 183.483
15480 -1025.84 185.153
15510 -1022.5 187.268
15540 -1021.87 187.713
15570 -1024.22 185.71
15600 -1024.4 184.819
15630 -1023.95 184.262
15660 -1023.14 184.374
15690 -1022.77 184.04
15720 -1022.59 183.595
15750 -1023.05 182.815
15780 -1022.95 183.261
15810 -1021.24 183.817
15840 -1020.15 184.374
15870 -1018.44 186.266
15900 -1017.99 186.044
15930 -1018.17 185.598
15960 -1016.54 185.487
15990 -1013.74 186.711
16020 -1014.28 185.598
16050 -1015.91 184.151
16080 -1015.37 185.153
16110 -1016.09 184.708
16140 -1016.9 185.821
16170 -1007.51 191.164
16200 -1005.98 196.507
16230 -1021.42 197.064
16260 -1021.42 194.281
16290 -1022.41 187.825
16320 -1024.04 182.704
16350 -1023.05 187.379
16380 -1020.34 182.036
16410 -1011.85 188.938
16440 -1010.85 191.164
16470 -1011.21 191.387
16500 -1010.4 190.274
16530 -1011.12 189.049
16560 -1010.31 187.936
16590 -1013.83 185.042
16620 -1026.39 188.604
16650 -1028.55 183.483
16680 -1029.73 180.812
16710 -1023.05 185.932
16740 -1032.44 187.379
16770 -1024.13 186.044
16800 -1023.5 183.595
16830 -1013.47 184.374
16860 -1015.01 184.262
16890 -1020.06 185.487
16920 -1019.97 186.266
16950 -1016.99 178.697
16980 -1025.75 174.801
17010 -1022.5 174.689
17040 -1021.51 175.691
17070 -1019.79 177.361
17100 -1021.87 181.257
17130 -1016 181.146
17160 -1018.08 177.695
17190 -1019.16 179.031
17220 -1018.71 181.48
17250 -1016.72 182.815
17280 -1015.82 184.151
17310 -1015.64 187.157
17340 -1016.27 187.825
17370 -1014.65 188.381
17400 -1012.66 185.042
17430 -1014.19 185.264
17460 -1017.54 183.038
17490 -1019.79 181.146
17520 -1020.7 181.257
17550 -1025.12 176.582
17580 -1022.41 183.038
17610 -1018.8 186.823
17640 -1024.4 178.808
17670 -1024.67 181.257
17700 -1024.76 182.927
17730 -1023.59 184.151
17760 -1023.77 184.93
17790 -1020.52 186.155
17820 -1018.08 187.045
17850 -1019.52 187.936
17880 -1020.43 188.604
17910 -1026.39 188.826
17940 -1028.74 187.491
17970 -1030.72 184.04
18000 -1029.19 183.706
18030 -1028.01 184.485
18060 -1026.03 183.929
18090 -1023.77 183.706
18120 -1021.87 183.817
18150 -1014.83 186.044
18180 -1010.85 183.483
18210 -1012.93 184.485
18240 -1015.64 185.487
18270 -1017.63 186.044
18300 -1019.43 185.71
18330 -1020.25 184.485
18360 -1019.97 185.487
18390 -1020.61 187.825
18420 -1020.25 188.493
18450 -1020.52 189.272
18480 -1018.62 189.272
18510 -1016.27 189.94
18540 -1016.18 188.715
18570 -1017.08 188.047
18600 -1017.81 187.713
18630 -1018.71 187.825
18660 -1019.25 189.606
18690 -1019.16 190.051
18720 -1020.15 188.938
18750 -1019.34 190.608
18780 -1021.42 186.266
18810 -1020.43 192.277
18840 -1020.06 188.159
18870 -1019.43 184.485
18900 -1018.8 184.485
18930 -1018.17 185.821
18960 -1017.81 185.598
18990 -1017.54 185.821
19020 -1017.08 187.491
19050 -1018.71 189.16
19080 -1019.79 192.277
19110 -1019.16 184.151
19140 -1019.61 182.147
19170 -1020.15 182.37
19200 -1019.34 186.377
19230 -1019.07 194.726
19260 -1018.98 191.943
19290 -1019.25 192.611
19320 -1019.34 192.166
19350 -1017.54 193.502
19380 -1020.25 189.717
19410 -1022.32 187.936
19440 -1022.05 185.487
19470 -1021.69 185.71
19500 -1022.32 186.155
19530 -1021.24 188.159
19560 -1021.42 188.159
19590 -1021.6 186.934
19620 -1022.77 187.045
19650 -1022.14 187.825
19680 -1021.96 190.274
19710 -1020.97 190.83
19740 -1020.43 190.941
19770 -1019.07 190.719
19800 -1018.08 190.162
19830 -1017.36 189.606
19860 -1018.53 182.815
19890 -1018.71 191.053
19920 -1019.52 195.394
19950 -1020.06 193.613
19980 -1022.05 201.739
20010 -1020.88 197.398
20040 -1019.61 188.715
20070 -1020.88 194.615
20100 -1018.53 184.819
20130 -1016.9 182.593
20160 -1017.17 187.045
20190 -1017.9 189.049
20220 -1017.17 189.494
20250 -1016.54 188.493
20280 -1016.99 186.6
20310 -1009.86 181.702
20340 -1009.05 183.706
20370 -1010.85 182.036
20400 -1012.66 180.032
20430 -1013.29 171.795
20460 -1015.37 180.923
20490 -1015.37 185.487
20520 -1015.1 188.715
20550 -1014.37 191.721
20580 -1016.72 206.081
20610 -1015.73 204.077
20640 -1016.99 206.749
20670 -1016.18 205.858
20700 -1014.28 194.281
20730 -1010.49 190.83
20760 -1011.03 199.402
20790 -1013.92 202.741
20820 -1014.19 197.398
20850 -1017.45 201.739
20880 -1015.82 191.721
20910 -1019.07 194.281
20940 -1024.58 185.71
20970 -1019.16 183.038
21000 -1021.33 181.813
21030 -1023.23 193.724
21060 -1022.5 180.7
21090 -1022.41 186.489
21120 -1024.22 197.287
21150 -1022.77 197.398
21180 -1018.44 181.146
21210 -1025.48 202.407
21240 -1025.66 204.745
21270 -1026.39 202.852
21300 -1025.57 206.192
21330 -1020.34 192.611
21360 -1019.16 186.934
21390 -1018.62 187.602
21420 -1018.26 183.038
21450 -1018.35 178.919
21480 -1019.79 181.925
21510 -1011.21 193.947
21540 -1019.7 180.923
21570 -1020.34 178.697
21600 -1008.32 197.287
21630 -1018.8 186.377
21660 -1016.99 181.034
21690 -1016.81 182.259
21720 -1020.61 177.361
21750 -1023.86 175.468
21780 -1032.8 163.891
21810 -1028.55 162.444
21840 -1028.37 162.778
21870 -1028.46 163.891
21900 -1025.94 176.916
21930 -1018.17 186.934
21960 -1023.59 176.804
21990 -1020.61 180.478
22020 -1023.14 181.368
22050 -1023.68 178.808
22080 -1023.05 175.357
22110 -1027.92 175.023
22140 -1026.66 168.678
22170 -1022.32 171.016
22200 -1019.79 186.823
22230 -1019.07 183.595
22260 -1018.62 182.815
22290 -1018.89 183.483
22320 -1019.97 185.376
22350 -1018.98 187.491
22380 -1018.53 188.604
22410 -1018.44 189.272
22440 -1020.25 188.604
22470 -1021.78 188.159
22500 -1022.95 190.719
22530 -1020.7 191.721
22560 -1022.32 186.155
22590 -1024.76 182.704
22620 -1025.21 179.365
22650 -1026.12 175.914
22680 -1028.19 170.57
22710 -1020.79 180.812
22740 -1022.23 179.587
22770 -1018.89 186.377
22800 -1022.59 179.476
22830 -1018.89 183.038
22860 -1015.1 194.17
22890 -1017.08 191.721
22920 -1013.38 191.721
22950 -1008.59 199.736
22980 -1010.67 199.068
23010 -1015.19 187.379
23040 -1021.78 178.919
23070 -1018.26 192.055
23100 -1013.92 199.513
23130 -1021.42 185.932
23160 -1017.54 184.262
23190 -1016.45 185.598
23220 -1018.08 184.596
23250 -1018.53 183.706
23280 -1018.53 183.929
23310 -1018.71 183.149
23340 -1018.98 183.149
23370 -1017.17 183.372
23400 -1017.81 183.929
23430 -1017.63 183.483
23460 -1018.17 183.817
23490 -1018.08 185.487
23520 -1018.44 186.934
23550 -1019.34 186.934
23580 -1020.52 186.044
23610 -1019.34 185.821
23640 -1018.8 185.821
23670 -1018.98 186.266
23700 -1021.78 186.377
23730 -1025.39 182.815
23760 -1022.95 182.147
23790 -1023.41 181.591
23820 -1027.92 184.596
23850 -1028.83 183.372
23880 -1026.48 182.259
23910 -1031.72 177.472
23940 -1038.58 168.344
23970 -1044.18 162.11
24000 -1032.71 177.917
24030 -1034.97 176.025
24060 -1034.33 176.136
24090 -1034.06 174.244
24120 -1032.98 175.691
24150 -1031.08 176.136
24180 -1024.58 179.81
24210 -1018.98 181.257
24240 -1018.53 180.923
24270 -1020.61 182.704
24300 -1028.19 180.923
24330 -1030.81 177.806
24360 -1030.9 177.249
24390 -1033.7 174.801
24420 -1036.32 173.131
24450 -1033.34 174.021
24480 -1025.3 179.365
24510 -1019.43 178.919
24540 -1026.21 180.589
24570 -1022.95 179.587
24600 -1023.5 181.146
24630 -1025.84 182.481
24660 -1024.4 182.815
24690 -1028.1 183.038
24720 -1027.29 184.04
24750 -1030.27 182.036
24780 -1040.39 178.251
24810 -1028.83 180.144
24840 -1022.5 181.257
24870 -1023.59 181.146
24900 -1023.95 180.7
24930 -1023.77 180.7
24960 -1024.04 180.478
24990 -1024.67 180.478
25020 -1024.76 182.147
25050 -1024.85 183.261
25080 -1024.94 183.595
25110 -1022.05 185.264
25140 -1021.87 185.71
25170 -1021.87 186.155
25200 -1022.59 185.71
25230 -1024.04 185.71
25260 -1021.06 186.266
25290 -1021.33 186.155
25320 -1020.7 185.376
25350 -1019.52 184.93
25380 -1018.98 185.042
25410 -1019.43 185.042
25440 -1021.42 183.706
25470 -1021.87 182.593
25500 -1020.52 182.147
25530 -1021.42 181.702
25560 -1024.94 180.589
25590 -1024.67 180.589
25620 -1031.17 181.48
25650 -1029.55 181.034
25680 -1023.14 180.589
25710 -1018.08 184.262
25740 -1016.45 185.71
25770 -1017.72 185.821
25800 -1018.71 186.377
25830 -1019.97 186.377
25860 -1020.15 186.155
25890 -1020.34 185.932
25920 -1020.15 185.153
25950 -1019.79 184.485
25980 -1019.52 184.93
26010 -1019.97 185.71
26040 -1021.69 186.489
26070 -1018.26 187.045
26100 -1018.8 186.044
26130 -1021.06 184.485
26160 -1021.96 183.817
26190 -1022.77 183.817
26220 -1021.24 185.042
26250 -1019.97 186.823
26280 -1019.16 188.047
26310 -1018.62 188.604
26340 -1018.71 188.27
26370 -1019.61 188.047
26400 -1021.78 187.268
26430 -1023.05 186.044
26460 -1021.6 185.376
26490 -1018.35 184.819
26520 -1019.34 186.155
26550 -1020.7 186.823
26580 -1021.87 187.157
26610 -1022.41 187.602
26640 -1022.86 187.491
26670 -1021.42 182.147
26700 -1021.6 182.147
26730 -1026.48 183.483
26760 -1024.94 182.593
26790 -1022.05 184.485
26820 -1022.32 183.929
26850 -1025.57 185.487
26880 -1037.32 179.253
26910 -1026.21 183.483
26940 -1018.17 183.929
26970 -1020.61 183.706
27000 -1021.6 185.264
27030 -1022.05 185.153
27060 -1022.41 184.819
27090 -1021.24 184.374
27120 -1019.07 184.151
27150 -1018.17 183.483
27180 -1017.63 183.261
27210 -1018.35 183.038
27240 -1017.63 182.704
27270 -1022.05 182.704
27300 -1022.5 182.927
27330 -1023.05 183.149
27360 -1023.32 183.483
27390 -1023.32 184.819
27420 -1022.86 183.929
27450 -1022.68 184.93
27480 -1022.59 184.374
27510 -1021.96 183.929
27540 -1021.06 184.374
27570 -1020.61 184.485
27600 -1020.61 183.706
27630 -1019.97 182.927
27660 -1019.88 183.038
27690 -1020.06 183.595
27720 -1020.52 183.929
27750 -1021.42 184.262
27780 -1021.06 184.151
27810 -1020.97 183.483
27840 -1020.61 183.929
27870 -1019.7 184.04
27900 -1019.34 183.817
27930 -1020.52 182.704
27960 -1018.53 183.706
27990 -1018.8 183.038
28020 -1019.34 183.372
28050 -1017.9 183.929
28080 -1017.26 183.817
28110 -1017.45 183.929
28140 -1020.43 181.702
28170 -1016.99 182.147
28200 -1015.01 182.036
28230 -1014.56 182.37
28260 -1014.92 182.593
28290 -1013.92 182.815
28320 -1016.18 182.147
28350 -1019.34 181.813
28380 -1018.35 183.483
28410 -1017.36 184.485
28440 -1016 184.151
28470 -1015.64 184.708
28500 -1016.45 184.151
28530 -1017.63 184.04
28560 -1018.35 182.927
28590 -1018.8 182.259
28620 -1018.44 182.147
28650 -1018.62 182.036
28680 -1019.07 182.37
28710 -1020.15 183.706
28740 -1020.25 184.485
28770 -1019.7 184.596
28800 -1019.07 184.262
28830 -1017.81 182.481
28860 -1017.63 182.37
28890 -1017.26 183.372
28920 -1018.17 184.819
28950 -1018.35 186.044
28980 -1017.54 186.155
29010 -1017.54 185.598
29040 -1017.26 184.151
29070 -1017.9 184.819
29100 -1017.17 185.487
29130 -1016.9 185.598
29160 -1019.07 185.042
29190 -1019.79 184.262
29220 -1019.7 183.483
29250 -1019.43 182.927
29280 -1020.15 182.481
29310 -1020.34 182.259
29340 -1020.43 181.925
29370 -1019.88 181.48
29400 -1019.79 181.257
29430 -1019.43 183.372
29460 -1019.43 183.929
29490 -1019.34 184.262
29520 -1019.16 184.708
29550 -1019.61 185.71
29580 -1020.15 185.71
29610 -1020.97 185.71
29640 -1021.51 186.266
29670 -1021.33 186.711
29700 -1021.06 187.268
29730 -1021.33 187.157
29760 -1021.15 187.713
29790 -1021.96 187.602
29820 -1021.87 186.044
29850 -1021.51 185.821
29880 -1021.06 186.266
29910 -1020.43 185.932
29940 -1019.61 185.376
29970 -1019.25 185.487
30000 -1019.07 185.487
30030 -1019.52 185.264
30060 -1019.88 185.042
30090 -1020.15 185.153
30120 -1020.25 185.264
30150 -1019.61 185.042
30180 -1019.07 185.598
30210 -1018.8 186.155
30240 -1018.98 186.377
30270 -1019.34 185.821
30300 -1019.88 185.264
30330 -1019.61 185.598
30360 -1019.79 185.376
30390 -1019.88 185.487
30420 -1019.34 186.489
30450 -1019.52 189.494
30480 -1020.88 192.723
30510 -1020.52 191.164
30540 -1021.6 188.604
30570 -1021.51 187.268
30600 -1021.42 186.823
30630 -1020.7 186.934
30660 -1021.15 186.266
30690 -1020.7 186.6
30720 -1018.08 185.821
30750 -1017.17 185.71
30780 -1017.54 184.151
30810 -1019.34 182.815
30840 -1020.15 183.149
30870 -1020.7 184.04
30900 -1021.15 183.038
30930 -1020.43 184.262
30960 -1020.34 184.04
30990 -1019.79 183.149
31020 -1018.71 183.595
31050 -1018.53 184.485
31080 -1018.89 183.038
31110 -1018.71 183.038
31140 -1019.07 183.595
31170 -1019.07 184.93
31200 -1019.07 184.93
31230 -1019.52 184.04
31260 -1019.7 183.261
31290 -1020.52 182.37
31320 -1021.15 181.591
31350 -1020.7 181.925
31380 -1020.79 182.259
31410 -1021.24 182.37
31440 -1021.33 182.704
31470 -1021.96 181.591
31500 -1022.32 180.366
31530 -1022.05 179.699
31560 -1021.96 178.919
31590 -1022.41 178.697
31620 -1022.05 179.476
31650 -1021.51 178.919
31680 -1021.24 178.029
31710 -1021.06 179.921
31740 -1023.14 178.808
31770 -1023.14 180.032
31800 -1021.87 181.925
31830 -1020.79 182.815
31860 -1020.97 182.815
31890 -1020.7 182.815
31920 -1020.97 182.927
31950 -1022.05 183.038
31980 -1023.5 183.038
32010 -1023.05 183.595
32040 -1022.86 182.481
32070 -1023.41 181.146
32100 -1024.04 179.031
32130 -1023.68 178.808
32160 -1024.76 178.585
32190 -1024.67 178.585
32220 -1024.58 179.253
32250 -1024.85 179.365
32280 -1021.51 181.257
32310 -1021.33 183.149
32340 -1020.61 182.593
32370 -1018.53 181.146
32400 -1018.35 180.812
32430 -1021.69 179.365
32460 -1023.05 179.587
32490 -1023.32 179.921
32520 -1021.78 181.48
32550 -1022.86 181.813
32580 -1022.95 182.036
32610 -1021.87 182.593
32640 -1020.79 183.261
32670 -1022.14 182.704
32700 -1024.49 181.368
32730 -1021.42 182.927
32760 -1018.8 184.93
32790 -1019.43 186.044
32820 -1016.99 187.936
32850 -1019.97 189.94
32880 -1020.15 190.496
32910 -1019.61 188.159
32940 -1020.43 187.713
32970 -1019.88 188.826
33000 -1017.99 188.159
33030 -1017.26 187.602
33060 -1019.7 188.381
33090 -1020.61 189.272
33120 -1020.88 187.157
33150 -1021.51 183.706
33180 -1021.87 181.146
33210 -1021.51 181.925
33240 -1021.96 182.927
33270 -1021.69 182.815
33300 -1019.88 185.71
33330 -1017.72 188.381
33360 -1018.8 188.159
33390 -1021.51 186.377
33420 -1020.97 187.268
33450 -1020.06 191.609
33480 -1020.7 186.044
33510 -1021.51 182.147
33540 -1021.51 179.142
33570 -1019.79 186.6
33600 -1018.71 190.162
33630 -1018.35 192.5
33660 -1018.17 191.832
33690 -1018.08 186.934
33720 -1018.71 181.48
33750 -1019.88 177.583
33780 -1019.16 181.591
33810 -1019.97 183.261
33840 -1018.53 189.828
33870 -1019.16 188.159
33900 -1019.25 186.934
33930 -1019.34 186.266
33960 -1014.1 197.287
33990 -1015.91 194.949
34020 -1019.07 189.272
34050 -1016.18 195.506
34080 -1016.36 196.173
34110 -1016.81 195.394
34140 -1022.77 184.04
34170 -1020.34 187.491
34200 -1018.89 188.938
34230 -1017.26 189.606
34260 -1016.27 190.496
34290 -1018.62 189.272
34320 -1019.07 188.493
34350 -1018.44 188.493
34380 -1024.76 185.487
34410 -1024.04 185.71
34440 -1021.69 182.147
34470 -1016.9 192.277
34500 -1020.61 189.828
34530 -1009.59 207.75
34560 -1020.25 185.932
34590 -1021.15 188.381
34620 -1019.07 189.94
34650 -1018.98 190.719
34680 -1018.62 190.608
34710 -1017.99 190.162
34740 -1018.26 189.272
34770 -1018.44 188.159
34800 -1018.44 187.491
34830 -1020.06 186.711
34860 -1018.98 187.602
34890 -1019.52 187.379
34920 -1025.21 179.921
34950 -1019.34 182.704
34980 -1016.81 188.493
35010 -1016.54 188.27
35040 -1018.08 186.711
35070 -1018.89 185.932
35100 -1025.39 184.262
35130 -1026.03 185.376
35160 -1025.21 184.262
35190 -1025.3 184.151
35220 -1021.42 191.832
35250 -1020.97 192.389
35280 -1028.83 187.491
35310 -1021.42 188.27
35340 -1024.4 186.044
35370 -1022.86 186.155
35400 -1023.77 186.155
35430 -1020.79 186.044
35460 -1025.21 185.376
35490 -1032.26 192.389
35520 -1031.17 189.383
35550 -1031.08 195.283
35580 -1024.76 190.274
35610 -1022.95 191.053
35640 -1026.03 190.385
35670 -1025.57 186.489
35700 -1022.95 186.711
35730 -1022.95 185.376
35760 -1022.05 185.376
35790 -1021.24 185.932
35820 -1021.33 187.713
35850 -1021.78 188.715
35880 -1012.03 196.841
35910 -1017.9 194.17
35940 -1017.63 197.732
35970 -1019.43 196.285
36000 -1032.8 193.279
36030 -1023.77 191.943
36060 -1017.08 191.387
36090 -1014.1 191.498
36120 -1011.3 190.941
36150 -1012.39 190.941
36180 -1013.11 189.94
36210 -1014.74 190.051
36240 -1014.28 197.621
36270 -1028.64 198.622
36300 -1025.66 199.068
36330 -1019.7 196.841
36360 -1022.14 196.396
36390 -1022.77 195.506
36420 -1022.23 193.39
36450 -1022.5 191.832
36480 -1021.87 191.609
36510 -1020.79 191.943
36540 -1019.61 192.166
36570 -1018.17 191.609
36600 -1017.36 191.053
36630 -1017.81 190.608
36660 -1018.62 189.94
36690 -1019.34 189.049
36720 -1018.62 188.938
36750 -1018.44 189.383
36780 -1018.08 188.826
36810 -1017.26 188.826
36840 -1016.27 189.049
36870 -1015.1 189.049
36900 -1015.1 188.715
36930 -1019.7 190.608
36960 -1019.52 187.491
36990 -1015.91 187.825
37020 -1015.46 187.491
37050 -1016.09 187.936
37080 -1016.09 188.715
37110 -1015.19 189.494
37140 -1014.37 189.828
37170 -1015.19 190.608
37200 -1016.54 191.609
37230 -1018.35 193.502
37260 -1019.88 194.058
37290 -1018.35 185.821
37320 -1021.6 200.626
37350 -1020.79 191.721
37380 -1024.94 209.754
37410 -1026.66 208.196
37440 -1028.1 206.749
37470 -1028.46 205.301
37500 -1027.38 201.739
37530 -1023.68 191.387
37560 -1024.31 200.515
37590 -1025.57 200.181
37620 -1024.85 199.068
37650 -1024.58 198.288
37680 -1024.13 198.177
37710 -1023.68 200.737
37740 -1026.39 203.743
37770 -1022.05 200.626
37800 -1022.59 191.498
37830 -1021.96 192.277
37860 -1022.95 193.836
37890 -1023.77 187.713
37920 -1023.32 192.723
37950 -1022.68 193.057
37980 -1021.06 192.945
38010 -1021.15 192.277
38040 -1023.32 193.724
38070 -1022.77 197.843
38100 -1021.33 206.526
38130 -1024.85 208.196
38160 -1019.43 202.073
38190 -1026.57 202.185
38220 -1030.09 202.518
38250 -1034.06 208.864
38280 -1027.56 208.53
38310 -1024.58 198.622
38340 -1025.3 197.064
38370 -1023.32 194.17
38400 -1024.76 193.836
38430 -1022.68 191.721
38460 -1025.12 194.17
38490 -1027.29 197.175
38520 -1027.92 198.066
38550 -1027.92 199.068
38580 -1028.1 199.068
38610 -1028.01 199.736
38640 -1028.46 199.624
38670 -1027.92 196.619
38700 -1026.3 197.064
38730 -1031.35 196.285
38760 -1035.96 207.305
38790 -1031.72 205.858
38820 -1033.61 202.073
38850 -1021.6 188.604
38880 -1025.21 193.39
38910 -1029.55 197.287
38940 -1027.47 197.064
38970 -1024.22 195.617
39000 -1025.12 195.172
39030 -1020.52 189.494
39060 -1019.88 189.494
39090 -1018.8 189.16
39120 -1019.97 189.049
39150 -1017.54 191.164
39180 -1017.9 189.717
39210 -1021.06 190.162
39240 -1023.05 192.945
39270 -1024.76 190.941
39300 -1024.67 190.719
39330 -1023.14 189.828
39360 -1022.5 190.385
39390 -1022.95 190.274
39420 -1022.86 190.608
39450 -1018.26 189.383
39480 -1016.09 187.713
39510 -1018.53 190.051
39540 -1018.62 192.166
39570 -1018.62 191.387
39600 -1018.89 190.274
39630 -1018.71 191.498
39660 -1019.16 190.83
39690 -1019.97 188.493
39720 -1020.79 187.936
39750 -1020.88 187.157
39780 -1020.79 186.934
39810 -1020.88 186.6
39840 -1020.34 186.489
39870 -1020.25 189.16
39900 -1020.06 188.493
39930 -1020.34 189.049
39960 -1020.15 186.6
39990 -1020.43 186.377
40020 -1020.06 186.711
40050 -1019.52 186.266
40080 -1019.61 187.491
40110 -1021.06 188.159
40140 -1023.41 191.498
40170 -1024.4 190.051
40200 -1026.21 190.385
40230 -1035.78 189.272
40260 -1024.76 187.602
40290 -1023.77 185.71
40320 -1023.86 184.374
40350 -1020.43 188.159
40380 -1018.71 189.272
40410 -1018.53 189.94
40440 -1017.54 190.496
40470 -1017.26 189.272
40500 -1027.92 186.266
40530 -1020.43 191.498
40560 -1018.44 195.951
40590 -1018.98 193.168
40620 -1019.07 192.834
40650 -1021.24 187.713
40680 -1021.42 189.383
40710 -1017.54 189.94
40740 -1017.72 188.938
40770 -1019.7 197.398
40800 -1021.15 187.936
40830 -1020.06 194.281
40860 -1014.83 196.953
40890 -1014.74 194.838
40920 -1014.56 195.728
40950 -1014.1 196.062
40980 -1014.65 194.615
41010 -1015.55 194.504
41040 -1017.17 193.502
41070 -1018.08 193.168
41100 -1019.7 190.719
41130 -1019.25 190.496
41160 -1020.79 189.272
41190 -1018.8 191.275
41220 -1018.26 192.277
41250 -1021.24 188.381
41280 -1023.41 186.377
41310 -1020.34 187.045
41340 -1018.71 184.819
41370 -1020.06 183.372
41400 -1020.79 182.815
41430 -1020.79 182.815
41460 -1020.97 183.817
41490 -1020.97 184.708
41520 -1021.24 184.262
41550 -1021.42 184.04
41580 -1021.6 184.04
41610 -1021.42 184.374
41640 -1021.96 184.04
41670 -1022.32 183.261
41700 -1022.5 183.595
41730 -1022.41 183.929
41760 -1022.41 182.927
41790 -1022.05 182.815
41820 -1020.97 184.04
41850 -1020.7 184.708
41880 -1020.7 185.153
41910 -1020.52 185.71
41940 -1019.79 186.377
41970 -1019.79 186.711
42000 -1020.06 186.711
42030 -1019.43 187.936
42060 -1018.35 188.604
42090 -1018.26 188.493
42120 -1019.43 186.934
42150 -1021.69 183.483
42180 -1024.13 180.366
42210 -1020.52 185.042
42240 -1019.43 186.266
42270 -1020.06 184.485
42300 -1019.61 183.595
42330 -1019.52 182.815
42360 -1020.06 182.927
42390 -1020.97 183.261
42420 -1020.79 183.706
42450 -1020.97 183.595
42480 -1021.51 183.372
42510 -1022.14 183.261
42540 -1022.41 183.038
42570 -1022.5 182.036
42600 -1022.41 182.815
42630 -1021.96 183.817
42660 -1021.6 183.595
42690 -1021.33 183.817
42720 -1020.79 184.374
42750 -1019.79 185.821
42780 -1019.61 185.042
42810 -1019.43 184.708
42840 -1018.8 184.485
42870 -1018.71 184.708
42900 -1019.7 185.487
42930 -1020.61 185.71
42960 -1019.61 185.264
42990 -1018.98 183.483
43020 -1019.79 183.038
43050 -1021.33 182.036
43080 -1020.25 185.71
43110 -1016.45 186.266
43140 -1017.45 185.487
43170 -1020.79 183.929
43200 -1021.6 183.706
43230 -1021.06 183.372
43260 -1020.88 182.036
43290 -1020.34 184.485
43320 -1019.7 186.155
43350 -1018.71 187.157
43380 -1017.99 188.159
43410 -1017.54 188.047
43440 -1017.99 186.823
43470 -1019.07 185.598
43500 -1019.61 184.596
43530 -1021.6 183.261
43560 -1022.68 182.815
43590 -1022.68 183.149
43620 -1023.59 183.706
43650 -1024.94 183.706
43680 -1025.39 182.927
43710 -1025.75 181.925
43740 -1023.32 184.93
43770 -1020.79 185.487
43800 -1020.34 185.153
43830 -1019.97 184.596
43860 -1019.88 184.374
43890 -1019.97 184.262
43920 -1019.79 184.596
43950 -1020.15 184.596
43980 -1020.25 184.485
44010 -1020.34 184.708
44040 -1031.63 182.815
44070 -1024.85 184.93
44100 -1026.48 181.813
44130 -1029.19 181.591
44160 -1027.56 182.927
44190 -1024.94 184.708
44220 -1023.59 185.598
44250 -1022.86 185.932
44280 -1026.03 184.708
44310 -1021.24 187.268
44340 -1019.16 188.715
44370 -1019.7 188.047
44400 -1019.97 187.379
44430 -1021.15 185.932
44460 -1021.96 185.264
44490 -1021.96 184.262
44520 -1022.68 183.483
44550 -1023.95 182.593
44580 -1023.5 183.149
44610 -1023.68 184.596
44640 -1022.86 185.153
44670 -1024.85 189.049
44700 -1022.77 189.272
44730 -1021.06 187.936
44760 -1019.79 187.379
44790 -1018.89 187.268
44820 -1018.08 187.379
44850 -1017.45 187.825
44880 -1016.81 187.825
44910 -1016.36 187.825
44940 -1016.36 187.045
44970 -1015.91 186.377
45000 -1016.09 186.266
45030 -1017.54 186.155
45060 -1018.35 185.932
45090 -1017.36 186.044
45120 -1016.9 186.044
45150 -1016.18 185.376
45180 -1016.9 184.708
45210 -1016.81 185.153
45240 -1016.54 184.04
45270 -1016.27 183.706
45300 -1015.91 183.817
45330 -1015.82 184.819
45360 -1017.9 185.71
45390 -1019.07 185.932
45420 -1018.53 185.71
45450 -1017.54 185.71
45480 -1016.54 185.598
45510 -1016.99 185.71
45540 -1017.63 185.821
45570 -1018.62 185.821
45600 -1018.53 186.377
45630 -1019.43 186.6
45660 -1018.62 186.6
45690 -1018.89 186.711
45720 -1019.07 187.045
45750 -1019.07 187.491
45780 -1019.79 187.379
45810 -1018.98 186.155
45840 -1018.71 185.598
45870 -1018.26 185.153
45900 -1018.26 185.153
45930 -1019.07 185.153
45960 -1020.25 185.821
45990 -1020.43 185.487
46020 -1020.61 184.93
46050 -1022.41 184.93
46080 -1021.6 184.708
46110 -1020.97 183.817
46140 -1020.06 183.595
46170 -1020.34 184.04
46200 -1019.52 182.815
46230 -1018.89 183.149
46260 -1018.26 184.04
46290 -1019.25 185.042
46320 -1020.43 185.71
46350 -1019.97 186.377
46380 -1019.43 186.934
46410 -1019.16 186.823
46440 -1018.89 186.377
46470 -1018.71 185.821
46500 -1018.17 186.044
46530 -1018.08 186.266
46560 -1017.9 186.711
46590 -1017.54 186.823
46620 -1017.99 186.934
46650 -1018.35 186.489
46680 -1018.71 185.71
46710 -1018.71 186.934
46740 -1019.25 187.602
46770 -1020.43 188.493
46800 -1020.97 189.494
46830 -1020.25 189.717
46860 -1019.61 188.159
46890 -1019.7 188.381
46920 -1017.99 188.938
46950 -1018.26 189.272
46980 -1018.35 189.272
47010 -1017.72 188.826
47040 -1017.99 188.159
47070 -1018.26 187.157
47100 -1017.81 186.489
47130 -1017.36 186.934
47160 -1017.63 186.823
47190 -1018.71 186.823
47220 -1018.89 186.489
47250 -1018.44 186.823
47280 -1018.8 187.268
47310 -1019.07 188.381
47340 -1019.52 188.047
47370 -1019.88 186.823
47400 -1019.43 184.374
47430 -1020.34 185.264
47460 -1020.61 185.376
47490 -1020.79 183.706
47520 -1022.41 194.726
47550 -1023.05 194.392
47580 -1025.57 192.166
47610 -1023.68 191.387
47640 -1022.86 190.162
47670 -1022.77 189.16
47700 -1022.23 188.938
47730 -1022.68 189.828
47760 -1022.5 190.162
47790 -1022.68 189.383
47820 -1023.95 190.051
47850 -1023.95 188.159
47880 -1024.94 188.27
47910 -1024.94 188.604
47940 -1023.23 189.94
47970 -1024.31 188.826
48000 -1024.31 187.268
48030 -1024.04 186.155
48060 -1023.86 186.823
48090 -1023.23 186.489
48120 -1023.05 186.711
48150 -1023.05 186.823
48180 -1023.95 186.377
48210 -1024.04 186.155
48240 -1023.68 186.377
48270 -1023.32 183.261
48300 -1023.32 183.261
48330 -1023.32 183.595
48360 -1022.14 187.602
48390 -1023.86 185.71
48420 -1023.59 184.93
48450 -1024.04 186.266
48480 -1020.25 193.502
48510 -1019.16 194.281
48540 -1022.86 193.836
48570 -1025.39 199.179
48600 -1024.4 195.394
48630 -1022.86 194.726
48660 -1023.14 200.403
48690 -1023.14 201.517
48720 -1024.67 201.071
48750 -1021.42 200.292
48780 -1021.6 205.969
48810 -1021.78 193.502
48840 -1020.7 194.504
48870 -1021.06 190.941
48900 -1020.25 189.272
48930 -1016.27 198.066
48960 -1018.35 191.943
48990 -1021.96 184.819
49020 -1028.1 182.481
49050 -1019.34 190.274
49080 -1017.81 192.055
49110 -1017.54 190.162
49140 -1018.53 186.266
49170 -1023.32 180.589
49200 -1022.59 183.595
49230 -1021.78 183.149
49260 -1021.42 183.372
49290 -1021.33 183.595
49320 -1021.15 181.813
49350 -1020.52 183.372
49380 -1020.61 184.819
49410 -1021.15 185.487
49440 -1021.24 185.487
49470 -1021.6 185.932
49500 -1021.96 184.596
49530 -1022.41 185.153
49560 -1020.79 187.825
49590 -1019.97 188.715
49620 -1018.35 184.374
49650 -1019.07 181.368
49680 -1021.15 180.812
49710 -1022.05 181.034
49740 -1022.05 181.925
49770 -1021.87 183.149
49800 -1022.32 185.153
49830 -1022.05 185.153
49860 -1021.06 186.377
49890 -1019.61 186.377
49920 -1018.53 186.934
49950 -1017.99 186.934
49980 -1019.52 185.821
50010 -1020.15 186.711
50040 -1020.25 187.268
50070 -1019.34 186.6
50100 -1019.97 185.487
50130 -1018.89 185.71
50160 -1018.44 186.377
50190 -1019.25 187.268
50220 -1018.71 186.044
50250 -1019.07 185.042
50280 -1019.88 183.595
50310 -1019.52 184.708
50340 -1019.79 184.93
50370 -1019.52 184.708
50400 -1019.97 185.264
50430 -1019.79 184.708
50460 -1017.36 183.372
50490 -1014.74 184.04
50520 -1015.19 185.71
50550 -1019.79 186.6
50580 -1022.32 187.379
50610 -1030.27 188.27
50640 -1017.63 182.927
50670 -1013.11 181.591
50700 -1014.47 181.48
50730 -1019.97 186.266
50760 -1019.79 184.708
50790 -1021.06 185.153
50820 -1018.53 181.925
50850 -1019.88 181.146
50880 -1024.58 186.266
50910 -1025.66 186.044
50940 -1025.94 184.93
50970 -1026.12 185.487
51000 -1024.76 185.598
51030 -1023.77 185.71
51060 -1023.59 185.153
51090 -1022.32 185.042
51120 -1021.33 185.932
51150 -1021.42 187.379
51180 -1021.69 187.268
51210 -1021.69 187.491
51240 -1020.43 187.268
51270 -1020.34 186.934
51300 -1020.61 186.377
51330 -1020.43 186.377
51360 -1019.97 186.6
51390 -1021.06 186.044
51420 -1021.6 187.045
51450 -1022.68 186.711
51480 -1021.87 184.93
51510 -1021.6 184.04
51540 -1021.96 184.596
51570 -1027.83 183.038
51600 -1027.47 184.485
51630 -1027.38 183.372
51660 -1025.48 186.266
51690 -1025.84 184.93
51720 -1024.94 186.711
51750 -1023.32 189.049
51780 -1023.32 186.823
