0 -1586.08 1665.11
30 -1595.92 1653.87
60 -1584.7 1638.84
90 -1315.02 1632.02
120 -1216.35 1478.71
150 -1215.24 1428.76
180 -1219.98 1084.15
210 -1221.72 779.096
240 -942.934 756.878
270 -869.115 574.689
300 -680.424 359.772
330 -370.53 165.533
360 -140.69 24.109
390 -91.4087 61.8755
420 -118.433 117.717
450 -144.987 140.159
480 -92.5312 128.447
510 -77.5049 123.298
540 -51.2931 138.357
570 -31.0272 132.005
600 -52.9949 104.013
630 -75.0754 72.8118
660 -93.5738 39.8008
690 -102.818 3.25444
720 -99.7661 -20.1441
750 -75.9517 -33.5246
780 -57.259 -60.0045
810 -19.7515 -44.1535
840 -18.6338 -44.2717
870 -18.6338 -44.2717
900 -18.6338 -44.2717
930 -18.6338 -44.2717
960 -18.6338 -44.2717
990 -18.6338 -44.2717
1020 -18.6338 -44.2717
1050 -18.6338 -44.2717
1080 -18.6338 -44.2717
1110 -18.6338 -44.2717
1140 -18.6338 -44.2717
1170 -18.6338 -44.2717
1200 -18.6338 -44.2717
1230 -18.6338 -44.2717
1260 -18.6338 -44.2717
1290 -18.6338 -44.2717
1320 -18.6338 -44.2717
1350 -18.6338 -44.2717
1380 -18.6338 -44.2717
1410 -18.6338 -44.2717
1440 -18.6338 -44.2717
1470 -18.6338 -44.2717
1500 -18.6338 -44.2717
1530 -18.6338 -44.2717
1560 -18.6338 -44.2717
1590 -18.6338 -44.2717
1620 -18.6338 -44.2717
1650 -18.6338 -44.2717
1680 -18.6338 -44.2717
1710 -18.6338 -44.2717
1740 -18.6338 -44.2717
1770 -18.6338 -44.2717
1800 -18.6338 -44.2717
1830 -18.6338 -44.2717
1860 -18.6338 -44.2717
1890 -18.6338 -44.2717
1920 -18.6338 -44.2717
1950 -18.6338 -44.2717
1980 -18.6338 -44.2717
2010 -18.6338 -44.2717
2040 -18.6338 -44.2717
2070 -18.6338 -44.2717
2100 -18.6338 -44.2717
2130 -18.6338 -44.2717
2160 -18.6338 -44.2717
2190 -18.6338 -44.2717
2220 -18.6338 -44.2717
2250 -18.6338 -44.2717
2280 -18.6338 -44.2717
2310 -18.6338 -44.2717
2340 -18.6338 -44.2717
2370 -18.6338 -44.2717
2400 -18.6338 -44.2717
2430 -18.6338 -44.2717
2460 -18.6338 -44.2717
2490 -18.6338 -44.2717
2520 -18.6338 -44.2717
2550 -18.6338 -44.2717
2580 -18.6338 -44.2717
2610 -18.6338 -44.2717
2640 -18.6338 -44.2717
2670 -18.6338 -44.2717
2700 -18.6338 -44.2717
2730 -18.6338 -44.2717
2760 -18.6338 -44.2717
2790 -18.6338 -44.2717
2820 -18.6338 -44.2717
2850 -18.6338 -44.2717
2880 -18.6338 -44.2717
2910 -18.6338 -44.2717
2940 -18.6338 -44.2717
2970 -18.6338 -44.2717
3000 -18.6338 -44.2717
3030 -18.6338 -44.2717
3060 -18.6338 -44.2717
3090 -18.6338 -44.2717
3120 -18.6338 -44.2717
3150 -18.6338 -44.2717
3180 -18.6338 -44.2717
3210 -18.6338 -44.2717
3240 -18.6338 -44.2717
3270 -18.6338 -44.2717
3300 -18.6338 -44.2717
3330 -18.6338 -44.2717
3360 -18.6338 -44.2717
3390 -18.6338 -44.2717
3420 -18.6338 -44.2717
3450 -18.6338 -44.2717
3480 -18.6338 -44.2717
3510 -18.6338 -44.2717
3540 -18.6338 -44.2717
3570 -18.6338 -44.2717
3600 -18.6338 -44.2717
3630 -18.6338 -44.2717
3660 -18.6338 -44.2717
3690 -18.6338 -44.2717
3720 -18.6338 -44.2717
3750 -18.6338 -44.2717
3780 -18.6338 -44.2717
3810 -18.6338 -44.2717
3840 -18.6338 -44.2717
3870 -18.6338 -44.2717
3900 -18.6338 -44.2717
3930 -18.6338 -44.2717
3960 -18.6338 -44.2717
3990 -18.6338 -44.2717
4020 -18.6338 -44.2717
4050 -18.6338 -44.2717
4080 -18.6338 -44.2717
4110 -18.6338 -44.2717
4140 -18.6338 -44.2717
4170 -18.6338 -44.2717
4200 -18.6338 -44.2717
4230 -18.6338 -44.2717
4260 -18.6338 -44.2717
4290 -18.6338 -44.2717
4320 -18.6338 -44.2717
4350 -18.6338 -44.2717
4380 -18.6338 -44.2717
4410 -18.6338 -44.2717
4440 -18.6338 -44.2717
4470 -18.6338 -44.2717
4500 -18.6338 -44.2717
4530 -18.6338 -44.2717
4560 -18.6338 -44.2717
4590 -18.6338 -44.2717
4620 -18.6338 -44.2717
4650 -18.6338 -44.2717
4680 -18.6338 -44.2717
4710 -18.6338 -44.2717
4740 -18.6338 -44.2717
4770 -18.6338 -44.2717
4800 -18.6338 -44.2717
4830 -18.6338 -44.2717
4860 -18.6338 -44.2717
4890 -18.6338 -44.2717
4920 -18.6338 -44.2717
4950 -18.6338 -44.2717
4980 -18.6338 -44.2717
5010 -18.6338 -44.2717
5040 -18.6338 -44.2717
5070 -18.6338 -44.2717
5100 -18.6338 -44.2717
5130 -18.6338 -44.2717
5160 -18.6338 -44.2717
5190 -18.6338 -44.2717
5220 -18.6338 -44.2717
5250 -18.6338 -44.2717
5280 -18.6338 -44.2717
5310 -18.6338 -44.2717
5340 -18.6338 -44.2717
5370 -18.6338 -44.2717
5400 -18.6338 -44.2717
5430 -18.6338 -44.2717
5460 -18.6338 -44.2717
5490 -18.6338 -44.2717
5520 -18.6338 -44.2717
5550 -18.6338 -44.2717
5580 -18.6338 -44.2717
5610 -18.6338 -44.2717
5640 -18.6338 -44.2717
5670 -18.6338 -44.2717
5700 -18.6338 -44.2717
5730 -18.6338 -44.2717
5760 -18.6338 -44.2717
5790 -18.6338 -44.2717
5820 -18.6338 -44.2717
5850 -18.6338 -44.2717
5880 -18.6338 -44.2717
5910 -18.6338 -44.2717
5940 -18.6338 -44.2717
5970 -18.6338 -44.2717
6000 -18.6338 -44.2717
6030 -18.6338 -44.2717
6060 -18.6338 -44.2717
6090 -18.6338 -44.2717
6120 -18.6338 -44.2717
6150 -18.6338 -44.2717
6180 -18.6338 -44.2717
6210 -18.6338 -44.2717
6240 -18.6338 -44.2717
6270 -18.6338 -44.2717
6300 -18.6338 -44.2717
6330 -18.6338 -44.2717
6360 -18.6338 -44.2717
6390 -18.6338 -44.2717
6420 -18.6338 -44.2717
6450 -18.6338 -44.2717
6480 -18.6338 -44.2717
6510 -18.6338 -44.2717
6540 -18.6338 -44.2717
6570 -18.6338 -44.2717
6600 -18.6338 -44.2717
6630 -18.6338 -44.2717
6660 -18.6338 -44.2717
6690 -18.6338 -44.2717
6720 -18.6338 -44.2717
6750 -18.6338 -44.2717
6780 -18.6338 -44.2717
6810 -18.6338 -44.2717
6840 -18.6338 -44.2717
6870 -18.6338 -44.2717
6900 -18.6338 -44.2717
6930 -18.6338 -44.2717
6960 -18.6338 -44.2717
6990 -18.6338 -44.2717
7020 -18.6338 -44.2717
7050 -18.6338 -44.2717
7080 -18.6338 -44.2717
7110 -18.6338 -44.2717
7140 -18.6338 -44.2717
7170 -18.6338 -44.2717
7200 -18.6338 -44.2717
7230 -18.6338 -44.2717
7260 -18.6338 -44.2717
7290 -18.6338 -44.2717
7320 -18.6338 -44.2717
7350 -18.6338 -44.2717
7380 -18.6338 -44.2717
7410 -18.6338 -44.2717
7440 -18.6338 -44.2717
7470 -18.6338 -44.2717
7500 -18.6338 -44.2717
7530 -18.6338 -44.2717
7560 -18.6338 -44.2717
7590 -18.6338 -44.2717
7620 -18.6338 -44.2717
7650 -18.6338 -44.2717
7680 -18.6338 -44.2717
7710 -18.6338 -44.2717
7740 -18.6338 -44.2717
7770 -18.6338 -44.2717
7800 -18.6338 -44.2717
7830 -18.6338 -44.2717
7860 -18.6338 -44.2717
7890 -18.6338 -44.2717
7920 -18.6338 -44.2717
7950 -18.6338 -44.2717
7980 -18.6338 -44.2717
8010 -18.6338 -44.2717
8040 -18.6338 -44.2717
8070 -18.6338 -44.2717
8100 -18.6338 -44.2717
8130 -18.6338 -44.2717
8160 -18.6338 -44.2717
8190 -18.6338 -44.2717
8220 -18.6338 -44.2717
8250 -18.6338 -44.2717
8280 -18.6338 -44.2717
8310 -18.6338 -44.2717
8340 -18.6338 -44.2717
8370 -18.6338 -44.2717
8400 -18.6338 -44.2717
8430 -18.6338 -44.2717
8460 -18.6338 -44.2717
8490 -18.6338 -44.2717
8520 -18.6338 -44.2717
8550 -18.6338 -44.2717
8580 -18.6338 -44.2717
8610 -18.6338 -44.2717
8640 -18.6338 -44.2717
8670 -18.6338 -44.2717
8700 -18.6338 -44.2717
8730 -18.6338 -44.2717
8760 -18.6338 -44.2717
8790 -18.6338 -44.2717
8820 -18.6338 -44.2717
8850 -18.6338 -44.2717
8880 -18.6338 -44.2717
8910 -18.6338 -44.2717
8940 -18.6338 -44.2717
8970 -18.6338 -44.2717
9000 -18.6338 -44.2717
9030 -18.6338 -44.2717
9060 -18.6338 -44.2717
9090 -18.6338 -44.2717
9120 -18.6338 -44.2717
9150 -18.6338 -44.2717
9180 -18.6338 -44.2717
9210 -18.6338 -44.2717
9240 -18.6338 -44.2717
9270 -18.6338 -44.2717
9300 -18.6338 -44.2717
9330 -18.6338 -44.2717
9360 -18.6338 -44.2717
9390 -18.6338 -44.2717
9420 -18.6338 -44.2717
9450 -18.6338 -44.2717
9480 -18.6338 -44.2717
9510 -18.6338 -44.2717
9540 -18.6338 -44.2717
9570 -18.6338 -44.2717
9600 -18.6338 -44.2717
9630 -18.6338 -44.2717
9660 -18.6338 -44.2717
9690 -18.6338 -44.2717
9720 -18.6338 -44.2717
9750 -18.6338 -44.2717
9780 -18.6338 -44.2717
9810 -18.6338 -44.2717
9840 -18.6338 -44.2717
9870 -18.6338 -44.2717
9900 -18.6338 -44.2717
9930 -18.6338 -44.2717
9960 -18.6338 -44.2717
9990 -18.6338 -44.2717
10020 -18.6338 -44.2717
10050 -18.6338 -44.2717
10080 -18.6338 -44.2717
10110 -18.6338 -44.2717
10140 -18.6338 -44.2717
10170 -18.6338 -44.2717
10200 -18.6338 -44.2717
10230 -18.6338 -44.2717
10260 -18.6338 -44.2717
10290 -18.6338 -44.2717
10320 -18.6338 -44.2717
10350 -18.6338 -44.2717
10380 -18.6338 -44.2717
10410 -18.6338 -44.2717
10440 -18.6338 -44.2717
10470 -18.6338 -44.2717
10500 -18.6338 -44.2717
10530 -18.6338 -44.2717
10560 -18.7129 -43.8575
10590 -26.2523 -4.37087
10620 -33.7918 35.1158
10650 -41.3312 74.6025
10680 -48.8706 114.089
10710 -56.41 153.576
10740 -63.9495 193.062
10770 -71.4889 232.549
10800 -79.0283 272.036
10830 -86.5677 311.522
10860 -94.1072 351.009
10890 -101.647 390.496
10920 -109.186 429.982
10950 -116.725 469.469
10980 -124.265 508.956
11010 -131.804 548.442
11040 -139.344 587.929
11070 -146.883 627.416
11100 -142.478 626.389
11130 -142.187 618.288
11160 -142.187 618.288
11190 -142.187 618.288
11220 -142.187 618.288
11250 -142.187 618.288
11280 -142.187 618.288
11310 -142.187 618.288
11340 -142.187 618.288
11370 -142.187 618.288
11400 -142.187 618.288
11430 -142.187 618.288
11460 -142.187 618.288
11490 -142.187 618.288
11520 -142.187 618.288
11550 -142.187 618.288
11580 -142.187 618.288
11610 -142.187 618.288
11640 -142.187 618.288
11670 -142.187 618.288
11700 -142.187 618.288
11730 -142.187 618.288
11760 -142.187 618.288
11790 -142.187 618.288
11820 -142.187 618.288
11850 -142.187 618.288
11880 -142.187 618.288
11910 -142.187 618.288
11940 -142.187 618.288
11970 -142.187 618.288
12000 -142.187 618.288
12030 -142.187 618.288
12060 -142.187 618.288
12090 -142.187 618.288
12120 -142.187 618.288
12150 -142.187 618.288
12180 -142.187 618.288
12210 -142.187 618.288
12240 -142.187 618.288
12270 -142.187 618.288
12300 -142.187 618.288
12330 -142.187 618.288
12360 -142.187 618.288
12390 -142.187 618.288
12420 -142.187 618.288
12450 -142.187 618.288
12480 -142.187 618.288
12510 -142.187 618.288
12540 -142.187 618.288
12570 -142.187 618.288
12600 -142.187 618.288
12630 -142.187 618.288
12660 -142.187 618.288
12690 -142.187 618.288
12720 -142.187 618.288
12750 -142.187 618.288
12780 -142.187 618.288
12810 -142.187 618.288
12840 -142.187 618.288
12870 -142.187 618.288
12900 -142.187 618.288
12930 -142.187 618.288
12960 -142.187 618.288
12990 -142.187 618.288
13020 -142.187 618.288
13050 -142.187 618.288
13080 -142.187 618.288
13110 -142.187 618.288
13140 -142.187 618.288
13170 -142.187 618.288
13200 -142.187 618.288
13230 -142.187 618.288
13260 -142.187 618.288
13290 -142.187 618.288
13320 -142.187 618.288
13350 -142.187 618.288
13380 -142.187 618.288
13410 -142.187 618.288
13440 -149.502 631.423
13470 -136.061 630.415
13500 -137.78 629.709
13530 -138.899 629.189
13560 -139.233 628.915
13590 -139.568 628.64
13620 -139.455 629.406
13650 -139.801 629.236
13680 -140.786 628.202
13710 -141.629 628.648
13740 -149.921 620.491
13770 -161.104 608.502
13800 -196.467 607.713
13830 -25.2867 505.969
13860 212.433 344.938
13890 13.3128 227.946
13920 -51.9604 120.478
13950 -51.9604 120.478
13980 -54.6945 114.345
14010 -86.5517 112.129
14040 -42.0538 142.066
14070 -53.3437 104.278
14100 -73.6564 72.2899
14130 -94.4895 39.9214
14160 -103.761 4.43459
14190 -100.972 -18.409
14220 -87.8613 -38.358
14250 -57.9514 -66.5202
14280 -25.4525 -63.8913
14310 -23.4203 -57.0732
14340 -23.4203 -57.0732
14370 -23.4203 -57.0732
14400 -23.4203 -57.0732
14430 -23.4203 -57.0732
14460 -23.4203 -57.0732
14490 -23.4203 -57.0732
14520 -23.4203 -57.0732
14550 -23.4203 -57.0732
14580 -23.4203 -57.0732
14610 -23.4203 -57.0732
14640 -23.4203 -57.0732
14670 -23.4203 -57.0732
14700 -23.4203 -57.0732
14730 -23.4203 -57.0732
14760 -23.4203 -57.0732
14790 -23.4203 -57.0732
14820 -23.4203 -57.0732
14850 -23.4203 -57.0732
14880 -23.4203 -57.0732
14910 -23.4203 -57.0732
14940 -23.4203 -57.0732
14970 -23.4203 -57.0732
15000 -23.4203 -57.0732
15030 -23.4203 -57.0732
15060 -23.4203 -57.0732
15090 -23.4203 -57.0732
15120 -23.4203 -57.0732
15150 -23.4203 -57.0732
15180 -23.4203 -57.0732
15210 -23.4203 -57.0732
15240 -23.4203 -57.0732
15270 -23.4203 -57.0732
15300 -23.4203 -57.0732
15330 -23.4203 -57.0732
15360 -23.4203 -57.0732
15390 -23.4203 -57.0732
15420 -23.4203 -57.0732
15450 -23.4203 -57.0732
15480 -23.4203 -57.0732
15510 -23.4203 -57.0732
15540 -23.4203 -57.0732
15570 -23.4203 -57.0732
15600 -23.4203 -57.0732
15630 -23.4203 -57.0732
15660 -23.4203 -57.0732
15690 -23.4203 -57.0732
15720 -23.4203 -57.0732
15750 -23.4203 -57.0732
15780 -23.4203 -57.0732
15810 -23.4203 -57.0732
15840 -23.4203 -57.0732
15870 -23.4203 -57.0732
15900 -23.4203 -57.0732
15930 -23.4203 -57.0732
15960 -23.4203 -57.0732
15990 -23.4203 -57.0732
16020 -23.4203 -57.0732
16050 -23.4203 -57.0732
16080 -23.4203 -57.0732
16110 -23.4203 -57.0732
16140 -23.4203 -57.0732
16170 -23.4203 -57.0732
16200 -23.4203 -57.0732
16230 -23.4203 -57.0732
16260 -23.4203 -57.0732
16290 -23.4203 -57.0732
16320 -23.4203 -57.0732
16350 -23.4203 -57.0732
16380 -23.4203 -57.0732
16410 -23.4203 -57.0732
16440 -23.4203 -57.0732
16470 -23.4203 -57.0732
16500 -23.4203 -57.0732
16530 -23.4203 -57.0732
16560 -23.4203 -57.0732
16590 -23.4203 -57.0732
16620 -23.4203 -57.0732
16650 -23.4203 -57.0732
16680 -23.4203 -57.0732
16710 -23.4203 -57.0732
16740 -23.4203 -57.0732
16770 -23.4203 -57.0732
16800 -23.4203 -57.0732
16830 -23.4203 -57.0732
16860 -23.4203 -57.0732
16890 -23.4203 -57.0732
16920 -23.4203 -57.0732
16950 -23.4203 -57.0732
16980 -23.4203 -57.0732
17010 -23.4203 -57.0732
17040 -23.4203 -57.0732
17070 -23.4203 -57.0732
17100 -23.4203 -57.0732
17130 -23.4203 -57.0732
17160 -23.4203 -57.0732
17190 -23.4203 -57.0732
17220 -23.4203 -57.0732
17250 -23.4203 -57.0732
17280 -23.4203 -57.0732
17310 -23.4203 -57.0732
17340 -23.4203 -57.0732
17370 -23.4203 -57.0732
17400 -23.4203 -57.0732
17430 -23.4203 -57.0732
17460 -23.4203 -57.0732
17490 -23.4203 -57.0732
17520 -23.4203 -57.0732
17550 -23.4203 -57.0732
17580 -23.4203 -57.0732
17610 -23.4203 -57.0732
17640 -23.4203 -57.0732
17670 -23.4203 -57.0732
17700 -23.4203 -57.0732
17730 -23.4203 -57.0732
17760 -23.4203 -57.0732
17790 -23.4203 -57.0732
17820 -23.4203 -57.0732
17850 -23.4203 -57.0732
17880 -23.4203 -57.0732
17910 -23.4203 -57.0732
17940 -23.4203 -57.0732
17970 -23.4203 -57.0732
18000 -23.4203 -57.0732
18030 -23.4203 -57.0732
18060 -23.4203 -57.0732
18090 -23.4203 -57.0732
18120 -23.4203 -57.0732
18150 -23.4203 -57.0732
18180 -23.4203 -57.0732
18210 -23.4203 -57.0732
18240 -23.4203 -57.0732
18270 -23.4203 -57.0732
18300 -23.4203 -57.0732
18330 -23.4203 -57.0732
18360 -23.4203 -57.0732
18390 -23.4203 -57.0732
18420 -23.4203 -57.0732
18450 -23.4203 -57.0732
18480 -23.4203 -57.0732
18510 -23.4203 -57.0732
18540 -23.4203 -57.0732
18570 -23.4203 -57.0732
18600 -23.4203 -57.0732
18630 -23.4203 -57.0732
18660 -23.4203 -57.0732
18690 -23.4203 -57.0732
18720 -23.4203 -57.0732
18750 -23.4203 -57.0732
18780 -23.4203 -57.0732
18810 -23.4203 -57.0732
18840 -23.4203 -57.0732
18870 -23.4203 -57.0732
18900 -23.4203 -57.0732
18930 -23.4203 -57.0732
18960 -23.4203 -57.0732
18990 -23.4203 -57.0732
19020 -23.4203 -57.0732
19050 -47.7867 -85.7542
19080 -83.788 -69.4961
19110 -110.498 -31.7723
19140 -108.751 7.51329
19170 -98.4735 44.2257
19200 -76.2208 75.8054
19230 -55.7585 106.575
19260 -52.9539 136.771
19290 -73.3654 148.062
19320 -88.3024 114.638
19350 -126.173 124.118
19380 -91.41 141.382
19410 31.9981 248.314
19440 184.527 275.352
19470 248.513 392.772
19500 78.9989 496.897
19530 50.3986 823.606
19560 51.9351 839.095
19590 510.044 752.158
19620 597.386 991.067
19650 714.557 1097.84
19680 489.443 1271.61
19710 430.511 1157.4
19740 443.163 1170.35
19770 458.346 1185.9
19800 434.291 1177
19830 413.315 1158.8
19860 397.726 1130.87
19890 362.531 1145.35
19920 327.695 1159.2
19950 287.237 1174.19
19980 250.375 1190.9
20010 225.372 1220.62
20040 194.424 1236.65
20070 190.901 1226.68
20100 196.32 1222.18
20130 196.32 1222.18
20160 196.32 1222.18
20190 196.32 1222.18
20220 196.32 1222.18
20250 196.32 1222.18
20280 196.32 1222.18
20310 196.32 1222.18
20340 196.32 1222.18
20370 196.32 1222.18
20400 196.32 1222.18
20430 196.32 1222.18
20460 196.32 1222.18
20490 196.32 1222.18
20520 196.32 1222.18
20550 196.32 1222.18
20580 196.32 1222.18
20610 196.32 1222.18
20640 196.32 1222.18
20670 196.32 1222.18
20700 196.32 1222.18
20730 196.32 1222.18
20760 196.32 1222.18
20790 196.32 1222.18
20820 196.32 1222.18
20850 196.32 1222.18
20880 196.32 1222.18
20910 196.32 1222.18
20940 196.32 1222.18
20970 196.32 1222.18
21000 196.32 1222.18
21030 196.32 1222.18
21060 196.32 1222.18
21090 196.32 1222.18
21120 196.32 1222.18
21150 196.32 1222.18
21180 196.32 1222.18
21210 196.32 1222.18
21240 196.32 1222.18
21270 196.32 1222.18
21300 196.32 1222.18
21330 196.32 1222.18
21360 196.32 1222.18
21390 196.32 1222.18
21420 196.32 1222.18
21450 196.32 1222.18
21480 196.32 1222.18
21510 196.32 1222.18
21540 196.32 1222.18
21570 196.32 1222.18
21600 196.32 1222.18
21630 196.32 1222.18
21660 196.32 1222.18
21690 196.32 1222.18
21720 196.32 1222.18
21750 196.32 1222.18
21780 196.32 1222.18
21810 196.32 1222.18
21840 196.32 1222.18
21870 196.32 1222.18
21900 196.32 1222.18
21930 196.32 1222.18
21960 196.32 1222.18
21990 196.32 1222.18
22020 196.32 1222.18
22050 196.32 1222.18
22080 196.32 1222.18
22110 196.32 1222.18
22140 196.32 1222.18
22170 196.32 1222.18
22200 196.32 1222.18
22230 196.32 1222.18
22260 196.32 1222.18
22290 196.32 1222.18
22320 196.32 1222.18
22350 196.32 1222.18
22380 196.32 1222.18
22410 196.32 1222.18
22440 196.32 1222.18
22470 196.32 1222.18
22500 196.32 1222.18
22530 196.32 1222.18
22560 196.32 1222.18
22590 196.32 1222.18
22620 196.32 1222.18
22650 196.32 1222.18
22680 196.32 1222.18
22710 196.32 1222.18
22740 196.32 1222.18
22770 196.32 1222.18
22800 196.32 1222.18
22830 196.32 1222.18
22860 196.32 1222.18
22890 196.32 1222.18
22920 196.32 1222.18
22950 196.32 1222.18
22980 196.32 1222.18
23010 196.32 1222.18
23040 196.32 1222.18
23070 196.32 1222.18
23100 196.32 1222.18
23130 196.32 1222.18
23160 196.32 1222.18
23190 196.32 1222.18
23220 196.32 1222.18
23250 196.32 1222.18
23280 196.32 1222.18
23310 196.32 1222.18
23340 196.32 1222.18
23370 196.32 1222.18
23400 196.32 1222.18
23430 196.32 1222.18
23460 196.32 1222.18
23490 196.32 1222.18
23520 196.32 1222.18
23550 196.32 1222.18
23580 196.32 1222.18
23610 196.32 1222.18
23640 196.32 1222.18
23670 196.32 1222.18
23700 196.32 1222.18
23730 196.32 1222.18
23760 196.32 1222.18
23790 196.32 1222.18
23820 196.32 1222.18
23850 196.32 1222.18
23880 196.32 1222.18
23910 196.32 1222.18
23940 196.32 1222.18
23970 196.32 1222.18
24000 196.32 1222.18
24030 196.32 1222.18
24060 196.32 1222.18
24090 196.32 1222.18
24120 196.32 1222.18
24150 196.32 1222.18
24180 196.32 1222.18
24210 196.32 1222.18
24240 196.32 1222.18
24270 196.32 1222.18
24300 196.32 1222.18
24330 196.32 1222.18
24360 196.32 1222.18
24390 196.32 1222.18
24420 196.32 1222.18
24450 196.32 1222.18
24480 196.32 1222.18
24510 196.32 1222.18
24540 196.32 1222.18
24570 196.32 1222.18
24600 196.32 1222.18
24630 196.32 1222.18
24660 196.32 1222.18
24690 196.32 1222.18
24720 196.32 1222.18
24750 196.32 1222.18
24780 196.32 1222.18
24810 196.32 1222.18
24840 196.32 1222.18
24870 196.32 1222.18
24900 196.32 1222.18
24930 196.32 1222.18
24960 196.32 1222.18
24990 196.32 1222.18
25020 196.32 1222.18
25050 196.32 1222.18
25080 196.32 1222.18
25110 196.32 1222.18
25140 196.32 1222.18
25170 196.32 1222.18
25200 196.32 1222.18
25230 196.32 1222.18
25260 196.32 1222.18
25290 196.32 1222.18
25320 196.32 1222.18
25350 196.32 1222.18
25380 196.32 1222.18
25410 196.32 1222.18
25440 196.32 1222.18
25470 196.32 1222.18
25500 196.32 1222.18
25530 196.32 1222.18
25560 196.32 1222.18
25590 196.32 1222.18
25620 196.32 1222.18
25650 196.32 1222.18
25680 196.32 1222.18
25710 196.32 1222.18
25740 196.32 1222.18
25770 196.32 1222.18
25800 196.32 1222.18
25830 196.32 1222.18
25860 196.32 1222.18
25890 196.32 1222.18
25920 196.32 1222.18
25950 196.32 1222.18
25980 196.32 1222.18
26010 196.32 1222.18
26040 196.32 1222.18
26070 196.32 1222.18
26100 196.32 1222.18
26130 196.32 1222.18
26160 196.32 1222.18
26190 196.32 1222.18
26220 196.32 1222.18
26250 196.32 1222.18
26280 196.32 1222.18
26310 196.32 1222.18
26340 196.32 1222.18
26370 196.32 1222.18
26400 196.32 1222.18
26430 196.32 1222.18
26460 196.32 1222.18
26490 196.32 1222.18
26520 196.32 1222.18
26550 196.32 1222.18
26580 196.32 1222.18
26610 196.32 1222.18
26640 196.32 1222.18
26670 196.32 1222.18
26700 196.32 1222.18
26730 196.32 1222.18
26760 196.32 1222.18
26790 196.32 1222.18
26820 196.32 1222.18
26850 196.32 1222.18
26880 196.32 1222.18
26910 196.32 1222.18
26940 196.32 1222.18
26970 196.32 1222.18
27000 196.32 1222.18
27030 196.32 1222.18
27060 196.32 1222.18
27090 196.32 1222.18
27120 196.32 1222.18
27150 196.32 1222.18
27180 196.32 1222.18
27210 196.32 1222.18
27240 196.32 1222.18
27270 196.32 1222.18
27300 196.32 1222.18
27330 196.32 1222.18
27360 196.32 1222.18
27390 196.32 1222.18
27420 196.32 1222.18
27450 196.32 1222.18
27480 196.32 1222.18
27510 196.32 1222.18
27540 196.32 1222.18
27570 196.32 1222.18
27600 196.32 1222.18
27630 196.32 1222.18
27660 196.32 1222.18
27690 196.32 1222.18
27720 196.32 1222.18
27750 196.32 1222.18
27780 196.32 1222.18
27810 196.32 1222.18
27840 196.32 1222.18
27870 196.32 1222.18
27900 196.32 1222.18
27930 196.32 1222.18
27960 196.32 1222.18
27990 196.32 1222.18
28020 196.32 1222.18
28050 196.32 1222.18
28080 196.32 1222.18
28110 196.32 1222.18
28140 196.32 1222.18
28170 196.32 1222.18
28200 196.32 1222.18
28230 196.32 1222.18
28260 196.32 1222.18
28290 196.32 1222.18
28320 196.32 1222.18
28350 196.32 1222.18
28380 196.32 1222.18
28410 196.32 1222.18
28440 196.32 1222.18
28470 196.32 1222.18
28500 196.32 1222.18
28530 196.32 1222.18
28560 196.32 1222.18
28590 196.32 1222.18
28620 196.32 1222.18
28650 196.32 1222.18
28680 196.32 1222.18
28710 196.32 1222.18
28740 196.32 1222.18
28770 196.32 1222.18
28800 196.32 1222.18
28830 196.32 1222.18
28860 196.32 1222.18
28890 196.32 1222.18
28920 196.32 1222.18
28950 196.32 1222.18
28980 196.32 1222.18
29010 196.32 1222.18
29040 196.32 1222.18
29070 196.32 1222.18
29100 196.32 1222.18
29130 196.32 1222.18
29160 196.32 1222.18
29190 196.32 1222.18
29220 196.32 1222.18
29250 196.32 1222.18
29280 196.32 1222.18
29310 196.32 1222.18
29340 196.32 1222.18
29370 196.32 1222.18
29400 196.32 1222.18
29430 196.32 1222.18
29460 196.32 1222.18
29490 196.32 1222.18
29520 196.32 1222.18
29550 186.789 1209.56
29580 211.313 1235.54
29610 227.841 1237.11
29640 243.868 1209.02
29670 266.197 1190.22
29700 292.64 1176.62
29730 320.506 1158.95
29760 350.158 1135.75
29790 378.497 1116.21
29820 401.52 1113.09
29850 400.954 1132.85
29880 405.719 1135.36
29910 415.248 1145.04
29940 425.002 1159.4
29970 424.409 1154.72
30000 423.816 1150.03
30030 423.222 1145.35
30060 422.629 1140.67
30090 422.036 1135.98
30120 415.157 1120.62
30150 394.009 1116.56
30180 417.536 1145.75
30210 410.461 1186.44
30240 424.292 1204.37
30270 409.554 1174.38
30300 439.679 1134.13
30330 419.925 1114.09
30360 417.762 1099.5
30390 422.001 1100.29
30420 424.095 1104.5
30450 426.188 1108.72
30480 428.282 1112.93
30510 430.376 1117.14
30540 432.47 1121.35
30570 457.034 1164
30600 438.395 1181.67
30630 454.764 1178.38
30660 471.133 1175.09
30690 487.502 1171.79
30720 503.871 1168.5
30750 441.156 1178.83
30780 432.368 1176.38
30810 435.905 1171.56
30840 374.993 1117.55
30870 375.859 1117.73
30900 416.054 1152.59
30930 439.149 1208.94
30960 437.375 1223.63
30990 401.881 1120.77
31020 605.119 994.54
31050 425.905 797.397
31080 -0.479842 881.386
31110 -97.3419 906.282
31140 -111.196 914.284
31170 -144.304 927.5
31200 -143.921 927.428
31230 -143.539 927.355
31260 -143.887 927.684
31290 -145.943 928.951
31320 -147.998 930.218
31350 -246.231 839.104
31380 -524.633 450.116
31410 -701.479 310.035
31440 -1074.32 -27.5863
31470 -1585.06 -341.687
31500 -1835.96 -432.954
31530 -2126.33 -545.183
31560 -2154.89 -676.887
31590 -2130.09 -646.46
31620 -2124.24 -655.98
31650 -2100.95 -645.328
31680 -2096.64 -645.384
31710 -2096.64 -645.384
31740 -2096.64 -645.384
31770 -2096.64 -645.384
31800 -2096.64 -645.384
31830 -2096.64 -645.384
31860 -2096.64 -645.384
31890 -2096.64 -645.384
31920 -2096.64 -645.384
31950 -2109.16 -671.588
31980 -2126.5 -707.858
32010 -2135.98 -706.323
32040 -2127.35 -638.594
32070 -2132.36 -631.525
32100 -2139.2 -627.017
32130 -2188.63 -402.337
32160 -2215.94 -271.519
32190 -2181.61 -407.977
32220 -2130.6 -656.688
32250 -2129.48 -639.86
32280 -2130.46 -638.908
32310 -2170.68 -674.577
32340 -2223.2 -589.614
32370 -2648.2 -619.002
32400 -2872.14 -603.589
32430 -3184.83 -598.346
32460 -3620.8 -876.673
32490 -3927.63 -1246.38
32520 -3934.09 -1846.22
32550 -4007.18 -2424.23
32580 -4091.18 -2621.56
32610 -4329.56 -2480.06
32640 -4792.54 -2275.27
32670 -4810.14 -2154.4
32700 -4809.76 -2038.67
32730 -4833.51 -1919.41
32760 -4847.75 -1837.47
32790 -4844.79 -1841.49
32820 -4836.04 -1850.45
32850 -4820.77 -1853.4
