0 -1506.87 1751.16
30 -1506.87 1751.16
60 -1506.87 1751.16
90 -1506.87 1751.16
120 -1506.87 1751.16
150 -1506.87 1751.16
180 -1506.87 1751.16
210 -1506.87 1751.16
240 -1506.87 1751.16
270 -1506.87 1751.16
300 -1506.87 1751.16
330 -1506.87 1751.16
360 -1494.28 1731.4
390 -1472.68 1697.5
420 -1446.99 1673.35
450 -1439.75 1669.48
480 -1437.65 1666.54
510 -1339.6 1627.84
540 -1216.05 1458.95
570 -1217.15 1425.56
600 -1217.32 1425.56
630 -1217.53 1425.43
660 -1217.86 1424.82
690 -1224.31 1103.03
720 -1101.26 761.664
750 -893.17 622.651
780 -683.111 360.01
810 -681.395 359.03
840 -553.272 268.797
870 -299.916 126.177
900 -110.522 27.3281
930 -91.0675 91.4241
960 -68.5751 159.506
990 -68.7774 136.229
1020 -71.2701 134.893
1050 -68.9941 132.912
1080 -57.6503 138.255
1110 -43.6874 126.734
1140 -57.8671 100.63
1170 -75.1627 72.5558
1200 -94.9059 45.6505
1230 -102.366 10.7758
1260 -97.2181 -6.14611
1290 -96.3962 -11.3221
1320 -96.3962 -11.3221
1350 -96.3962 -11.3221
1380 -96.3962 -11.3221
1410 -96.3962 -11.3221
1440 -96.3962 -11.3221
1470 -96.3962 -11.3221
1500 -96.3962 -11.3221
1530 -96.3962 -11.3221
1560 -96.3962 -11.3221
1590 -96.3962 -11.3221
1620 -96.3962 -11.3221
1650 -96.3962 -11.3221
1680 -96.3962 -11.3221
1710 -96.3962 -11.3221
1740 -96.3962 -11.3221
1770 -96.3962 -11.3221
1800 -96.3962 -11.3221
1830 -96.3962 -11.3221
1860 -96.3962 -11.3221
1890 -96.3962 -11.3221
1920 -96.3962 -11.3221
1950 -96.3962 -11.3221
1980 -96.3962 -11.3221
2010 -96.3962 -11.3221
2040 -96.3962 -11.3221
2070 -96.3962 -11.3221
2100 -96.3962 -11.3221
2130 -96.3962 -11.3221
2160 -96.3962 -11.3221
2190 -96.3962 -11.3221
2220 -96.3962 -11.3221
2250 -96.3962 -11.3221
2280 -96.3962 -11.3221
2310 -96.3962 -11.3221
2340 -96.3962 -11.3221
2370 -96.3962 -11.3221
2400 -96.3962 -11.3221
2430 -96.3962 -11.3221
2460 -96.3962 -11.3221
2490 -96.3962 -11.3221
2520 -96.3962 -11.3221
2550 -96.3962 -11.3221
2580 -96.3962 -11.3221
2610 -96.3962 -11.3221
2640 -96.3962 -11.3221
2670 -96.3962 -11.3221
2700 -96.3962 -11.3221
2730 -96.3962 -11.3221
2760 -96.3962 -11.3221
2790 -96.3962 -11.3221
2820 -96.3962 -11.3221
2850 -96.3962 -11.3221
2880 -96.3962 -11.3221
2910 -96.3962 -11.3221
2940 -96.3962 -11.3221
2970 -96.3962 -11.3221
3000 -96.3962 -11.3221
3030 -96.3962 -11.3221
3060 -96.3962 -11.3221
3090 -96.3962 -11.3221
3120 -96.3962 -11.3221
3150 -96.3962 -11.3221
3180 -96.3962 -11.3221
3210 -96.3962 -11.3221
3240 -96.3962 -11.3221
3270 -96.3962 -11.3221
3300 -96.3962 -11.3221
3330 -96.3962 -11.3221
3360 -96.3962 -11.3221
3390 -96.3962 -11.3221
3420 -96.3962 -11.3221
3450 -96.3962 -11.3221
3480 -96.3962 -11.3221
3510 -96.3962 -11.3221
3540 -96.3962 -11.3221
3570 -96.3962 -11.3221
3600 -96.3962 -11.3221
3630 -96.3962 -11.3221
3660 -96.3962 -11.3221
3690 -96.3962 -11.3221
3720 -96.3962 -11.3221
3750 -96.3962 -11.3221
3780 -96.3962 -11.3221
3810 -96.3962 -11.3221
3840 -96.3962 -11.3221
3870 -96.3962 -11.3221
3900 -96.3962 -11.3221
3930 -96.3962 -11.3221
3960 -96.3962 -11.3221
3990 -96.3962 -11.3221
4020 -96.3962 -11.3221
4050 -96.3962 -11.3221
4080 -96.3962 -11.3221
4110 -96.3962 -11.3221
4140 -96.3962 -11.3221
4170 -96.3962 -11.3221
4200 -96.3962 -11.3221
4230 -96.3962 -11.3221
4260 -96.3962 -11.3221
4290 -96.3962 -11.3221
4320 -96.3962 -11.3221
4350 -96.3962 -11.3221
4380 -96.3962 -11.3221
4410 -96.3962 -11.3221
4440 -96.3962 -11.3221
4470 -96.3962 -11.3221
4500 -96.3962 -11.3221
4530 -96.3962 -11.3221
4560 -96.3962 -11.3221
4590 -96.3962 -11.3221
4620 -96.3962 -11.3221
4650 -96.3962 -11.3221
4680 -96.3962 -11.3221
4710 -96.3962 -11.3221
4740 -96.3962 -11.3221
4770 -96.3962 -11.3221
4800 -96.3962 -11.3221
4830 -96.3962 -11.3221
4860 -96.3962 -11.3221
4890 -96.3962 -11.3221
4920 -96.3962 -11.3221
4950 -96.3962 -11.3221
4980 -96.3962 -11.3221
5010 -96.3962 -11.3221
5040 -96.3962 -11.3221
5070 -96.3962 -11.3221
5100 -96.3962 -11.3221
5130 -96.3962 -11.3221
5160 -96.3962 -11.3221
5190 -96.3962 -11.3221
5220 -96.3962 -11.3221
5250 -96.3962 -11.3221
5280 -96.3962 -11.3221
5310 -96.3962 -11.3221
5340 -96.3962 -11.3221
5370 -96.3962 -11.3221
5400 -96.3962 -11.3221
5430 -96.3962 -11.3221
5460 -96.3962 -11.3221
5490 -96.3962 -11.3221
5520 -96.3962 -11.3221
5550 -96.3962 -11.3221
5580 -96.3962 -11.3221
5610 -96.3962 -11.3221
5640 -96.3962 -11.3221
5670 -96.3962 -11.3221
5700 -96.3962 -11.3221
5730 -96.3962 -11.3221
5760 -96.3962 -11.3221
5790 -96.3962 -11.3221
5820 -96.3962 -11.3221
5850 -96.3962 -11.3221
5880 -96.3962 -11.3221
5910 -96.3962 -11.3221
5940 -96.3962 -11.3221
5970 -96.3962 -11.3221
6000 -96.3962 -11.3221
6030 -96.3962 -11.3221
6060 -96.3962 -11.3221
6090 -96.3962 -11.3221
6120 -96.3962 -11.3221
6150 -96.3962 -11.3221
6180 -96.3962 -11.3221
6210 -96.3962 -11.3221
6240 -96.3962 -11.3221
6270 -96.3962 -11.3221
6300 -96.3962 -11.3221
6330 -96.3962 -11.3221
6360 -96.3962 -11.3221
6390 -96.3962 -11.3221
6420 -96.3962 -11.3221
6450 -96.3962 -11.3221
6480 -96.3962 -11.3221
6510 -96.3962 -11.3221
6540 -96.3962 -11.3221
6570 -96.3962 -11.3221
6600 -96.3962 -11.3221
6630 -96.3962 -11.3221
6660 -96.3962 -11.3221
6690 -96.3962 -11.3221
6720 -96.3962 -11.3221
6750 -96.3962 -11.3221
6780 -96.3962 -11.3221
6810 -96.3962 -11.3221
6840 -96.3962 -11.3221
6870 -96.3962 -11.3221
6900 -96.3962 -11.3221
6930 -96.3962 -11.3221
6960 -96.3962 -11.3221
6990 -96.3962 -11.3221
7020 -96.3962 -11.3221
7050 -96.3962 -11.3221
7080 -96.3962 -11.3221
7110 -96.3962 -11.3221
7140 -96.3962 -11.3221
7170 -96.3962 -11.3221
7200 -96.3962 -11.3221
7230 -96.3962 -11.3221
7260 -96.3962 -11.3221
7290 -96.3962 -11.3221
7320 -96.3962 -11.3221
7350 -96.3962 -11.3221
7380 -96.3962 -11.3221
7410 -96.3962 -11.3221
7440 -96.3962 -11.3221
7470 -96.3962 -11.3221
7500 -96.3962 -11.3221
7530 -96.3962 -11.3221
7560 -96.3962 -11.3221
7590 -96.3962 -11.3221
7620 -96.3962 -11.3221
7650 -96.3962 -11.3221
7680 -96.3962 -11.3221
7710 -96.3962 -11.3221
7740 -96.3962 -11.3221
7770 -96.3962 -11.3221
7800 -96.3962 -11.3221
7830 -96.3962 -11.3221
7860 -96.3962 -11.3221
7890 -96.3962 -11.3221
7920 -96.3962 -11.3221
7950 -96.3962 -11.3221
7980 -96.3962 -11.3221
8010 -96.3962 -11.3221
8040 -96.3962 -11.3221
8070 -96.3962 -11.3221
8100 -96.3962 -11.3221
8130 -96.3962 -11.3221
8160 -96.3962 -11.3221
8190 -96.3962 -11.3221
8220 -96.3962 -11.3221
8250 -96.3962 -11.3221
8280 -96.3962 -11.3221
8310 -96.3962 -11.3221
8340 -96.3962 -11.3221
8370 -96.3962 -11.3221
8400 -96.3962 -11.3221
8430 -96.3962 -11.3221
8460 -96.3962 -11.3221
8490 -96.3962 -11.3221
8520 -96.3962 -11.3221
8550 -96.3962 -11.3221
8580 -96.3962 -11.3221
8610 -96.3962 -11.3221
8640 -96.3962 -11.3221
8670 -96.3962 -11.3221
8700 -96.3962 -11.3221
8730 -96.3962 -11.3221
8760 -96.3962 -11.3221
8790 -96.3962 -11.3221
8820 -96.3962 -11.3221
8850 -96.3962 -11.3221
8880 -96.3962 -11.3221
8910 -96.3962 -11.3221
8940 -96.3962 -11.3221
8970 -96.3962 -11.3221
9000 -96.3962 -11.3221
9030 -96.3962 -11.3221
9060 -96.3962 -11.3221
9090 -96.3962 -11.3221
9120 -96.3962 -11.3221
9150 -96.3962 -11.3221
9180 -96.3962 -11.3221
9210 -96.3962 -11.3221
9240 -96.3962 -11.3221
9270 -96.3962 -11.3221
9300 -96.3962 -11.3221
9330 -96.3962 -11.3221
9360 -96.3962 -11.3221
9390 -96.3962 -11.3221
9420 -96.3962 -11.3221
9450 -96.3962 -11.3221
9480 -96.3962 -11.3221
9510 -96.3962 -11.3221
9540 -96.3962 -11.3221
9570 -96.3962 -11.3221
9600 -96.3962 -11.3221
9630 -96.3962 -11.3221
9660 -96.3962 -11.3221
9690 -96.3962 -11.3221
9720 -96.3962 -11.3221
9750 -96.3962 -11.3221
9780 -96.3962 -11.3221
9810 -96.3962 -11.3221
9840 -96.3962 -11.3221
9870 -96.3962 -11.3221
9900 -96.3962 -11.3221
9930 -96.3962 -11.3221
9960 -96.3962 -11.3221
9990 -96.3962 -11.3221
10020 -96.3962 -11.3221
10050 -96.3962 -11.3221
10080 -96.3962 -11.3221
10110 -96.3962 -11.3221
10140 -96.3962 -11.3221
10170 -96.3962 -11.3221
10200 -96.3962 -11.3221
10230 -96.3962 -11.3221
10260 -96.3962 -11.3221
10290 -96.3962 -11.3221
10320 -96.3962 -11.3221
10350 -96.3962 -11.3221
10380 -96.3962 -11.3221
10410 -96.3962 -11.3221
10440 -96.3962 -11.3221
10470 -96.3962 -11.3221
10500 -96.3962 -11.3221
10530 -96.3962 -11.3221
10560 -96.3962 -11.3221
10590 -96.3962 -11.3221
10620 -96.3962 -11.3221
10650 -96.3962 -11.3221
10680 -96.3962 -11.3221
10710 -96.3962 -11.3221
10740 -96.3962 -11.3221
10770 -96.3962 -11.3221
10800 -96.3962 -11.3221
10830 -96.3962 -11.3221
10860 -96.3962 -11.3221
10890 -96.3962 -11.3221
10920 -96.3962 -11.3221
10950 -96.3962 -11.3221
10980 -96.3962 -11.3221
11010 -96.3962 -11.3221
11040 -96.3962 -11.3221
11070 -96.3962 -11.3221
11100 -96.3962 -11.3221
11130 -96.3962 -11.3221
11160 -96.3962 -11.3221
11190 -96.3962 -11.3221
11220 -96.3962 -11.3221
11250 -96.3962 -11.3221
11280 -96.3962 -11.3221
11310 -96.3962 -11.3221
11340 -96.3962 -11.3221
11370 -96.3962 -11.3221
11400 -96.3962 -11.3221
11430 -96.3962 -11.3221
11460 -96.3962 -11.3221
11490 -96.3962 -11.3221
11520 -96.3962 -11.3221
11550 -96.3962 -11.3221
11580 -96.3962 -11.3221
11610 -96.3962 -11.3221
11640 -96.3962 -11.3221
11670 -96.3962 -11.3221
11700 -96.3962 -11.3221
11730 -96.3962 -11.3221
11760 -96.3962 -11.3221
11790 -96.3962 -11.3221
11820 -96.3962 -11.3221
11850 -96.3962 -11.3221
11880 -96.3962 -11.3221
11910 -96.3962 -11.3221
11940 -96.3962 -11.3221
11970 -96.3962 -11.3221
12000 -96.3962 -11.3221
12030 -96.3962 -11.3221
12060 -96.3962 -11.3221
12090 -96.3962 -11.3221
12120 -96.3962 -11.3221
12150 -96.3962 -11.3221
12180 -96.3962 -11.3221
12210 -96.3962 -11.3221
12240 -96.3962 -11.3221
12270 -96.3962 -11.3221
12300 -96.3962 -11.3221
12330 -96.3962 -11.3221
12360 -96.3962 -11.3221
12390 -96.3962 -11.3221
12420 -96.3962 -11.3221
12450 -96.3962 -11.3221
12480 -96.3962 -11.3221
12510 -96.3962 -11.3221
12540 -96.3962 -11.3221
12570 -96.3962 -11.3221
12600 -96.3962 -11.3221
12630 -96.3962 -11.3221
12660 -96.3962 -11.3221
12690 -96.3962 -11.3221
12720 -96.3962 -11.3221
12750 -96.3962 -11.3221
12780 -96.3962 -11.3221
12810 -96.3962 -11.3221
12840 -96.3962 -11.3221
12870 -96.3962 -11.3221
12900 -96.3962 -11.3221
12930 -96.3962 -11.3221
12960 -96.3962 -11.3221
12990 -96.3962 -11.3221
13020 -96.3962 -11.3221
13050 -96.3962 -11.3221
13080 -96.3962 -11.3221
13110 -96.3962 -11.3221
13140 -96.3962 -11.3221
13170 -96.3962 -11.3221
13200 -96.3962 -11.3221
13230 -96.3962 -11.3221
13260 -96.3962 -11.3221
13290 -96.3962 -11.3221
13320 -96.3962 -11.3221
13350 -96.3962 -11.3221
13380 -96.3962 -11.3221
13410 -96.3962 -11.3221
13440 -96.3962 -11.3221
13470 -96.3962 -11.3221
13500 -96.3962 -11.3221
13530 -96.3962 -11.3221
13560 -96.3962 -11.3221
13590 -96.3962 -11.3221
13620 -96.3962 -11.3221
13650 -96.3962 -11.3221
13680 -96.3962 -11.3221
13710 -96.3962 -11.3221
13740 -96.3962 -11.3221
13770 -96.3962 -11.3221
13800 -96.3962 -11.3221
13830 -96.3962 -11.3221
13860 -96.3962 -11.3221
13890 -96.3962 -11.3221
13920 -96.3962 -11.3221
13950 -96.3962 -11.3221
13980 -96.3962 -11.3221
14010 -96.3962 -11.3221
14040 -96.3962 -11.3221
14070 -96.3962 -11.3221
14100 -96.3962 -11.3221
14130 -96.3962 -11.3221
14160 -96.3962 -11.3221
14190 -96.3962 -11.3221
14220 -96.3962 -11.3221
14250 -96.3962 -11.3221
14280 -96.3962 -11.3221
14310 -96.3962 -11.3221
14340 -96.3962 -11.3221
14370 -96.3962 -11.3221
14400 -96.3962 -11.3221
14430 -96.3962 -11.3221
14460 -96.3962 -11.3221
14490 -96.3962 -11.3221
14520 -96.3962 -11.3221
14550 -96.3962 -11.3221
14580 -96.3962 -11.3221
14610 -96.3962 -11.3221
14640 -96.3962 -11.3221
14670 -96.3962 -11.3221
14700 -96.3962 -11.3221
14730 -96.3962 -11.3221
14760 -96.3962 -11.3221
14790 -96.3962 -11.3221
14820 -96.3962 -11.3221
14850 -96.3962 -11.3221
14880 -96.3962 -11.3221
14910 -96.3962 -11.3221
14940 -96.3962 -11.3221
14970 -96.3962 -11.3221
15000 -96.3962 -11.3221
15030 -96.3962 -11.3221
15060 -96.3962 -11.3221
15090 -96.3962 -11.3221
15120 -96.3962 -11.3221
15150 -96.3962 -11.3221
15180 -96.3962 -11.3221
15210 -96.3962 -11.3221
15240 -96.3962 -11.3221
15270 -96.3962 -11.3221
15300 -96.3962 -11.3221
15330 -96.3962 -11.3221
15360 -96.3962 -11.3221
15390 -96.3962 -11.3221
15420 -96.3962 -11.3221
15450 -96.3962 -11.3221
15480 -96.3962 -11.3221
15510 -96.3962 -11.3221
15540 -96.3962 -11.3221
15570 -96.3962 -11.3221
15600 -96.3962 -11.3221
15630 -96.3962 -11.3221
15660 -96.3962 -11.3221
15690 -96.3962 -11.3221
15720 -96.3962 -11.3221
15750 -96.3962 -11.3221
15780 -96.3962 -11.3221
15810 -96.3962 -11.3221
15840 -96.3962 -11.3221
15870 -96.3962 -11.3221
15900 -96.3962 -11.3221
15930 -96.3962 -11.3221
15960 -96.3962 -11.3221
15990 -96.3962 -11.3221
16020 -96.3962 -11.3221
16050 -96.3962 -11.3221
16080 -96.3962 -11.3221
16110 -96.3962 -11.3221
16140 -96.3962 -11.3221
16170 -96.3962 -11.3221
16200 -96.3962 -11.3221
16230 -96.3962 -11.3221
16260 -96.3962 -11.3221
16290 -96.3962 -11.3221
16320 -96.3962 -11.3221
16350 -96.3962 -11.3221
16380 -96.3962 -11.3221
16410 -96.3962 -11.3221
16440 -96.3962 -11.3221
16470 -96.3962 -11.3221
16500 -96.3962 -11.3221
16530 -96.3962 -11.3221
16560 -96.3962 -11.3221
16590 -96.3962 -11.3221
16620 -96.3962 -11.3221
16650 -96.3962 -11.3221
16680 -96.3962 -11.3221
16710 -96.3962 -11.3221
16740 -96.3962 -11.3221
16770 -96.3962 -11.3221
16800 -96.3962 -11.3221
16830 -96.3962 -11.3221
16860 -96.3962 -11.3221
16890 -96.3962 -11.3221
16920 -96.3962 -11.3221
16950 -96.3962 -11.3221
16980 -96.3962 -11.3221
17010 -96.3962 -11.3221
17040 -96.3962 -11.3221
17070 -96.3962 -11.3221
17100 -96.3962 -11.3221
17130 -96.3962 -11.3221
17160 -96.3962 -11.3221
17190 -96.3962 -11.3221
17220 -96.3962 -11.3221
17250 -96.3962 -11.3221
17280 -96.3962 -11.3221
17310 -96.3962 -11.3221
17340 -96.3962 -11.3221
17370 -96.3962 -11.3221
17400 -96.3962 -11.3221
17430 -96.3962 -11.3221
17460 -96.3962 -11.3221
17490 -96.3962 -11.3221
17520 -96.3962 -11.3221
17550 -96.3962 -11.3221
17580 -96.3962 -11.3221
17610 -96.3962 -11.3221
17640 -96.3962 -11.3221
17670 -96.3962 -11.3221
17700 -96.3962 -11.3221
17730 -96.3962 -11.3221
17760 -96.3962 -11.3221
17790 -96.3962 -11.3221
17820 -96.3962 -11.3221
17850 -96.3962 -11.3221
17880 -96.3962 -11.3221
17910 -96.3962 -11.3221
17940 -96.3962 -11.3221
17970 -96.3962 -11.3221
18000 -96.3962 -11.3221
18030 -96.3962 -11.3221
18060 -96.3962 -11.3221
18090 -96.3962 -11.3221
18120 -96.3962 -11.3221
18150 -96.3962 -11.3221
18180 -96.3962 -11.3221
18210 -96.3962 -11.3221
18240 -96.3962 -11.3221
18270 -96.3962 -11.3221
18300 -96.3962 -11.3221
18330 -96.3962 -11.3221
18360 -96.3962 -11.3221
18390 -96.3962 -11.3221
18420 -96.3962 -11.3221
18450 -96.3962 -11.3221
18480 -96.3962 -11.3221
18510 -96.3962 -11.3221
18540 -96.3962 -11.3221
18570 -96.3962 -11.3221
18600 -96.3962 -11.3221
18630 -96.3962 -11.3221
18660 -96.3962 -11.3221
18690 -96.3962 -11.3221
18720 -96.3962 -11.3221
18750 -96.3962 -11.3221
18780 -96.3962 -11.3221
18810 -96.3962 -11.3221
18840 -96.3962 -11.3221
18870 -96.3962 -11.3221
18900 -96.3962 -11.3221
18930 -96.3962 -11.3221
18960 -96.3962 -11.3221
18990 -96.3962 -11.3221
19020 -96.3962 -11.3221
19050 -96.3962 -11.3221
19080 -96.3962 -11.3221
19110 -96.3962 -11.3221
19140 -96.3962 -11.3221
19170 -96.3962 -11.3221
19200 -96.3962 -11.3221
19230 -96.3962 -11.3221
19260 -96.3962 -11.3221
19290 -96.3962 -11.3221
19320 -96.3962 -11.3221
19350 -96.3962 -11.3221
19380 -96.3962 -11.3221
19410 -96.3962 -11.3221
19440 -96.3962 -11.3221
19470 -96.3962 -11.3221
19500 -96.3962 -11.3221
19530 -96.3962 -11.3221
19560 -96.3962 -11.3221
19590 -96.3962 -11.3221
19620 -96.3962 -11.3221
19650 -96.3962 -11.3221
19680 -96.3962 -11.3221
19710 -96.3962 -11.3221
19740 -96.3962 -11.3221
19770 -96.3962 -11.3221
19800 -96.3962 -11.3221
19830 -96.3962 -11.3221
19860 -96.3962 -11.3221
19890 -96.3962 -11.3221
19920 -96.3962 -11.3221
19950 -96.3962 -11.3221
19980 -96.3962 -11.3221
20010 -96.3962 -11.3221
20040 -96.3962 -11.3221
20070 -96.3962 -11.3221
20100 -96.3962 -11.3221
20130 -96.3962 -11.3221
20160 -96.3962 -11.3221
20190 -96.3962 -11.3221
20220 -96.3962 -11.3221
20250 -96.3962 -11.3221
20280 -96.3962 -11.3221
20310 -96.3962 -11.3221
20340 -96.3962 -11.3221
20370 -96.3962 -11.3221
20400 -96.3962 -11.3221
20430 -96.3962 -11.3221
20460 -96.3962 -11.3221
20490 -96.3962 -11.3221
20520 -96.3962 -11.3221
20550 -96.3962 -11.3221
20580 -96.3962 -11.3221
20610 -96.3962 -11.3221
20640 -96.3962 -11.3221
20670 -96.3962 -11.3221
20700 -96.3962 -11.3221
20730 -96.3962 -11.3221
20760 -96.3962 -11.3221
20790 -96.3962 -11.3221
20820 -96.3962 -11.3221
20850 -96.3962 -11.3221
20880 -96.3962 -11.3221
20910 -96.3962 -11.3221
20940 -96.3962 -11.3221
20970 -96.3962 -11.3221
21000 -96.3962 -11.3221
21030 -96.3962 -11.3221
21060 -96.3962 -11.3221
21090 -96.3962 -11.3221
21120 -96.3962 -11.3221
21150 -96.3962 -11.3221
21180 -96.3962 -11.3221
21210 -96.3962 -11.3221
21240 -96.3962 -11.3221
21270 -96.3962 -11.3221
21300 -96.3962 -11.3221
21330 -96.3962 -11.3221
21360 -96.3962 -11.3221
21390 -96.3962 -11.3221
21420 -96.3962 -11.3221
21450 -96.3962 -11.3221
21480 -96.3962 -11.3221
21510 -96.3962 -11.3221
21540 -96.3962 -11.3221
21570 -96.3962 -11.3221
21600 -96.3962 -11.3221
21630 -96.3962 -11.3221
21660 -96.3962 -11.3221
21690 -96.3962 -11.3221
21720 -96.3962 -11.3221
21750 -96.3962 -11.3221
21780 -96.3962 -11.3221
21810 -96.3962 -11.3221
21840 -96.3962 -11.3221
21870 -96.3962 -11.3221
21900 -96.3962 -11.3221
21930 -96.3962 -11.3221
21960 -96.3962 -11.3221
21990 -96.3962 -11.3221
22020 -96.3962 -11.3221
22050 -96.3962 -11.3221
22080 -96.3962 -11.3221
22110 -96.3962 -11.3221
22140 -96.3962 -11.3221
22170 -96.3962 -11.3221
22200 -96.3962 -11.3221
22230 -96.3962 -11.3221
22260 -96.3962 -11.3221
22290 -96.3962 -11.3221
22320 -96.3962 -11.3221
22350 -96.3962 -11.3221
22380 -96.3962 -11.3221
22410 -96.3962 -11.3221
22440 -96.3962 -11.3221
22470 -96.3962 -11.3221
22500 -96.3962 -11.3221
22530 -96.3962 -11.3221
22560 -96.3962 -11.3221
22590 -96.3962 -11.3221
22620 -96.3962 -11.3221
22650 -96.3962 -11.3221
22680 -96.3962 -11.3221
22710 -96.3962 -11.3221
22740 -96.3962 -11.3221
22770 -96.3962 -11.3221
22800 -96.3962 -11.3221
22830 -96.3962 -11.3221
22860 -96.3962 -11.3221
22890 -96.3962 -11.3221
22920 -96.3962 -11.3221
22950 -96.3962 -11.3221
22980 -96.3962 -11.3221
23010 -96.3962 -11.3221
23040 -96.3962 -11.3221
23070 -96.3962 -11.3221
23100 -96.3962 -11.3221
23130 -96.3962 -11.3221
23160 -96.3962 -11.3221
23190 -96.3962 -11.3221
23220 -96.3962 -11.3221
23250 -96.3962 -11.3221
23280 -96.3962 -11.3221
23310 -96.3962 -11.3221
23340 -96.3962 -11.3221
23370 -96.3962 -11.3221
23400 -96.3962 -11.3221
23430 -96.3962 -11.3221
23460 -96.3962 -11.3221
23490 -96.3962 -11.3221
23520 -96.3962 -11.3221
23550 -96.3962 -11.3221
23580 -96.3962 -11.3221
23610 -96.3962 -11.3221
23640 -96.3962 -11.3221
23670 -96.3962 -11.3221
23700 -96.3962 -11.3221
23730 -96.3962 -11.3221
23760 -96.3962 -11.3221
23790 -96.3962 -11.3221
23820 -96.3962 -11.3221
23850 -96.3962 -11.3221
23880 -96.3962 -11.3221
23910 -96.3962 -11.3221
23940 -96.3962 -11.3221
23970 -96.3962 -11.3221
24000 -96.3962 -11.3221
24030 -96.3962 -11.3221
24060 -96.3962 -11.3221
24090 -96.3962 -11.3221
24120 -96.3962 -11.3221
24150 -96.3962 -11.3221
24180 -96.3962 -11.3221
24210 -96.3962 -11.3221
24240 -96.3962 -11.3221
24270 -96.3962 -11.3221
24300 -96.3962 -11.3221
24330 -96.3962 -11.3221
24360 -96.3962 -11.3221
24390 -96.3962 -11.3221
24420 -96.3962 -11.3221
24450 -96.3962 -11.3221
24480 -96.3962 -11.3221
24510 -96.3962 -11.3221
24540 -96.3962 -11.3221
24570 -96.3962 -11.3221
24600 -96.3962 -11.3221
24630 -96.3962 -11.3221
24660 -96.3962 -11.3221
24690 -96.3962 -11.3221
24720 -96.3962 -11.3221
24750 -96.3962 -11.3221
24780 -96.3962 -11.3221
24810 -96.3962 -11.3221
24840 -96.3962 -11.3221
24870 -96.3962 -11.3221
24900 -96.3962 -11.3221
24930 -96.3962 -11.3221
24960 -96.3962 -11.3221
24990 -96.3962 -11.3221
25020 -96.3962 -11.3221
25050 -96.3962 -11.3221
25080 -105.434 -8.97886
25110 -144.347 1.11015
25140 -183.261 11.1992
25170 -222.174 21.2882
25200 -261.088 31.3772
25230 -300.001 41.4662
25260 -338.914 51.5552
25290 -377.828 61.6442
25320 -416.741 71.7332
25350 -455.655 81.8222
25380 -494.568 91.9112
25410 -533.481 102
25440 -572.395 112.089
25470 -611.308 122.178
25500 -650.221 132.267
25530 -689.135 142.356
25560 -728.048 152.445
25590 -766.962 162.534
25620 -805.875 172.623
25650 -844.788 182.712
25680 -883.702 192.801
25710 -922.615 202.89
25740 -961.529 212.979
25770 -1000.44 223.068
25800 -1039.36 233.157
25830 -1078.27 243.246
25860 -1117.18 253.335
25890 -1156.1 263.424
25920 -1195.01 273.513
25950 -1233.92 283.602
25980 -1272.84 293.691
26010 -1311.75 303.78
26040 -1350.66 313.869
26070 -1389.58 323.958
26100 -1428.49 334.047
26130 -1467.4 344.136
26160 -1506.32 354.225
26190 -1545.23 364.314
26220 -1584.14 374.403
26250 -1623.06 384.492
26280 -1661.97 394.581
26310 -1700.88 404.67
26340 -1739.8 414.759
26370 -1778.71 424.849
26400 -1817.62 434.938
26430 -1856.54 445.027
26460 -1895.45 455.116
26490 -1934.36 465.205
26520 -1973.28 475.294
26550 -2012.19 485.383
26580 -2051.1 495.472
26610 -2090.02 505.561
26640 -2128.93 515.65
26670 -2167.84 525.739
26700 -2206.76 535.828
26730 -2245.67 545.917
26760 -2284.58 556.006
26790 -2323.5 566.095
26820 -2362.41 576.184
26850 -2401.32 586.273
26880 -2440.24 596.362
26910 -2479.15 606.451
26940 -2518.06 616.54
26970 -2556.98 626.629
27000 -2595.89 636.718
27030 -2634.8 646.807
27060 -2673.72 656.896
27090 -2712.63 666.985
27120 -2751.54 677.074
27150 -2790.46 687.163
27180 -2829.37 697.252
27210 -2868.28 707.341
27240 -2907.2 717.43
27270 -2946.11 727.519
27300 -2985.02 737.608
27330 -3023.94 747.697
27360 -3062.85 757.786
27390 -3101.77 767.875
27420 -3140.68 777.964
27450 -3179.59 788.053
27480 -3218.51 798.142
27510 -3257.42 808.231
27540 -3296.33 818.32
27570 -3335.25 828.409
27600 -3374.16 838.498
27630 -3413.07 848.587
27660 -3451.99 858.676
27690 -3490.9 868.765
27720 -3529.81 878.854
27750 -3568.73 888.943
27780 -3607.64 899.032
27810 -3646.55 909.121
27840 -3685.47 919.21
27870 -3724.38 929.299
27900 -3763.29 939.388
27930 -3802.21 949.477
27960 -3841.12 959.566
27990 -3880.03 969.655
28020 -3918.95 979.744
28050 -3957.86 989.833
28080 -3996.77 999.922
28110 -4035.69 1010.01
28140 -4074.6 1020.1
28170 -4113.51 1030.19
28200 -4152.43 1040.28
28230 -4191.34 1050.37
28260 -4230.25 1060.46
28290 -4269.17 1070.55
28320 -4308.08 1080.63
28350 -4346.99 1090.72
28380 -4385.91 1100.81
28410 -4424.82 1110.9
28440 -4463.73 1120.99
28470 -4502.65 1131.08
28500 -4541.56 1141.17
28530 -4580.47 1151.26
28560 -4619.39 1161.35
28590 -4658.3 1171.44
28620 -4697.21 1181.52
28650 -4736.13 1191.61
28680 -4775.04 1201.7
28710 -4813.95 1211.79
28740 -4852.87 1221.88
28770 -4891.78 1231.97
28800 -4930.69 1242.06
28830 -4969.61 1252.15
28860 -5008.52 1262.24
28890 -5047.43 1272.33
28920 -5086.35 1282.41
28950 -5125.26 1292.5
28980 -5164.17 1302.59
29010 -5203.09 1312.68
29040 -5242 1322.77
29070 -5280.91 1332.86
29100 -5319.83 1342.95
29130 -5358.74 1353.04
29160 -5397.66 1363.13
29190 -5436.57 1373.22
29220 -5475.48 1383.3
29250 -5514.4 1393.39
29280 -5553.31 1403.48
29310 -5592.22 1413.57
29340 -5631.14 1423.66
29370 -5670.05 1433.75
29400 -5708.96 1443.84
29430 -5747.88 1453.93
29460 -5786.79 1464.02
29490 -5825.7 1474.11
29520 -5864.62 1484.19
29550 -5903.53 1494.28
29580 -5942.44 1504.37
29610 -5981.36 1514.46
29640 -6020.27 1524.55
29670 -6059.18 1534.64
29700 -6098.1 1544.73
29730 -6137.01 1554.82
29760 -6175.92 1564.91
29790 -6214.84 1575
29820 -6253.75 1585.08
29850 -6292.66 1595.17
29880 -6331.58 1605.26
29910 -6370.49 1615.35
29940 -6409.4 1625.44
29970 -6448.32 1635.53
30000 -6487.23 1645.62
30030 -6526.14 1655.71
30060 -6565.06 1665.8
30090 -6603.97 1675.89
30120 -6642.88 1685.97
30150 -6681.8 1696.06
30180 -6720.71 1706.15
30210 -6759.62 1716.24
30240 -6798.54 1726.33
30270 -6837.45 1736.42
30300 -6876.36 1746.51
30330 -6915.28 1756.6
30360 -6954.19 1766.69
30390 -6993.1 1776.78
30420 -7032.02 1786.86
30450 -7070.93 1796.95
30480 -7109.84 1807.04
30510 -7148.76 1817.13
30540 -7187.67 1827.22
30570 -7226.58 1837.31
30600 -7265.5 1847.4
30630 -7304.41 1857.49
30660 -7343.32 1867.58
30690 -7382.24 1877.67
30720 -7421.15 1887.75
30750 -7460.06 1897.84
30780 -7498.98 1907.93
30810 -7537.89 1918.02
30840 -7576.8 1928.11
30870 -7615.72 1938.2
30900 -7654.63 1948.29
30930 -7693.55 1958.38
30960 -7732.46 1968.47
30990 -7771.37 1978.56
31020 -7810.29 1988.64
31050 -7849.2 1998.73
31080 -7888.11 2008.82
31110 -7927.03 2018.91
31140 -7965.94 2029
31170 -8004.85 2039.09
31200 -8043.77 2049.18
31230 -8082.68 2059.27
31260 -8121.59 2069.36
31290 -8160.51 2079.45
31320 -8199.42 2089.53
31350 -8238.33 2099.62
31380 -8277.25 2109.71
31410 -8316.16 2119.8
31440 -8353.36 2103.68
31470 -8332.32 2128.73
31500 -8334.34 2132.98
31530 -8336.11 2134.12
31560 -8336.78 2133.67
31590 -8339.92 2135.41
31620 -8342.89 2138.3
31650 -8346.43 2142.69
31680 -8347.36 2144.29
31710 -8347.4 2143.29
31740 -8344.57 2138.59
31770 -8340.93 2134.98
31800 -8334.38 2128.95
31830 -8338.55 2133.16
31860 -8339.67 2133.98
31890 -8338.98 2133.83
31920 -8337.85 2132.71
31950 -8337.48 2132.02
31980 -8337.14 2131.67
32010 -8336.2 2131.8
32040 -8335.06 2132.22
32070 -8330.93 2139.64
32100 -8331.92 2134.78
32130 -8331.56 2133.58
32160 -8330.98 2133.69
32190 -8331.87 2133.34
32220 -8332.37 2132.31
32250 -8332.17 2132.65
32280 -8332.03 2132.56
32310 -8332.1 2132.71
32340 -8331.74 2130.51
32370 -8331.79 2129.77
32400 -8331.41 2131.18
32430 -8330.08 2131.8
32460 -8328.99 2130.31
32490 -8329.05 2129.02
32520 -8326 2123.81
32550 -8324.66 2121.29
32580 -8326.28 2122.69
32610 -8330.49 2128.06
32640 -8331.16 2128.66
32670 -8331.31 2128.42
32700 -8331.41 2128.08
32730 -8331.69 2127.97
32760 -8331.9 2127.84
32790 -8331.85 2127.79
32820 -8332.72 2129.06
32850 -8333.31 2129.55
32880 -8333.73 2129.75
32910 -8334.02 2130.11
32940 -8334.38 2130.42
32970 -8334.85 2130.4
33000 -8335.61 2130.2
33030 -8336.47 2130.78
33060 -8336.15 2129.6
33090 -8335.12 2128.04
33120 -8332.53 2123.18
33150 -8332.37 2123.45
33180 -8332.19 2123.65
33210 -8332.43 2124.47
33240 -8332.82 2124.9
33270 -8333.24 2126.06
33300 -8333.62 2126.59
33330 -8333.33 2125.79
33360 -8332.59 2124.21
33390 -8332.35 2123.85
33420 -8331.97 2123.32
33450 -8330.85 2121.31
33480 -8331.38 2122.34
33510 -8330.73 2121.6
33540 -8328.71 2117.77
33570 -8328.99 2118.91
33600 -8328.18 2118.4
33630 -8329.54 2122.54
33660 -8327.37 2119.76
33690 -8328.04 2122.4
33720 -8326.16 2119.31
33750 -8326.12 2119.6
33780 -8329.81 2127.7
33810 -8327.22 2121.16
33840 -8329.3 2126.59
33870 -8329.18 2125.99
33900 -8326.77 2120.53
33930 -8329.01 2124.47
33960 -8330.73 2127.79
33990 -8331.32 2127.37
34020 -8331.79 2127.28
34050 -8330.98 2126.97
34080 -8330.62 2125.37
34110 -8326.74 2112.76
34140 -8331.36 2124.88
34170 -8331.22 2123.36
34200 -8330.76 2122.07
34230 -8332.88 2128.22
34260 -8328.04 2114.68
34290 -8329.75 2119.2
34320 -8330.51 2121.34
34350 -8329.27 2118.37
34380 -8327.66 2112.47
34410 -8327.19 2110.25
34440 -8326.86 2108.42
34470 -8327.04 2107.69
34500 -8327.17 2107.24
34530 -8327.06 2105.8
34560 -8327.46 2105.86
34590 -8328.27 2106.82
34620 -8329.18 2106.46
34650 -8330.08 2105.53
34680 -8330.89 2104.64
34710 -8331.41 2105.62
34740 -8328.76 2111.94
34770 -8332.17 2119.69
34800 -8295.99 2145.76
34830 -8180.62 2182.07
34860 -8175.8 2183.27
34890 -8128.31 2183.34
34920 -7601.28 2088.45
34950 -6975.56 1962.26
34980 -6352.27 1831.62
35010 -5780.62 1715.27
35040 -5203.33 1586.08
35070 -4662.21 1479.66
35100 -4346.12 1428.74
35130 -4008.41 1686.46
35160 -3726.24 2089.94
35190 -3240.07 2300.89
35220 -2972.21 2446.45
35250 -2975.26 2445.89
35280 -2674.25 2546.12
35310 -2036.33 2588.6
35340 -1448.51 2456.29
35370 -1408.23 2382.57
35400 -1393.52 2412.19
35430 -1397.59 2409.25
35460 -1401.56 2407.98
35490 -1405.01 2406.71
35520 -1406.51 2406.02
35550 -1397.64 2408.73
35580 -1397.08 2410.25
35610 -1399.02 2410.74
35640 -1401.11 2411.45
35670 -1401.4 2412.52
35700 -1402.09 2414.37
35730 -1398.37 2410.23
35760 -1400.77 2414.06
35790 -1399.88 2415.99
35820 -1401.27 2416.57
35850 -1400.17 2417.44
35880 -1395.19 2412.52
35910 -1396.52 2413.3
35940 -1400.79 2415.77
35970 -1393.65 2413.08
36000 -1393.31 2411.72
36030 -1395.29 2411.23
36060 -1399.05 2406.49
36090 -1397.21 2411.63
36120 -1396.5 2412.69
36150 -1395.62 2412.96
36180 -1396.07 2410.63
36210 -1395.58 2411.25
36240 -1395.38 2411.56
36270 -1395.58 2412.63
36300 -1397.14 2403.68
36330 -1402.3 2408.13
36360 -1401.91 2414.08
36390 -1400.39 2411.14
36420 -1401.54 2410.74
36450 -1401.74 2407.64
36480 -1400.1 2406.29
36510 -1398.85 2409.34
36540 -1395.76 2409.85
36570 -1383.21 2417.84
36600 -1119.85 2391.97
36630 -994.902 2262.46
36660 -1101.28 1898.03
36690 -1212.57 1676.02
36720 -1219.3 1336.82
36750 -1226.13 902.903
36780 -1154.17 763.712
36810 -929.495 721.701
36840 -753.793 402.31
36870 -685.044 362.659
36900 -461.131 207.995
36930 -223.436 75.7507
36960 -117.639 10.4975
36990 -101.273 5.59847
35610 -1399.02 2410.74
