0 -1524.21 1771.09
30 -1518.96 1758.25
60 -1513.71 1745.42
90 -1512.79 1744.09
120 -1512.72 1744.43
150 -1514.14 1743.95
180 -1510.14 1744.6
210 -1513.51 1740.81
240 -1531.14 1733.29
270 -1528.3 1736.84
300 -1509.94 1744.58
330 -1514.31 1745.72
360 -1510.92 1747.64
390 -1507.03 1748.69
420 -1507.26 1747.19
450 -1507.7 1745.61
480 -1504.21 1746.88
510 -1503.7 1747.1
540 -1504.46 1746.87
570 -1506.96 1746.51
600 -1509.89 1746.13
630 -1510.84 1746
660 -1511.18 1745.95
690 -1511.36 1746.08
720 -1512.82 1744.89
750 -1514.97 1743
780 -1513.72 1744.72
810 -1513.99 1744.87
840 -1514.28 1744.89
870 -1513.86 1745.27
900 -1513.43 1745.66
930 -1513.52 1746.15
960 -1513.69 1746.67
990 -1514.8 1746.38
1020 -1516.31 1745.76
1050 -1517.55 1745.43
1080 -1517.64 1746.26
1110 -1517.25 1746.85
1140 -1514.96 1746.47
1170 -1512.67 1746.08
1200 -1511.59 1745.83
1230 -1511.34 1745.68
1260 -1511.6 1745.64
1290 -1512.4 1745.73
1320 -1513.19 1745.81
1350 -1513.99 1745.9
1380 -1512.65 1746.6
1410 -1510.23 1749.1
1440 -1508.06 1754.11
1470 -1507.74 1765.88
1500 -1510.49 1762.51
1530 -1513.31 1750.84
1560 -1508.08 1760.23
1590 -1515.21 1751.89
1620 -1515.47 1749.73
1650 -1515.5 1747.8
1680 -1515.52 1745.86
1710 -1515.96 1744.1
1740 -1515.37 1744.9
1770 -1512.92 1746.97
1800 -1513.32 1746.28
1830 -1513.73 1745.58
1860 -1513.81 1745.61
1890 -1513.62 1746.27
1920 -1514.25 1745.8
1950 -1515.3 1744.78
1980 -1516.34 1743.75
2010 -1516.71 1743.16
2040 -1515.48 1743.57
2070 -1514.26 1743.98
2100 -1511.66 1743.76
2130 -1511.64 1744.57
2160 -1511.62 1745.38
2190 -1511.6 1746.19
2220 -1511.58 1747
2250 -1512.28 1746.81
2280 -1514.94 1743.85
2310 -1516.88 1741.96
2340 -1512 1745.82
2370 -1510.78 1745.27
2400 -1511.54 1742.96
2430 -1508.12 1743.57
2460 -1509.01 1743.74
2490 -1508.63 1747.89
2520 -1512.37 1747.21
2550 -1509.22 1742.03
2580 -1510.72 1748.67
2610 -1511.34 1743.54
2640 -1516.8 1744.21
2670 -1534.45 1737.84
2700 -1554.02 1729.81
2730 -1580.83 1728.05
2760 -1561.96 1726.23
2790 -1560.29 1719.63
2820 -1566.44 1716.25
2850 -1572.59 1712.87
2880 -1578.75 1709.49
2910 -1584.9 1706.11
2940 -1576.37 1714.88
2970 -1531.48 1741.73
3000 -1523.2 1730.35
3030 -1522.14 1743.44
3060 -1512.82 1747.8
3090 -1508.97 1749.19
3120 -1510.64 1748.04
3150 -1512.3 1746.89
3180 -1513.97 1745.74
3210 -1515.63 1744.59
3240 -1515.2 1744.7
3270 -1514.77 1744.81
3300 -1514.34 1744.91
3330 -1513.91 1745.02
3360 -1513.47 1745.13
3390 -1512.83 1745.06
3420 -1512.13 1744.95
3450 -1511.42 1744.84
3480 -1510.72 1744.73
3510 -1509.85 1742.69
3540 -1508.95 1740.17
3570 -1507.14 1739.76
3600 -1513.63 1737.12
3630 -1512.06 1738.91
3660 -1509.38 1743.06
3690 -1509.03 1747.22
3720 -1510.43 1751.19
3750 -1511.59 1751.67
3780 -1508.14 1748.5
3810 -1508.31 1746.64
3840 -1508.48 1744.77
3870 -1508.99 1743.84
3900 -1510.09 1744.52
3930 -1511.2 1745.2
3960 -1512.3 1745.88
3990 -1512.92 1745.87
4020 -1513.21 1745.41
4050 -1513.5 1744.94
4080 -1513.79 1744.48
4110 -1514.08 1744.01
4140 -1511.47 1744.57
4170 -1508.72 1743.25
4200 -1508.05 1740.5
4230 -1507.37 1737.75
4260 -1506.69 1735.01
4290 -1507.34 1726.12
4320 -1506.35 1728.83
4350 -1505.36 1731.54
4380 -1506.08 1728.9
4410 -1507.68 1728.9
4440 -1508.43 1738.99
4470 -1509.38 1742.45
4500 -1510.2 1739.41
4530 -1510.15 1741.41
4560 -1510.5 1742.84
4590 -1511.32 1743.6
4620 -1512.46 1744.09
4650 -1515.73 1742.83
4680 -1515.28 1743.07
4710 -1513.19 1744.63
4740 -1514 1747.15
4770 -1514.24 1742.71
4800 -1512.32 1737.38
4830 -1510.5 1738.89
4860 -1508.84 1740.49
4890 -1508.68 1742.85
4920 -1508.52 1745.21
4950 -1508.35 1747.57
4980 -1508.38 1748.53
5010 -1509.05 1744.86
5040 -1510.35 1743.34
5070 -1511.84 1745.57
5100 -1511.98 1745
5130 -1512.13 1744.43
5160 -1512.27 1743.86
5190 -1512.42 1743.3
5220 -1512.56 1742.73
5250 -1512.63 1742.64
5280 -1512.58 1743.38
5310 -1512.53 1744.12
5340 -1512.47 1744.87
5370 -1512.42 1745.61
5400 -1511.5 1744.12
5430 -1506.84 1743.49
5460 -1510.78 1746.07
5490 -1511.14 1744
5520 -1514.29 1742.25
5550 -1517.43 1740.51
5580 -1520.58 1738.76
5610 -1523.15 1737.43
5640 -1521.98 1738.82
5670 -1520.81 1740.2
5700 -1519.64 1741.58
5730 -1517.17 1740.53
5760 -1512.92 1750.39
5790 -1510.13 1756.38
5820 -1507.66 1759.43
5850 -1508.07 1750.83
5880 -1509.96 1755.63
5910 -1515.56 1755.95
5940 -1502.05 1774.99
5970 -1516.16 1749.27
6000 -1514.21 1752.26
6030 -1514.19 1756.73
6060 -1507.67 1767.63
6090 -1502.6 1775.69
6120 -1513.12 1755.3
6150 -1507.86 1761.27
6180 -1504.7 1764.85
6210 -1504.7 1764.85
6240 -1504.7 1764.85
6270 -1504.7 1764.85
6300 -1504.7 1764.85
6330 -1504.7 1764.85
6360 -1504.7 1764.85
6390 -1504.7 1764.85
6420 -1504.7 1764.85
6450 -1504.7 1764.85
6480 -1504.7 1764.85
6510 -1504.7 1764.85
6540 -1505.25 1763.47
6570 -1511.82 1747.11
6600 -1512.1 1746.83
6630 -1512.39 1746.56
6660 -1512.67 1746.28
6690 -1512.96 1746.01
6720 -1513.24 1745.73
6750 -1513.52 1745.46
6780 -1513.81 1745.18
6810 -1514.09 1744.91
6840 -1514.19 1744.82
6870 -1514.19 1744.82
6900 -1514.19 1744.82
6930 -1514.19 1744.82
6960 -1514.19 1744.82
6990 -1514.19 1744.82
7020 -1514.19 1744.82
7050 -1514.19 1744.82
7080 -1514.19 1744.82
7110 -1514.19 1744.82
7140 -1514.19 1744.82
7170 -1514.19 1744.82
7200 -1514.19 1744.82
7230 -1514.19 1744.82
7260 -1514.19 1744.82
7290 -1514.19 1744.82
7320 -1514.19 1744.82
7350 -1514.19 1744.82
7380 -1514.19 1744.82
7410 -1514.19 1744.82
7440 -1514.19 1744.82
7470 -1514.19 1744.82
7500 -1514.19 1744.82
7530 -1514.19 1744.82
7560 -1514.19 1744.82
7590 -1514.19 1744.82
7620 -1514.19 1744.82
7650 -1514.19 1744.82
7680 -1514.19 1744.82
7710 -1514.19 1744.82
7740 -1514.19 1744.82
7770 -1514.19 1744.82
7800 -1514.19 1744.82
7830 -1514.19 1744.82
7860 -1514.19 1744.82
7890 -1514.19 1744.82
7920 -1514.19 1744.82
7950 -1514.19 1744.82
7980 -1514.19 1744.82
8010 -1514.19 1744.82
8040 -1514.19 1744.82
8070 -1514.19 1744.82
8100 -1514.19 1744.82
8130 -1514.19 1744.82
8160 -1514.19 1744.82
8190 -1514.19 1744.82
8220 -1514.19 1744.82
8250 -1510.88 1743.86
8280 -1504.29 1746.29
8310 -1509.01 1734.06
8340 -1508.85 1743.82
8370 -1508.49 1746.75
8400 -1508.13 1749.68
8430 -1507.77 1752.61
8460 -1502.36 1746.41
8490 -1519.56 1756.56
8520 -1526.92 1761.08
8550 -1517 1748.64
8580 -1506.39 1734.8
8610 -1510.22 1744.47
8640 -1510.98 1745.29
8670 -1504.21 1746.86
8700 -1511.75 1744.64
8730 -1516.17 1736.91
8760 -1549.05 1729.34
8790 -1554.89 1717.64
8820 -1557.38 1716.07
8850 -1557.47 1719.93
8880 -1557.32 1723.15
8910 -1558.32 1722.83
8940 -1559.31 1722.52
8970 -1560.31 1722.2
9000 -1559.64 1725.31
9030 -1520.43 1739.58
9060 -1519.69 1747.59
9090 -1520.99 1745.04
9120 -1536.5 1732.18
9150 -1553.18 1728.01
9180 -1581.03 1713.8
9210 -1580.96 1675.85
9240 -1591.88 1650.23
9270 -1650.43 1631.94
9300 -1838.27 1514.12
9330 -1868.55 1338.13
9360 -1860.38 1342.97
9390 -1866.96 1335.94
9420 -1869.76 1316.86
9450 -1876.14 1323.56
9480 -1878.95 1336.85
9510 -1878.34 1339.47
9540 -1876.68 1338.83
9570 -1875.03 1338.2
9600 -1873.37 1337.56
9630 -1909.55 1311
9660 -2438.82 1306.15
9690 -2840.49 1463.85
9720 -2961.42 1273.28
9750 -3139.07 946.629
9780 -3174.3 610.384
9810 -3136.73 450.088
9840 -2883.3 553.334
9870 -2435.96 528.121
9900 -1925.87 501.015
9930 -1670.71 331.034
9960 -1686.9 100.809
9990 -1432.45 193.168
10020 -1289.73 514.277
10050 -1125.07 770.421
10080 -895.312 631.566
10110 -610.569 308.27
10140 -291.638 121.257
10170 -81.6745 72.0549
10200 89.024 290.014
10230 48.9234 86.4024
10260 30.4322 9.69317
10290 26.5251 0.642665
10320 21.2352 -20.1957
10350 13.088 -27.6609
10380 -2.3322 -30.0231
10410 -10.1495 -26.5219
10440 -18.0918 -29.8695
10470 -15.2369 -66.1382
10500 -12.9439 -67.9822
10530 -12.9439 -67.9822
10560 -12.9439 -67.9822
10590 -12.9439 -67.9822
10620 -12.9439 -67.9822
10650 -12.9439 -67.9822
10680 -12.9439 -67.9822
10710 -12.9439 -67.9822
10740 -12.9439 -67.9822
10770 -12.9439 -67.9822
10800 -12.9439 -67.9822
10830 -12.9439 -67.9822
10860 -12.9439 -67.9822
10890 -12.9439 -67.9822
10920 -12.9439 -67.9822
10950 -12.9439 -67.9822
10980 -12.9439 -67.9822
11010 -12.9439 -67.9822
11040 -12.9439 -67.9822
11070 -12.9439 -67.9822
11100 -12.9439 -67.9822
11130 -12.9439 -67.9822
11160 -12.9439 -67.9822
11190 -12.9439 -67.9822
11220 -12.9439 -67.9822
11250 -12.9439 -67.9822
11280 -12.9439 -67.9822
11310 -12.9439 -67.9822
11340 -12.9439 -67.9822
11370 -12.9439 -67.9822
11400 -12.9439 -67.9822
11430 -12.9439 -67.9822
11460 -12.9439 -67.9822
11490 -12.9439 -67.9822
11520 -12.9439 -67.9822
11550 -12.9439 -67.9822
11580 -12.9439 -67.9822
11610 -12.9439 -67.9822
11640 -12.9439 -67.9822
11670 -12.9439 -67.9822
11700 -12.9439 -67.9822
11730 -12.9439 -67.9822
11760 -12.9439 -67.9822
11790 -12.9439 -67.9822
11820 -12.9439 -67.9822
11850 -12.9439 -67.9822
11880 -12.9439 -67.9822
11910 -12.9439 -67.9822
11940 -12.9439 -67.9822
11970 -12.9439 -67.9822
12000 -12.9439 -67.9822
12030 -12.9439 -67.9822
12060 -12.9439 -67.9822
12090 -12.9439 -67.9822
12120 -12.9439 -67.9822
12150 -12.9439 -67.9822
12180 -12.9439 -67.9822
12210 -12.9439 -67.9822
12240 -12.9439 -67.9822
12270 -12.9439 -67.9822
12300 -12.9439 -67.9822
12330 -12.9439 -67.9822
12360 -12.9439 -67.9822
12390 -12.9439 -67.9822
12420 -12.9439 -67.9822
12450 -12.9439 -67.9822
12480 -12.9439 -67.9822
12510 -12.9439 -67.9822
12540 -12.9439 -67.9822
12570 -12.9439 -67.9822
12600 -12.9439 -67.9822
12630 -12.9439 -67.9822
12660 -12.9439 -67.9822
12690 -12.9439 -67.9822
12720 -12.9439 -67.9822
12750 -12.9439 -67.9822
12780 -12.9439 -67.9822
12810 -12.9439 -67.9822
12840 -12.9439 -67.9822
12870 -12.9439 -67.9822
12900 -12.9439 -67.9822
12930 -12.9439 -67.9822
12960 -12.9439 -67.9822
12990 -12.9439 -67.9822
13020 -12.9439 -67.9822
13050 -12.9439 -67.9822
13080 -12.9439 -67.9822
13110 -12.9439 -67.9822
13140 -12.9439 -67.9822
13170 -12.9439 -67.9822
13200 -12.9439 -67.9822
13230 -12.9439 -67.9822
13260 -12.9439 -67.9822
13290 -12.9439 -67.9822
13320 -12.9439 -67.9822
13350 -12.9439 -67.9822
13380 -12.9439 -67.9822
13410 -12.9439 -67.9822
13440 -12.9439 -67.9822
13470 -12.9439 -67.9822
13500 -12.9439 -67.9822
13530 -12.9439 -67.9822
13560 -12.9439 -67.9822
13590 -12.9439 -67.9822
13620 -12.9439 -67.9822
13650 -12.9439 -67.9822
13680 -12.9439 -67.9822
13710 -12.9439 -67.9822
13740 -12.9439 -67.9822
13770 -12.9439 -67.9822
13800 -12.9439 -67.9822
13830 -12.9439 -67.9822
13860 -12.9439 -67.9822
13890 -12.9439 -67.9822
13920 -12.9439 -67.9822
13950 -12.9439 -67.9822
13980 -12.9439 -67.9822
14010 -12.9439 -67.9822
14040 -12.9439 -67.9822
14070 -12.9439 -67.9822
14100 -12.9439 -67.9822
14130 -12.9439 -67.9822
14160 -12.9439 -67.9822
14190 -12.9439 -67.9822
14220 -12.9439 -67.9822
14250 -12.9439 -67.9822
14280 -12.9439 -67.9822
14310 -12.9439 -67.9822
14340 -12.9439 -67.9822
14370 -12.9439 -67.9822
14400 -12.9439 -67.9822
14430 -12.9439 -67.9822
14460 -12.9439 -67.9822
14490 -12.9439 -67.9822
14520 -12.9439 -67.9822
14550 -12.9439 -67.9822
14580 -12.9439 -67.9822
14610 -12.9439 -67.9822
14640 -12.9439 -67.9822
14670 -12.9439 -67.9822
14700 -12.9439 -67.9822
14730 -12.9439 -67.9822
14760 -12.9439 -67.9822
14790 -12.9439 -67.9822
14820 -12.9439 -67.9822
14850 -12.9439 -67.9822
14880 -12.9439 -67.9822
14910 -12.9439 -67.9822
14940 -12.9439 -67.9822
14970 -12.9439 -67.9822
15000 -12.9439 -67.9822
15030 -12.9439 -67.9822
15060 -12.9439 -67.9822
15090 -12.9439 -67.9822
15120 -12.9439 -67.9822
15150 -12.9439 -67.9822
15180 -12.9439 -67.9822
15210 -12.9439 -67.9822
15240 -12.9439 -67.9822
15270 -12.9439 -67.9822
15300 -12.9439 -67.9822
15330 -12.9439 -67.9822
15360 -12.9439 -67.9822
15390 -12.9439 -67.9822
15420 -12.9439 -67.9822
15450 -12.9439 -67.9822
15480 -12.9439 -67.9822
15510 -12.9439 -67.9822
15540 -12.9439 -67.9822
15570 -12.9439 -67.9822
15600 -12.9439 -67.9822
15630 -12.9439 -67.9822
15660 -12.9439 -67.9822
15690 -12.9439 -67.9822
15720 -12.9439 -67.9822
15750 -12.9439 -67.9822
15780 -12.9439 -67.9822
15810 -12.9439 -67.9822
15840 -12.9439 -67.9822
15870 -12.9439 -67.9822
15900 -12.9439 -67.9822
15930 -12.9439 -67.9822
15960 -12.9439 -67.9822
15990 -12.9439 -67.9822
16020 -12.9439 -67.9822
16050 -12.9439 -67.9822
16080 -12.9439 -67.9822
16110 -12.9439 -67.9822
16140 -12.9439 -67.9822
16170 -12.9439 -67.9822
16200 -12.9439 -67.9822
16230 -45.4576 -59.3663
16260 -50.7562 -73.9191
16290 -57.1137 -73.5349
16320 -62.4973 -70.2085
16350 -66.8875 -71.2411
16380 -60.0521 -71.4331
16410 -48.7172 -75.8047
16440 -40.3697 -72.806
16470 -35.7711 -59.0769
16500 -45.9695 -41.7338
16530 -38.5936 -53.7336
16560 -38.5936 -53.7336
16590 -38.5936 -53.7336
16620 -38.5936 -53.7336
16650 -38.5936 -53.7336
16680 -38.5936 -53.7336
16710 -38.5936 -53.7336
16740 -38.5936 -53.7336
16770 -38.5936 -53.7336
16800 -38.5936 -53.7336
16830 -38.5936 -53.7336
16860 -38.5936 -53.7336
16890 -38.5936 -53.7336
16920 -38.5936 -53.7336
16950 -38.5936 -53.7336
16980 -38.5936 -53.7336
17010 -38.5936 -53.7336
17040 -38.5936 -53.7336
17070 -38.5936 -53.7336
17100 -38.5936 -53.7336
17130 -38.5936 -53.7336
17160 -38.5936 -53.7336
17190 -38.5936 -53.7336
17220 -38.5936 -53.7336
17250 -38.5936 -53.7336
17280 -38.5936 -53.7336
17310 -38.5936 -53.7336
17340 -38.5936 -53.7336
17370 -38.5936 -53.7336
17400 -38.5936 -53.7336
17430 -38.5936 -53.7336
17460 -38.5936 -53.7336
17490 -38.5936 -53.7336
17520 -38.5936 -53.7336
17550 -38.5936 -53.7336
17580 -38.5936 -53.7336
17610 -38.5936 -53.7336
17640 -38.5936 -53.7336
17670 -38.5936 -53.7336
17700 -38.5936 -53.7336
17730 -38.5936 -53.7336
17760 -38.5936 -53.7336
17790 -38.5936 -53.7336
17820 -38.5936 -53.7336
17850 -38.5936 -53.7336
17880 -38.5936 -53.7336
17910 -38.5936 -53.7336
17940 -38.5936 -53.7336
17970 -38.5936 -53.7336
18000 -38.5936 -53.7336
18030 -38.5936 -53.7336
18060 -38.5936 -53.7336
18090 -38.5936 -53.7336
18120 -38.5936 -53.7336
18150 -38.5936 -53.7336
18180 -38.5936 -53.7336
18210 -38.5936 -53.7336
18240 -38.5936 -53.7336
18270 -38.5936 -53.7336
18300 -38.5936 -53.7336
18330 -38.5936 -53.7336
18360 -38.5936 -53.7336
18390 -38.5936 -53.7336
18420 -38.5936 -53.7336
18450 -38.5936 -53.7336
18480 -38.5936 -53.7336
18510 -38.5936 -53.7336
18540 -38.5936 -53.7336
18570 -38.5936 -53.7336
18600 -38.5936 -53.7336
18630 -38.5936 -53.7336
18660 -38.5936 -53.7336
18690 -38.5936 -53.7336
18720 -38.5936 -53.7336
18750 -38.5936 -53.7336
18780 -38.5936 -53.7336
18810 -38.5936 -53.7336
18840 -38.5936 -53.7336
18870 -38.5936 -53.7336
18900 -38.5936 -53.7336
18930 -38.5936 -53.7336
18960 -38.5936 -53.7336
18990 -38.5936 -53.7336
19020 -38.5936 -53.7336
19050 -38.5936 -53.7336
19080 -38.5936 -53.7336
19110 -38.5936 -53.7336
19140 -38.5936 -53.7336
19170 -38.5936 -53.7336
19200 -38.5936 -53.7336
19230 -38.5936 -53.7336
19260 -38.5936 -53.7336
19290 -38.5936 -53.7336
19320 -38.5936 -53.7336
19350 -38.5936 -53.7336
19380 -38.5936 -53.7336
19410 -38.5936 -53.7336
19440 -38.5936 -53.7336
19470 -38.5936 -53.7336
19500 -38.5936 -53.7336
19530 -38.5936 -53.7336
19560 -38.5936 -53.7336
19590 -38.5936 -53.7336
19620 -38.5936 -53.7336
19650 -38.5936 -53.7336
19680 -38.5936 -53.7336
19710 -38.5936 -53.7336
19740 -38.5936 -53.7336
19770 -38.5936 -53.7336
19800 -38.5936 -53.7336
19830 -38.5936 -53.7336
19860 -38.5936 -53.7336
19890 -38.5936 -53.7336
19920 -38.5936 -53.7336
19950 -38.5936 -53.7336
19980 -38.5936 -53.7336
20010 -38.5936 -53.7336
20040 -38.5936 -53.7336
20070 -38.5936 -53.7336
20100 -38.5936 -53.7336
20130 -38.5936 -53.7336
20160 -38.5936 -53.7336
20190 -38.5936 -53.7336
20220 -38.5936 -53.7336
20250 -38.5936 -53.7336
20280 -38.5936 -53.7336
20310 -38.5936 -53.7336
20340 -38.5936 -53.7336
20370 -38.5936 -53.7336
20400 -38.5936 -53.7336
20430 -38.5936 -53.7336
20460 -38.5936 -53.7336
20490 -38.5936 -53.7336
20520 -38.5936 -53.7336
20550 -38.5936 -53.7336
20580 -38.5936 -53.7336
20610 -38.5936 -53.7336
20640 -38.5936 -53.7336
20670 -38.5936 -53.7336
20700 -38.5936 -53.7336
20730 -38.5936 -53.7336
20760 -38.5936 -53.7336
20790 -38.5936 -53.7336
20820 -38.5936 -53.7336
20850 -38.5936 -53.7336
20880 -38.5936 -53.7336
20910 -38.5936 -53.7336
20940 -38.5936 -53.7336
20970 -38.5936 -53.7336
21000 -38.5936 -53.7336
21030 -38.5936 -53.7336
21060 -38.5936 -53.7336
21090 -38.5936 -53.7336
21120 -38.5936 -53.7336
21150 -38.5936 -53.7336
21180 -38.5936 -53.7336
21210 -38.5936 -53.7336
21240 -38.5936 -53.7336
21270 -38.5936 -53.7336
21300 -38.5936 -53.7336
21330 -38.5936 -53.7336
21360 -38.5936 -53.7336
21390 -38.5936 -53.7336
21420 -38.5936 -53.7336
21450 -38.5936 -53.7336
21480 -38.5936 -53.7336
21510 -38.5936 -53.7336
21540 -38.5936 -53.7336
21570 -38.5936 -53.7336
21600 -38.5936 -53.7336
21630 -38.5936 -53.7336
21660 -38.5936 -53.7336
21690 -38.5936 -53.7336
21720 -38.5936 -53.7336
21750 -38.5936 -53.7336
21780 -38.5936 -53.7336
21810 -38.5936 -53.7336
21840 -38.5936 -53.7336
21870 -38.5936 -53.7336
21900 -38.5936 -53.7336
21930 -38.5936 -53.7336
21960 -38.5936 -53.7336
21990 -38.5936 -53.7336
22020 -38.5936 -53.7336
22050 -38.5936 -53.7336
22080 -38.5936 -53.7336
22110 -38.5936 -53.7336
22140 -38.5936 -53.7336
22170 -38.5936 -53.7336
22200 -38.5936 -53.7336
22230 -38.5936 -53.7336
22260 -38.5936 -53.7336
22290 -38.5936 -53.7336
22320 -38.5936 -53.7336
22350 -38.5936 -53.7336
22380 -38.5936 -53.7336
22410 -38.5936 -53.7336
22440 -38.5936 -53.7336
22470 -38.5936 -53.7336
22500 -38.5936 -53.7336
22530 -38.5936 -53.7336
22560 -38.5936 -53.7336
22590 -38.5936 -53.7336
22620 -38.5936 -53.7336
22650 -38.5936 -53.7336
22680 -38.5936 -53.7336
22710 -38.5936 -53.7336
22740 -38.5936 -53.7336
22770 -38.5936 -53.7336
22800 -38.5936 -53.7336
22830 -38.5936 -53.7336
22860 -38.5936 -53.7336
22890 -38.5936 -53.7336
22920 -38.5936 -53.7336
22950 -38.5936 -53.7336
22980 -38.5936 -53.7336
23010 -38.5936 -53.7336
23040 -38.5936 -53.7336
23070 -38.5936 -53.7336
23100 -38.5936 -53.7336
23130 -38.5936 -53.7336
23160 -38.5936 -53.7336
23190 -38.5936 -53.7336
23220 -38.5936 -53.7336
23250 -38.5936 -53.7336
23280 -38.5936 -53.7336
23310 -38.5936 -53.7336
23340 -38.5936 -53.7336
23370 -38.5936 -53.7336
23400 -38.5936 -53.7336
23430 -38.5936 -53.7336
23460 -38.5936 -53.7336
23490 -38.5936 -53.7336
23520 -38.5936 -53.7336
23550 -38.5936 -53.7336
23580 -38.5936 -53.7336
23610 -38.5936 -53.7336
23640 -38.5936 -53.7336
23670 -38.5936 -53.7336
23700 -38.5936 -53.7336
23730 -38.5936 -53.7336
23760 -38.5936 -53.7336
23790 -38.5936 -53.7336
23820 -38.5936 -53.7336
23850 -38.5936 -53.7336
23880 -38.5936 -53.7336
23910 -38.5936 -53.7336
23940 -38.5936 -53.7336
23970 -38.5936 -53.7336
24000 -38.5936 -53.7336
24030 -38.5936 -53.7336
24060 -38.5936 -53.7336
24090 -38.5936 -53.7336
24120 -38.5936 -53.7336
24150 -38.5936 -53.7336
24180 -38.5936 -53.7336
24210 -38.5936 -53.7336
24240 -38.5936 -53.7336
24270 -38.5936 -53.7336
24300 -38.5936 -53.7336
24330 -38.5936 -53.7336
24360 -38.5936 -53.7336
24390 -38.5936 -53.7336
24420 -38.5936 -53.7336
24450 -38.5936 -53.7336
24480 -38.5936 -53.7336
24510 -38.5936 -53.7336
24540 -38.5936 -53.7336
24570 -38.5936 -53.7336
24600 -38.5936 -53.7336
24630 -38.5936 -53.7336
24660 -38.5936 -53.7336
24690 -38.5936 -53.7336
24720 -38.5936 -53.7336
24750 -38.5936 -53.7336
24780 -38.5936 -53.7336
24810 -38.5936 -53.7336
24840 -38.5936 -53.7336
24870 -8.55399 -41.6474
24900 4.553 -22.1514
24930 23.3064 -8.39821
24960 30.737 11.9085
24990 32.3084 12.236
25020 32.3955 12.0455
25050 40.8351 33.5146
25080 165.122 246.775
25110 256.652 412.574
25140 -198.273 543.483
25170 -373.352 634.151
25200 -176.823 951.349
25230 -440.141 1087.08
25260 -441.395 1083.64
25290 -527.974 1128.51
25320 -1021.46 1384.15
25350 -1209.93 1490.84
25380 -1341.79 1639.35
25410 -1455.32 1674.4
25440 -1474.41 1687.84
25470 -1504.55 1716.23
25500 -1510.01 1730.64
25530 -1515.76 1747.21
25560 -1508.58 1744.55
25590 -1497.66 1749.33
25620 -1501.3 1739.45
25650 -1507.83 1741.15
25680 -1507.88 1745.65
25710 -1506.41 1744.75
25740 -1502.27 1736.47
25770 -1508.41 1737.02
25800 -1511.56 1749.96
25830 -1513.68 1754.09
25860 -1510.12 1751.62
25890 -1516.24 1744.26
25920 -1511.33 1753.39
25950 -1507.71 1745.31
25980 -1507.26 1742.33
26010 -1511.14 1739.8
26040 -1510.94 1744.26
26070 -1506.83 1745.37
26100 -1511.1 1746.67
26130 -1506.92 1745.32
26160 -1513.99 1748.3
26190 -1512.89 1750.56
26220 -1508.92 1747.96
26250 -1503.98 1744.26
26280 -1505.76 1741.63
26310 -1504.76 1742.15
26340 -1507.79 1745.48
26370 -1511 1743.64
26400 -1511.96 1743.7
26430 -1510.29 1747.75
26460 -1508.61 1751.81
26490 -1506.98 1750.05
26520 -1506.73 1744.33
26550 -1509.6 1749.13
26580 -1512.24 1749.12
26610 -1503.75 1753.46
26640 -1507.1 1752.72
26670 -1505.22 1748.85
26700 -1507.72 1746.06
26730 -1504.46 1743.26
26760 -1513.23 1773.96
26790 -1515.95 1748.61
26820 -1516.26 1743.2
26850 -1526.38 1732.75
26880 -1518.82 1741.14
26910 -1511.25 1749.52
26940 -1506.16 1754.11
26970 -1504.31 1753.73
27000 -1508.35 1753.01
27030 -1505.41 1749.53
27060 -1505.77 1748.73
27090 -1507.11 1746.94
27120 -1508.71 1748.78
27150 -1510.65 1755.34
27180 -1512.3 1760.26
27210 -1507.59 1750.73
27240 -1502.09 1747.58
27270 -1506.81 1749.71
27300 -1522.23 1754.95
27330 -1519.07 1754.19
27360 -1515.92 1753.43
27390 -1512.77 1752.67
27420 -1511.53 1752.21
27450 -1514.13 1752.34
27480 -1513.9 1751.95
27510 -1512.26 1751.3
27540 -1503.24 1750.96
27570 -1503.68 1747.5
27600 -1515.63 1741.81
27630 -1529.07 1746.76
27660 -1514.07 1745.42
27690 -1504.28 1746.47
27720 -1504.01 1741.76
27750 -1501.19 1744.25
27780 -1500.85 1747.1
27810 -1503.24 1748.63
27840 -1495.07 1741.51
27870 -1491.43 1739.47
27900 -1494.07 1739.63
27930 -1489.3 1726.64
27960 -1524.27 1748.54
27990 -1521.97 1748.55
28020 -1501.62 1740.87
28050 -1502.86 1743.1
28080 -1506.33 1745.58
28110 -1510.22 1746.8
28140 -1513.46 1748.05
28170 -1513.41 1749.41
28200 -1513.37 1750.81
28230 -1513.13 1751.57
28260 -1511.89 1749.18
28290 -1510.38 1749.15
28320 -1507.1 1750.38
28350 -1509.37 1750.58
28380 -1507.76 1755.87
28410 -1509.66 1749.41
28440 -1511.91 1747.86
28470 -1508.9 1747.97
28500 -1507.42 1746.42
28530 -1515.96 1749.26
28560 -1510.35 1751.9
28590 -1503.67 1734.99
28620 -1500.33 1723.67
28650 -1510.67 1738.27
28680 -1513.27 1734.38
28710 -1513.28 1739.98
28740 -1512.98 1744.04
28770 -1512.57 1752.46
28800 -1514.56 1755.54
28830 -1510.97 1742.82
28860 -1508.31 1730.25
28890 -1512.33 1748.28
28920 -1512.46 1757.25
28950 -1509.13 1751.5
28980 -1506.54 1750.26
29010 -1510.89 1754.98
29040 -1506.06 1742.81
29070 -1503.22 1732.98
29100 -1506.78 1745.43
29130 -1507.76 1751.62
29160 -1507.75 1754.89
29190 -1509.52 1757.14
29220 -1506.12 1748.86
29250 -1506.14 1749.41
29280 -1506.78 1750.09
29310 -1508.23 1750.38
29340 -1509.47 1752.78
29370 -1508.88 1751.65
29400 -1506.52 1747.64
29430 -1503.74 1749.49
29460 -1507.11 1752.56
29490 -1502.97 1752.69
29520 -1510.47 1749.46
29550 -1510.8 1748.5
29580 -1506.31 1747.28
29610 -1502.46 1743.75
29640 -1502.17 1740.06
29670 -1500.34 1745.34
29700 -1500.01 1746.76
29730 -1501.14 1744.88
29760 -1501.39 1749.25
29790 -1508.99 1755.14
29820 -1513.63 1756.89
29850 -1488.02 1742.03
29880 -1491.61 1744.47
29910 -1495.2 1746.92
29940 -1500.2 1749.36
29970 -1503.11 1747.17
30000 -1507.14 1754.66
30030 -1508.71 1756.22
30060 -1501.81 1745.93
30090 -1503.13 1745.31
