0 -92.061 48.3444
30 -84.655 84.8563
60 -49.4774 72.2581
90 -68.6159 74.2724
120 -90.8868 61.8137
150 -292.203 136.173
180 -539.309 268.132
210 -641.941 340.607
240 -745.141 260.153
270 -1145.6 -85.6816
300 -1691.71 -399.914
330 -1902.96 -463.213
360 -2388.43 -631.402
390 -2823.25 -639.302
420 -2969.17 -571.275
450 -3427.07 -732.462
480 -3755.4 -1101.78
510 -3927.04 -1547.89
540 -4020.03 -2099.78
570 -3996.19 -2575.09
600 -4110.7 -2630
630 -4317.13 -2498.18
660 -4733.67 -2300.13
690 -4881.25 -2207.99
720 -4914.06 -2172.06
750 -4898.95 -2173.48
780 -4897.81 -2173.32
810 -4897.81 -2173.32
840 -4897.81 -2173.32
870 -4897.81 -2173.32
900 -4897.81 -2173.32
930 -4897.81 -2173.32
960 -4897.81 -2173.32
990 -4897.81 -2173.32
1020 -4897.81 -2173.32
1050 -4897.81 -2173.32
1080 -4897.81 -2173.32
1110 -4897.81 -2173.32
1140 -4897.81 -2173.32
1170 -4897.81 -2173.32
1200 -4897.81 -2173.32
1230 -4897.81 -2173.32
1260 -4897.81 -2173.32
1290 -4897.81 -2173.32
1320 -4897.81 -2173.32
1350 -4897.81 -2173.32
1380 -4897.81 -2173.32
1410 -4897.81 -2173.32
1440 -4897.81 -2173.32
1470 -4897.81 -2173.32
1500 -4897.81 -2173.32
1530 -4897.81 -2173.32
1560 -4897.81 -2173.32
1590 -4897.81 -2173.32
1620 -4897.81 -2173.32
1650 -4897.81 -2173.32
1680 -4897.81 -2173.32
1710 -4897.81 -2173.32
1740 -4897.81 -2173.32
1770 -4897.81 -2173.32
1800 -4897.81 -2173.32
1830 -4897.81 -2173.32
1860 -4897.81 -2173.32
1890 -4897.81 -2173.32
1920 -4897.81 -2173.32
1950 -4897.81 -2173.32
1980 -4897.81 -2173.32
2010 -4897.81 -2173.32
2040 -4897.81 -2173.32
2070 -4897.81 -2173.32
2100 -4897.81 -2173.32
2130 -4897.81 -2173.32
2160 -4897.81 -2173.32
2190 -4897.81 -2173.32
2220 -4897.81 -2173.32
2250 -4897.81 -2173.32
2280 -4897.81 -2173.32
2310 -4897.81 -2173.32
2340 -4897.81 -2173.32
2370 -4897.81 -2173.32
2400 -4897.81 -2173.32
2430 -4897.81 -2173.32
2460 -4897.81 -2173.32
2490 -4897.81 -2173.32
2520 -4897.81 -2173.32
2550 -4897.81 -2173.32
2580 -4897.81 -2173.32
2610 -4897.81 -2173.32
2640 -4897.81 -2173.32
2670 -4897.81 -2173.32
2700 -4897.81 -2173.32
2730 -4897.81 -2173.32
2760 -4897.81 -2173.32
2790 -4897.81 -2173.32
2820 -4897.81 -2173.32
2850 -4897.81 -2173.32
2880 -4897.81 -2173.32
2910 -4897.81 -2173.32
2940 -4897.81 -2173.32
2970 -4897.81 -2173.32
3000 -4897.81 -2173.32
3030 -4897.81 -2173.32
3060 -4897.81 -2173.32
3090 -4897.81 -2173.32
3120 -4897.81 -2173.32
3150 -4897.81 -2173.32
3180 -4897.81 -2173.32
3210 -4897.81 -2173.32
3240 -4897.81 -2173.32
3270 -4897.81 -2173.32
3300 -4897.81 -2173.32
3330 -4897.81 -2173.32
3360 -4897.81 -2173.32
3390 -4897.81 -2173.32
3420 -4897.81 -2173.32
3450 -4897.81 -2173.32
3480 -4897.81 -2173.32
3510 -4897.81 -2173.32
3540 -4897.81 -2173.32
3570 -4897.81 -2173.32
3600 -4897.81 -2173.32
3630 -4897.81 -2173.32
3660 -4897.81 -2173.32
3690 -4897.81 -2173.32
3720 -4897.81 -2173.32
3750 -4897.81 -2173.32
3780 -4897.81 -2173.32
3810 -4897.81 -2173.32
3840 -4897.81 -2173.32
3870 -4897.81 -2173.32
3900 -4897.81 -2173.32
3930 -4897.81 -2173.32
3960 -4897.81 -2173.32
3990 -4897.81 -2173.32
4020 -4897.81 -2173.32
4050 -4897.81 -2173.32
4080 -4897.81 -2173.32
4110 -4897.81 -2173.32
4140 -4897.81 -2173.32
4170 -4897.81 -2173.32
4200 -4897.81 -2173.32
4230 -4897.81 -2173.32
4260 -4897.81 -2173.32
4290 -4897.81 -2173.32
4320 -4897.81 -2173.32
4350 -4897.81 -2173.32
4380 -4897.81 -2173.32
4410 -4897.81 -2173.32
4440 -4897.81 -2173.32
4470 -4897.81 -2173.32
4500 -4897.81 -2173.32
4530 -4897.81 -2173.32
4560 -4897.81 -2173.32
4590 -4897.81 -2173.32
4620 -4897.81 -2173.32
4650 -4897.81 -2173.32
4680 -4897.81 -2173.32
4710 -4897.81 -2173.32
4740 -4897.81 -2173.32
4770 -4897.81 -2173.32
4800 -4897.81 -2173.32
4830 -4897.81 -2173.32
4860 -4897.81 -2173.32
4890 -4897.81 -2173.32
4920 -4897.81 -2173.32
4950 -4897.81 -2173.32
4980 -4897.81 -2173.32
5010 -4897.81 -2173.32
5040 -4897.81 -2173.32
5070 -4897.81 -2173.32
5100 -4897.81 -2173.32
5130 -4897.81 -2173.32
5160 -4897.81 -2173.32
5190 -4897.81 -2173.32
5220 -4897.81 -2173.32
5250 -4897.81 -2173.32
5280 -4897.81 -2173.32
5310 -4897.81 -2173.32
5340 -4897.81 -2173.32
5370 -4897.81 -2173.32
5400 -4897.81 -2173.32
5430 -4897.81 -2173.32
5460 -4897.81 -2173.32
5490 -4897.81 -2173.32
5520 -4897.81 -2173.32
5550 -4897.81 -2173.32
5580 -4897.81 -2173.32
5610 -4897.81 -2173.32
5640 -4897.81 -2173.32
5670 -4897.81 -2173.32
5700 -4897.81 -2173.32
5730 -4897.81 -2173.32
5760 -4897.81 -2173.32
5790 -4897.81 -2173.32
5820 -4897.81 -2173.32
5850 -4897.81 -2173.32
5880 -4897.81 -2173.32
5910 -4897.81 -2173.32
5940 -4897.81 -2173.32
5970 -4897.81 -2173.32
6000 -4897.81 -2173.32
6030 -4897.81 -2173.32
6060 -4897.81 -2173.32
6090 -4897.81 -2173.32
6120 -4897.81 -2173.32
6150 -4897.81 -2173.32
6180 -4897.81 -2173.32
6210 -4897.81 -2173.32
6240 -4897.81 -2173.32
6270 -4897.81 -2173.32
6300 -4897.81 -2173.32
6330 -4897.81 -2173.32
6360 -4897.81 -2173.32
6390 -4897.81 -2173.32
6420 -4897.81 -2173.32
6450 -4897.81 -2173.32
6480 -4897.81 -2173.32
6510 -4897.81 -2173.32
6540 -4897.81 -2173.32
6570 -4897.81 -2173.32
6600 -4897.81 -2173.32
6630 -4897.81 -2173.32
6660 -4897.81 -2173.32
6690 -4897.81 -2173.32
6720 -4897.81 -2173.32
6750 -4897.81 -2173.32
6780 -4897.81 -2173.32
6810 -4897.81 -2173.32
6840 -4897.81 -2173.32
6870 -4897.81 -2173.32
6900 -4897.81 -2173.32
6930 -4897.81 -2173.32
6960 -4897.81 -2173.32
6990 -4897.81 -2173.32
7020 -4897.81 -2173.32
7050 -4897.81 -2173.32
7080 -4897.81 -2173.32
7110 -4897.81 -2173.32
7140 -4897.81 -2173.32
7170 -4897.81 -2173.32
7200 -4897.81 -2173.32
7230 -4897.81 -2173.32
7260 -4897.81 -2173.32
7290 -4897.81 -2173.32
7320 -4897.81 -2173.32
7350 -4897.81 -2173.32
7380 -4897.81 -2173.32
7410 -4897.81 -2173.32
7440 -4897.81 -2173.32
7470 -4897.81 -2173.32
7500 -4897.81 -2173.32
7530 -4897.81 -2173.32
7560 -4897.81 -2173.32
7590 -4897.81 -2173.32
7620 -4897.81 -2173.32
7650 -4897.81 -2173.32
7680 -4897.81 -2173.32
7710 -4897.81 -2173.32
7740 -4897.81 -2173.32
7770 -4897.81 -2173.32
7800 -4897.81 -2173.32
7830 -4897.81 -2173.32
7860 -4897.81 -2173.32
7890 -4897.81 -2173.32
7920 -4897.81 -2173.32
7950 -4897.81 -2173.32
7980 -4897.81 -2173.32
8010 -4897.81 -2173.32
8040 -4897.81 -2173.32
8070 -4897.81 -2173.32
8100 -4897.81 -2173.32
8130 -4897.81 -2173.32
8160 -4907.68 -2179.15
8190 -4902.78 -2197.59
8220 -4906.52 -2180.85
8250 -4905.47 -2182.47
8280 -4831.01 -2228.05
8310 -4760.92 -2290.93
8340 -4336.83 -2472.68
8370 -4265.77 -2651.99
8400 -3987.9 -2539.82
8430 -4005.43 -2055.4
8460 -3928.23 -1513.4
8490 -3731.42 -1071.84
8520 -3439.02 -736.33
8550 -2967.17 -569.132
8580 -2831.83 -623.725
8610 -2371.79 -626.738
8640 -2107.55 -559.87
8670 -2107.34 -562.859
8700 -2109.58 -563.844
8730 -2111.84 -565.096
8760 -2106.7 -573.206
8790 -2106.35 -559.994
8820 -2106.15 -555.699
8850 -2105.34 -556.664
8880 -2105.58 -557.926
8910 -2101.54 -555.857
8940 -1917.98 -469.447
8970 -1880.22 -453.776
9000 -1877.19 -456.727
9030 -1488.82 -296.485
9060 -982.222 41.7766
9090 -641.728 339.082
9120 -336.169 155.52
9150 -137.219 26.3037
9180 -84.6656 101.536
9210 -88.969 130.086
9240 -46.2576 60.8595
9270 -72.7712 20.5095
9300 -101.153 7.1338
9330 -109.61 -12.7524
9360 -90.7965 -36.9803
9390 -67.1561 -64.0026
9420 -37.0373 -60.5068
9450 -31.9201 -59.349
9480 -22.2222 -51.8264
9510 -25.3291 -85.1769
9540 -38.8645 -85.6816
9570 -32.4521 -67.9429
9600 -33.1166 -68.1174
9630 -33.7855 -68.637
9660 -36.1938 -71.6238
9690 -34.8587 -64.5576
9720 -41.285 -73.9042
9750 -35.4712 -64.7063
9780 -35.6432 -65.1498
9810 -41.5531 -74.8239
9840 -37.4645 -76.6093
9870 -32.6027 -61.5629
9900 -33.5358 -61.0805
9930 -33.5358 -61.0805
9960 -33.5358 -61.0805
9990 -33.5358 -61.0805
10020 -33.5358 -61.0805
10050 -33.5358 -61.0805
10080 -33.5358 -61.0805
10110 -33.5358 -61.0805
10140 -33.5358 -61.0805
10170 -33.5358 -61.0805
10200 -33.5358 -61.0805
10230 -33.5358 -61.0805
10260 -33.5358 -61.0805
10290 -33.5358 -61.0805
10320 -33.5358 -61.0805
10350 -33.5358 -61.0805
10380 -33.5358 -61.0805
10410 -33.5358 -61.0805
10440 -33.5358 -61.0805
10470 -33.5358 -61.0805
10500 -33.5358 -61.0805
10530 -33.5358 -61.0805
10560 -33.5358 -61.0805
10590 -33.5358 -61.0805
10620 -33.5358 -61.0805
10650 -33.5358 -61.0805
10680 -33.5358 -61.0805
10710 -33.5358 -61.0805
10740 -33.5358 -61.0805
10770 -33.5358 -61.0805
10800 -33.5358 -61.0805
10830 -33.5358 -61.0805
10860 -33.5358 -61.0805
10890 -33.5358 -61.0805
10920 -33.5358 -61.0805
10950 -33.5358 -61.0805
10980 -33.5358 -61.0805
11010 -33.5358 -61.0805
11040 -33.5358 -61.0805
11070 -33.5358 -61.0805
11100 -33.5358 -61.0805
11130 -33.5358 -61.0805
11160 -33.5358 -61.0805
11190 -33.5358 -61.0805
11220 -33.5358 -61.0805
11250 -33.5358 -61.0805
11280 -33.5358 -61.0805
11310 -33.5358 -61.0805
11340 -33.5358 -61.0805
11370 -33.5358 -61.0805
11400 -33.5358 -61.0805
11430 -33.5358 -61.0805
11460 -33.5358 -61.0805
11490 -33.5358 -61.0805
11520 -33.5358 -61.0805
11550 -33.5358 -61.0805
11580 -33.5358 -61.0805
11610 -33.5358 -61.0805
11640 -33.5358 -61.0805
11670 -33.5358 -61.0805
11700 -33.5358 -61.0805
11730 -33.5358 -61.0805
11760 -33.5358 -61.0805
11790 -33.5358 -61.0805
11820 -33.5358 -61.0805
11850 -33.5358 -61.0805
11880 -33.5358 -61.0805
11910 -33.5358 -61.0805
11940 -33.5358 -61.0805
11970 -33.5358 -61.0805
12000 -33.5358 -61.0805
12030 -33.5358 -61.0805
12060 -33.5358 -61.0805
12090 -33.5358 -61.0805
12120 -33.5358 -61.0805
12150 -33.5358 -61.0805
12180 -33.5358 -61.0805
12210 -37.585 -81.9525
12240 -78.6941 -53.177
12270 -105.268 -3.05001
12300 -94.2738 39.5504
12330 -82.8667 76.4853
12360 -72.3913 102.786
12390 -78.3348 97.5852
12420 -100.822 48.4001
12450 -295.74 143.075
12480 -595.125 310.941
12510 -669.959 336.83
12540 -1018.23 21.3438
12570 -1533.64 -316.824
12600 -1837.48 -436.308
12630 -2161.88 -565.05
12660 -2731.48 -636.089
12690 -2974.37 -562.75
12720 -3427.12 -728.278
12750 -3732 -1086.09
12780 -3931.02 -1505.84
12810 -4014.97 -2068.24
12840 -3996.81 -2560.29
12870 -4256.92 -2650.54
12900 -4469.67 -2404.62
12930 -4826.19 -2229.59
12960 -4918.18 -2177.78
12990 -4909.69 -2176.44
13020 -4902.63 -2175.3
13050 -4897.35 -2181.93
13080 -4894.08 -2169.62
13110 -4893.52 -2164.07
13140 -4895.01 -2162.78
13170 -4890.13 -2162.34
13200 -4892.68 -2166.86
13230 -4899.71 -2171.43
13260 -4894.12 -2160.99
13290 -4893.58 -2176.72
13320 -4894.53 -2176.55
13350 -4895.48 -2176.38
13380 -4896.43 -2176.21
13410 -4890.25 -2163.71
13440 -4890.19 -2163.91
13470 -4892.94 -2169.26
13500 -4894.49 -2172.29
13530 -4896.03 -2175.32
13560 -4894.8 -2172.77
13590 -4892.19 -2167.44
13620 -4893.42 -2166.11
13650 -4895.4 -2169.69
13680 -4895.46 -2169.76
13710 -4895.52 -2169.83
13740 -4895.57 -2169.9
13770 -4895.63 -2169.97
13800 -4895.69 -2170.04
13830 -4895.74 -2170.11
13860 -4895.8 -2170.18
13890 -4895.86 -2170.25
13920 -4895.99 -2170.35
13950 -4898.41 -2171.34
13980 -4900.83 -2172.34
14010 -4900.83 -2172.18
14040 -4898.98 -2171.14
14070 -4897.13 -2170.1
14100 -4895.28 -2169.06
14130 -4893.43 -2168.02
14160 -4897.36 -2166.87
14190 -4902.89 -2166.6
14220 -4902.24 -2167.82
14250 -4899.54 -2167.34
14280 -4896.85 -2166.86
14310 -4894.15 -2166.37
14340 -4891.46 -2165.89
14370 -4888.76 -2165.41
14400 -4886.06 -2164.93
14430 -4890.22 -2169.46
14460 -4889.75 -2168.97
14490 -4890.01 -2172.72
14520 -4890.79 -2178.02
14550 -4891.05 -2180.58
14580 -4890.3 -2177.64
14610 -4889.54 -2174.7
14640 -4888.78 -2171.76
14670 -4888.02 -2168.83
14700 -4887.94 -2167.89
14730 -4889.58 -2170.22
14760 -4893.59 -2167.8
14790 -4897.59 -2165.38
14820 -4899.25 -2168.71
14850 -4897.12 -2167.78
14880 -4892.96 -2166.93
14910 -4892.93 -2166.84
14940 -4894.97 -2167.14
14970 -4897 -2167.44
15000 -4899.03 -2167.74
15030 -4901.06 -2168.04
15060 -4901.6 -2168.38
15090 -4900.44 -2168.77
15120 -4899.27 -2169.16
15150 -4898.11 -2169.55
15180 -4896.95 -2169.94
15210 -4895.78 -2170.33
15240 -4894.62 -2170.72
15270 -4893.45 -2171.11
15300 -4892.64 -2172.37
15330 -4895.55 -2177.61
15360 -4898.73 -2178.82
15390 -4900.12 -2177.77
15420 -4901.52 -2176.73
15450 -4902.91 -2175.68
15480 -4902.23 -2173.78
15510 -4900.92 -2171.61
15540 -4899.6 -2169.45
15570 -4896.16 -2166.51
15600 -4895.04 -2174.12
15630 -4895.01 -2174.77
15660 -4895.01 -2174.77
15690 -4895.01 -2174.77
15720 -4895.01 -2174.77
15750 -4895.01 -2174.77
15780 -4895.01 -2174.77
15810 -4895.01 -2174.77
15840 -4895.01 -2174.77
15870 -4895.01 -2174.77
15900 -4895.01 -2174.77
15930 -4895.01 -2174.77
15960 -4895.01 -2174.77
15990 -4889.48 -2167.95
16020 -4886.92 -2167.33
16050 -4889.63 -2163.73
16080 -4891.35 -2162.34
16110 -4893.08 -2160.94
16140 -4894.81 -2159.55
16170 -4898.07 -2159.67
16200 -4901.31 -2163.51
16230 -4900.41 -2165.06
16260 -4899.51 -2166.62
16290 -4898.61 -2168.17
16320 -4897.71 -2169.73
16350 -4896.81 -2171.28
16380 -4895.91 -2172.83
16410 -4895.72 -2173.4
16440 -4895.6 -2173.87
16470 -4895.48 -2174.33
16500 -4895.36 -2174.79
16530 -4895.25 -2175.25
16560 -4895.13 -2175.71
16590 -4895.01 -2176.18
16620 -4894.89 -2176.64
16650 -4895.61 -2177.18
16680 -4895.73 -2174.75
16710 -4895.38 -2171.37
16740 -4895.02 -2168
16770 -4895.13 -2165.4
16800 -4897.11 -2165.88
16830 -4899.09 -2166.35
16860 -4901.06 -2166.82
16890 -4903.04 -2167.3
16920 -4904.79 -2167.8
16950 -4907.53 -2165.83
16980 -4907.97 -2165.56
17010 -4904.98 -2166.92
17040 -4901.99 -2168.29
17070 -4901.69 -2168.42
17100 -4901.69 -2168.42
17130 -4901.69 -2168.42
17160 -4901.69 -2168.42
17190 -4901.69 -2168.42
17220 -4901.69 -2168.42
17250 -4901.69 -2168.42
17280 -4901.69 -2168.42
17310 -4901.69 -2168.42
17340 -4901.69 -2168.42
17370 -4901.69 -2168.42
17400 -4880.83 -2168.39
17430 -4869.68 -2170.88
17460 -4873.68 -2169.22
17490 -4877.67 -2167.56
17520 -4881.66 -2165.9
17550 -4885.66 -2164.24
17580 -4889.65 -2162.58
17610 -4890.4 -2176.02
17640 -4894.29 -2177.78
17670 -4896.18 -2180.14
17700 -4898.33 -2173.09
17730 -4898.98 -2172.77
17760 -4899.62 -2173.66
17790 -4898.84 -2179.28
17820 -4898.07 -2184.89
17850 -4894.16 -2162.93
17880 -4896.26 -2173.47
17910 -4900.24 -2172.78
17940 -4902.55 -2163.76
17970 -4898.82 -2159.82
18000 -4897.77 -2160.04
18030 -4896.72 -2160.26
18060 -4896.44 -2160.42
18090 -4896.32 -2160.58
18120 -4896.2 -2160.73
18150 -4896.18 -2160.74
18180 -4896.18 -2160.74
18210 -4896.18 -2160.74
18240 -4896.18 -2160.74
18270 -4896.18 -2160.74
18300 -4896.18 -2160.74
18330 -4896.18 -2160.74
18360 -4896.18 -2160.74
18390 -4896.18 -2160.74
18420 -4896.18 -2160.74
18450 -4896.18 -2160.74
18480 -4896.18 -2160.74
18510 -4896.18 -2160.74
18540 -4896.18 -2160.74
18570 -4896.18 -2160.74
18600 -4896.18 -2160.74
18630 -4896.18 -2160.74
18660 -4896.18 -2160.74
18690 -4896.18 -2160.74
18720 -4896.18 -2160.74
18750 -4896.18 -2160.74
18780 -4896.18 -2160.74
18810 -4881.17 -2166.72
18840 -4887.85 -2157.11
18870 -4890.05 -2158
18900 -4891.36 -2160.99
18930 -4892.67 -2163.97
18960 -4893.98 -2166.96
18990 -4895.29 -2169.94
19020 -4893.28 -2167.78
19050 -4890.44 -2164.33
19080 -4893.5 -2170.49
19110 -4895.86 -2173.86
19140 -4895.37 -2170.73
19170 -4894.88 -2167.59
19200 -4894.51 -2165.42
19230 -4889.39 -2180.65
19260 -4878.16 -2193.82
19290 -4879.95 -2194.94
19320 -4882.96 -2188.51
19350 -4885.57 -2170.72
19380 -4888.26 -2164.88
19410 -4891 -2165.97
19440 -4892.89 -2168.01
19470 -4887.33 -2177.09
19500 -4879.74 -2197.48
19530 -4886.17 -2184.79
19560 -4892.6 -2172.1
19590 -4893.37 -2167.79
19620 -4894.2 -2169.58
19650 -4891.49 -2170.85
19680 -4888.78 -2172.12
19710 -4887.41 -2179.04
19740 -4890.28 -2176.73
19770 -4888.96 -2183.24
19800 -4892.87 -2175
19830 -4894 -2171.27
19860 -4895.13 -2167.54
19890 -4896.25 -2163.81
19920 -4897.38 -2160.08
19950 -4896.91 -2160.03
19980 -4894.2 -2164.72
20010 -4891.49 -2169.41
20040 -4888.78 -2174.1
20070 -4887.19 -2177.82
20100 -4886.56 -2173.98
20130 -4885.74 -2166.24
20160 -4883.57 -2158.28
20190 -4879.68 -2151.31
20220 -4881.01 -2165.48
20250 -4883.62 -2167.28
20280 -4886.24 -2169.08
20310 -4888.85 -2170.88
20340 -4891.19 -2173.92
20370 -4896.05 -2159.97
20400 -4893.4 -2169.92
20430 -4905.99 -2173.06
20460 -4905.42 -2172.48
20490 -4901.97 -2171.2
20520 -4898.53 -2169.92
20550 -4895.08 -2168.64
20580 -4891.64 -2167.36
20610 -4888.19 -2166.08
20640 -4896.87 -2160.17
20670 -4898.79 -2161.72
20700 -4895.44 -2165.73
20730 -4891.93 -2169.35
20760 -4890.49 -2172.74
20790 -4896.14 -2172.08
20820 -4896.31 -2155.78
20850 -4894.26 -2157.41
20880 -4888.35 -2167.98
20910 -4889.45 -2174.76
20940 -4900.48 -2174.17
20970 -4911.51 -2173.57
21000 -4914.43 -2169.76
21030 -4907.55 -2169.2
21060 -4904.8 -2169.18
21090 -4902.04 -2169.16
21120 -4899.29 -2169.14
21150 -4896.54 -2169.13
21180 -4893.79 -2169.11
21210 -4891.51 -2169.78
21240 -4895.02 -2183.26
21270 -4890.67 -2173.78
21300 -4896.55 -2158.96
21330 -4880.17 -2168.2
21360 -4884.55 -2170.58
21390 -4891.4 -2165.08
21420 -4890.64 -2164.63
21450 -4889.87 -2164.17
21480 -4889.11 -2163.72
21510 -4888.35 -2163.26
21540 -4887.59 -2162.8
21570 -4886.83 -2162.35
21600 -4886.07 -2161.89
21630 -4885.3 -2161.44
21660 -4885.95 -2165.81
21690 -4887.19 -2172.26
21720 -4887.95 -2175.04
21750 -4887.54 -2171.38
21780 -4887.35 -2169.38
21810 -4889.32 -2167.84
21840 -4891.29 -2166.3
21870 -4893.26 -2164.76
21900 -4893.1 -2164.83
21930 -4895.01 -2166.42
21960 -4885.19 -2171.85
21990 -4883.58 -2177.77
22020 -4886.87 -2173.43
22050 -4888.54 -2172.29
22080 -4890.2 -2171.14
22110 -4891.87 -2170
22140 -4893.54 -2168.85
22170 -4891.07 -2171.9
22200 -4884.97 -2177.36
22230 -4884.17 -2176
22260 -4883.37 -2174.64
22290 -4882.57 -2173.27
22320 -4882.17 -2167.35
22350 -4887.92 -2163.67
22380 -4893.65 -2168.51
22410 -4892.6 -2167.69
22440 -4891.55 -2166.86
22470 -4890.49 -2166.04
22500 -4889.44 -2165.21
22530 -4888.39 -2164.39
22560 -4887.33 -2163.56
22590 -4886.28 -2162.74
22620 -4886.92 -2163.75
22650 -4891.84 -2169.62
22680 -4886.85 -2165.58
22710 -4886.51 -2165.81
22740 -4886.5 -2166.35
22770 -4886.49 -2166.89
22800 -4886.48 -2167.42
22830 -4886.47 -2167.96
22860 -4886.45 -2168.5
22890 -4886.44 -2169.04
22920 -4886.43 -2169.58
22950 -4891.27 -2158.13
22980 -4889.95 -2169.78
23010 -4890.09 -2169.53
23040 -4890.79 -2171.15
23070 -4891.48 -2172.78
23100 -4892.18 -2174.41
23130 -4891.06 -2168.5
23160 -4890.59 -2171.71
23190 -4889.01 -2175.76
23220 -4890.86 -2171.02
23250 -4897.39 -2162.09
23280 -4899.61 -2156.79
23310 -4891.67 -2163.33
23340 -4889.32 -2166.9
23370 -4886.09 -2167.16
23400 -4883.86 -2167.33
23430 -4882.94 -2167.37
23460 -4882.01 -2167.41
23490 -4883.39 -2164.65
23520 -4885.35 -2161.17
23550 -4887.35 -2167.06
23580 -4891.82 -2185.97
23610 -4901.55 -2171.71
23640 -4899.2 -2173.43
23670 -4896.85 -2175.15
23700 -4895.55 -2175.1
23730 -4894.47 -2174.69
23760 -4893.39 -2174.28
23790 -4892.31 -2173.87
23820 -4891.23 -2173.47
23850 -4890.15 -2173.06
23880 -4889.07 -2172.65
23910 -4885.08 -2173.55
23940 -4886.51 -2176.54
23970 -4890.76 -2179.34
24000 -4895.01 -2182.15
24030 -4896.41 -2180.46
24060 -4895.32 -2174.86
24090 -4894.04 -2171.51
24120 -4892.63 -2170.74
24150 -4891.61 -2169.85
24180 -4890.63 -2168.44
24210 -4889.65 -2167.03
24240 -4888.74 -2167.48
24270 -4887.86 -2169.35
24300 -4888.2 -2176.63
24330 -4892.27 -2171.41
24360 -4893.3 -2170.5
24390 -4893.18 -2171.37
24420 -4893.07 -2172.23
24450 -4892.95 -2173.1
24480 -4893.51 -2173.28
24510 -4893.78 -2176.28
24540 -4901.5 -2178.59
24570 -4889.24 -2182.26
24600 -4895.1 -2182.12
24630 -4894.33 -2177.35
24660 -4897.03 -2173.91
24690 -4897.32 -2172.22
24720 -4894.88 -2171.83
24750 -4892.45 -2171.43
24780 -4890.01 -2171.04
24810 -4891.52 -2167.64
24840 -4889.99 -2168.77
24870 -4887.56 -2171.15
24900 -4888.68 -2172.44
24930 -4896.82 -2167.87
24960 -4896.34 -2169.2
24990 -4897.9 -2170.96
25020 -4898.94 -2170.95
25050 -4897.43 -2166.24
25080 -4896.37 -2159.85
25110 -4896.37 -2159.85
25140 -4896.37 -2159.85
25170 -4896.37 -2159.85
25200 -4896.37 -2159.85
25230 -4896.37 -2159.85
25260 -4896.37 -2159.85
25290 -4896.37 -2159.85
25320 -4896.37 -2159.85
25350 -4896.37 -2159.85
25380 -4896.37 -2159.85
25410 -4896.37 -2159.85
25440 -4892.41 -2159.94
25470 -4888.26 -2161.38
25500 -4891.33 -2162.94
25530 -4894.39 -2164.5
25560 -4894.78 -2161.32
25590 -4893.02 -2155.26
25620 -4901.75 -2156.59
25650 -4888.56 -2157.64
25680 -4889.13 -2165.55
25710 -4889.69 -2173.45
25740 -4890.25 -2181.36
25770 -4891.04 -2180.7
25800 -4892.07 -2173.39
25830 -4893.15 -2166
25860 -4894.12 -2159
25890 -4892.12 -2163.82
25920 -4893.13 -2166.47
25950 -4889.05 -2180.67
25980 -4888.66 -2178.37
26010 -4894.88 -2172.24
26040 -4896.49 -2171.86
26070 -4896.64 -2172.1
26100 -4896.79 -2172.34
26130 -4895.9 -2171
26160 -4893.52 -2167.52
26190 -4893.6 -2167.86
26220 -4893.68 -2168.21
26250 -4893.76 -2168.55
26280 -4893.4 -2168.95
26310 -4886.78 -2170.2
26340 -4889.5 -2175.22
26370 -4889.11 -2173.16
26400 -4888.95 -2171.78
26430 -4892.58 -2169.56
26460 -4891.03 -2164.63
26490 -4888.74 -2159.7
26520 -4895.31 -2168.31
26550 -4892.73 -2170.79
26580 -4879.01 -2166.54
26610 -4886.28 -2169.85
26640 -4887.26 -2169.22
26670 -4888.24 -2168.59
26700 -4889.22 -2167.95
26730 -4890.19 -2167.32
26760 -4891.17 -2166.69
26790 -4891.85 -2166.79
26820 -4892.09 -2167.98
26850 -4892.32 -2169.18
26880 -4899.57 -2162.44
26910 -4902.35 -2156.38
26940 -4896.12 -2160.06
26970 -4870.87 -2194.25
27000 -4880.59 -2186.42
27030 -4885.53 -2172.43
27060 -4887.28 -2163.55
27090 -4888.27 -2162.49
27120 -4891.75 -2164.87
27150 -4893.94 -2168.19
27180 -4888.98 -2154.04
27210 -4893.81 -2160.63
27240 -4896.35 -2164.08
27270 -4896.31 -2163.37
27300 -4897.16 -2161.94
27330 -4898.81 -2160.98
27360 -4897.99 -2162.19
27390 -4897.99 -2162.19
27420 -4897.99 -2162.19
27450 -4897.99 -2162.19
27480 -4897.99 -2162.19
27510 -4897.99 -2162.19
27540 -4897.99 -2162.19
27570 -4897.99 -2162.19
27600 -4897.99 -2162.19
27630 -4897.99 -2162.19
27660 -4897.99 -2162.19
27690 -4897.99 -2162.19
27720 -4897.99 -2162.19
27750 -4897.99 -2162.19
27780 -4897.99 -2162.19
27810 -4889.62 -2172.93
27840 -4888.01 -2173.99
27870 -4886.29 -2174.4
27900 -4885.29 -2172.56
27930 -4892.67 -2162.91
27960 -4894.21 -2162.08
27990 -4893.3 -2166.02
28020 -4890.74 -2173.15
28050 -4890.51 -2173.48
28080 -4890.64 -2172.77
28110 -4890.76 -2172.05
28140 -4890.89 -2171.33
28170 -4891.01 -2170.62
28200 -4891.13 -2169.9
28230 -4889.99 -2168.26
28260 -4889.58 -2166.84
28290 -4891.38 -2166.78
28320 -4889.88 -2164.85
28350 -4884.07 -2160.45
28380 -4886.09 -2158.87
28410 -4893.45 -2161.75
28440 -4892.94 -2163.73
28470 -4892.42 -2165.71
28500 -4891.91 -2167.68
28530 -4891.39 -2169.66
28560 -4897.84 -2166.5
28590 -4898.17 -2166.88
28620 -4898.01 -2167.65
28650 -4897.81 -2168.45
28680 -4897.61 -2169.25
28710 -4897.41 -2170.05
28740 -4897.21 -2170.85
28770 -4897.4 -2170.58
28800 -4896.82 -2170.38
28830 -4895.26 -2170.51
28860 -4893.71 -2170.65
28890 -4892.16 -2170.78
28920 -4891.75 -2169.78
28950 -4893.63 -2166.48
28980 -4895.51 -2163.19
29010 -4897.39 -2159.89
29040 -4899.27 -2156.6
29070 -4894.03 -2166.85
29100 -4894.92 -2165.44
29130 -4894.69 -2166.04
29160 -4894.46 -2166.65
29190 -4894.24 -2167.26
29220 -4894.01 -2167.86
29250 -4893.78 -2168.47
29280 -4893.55 -2169.07
29310 -4893.33 -2169.68
29340 -4892.81 -2169.81
29370 -4892.25 -2169.86
29400 -4891.69 -2169.92
29430 -4891.13 -2169.97
29460 -4890.57 -2170.03
29490 -4890.01 -2170.08
29520 -4891.02 -2169.84
29550 -4892.6 -2169.5
29580 -4894.18 -2169.16
29610 -4895.76 -2168.82
29640 -4897.34 -2168.47
29670 -4897.48 -2168.38
29700 -4896.36 -2168.5
29730 -4895.24 -2168.62
29760 -4894.13 -2168.73
29790 -4893.01 -2168.85
29820 -4891.89 -2168.97
29850 -4890.77 -2169.09
29880 -4892.96 -2173.94
29910 -4887.37 -2194.4
29940 -4847.87 -2235.88
29970 -4865.48 -2185.23
30000 -4865.48 -2185.23
30030 -4865.48 -2185.23
30060 -4865.48 -2185.23
30090 -4865.48 -2185.23
30120 -4865.48 -2185.23
30150 -4865.48 -2185.23
30180 -4865.48 -2185.23
30210 -4865.48 -2185.23
30240 -4865.48 -2185.23
30270 -4865.48 -2185.23
30300 -4882.88 -2176.9
30330 -4889.91 -2173.43
30360 -4884.17 -2178.44
30390 -4883.96 -2181.64
30420 -4880.32 -2180.81
30450 -4883.75 -2176.06
30480 -4878.84 -2179.67
30510 -4883.07 -2181.44
30540 -4885.3 -2180.74
30570 -4886.05 -2178.35
30600 -4886.56 -2175.7
30630 -4887.08 -2173.05
30660 -4887.6 -2170.4
30690 -4888.11 -2167.75
30720 -4888.63 -2165.09
30750 -4889.15 -2162.44
30780 -4889.66 -2159.79
30810 -4891.99 -2153.55
30840 -4875.5 -2157.74
30870 -4886.36 -2167.12
30900 -4901.51 -2181.69
30930 -4899.82 -2171.47
30960 -4898.2 -2161.6
30990 -4897.65 -2159.65
31020 -4897.3 -2156.96
31050 -4897.42 -2155.26
31080 -4898.92 -2164.33
31110 -4900.49 -2174.13
31140 -4899.75 -2175.86
31170 -4898.65 -2176.36
31200 -4897.56 -2176.85
31230 -4896.46 -2177.34
31260 -4895.36 -2177.83
31290 -4894.74 -2178.11
31320 -4894.74 -2178.11
31350 -4894.74 -2178.11
31380 -4894.74 -2178.11
31410 -4894.74 -2178.11
31440 -4894.74 -2178.11
31470 -4894.74 -2178.11
31500 -4894.74 -2178.11
31530 -4894.74 -2178.11
31560 -4894.74 -2178.11
31590 -4894.74 -2178.11
31620 -4894.74 -2178.11
31650 -4894.74 -2178.11
31680 -4894.74 -2178.11
31710 -4894.74 -2178.11
31740 -4894.74 -2178.11
31770 -4892.82 -2168.5
31800 -4891.26 -2158.41
31830 -4893.99 -2170.84
31860 -4895.5 -2179.7
31890 -4895.19 -2169.17
31920 -4902.07 -2181.51
31950 -4898.56 -2172.14
31980 -4893.57 -2173.32
32010 -4899.48 -2182.95
32040 -4915.22 -2173.91
32070 -4899.32 -2182.69
32100 -4897.38 -2181.95
32130 -4895.45 -2181.21
32160 -4897.94 -2176.31
32190 -4901.11 -2170.76
32220 -4899.98 -2169.09
32250 -4898.37 -2167.86
32280 -4896.77 -2166.62
32310 -4894.44 -2167.23
32340 -4890.44 -2172.16
32370 -4883.73 -2172.8
32400 -4879.8 -2181.38
32430 -4883.88 -2175.2
32460 -4887.08 -2167.01
32490 -4887.28 -2170.1
32520 -4886.72 -2167.98
32550 -4886.16 -2165.86
32580 -4885.6 -2163.74
32610 -4885.04 -2161.62
32640 -4888.59 -2164.38
32670 -4892.6 -2167.69
32700 -4896.6 -2170.99
32730 -4895.72 -2174.87
32760 -4893.86 -2178.86
32790 -4892 -2182.86
32820 -4892.86 -2180.35
32850 -4897.64 -2171.13
32880 -4896.38 -2173.46
32910 -4895.03 -2175.8
32940 -4895.78 -2176.98
32970 -4899.28 -2183.71
33000 -4891.48 -2189.17
33030 -4899.31 -2177.33
33060 -4902.69 -2179.09
33090 -4900.8 -2177.55
33120 -4898.91 -2176.01
33150 -4897.01 -2174.48
33180 -4896.67 -2173.75
33210 -4893.53 -2181.31
33240 -4880.44 -2192.8
33270 -4866.76 -2192
33300 -4881.15 -2171.62
33330 -4885.95 -2167.76
33360 -4886.39 -2168.8
33390 -4887.05 -2168.85
33420 -4887.71 -2168.9
33450 -4888.36 -2168.95
33480 -4889.02 -2168.99
33510 -4889.68 -2169.04
33540 -4890.33 -2169.07
33570 -4890.92 -2168.35
33600 -4891.5 -2167.63
33630 -4892.09 -2166.91
33660 -4892.67 -2166.18
33690 -4893.26 -2165.46
33720 -4893.81 -2167.03
33750 -4894.28 -2173.22
33780 -4894.8 -2172.58
33810 -4895.32 -2171.94
33840 -4895.37 -2173.91
33870 -4890.33 -2170.58
33900 -4884.73 -2166.62
33930 -4885.3 -2169.26
33960 -4885.87 -2171.89
33990 -4886.44 -2174.53
34020 -4887.02 -2177.17
34050 -4887.45 -2177.49
34080 -4887.8 -2176.26
34110 -4888.15 -2175.03
34140 -4888.5 -2173.81
34170 -4889.35 -2174.31
34200 -4890.22 -2174.87
34230 -4891.09 -2175.43
34260 -4891.97 -2175.99
34290 -4892.69 -2175.23
34320 -4892.82 -2169.19
34350 -4894.72 -2167.84
34380 -4897.06 -2167.67
34410 -4899.4 -2167.5
34440 -4901.74 -2167.33
34470 -4904.09 -2167.16
34500 -4906.43 -2166.99
34530 -4897.75 -2175.6
34560 -4891.14 -2182.21
34590 -4894.79 -2183.86
34620 -4891.46 -2172.99
34650 -4883.63 -2166.82
34680 -4889.97 -2165.18
34710 -4888.24 -2178.22
34740 -4896.64 -2166.64
34770 -4893.69 -2169.17
34800 -4887.48 -2176.23
34830 -4893.99 -2191.17
34860 -4895.54 -2192.26
34890 -4897.09 -2193.36
34920 -4898.64 -2194.46
34950 -4900.2 -2195.56
34980 -4901.4 -2195.37
35010 -4901.66 -2191.65
35040 -4901.92 -2187.93
35070 -4902.18 -2184.21
35100 -4902.44 -2180.49
35130 -4902.7 -2176.77
35160 -4902.96 -2173.05
35190 -4903.22 -2169.33
35220 -4895.45 -2168.6
35250 -4895.27 -2166.94
35280 -4895.97 -2165.17
35310 -4896.66 -2163.4
35340 -4897.36 -2161.63
35370 -4897.36 -2161.63
35400 -4897.36 -2161.63
35430 -4897.36 -2161.63
35460 -4897.36 -2161.63
35490 -4897.36 -2161.63
35520 -4897.36 -2161.63
35550 -4897.36 -2161.63
35580 -4897.36 -2161.63
35610 -4897.36 -2161.63
35640 -4897.36 -2161.63
35670 -4897.36 -2161.63
35700 -4897.36 -2161.63
35730 -4897.36 -2161.63
35760 -4897.36 -2161.63
35790 -4897.36 -2161.63
35820 -4888.64 -2168.68
35850 -4889.05 -2168.99
35880 -4889.46 -2169.3
35910 -4889.87 -2169.61
35940 -4890.28 -2169.92
35970 -4890.69 -2170.23
36000 -4891.1 -2170.54
36030 -4891.91 -2168.5
36060 -4892.3 -2164.45
36090 -4892.57 -2165.37
36120 -4895.96 -2166.41
36150 -4895.01 -2168.76
36180 -4893.54 -2167.63
36210 -4891.4 -2161.95
36240 -4888.42 -2157.18
36270 -4897.09 -2160.19
36300 -4904.91 -2151.77
36330 -4907.58 -2154.29
36360 -4900.43 -2158.18
36390 -4895.91 -2166.35
36420 -4895.19 -2171.5
36450 -4893.65 -2174.43
36480 -4895.09 -2172.86
36510 -4895.68 -2176.74
36540 -4895.49 -2174.06
36570 -4895.2 -2170.16
36600 -4894.92 -2166.26
36630 -4892.98 -2166.22
36660 -4889.68 -2167.56
36690 -4888.44 -2161.79
36720 -4887.38 -2169.12
36750 -4891.38 -2166.27
36780 -4896.16 -2161.85
36810 -4890.61 -2168.31
36840 -4889.56 -2170.16
36870 -4890.24 -2170.25
36900 -4890.91 -2170.33
36930 -4891.58 -2170.42
36960 -4894.47 -2174.1
36990 -4893.41 -2166.11
37020 -4894.14 -2167.02
37050 -4894.87 -2167.92
37080 -4895.61 -2168.83
37110 -4896.34 -2169.73
37140 -4897.07 -2170.63
37170 -4897.81 -2171.54
37200 -4898.25 -2172.38
37230 -4896.84 -2172.85
37260 -4895.43 -2173.32
37290 -4895.48 -2170.04
37320 -4893.26 -2166.6
37350 -4894.92 -2166.97
37380 -4893.93 -2168.89
37410 -4892.94 -2170.8
37440 -4890.71 -2171.66
37470 -4885.08 -2169.61
37500 -4887.8 -2166.13
37530 -4890.81 -2162.61
37560 -4890.01 -2162.11
37590 -4886.63 -2164.13
37620 -4888.14 -2165.32
37650 -4889.65 -2166.51
37680 -4891.16 -2167.7
37710 -4892.6 -2167.46
37740 -4893.9 -2163.86
37770 -4893.8 -2163.35
37800 -4892.62 -2165.19
37830 -4891.44 -2167.04
37860 -4891.82 -2166.14
37890 -4895.01 -2165.69
37920 -4903.05 -2166.36
37950 -4903.1 -2173.33
37980 -4896.41 -2174.98
38010 -4893.32 -2171.52
38040 -4892.53 -2168.74
38070 -4893.17 -2169.29
38100 -4893.8 -2169.85
38130 -4894.44 -2170.4
38160 -4895.07 -2170.96
38190 -4895.7 -2171.51
38220 -4896.34 -2172.06
38250 -4896.97 -2172.62
38280 -4896.4 -2171.94
38310 -4894.78 -2170.19
38340 -4893.15 -2168.44
38370 -4893.44 -2167.78
38400 -4894.02 -2167.29
38430 -4894.6 -2166.8
38460 -4895.18 -2166.31
38490 -4895.76 -2165.82
38520 -4896.34 -2165.33
38550 -4896.92 -2164.84
38580 -4897.5 -2164.36
38610 -4898.08 -2163.87
38640 -4896.64 -2166.07
38670 -4893.44 -2170.62
38700 -4890.24 -2175.17
38730 -4889.4 -2172.8
38760 -4890.02 -2170.49
38790 -4890.8 -2168.22
38820 -4890.86 -2163.75
38850 -4892.68 -2165.79
38880 -4894.1 -2166.53
38910 -4893.19 -2166.07
38940 -4892.28 -2165.61
38970 -4891.37 -2165.15
39000 -4890.56 -2164.55
39030 -4890.39 -2163.04
39060 -4890.22 -2161.52
39090 -4891.25 -2167.51
39120 -4892.02 -2172.31
39150 -4891.97 -2173.23
39180 -4891.92 -2174.15
39210 -4891.87 -2175.07
39240 -4891.85 -2175.44
39270 -4891.85 -2175.44
39300 -4891.85 -2175.44
39330 -4891.85 -2175.44
39360 -4891.85 -2175.44
39390 -4891.85 -2175.44
39420 -4891.85 -2175.44
39450 -4891.85 -2175.44
39480 -4891.85 -2175.44
39510 -4891.85 -2175.44
39540 -4891.85 -2175.44
39570 -4891.85 -2175.44
39600 -4891.85 -2175.44
39630 -4889.35 -2159.81
39660 -4893.34 -2160.04
39690 -4893.72 -2167.27
39720 -4894.09 -2174.49
39750 -4893.26 -2173.4
39780 -4891.91 -2168.74
39810 -4890.57 -2164.07
39840 -4889.23 -2159.41
39870 -4887.88 -2154.75
39900 -4886.54 -2150.09
39930 -4885.19 -2145.43
39960 -4883.85 -2140.76
39990 -4880.83 -2134.87
40020 -4890.49 -2148.61
40050 -4895.07 -2165.1
40080 -4895 -2174.44
40110 -4896 -2170.21
40140 -4896.93 -2165.2
40170 -4893.93 -2161.86
40200 -4891.57 -2171.35
40230 -4892.9 -2170.09
40260 -4894.24 -2168.84
40290 -4895.57 -2167.58
40320 -4896.9 -2166.33
40350 -4898.23 -2165.07
40380 -4899.01 -2164.53
40410 -4898.47 -2165.64
40440 -4897.94 -2166.75
40470 -4897.4 -2167.87
40500 -4896.87 -2168.98
40530 -4898.48 -2167
40560 -4900.34 -2164.67
40590 -4901.32 -2163.31
40620 -4899.93 -2164.6
40650 -4898.54 -2165.88
40680 -4897.25 -2173.79
40710 -4895.39 -2180.44
40740 -4892.48 -2179.22
40770 -4889.57 -2177.99
40800 -4886.66 -2176.77
40830 -4887.61 -2177.96
40860 -4889.96 -2180.04
40890 -4892.39 -2179.35
40920 -4894.82 -2178.56
40950 -4897.26 -2177.77
40980 -4899.69 -2176.98
41010 -4902.12 -2176.19
41040 -4904.55 -2175.4
41070 -4906.98 -2174.62
41100 -4909.41 -2173.83
41130 -4911.84 -2173.04
41160 -4910.12 -2169.41
41190 -4900.57 -2163.73
41220 -4898.64 -2166.54
41250 -4896.74 -2168.22
41280 -4894.84 -2169.91
41310 -4892.94 -2171.6
41340 -4893.72 -2170.64
41370 -4894.8 -2169.39
41400 -4895.88 -2168.14
41430 -4896.96 -2166.89
41460 -4897.29 -2166.7
41490 -4897.44 -2166.77
41520 -4897.58 -2166.84
41550 -4897.73 -2166.91
41580 -4897.87 -2166.99
41610 -4898.02 -2167.06
41640 -4897.59 -2166.89
41670 -4896.72 -2166.55
41700 -4895.85 -2166.21
41730 -4891.29 -2172.05
41760 -4890.98 -2168.58
41790 -4891.45 -2168.75
41820 -4891.91 -2168.91
41850 -4892.38 -2169.08
41880 -4892.84 -2169.24
41910 -4893.31 -2169.41
41940 -4893.77 -2169.57
41970 -4894.24 -2169.74
42000 -4894.7 -2169.91
42030 -4894.61 -2168.59
42060 -4894.01 -2165.98
42090 -4893.25 -2165.83
42120 -4893.81 -2170.69
42150 -4892.47 -2170.21
42180 -4891.65 -2168.97
42210 -4891.42 -2167.16
42240 -4891.07 -2166.57
42270 -4891.73 -2166.95
42300 -4893.74 -2168.44
42330 -4895.76 -2169.92
42360 -4897.77 -2171.41
42390 -4899.78 -2172.89
42420 -4901.8 -2174.37
42450 -4903.81 -2175.86
42480 -4905.83 -2177.34
42510 -4907.84 -2178.83
42540 -4937.26 -2195.52
42570 -4933.21 -2183.01
42600 -4904.69 -2171.9
42630 -4896.07 -2176.4
42660 -4895.56 -2174.37
42690 -4895.04 -2172.35
42720 -4894.53 -2170.32
42750 -4894.01 -2168.29
42780 -4893.57 -2166.53
42810 -4893.57 -2166.53
42840 -4893.57 -2166.53
42870 -4893.57 -2166.53
42900 -4893.57 -2166.53
42930 -4893.57 -2166.53
42960 -4893.57 -2166.53
42990 -4893.57 -2166.53
43020 -4893.57 -2166.53
43050 -4893.57 -2166.53
43080 -4893.57 -2166.53
43110 -4897.67 -2162.98
43140 -4897.82 -2162.31
43170 -4891.28 -2173.78
43200 -4889.55 -2176.19
43230 -4889.87 -2174.72
43260 -4891.62 -2173.29
43290 -4899.06 -2172
43320 -4906.51 -2170.7
43350 -4907 -2169.62
43380 -4904.52 -2168.62
43410 -4902.04 -2167.62
43440 -4899.35 -2166.42
43470 -4895.32 -2163.92
43500 -4891.29 -2161.43
43530 -4887.26 -2158.93
43560 -4885.68 -2157.38
43590 -4889.82 -2158.05
43620 -4893.45 -2162.48
43650 -4893.46 -2168.92
43680 -4891.47 -2169.65
43710 -4886.7 -2169.03
43740 -4881.93 -2168.4
43770 -4877.16 -2167.78
43800 -4872.87 -2167.25
43830 -4875.32 -2167.94
43860 -4877.77 -2168.63
43890 -4880.23 -2169.33
43920 -4882.68 -2170.02
43950 -4885.14 -2170.71
43980 -4886.9 -2170.65
44010 -4888.46 -2170.35
44040 -4890.02 -2170.06
44070 -4891.58 -2169.76
44100 -4891.69 -2169.48
44130 -4891.8 -2169.21
44160 -4891.91 -2168.93
44190 -4892.03 -2168.66
44220 -4892.14 -2168.38
44250 -4892.25 -2168.11
44280 -4892.04 -2168.4
44310 -4891.54 -2169.19
44340 -4891.05 -2169.97
44370 -4890.55 -2170.76
44400 -4890.05 -2171.55
44430 -4889.56 -2172.34
44460 -4889.06 -2173.12
44490 -4888.57 -2173.91
44520 -4888.34 -2174.22
44550 -4888.66 -2173.58
44580 -4888.97 -2172.94
44610 -4889.29 -2172.3
44640 -4889.6 -2171.66
44670 -4889.92 -2171.02
44700 -4890.23 -2170.38
44730 -4888.24 -2168.27
44760 -4889.41 -2166.04
44790 -4890.86 -2163.85
44820 -4892.3 -2161.66
44850 -4893.75 -2159.47
44880 -4890.42 -2165.07
44910 -4886.52 -2174.9
44940 -4902.73 -2173.37
44970 -4918.95 -2171.85
45000 -4916.98 -2168.9
45030 -4906.52 -2165.3
45060 -4906.95 -2165.63
45090 -4896.07 -2173.75
45120 -4892.42 -2176.15
45150 -4890.88 -2176.97
45180 -4889.34 -2177.79
45210 -4887.81 -2178.61
45240 -4886.27 -2179.44
45270 -4884.74 -2180.26
45300 -4886.51 -2177.88
45330 -4890.19 -2173.65
45360 -4893.87 -2169.42
45390 -4897.56 -2165.19
45420 -4901.24 -2160.97
45450 -4914.59 -2151.76
45480 -4896.46 -2167.57
45510 -4898.56 -2165.32
45540 -4900.65 -2163.07
45570 -4902.75 -2160.82
45600 -4904.85 -2158.57
45630 -4901.45 -2161.68
45660 -4888.42 -2175.88
45690 -4888.42 -2175.88
45720 -4888.42 -2175.88
45750 -4888.42 -2175.88
45780 -4888.42 -2175.88
45810 -4888.42 -2175.88
45840 -4888.42 -2175.88
45870 -4888.42 -2175.88
45900 -4888.42 -2175.88
45930 -4888.42 -2175.88
45960 -4888.42 -2175.88
45990 -4916.81 -2157.33
46020 -4910.73 -2163.98
46050 -4882.67 -2191.64
46080 -4883.43 -2199.64
46110 -4880.33 -2198.3
46140 -4901.03 -2168.54
46170 -4895.23 -2164.85
46200 -4900.07 -2164.23
46230 -4884.29 -2173.36
46260 -4889 -2190.38
46290 -4891.57 -2192.47
46320 -4894.14 -2194.56
46350 -4894.07 -2196.9
46380 -4885.36 -2192.06
46410 -4896.52 -2166.56
46440 -4895.87 -2164.95
46470 -4893.42 -2171.88
46500 -4911.95 -2164.36
46530 -4912.69 -2174.17
46560 -4899.61 -2160.01
46590 -4887.82 -2164.97
46620 -4897.89 -2164.33
46650 -4899.63 -2165.05
46680 -4901.37 -2165.76
46710 -4903.11 -2166.47
46740 -4904.85 -2167.18
46770 -4906.59 -2167.89
46800 -4908.33 -2168.6
46830 -4910.07 -2169.31
46860 -4911.04 -2169.61
46890 -4910.68 -2169.2
46920 -4910.32 -2168.78
46950 -4909.96 -2168.37
46980 -4906.18 -2168.88
47010 -4901.87 -2169.54
47040 -4897.56 -2170.2
47070 -4893.25 -2170.86
47100 -4892.08 -2171.04
47130 -4892.72 -2170.96
47160 -4893.36 -2170.88
47190 -4894.01 -2170.8
47220 -4899.28 -2168.4
47250 -4903.54 -2165.77
47280 -4902.89 -2165.26
47310 -4901.8 -2165.03
47340 -4900.09 -2164.21
47370 -4897.75 -2165.06
47400 -4894.93 -2167.18
47430 -4892.12 -2169.3
47460 -4889.3 -2171.42
47490 -4891.25 -2170.91
47520 -4895.47 -2166.55
47550 -4890.76 -2163.26
47580 -4886.72 -2160.8
47610 -4887.68 -2163.6
47640 -4887.65 -2164.18
47670 -4887.62 -2164.77
47700 -4887.58 -2165.36
47730 -4887.55 -2165.95
47760 -4887.52 -2166.53
47790 -4887.49 -2167.12
47820 -4887.46 -2167.71
47850 -4887.43 -2168.29
47880 -4888.05 -2158.28
47910 -4897.09 -2166.5
47940 -4899.11 -2165.94
47970 -4901.14 -2165.39
48000 -4903.17 -2164.84
48030 -4905.6 -2164.67
48060 -4919.85 -2175.74
48090 -4918.36 -2175.15
48120 -4914.46 -2172.77
48150 -4910.56 -2170.38
48180 -4906.66 -2168
48210 -4902.76 -2165.61
48240 -4898.86 -2163.22
48270 -4886.89 -2159.43
48300 -4893.07 -2156.1
48330 -4891.83 -2160.78
48360 -4889.58 -2165.83
48390 -4887.76 -2170.09
48420 -4888.02 -2169.94
48450 -4888.56 -2168.94
48480 -4889.1 -2167.93
48510 -4890.11 -2167.53
48540 -4891.42 -2167.53
48570 -4892.73 -2167.53
48600 -4894.04 -2167.53
48630 -4895.35 -2167.53
48660 -4895.16 -2166.56
48690 -4893.48 -2164.62
48720 -4891.8 -2162.67
48750 -4890.91 -2162.52
48780 -4891.97 -2164.76
48810 -4893.16 -2167.16
48840 -4894.35 -2169.56
48870 -4895.55 -2171.95
48900 -4896.74 -2174.35
48930 -4897.93 -2176.75
48960 -4899.13 -2179.14
48990 -4897.9 -2177.32
49020 -4896.59 -2175.35
49050 -4895.27 -2173.38
49080 -4890.92 -2174.08
49110 -4894.43 -2173.3
49140 -4895.27 -2170.24
49170 -4891.94 -2164.82
49200 -4886.8 -2157.63
49230 -4893.28 -2170.54
49260 -4890.6 -2169.84
49290 -4891.2 -2169.01
49320 -4891.79 -2168.17
49350 -4892.38 -2167.34
49380 -4891.66 -2162.65
49410 -4889.83 -2160.88
49440 -4886.55 -2165.5
49470 -4890.2 -2165.97
49500 -4895.58 -2165.41
49530 -4900.95 -2164.87
49560 -4905.57 -2165.17
49590 -4901.6 -2139.89
49620 -4894.86 -2152.42
49650 -4892.69 -2154.89
49680 -4890.52 -2157.36
49710 -4889.79 -2159.28
49740 -4890.33 -2160.7
49770 -4890.87 -2162.12
49800 -4891.42 -2163.54
49830 -4891.82 -2169.7
49860 -4893.29 -2169.57
49890 -4894.58 -2155.86
49920 -4876.77 -2180.89
49950 -4893.75 -2166.47
49980 -4894.88 -2164.25
50010 -4887.85 -2170.09
50040 -4884.88 -2170.56
50070 -4886.41 -2168.68
50100 -4887.93 -2166.8
50130 -4889.74 -2164.88
50160 -4889.86 -2164.75
50190 -4889.86 -2164.75
50220 -4889.86 -2164.75
50250 -4889.86 -2164.75
50280 -4889.86 -2164.75
50310 -4889.86 -2164.75
50340 -4889.86 -2164.75
50370 -4889.86 -2164.75
50400 -4889.86 -2164.75
50430 -4889.86 -2164.75
50460 -4889.86 -2164.75
50490 -4895.57 -2168.14
50520 -4894.48 -2170.59
50550 -4893.39 -2173.03
50580 -4892.3 -2175.48
50610 -4890.98 -2174.96
50640 -4889.61 -2173.84
50670 -4888.01 -2172.1
50700 -4884.93 -2166.25
50730 -4875.16 -2166.26
50760 -4877.15 -2166.86
50790 -4882.46 -2168.08
50820 -4887.79 -2169.38
50850 -4890.36 -2166.61
50880 -4892.84 -2163.69
50910 -4895.32 -2160.77
50940 -4897.81 -2157.86
50970 -4898.25 -2156.69
51000 -4892 -2161.25
51030 -4888.75 -2160.04
51060 -4890.83 -2154.59
51090 -4892.01 -2151.7
51120 -4894.56 -2167.67
51150 -4898.41 -2176.59
51180 -4900.12 -2178.25
51210 -4891.49 -2196.58
51240 -4896.25 -2195.71
51270 -4894.03 -2175.71
51300 -4890.76 -2165
51330 -4891.49 -2163.39
51360 -4891.87 -2168.8
51390 -4890.8 -2178.5
51420 -4889.9 -2186.59
51450 -4890.2 -2184.25
51480 -4890.49 -2181.91
51510 -4890.78 -2179.57
51540 -4891.08 -2177.23
51570 -4891.37 -2174.89
51600 -4892.02 -2177.28
51630 -4893.51 -2177.39
51660 -4895.52 -2175.63
51690 -4897.54 -2173.88
51720 -4896.33 -2176.78
51750 -4893.55 -2177.62
51780 -4890.31 -2177.89
51810 -4887.14 -2178.27
51840 -4887.58 -2188.94
51870 -4889.03 -2177.17
51900 -4891.21 -2175.76
51930 -4893.38 -2174.35
51960 -4891.73 -2176
51990 -4892.72 -2178.04
52020 -4891.77 -2176.47
52050 -4889.09 -2172.21
52080 -4886.4 -2167.95
52110 -4883.71 -2163.69
52140 -4880.93 -2152.44
52170 -4888.06 -2163.46
52200 -4886.01 -2150.95
52230 -4889.93 -2150.39
52260 -4891.33 -2153.53
52290 -4892.73 -2156.66
52320 -4894.13 -2159.8
52350 -4895.53 -2162.94
52380 -4892.03 -2162.11
52410 -4889.21 -2166.19
52440 -4890.45 -2168.96
52470 -4891.68 -2171.73
52500 -4886.14 -2173.25
52530 -4887.56 -2173.2
52560 -4887.56 -2174.2
52590 -4887.31 -2175.62
52620 -4887.06 -2177.03
52650 -4891.06 -2178.86
52680 -4897.51 -2180.93
52710 -4896.35 -2177.94
52740 -4894.94 -2174.76
52770 -4893.52 -2171.59
52800 -4892.11 -2168.42
52830 -4890.69 -2165.25
52860 -4889.28 -2162.07
52890 -4893.81 -2167.1
52920 -4896.1 -2169.32
52950 -4895.92 -2168.44
52980 -4895.75 -2167.55
53010 -4895.58 -2166.67
53040 -4895.4 -2165.79
53070 -4890.71 -2174
53100 -4888.82 -2170.36
53130 -4888.06 -2166.2
53160 -4890.51 -2168.76
53190 -4886.52 -2170.02
53220 -4894.23 -2171.65
53250 -4895.33 -2170.82
53280 -4894.64 -2170.28
53310 -4893.6 -2169.76
53340 -4893.24 -2168.93
53370 -4893.86 -2168.37
53400 -4893.86 -2169.37
53430 -4893.53 -2169.12
53460 -4893.07 -2168.75
53490 -4889.91 -2166.83
53520 -4887.94 -2167
53550 -4884.43 -2167.09
53580 -4879.18 -2167.09
53610 -4884.02 -2165.93
53640 -4888.21 -2164.94
53670 -4887.28 -2165.23
53700 -4887.54 -2167.31
53730 -4888.28 -2169.15
53760 -4889.2 -2170.9
53790 -4890.12 -2172.65
53820 -4890.77 -2173.75
53850 -4890.78 -2173.3
53880 -4890.79 -2172.85
53910 -4890.8 -2172.41
53940 -4890.81 -2171.96
53970 -4890.83 -2171.52
54000 -4890.84 -2171.07
54030 -4890.85 -2170.63
54060 -4891.21 -2168.84
54090 -4892.38 -2163.93
54120 -4894.95 -2161.01
54150 -4898.72 -2159.83
54180 -4898.57 -2160.27
54210 -4897.64 -2161.03
54240 -4896.71 -2161.8
54270 -4895.78 -2162.56
54300 -4894.85 -2163.32
54330 -4893.92 -2164.09
54360 -4892.99 -2164.85
54390 -4892.06 -2165.62
54420 -4892.03 -2165.64
54450 -4892.03 -2165.64
54480 -4892.03 -2165.64
54510 -4892.03 -2165.64
54540 -4892.03 -2165.64
54570 -4892.03 -2165.64
54600 -4892.03 -2165.64
54630 -4892.03 -2165.64
54660 -4892.03 -2165.64
54690 -4892.03 -2165.64
54720 -4892.03 -2165.64
54750 -4892.03 -2165.64
54780 -4892.03 -2165.64
54810 -4891.69 -2170.96
54840 -4887.66 -2193.77
54870 -4892.74 -2169.69
54900 -4892.82 -2160.32
54930 -4889.72 -2160.51
54960 -4886.61 -2160.7
54990 -4885.89 -2160.74
55020 -4885.89 -2160.74
55050 -4885.89 -2160.74
55080 -4885.89 -2160.74
55110 -4885.89 -2160.74
55140 -4885.89 -2160.74
55170 -4885.89 -2160.74
55200 -4885.89 -2160.74
55230 -4885.89 -2160.74
55260 -4885.89 -2160.74
55290 -4885.89 -2160.74
55320 -4889.31 -2171.1
55350 -4888.87 -2160.63
55380 -4890.11 -2164.01
55410 -4891.34 -2167.38
55440 -4892.58 -2170.76
55470 -4891.1 -2170.19
55500 -4889.71 -2171.76
55530 -4895.21 -2178.78
55560 -4904 -2179.34
55590 -4903.56 -2175.25
55620 -4900.81 -2169.72
55650 -4899.38 -2165.99
55680 -4898.4 -2166.36
55710 -4897.41 -2166.73
55740 -4896.43 -2167.11
55770 -4895.45 -2167.48
55800 -4894.46 -2167.85
55830 -4893.48 -2168.23
55860 -4892.04 -2168.74
55890 -4890.03 -2168.65
55920 -4889.5 -2167.39
55950 -4890.11 -2166.37
55980 -4891.3 -2165.45
56010 -4892.49 -2164.53
56040 -4893.68 -2163.62
56070 -4894.87 -2162.7
56100 -4895.55 -2162.92
56130 -4894.16 -2167.67
56160 -4892.25 -2169.09
56190 -4890.12 -2169.09
56220 -4890.24 -2170.06
56250 -4893.08 -2172.75
56280 -4898.07 -2177.03
56310 -4898.64 -2177.35
56340 -4894.06 -2173.64
56370 -4888.47 -2179.63
56400 -4894.14 -2168.36
56430 -4898.19 -2161.27
56460 -4900.43 -2157.59
56490 -4897.61 -2163.45
56520 -4895.31 -2167.82
56550 -4894.75 -2167.63
56580 -4894.18 -2167.45
56610 -4895.78 -2169.35
56640 -4897.71 -2171.58
56670 -4897.48 -2171.34
56700 -4896.16 -2169.87
56730 -4897.15 -2169.72
56760 -4899.76 -2171.05
56790 -4895.05 -2170.25
56820 -4891.74 -2169.58
56850 -4889.15 -2168.98
56880 -4887.62 -2167.82
56910 -4890.4 -2167.49
56940 -4897.29 -2173.22
56970 -4893.64 -2169.63
57000 -4895.68 -2168.55
57030 -4897.02 -2168.1
57060 -4896.43 -2169.41
57090 -4895.84 -2170.71
57120 -4895.35 -2171.36
57150 -4895.04 -2170.87
57180 -4894.73 -2170.38
57210 -4894.42 -2169.89
57240 -4894.12 -2169.4
57270 -4893.81 -2168.91
57300 -4893.5 -2168.42
57330 -4892.35 -2168.52
57360 -4889.52 -2169.8
57390 -4887.15 -2170.87
57420 -4887.15 -2170.87
57450 -4887.15 -2170.87
57480 -4887.15 -2170.87
57510 -4887.15 -2170.87
57540 -4887.15 -2170.87
57570 -4887.15 -2170.87
57600 -4887.15 -2170.87
57630 -4887.15 -2170.87
57660 -4887.15 -2170.87
57690 -4887.15 -2170.87
57720 -4887.15 -2170.87
57750 -4887.15 -2170.87
57780 -4894.08 -2165.44
57810 -4897.11 -2164.58
57840 -4895.59 -2165.53
57870 -4893.02 -2165.72
57900 -4892.09 -2163.77
57930 -4894.02 -2160.8
57960 -4886.79 -2166.17
57990 -4889.88 -2165.81
58020 -4896.9 -2162.42
58050 -4891.43 -2164.12
58080 -4887.69 -2165.67
58110 -4887.96 -2166.87
58140 -4888.24 -2168.07
58170 -4888.51 -2169.27
58200 -4888.79 -2170.47
58230 -4889.07 -2171.67
58260 -4892.58 -2172.78
58290 -4894.92 -2173.32
58320 -4894.92 -2173.32
58350 -4894.92 -2173.32
58380 -4894.92 -2173.32
58410 -4894.92 -2173.32
58440 -4894.92 -2173.32
58470 -4894.92 -2173.32
58500 -4894.92 -2173.32
58530 -4894.92 -2173.32
58560 -4894.92 -2173.32
58590 -4894.92 -2173.32
58620 -4894.92 -2173.32
58650 -4896.75 -2167.01
58680 -4891.56 -2168.18
58710 -4887.97 -2168.64
58740 -4890.04 -2166.54
58770 -4891.91 -2166.89
58800 -4892.57 -2166.02
58830 -4893.16 -2165
58860 -4893.74 -2163.98
58890 -4894.32 -2162.96
58920 -4895.13 -2162.64
58950 -4897.36 -2166.83
58980 -4899.46 -2170.83
59010 -4897.35 -2169.44
59040 -4902.05 -2170.35
59070 -4897.3 -2175.71
59100 -4895.87 -2175.84
59130 -4897.25 -2174.77
59160 -4898.12 -2177.08
59190 -4900.16 -2176.66
59220 -4917.2 -2169
59250 -4917.43 -2166.2
59280 -4918.26 -2167.54
59310 -4918.54 -2170.42
59340 -4861.79 -2205.3
59370 -4721.96 -2308.91
59400 -4305.36 -2510.35
59430 -4258.56 -2660.54
59460 -4002.68 -2616.31
59490 -3995.04 -2495.71
59520 -3962.31 -1921.08
59550 -3927.18 -1294.14
59580 -3632.23 -907.786
59610 -3161.34 -592.508
59640 -2588.96 -619.002
59670 -2005.57 -507.796
59700 -1873.91 -454.708
59730 -1861.38 -450.109
59760 -1626.82 -379.94
59790 -1245.75 -154.186
59820 -751.26 234.828
59850 -426.233 184.986
59880 -225.95 81.2447
