0 -1485.92 1697.95
30 -1460.6 1681.51
60 -1448.8 1670.35
90 -1451.9 1670.33
120 -1453.39 1669.88
150 -1448.39 1669.86
180 -1270.51 1632.11
210 -1213.44 1429.87
240 -1215.25 1428.79
270 -1217.32 1428.79
300 -1215.91 1403.34
330 -1229.33 881.33
360 -936.883 765.226
390 -762.03 413.798
420 -418.947 190.719
450 -178.182 50.0446
480 -82.659 86.8044
510 -48.4989 68.368
540 -7.62289 44.358
570 -58.5184 61.319
600 -97.9363 36.9901
630 -102.278 -0.205913
660 -98.145 -23.0102
690 -71.1075 -57.5184
720 -93.112 -84.6595
750 -93.6184 -87.4084
780 -94.364 -83.2326
810 -57.4861 -63.3271
840 -45.9585 -65.189
870 -7.43438 -68.3161
900 -19.1866 -59.4242
930 -19.808 -60.1901
960 -19.808 -60.1901
990 -19.808 -60.1901
1020 -19.808 -60.1901
1050 -19.808 -60.1901
1080 -19.808 -60.1901
1110 -19.808 -60.1901
1140 -19.808 -60.1901
1170 -19.808 -60.1901
1200 -19.808 -60.1901
1230 -19.808 -60.1901
1260 -19.808 -60.1901
1290 -19.808 -60.1901
1320 -19.808 -60.1901
1350 -19.808 -60.1901
1380 -19.808 -60.1901
1410 -19.808 -60.1901
1440 -19.808 -60.1901
1470 -19.808 -60.1901
1500 -19.808 -60.1901
1530 -19.808 -60.1901
1560 -19.808 -60.1901
1590 -19.808 -60.1901
1620 -19.808 -60.1901
1650 -19.808 -60.1901
1680 -19.808 -60.1901
1710 -19.808 -60.1901
1740 -19.808 -60.1901
1770 -19.808 -60.1901
1800 -19.808 -60.1901
1830 -19.808 -60.1901
1860 -19.808 -60.1901
1890 -19.808 -60.1901
1920 -19.808 -60.1901
1950 -19.808 -60.1901
1980 -19.808 -60.1901
2010 -19.808 -60.1901
2040 -19.808 -60.1901
2070 -19.808 -60.1901
2100 -19.808 -60.1901
2130 -19.808 -60.1901
2160 -19.808 -60.1901
2190 -19.808 -60.1901
2220 -19.808 -60.1901
2250 -19.808 -60.1901
2280 -19.808 -60.1901
2310 -19.808 -60.1901
2340 -19.808 -60.1901
2370 -19.808 -60.1901
2400 -19.808 -60.1901
2430 -19.808 -60.1901
2460 -19.808 -60.1901
2490 -19.808 -60.1901
2520 -19.808 -60.1901
2550 -19.808 -60.1901
2580 -19.808 -60.1901
2610 -19.808 -60.1901
2640 -19.808 -60.1901
2670 -19.808 -60.1901
2700 -19.808 -60.1901
2730 -19.808 -60.1901
2760 -19.808 -60.1901
2790 -19.808 -60.1901
2820 -19.808 -60.1901
2850 -19.808 -60.1901
2880 -19.808 -60.1901
2910 -19.808 -60.1901
2940 -19.808 -60.1901
2970 -19.808 -60.1901
3000 -19.808 -60.1901
3030 -19.808 -60.1901
3060 -19.808 -60.1901
3090 -19.808 -60.1901
3120 -19.808 -60.1901
3150 -19.808 -60.1901
3180 -19.808 -60.1901
3210 -19.808 -60.1901
3240 -19.808 -60.1901
3270 -19.808 -60.1901
3300 -19.808 -60.1901
3330 -19.808 -60.1901
3360 -19.808 -60.1901
3390 -19.808 -60.1901
3420 -19.808 -60.1901
3450 -19.808 -60.1901
3480 -19.808 -60.1901
3510 -19.808 -60.1901
3540 -19.808 -60.1901
3570 -19.808 -60.1901
3600 -19.808 -60.1901
3630 -19.808 -60.1901
3660 -19.808 -60.1901
3690 -19.808 -60.1901
3720 -19.808 -60.1901
3750 -19.808 -60.1901
3780 -19.808 -60.1901
3810 -19.808 -60.1901
3840 -19.808 -60.1901
3870 -19.808 -60.1901
3900 -19.808 -60.1901
3930 -19.808 -60.1901
3960 -19.808 -60.1901
3990 -19.808 -60.1901
4020 -19.808 -60.1901
4050 -19.808 -60.1901
4080 -19.808 -60.1901
4110 -19.808 -60.1901
4140 -19.808 -60.1901
4170 -19.808 -60.1901
4200 -19.808 -60.1901
4230 -19.808 -60.1901
4260 -19.808 -60.1901
4290 -19.808 -60.1901
4320 -19.808 -60.1901
4350 -19.808 -60.1901
4380 -19.808 -60.1901
4410 -19.808 -60.1901
4440 -19.808 -60.1901
4470 -19.808 -60.1901
4500 -19.808 -60.1901
4530 -19.808 -60.1901
4560 -19.808 -60.1901
4590 -56.5665 -74.2159
4620 -86.5516 -77.9848
4650 -104.349 -87.1065
4680 -130.636 -81.7771
4710 -178.786 -71.3506
4740 -226.937 -60.9242
4770 -275.087 -50.4978
4800 -295.985 -45.0451
4830 -207.874 -59.4874
4860 -119.762 -73.9297
4890 -91.2205 -80.0477
4920 -93.8854 -81.7484
4950 -98.4439 -78.9718
4980 -103.162 -77.0142
5010 -108.193 -74.0057
5040 -107.81 -73.4089
5070 -97.48 -86.3494
5100 -104.961 -76.3125
5130 -99.9243 -82.178
5160 -94.8874 -88.0435
5190 -100.649 -83.693
5220 -108.5 -78.246
5250 -105.974 -78.7365
5280 -103.449 -79.2271
5310 -100.923 -79.7176
5340 -98.3969 -80.2082
5370 -95.8711 -80.6987
5400 -98.2928 -81.1127
5430 -97.3445 -78.2234
5460 -100.481 -80.4311
5490 -114.459 -69.1453
5520 -111.75 -70.1924
5550 -109.041 -71.2396
5580 -106.331 -72.2867
5610 -94.9701 -80.268
5640 -87.0969 -87.3678
5670 -79.6733 -93.7257
5700 -103.401 -77.2354
5730 -96.6239 -81.3257
5760 -110.738 -72.1751
5790 -108.262 -71.3836
5820 -103.712 -72.0452
5850 -99.1619 -72.7068
5880 -104.302 -68.9055
5910 -114.113 -68.4417
5940 -136.226 -58.8542
5970 -109.582 -72.5369
6000 -82.939 -86.2196
6030 -72.101 -71.8115
6060 -40.8029 -70.6623
6090 -35.1314 -57.704
6120 -28.6588 -37.1475
6150 -28.6588 -37.1475
6180 -28.6588 -37.1475
6210 -28.6588 -37.1475
6240 -28.6588 -37.1475
6270 -28.6588 -37.1475
6300 -28.6588 -37.1475
6330 -28.6588 -37.1475
6360 -28.6588 -37.1475
6390 -28.6588 -37.1475
6420 -28.6588 -37.1475
6450 -28.6588 -37.1475
6480 -28.6588 -37.1475
6510 -28.6588 -37.1475
6540 -28.6588 -37.1475
6570 -28.6588 -37.1475
6600 -28.6588 -37.1475
6630 -28.6588 -37.1475
6660 -28.6588 -37.1475
6690 -28.6588 -37.1475
6720 -28.6588 -37.1475
6750 -28.6588 -37.1475
6780 -28.6588 -37.1475
6810 -28.6588 -37.1475
6840 -28.6588 -37.1475
6870 -28.6588 -37.1475
6900 -28.6588 -37.1475
6930 -28.6588 -37.1475
6960 -28.6588 -37.1475
6990 -28.6588 -37.1475
7020 -28.6588 -37.1475
7050 -28.6588 -37.1475
7080 -28.6588 -37.1475
7110 -28.6588 -37.1475
7140 -28.6588 -37.1475
7170 -28.6588 -37.1475
7200 -28.6588 -37.1475
7230 -28.6588 -37.1475
7260 -28.6588 -37.1475
7290 -28.6588 -37.1475
7320 -28.6588 -37.1475
7350 -28.6588 -37.1475
7380 -28.6588 -37.1475
7410 -28.6588 -37.1475
7440 -28.6588 -37.1475
7470 -28.6588 -37.1475
7500 -28.6588 -37.1475
7530 -28.6588 -37.1475
7560 -28.6588 -37.1475
7590 -28.6588 -37.1475
7620 -28.6588 -37.1475
7650 -28.6588 -37.1475
7680 -28.6588 -37.1475
7710 -28.6588 -37.1475
7740 -28.6588 -37.1475
7770 -28.6588 -37.1475
7800 -28.6588 -37.1475
7830 -28.6588 -37.1475
7860 -28.6588 -37.1475
7890 -28.6588 -37.1475
7920 -28.6588 -37.1475
7950 -28.6588 -37.1475
7980 -28.6588 -37.1475
8010 -28.6588 -37.1475
8040 -28.6588 -37.1475
8070 -28.6588 -37.1475
8100 -28.6588 -37.1475
8130 -28.6588 -37.1475
8160 -28.6588 -37.1475
8190 -28.6588 -37.1475
8220 -28.6588 -37.1475
8250 -28.6588 -37.1475
8280 -28.6588 -37.1475
8310 -28.6588 -37.1475
8340 -28.6588 -37.1475
8370 -28.6588 -37.1475
8400 -28.6588 -37.1475
8430 -28.6588 -37.1475
8460 -28.6588 -37.1475
8490 -28.6588 -37.1475
8520 -28.6588 -37.1475
8550 -28.6588 -37.1475
8580 -28.6588 -37.1475
8610 -28.6588 -37.1475
8640 -28.6588 -37.1475
8670 -28.6588 -37.1475
8700 -28.6588 -37.1475
8730 -28.6588 -37.1475
8760 -28.6588 -37.1475
8790 -28.6588 -37.1475
8820 -28.6588 -37.1475
8850 -28.6588 -37.1475
8880 -28.6588 -37.1475
8910 -28.6588 -37.1475
8940 -28.6588 -37.1475
8970 -28.6588 -37.1475
9000 -28.6588 -37.1475
9030 -28.6588 -37.1475
9060 -28.6588 -37.1475
9090 -28.6588 -37.1475
9120 -28.6588 -37.1475
9150 -28.6588 -37.1475
9180 -28.6588 -37.1475
9210 -28.6588 -37.1475
9240 -28.6588 -37.1475
9270 -28.6588 -37.1475
9300 -28.6588 -37.1475
9330 -28.6588 -37.1475
9360 -28.6588 -37.1475
9390 -28.6588 -37.1475
9420 -28.6588 -37.1475
9450 -28.6588 -37.1475
9480 -28.6588 -37.1475
9510 -28.6588 -37.1475
9540 -28.6588 -37.1475
9570 -28.6588 -37.1475
9600 -28.6588 -37.1475
9630 -28.6588 -37.1475
9660 -28.6588 -37.1475
9690 -28.6588 -37.1475
9720 -28.6588 -37.1475
9750 -28.6588 -37.1475
9780 -28.6588 -37.1475
9810 -28.6588 -37.1475
9840 -28.6588 -37.1475
9870 -28.6588 -37.1475
9900 -28.6588 -37.1475
9930 -28.6588 -37.1475
9960 -28.6588 -37.1475
9990 -28.6588 -37.1475
10020 -28.6588 -37.1475
10050 -28.6588 -37.1475
10080 -28.6588 -37.1475
10110 -28.6588 -37.1475
10140 -28.6588 -37.1475
10170 -28.6588 -37.1475
10200 -28.6588 -37.1475
10230 -28.6588 -37.1475
10260 -28.6588 -37.1475
10290 -28.6588 -37.1475
10320 -33.0519 -57.6868
10350 -41.46 -96.9977
10380 -49.868 -136.309
10410 -58.3359 -119.148
10440 -81.352 -59.1086
10470 -90.6761 -41.3032
10500 -120.174 -7.14315
10530 -99.2588 31.1144
10560 -81.232 60.5447
10590 -63.2715 88.0474
10620 -46.562 112.949
10650 -49.6896 136.086
10680 -57.3326 135.225
10710 -75.2685 124.151
10740 -85.7208 128.381
10770 -83.4916 131.115
10800 -74.2609 130.436
10830 -60.4337 135.738
10860 48.3515 278.882
10890 134.076 268.651
10920 212.713 322.908
10950 241.78 381.665
10980 -65.5079 522.332
11010 -402.163 586.006
11040 -177.681 920.291
11070 -186.458 916.176
11100 -188.613 915.372
11130 -190.767 914.567
11160 -254.857 990.384
11190 -415.214 1181.11
11220 -210.092 1374.88
11250 -102.899 1591.27
11280 -92.7496 1810.02
11310 -83.8279 1818.06
11340 75.7683 1824.6
11370 230.266 1793.34
11400 -137.464 1884.38
11430 -187.464 1858.46
11460 -176.571 1860.03
11490 -164.933 1856.48
11520 -159.722 1859.24
11550 -158.622 1860.79
11580 -159.903 1861.63
11610 -161.183 1862.48
11640 -165.353 1861.91
11670 -166.914 1861.13
11700 -166.712 1860.81
11730 -164.63 1857.36
11760 -163.36 1857.61
11790 -167.617 1864.42
11820 -167.369 1870.65
11850 -164.67 1869.09
11880 -170.31 1871.62
11910 -168.345 1866.9
11940 -164.89 1870.08
11970 -164.691 1872.46
12000 -168.24 1873.97
12030 -165.845 1870.01
12060 -164.558 1869.33
12090 -163.745 1870.04
12120 -164.735 1868.6
12150 -167.241 1864.88
12180 -163.362 1866.85
12210 -160.206 1868.44
12240 -161.792 1867.05
12270 -163.092 1873.09
12300 -162.754 1880.25
12330 -164.816 1867.18
12360 -163.992 1871.42
12390 -159.883 1873.02
12420 -163.945 1871.66
12450 -168.795 1862.43
12480 -164.23 1871.94
12510 -169.316 1861.81
12540 -167.629 1867.13
12570 -162.153 1873.52
12600 -161.463 1874.6
12630 -164.495 1870.72
12660 -158.737 1872.39
12690 -161.3 1866.63
12720 -161.316 1866.2
12750 -167.53 1861.34
12780 -160.552 1864.19
12810 -157.382 1866.95
12840 -163.899 1863.45
12870 -171.734 1870.07
12900 -168.399 1875.27
12930 -172.074 1870.23
12960 -171.913 1865.76
12990 -165.665 1864.89
13020 -166.271 1861.12
13050 -162.271 1863.31
13080 -161.364 1865.41
13110 -173.898 1864.82
13140 -177.501 1852.57
13170 -149.74 1888.23
13200 -149.492 1883.71
13230 -144.675 1891.36
13260 -94.5324 1901.45
13290 -120.005 1896.19
13320 -160.36 1868.46
13350 -164.386 1864.7
13380 -167.272 1862.63
13410 -169.128 1863.39
13440 -163.937 1870.36
13470 -166.714 1864.91
13500 -176.409 1855.87
13530 -195.719 1854.32
13560 -180.391 1836.41
13590 -156.494 1852.94
13620 -95.9035 1867.48
13650 190.788 1791
13680 365.182 1746.64
13710 503.427 1687.04
13740 493.4 1656.89
13770 491.332 1658.14
13800 493.449 1656.77
13830 495.567 1655.39
13860 497.684 1654.01
13890 499.884 1657.46
13920 497.889 1657.67
13950 495.729 1653.75
13980 493.57 1649.84
14010 491.411 1645.92
14040 489.251 1642
14070 484.594 1643.21
14100 465.644 1642.48
14130 433.221 1661.8
14160 435.605 1694.31
14190 477.205 1689.21
14220 585.179 1685.93
14250 855.158 1569.83
14280 848.226 1372.02
14310 695.839 1074.66
14340 511.819 814.178
14370 62.5613 857.564
14400 54.8844 730.384
14430 74.483 502.073
14460 231.273 414.466
14490 89.8368 300.21
14520 -54.8957 138.789
14550 -56.386 141.071
14580 -56.386 141.071
14610 -56.386 141.071
14640 -56.386 141.071
14670 -56.386 141.071
14700 -56.386 141.071
14730 -56.386 141.071
14760 -56.386 141.071
14790 -56.386 141.071
14820 -56.386 141.071
14850 -56.386 141.071
14880 -56.386 141.071
14910 -56.386 141.071
14940 -56.386 141.071
14970 -56.386 141.071
15000 -56.386 141.071
15030 -56.386 141.071
15060 -56.386 141.071
15090 -56.386 141.071
15120 -56.386 141.071
15150 -56.386 141.071
15180 -56.386 141.071
15210 -56.386 141.071
15240 -56.386 141.071
15270 -56.386 141.071
15300 -56.386 141.071
15330 -56.386 141.071
15360 -56.386 141.071
15390 -56.386 141.071
15420 -56.386 141.071
15450 -56.386 141.071
15480 -56.386 141.071
15510 -56.386 141.071
15540 -56.386 141.071
15570 -56.386 141.071
15600 -56.386 141.071
15630 -56.386 141.071
15660 -56.386 141.071
15690 -56.386 141.071
15720 -56.386 141.071
15750 -56.386 141.071
15780 -56.386 141.071
15810 -56.386 141.071
15840 -56.386 141.071
15870 -56.386 141.071
15900 -56.386 141.071
15930 -56.386 141.071
15960 -56.386 141.071
15990 -56.386 141.071
16020 -56.386 141.071
16050 -56.386 141.071
16080 -56.386 141.071
16110 -56.386 141.071
16140 -56.386 141.071
16170 -56.386 141.071
16200 -56.386 141.071
16230 -56.386 141.071
16260 -56.386 141.071
16290 -56.386 141.071
16320 -56.386 141.071
16350 -56.386 141.071
16380 -56.386 141.071
16410 -56.386 141.071
16440 -56.386 141.071
16470 -56.386 141.071
16500 -56.386 141.071
16530 -56.386 141.071
16560 -56.386 141.071
16590 -56.386 141.071
16620 -56.386 141.071
16650 -56.386 141.071
16680 -56.386 141.071
16710 -56.386 141.071
16740 -56.386 141.071
16770 -56.386 141.071
16800 -56.386 141.071
16830 -56.386 141.071
16860 -56.386 141.071
16890 -56.386 141.071
16920 -56.386 141.071
16950 -56.386 141.071
16980 -56.386 141.071
17010 -56.386 141.071
17040 -56.386 141.071
17070 -56.386 141.071
17100 -56.386 141.071
17130 -56.386 141.071
17160 -56.386 141.071
17190 -56.386 141.071
17220 -56.386 141.071
17250 -56.386 141.071
17280 -56.386 141.071
17310 -56.386 141.071
17340 -56.386 141.071
17370 -56.386 141.071
17400 -56.386 141.071
17430 -56.386 141.071
17460 -56.386 141.071
17490 -56.386 141.071
17520 -56.386 141.071
17550 -56.386 141.071
17580 -56.386 141.071
17610 -56.386 141.071
17640 -56.386 141.071
17670 -56.386 141.071
17700 -56.386 141.071
17730 -56.386 141.071
17760 -56.386 141.071
17790 -56.386 141.071
17820 -56.386 141.071
17850 -56.386 141.071
17880 -56.386 141.071
17910 -56.386 141.071
17940 -56.386 141.071
17970 -56.386 141.071
18000 -56.386 141.071
18030 -56.386 141.071
18060 -56.386 141.071
18090 -56.386 141.071
18120 -56.386 141.071
18150 -56.386 141.071
18180 -56.386 141.071
18210 -56.386 141.071
18240 -56.386 141.071
18270 -56.386 141.071
18300 -46.2391 106.123
18330 -35.0303 67.5177
18360 -57.2891 115.802
18390 -35.3422 131.644
18420 -56.2429 101.053
18450 -83.8308 71.0948
18480 -101.729 32.8553
18510 -106.632 -5.45912
18540 -102.456 -36.4796
18570 -67.649 -62.2591
18600 -39.6496 -60.5668
18630 -45.4576 -57.5184
18660 -45.4576 -57.5184
18690 -45.4576 -57.5184
18720 -45.4576 -57.5184
18750 -45.4576 -57.5184
18780 -45.4576 -57.5184
18810 -45.4576 -57.5184
18840 -45.4576 -57.5184
18870 -45.4576 -57.5184
18900 -45.4576 -57.5184
18930 -45.4576 -57.5184
18960 -45.4576 -57.5184
18990 -45.4576 -57.5184
19020 -45.4576 -57.5184
19050 -45.4576 -57.5184
19080 -45.4576 -57.5184
19110 -45.4576 -57.5184
19140 -45.4576 -57.5184
19170 -45.4576 -57.5184
19200 -45.4576 -57.5184
19230 -45.4576 -57.5184
19260 -45.4576 -57.5184
19290 -45.4576 -57.5184
19320 -45.4576 -57.5184
19350 -45.4576 -57.5184
19380 -45.4576 -57.5184
19410 -45.4576 -57.5184
19440 -45.4576 -57.5184
19470 -45.4576 -57.5184
19500 -45.4576 -57.5184
19530 -45.4576 -57.5184
19560 -45.4576 -57.5184
19590 -45.4576 -57.5184
19620 -45.4576 -57.5184
19650 -45.4576 -57.5184
19680 -45.4576 -57.5184
19710 -45.4576 -57.5184
19740 -45.4576 -57.5184
19770 -45.4576 -57.5184
19800 -45.4576 -57.5184
19830 -45.4576 -57.5184
19860 -45.4576 -57.5184
19890 -45.4576 -57.5184
19920 -45.4576 -57.5184
19950 -45.4576 -57.5184
19980 -45.4576 -57.5184
20010 -45.4576 -57.5184
20040 -45.4576 -57.5184
20070 -45.4576 -57.5184
20100 -45.4576 -57.5184
20130 -45.4576 -57.5184
20160 -45.4576 -57.5184
20190 -45.4576 -57.5184
20220 -45.4576 -57.5184
20250 -45.4576 -57.5184
20280 -45.4576 -57.5184
20310 -45.4576 -57.5184
20340 -45.4576 -57.5184
20370 -45.4576 -57.5184
20400 -45.4576 -57.5184
20430 -45.4576 -57.5184
20460 -45.4576 -57.5184
20490 -45.4576 -57.5184
20520 -45.4576 -57.5184
20550 -45.4576 -57.5184
20580 -45.4576 -57.5184
20610 -45.4576 -57.5184
20640 -45.4576 -57.5184
20670 -45.4576 -57.5184
20700 -45.4576 -57.5184
20730 -45.4576 -57.5184
20760 -45.4576 -57.5184
20790 -45.4576 -57.5184
20820 -45.4576 -57.5184
20850 -45.4576 -57.5184
20880 -45.4576 -57.5184
20910 -45.4576 -57.5184
20940 -45.4576 -57.5184
20970 -45.4576 -57.5184
21000 -45.4576 -57.5184
21030 -45.4576 -57.5184
21060 -45.4576 -57.5184
21090 -45.4576 -57.5184
21120 -45.4576 -57.5184
21150 -45.4576 -57.5184
21180 -45.4576 -57.5184
21210 -45.4576 -57.5184
21240 -45.4576 -57.5184
21270 -45.4576 -57.5184
21300 -45.4576 -57.5184
21330 -45.4576 -57.5184
21360 -45.4576 -57.5184
21390 -45.4576 -57.5184
21420 -45.4576 -57.5184
21450 -45.4576 -57.5184
21480 -45.4576 -57.5184
21510 -45.4576 -57.5184
21540 -45.4576 -57.5184
21570 -45.4576 -57.5184
21600 -45.4576 -57.5184
21630 -45.4576 -57.5184
21660 -45.4576 -57.5184
21690 -45.4576 -57.5184
21720 -45.4576 -57.5184
21750 -45.4576 -57.5184
21780 -45.4576 -57.5184
21810 -45.4576 -57.5184
21840 -45.4576 -57.5184
21870 -45.4576 -57.5184
21900 -45.4576 -57.5184
21930 -45.4576 -57.5184
21960 -45.4576 -57.5184
21990 -45.4576 -57.5184
22020 -45.4576 -57.5184
22050 -45.4576 -57.5184
22080 -45.4576 -57.5184
22110 -45.4576 -57.5184
22140 -45.4576 -57.5184
22170 -45.4576 -57.5184
22200 -45.4576 -57.5184
22230 -45.4576 -57.5184
22260 -45.4576 -57.5184
22290 -45.4576 -57.5184
22320 -45.4576 -57.5184
22350 -45.4576 -57.5184
22380 -45.4576 -57.5184
22410 -45.4576 -57.5184
22440 -45.4576 -57.5184
22470 -45.4576 -57.5184
22500 -45.4576 -57.5184
22530 -45.4576 -57.5184
22560 -45.4576 -57.5184
22590 -45.4576 -57.5184
22620 -45.4576 -57.5184
22650 -45.4576 -57.5184
22680 -45.4576 -57.5184
22710 -45.4576 -57.5184
22740 -45.4576 -57.5184
22770 -45.4576 -57.5184
22800 -45.4576 -57.5184
22830 -45.4576 -57.5184
22860 -45.4576 -57.5184
22890 -45.4576 -57.5184
22920 -45.4576 -57.5184
22950 -45.4576 -57.5184
22980 -45.4576 -57.5184
23010 -45.4576 -57.5184
23040 -45.4576 -57.5184
23070 -45.4576 -57.5184
23100 -45.4576 -57.5184
23130 -45.4576 -57.5184
23160 -45.4576 -57.5184
23190 -45.4576 -57.5184
23220 -45.4576 -57.5184
23250 -45.4576 -57.5184
23280 -45.4576 -57.5184
23310 -45.4576 -57.5184
23340 -45.4576 -57.5184
23370 -45.4576 -57.5184
23400 -45.4576 -57.5184
23430 -45.4576 -57.5184
23460 -45.4576 -57.5184
23490 -45.4576 -57.5184
23520 -45.4576 -57.5184
23550 -45.4576 -57.5184
23580 -45.4576 -57.5184
23610 -45.4576 -57.5184
23640 -45.4576 -57.5184
23670 -45.4576 -57.5184
23700 -45.4576 -57.5184
23730 -45.4576 -57.5184
23760 -45.4576 -57.5184
23790 -45.4576 -57.5184
23820 -45.4576 -57.5184
23850 -45.4576 -57.5184
23880 -45.4576 -57.5184
23910 -45.4576 -57.5184
23940 -45.4576 -57.5184
23970 -45.4576 -57.5184
24000 -45.4576 -57.5184
24030 -45.4576 -57.5184
24060 -45.4576 -57.5184
24090 -45.4576 -57.5184
24120 -45.4576 -57.5184
24150 -45.4576 -57.5184
24180 -45.4576 -57.5184
24210 -45.4576 -57.5184
24240 -45.4576 -57.5184
24270 -45.4576 -57.5184
24300 -45.4576 -57.5184
24330 -45.4576 -57.5184
24360 -45.4576 -57.5184
24390 -45.4576 -57.5184
24420 -45.4576 -57.5184
24450 -45.4576 -57.5184
24480 -45.4576 -57.5184
24510 -45.4576 -57.5184
24540 -45.4576 -57.5184
24570 -45.4576 -57.5184
24600 -45.4576 -57.5184
24630 -45.4576 -57.5184
24660 -45.4576 -57.5184
24690 -45.4576 -57.5184
24720 -45.4576 -57.5184
