0 -50.3348 146.526
30 -68.5991 120.812
60 -56.2881 131.313
90 -47.6947 140.566
120 -68.0203 107.646
150 -85.181 68.0999
180 -105.767 28.9755
210 -109.808 -10.1534
240 -97.2316 -41.8784
270 -65.434 -72.4854
300 -32.8133 -61.3922
330 -27.846 -66.3125
360 -27.846 -66.3125
390 -27.846 -66.3125
420 -27.846 -66.3125
450 -27.846 -66.3125
480 -27.846 -66.3125
510 -27.846 -66.3125
540 -27.846 -66.3125
570 -27.846 -66.3125
600 -27.846 -66.3125
630 -27.846 -66.3125
660 -27.846 -66.3125
690 -27.846 -66.3125
720 -27.846 -66.3125
750 -27.846 -66.3125
780 -27.846 -66.3125
810 -27.846 -66.3125
840 -27.846 -66.3125
870 -27.846 -66.3125
900 -27.846 -66.3125
930 -27.846 -66.3125
960 -27.846 -66.3125
990 -27.846 -66.3125
1020 -27.846 -66.3125
1050 -27.846 -66.3125
1080 -27.846 -66.3125
1110 -27.846 -66.3125
1140 -27.846 -66.3125
1170 -27.846 -66.3125
1200 -27.846 -66.3125
1230 -27.846 -66.3125
1260 -27.846 -66.3125
1290 -27.846 -66.3125
1320 -27.846 -66.3125
1350 -27.846 -66.3125
1380 -27.846 -66.3125
1410 -27.846 -66.3125
1440 -27.846 -66.3125
1470 -27.846 -66.3125
1500 -27.846 -66.3125
1530 -27.846 -66.3125
1560 -27.846 -66.3125
1590 -27.846 -66.3125
1620 -27.846 -66.3125
1650 -27.846 -66.3125
1680 -27.846 -66.3125
1710 -27.846 -66.3125
1740 -27.846 -66.3125
1770 -27.846 -66.3125
1800 -27.846 -66.3125
1830 -27.846 -66.3125
1860 -27.846 -66.3125
1890 -27.846 -66.3125
1920 -27.846 -66.3125
1950 -27.846 -66.3125
1980 -27.846 -66.3125
2010 -27.846 -66.3125
2040 -27.846 -66.3125
2070 -27.846 -66.3125
2100 -27.846 -66.3125
2130 -27.846 -66.3125
2160 -27.846 -66.3125
2190 -27.846 -66.3125
2220 -27.846 -66.3125
2250 -27.846 -66.3125
2280 -27.846 -66.3125
2310 -27.846 -66.3125
2340 -27.846 -66.3125
2370 -27.846 -66.3125
2400 -27.846 -66.3125
2430 -27.846 -66.3125
2460 -27.846 -66.3125
2490 -27.846 -66.3125
2520 -27.846 -66.3125
2550 -27.846 -66.3125
2580 -27.846 -66.3125
2610 -27.846 -66.3125
2640 -27.846 -66.3125
2670 -27.846 -66.3125
2700 -27.846 -66.3125
2730 -27.846 -66.3125
2760 -27.846 -66.3125
2790 -27.846 -66.3125
2820 -27.846 -66.3125
2850 -27.846 -66.3125
2880 -27.846 -66.3125
2910 -27.846 -66.3125
2940 -27.846 -66.3125
2970 -27.846 -66.3125
3000 -27.846 -66.3125
3030 -27.846 -66.3125
3060 -27.846 -66.3125
3090 -27.846 -66.3125
3120 -27.846 -66.3125
3150 -27.846 -66.3125
3180 -27.846 -66.3125
3210 -27.846 -66.3125
3240 -27.846 -66.3125
3270 -27.846 -66.3125
3300 -27.846 -66.3125
3330 -27.846 -66.3125
3360 -27.846 -66.3125
3390 -27.846 -66.3125
3420 -27.846 -66.3125
3450 -27.846 -66.3125
3480 -27.846 -66.3125
3510 -27.846 -66.3125
3540 -27.846 -66.3125
3570 -27.846 -66.3125
3600 -27.846 -66.3125
3630 -27.846 -66.3125
3660 -27.846 -66.3125
3690 -27.846 -66.3125
3720 -27.846 -66.3125
3750 -27.846 -66.3125
3780 -27.846 -66.3125
3810 -27.846 -66.3125
3840 -27.846 -66.3125
3870 -27.846 -66.3125
3900 -27.846 -66.3125
3930 -27.846 -66.3125
3960 -27.846 -66.3125
3990 -27.846 -66.3125
4020 -27.846 -66.3125
4050 -27.846 -66.3125
4080 -27.846 -66.3125
4110 -27.846 -66.3125
4140 -27.846 -66.3125
4170 -27.846 -66.3125
4200 -27.846 -66.3125
4230 -27.846 -66.3125
4260 -27.846 -66.3125
4290 -27.846 -66.3125
4320 -27.846 -66.3125
4350 -27.846 -66.3125
4380 -27.846 -66.3125
4410 -27.846 -66.3125
4440 -27.846 -66.3125
4470 -27.846 -66.3125
4500 -27.846 -66.3125
4530 -27.846 -66.3125
4560 -27.846 -66.3125
4590 -27.846 -66.3125
4620 -27.846 -66.3125
4650 -27.846 -66.3125
4680 -27.846 -66.3125
4710 -27.846 -66.3125
4740 -27.846 -66.3125
4770 -27.846 -66.3125
4800 -27.846 -66.3125
4830 -27.846 -66.3125
4860 -27.846 -66.3125
4890 -27.846 -66.3125
4920 -27.846 -66.3125
4950 -27.846 -66.3125
4980 -27.846 -66.3125
5010 -27.846 -66.3125
5040 -27.846 -66.3125
5070 -27.846 -66.3125
5100 -27.846 -66.3125
5130 -27.846 -66.3125
5160 -27.846 -66.3125
5190 -27.846 -66.3125
5220 -27.846 -66.3125
5250 -27.846 -66.3125
5280 -27.846 -66.3125
5310 -27.846 -66.3125
5340 -27.846 -66.3125
5370 -27.846 -66.3125
5400 -27.846 -66.3125
5430 -27.846 -66.3125
5460 -27.846 -66.3125
5490 -27.846 -66.3125
5520 -27.846 -66.3125
5550 -27.846 -66.3125
5580 -27.846 -66.3125
5610 -27.846 -66.3125
5640 -27.846 -66.3125
5670 -27.846 -66.3125
5700 -27.846 -66.3125
5730 -27.846 -66.3125
5760 -27.846 -66.3125
5790 -27.846 -66.3125
5820 -27.846 -66.3125
5850 -27.846 -66.3125
5880 -27.846 -66.3125
5910 -27.846 -66.3125
5940 -27.846 -66.3125
5970 -27.846 -66.3125
6000 -27.846 -66.3125
6030 -27.846 -66.3125
6060 -27.846 -66.3125
6090 -27.846 -66.3125
6120 -27.846 -66.3125
6150 -27.846 -66.3125
6180 -27.846 -66.3125
6210 -27.846 -66.3125
6240 -27.846 -66.3125
6270 -27.846 -66.3125
6300 -27.846 -66.3125
6330 -27.846 -66.3125
6360 -27.846 -66.3125
6390 -27.846 -66.3125
6420 -27.846 -66.3125
6450 -27.846 -66.3125
6480 -27.846 -66.3125
6510 -27.846 -66.3125
6540 -27.846 -66.3125
6570 -27.846 -66.3125
6600 -27.846 -66.3125
6630 -27.846 -66.3125
6660 -27.846 -66.3125
6690 -27.846 -66.3125
6720 -27.846 -66.3125
6750 -27.846 -66.3125
6780 -27.846 -66.3125
6810 -27.846 -66.3125
6840 -27.846 -66.3125
6870 -27.846 -66.3125
6900 -27.846 -66.3125
6930 -27.846 -66.3125
6960 -27.846 -66.3125
6990 -27.846 -66.3125
7020 -27.846 -66.3125
7050 -27.846 -66.3125
7080 -27.846 -66.3125
7110 -27.846 -66.3125
7140 -27.846 -66.3125
7170 -27.846 -66.3125
7200 -27.846 -66.3125
7230 -27.846 -66.3125
7260 -27.846 -66.3125
7290 -27.846 -66.3125
7320 -27.846 -66.3125
7350 -27.846 -66.3125
7380 -27.846 -66.3125
7410 -27.846 -66.3125
7440 -27.846 -66.3125
7470 -27.846 -66.3125
7500 -27.846 -66.3125
7530 -27.846 -66.3125
7560 -27.846 -66.3125
7590 -27.846 -66.3125
7620 -27.846 -66.3125
7650 -27.846 -66.3125
7680 -27.846 -66.3125
7710 -27.846 -66.3125
7740 -27.846 -66.3125
7770 -27.846 -66.3125
7800 -27.846 -66.3125
7830 -27.846 -66.3125
7860 -27.846 -66.3125
7890 -27.846 -66.3125
7920 -27.846 -66.3125
7950 -27.846 -66.3125
7980 -27.846 -66.3125
8010 -27.846 -66.3125
8040 -27.846 -66.3125
8070 -27.846 -66.3125
8100 -27.846 -66.3125
8130 -27.846 -66.3125
8160 -27.846 -66.3125
8190 -27.846 -66.3125
8220 -27.846 -66.3125
8250 -27.846 -66.3125
8280 -27.846 -66.3125
8310 -27.846 -66.3125
8340 -27.846 -66.3125
8370 -27.846 -66.3125
8400 -27.846 -66.3125
8430 -27.846 -66.3125
8460 -27.846 -66.3125
8490 -27.846 -66.3125
8520 -27.846 -66.3125
8550 -27.846 -66.3125
8580 -27.846 -66.3125
8610 -27.846 -66.3125
8640 -27.846 -66.3125
8670 -27.846 -66.3125
8700 -27.846 -66.3125
8730 -27.846 -66.3125
8760 -27.846 -66.3125
8790 -27.846 -66.3125
8820 -27.846 -66.3125
8850 -27.846 -66.3125
8880 -27.846 -66.3125
8910 -27.846 -66.3125
8940 -27.846 -66.3125
8970 -27.846 -66.3125
9000 -27.846 -66.3125
9030 -27.846 -66.3125
9060 -27.846 -66.3125
9090 -27.846 -66.3125
9120 -27.846 -66.3125
9150 -27.846 -66.3125
9180 -27.846 -66.3125
9210 -27.846 -66.3125
9240 -27.846 -66.3125
9270 -27.846 -66.3125
9300 -27.846 -66.3125
9330 -27.846 -66.3125
9360 -27.846 -66.3125
9390 -27.846 -66.3125
9420 -27.846 -66.3125
9450 -27.846 -66.3125
9480 -27.846 -66.3125
9510 -27.846 -66.3125
9540 -27.846 -66.3125
9570 -27.846 -66.3125
9600 -27.846 -66.3125
9630 -27.846 -66.3125
9660 -27.846 -66.3125
9690 -27.846 -66.3125
9720 -27.846 -66.3125
9750 -27.846 -66.3125
9780 -27.846 -66.3125
9810 -27.846 -66.3125
9840 -27.846 -66.3125
9870 -27.846 -66.3125
9900 -27.846 -66.3125
9930 -27.846 -66.3125
9960 -27.846 -66.3125
9990 -27.846 -66.3125
10020 -27.846 -66.3125
10050 -27.846 -66.3125
10080 -27.846 -66.3125
10110 -27.846 -66.3125
10140 -27.846 -66.3125
10170 -27.846 -66.3125
10200 -27.846 -66.3125
10230 -27.846 -66.3125
10260 -27.846 -66.3125
10290 -27.846 -66.3125
10320 -27.846 -66.3125
10350 -27.846 -66.3125
10380 -27.846 -66.3125
10410 -27.846 -66.3125
10440 -27.846 -66.3125
10470 -27.846 -66.3125
10500 -27.846 -66.3125
10530 -27.846 -66.3125
10560 -27.846 -66.3125
10590 -27.846 -66.3125
10620 -27.846 -66.3125
10650 -27.846 -66.3125
10680 -27.846 -66.3125
10710 -27.846 -66.3125
10740 -27.846 -66.3125
10770 -27.846 -66.3125
10800 -27.846 -66.3125
10830 -27.846 -66.3125
10860 -27.846 -66.3125
10890 -27.846 -66.3125
10920 -27.846 -66.3125
10950 -27.846 -66.3125
10980 -27.846 -66.3125
11010 -27.846 -66.3125
11040 -27.846 -66.3125
11070 -27.846 -66.3125
11100 -27.846 -66.3125
11130 -27.846 -66.3125
11160 -27.846 -66.3125
11190 -27.846 -66.3125
11220 -27.846 -66.3125
11250 -27.846 -66.3125
11280 -27.846 -66.3125
11310 -27.846 -66.3125
11340 -27.846 -66.3125
11370 -27.846 -66.3125
11400 -27.846 -66.3125
11430 -27.846 -66.3125
11460 -27.846 -66.3125
11490 -27.846 -66.3125
11520 -27.846 -66.3125
11550 -27.846 -66.3125
11580 -27.846 -66.3125
11610 -27.846 -66.3125
11640 -27.846 -66.3125
11670 -27.846 -66.3125
11700 -27.846 -66.3125
11730 -27.846 -66.3125
11760 -27.846 -66.3125
11790 -27.846 -66.3125
11820 -27.846 -66.3125
11850 -27.846 -66.3125
11880 -27.846 -66.3125
11910 -27.846 -66.3125
11940 -27.846 -66.3125
11970 -27.846 -66.3125
12000 -27.846 -66.3125
12030 -27.846 -66.3125
12060 -27.846 -66.3125
12090 -27.846 -66.3125
12120 -27.846 -66.3125
12150 -27.846 -66.3125
12180 -27.846 -66.3125
12210 -27.846 -66.3125
12240 -27.846 -66.3125
12270 -27.846 -66.3125
12300 -27.846 -66.3125
12330 -27.846 -66.3125
12360 -27.846 -66.3125
12390 -27.846 -66.3125
12420 -27.846 -66.3125
12450 -27.846 -66.3125
12480 -27.846 -66.3125
12510 -27.846 -66.3125
12540 -27.846 -66.3125
12570 -27.846 -66.3125
12600 -27.846 -66.3125
12630 -27.846 -66.3125
12660 -27.846 -66.3125
12690 -27.846 -66.3125
12720 -27.846 -66.3125
12750 -27.846 -66.3125
12780 -27.846 -66.3125
12810 -27.846 -66.3125
12840 -27.846 -66.3125
12870 -27.846 -66.3125
12900 -27.846 -66.3125
12930 -27.846 -66.3125
12960 -27.846 -66.3125
12990 -27.846 -66.3125
13020 -27.846 -66.3125
13050 -27.846 -66.3125
13080 -27.846 -66.3125
13110 -27.846 -66.3125
13140 -27.846 -66.3125
13170 -27.846 -66.3125
13200 -27.846 -66.3125
13230 -27.846 -66.3125
13260 -27.846 -66.3125
13290 -27.846 -66.3125
13320 -27.846 -66.3125
13350 -27.846 -66.3125
13380 -27.846 -66.3125
13410 -27.846 -66.3125
13440 -27.846 -66.3125
13470 -27.846 -66.3125
13500 -27.846 -66.3125
13530 -27.846 -66.3125
13560 -27.846 -66.3125
13590 -27.846 -66.3125
13620 -27.846 -66.3125
13650 -27.846 -66.3125
13680 -27.846 -66.3125
13710 -27.846 -66.3125
13740 -27.846 -66.3125
13770 -27.846 -66.3125
13800 -27.846 -66.3125
13830 -27.846 -66.3125
13860 -27.846 -66.3125
13890 -27.846 -66.3125
13920 -27.846 -66.3125
13950 -27.846 -66.3125
13980 -27.846 -66.3125
14010 -27.846 -66.3125
14040 -27.846 -66.3125
14070 -27.846 -66.3125
14100 -27.846 -66.3125
14130 -27.846 -66.3125
14160 -27.846 -66.3125
14190 -27.846 -66.3125
14220 -27.846 -66.3125
14250 -27.846 -66.3125
14280 -27.846 -66.3125
14310 -27.846 -66.3125
14340 -27.846 -66.3125
14370 -27.846 -66.3125
14400 -27.846 -66.3125
14430 -27.846 -66.3125
14460 -27.846 -66.3125
14490 -27.846 -66.3125
14520 -27.846 -66.3125
14550 -27.846 -66.3125
14580 -27.846 -66.3125
14610 -27.846 -66.3125
14640 -27.846 -66.3125
14670 -27.846 -66.3125
14700 -27.846 -66.3125
14730 -27.846 -66.3125
14760 -27.846 -66.3125
14790 -27.846 -66.3125
14820 -27.846 -66.3125
14850 -27.846 -66.3125
14880 -27.846 -66.3125
14910 -27.846 -66.3125
14940 -27.846 -66.3125
14970 -27.846 -66.3125
15000 -27.846 -66.3125
15030 -27.846 -66.3125
15060 -27.846 -66.3125
15090 -27.846 -66.3125
15120 -27.846 -66.3125
15150 -27.846 -66.3125
15180 -27.846 -66.3125
15210 -27.846 -66.3125
15240 -27.846 -66.3125
15270 -27.846 -66.3125
15300 -27.846 -66.3125
15330 -27.846 -66.3125
15360 -27.846 -66.3125
15390 -27.846 -66.3125
15420 -27.846 -66.3125
15450 -27.846 -66.3125
15480 -27.846 -66.3125
15510 -27.846 -66.3125
15540 -27.846 -66.3125
15570 -27.846 -66.3125
15600 -27.846 -66.3125
15630 -27.846 -66.3125
15660 -27.846 -66.3125
15690 -27.846 -66.3125
15720 -27.846 -66.3125
15750 -27.846 -66.3125
15780 -27.846 -66.3125
15810 -27.846 -66.3125
15840 -27.846 -66.3125
15870 -27.846 -66.3125
15900 -27.846 -66.3125
15930 -27.846 -66.3125
15960 -27.846 -66.3125
15990 -27.846 -66.3125
16020 -27.846 -66.3125
16050 -27.846 -66.3125
16080 -27.846 -66.3125
16110 -27.846 -66.3125
16140 -27.846 -66.3125
16170 -27.846 -66.3125
16200 -27.846 -66.3125
16230 -27.846 -66.3125
16260 -27.846 -66.3125
16290 -27.846 -66.3125
16320 -27.846 -66.3125
16350 -27.846 -66.3125
16380 -27.846 -66.3125
16410 -27.846 -66.3125
16440 -27.846 -66.3125
16470 -27.846 -66.3125
16500 -27.846 -66.3125
16530 -27.846 -66.3125
16560 -27.846 -66.3125
16590 -27.846 -66.3125
16620 -27.846 -66.3125
16650 -27.846 -66.3125
16680 -27.846 -66.3125
16710 -27.846 -66.3125
16740 -27.846 -66.3125
16770 -27.846 -66.3125
16800 -27.846 -66.3125
16830 -27.846 -66.3125
16860 -27.846 -66.3125
16890 -27.846 -66.3125
16920 -27.846 -66.3125
16950 -27.846 -66.3125
16980 -27.846 -66.3125
17010 -27.846 -66.3125
17040 -27.846 -66.3125
17070 -27.846 -66.3125
17100 -27.846 -66.3125
17130 -27.846 -66.3125
17160 -27.846 -66.3125
17190 -27.846 -66.3125
17220 -27.846 -66.3125
17250 -27.846 -66.3125
17280 -27.846 -66.3125
17310 -27.846 -66.3125
17340 -27.846 -66.3125
17370 -27.846 -66.3125
17400 -27.846 -66.3125
17430 -27.846 -66.3125
17460 -27.846 -66.3125
17490 -27.846 -66.3125
17520 -27.846 -66.3125
17550 -27.846 -66.3125
17580 -27.846 -66.3125
17610 -27.846 -66.3125
17640 -27.846 -66.3125
17670 -27.846 -66.3125
17700 -27.846 -66.3125
17730 -27.846 -66.3125
17760 -27.846 -66.3125
17790 -27.846 -66.3125
17820 -27.846 -66.3125
17850 -27.846 -66.3125
17880 -27.846 -66.3125
17910 -27.846 -66.3125
17940 -27.846 -66.3125
17970 -27.846 -66.3125
18000 -27.846 -66.3125
18030 -27.846 -66.3125
18060 -27.846 -66.3125
18090 -27.846 -66.3125
18120 -27.846 -66.3125
18150 -27.846 -66.3125
18180 -27.846 -66.3125
18210 -27.846 -66.3125
18240 -27.846 -66.3125
18270 -27.846 -66.3125
18300 -27.846 -66.3125
18330 -27.846 -66.3125
18360 -27.846 -66.3125
18390 -27.846 -66.3125
18420 -27.846 -66.3125
18450 -27.846 -66.3125
18480 -27.846 -66.3125
18510 -27.846 -66.3125
18540 -27.846 -66.3125
18570 -27.846 -66.3125
18600 -27.846 -66.3125
18630 -27.846 -66.3125
18660 -27.846 -66.3125
18690 -27.846 -66.3125
18720 -27.846 -66.3125
18750 -27.846 -66.3125
18780 -27.846 -66.3125
18810 -27.846 -66.3125
18840 -27.846 -66.3125
18870 -27.846 -66.3125
18900 -27.846 -66.3125
18930 -27.846 -66.3125
18960 -27.846 -66.3125
18990 -27.846 -66.3125
19020 -27.846 -66.3125
19050 -27.846 -66.3125
19080 -27.846 -66.3125
19110 -27.846 -66.3125
19140 -27.846 -66.3125
19170 -27.846 -66.3125
19200 -27.846 -66.3125
19230 -27.846 -66.3125
19260 -27.846 -66.3125
19290 -27.846 -66.3125
19320 -27.846 -66.3125
19350 -27.846 -66.3125
19380 -27.846 -66.3125
19410 -27.846 -66.3125
19440 -27.846 -66.3125
19470 -27.846 -66.3125
19500 -27.846 -66.3125
19530 -27.846 -66.3125
19560 -27.846 -66.3125
19590 -27.846 -66.3125
19620 -27.846 -66.3125
19650 -27.846 -66.3125
19680 -27.846 -66.3125
19710 -27.846 -66.3125
19740 -27.846 -66.3125
19770 -27.846 -66.3125
19800 -27.846 -66.3125
19830 -27.846 -66.3125
19860 -27.846 -66.3125
19890 -27.846 -66.3125
19920 -27.846 -66.3125
19950 -27.846 -66.3125
19980 -27.846 -66.3125
20010 -27.846 -66.3125
20040 -27.846 -66.3125
20070 -27.846 -66.3125
20100 -27.846 -66.3125
20130 -27.846 -66.3125
20160 -27.846 -66.3125
20190 -27.846 -66.3125
20220 -27.846 -66.3125
20250 -27.846 -66.3125
20280 -27.846 -66.3125
20310 -27.846 -66.3125
20340 -27.846 -66.3125
20370 -27.846 -66.3125
20400 -27.846 -66.3125
20430 -27.846 -66.3125
20460 -27.846 -66.3125
20490 -27.846 -66.3125
20520 -27.846 -66.3125
20550 -27.846 -66.3125
20580 -27.846 -66.3125
20610 -27.846 -66.3125
20640 -27.846 -66.3125
20670 -27.846 -66.3125
20700 -27.846 -66.3125
20730 -27.846 -66.3125
20760 -27.846 -66.3125
20790 -27.846 -66.3125
20820 -27.846 -66.3125
20850 -27.846 -66.3125
20880 -27.846 -66.3125
20910 -27.846 -66.3125
20940 -27.846 -66.3125
20970 -27.846 -66.3125
21000 -27.846 -66.3125
21030 -27.846 -66.3125
21060 -27.846 -66.3125
21090 -27.846 -66.3125
21120 -27.846 -66.3125
21150 -27.846 -66.3125
21180 -27.846 -66.3125
21210 -27.846 -66.3125
21240 -27.846 -66.3125
21270 -27.846 -66.3125
21300 -27.846 -66.3125
21330 -27.846 -66.3125
21360 -27.846 -66.3125
21390 -27.846 -66.3125
21420 -27.846 -66.3125
21450 -27.846 -66.3125
21480 -27.846 -66.3125
21510 -64.2561 -72.591
21540 -103.871 -79.4222
21570 -143.487 -86.2535
21600 -183.102 -93.0847
21630 -222.717 -99.916
21660 -262.333 -106.747
21690 -301.948 -113.578
21720 -341.563 -120.41
21750 -381.179 -127.241
21780 -420.794 -134.072
21810 -460.409 -140.903
21840 -500.025 -147.735
21870 -539.64 -154.566
21900 -579.255 -161.397
21930 -618.871 -168.228
21960 -658.486 -175.06
21990 -698.101 -181.891
22020 -737.717 -188.722
22050 -777.332 -195.553
22080 -816.947 -202.385
22110 -856.563 -209.216
22140 -896.178 -216.047
22170 -935.793 -222.878
22200 -975.409 -229.71
22230 -1015.02 -236.541
22260 -1054.64 -243.372
22290 -1094.25 -250.203
22320 -1133.87 -257.035
22350 -1173.49 -263.866
22380 -1213.1 -270.697
22410 -1252.72 -277.528
22440 -1292.33 -284.359
22470 -1331.95 -291.191
22500 -1371.56 -298.022
22530 -1411.18 -304.853
22560 -1450.79 -311.684
22590 -1490.41 -318.516
22620 -1530.02 -325.347
22650 -1668.04 -390.738
22680 -1735.2 -418.245
22710 -1857.95 -474.767
22740 -1908.15 -941.005
22770 -2277.65 -1469.04
22800 -2449.6 -1985.57
22830 -2468.65 -2104.75
22860 -2527.8 -2439.79
22890 -2695.52 -2607.32
22920 -3256.72 -2494.72
22950 -3859.27 -2590.51
22980 -4289.85 -2614.69
23010 -4592.13 -2351.12
23040 -4831.92 -2202.24
23070 -4929.24 -2168.31
23100 -5075.01 -2168.09
23130 -5356.32 -2046.38
23160 -5849.08 -1888.21
23190 -6090.91 -1840.78
23220 -6263.32 -1816.42
23250 -6373.73 -1986.27
23280 -6441.12 -2078.65
23310 -6456.9 -2078.37
23340 -6471.6 -2089.03
23370 -6474.27 -2096
23400 -6484.98 -2089.77
23430 -6483.5 -2098.96
23460 -6494.56 -2148.78
23490 -6478.45 -2170.67
23520 -6475.73 -2180.34
23550 -6498.23 -2161.38
23580 -6545.83 -2174.29
23610 -6522.25 -2155.51
23640 -6533.45 -2164.47
23670 -6544.29 -2178.06
23700 -6570.89 -2174.58
23730 -6580.47 -2183.87
23760 -6568.31 -2168.54
23790 -6568.92 -2173.37
23820 -6609.22 -2175.88
23850 -6612.14 -2178.42
23880 -6608.2 -2182.65
23910 -6591.45 -2174.71
23940 -6581.89 -2164.68
23970 -6572.94 -2158.07
24000 -6571.44 -2156.34
24030 -6584.68 -2150.58
24060 -6567.75 -2148.24
24090 -6555.59 -2152.03
24120 -6529.24 -2162.84
24150 -6558.4 -2170.51
24180 -6562.58 -2149.62
24210 -6566.37 -2120.35
24240 -6571.2 -2126.41
24270 -6580.05 -2133.05
24300 -6525.98 -2155.11
24330 -6526.49 -2129.91
24360 -6523.37 -2152.57
24390 -6516.38 -2151.73
24420 -6540.55 -2086.35
24450 -6511.86 -2088.39
24480 -6500.71 -2114.97
24510 -6489.98 -2123.13
24540 -6514.25 -2149.06
24570 -6541.65 -2112.8
24600 -6541.6 -2130.95
24630 -6557.5 -2095.78
24660 -6558.91 -2099.52
24690 -6572.23 -2053.39
24720 -6528.34 -2125.66
24750 -6537.01 -2096.86
24780 -6535.66 -2087.36
24810 -6548.96 -2097.53
24840 -6558.5 -2085.34
24870 -6536.15 -2061.11
24900 -6552.37 -2046.79
24930 -6568.58 -2032.48
24960 -6584.8 -2018.16
24990 -6601.01 -2003.84
25020 -6525.14 -2094.84
25050 -6513.99 -2089.8
25080 -6484.66 -2089.42
25110 -6442.8 -2096.58
25140 -6435.84 -2077.38
25170 -6437.98 -2075.14
25200 -6439.9 -2076.42
25230 -6439.49 -2075.14
25260 -6440.36 -2072.62
25290 -6417.51 -2058.16
25320 -6365.35 -1930.67
25350 -6218.88 -1829.46
25380 -6131.02 -1844.98
25410 -5657.58 -1942.45
25440 -5279.85 -2089.78
25470 -5098.13 -2163.49
25500 -4930.23 -2163.3
25530 -4903.42 -2179.72
25560 -4904.54 -2181.11
25590 -4894.85 -2170.83
25620 -4902.29 -2175.29
25650 -4898.72 -2175.34
25680 -4905.45 -2179.03
25710 -4905.05 -2179.49
25740 -4896.22 -2175.75
25770 -4908.08 -2179.39
25800 -4898 -2176.2
25830 -4903.23 -2180.76
25860 -4901.87 -2179
25890 -4901.87 -2179
25920 -4901.87 -2179
25950 -4901.87 -2179
25980 -4901.87 -2179
26010 -4901.87 -2179
26040 -4901.87 -2179
26070 -4901.87 -2179
26100 -4901.87 -2179
26130 -4901.87 -2179
26160 -4901.87 -2179
26190 -4901.87 -2179
26220 -4901.87 -2179
26250 -4901.87 -2179
26280 -4901.87 -2179
26310 -4901.87 -2179
26340 -4901.87 -2179
26370 -4901.87 -2179
26400 -4901.87 -2179
26430 -4901.87 -2179
26460 -4901.87 -2179
26490 -4901.87 -2179
26520 -4901.87 -2179
26550 -4901.87 -2179
26580 -4901.87 -2179
26610 -4901.87 -2179
26640 -4901.87 -2179
26670 -4901.87 -2179
26700 -4901.87 -2179
26730 -4901.87 -2179
26760 -4901.87 -2179
26790 -4901.87 -2179
26820 -4901.87 -2179
26850 -4901.87 -2179
26880 -4901.87 -2179
26910 -4901.87 -2179
26940 -4901.87 -2179
26970 -4901.87 -2179
27000 -4901.87 -2179
27030 -4901.87 -2179
27060 -4901.87 -2179
27090 -4901.87 -2179
27120 -4901.87 -2179
27150 -4901.87 -2179
27180 -4901.87 -2179
27210 -4901.87 -2179
27240 -4901.87 -2179
27270 -4901.87 -2179
27300 -4901.87 -2179
27330 -4901.87 -2179
27360 -4901.87 -2179
27390 -4901.87 -2179
27420 -4901.87 -2179
27450 -4901.87 -2179
27480 -4901.87 -2179
27510 -4901.87 -2179
27540 -4901.87 -2179
27570 -4901.87 -2179
27600 -4901.87 -2179
27630 -4901.87 -2179
27660 -4901.87 -2179
27690 -4901.87 -2179
27720 -4901.87 -2179
27750 -4901.87 -2179
27780 -4901.87 -2179
27810 -4901.87 -2179
27840 -4901.87 -2179
27870 -4901.87 -2179
27900 -4901.87 -2179
27930 -4901.87 -2179
27960 -4901.87 -2179
27990 -4901.87 -2179
28020 -4901.87 -2179
28050 -4901.87 -2179
28080 -4901.87 -2179
28110 -4901.87 -2179
28140 -4901.87 -2179
28170 -4901.87 -2179
28200 -4901.87 -2179
28230 -4901.87 -2179
28260 -4901.87 -2179
28290 -4901.87 -2179
28320 -4901.87 -2179
28350 -4901.87 -2179
28380 -4901.87 -2179
28410 -4901.87 -2179
28440 -4901.87 -2179
28470 -4901.87 -2179
28500 -4901.87 -2179
28530 -4901.87 -2179
28560 -4901.87 -2179
28590 -4901.87 -2179
28620 -4901.87 -2179
28650 -4901.87 -2179
28680 -4901.87 -2179
28710 -4901.87 -2179
28740 -4901.87 -2179
28770 -4901.87 -2179
28800 -4901.87 -2179
28830 -4901.87 -2179
28860 -4901.87 -2179
28890 -4901.87 -2179
28920 -4901.87 -2179
28950 -4901.87 -2179
28980 -4901.87 -2179
29010 -4901.87 -2179
29040 -4901.87 -2179
29070 -4901.87 -2179
29100 -4901.87 -2179
29130 -4901.87 -2179
29160 -4901.87 -2179
29190 -4901.87 -2179
29220 -4901.87 -2179
29250 -4901.87 -2179
29280 -4901.87 -2179
29310 -4901.87 -2179
29340 -4901.87 -2179
29370 -4901.87 -2179
29400 -4901.87 -2179
29430 -4901.87 -2179
29460 -4901.87 -2179
29490 -4901.87 -2179
29520 -4901.87 -2179
29550 -4901.87 -2179
29580 -4901.87 -2179
29610 -4901.87 -2179
29640 -4901.87 -2179
29670 -4907.22 -2177.64
29700 -4929.78 -2188.68
29730 -4911.85 -2182.58
29760 -4907.02 -2184.65
29790 -4904.25 -2183.79
29820 -4831.52 -2209.72
29850 -4762.06 -2295.41
29880 -4307.32 -2501.26
29910 -4284.74 -2642.97
29940 -3996.63 -2620.75
29970 -4012.64 -2277.46
30000 -3908.99 -1711.06
30030 -3840.38 -1138.23
30060 -3531.14 -802.293
30090 -3080.68 -581.822
30120 -2698.21 -641.71
30150 -2136.21 -564.011
30180 -1643.43 -392.054
30210 -1387.87 -238.794
30240 -904.73 71.8323
30270 -616.62 314.003
30300 -330.045 143.372
30330 -144.707 23.0452
30360 -93.7875 90.0807
30390 -83.2652 79.8352
30420 -72.7429 69.5897
30450 -62.2205 59.3442
30480 -78.6038 47.0086
30510 -102.839 30.3111
30540 -111.128 -1.05171
30570 -108.892 -25.5705
