0 -73.9977 97.9917
30 -93.4931 68.1429
60 -112.852 34.786
90 -103.983 -3.61505
120 -106.855 -25.7488
150 -84.0153 -42.2679
180 -42.5593 -72.8498
210 -30.7866 -64.1484
240 -30.8264 -62.973
270 -30.8264 -62.973
300 -30.8264 -62.973
330 -30.8264 -62.973
360 -30.8264 -62.973
390 -30.8264 -62.973
420 -30.8264 -62.973
450 -30.8264 -62.973
480 -30.8264 -62.973
510 -30.8264 -62.973
540 -30.8264 -62.973
570 -30.8264 -62.973
600 -30.8264 -62.973
630 -30.8264 -62.973
660 -30.8264 -62.973
690 -30.8264 -62.973
720 -30.8264 -62.973
750 -30.8264 -62.973
780 -30.8264 -62.973
810 -30.8264 -62.973
840 -30.8264 -62.973
870 -30.8264 -62.973
900 -30.8264 -62.973
930 -30.8264 -62.973
960 -30.8264 -62.973
990 -30.8264 -62.973
1020 -30.8264 -62.973
1050 -30.8264 -62.973
1080 -30.8264 -62.973
1110 -30.8264 -62.973
1140 -30.8264 -62.973
1170 -30.8264 -62.973
1200 -30.8264 -62.973
1230 -30.8264 -62.973
1260 -30.8264 -62.973
1290 -30.8264 -62.973
1320 -30.8264 -62.973
1350 -30.8264 -62.973
1380 -30.8264 -62.973
1410 -30.8264 -62.973
1440 -30.8264 -62.973
1470 -30.8264 -62.973
1500 -30.8264 -62.973
1530 -30.8264 -62.973
1560 -30.8264 -62.973
1590 -30.8264 -62.973
1620 -30.8264 -62.973
1650 -30.8264 -62.973
1680 -30.8264 -62.973
1710 -30.8264 -62.973
1740 -30.8264 -62.973
1770 -30.8264 -62.973
1800 -30.8264 -62.973
1830 -30.8264 -62.973
1860 -30.8264 -62.973
1890 -30.8264 -62.973
1920 -30.8264 -62.973
1950 -30.8264 -62.973
1980 -30.8264 -62.973
2010 -30.8264 -62.973
2040 -30.8264 -62.973
2070 -30.8264 -62.973
2100 -30.8264 -62.973
2130 -30.8264 -62.973
2160 -30.8264 -62.973
2190 -30.8264 -62.973
2220 -30.8264 -62.973
2250 -30.8264 -62.973
2280 -30.8264 -62.973
2310 -30.8264 -62.973
2340 -30.8264 -62.973
2370 -30.8264 -62.973
2400 -30.8264 -62.973
2430 -30.8264 -62.973
2460 -30.8264 -62.973
2490 -30.8264 -62.973
2520 -30.8264 -62.973
2550 -30.8264 -62.973
2580 -30.8264 -62.973
2610 -30.8264 -62.973
2640 -30.8264 -62.973
2670 -30.8264 -62.973
2700 -30.8264 -62.973
2730 -30.8264 -62.973
2760 -30.8264 -62.973
2790 -30.8264 -62.973
2820 -30.8264 -62.973
2850 -30.8264 -62.973
2880 -30.8264 -62.973
2910 -30.8264 -62.973
2940 -30.8264 -62.973
2970 -30.8264 -62.973
3000 -30.8264 -62.973
3030 -30.8264 -62.973
3060 -30.8264 -62.973
3090 -30.8264 -62.973
3120 -30.8264 -62.973
3150 -30.8264 -62.973
3180 -30.8264 -62.973
3210 -30.8264 -62.973
3240 -30.8264 -62.973
3270 -30.8264 -62.973
3300 -30.8264 -62.973
3330 -30.8264 -62.973
3360 -30.8264 -62.973
3390 -30.8264 -62.973
3420 -30.8264 -62.973
3450 -30.8264 -62.973
3480 -30.8264 -62.973
3510 -30.8264 -62.973
3540 -30.8264 -62.973
3570 -30.8264 -62.973
3600 -30.8264 -62.973
3630 -30.8264 -62.973
3660 -30.8264 -62.973
3690 -30.8264 -62.973
3720 -30.8264 -62.973
3750 -30.8264 -62.973
3780 -30.8264 -62.973
3810 -30.8264 -62.973
3840 -30.8264 -62.973
3870 -30.8264 -62.973
3900 -30.8264 -62.973
3930 -30.8264 -62.973
3960 -30.8264 -62.973
3990 -30.8264 -62.973
4020 -30.8264 -62.973
4050 -30.8264 -62.973
4080 -30.8264 -62.973
4110 -30.8264 -62.973
4140 -30.8264 -62.973
4170 -30.8264 -62.973
4200 -30.8264 -62.973
4230 -30.8264 -62.973
4260 -30.8264 -62.973
4290 -30.8264 -62.973
4320 -30.8264 -62.973
4350 -30.8264 -62.973
4380 -30.8264 -62.973
4410 -30.8264 -62.973
4440 -30.8264 -62.973
4470 -30.8264 -62.973
4500 -30.8264 -62.973
4530 -30.8264 -62.973
4560 -30.8264 -62.973
4590 -30.8264 -62.973
4620 -30.8264 -62.973
4650 -30.8264 -62.973
4680 -30.8264 -62.973
4710 -30.8264 -62.973
4740 -30.8264 -62.973
4770 -30.8264 -62.973
4800 -30.8264 -62.973
4830 -30.8264 -62.973
4860 -30.8264 -62.973
4890 -30.8264 -62.973
4920 -30.8264 -62.973
4950 -30.8264 -62.973
4980 -30.8264 -62.973
5010 -30.8264 -62.973
5040 -30.8264 -62.973
5070 -30.8264 -62.973
5100 -30.8264 -62.973
5130 -30.8264 -62.973
5160 -30.8264 -62.973
5190 -30.8264 -62.973
5220 -30.8264 -62.973
5250 -30.8264 -62.973
5280 -30.8264 -62.973
5310 -30.8264 -62.973
5340 -30.8264 -62.973
5370 -30.8264 -62.973
5400 -30.8264 -62.973
5430 -30.8264 -62.973
5460 -30.8264 -62.973
5490 -30.8264 -62.973
5520 -30.8264 -62.973
5550 -30.8264 -62.973
5580 -30.8264 -62.973
5610 -30.8264 -62.973
5640 -30.8264 -62.973
5670 -30.8264 -62.973
5700 -30.8264 -62.973
5730 -30.8264 -62.973
5760 -30.8264 -62.973
5790 -30.8264 -62.973
5820 -30.8264 -62.973
5850 -30.8264 -62.973
5880 -30.8264 -62.973
5910 -30.8264 -62.973
5940 -30.8264 -62.973
5970 -30.8264 -62.973
6000 -30.8264 -62.973
6030 -30.8264 -62.973
6060 -30.8264 -62.973
6090 -30.8264 -62.973
6120 -30.8264 -62.973
6150 -30.8264 -62.973
6180 -30.8264 -62.973
6210 -30.8264 -62.973
6240 -30.8264 -62.973
6270 -30.8264 -62.973
6300 -30.8264 -62.973
6330 -30.8264 -62.973
6360 -30.8264 -62.973
6390 -30.8264 -62.973
6420 -30.8264 -62.973
6450 -30.8264 -62.973
6480 -30.8264 -62.973
6510 -30.8264 -62.973
6540 -30.8264 -62.973
6570 -30.8264 -62.973
6600 -30.8264 -62.973
6630 -30.8264 -62.973
6660 -30.8264 -62.973
6690 -30.8264 -62.973
6720 -30.8264 -62.973
6750 -30.8264 -62.973
6780 -30.8264 -62.973
6810 -30.8264 -62.973
6840 -30.8264 -62.973
6870 -55.6989 -46.1447
6900 -88.9941 -23.6177
6930 -122.289 -1.0907
6960 -155.585 21.4363
6990 -188.88 43.9633
7020 -222.175 66.4903
7050 -255.47 89.0173
7080 -288.766 111.544
7110 -322.061 134.071
7140 -355.356 156.598
7170 -388.651 179.125
7200 -421.947 201.652
7230 -455.242 224.179
7260 -488.537 246.706
7290 -521.833 269.233
7320 -555.128 291.76
7350 -588.423 314.287
7380 -621.718 336.814
7410 -655.014 359.341
7440 -688.309 381.868
7470 -721.604 404.395
7500 -754.899 426.922
7530 -788.195 449.449
7560 -821.49 471.976
7590 -854.785 494.503
7620 -1106.45 1050.64
7650 -1217.74 1330.07
7680 -1217.33 1346.87
7710 -1363.45 1387.97
7740 -1755.42 1325.82
7770 -1774.03 1324.71
7800 -1776.97 1321.07
7830 -1786.51 1319.26
7860 -1796.05 1317.45
7890 -1805.59 1315.64
7920 -1638.19 1316.41
7950 -1635.15 1300.36
7980 -1652.97 1304.9
8010 -1648.04 1296.88
8040 -1650.36 1310.3
8070 -1658.29 1313.32
8100 -1662.26 1305
8130 -1664.84 1306.66
8160 -1668.15 1294.9
8190 -1659.63 1311.87
8220 -1643.79 1318.62
8250 -1666.19 1311.96
8280 -1660.84 1311.93
8310 -1677.68 1290.57
8340 -1656.87 1311.71
8370 -1660.82 1313.34
8400 -1669.51 1298.86
8430 -1678.49 1282.59
8460 -1674.32 1291.83
8490 -1666.01 1306.26
8520 -1683.1 1284.98
8550 -1669.35 1285.38
8580 -1658.74 1289.71
8610 -1661.2 1305.77
8640 -1662.08 1308.08
8670 -1648.66 1316.04
8700 -1643.38 1316.58
8730 -1649.11 1317.39
8760 -1662.71 1300.66
8790 -1663.37 1290.53
8820 -1665.19 1307.24
8850 -1670.21 1321.09
8880 -1675.23 1334.94
8910 -1668.8 1313.3
8940 -1665.02 1301.05
8970 -1651.58 1308.16
9000 -1668.47 1309.44
9030 -1667.53 1307.43
9060 -1655.97 1294.9
9090 -1662.63 1302.29
9120 -1654.18 1292.87
9150 -1655.45 1300
9180 -1656.72 1307.14
9210 -1650.82 1280.82
9240 -1640.69 1243.18
9270 -1632.25 1245
9300 -1666.86 1290.07
9330 -1653.73 1312.02
9360 -1668.43 1295.88
9390 -1661.81 1306.17
9420 -1665.72 1303.19
9450 -1669.48 1321.42
9480 -1677.5 1314.08
9510 -1661.12 1303.84
9540 -1663.32 1286.52
9570 -1648.07 1317.78
9600 -1652.89 1323.1
9630 -1623.07 1297.86
9660 -1626.87 1295.03
9690 -1640.85 1291.97
9720 -1654.82 1288.92
9750 -1663.68 1290.11
9780 -1664.86 1297.67
9810 -1665.29 1300.44
9840 -1681.8 1270.56
9870 -1633.5 1330.94
9900 -1658.24 1316.19
9930 -1670.75 1296.32
9960 -1666.33 1294.07
9990 -1676 1301.48
10020 -1679.56 1289.94
10050 -1681.68 1286.58
10080 -1687.49 1292.78
10110 -1677.27 1290.36
10140 -1664.82 1292.78
10170 -1652.37 1295.19
10200 -1639.91 1297.6
10230 -1631.66 1303.13
10260 -1662.57 1306.65
10290 -1670.54 1299.59
10320 -1661.44 1311.79
10350 -1652.9 1295.81
10380 -1664.2 1309.12
10410 -1650.02 1295.93
10440 -1634.9 1309.95
10470 -1625.32 1337.34
10500 -1656.35 1302.58
10530 -1654.77 1312.35
10560 -1647.27 1304.2
10590 -1636.62 1316.89
10620 -1625.97 1329.58
10650 -1632.77 1320.03
10680 -1625.61 1291.57
10710 -1627.79 1300.94
10740 -1641.91 1316.82
10770 -1356.59 1369.81
10800 -1220.25 1141.09
10830 -1157.53 767.787
10860 -921.755 698.492
10890 -687.067 359.698
10920 -632.275 328.418
10950 -309.887 129.272
10980 -114.324 23.521
11010 -77.6304 78.4989
11040 -70.8065 59.3276
11070 -63.9825 40.1563
11100 -83.3905 49.9696
11130 -106.241 8.33283
11160 -105.525 -1.97307
11190 -107.324 -3.75376
11220 -107.324 -3.75376
11250 -107.324 -3.75376
11280 -107.324 -3.75376
11310 -107.324 -3.75376
11340 -107.324 -3.75376
11370 -107.324 -3.75376
11400 -107.324 -3.75376
11430 -107.324 -3.75376
11460 -107.324 -3.75376
11490 -107.324 -3.75376
11520 -107.324 -3.75376
11550 -107.324 -3.75376
11580 -107.324 -3.75376
11610 -107.324 -3.75376
11640 -107.324 -3.75376
11670 -107.324 -3.75376
11700 -107.324 -3.75376
11730 -107.324 -3.75376
11760 -107.324 -3.75376
11790 -107.324 -3.75376
11820 -107.324 -3.75376
11850 -107.324 -3.75376
11880 -107.324 -3.75376
11910 -107.324 -3.75376
11940 -107.324 -3.75376
11970 -107.324 -3.75376
12000 -107.324 -3.75376
12030 -107.324 -3.75376
12060 -107.324 -3.75376
12090 -107.324 -3.75376
12120 -107.324 -3.75376
12150 -107.324 -3.75376
12180 -107.324 -3.75376
12210 -107.324 -3.75376
12240 -107.324 -3.75376
12270 -107.324 -3.75376
12300 -107.324 -3.75376
12330 -107.324 -3.75376
12360 -107.324 -3.75376
12390 -107.324 -3.75376
12420 -107.324 -3.75376
12450 -107.324 -3.75376
12480 -107.324 -3.75376
12510 -107.324 -3.75376
12540 -107.324 -3.75376
12570 -107.324 -3.75376
12600 -107.324 -3.75376
12630 -107.324 -3.75376
12660 -107.324 -3.75376
12690 -107.324 -3.75376
12720 -107.324 -3.75376
12750 -107.324 -3.75376
12780 -107.324 -3.75376
12810 -107.324 -3.75376
12840 -107.324 -3.75376
12870 -107.324 -3.75376
12900 -107.324 -3.75376
12930 -107.324 -3.75376
12960 -107.324 -3.75376
12990 -107.324 -3.75376
13020 -107.324 -3.75376
13050 -107.324 -3.75376
13080 -107.324 -3.75376
13110 -107.324 -3.75376
13140 -107.324 -3.75376
13170 -107.324 -3.75376
13200 -107.324 -3.75376
13230 -107.324 -3.75376
13260 -107.324 -3.75376
13290 -107.324 -3.75376
13320 -107.324 -3.75376
13350 -107.324 -3.75376
13380 -107.324 -3.75376
13410 -107.324 -3.75376
13440 -107.324 -3.75376
13470 -107.324 -3.75376
13500 -107.324 -3.75376
13530 -107.324 -3.75376
13560 -107.324 -3.75376
13590 -107.324 -3.75376
13620 -107.324 -3.75376
13650 -107.324 -3.75376
13680 -107.324 -3.75376
13710 -107.324 -3.75376
13740 -107.324 -3.75376
13770 -107.324 -3.75376
13800 -107.324 -3.75376
13830 -107.324 -3.75376
13860 -107.324 -3.75376
13890 -107.324 -3.75376
13920 -107.324 -3.75376
13950 -107.324 -3.75376
13980 -107.324 -3.75376
14010 -107.324 -3.75376
14040 -107.324 -3.75376
14070 -107.324 -3.75376
14100 -107.324 -3.75376
14130 -107.324 -3.75376
14160 -107.324 -3.75376
14190 -107.324 -3.75376
14220 -107.324 -3.75376
14250 -107.324 -3.75376
14280 -107.324 -3.75376
14310 -107.324 -3.75376
14340 -107.324 -3.75376
14370 -107.324 -3.75376
14400 -107.324 -3.75376
14430 -107.324 -3.75376
14460 -107.324 -3.75376
14490 -107.324 -3.75376
14520 -107.324 -3.75376
14550 -107.324 -3.75376
14580 -107.324 -3.75376
14610 -107.324 -3.75376
14640 -107.324 -3.75376
14670 -107.324 -3.75376
14700 -107.324 -3.75376
14730 -107.324 -3.75376
14760 -107.324 -3.75376
14790 -107.324 -3.75376
14820 -107.324 -3.75376
14850 -107.324 -3.75376
14880 -107.324 -3.75376
14910 -107.324 -3.75376
14940 -107.324 -3.75376
14970 -107.324 -3.75376
15000 -107.324 -3.75376
15030 -107.324 -3.75376
15060 -107.324 -3.75376
15090 -107.324 -3.75376
15120 -107.324 -3.75376
15150 -107.324 -3.75376
15180 -107.324 -3.75376
15210 -107.324 -3.75376
15240 -107.324 -3.75376
15270 -107.324 -3.75376
15300 -107.324 -3.75376
15330 -107.324 -3.75376
15360 -107.324 -3.75376
15390 -107.324 -3.75376
15420 -107.324 -3.75376
15450 -107.324 -3.75376
15480 -107.324 -3.75376
15510 -107.324 -3.75376
15540 -107.324 -3.75376
15570 -107.324 -3.75376
15600 -107.324 -3.75376
15630 -107.324 -3.75376
15660 -107.324 -3.75376
15690 -107.324 -3.75376
15720 -107.324 -3.75376
15750 -107.324 -3.75376
15780 -107.324 -3.75376
15810 -107.324 -3.75376
15840 -107.324 -3.75376
15870 -107.324 -3.75376
15900 -107.324 -3.75376
15930 -107.324 -3.75376
15960 -107.324 -3.75376
15990 -107.324 -3.75376
16020 -107.324 -3.75376
16050 -107.324 -3.75376
16080 -107.324 -3.75376
16110 -107.324 -3.75376
16140 -107.324 -3.75376
16170 -107.324 -3.75376
16200 -107.324 -3.75376
16230 -107.324 -3.75376
16260 -107.324 -3.75376
16290 -107.324 -3.75376
16320 -107.324 -3.75376
16350 -107.324 -3.75376
16380 -107.324 -3.75376
16410 -107.324 -3.75376
16440 -107.324 -3.75376
16470 -107.324 -3.75376
16500 -107.324 -3.75376
16530 -107.324 -3.75376
16560 -107.324 -3.75376
16590 -107.324 -3.75376
16620 -107.324 -3.75376
16650 -107.324 -3.75376
16680 -107.324 -3.75376
16710 -107.324 -3.75376
16740 -107.324 -3.75376
16770 -107.324 -3.75376
16800 -107.324 -3.75376
16830 -107.324 -3.75376
16860 -107.324 -3.75376
16890 -107.324 -3.75376
16920 -107.324 -3.75376
16950 -107.324 -3.75376
16980 -107.324 -3.75376
17010 -107.324 -3.75376
17040 -107.324 -3.75376
17070 -107.324 -3.75376
17100 -107.324 -3.75376
17130 -107.324 -3.75376
17160 -107.324 -3.75376
17190 -107.324 -3.75376
17220 -107.324 -3.75376
17250 -107.324 -3.75376
17280 -107.324 -3.75376
17310 -107.324 -3.75376
17340 -107.324 -3.75376
17370 -107.324 -3.75376
17400 -107.324 -3.75376
17430 -107.324 -3.75376
17460 -107.324 -3.75376
17490 -107.324 -3.75376
17520 -107.324 -3.75376
17550 -107.324 -3.75376
17580 -107.324 -3.75376
17610 -107.324 -3.75376
17640 -107.324 -3.75376
17670 -107.324 -3.75376
17700 -107.324 -3.75376
17730 -107.324 -3.75376
17760 -107.324 -3.75376
17790 -107.324 -3.75376
17820 -107.324 -3.75376
17850 -107.324 -3.75376
17880 -107.324 -3.75376
17910 -107.324 -3.75376
17940 -107.324 -3.75376
17970 -107.324 -3.75376
18000 -107.324 -3.75376
18030 -107.324 -3.75376
18060 -107.324 -3.75376
18090 -107.324 -3.75376
18120 -107.324 -3.75376
18150 -107.324 -3.75376
18180 -107.324 -3.75376
18210 -107.324 -3.75376
18240 -107.324 -3.75376
18270 -107.324 -3.75376
18300 -107.324 -3.75376
18330 -107.324 -3.75376
18360 -107.324 -3.75376
18390 -107.324 -3.75376
18420 -107.324 -3.75376
18450 -107.324 -3.75376
18480 -107.324 -3.75376
18510 -107.324 -3.75376
18540 -107.324 -3.75376
18570 -107.324 -3.75376
18600 -107.324 -3.75376
18630 -107.324 -3.75376
18660 -107.324 -3.75376
18690 -107.324 -3.75376
18720 -107.324 -3.75376
18750 -107.324 -3.75376
18780 -107.324 -3.75376
18810 -107.324 -3.75376
18840 -107.324 -3.75376
18870 -107.324 -3.75376
18900 -107.324 -3.75376
18930 -107.324 -3.75376
18960 -107.324 -3.75376
18990 -107.324 -3.75376
19020 -107.324 -3.75376
19050 -107.324 -3.75376
19080 -107.324 -3.75376
19110 -107.324 -3.75376
19140 -107.324 -3.75376
19170 -107.324 -3.75376
19200 -107.324 -3.75376
19230 -107.324 -3.75376
19260 -107.324 -3.75376
19290 -107.324 -3.75376
19320 -107.324 -3.75376
19350 -107.324 -3.75376
19380 -107.324 -3.75376
19410 -107.324 -3.75376
19440 -107.324 -3.75376
19470 -107.324 -3.75376
19500 -107.324 -3.75376
19530 -107.324 -3.75376
19560 -107.324 -3.75376
19590 -107.324 -3.75376
19620 -107.324 -3.75376
19650 -107.324 -3.75376
19680 -107.324 -3.75376
19710 -107.324 -3.75376
19740 -107.324 -3.75376
19770 -107.324 -3.75376
19800 -107.324 -3.75376
19830 -107.324 -3.75376
19860 -107.324 -3.75376
19890 -107.324 -3.75376
19920 -107.324 -3.75376
19950 -107.324 -3.75376
19980 -107.324 -3.75376
20010 -107.324 -3.75376
20040 -107.324 -3.75376
20070 -107.324 -3.75376
20100 -107.324 -3.75376
20130 -107.324 -3.75376
20160 -107.324 -3.75376
20190 -107.324 -3.75376
20220 -107.324 -3.75376
20250 -107.324 -3.75376
20280 -107.324 -3.75376
20310 -107.324 -3.75376
20340 -107.324 -3.75376
20370 -107.324 -3.75376
20400 -107.324 -3.75376
20430 -107.324 -3.75376
20460 -107.324 -3.75376
20490 -107.324 -3.75376
20520 -107.324 -3.75376
20550 -107.324 -3.75376
20580 -107.324 -3.75376
20610 -107.324 -3.75376
20640 -107.324 -3.75376
20670 -107.324 -3.75376
20700 -107.324 -3.75376
20730 -107.324 -3.75376
20760 -107.324 -3.75376
20790 -107.324 -3.75376
20820 -107.324 -3.75376
20850 -107.324 -3.75376
20880 -107.324 -3.75376
20910 -107.324 -3.75376
20940 -107.324 -3.75376
20970 -107.324 -3.75376
21000 -107.324 -3.75376
21030 -107.324 -3.75376
21060 -107.324 -3.75376
21090 -107.324 -3.75376
21120 -107.324 -3.75376
21150 -107.324 -3.75376
21180 -107.324 -3.75376
21210 -107.324 -3.75376
21240 -107.324 -3.75376
21270 -107.324 -3.75376
21300 -107.324 -3.75376
21330 -107.324 -3.75376
21360 -107.324 -3.75376
21390 -107.324 -3.75376
21420 -107.324 -3.75376
21450 -107.324 -3.75376
21480 -107.324 -3.75376
21510 -107.324 -3.75376
21540 -107.324 -3.75376
21570 -107.324 -3.75376
21600 -107.324 -3.75376
21630 -107.324 -3.75376
21660 -107.324 -3.75376
21690 -107.324 -3.75376
21720 -107.324 -3.75376
21750 -107.324 -3.75376
21780 -107.324 -3.75376
21810 -107.324 -3.75376
21840 -107.324 -3.75376
21870 -107.324 -3.75376
21900 -107.324 -3.75376
21930 -107.324 -3.75376
21960 -107.324 -3.75376
21990 -107.324 -3.75376
22020 -107.324 -3.75376
22050 -107.324 -3.75376
22080 -107.324 -3.75376
22110 -107.324 -3.75376
22140 -107.324 -3.75376
22170 -107.324 -3.75376
22200 -107.324 -3.75376
22230 -107.324 -3.75376
22260 -107.324 -3.75376
22290 -107.324 -3.75376
22320 -107.324 -3.75376
22350 -107.324 -3.75376
22380 -107.324 -3.75376
22410 -107.324 -3.75376
22440 -107.324 -3.75376
22470 -107.324 -3.75376
22500 -107.324 -3.75376
22530 -107.324 -3.75376
22560 -107.324 -3.75376
22590 -107.324 -3.75376
22620 -107.324 -3.75376
22650 -107.324 -3.75376
22680 -107.324 -3.75376
22710 -107.324 -3.75376
22740 -107.324 -3.75376
22770 -107.324 -3.75376
22800 -107.324 -3.75376
22830 -107.324 -3.75376
22860 -107.324 -3.75376
22890 -107.324 -3.75376
22920 -107.324 -3.75376
22950 -107.324 -3.75376
22980 -107.324 -3.75376
23010 -107.324 -3.75376
23040 -107.324 -3.75376
23070 -107.324 -3.75376
23100 -107.324 -3.75376
23130 -107.324 -3.75376
23160 -107.324 -3.75376
23190 -107.324 -3.75376
23220 -107.324 -3.75376
23250 -107.324 -3.75376
23280 -107.324 -3.75376
23310 -107.324 -3.75376
23340 -107.324 -3.75376
23370 -107.324 -3.75376
23400 -107.324 -3.75376
23430 -107.324 -3.75376
23460 -107.324 -3.75376
23490 -107.324 -3.75376
23520 -107.324 -3.75376
23550 -107.324 -3.75376
23580 -107.324 -3.75376
23610 -107.324 -3.75376
23640 -107.324 -3.75376
23670 -107.324 -3.75376
23700 -107.324 -3.75376
23730 -107.324 -3.75376
23760 -107.324 -3.75376
23790 -107.324 -3.75376
23820 -107.324 -3.75376
23850 -107.324 -3.75376
23880 -107.324 -3.75376
23910 -107.324 -3.75376
23940 -107.324 -3.75376
23970 -107.324 -3.75376
24000 -107.324 -3.75376
24030 -107.324 -3.75376
24060 -107.324 -3.75376
24090 -107.324 -3.75376
24120 -107.324 -3.75376
24150 -107.324 -3.75376
24180 -107.324 -3.75376
24210 -107.324 -3.75376
24240 -107.324 -3.75376
24270 -107.324 -3.75376
24300 -107.324 -3.75376
24330 -107.324 -3.75376
24360 -107.324 -3.75376
24390 -107.324 -3.75376
24420 -107.324 -3.75376
24450 -107.324 -3.75376
24480 -107.324 -3.75376
24510 -107.324 -3.75376
24540 -107.324 -3.75376
24570 -107.324 -3.75376
24600 -107.324 -3.75376
24630 -107.324 -3.75376
24660 -107.324 -3.75376
24690 -107.324 -3.75376
24720 -107.324 -3.75376
24750 -107.324 -3.75376
24780 -107.324 -3.75376
24810 -107.324 -3.75376
24840 -107.324 -3.75376
24870 -107.324 -3.75376
24900 -107.324 -3.75376
24930 -107.324 -3.75376
24960 -107.324 -3.75376
24990 -107.324 -3.75376
25020 -107.324 -3.75376
25050 -107.324 -3.75376
25080 -107.324 -3.75376
25110 -107.324 -3.75376
25140 -107.324 -3.75376
25170 -107.324 -3.75376
25200 -107.324 -3.75376
25230 -107.324 -3.75376
25260 -107.324 -3.75376
25290 -107.324 -3.75376
25320 -107.324 -3.75376
25350 -107.324 -3.75376
25380 -107.324 -3.75376
25410 -107.324 -3.75376
25440 -107.324 -3.75376
25470 -107.324 -3.75376
25500 -107.324 -3.75376
25530 -107.324 -3.75376
25560 -107.324 -3.75376
25590 -107.324 -3.75376
25620 -107.324 -3.75376
25650 -107.324 -3.75376
25680 -107.324 -3.75376
25710 -107.324 -3.75376
25740 -107.324 -3.75376
25770 -107.324 -3.75376
25800 -107.324 -3.75376
25830 -107.324 -3.75376
25860 -107.324 -3.75376
25890 -107.324 -3.75376
25920 -107.324 -3.75376
25950 -107.324 -3.75376
25980 -107.324 -3.75376
26010 -107.324 -3.75376
26040 -107.324 -3.75376
26070 -107.324 -3.75376
26100 -107.324 -3.75376
26130 -107.324 -3.75376
26160 -107.324 -3.75376
26190 -107.324 -3.75376
26220 -107.324 -3.75376
26250 -107.324 -3.75376
26280 -107.324 -3.75376
26310 -107.324 -3.75376
26340 -107.324 -3.75376
26370 -107.324 -3.75376
26400 -107.324 -3.75376
26430 -107.324 -3.75376
26460 -107.324 -3.75376
26490 -107.324 -3.75376
26520 -107.324 -3.75376
26550 -107.324 -3.75376
26580 -107.324 -3.75376
26610 -107.324 -3.75376
26640 -107.324 -3.75376
26670 -107.324 -3.75376
26700 -107.324 -3.75376
26730 -107.324 -3.75376
26760 -107.324 -3.75376
26790 -107.324 -3.75376
26820 -107.324 -3.75376
26850 -107.324 -3.75376
26880 -107.324 -3.75376
26910 -107.324 -3.75376
26940 -107.324 -3.75376
26970 -107.324 -3.75376
27000 -107.324 -3.75376
27030 -107.324 -3.75376
27060 -107.324 -3.75376
27090 -107.324 -3.75376
27120 -107.324 -3.75376
27150 -107.324 -3.75376
27180 -107.324 -3.75376
27210 -107.324 -3.75376
27240 -107.324 -3.75376
27270 -107.324 -3.75376
27300 -107.324 -3.75376
27330 -107.324 -3.75376
27360 -107.324 -3.75376
27390 -107.324 -3.75376
27420 -107.324 -3.75376
27450 -107.324 -3.75376
27480 -107.324 -3.75376
27510 -107.324 -3.75376
27540 -107.324 -3.75376
27570 -107.324 -3.75376
27600 -107.324 -3.75376
27630 -107.324 -3.75376
27660 -107.324 -3.75376
27690 -107.324 -3.75376
27720 -107.324 -3.75376
27750 -107.324 -3.75376
27780 -107.324 -3.75376
27810 -107.324 -3.75376
27840 -107.324 -3.75376
27870 -107.324 -3.75376
27900 -107.324 -3.75376
27930 -107.324 -3.75376
27960 -107.324 -3.75376
27990 -107.324 -3.75376
28020 -107.324 -3.75376
28050 -107.324 -3.75376
28080 -107.324 -3.75376
28110 -107.324 -3.75376
28140 -107.324 -3.75376
28170 -107.324 -3.75376
28200 -107.324 -3.75376
28230 -107.324 -3.75376
28260 -107.324 -3.75376
28290 -107.324 -3.75376
28320 -107.324 -3.75376
28350 -107.324 -3.75376
28380 -107.324 -3.75376
28410 -107.324 -3.75376
28440 -107.324 -3.75376
28470 -107.324 -3.75376
28500 -107.324 -3.75376
28530 -107.324 -3.75376
28560 -107.324 -3.75376
28590 -107.324 -3.75376
28620 -107.324 -3.75376
28650 -107.324 -3.75376
28680 -107.324 -3.75376
28710 -107.324 -3.75376
28740 -107.324 -3.75376
28770 -107.324 -3.75376
28800 -107.324 -3.75376
28830 -107.324 -3.75376
28860 -107.324 -3.75376
28890 -107.324 -3.75376
28920 -107.324 -3.75376
28950 -107.324 -3.75376
28980 -107.324 -3.75376
29010 -107.324 -3.75376
29040 -107.324 -3.75376
29070 -107.324 -3.75376
29100 -107.324 -3.75376
29130 -107.324 -3.75376
29160 -107.324 -3.75376
29190 -107.324 -3.75376
29220 -107.324 -3.75376
29250 -107.324 -3.75376
29280 -107.324 -3.75376
29310 -107.324 -3.75376
29340 -107.324 -3.75376
29370 -107.324 -3.75376
29400 -107.324 -3.75376
29430 -107.324 -3.75376
29460 -107.324 -3.75376
29490 -107.324 -3.75376
29520 -107.324 -3.75376
29550 -107.324 -3.75376
29580 -107.324 -3.75376
29610 -107.324 -3.75376
29640 -107.324 -3.75376
29670 -107.324 -3.75376
29700 -107.324 -3.75376
29730 -107.324 -3.75376
29760 -107.324 -3.75376
29790 -107.324 -3.75376
29820 -107.324 -3.75376
29850 -107.324 -3.75376
29880 -107.324 -3.75376
29910 -107.324 -3.75376
29940 -107.324 -3.75376
29970 -107.324 -3.75376
30000 -107.324 -3.75376
30030 -107.324 -3.75376
30060 -107.324 -3.75376
30090 -107.324 -3.75376
30120 -107.324 -3.75376
30150 -107.324 -3.75376
30180 -107.324 -3.75376
30210 -107.324 -3.75376
30240 -107.324 -3.75376
30270 -107.324 -3.75376
30300 -107.324 -3.75376
30330 -107.324 -3.75376
30360 -107.324 -3.75376
30390 -107.324 -3.75376
30420 -107.324 -3.75376
30450 -107.324 -3.75376
30480 -107.324 -3.75376
30510 -107.324 -3.75376
30540 -107.324 -3.75376
30570 -107.324 -3.75376
30600 -107.324 -3.75376
30630 -107.324 -3.75376
30660 -107.324 -3.75376
30690 -107.324 -3.75376
30720 -107.324 -3.75376
30750 -107.324 -3.75376
30780 -107.324 -3.75376
30810 -107.324 -3.75376
30840 -107.324 -3.75376
30870 -107.324 -3.75376
30900 -107.324 -3.75376
30930 -107.324 -3.75376
30960 -107.324 -3.75376
30990 -107.324 -3.75376
31020 -107.324 -3.75376
31050 -107.324 -3.75376
31080 -107.324 -3.75376
31110 -107.324 -3.75376
31140 -107.324 -3.75376
31170 -107.324 -3.75376
31200 -107.324 -3.75376
31230 -107.324 -3.75376
31260 -107.324 -3.75376
31290 -107.324 -3.75376
31320 -107.324 -3.75376
31350 -107.324 -3.75376
31380 -107.324 -3.75376
31410 -107.324 -3.75376
31440 -107.324 -3.75376
31470 -107.324 -3.75376
31500 -107.324 -3.75376
31530 -107.324 -3.75376
31560 -107.324 -3.75376
31590 -107.324 -3.75376
31620 -107.324 -3.75376
31650 -107.324 -3.75376
31680 -107.324 -3.75376
31710 -107.324 -3.75376
31740 -107.324 -3.75376
31770 -107.324 -3.75376
31800 -107.324 -3.75376
31830 -107.324 -3.75376
31860 -107.324 -3.75376
31890 -107.324 -3.75376
31920 -107.324 -3.75376
31950 -107.324 -3.75376
31980 -107.324 -3.75376
32010 -107.324 -3.75376
32040 -107.324 -3.75376
32070 -107.324 -3.75376
32100 -107.324 -3.75376
32130 -107.324 -3.75376
32160 -107.324 -3.75376
32190 -107.324 -3.75376
32220 -107.324 -3.75376
32250 -107.324 -3.75376
32280 -107.324 -3.75376
32310 -107.324 -3.75376
32340 -107.324 -3.75376
32370 -107.324 -3.75376
32400 -107.324 -3.75376
32430 -107.324 -3.75376
32460 -107.324 -3.75376
32490 -107.324 -3.75376
32520 -107.324 -3.75376
32550 -107.324 -3.75376
32580 -107.324 -3.75376
32610 -107.324 -3.75376
32640 -107.324 -3.75376
32670 -107.324 -3.75376
32700 -107.324 -3.75376
32730 -107.324 -3.75376
32760 -107.324 -3.75376
32790 -107.564 -3.47596
32820 -133.787 26.9932
32850 -160.011 57.4623
32880 -186.234 87.9314
32910 -212.458 118.401
32940 -238.681 148.87
32970 -264.905 179.339
33000 -291.128 209.808
33030 -317.352 240.277
33060 -343.575 270.746
33090 -369.799 301.215
33120 -396.022 331.684
33150 -422.246 362.154
33180 -448.469 392.623
33210 -474.693 423.092
33240 -500.916 453.561
33270 -527.14 484.03
33300 -553.363 514.499
33330 -579.587 544.968
33360 -605.81 575.437
33390 -632.034 605.907
33420 -658.257 636.376
33450 -684.481 666.845
33480 -710.704 697.314
33510 -736.928 727.783
33540 -763.151 758.252
33570 -789.375 788.721
33600 -815.598 819.19
33630 -841.822 849.66
33660 -868.045 880.129
33690 -894.269 910.598
33720 -920.492 941.067
33750 -946.716 971.536
33780 -972.939 1002.01
33810 -999.163 1032.47
33840 -1025.39 1062.94
33870 -1051.61 1093.41
33900 -1077.83 1123.88
33930 -1104.06 1154.35
33960 -1130.28 1184.82
33990 -1156.5 1215.29
34020 -1182.73 1245.76
34050 -1208.95 1276.23
34080 -1235.17 1306.7
34110 -1261.4 1337.17
34140 -1287.62 1367.63
34170 -1313.84 1398.1
34200 -1340.07 1428.57
34230 -1366.29 1459.04
34260 -1392.52 1489.51
34290 -1418.74 1519.98
34320 -1444.96 1550.45
34350 -1471.19 1580.92
34380 -1497.41 1611.39
34410 -1523.63 1641.86
34440 -1549.86 1672.33
34470 -1576.08 1702.8
34500 -1556.55 1729.9
34530 -1555.55 1713.59
34560 -1535.82 1742.12
34590 -1521.39 1748.27
34620 -1514.41 1743.32
34650 -1523.57 1750.9
34680 -1519.52 1765.3
34710 -1472.81 1680.81
34740 -1503.12 1714.64
34770 -1514.8 1758.65
34800 -1509.85 1712.53
34830 -1520.51 1763.96
34860 -1511.58 1740.23
34890 -1509.94 1738.69
34920 -1522.5 1769.42
34950 -1507.72 1754.78
34980 -1500.88 1720.45
35010 -1499.31 1716.54
35040 -1497.75 1712.64
35070 -1496.18 1708.73
35100 -1494.62 1704.82
35130 -1517.35 1762.15
35160 -1531.46 1818.51
35190 -1531.17 1811.94
35220 -1529.45 1807.82
35250 -1525.31 1789.39
35280 -1523.23 1775.74
35310 -1521.15 1762.08
35340 -1519.07 1748.43
35370 -1516.99 1734.78
35400 -1514.91 1721.12
35430 -1511.24 1736.01
35460 -1511.34 1738.63
35490 -1511.45 1741.25
35520 -1511.55 1743.88
35550 -1511.65 1746.5
35580 -1511.76 1749.13
35610 -1511.86 1751.75
35640 -1497.27 1684.3
35670 -1513.3 1785.46
35700 -1515.08 1744.82
35730 -1517.22 1768.85
35760 -1519.36 1792.88
35790 -1521.49 1816.92
35820 -1523.63 1840.95
35850 -1513.74 1772.42
35880 -1513.74 1772.42
35910 -1513.74 1772.42
35940 -1513.74 1772.42
35970 -1513.74 1772.42
36000 -1513.74 1772.42
36030 -1513.74 1772.42
36060 -1513.74 1772.42
36090 -1513.74 1772.42
36120 -1513.74 1772.42
36150 -1513.74 1772.42
36180 -1513.74 1772.42
36210 -1513.74 1772.42
36240 -1513.74 1772.42
36270 -1513.74 1772.42
36300 -1513.74 1772.42
36330 -1513.74 1772.42
36360 -1513.74 1772.42
36390 -1513.74 1772.42
36420 -1513.74 1772.42
36450 -1513.74 1772.42
36480 -1513.74 1772.42
36510 -1513.74 1772.42
36540 -1513.74 1772.42
36570 -1513.74 1772.42
36600 -1513.74 1772.42
36630 -1513.74 1772.42
36660 -1513.74 1772.42
36690 -1513.74 1772.42
36720 -1513.74 1772.42
36750 -1513.74 1772.42
36780 -1513.74 1772.42
36810 -1513.74 1772.42
36840 -1513.74 1772.42
36870 -1513.74 1772.42
36900 -1513.74 1772.42
36930 -1513.74 1772.42
36960 -1513.74 1772.42
36990 -1513.74 1772.42
37020 -1513.74 1772.42
37050 -1513.74 1772.42
37080 -1513.74 1772.42
37110 -1513.74 1772.42
37140 -1513.74 1772.42
37170 -1513.74 1772.42
37200 -1513.74 1772.42
37230 -1513.74 1772.42
37260 -1513.74 1772.42
37290 -1513.74 1772.42
37320 -1513.74 1772.42
37350 -1513.74 1772.42
37380 -1513.74 1772.42
37410 -1513.74 1772.42
37440 -1513.74 1772.42
37470 -1513.74 1772.42
37500 -1513.74 1772.42
37530 -1513.74 1772.42
37560 -1513.74 1772.42
37590 -1513.74 1772.42
37620 -1513.74 1772.42
37650 -1513.74 1772.42
37680 -1513.74 1772.42
37710 -1513.74 1772.42
37740 -1513.74 1772.42
37770 -1513.74 1772.42
37800 -1513.74 1772.42
37830 -1513.74 1772.42
37860 -1513.74 1772.42
37890 -1513.74 1772.42
37920 -1513.74 1772.42
37950 -1513.74 1772.42
37980 -1513.74 1772.42
38010 -1513.74 1772.42
38040 -1513.74 1772.42
38070 -1513.74 1772.42
38100 -1513.74 1772.42
38130 -1513.74 1772.42
38160 -1513.74 1772.42
38190 -1513.74 1772.42
38220 -1513.74 1772.42
38250 -1513.74 1772.42
38280 -1513.74 1772.42
38310 -1513.74 1772.42
38340 -1513.74 1772.42
38370 -1513.74 1772.42
38400 -1513.74 1772.42
38430 -1513.74 1772.42
38460 -1513.74 1772.42
38490 -1513.74 1772.42
38520 -1513.74 1772.42
38550 -1513.74 1772.42
38580 -1513.74 1772.42
38610 -1513.74 1772.42
38640 -1513.74 1772.42
38670 -1513.74 1772.42
38700 -1513.74 1772.42
38730 -1513.74 1772.42
38760 -1513.74 1772.42
38790 -1513.74 1772.42
38820 -1513.74 1772.42
38850 -1513.74 1772.42
38880 -1513.74 1772.42
38910 -1513.74 1772.42
38940 -1513.74 1772.42
38970 -1513.74 1772.42
39000 -1513.74 1772.42
39030 -1513.74 1772.42
39060 -1513.74 1772.42
39090 -1513.74 1772.42
39120 -1513.74 1772.42
39150 -1513.74 1772.42
39180 -1513.74 1772.42
39210 -1513.74 1772.42
39240 -1513.74 1772.42
39270 -1513.74 1772.42
39300 -1513.74 1772.42
39330 -1513.74 1772.42
39360 -1513.74 1772.42
39390 -1513.74 1772.42
39420 -1513.74 1772.42
39450 -1513.74 1772.42
39480 -1513.74 1772.42
39510 -1513.74 1772.42
39540 -1513.74 1772.42
39570 -1513.74 1772.42
39600 -1513.74 1772.42
39630 -1513.74 1772.42
39660 -1513.74 1772.42
39690 -1513.74 1772.42
39720 -1513.74 1772.42
39750 -1513.74 1772.42
39780 -1513.74 1772.42
39810 -1513.74 1772.42
39840 -1513.74 1772.42
39870 -1513.74 1772.42
39900 -1513.74 1772.42
39930 -1513.74 1772.42
39960 -1513.74 1772.42
39990 -1513.74 1772.42
40020 -1513.74 1772.42
40050 -1513.74 1772.42
40080 -1513.74 1772.42
40110 -1513.74 1772.42
40140 -1513.74 1772.42
40170 -1513.74 1772.42
40200 -1513.74 1772.42
40230 -1513.74 1772.42
40260 -1513.74 1772.42
40290 -1513.74 1772.42
40320 -1513.74 1772.42
40350 -1513.74 1772.42
40380 -1513.74 1772.42
40410 -1513.74 1772.42
40440 -1513.74 1772.42
40470 -1513.74 1772.42
40500 -1513.74 1772.42
40530 -1513.74 1772.42
40560 -1513.74 1772.42
40590 -1513.74 1772.42
40620 -1513.74 1772.42
40650 -1513.74 1772.42
40680 -1513.74 1772.42
40710 -1513.74 1772.42
40740 -1513.74 1772.42
40770 -1513.74 1772.42
40800 -1513.74 1772.42
40830 -1513.74 1772.42
40860 -1513.74 1772.42
40890 -1513.74 1772.42
40920 -1513.74 1772.42
40950 -1513.74 1772.42
40980 -1513.74 1772.42
41010 -1513.74 1772.42
41040 -1513.74 1772.42
41070 -1513.74 1772.42
41100 -1513.74 1772.42
41130 -1513.74 1772.42
41160 -1513.74 1772.42
41190 -1513.74 1772.42
41220 -1513.74 1772.42
41250 -1513.74 1772.42
41280 -1514.7 1769.54
41310 -1527.48 1731.42
41340 -1667.89 1659.93
41370 -1827.95 1583.3
41400 -1695.58 1660.48
41430 -1579.46 1702.66
41460 -1578.37 1681.23
41490 -1572.71 1652.09
41520 -1567.63 1634.2
41550 -1584.12 1600.27
41580 -1571.36 1627.99
41610 -1487.67 1634.4
41640 -1225.5 1619.85
41670 -1215.15 1429.79
41700 -1213.68 1430.85
41730 -1213.29 1428.47
41760 -917.762 1326.07
41790 -531 1116.21
41820 -237.862 958.631
41850 -198.49 914.458
41880 -422.568 560.18
41910 -131.71 528.232
41940 232.537 390.956
41970 100.601 165.936
42000 24.3187 10.6718
42030 28.542 9.01416
42060 19.6912 -18.2362
42090 -6.36765 -34.2086
42120 -20.8916 -36.3681
34770 -1514.8 1758.65
