0 -1582.38 -315.551
30 -1588.16 -320.107
60 -1585.66 -319.002
90 -1575.14 -326.632
120 -1589.12 -317.034
150 -1591.77 -297.518
180 -1590.75 -310.089
210 -1597.07 -321.653
240 -1602.33 -324.316
270 -1600.64 -303.075
300 -1594.05 -301.748
330 -1587.67 -298.023
360 -1595.41 -312.124
390 -1603.35 -294.442
420 -1588.26 -286.698
450 -1607.6 -297.872
480 -1603 -292.175
510 -1595.49 -294.277
540 -1590.16 -297.18
570 -1589.43 -296.987
600 -1575.39 -305.716
630 -1591.07 -296.293
660 -1589.5 -295.758
690 -1586.73 -299.595
720 -1593.87 -276.88
750 -1577.34 -299.983
780 -1607.66 -269.967
810 -1588.5 -290.849
840 -1585.9 -282.156
870 -1603.42 -289.281
900 -1592.63 -302.227
930 -1592.08 -295.884
960 -1595.34 -292.237
990 -1596.05 -298.105
1020 -1595.69 -297.073
1050 -1587.02 -298.765
1080 -1613.99 -276.479
1110 -1594.92 -292.762
1140 -1586.74 -299.596
1170 -1578.56 -306.43
1200 -1570.38 -313.263
1230 -1580.52 -313.041
1260 -1598.46 -311.744
1290 -1595.43 -319.819
1320 -1596.1 -298.297
1350 -1587.79 -310.683
1380 -1593.77 -302.26
1410 -1589.87 -302.926
1440 -1590.44 -306.943
1470 -1597.81 -307.155
1500 -1599.46 -307.632
1530 -1596.11 -307.163
1560 -1580.58 -308.62
1590 -1579.95 -305.324
1620 -1583.92 -302.371
1650 -1577.9 -289.23
1680 -1577.03 -322.831
1710 -1594.21 -304.253
1740 -1594.87 -295.816
1770 -1598.72 -299.41
1800 -1588.95 -299.598
1830 -1572.56 -311.069
1860 -1497.65 -303.506
1890 -1634.52 -257.029
1920 -1537.1 -358.715
1950 -1571.66 -320.36
1980 -1573.79 -295.251
2010 -1584.46 -300.802
2040 -1578.32 -292.779
2070 -1581.42 -330.031
2100 -1592.7 -229.997
2130 -1595.04 -310.694
2160 -1593.26 -308.835
2190 -1588.42 -277.704
2220 -1594.75 -298.965
2250 -1583.63 -309.063
2280 -1567.71 -305.741
2310 -1571.88 -297.361
2340 -1570.03 -284.597
2370 -1570.96 -301.637
2400 -1571.44 -307.013
2430 -1578.5 -304.323
2460 -1575.59 -307.038
2490 -1570.68 -311.088
2520 -1565.87 -313.911
2550 -1561.48 -311.833
2580 -1565.54 -311.062
2610 -1573.23 -310.85
2640 -1580.92 -310.639
2670 -1588.61 -310.427
2700 -1596.3 -310.215
2730 -1581.48 -307.186
2760 -1580.23 -307.375
2790 -1578.97 -307.564
2820 -1577.72 -307.753
2850 -1581.53 -308.195
2880 -1585.5 -308.647
2910 -1589.48 -309.098
2940 -1591.31 -310.015
2970 -1587.21 -312.215
3000 -1583.8 -311.449
3030 -1580.47 -310.354
3060 -1586.82 -312.23
3090 -1594.65 -314.563
3120 -1596.93 -314.681
3150 -1591.94 -311.902
3180 -1586.96 -309.123
3210 -1581.98 -306.344
3240 -1576.99 -303.565
3270 -1574.49 -304.373
3300 -1573.23 -306.975
3330 -1571.97 -309.576
3360 -1575.64 -319.628
3390 -1589.97 -317.022
3420 -1583.17 -315.474
3450 -1577.71 -312.202
3480 -1577.24 -308.72
3510 -1576.49 -303.975
3540 -1574.89 -303.097
3570 -1573.29 -302.22
3600 -1571.69 -301.342
3630 -1570.1 -300.464
3660 -1572.76 -300.932
3690 -1581 -303.158
3720 -1589.34 -305.533
3750 -1600.61 -312.212
3780 -1586.13 -326.191
3810 -1590.95 -323.816
3840 -1591.41 -322.453
3870 -1591.79 -321.824
3900 -1596.44 -321.142
3930 -1592.87 -315.209
3960 -1587.38 -308.118
3990 -1585.88 -305.52
4020 -1584.37 -302.923
4050 -1582.87 -300.326
4080 -1581.36 -297.728
4110 -1579.86 -295.131
4140 -1578.86 -292.692
4170 -1583.8 -295.728
4200 -1578.82 -300.716
4230 -1586.38 -307.838
4260 -1594.69 -313.298
4290 -1598.51 -318.926
4320 -1609.08 -327.651
4350 -1605.05 -302.75
4380 -1614.76 -305.826
4410 -1589.68 -295.869
4440 -1588.41 -298.052
4470 -1587.14 -300.235
4500 -1585.87 -302.418
4530 -1584.6 -304.601
4560 -1583.33 -306.784
4590 -1582.07 -308.967
4620 -1582.13 -314.375
4650 -1583.36 -322.606
4680 -1584.59 -330.837
4710 -1585.88 -334.23
4740 -1587.34 -321.729
4770 -1588.81 -309.229
4800 -1581.92 -308.922
4830 -1572.82 -312.412
4860 -1573.36 -318.423
4890 -1580.53 -314.971
4920 -1578.66 -309.485
4950 -1579.94 -308.621
4980 -1582.17 -309.165
5010 -1584.41 -309.708
5040 -1568.92 -317.332
5070 -1575.98 -311.715
5100 -1578.53 -311.32
5130 -1583.06 -307.834
5160 -1587.58 -304.347
5190 -1587.85 -301.401
5220 -1586.29 -299.099
5250 -1576.33 -309.785
5280 -1576.83 -311.177
5310 -1581.8 -308.585
5340 -1584.8 -300.308
5370 -1580.84 -289.281
5400 -1586.91 -298.758
5430 -1586.95 -310.208
5460 -1586.88 -320.661
5490 -1585.29 -317.159
5520 -1583.7 -313.656
5550 -1582.12 -310.154
5580 -1580.53 -306.651
5610 -1578.95 -303.149
5640 -1577.77 -301.945
5670 -1576.88 -302.273
5700 -1575.98 -302.601
5730 -1575.09 -302.929
5760 -1587.17 -326.178
5790 -1584.54 -314.828
5820 -1581.59 -309.608
5850 -1578.81 -303.478
5880 -1576.72 -299.188
5910 -1576.25 -299.188
5940 -1575.77 -299.188
5970 -1575.83 -299.458
6000 -1583.31 -303.513
6030 -1579.77 -314.862
6060 -1580.81 -304.987
6090 -1576.2 -294.166
6120 -1581.35 -295.679
6150 -1586.49 -297.192
6180 -1591.63 -298.704
6210 -1602.21 -291.183
6240 -1574.71 -350.475
6270 -1570.78 -347.755
6300 -1589.66 -317.706
6330 -1592.37 -317.808
6360 -1584.23 -315.19
6390 -1583.82 -306.938
6420 -1573.43 -325.339
6450 -1578.58 -306.312
6480 -1585.04 -301.123
6510 -1584.72 -305.459
6540 -1586.45 -310.02
6570 -1572.94 -311.655
6600 -1615.45 -324.29
6630 -1586.15 -322.613
6660 -1568.39 -330.536
6690 -1581.11 -308.761
6720 -1595.38 -315.106
6750 -1595.38 -315.106
6780 -1595.38 -315.106
6810 -1595.38 -315.106
6840 -1595.38 -315.106
6870 -1595.38 -315.106
6900 -1595.38 -315.106
6930 -1595.38 -315.106
6960 -1595.38 -315.106
6990 -1595.38 -315.106
7020 -1595.38 -315.106
7050 -1595.38 -315.106
7080 -1605.63 -310.422
7110 -1602.13 -309.701
7140 -1598.62 -308.98
7170 -1595.11 -308.26
7200 -1591.6 -307.539
7230 -1590.44 -306.466
7260 -1591.32 -305.085
7290 -1592.21 -303.705
7320 -1593.01 -302.329
7350 -1592.59 -301.031
7380 -1592.18 -299.732
7410 -1594.2 -304.865
7440 -1597.12 -310.641
7470 -1599.67 -313.476
7500 -1602.23 -316.312
7530 -1604.78 -319.147
7560 -1608.98 -313.182
7590 -1607.62 -313.329
7620 -1603 -317.378
7650 -1598.37 -321.427
7680 -1593.74 -325.475
7710 -1606.6 -329.67
7740 -1607.25 -325.489
7770 -1608.46 -313.055
7800 -1606.81 -306.004
7830 -1601.88 -305.105
7860 -1596.94 -304.206
7890 -1596.08 -304.549
7920 -1595.84 -305.083
7950 -1595.61 -305.617
7980 -1595.37 -306.152
8010 -1595.13 -306.686
8040 -1594.9 -307.22
8070 -1594.66 -307.755
8100 -1594.42 -308.289
8130 -1594.19 -308.823
8160 -1600.15 -306.896
8190 -1608.76 -303.915
8220 -1606.61 -308.681
8250 -1604.2 -313.637
8280 -1601.31 -320.494
8310 -1594.41 -320.939
8340 -1593.61 -314.158
8370 -1591.82 -312.054
8400 -1590.03 -309.95
8430 -1588.24 -307.846
8460 -1590.93 -306.043
8490 -1586.96 -303.762
8520 -1582.99 -301.48
8550 -1579.02 -299.199
8580 -1592.31 -298.636
8610 -1607.37 -299.79
8640 -1607.3 -308.427
8670 -1607.21 -304.42
8700 -1596.74 -309.722
8730 -1620.84 -287.845
8760 -1607.22 -296.6
8790 -1593.6 -305.355
8820 -1592.1 -311.369
8850 -1596.36 -315.095
8880 -1607.54 -305.692
8910 -1591.41 -319.313
8940 -1592.76 -317.297
8970 -1594.12 -315.281
9000 -1595.47 -313.265
9030 -1596.83 -311.249
9060 -1598.18 -309.233
9090 -1597.06 -307.932
9120 -1594.29 -307.107
9150 -1591.51 -306.282
9180 -1590.81 -311.601
9210 -1590.73 -318.79
9240 -1590.6 -321.035
9270 -1590.38 -314.739
9300 -1588.43 -314.438
9330 -1587.82 -315.225
9360 -1588.41 -313.286
9390 -1589.01 -311.348
9420 -1589.6 -309.409
9450 -1590.2 -307.471
9480 -1590.79 -305.532
9510 -1591.39 -303.594
9540 -1590.84 -307.271
9570 -1590.26 -311.142
9600 -1589.77 -314.844
9630 -1592.26 -313.671
9660 -1590.69 -317.666
9690 -1588.18 -317.503
9720 -1593.65 -314.021
9750 -1599.13 -310.54
9780 -1602.56 -312.136
9810 -1601.02 -318.678
9840 -1600.64 -317.395
9870 -1600.26 -316.113
9900 -1599.87 -314.83
9930 -1599.49 -313.548
9960 -1599.11 -312.265
9990 -1598.73 -310.983
10020 -1598.34 -309.7
10050 -1597.96 -308.417
10080 -1601.88 -307.203
10110 -1602.57 -311.076
10140 -1587.63 -309.905
10170 -1579.82 -304.25
10200 -1579.94 -303.687
10230 -1580.06 -303.124
10260 -1580.78 -302.928
10290 -1582.03 -303.052
10320 -1583.28 -303.177
10350 -1584.53 -303.301
10380 -1585.78 -303.426
10410 -1587.03 -303.55
10440 -1588.28 -303.675
10470 -1589.53 -303.799
10500 -1590.78 -303.924
10530 -1592.03 -304.048
10560 -1592.12 -307.008
10590 -1591.62 -310.861
10620 -1590.08 -311.829
10650 -1588.54 -312.796
10680 -1587 -313.763
10710 -1585.46 -314.73
10740 -1583.92 -315.697
10770 -1582.38 -316.665
10800 -1578.15 -308.191
10830 -1576.28 -306.704
10860 -1574.41 -305.217
10890 -1572.55 -303.729
10920 -1571.35 -301.818
10950 -1572.02 -298.74
10980 -1572.68 -295.663
11010 -1573.35 -292.585
11040 -1574.01 -289.508
11070 -1574.67 -286.43
11100 -1575.34 -283.352
11130 -1573.97 -279.649
11160 -1588.31 -291.312
11190 -1602.64 -302.974
11220 -1605.65 -303.93
11250 -1607.84 -304.121
11280 -1610.03 -304.312
11310 -1610.14 -304.261
11340 -1607.52 -303.893
11370 -1604.89 -303.526
11400 -1602.27 -303.159
11430 -1599.65 -302.792
11460 -1597.03 -302.425
11490 -1594.4 -302.058
11520 -1591.78 -301.691
11550 -1589.16 -301.324
11580 -1586.57 -300.991
11610 -1585.11 -301.654
11640 -1583.65 -302.317
11670 -1582.18 -302.981
11700 -1580.72 -303.644
11730 -1579.26 -304.307
11760 -1577.79 -304.97
11790 -1576.33 -305.634
11820 -1574.87 -306.297
11850 -1573.4 -306.96
11880 -1568.33 -324.305
11910 -1574.16 -330.579
11940 -1575.1 -296.827
11970 -1576.71 -296.651
12000 -1578.33 -296.475
12030 -1579.94 -296.299
12060 -1581.02 -296.182
12090 -1581.02 -296.182
12120 -1581.02 -296.182
12150 -1581.02 -296.182
12180 -1581.02 -296.182
12210 -1581.02 -296.182
12240 -1581.02 -296.182
12270 -1581.02 -296.182
12300 -1581.02 -296.182
12330 -1581.02 -296.182
12360 -1581.02 -296.182
12390 -1580.92 -301.847
12420 -1591.57 -309.398
12450 -1596.74 -311.917
12480 -1596.74 -313.362
12510 -1596.74 -314.807
12540 -1596.74 -316.252
12570 -1596.74 -317.696
12600 -1586.17 -317.437
12630 -1563.83 -320.539
12660 -1574.4 -318.1
12690 -1584.96 -315.661
12720 -1595.14 -314.534
12750 -1600.87 -320.298
12780 -1598.93 -319.54
12810 -1596.99 -318.782
12840 -1595.06 -318.025
12870 -1593.12 -317.267
12900 -1591.19 -316.509
12930 -1589.25 -315.752
12960 -1587.32 -314.994
12990 -1586.89 -312.036
13020 -1590.61 -303.027
13050 -1593.2 -300.227
13080 -1597.38 -306.478
13110 -1595.7 -306.037
13140 -1590.5 -310.987
13170 -1586.77 -299.835
13200 -1584.34 -292.873
13230 -1586.18 -299.68
13260 -1588.02 -306.488
13290 -1588.66 -312.637
13320 -1588.6 -318.405
13350 -1588.54 -324.173
13380 -1588.47 -329.942
13410 -1596.39 -337.221
13440 -1598.47 -332.85
13470 -1597.06 -330.046
13500 -1595.66 -327.241
13530 -1594.25 -324.436
13560 -1592.84 -321.632
13590 -1591.43 -318.827
13620 -1590.03 -316.023
13650 -1588.62 -313.218
13680 -1586.06 -303.113
13710 -1587.53 -310.674
13740 -1587.69 -310.987
13770 -1587.85 -311.299
13800 -1588 -311.611
13830 -1588.16 -311.924
13860 -1593.06 -311.449
13890 -1580.6 -295.551
13920 -1583.54 -299.459
13950 -1588.22 -305.681
13980 -1590 -307.893
14010 -1588 -304.861
14040 -1586 -301.829
14070 -1584 -298.798
14100 -1582.01 -295.766
14130 -1583.2 -296.009
14160 -1585.55 -297.443
14190 -1587.91 -298.876
14220 -1590.26 -300.31
14250 -1592.61 -301.744
14280 -1594.97 -303.177
14310 -1596.54 -304.976
14340 -1593.05 -309.151
14370 -1589.55 -313.325
14400 -1590.48 -318.459
14430 -1594.34 -324.231
14460 -1598.2 -330.004
14490 -1602.07 -335.777
14520 -1605.55 -347.232
14550 -1602.45 -349.36
14580 -1596.06 -338.412
14610 -1589.68 -327.464
14640 -1583.29 -316.516
14670 -1583.8 -315.247
14700 -1586.03 -316.398
14730 -1588.26 -317.549
14760 -1590.49 -318.699
14790 -1592.73 -319.85
14820 -1594.96 -321
14850 -1597.19 -322.151
14880 -1599.42 -323.301
14910 -1598.16 -319.804
14940 -1596.37 -315.591
14970 -1584.68 -303.178
15000 -1576.68 -293.061
15030 -1585.27 -293.003
15060 -1593.14 -294.679
15090 -1588.34 -297.421
15120 -1583.54 -300.163
15150 -1578.73 -302.906
15180 -1582.41 -308.659
15210 -1588.66 -309.075
15240 -1586.58 -320.779
15270 -1590.4 -320.927
15300 -1594.4 -320.5
15330 -1597.69 -320.398
15360 -1594.57 -323.228
15390 -1593.39 -325.638
15420 -1603.76 -325.07
15450 -1604.49 -322.295
15480 -1605.21 -319.52
15510 -1599.05 -314.678
15540 -1592.81 -309.743
15570 -1590.23 -305.796
15600 -1590.88 -305.78
15630 -1591.76 -306.045
15660 -1592.64 -306.31
15690 -1593.52 -306.575
15720 -1593.68 -307.543
15750 -1593.56 -308.766
15780 -1593.45 -309.989
15810 -1593.34 -311.213
15840 -1593.23 -312.436
15870 -1593.12 -313.659
15900 -1591.01 -314.108
15930 -1588.89 -314.557
15960 -1586.77 -315.006
15990 -1585.21 -315.084
16020 -1594.45 -319.655
16050 -1601.9 -330.69
16080 -1602.31 -339.507
16110 -1588.87 -327.014
16140 -1572.08 -309.095
16170 -1578.26 -309.481
16200 -1584.44 -309.868
16230 -1590.62 -310.254
16260 -1596.8 -310.641
16290 -1596.49 -311.914
16320 -1595.95 -313.218
16350 -1595.41 -314.521
16380 -1594.87 -315.825
16410 -1594.7 -317.344
16440 -1598.31 -319.734
16470 -1601.28 -315.203
16500 -1595.92 -314.609
16530 -1590.56 -314.015
16560 -1585.2 -313.421
16590 -1579.84 -312.828
16620 -1578.65 -310.531
16650 -1577.92 -308.044
16680 -1577.18 -305.558
16710 -1576.45 -303.072
16740 -1578.69 -302.898
16770 -1586.87 -307.351
16800 -1590.33 -308.845
16830 -1589.66 -307.75
16860 -1589 -306.655
16890 -1588.33 -305.56
16920 -1589.12 -305.468
16950 -1591.58 -306.523
16980 -1594.04 -307.578
17010 -1599.96 -311.275
17040 -1603.37 -315.34
17070 -1584 -323.392
17100 -1585.53 -319.834
17130 -1587.11 -314.62
17160 -1588.29 -313.031
17190 -1589.47 -311.442
17220 -1589.62 -310.391
17250 -1588.4 -310.043
17280 -1587.19 -309.696
17310 -1586.44 -311.121
17340 -1585.26 -318.129
17370 -1572.59 -315.895
17400 -1591.19 -305.204
17430 -1596.91 -302.967
17460 -1591.18 -308.389
17490 -1592.37 -305.616
17520 -1590.87 -306.034
17550 -1599.93 -303.863
17580 -1592.63 -313.173
17610 -1595.61 -315.598
17640 -1598.6 -318.023
17670 -1601.58 -320.448
17700 -1604.56 -322.873
17730 -1607.55 -325.298
17760 -1599.45 -298.297
17790 -1585.33 -303.19
17820 -1600.5 -312.568
17850 -1584.06 -321.652
17880 -1568.46 -319.336
17910 -1546.41 -323.252
17940 -1581.37 -312.59
17970 -1595.66 -318.891
18000 -1596.75 -330.76
18030 -1586.62 -320.358
18060 -1582.81 -314.062
18090 -1579.55 -323.489
18120 -1594.85 -306.788
18150 -1594.58 -307.743
18180 -1593.57 -309.568
18210 -1599.69 -310.788
18240 -1609.8 -311.076
18270 -1601.22 -316.57
18300 -1587.12 -313.942
18330 -1589.02 -312.302
18360 -1590.53 -312.07
18390 -1590.99 -315.711
18420 -1591.44 -319.352
18450 -1591.89 -322.993
18480 -1592.34 -326.634
18510 -1586.62 -332.839
18540 -1593.76 -343.047
18570 -1598.87 -338.988
18600 -1601.44 -332.507
18630 -1604.01 -326.026
18660 -1606.58 -319.545
18690 -1606.76 -315.416
18720 -1602.8 -315.349
18750 -1598.84 -315.282
18780 -1594.89 -315.215
18810 -1590.93 -315.148
18840 -1590.33 -314.578
18870 -1595.51 -313.139
18900 -1598.83 -314.834
18930 -1599.45 -318.891
18960 -1599.45 -318.891
18990 -1599.45 -318.891
19020 -1599.45 -318.891
19050 -1599.45 -318.891
19080 -1599.45 -318.891
19110 -1599.45 -318.891
19140 -1599.45 -318.891
19170 -1599.45 -318.891
19200 -1599.45 -318.891
19230 -1586.47 -306.658
19260 -1588.97 -308.792
19290 -1591.47 -310.926
19320 -1593.97 -313.059
19350 -1596.47 -315.193
19380 -1598.97 -317.326
19410 -1602.08 -317.491
19440 -1589.98 -307.178
19470 -1584.13 -309.703
19500 -1578.28 -312.228
19530 -1583.01 -312.393
19560 -1599.72 -309.763
19590 -1599.72 -309.763
19620 -1599.72 -309.763
19650 -1599.72 -309.763
19680 -1599.72 -309.763
19710 -1599.72 -309.763
19740 -1599.72 -309.763
19770 -1599.72 -309.763
19800 -1599.72 -309.763
19830 -1599.72 -309.763
19860 -1599.72 -309.763
19890 -1594.45 -300.405
19920 -1595.56 -290.193
19950 -1587.68 -306.187
19980 -1588.87 -308.969
20010 -1588.81 -307.261
20040 -1583.1 -305.546
20070 -1587.58 -299.069
20100 -1590.49 -302.297
20130 -1583.93 -305.58
20160 -1584.25 -309.627
20190 -1584.57 -313.674
20220 -1584.89 -317.721
20250 -1585.21 -321.768
20280 -1585.53 -325.814
20310 -1585.85 -329.861
20340 -1586.55 -330.933
20370 -1587.64 -325.279
20400 -1586.84 -320.483
20430 -1586.05 -315.687
20460 -1585.25 -310.891
20490 -1584.46 -306.095
20520 -1582.54 -308.134
20550 -1591.89 -314.683
20580 -1599.77 -330.256
20610 -1590.24 -320.779
20640 -1583.87 -308.836
20670 -1589.46 -307.028
20700 -1595.05 -305.22
20730 -1600.65 -303.413
20760 -1601.71 -303.032
20790 -1600.14 -303.477
20820 -1598.57 -303.922
20850 -1595.65 -303.306
20880 -1591.94 -302.076
20910 -1588.24 -300.846
20940 -1585.78 -300.821
20970 -1584.76 -302.175
21000 -1583.73 -303.529
21030 -1582.71 -304.883
21060 -1581.68 -306.237
21090 -1586.57 -307.53
21120 -1587.8 -303.986
21150 -1580.8 -297.679
21180 -1583 -298.563
21210 -1585.19 -299.448
21240 -1587.39 -300.332
21270 -1589.59 -301.217
21300 -1591.78 -302.101
21330 -1593.01 -302.742
21360 -1591.56 -302.712
21390 -1590.11 -302.683
21420 -1588.66 -302.653
21450 -1587.21 -302.624
21480 -1585.75 -302.594
21510 -1584.3 -302.565
21540 -1582.85 -302.535
21570 -1596.11 -305.558
21600 -1581.24 -279.991
21630 -1592.1 -283.244
21660 -1590.4 -315.341
21690 -1592.48 -318.722
21720 -1594.55 -322.103
21750 -1594.35 -320.571
21780 -1594.9 -315.06
21810 -1602.91 -307.229
21840 -1610.91 -299.399
21870 -1614.63 -299.585
21900 -1611.11 -303.534
21930 -1608.38 -305.898
21960 -1603.82 -303.83
21990 -1599.27 -301.761
22020 -1594.71 -299.692
22050 -1586.69 -301.697
22080 -1574.15 -309.03
22110 -1582.61 -310.622
22140 -1593.4 -311.576
22170 -1596.45 -308.906
22200 -1597.57 -305.331
22230 -1598.69 -301.756
22260 -1602.3 -308.487
22290 -1599.29 -308.959
22320 -1591.81 -305.021
22350 -1586.94 -302.373
22380 -1586.57 -301.951
22410 -1586.2 -301.529
22440 -1585.83 -301.108
22470 -1585.46 -300.686
22500 -1585.09 -300.264
22530 -1584.72 -299.843
22560 -1585.94 -300.096
22590 -1587.64 -300.554
22620 -1589.34 -301.012
22650 -1584.92 -301.663
22680 -1601.17 -298.869
22710 -1607.58 -301.245
22740 -1611.14 -302.127
22770 -1609.79 -300.427
22800 -1608.43 -298.728
22830 -1607.08 -297.028
22860 -1604.79 -296.428
22890 -1601.96 -296.465
22920 -1599.13 -296.501
22950 -1598.38 -293.588
22980 -1601 -296.568
23010 -1594.27 -302.05
23040 -1589.32 -318.745
23070 -1598.03 -360.483
23100 -1589.41 -316.626
23130 -1592.43 -317.891
23160 -1595.46 -319.156
23190 -1598.49 -320.422
23220 -1601.52 -321.687
23250 -1604.55 -322.952
23280 -1601.95 -298.896
23310 -1597.82 -268.265
23340 -1583.33 -272.822
23370 -1594.33 -288.824
23400 -1596.65 -294.664
23430 -1593.68 -293.132
23460 -1590.72 -291.6
23490 -1578.66 -298.556
23520 -1578.11 -305.415
23550 -1577.57 -312.273
23580 -1577.03 -319.132
23610 -1576.49 -325.991
23640 -1583.4 -311.406
23670 -1591.46 -293.522
23700 -1596.09 -284.271
23730 -1593.86 -292.286
23760 -1591.64 -300.301
23790 -1589.69 -307.175
23820 -1589.15 -308.344
23850 -1588.61 -309.512
23880 -1588.07 -310.681
23910 -1587.52 -311.85
23940 -1586.98 -313.019
23970 -1586.35 -314.034
24000 -1585.54 -314.216
24030 -1585.54 -314.216
24060 -1585.54 -314.216
24090 -1585.54 -314.216
24120 -1585.54 -314.216
24150 -1585.54 -314.216
24180 -1585.54 -314.216
24210 -1585.54 -314.216
24240 -1585.54 -314.216
24270 -1585.54 -314.216
24300 -1585.54 -314.216
24330 -1604.44 -305.544
24360 -1604.13 -300.59
24390 -1603.83 -295.636
24420 -1603.52 -290.682
24450 -1603.21 -285.728
24480 -1602.9 -280.775
24510 -1602.59 -275.821
24540 -1602.75 -271.762
24570 -1603.52 -272.658
24600 -1601.33 -274.379
24630 -1599.15 -276.101
24660 -1596.96 -277.822
24690 -1594.77 -279.544
24720 -1592.58 -281.266
24750 -1591.9 -287.945
24780 -1591.23 -294.624
24810 -1590.55 -301.303
24840 -1589.77 -305.019
24870 -1588.71 -300.587
24900 -1587.64 -296.155
24930 -1586.58 -291.723
24960 -1605.36 -289.721
24990 -1599.35 -291.608
25020 -1593.34 -293.496
25050 -1589.85 -298.028
25080 -1598.9 -315.78
25110 -1574.7 -337.056
25140 -1577.66 -331.537
25170 -1582.58 -326.601
25200 -1587.5 -321.664
25230 -1588.67 -307.499
25260 -1589.26 -291.915
25290 -1587.21 -284.373
25320 -1584.32 -294.886
25350 -1581.8 -309.022
25380 -1582.17 -316.06
25410 -1588.32 -308.904
25440 -1594.46 -301.748
25470 -1600.61 -294.592
25500 -1601.38 -291.624
25530 -1592.85 -295.891
25560 -1580.55 -300.394
25590 -1588.44 -301.789
25620 -1596.33 -303.184
25650 -1585.07 -305.614
25680 -1583.55 -307.964
25710 -1584.52 -310.21
25740 -1585.49 -312.457
25770 -1586.46 -314.703
25800 -1587.43 -316.95
25830 -1580.19 -319.05
25860 -1565.69 -322.498
25890 -1568 -320.841
25920 -1575.21 -312.96
25950 -1582.42 -305.079
25980 -1599.1 -292.908
26010 -1621.66 -283.882
26040 -1611.47 -293.311
26070 -1599.23 -302.288
26100 -1586.99 -311.265
26130 -1590.19 -314.079
26160 -1604.1 -304.405
26190 -1611.34 -297.707
26220 -1607.62 -300.987
26250 -1603.9 -304.267
26280 -1600.18 -307.548
26310 -1596.46 -310.828
26340 -1592.74 -314.108
26370 -1590.38 -312.397
26400 -1588.13 -310.33
26430 -1585.87 -308.263
26460 -1583.61 -306.195
26490 -1582.76 -305.705
26520 -1586.98 -308.724
26550 -1595.94 -314.058
26580 -1595.46 -311.696
26610 -1589.97 -312.611
26640 -1584.47 -313.526
26670 -1587.18 -307.85
26700 -1587.52 -305.088
26730 -1587.52 -305.088
26760 -1587.52 -305.088
26790 -1587.52 -305.088
26820 -1587.52 -305.088
26850 -1587.52 -305.088
26880 -1587.52 -305.088
26910 -1587.52 -305.088
26940 -1587.52 -305.088
26970 -1587.52 -305.088
27000 -1587.52 -305.088
27030 -1587.52 -305.088
27060 -1587.52 -305.088
27090 -1587.52 -305.088
27120 -1587.52 -305.088
27150 -1587.52 -305.088
27180 -1587.52 -305.088
27210 -1587.52 -305.088
27240 -1587.52 -305.088
27270 -1587.52 -305.088
27300 -1585.31 -311.034
27330 -1585.39 -312.327
27360 -1587.61 -318.529
27390 -1588.5 -318.013
27420 -1588.68 -315.33
27450 -1588.87 -312.647
27480 -1589.05 -309.964
27510 -1588.72 -309.618
27540 -1588.37 -309.354
27570 -1588.02 -309.089
27600 -1586.02 -308.206
27630 -1582.9 -306.91
27660 -1587.53 -307.541
27690 -1605.53 -311.501
27720 -1622.33 -315.19
27750 -1606.71 -311.871
27780 -1598.75 -311.364
27810 -1590.79 -310.857
27840 -1582.83 -310.35
27870 -1582.71 -309.178
27900 -1590.44 -307.342
27930 -1590.19 -308.316
27960 -1587.43 -310.125
27990 -1590.14 -309.958
28020 -1592.85 -309.791
28050 -1595.56 -309.624
28080 -1584.56 -311.94
28110 -1583.64 -311.492
28140 -1583.54 -310.863
28170 -1583.44 -310.234
28200 -1583.34 -309.605
28230 -1584.75 -310.115
28260 -1586.41 -311.881
28290 -1583.36 -312.223
28320 -1580.3 -312.566
28350 -1573.81 -314.231
28380 -1575.21 -315.54
28410 -1578.9 -316.638
28440 -1582.59 -317.737
28470 -1586.28 -318.835
28500 -1589.97 -319.934
28530 -1590.89 -317.206
28560 -1590.87 -316.108
28590 -1590.87 -316.108
28620 -1590.87 -316.108
28650 -1590.87 -316.108
28680 -1590.87 -316.108
28710 -1590.87 -316.108
28740 -1590.87 -316.108
28770 -1590.87 -316.108
28800 -1590.87 -316.108
28830 -1590.87 -316.108
28860 -1590.87 -316.108
28890 -1590.87 -316.108
28920 -1590.87 -316.108
28950 -1590.87 -316.108
28980 -1590.87 -316.108
29010 -1590.87 -316.108
29040 -1590.87 -316.108
29070 -1590.87 -316.108
29100 -1590.87 -316.108
29130 -1590.87 -316.108
29160 -1590.87 -316.108
29190 -1593.76 -307.177
29220 -1592.23 -309.065
29250 -1591.01 -313.629
29280 -1589.46 -318.436
29310 -1587.77 -321.181
29340 -1598.51 -308.896
29370 -1602.3 -300.4
29400 -1591 -302.005
29430 -1594.62 -301.836
29460 -1592.89 -303.769
29490 -1591.16 -305.703
29520 -1589.43 -307.636
29550 -1587.7 -309.57
29580 -1590.84 -311.426
29610 -1594.52 -313.274
29640 -1598.2 -315.122
29670 -1603.46 -316.627
29700 -1574.33 -329.124
29730 -1580.21 -323.939
29760 -1586.09 -318.755
29790 -1591.98 -313.571
29820 -1598.1 -310.662
29850 -1604.26 -308.103
29880 -1607.65 -305.116
29910 -1604.77 -302.571
29940 -1602.4 -303.985
29970 -1600.02 -305.4
30000 -1597.65 -306.815
30030 -1595.27 -308.23
30060 -1592.89 -309.644
30090 -1590.52 -311.059
30120 -1587.46 -313.733
30150 -1583.73 -317.665
30180 -1579.99 -321.597
30210 -1576.25 -325.529
30240 -1562.3 -336.1
30270 -1535.55 -352.356
30300 -1539.06 -355.14
30330 -1546.86 -359.403
30360 -1558.67 -359.083
30390 -1571.82 -344.058
30420 -1578.38 -325.435
30450 -1584.95 -306.812
30480 -1588.5 -298.269
30510 -1589.74 -297.435
30540 -1590.98 -296.6
30570 -1592.22 -295.765
30600 -1593.47 -294.93
30630 -1594.71 -294.095
30660 -1594.97 -294.01
30690 -1590.3 -297.674
30720 -1585.63 -301.338
30750 -1585.36 -300.607
30780 -1586.42 -298.538
30810 -1587.49 -296.468
30840 -1588.55 -294.399
30870 -1589.61 -292.33
30900 -1588.94 -298.387
30930 -1584.79 -320.698
30960 -1578.71 -333.798
30990 -1572.05 -344.095
31020 -1572.51 -342.156
31050 -1585.26 -319.083
31080 -1593.49 -296.058
31110 -1591.69 -299.706
31140 -1589.28 -298.05
31170 -1585.9 -305.077
31200 -1604.93 -281.374
31230 -1607.93 -278.565
31260 -1602.91 -286.202
31290 -1597.89 -293.839
31320 -1592.87 -301.476
31350 -1590.96 -304.595
31380 -1591.13 -304.701
31410 -1591.29 -304.807
31440 -1591.45 -304.913
31470 -1591.61 -305.02
31500 -1591.78 -305.126
31530 -1591.94 -305.232
31560 -1592.1 -305.338
31590 -1592.27 -305.444
31620 -1590.34 -303.789
31650 -1580.8 -293.671
31680 -1585.44 -285.285
31710 -1586.8 -282.337
31740 -1587.37 -284.951
31770 -1588.3 -288.784
31800 -1589.23 -292.617
31830 -1590.17 -296.45
31860 -1591.1 -300.283
31890 -1592.04 -304.116
31920 -1592.97 -307.949
31950 -1592.27 -309.969
31980 -1591.45 -311.86
32010 -1590.64 -313.751
32040 -1589.82 -315.641
32070 -1589.52 -314.527
32100 -1590 -308.905
32130 -1590.48 -303.283
32160 -1590.7 -301.996
32190 -1590.83 -302.028
32220 -1590.96 -302.06
32250 -1591.09 -302.093
32280 -1591.22 -302.125
32310 -1591.35 -302.158
32340 -1591.49 -302.19
32370 -1589.87 -303.388
32400 -1588.07 -304.715
32430 -1588.37 -304.74
32460 -1593.59 -301.726
32490 -1593.98 -301.525
32520 -1594.02 -301.525
32550 -1594.06 -301.525
32580 -1594.1 -301.525
32610 -1591.95 -305.915
32640 -1588.52 -312.846
32670 -1584.11 -306.963
32700 -1586.55 -304.844
32730 -1592.15 -310.561
32760 -1589.5 -310.345
32790 -1584.44 -308.638
32820 -1588.92 -314.701
32850 -1593.39 -320.764
32880 -1597.86 -326.827
32910 -1598.01 -326.595
32940 -1596.84 -324.447
32970 -1595.67 -322.299
33000 -1594.5 -320.151
33030 -1593.33 -318.003
33060 -1592.16 -315.855
33090 -1590.99 -313.708
33120 -1589.87 -311.55
33150 -1588.94 -309.354
33180 -1588.01 -307.157
33210 -1587.08 -304.961
33240 -1588.02 -298.913
33270 -1592.75 -299.693
33300 -1593 -304.846
33330 -1589.82 -307.805
33360 -1586.63 -310.764
33390 -1583.45 -313.722
33420 -1583.16 -311.566
33450 -1583.44 -308.387
33480 -1583.73 -305.208
33510 -1584.02 -302.03
33540 -1584.3 -298.851
33570 -1584.59 -295.672
33600 -1584.88 -292.493
33630 -1584.21 -283.582
33660 -1584.93 -342.446
33690 -1588.76 -349.575
33720 -1589.16 -344.914
33750 -1589.56 -340.253
33780 -1589.96 -335.592
33810 -1590.36 -330.93
33840 -1590.77 -326.269
33870 -1591.17 -321.608
33900 -1591.57 -316.947
33930 -1591.97 -312.286
33960 -1592.37 -307.625
33990 -1592.76 -315.217
34020 -1595.69 -309.833
34050 -1599.08 -304.94
34080 -1603.26 -300.896
34110 -1607.43 -296.852
34140 -1611.61 -292.808
34170 -1610.03 -296.09
34200 -1606.37 -302.036
34230 -1602.7 -307.982
34260 -1602.84 -312.233
34290 -1597.76 -313.399
34320 -1592.95 -304.06
34350 -1590.83 -291.259
34380 -1590.3 -294.555
34410 -1589.77 -297.823
34440 -1589.53 -300.298
34470 -1589.29 -302.773
34500 -1589.05 -305.248
34530 -1588.81 -307.723
34560 -1588.57 -310.198
34590 -1588.33 -312.673
34620 -1588.09 -315.148
34650 -1587.85 -317.623
34680 -1587.61 -320.098
34710 -1587.52 -321.006
34740 -1587.52 -321.006
34770 -1587.52 -321.006
34800 -1587.52 -321.006
34830 -1587.52 -321.006
34860 -1587.52 -321.006
34890 -1587.52 -321.006
34920 -1587.52 -321.006
34950 -1587.52 -321.006
34980 -1587.52 -321.006
35010 -1587.52 -321.006
35040 -1587.52 -321.006
35070 -1587.52 -321.006
35100 -1587.52 -321.006
35130 -1604.68 -289.35
35160 -1599.36 -276.034
35190 -1599.36 -276.034
35220 -1599.36 -276.034
35250 -1599.36 -276.034
35280 -1599.36 -276.034
35310 -1599.36 -276.034
35340 -1599.36 -276.034
35370 -1599.36 -276.034
35400 -1599.36 -276.034
35430 -1599.36 -276.034
35460 -1599.36 -276.034
35490 -1599.36 -276.034
35520 -1598.58 -288.603
35550 -1598.09 -296.627
35580 -1598.09 -296.627
35610 -1598.09 -296.627
35640 -1598.09 -296.627
35670 -1598.09 -296.627
35700 -1598.09 -296.627
35730 -1598.09 -296.627
35760 -1598.09 -296.627
35790 -1598.09 -296.627
35820 -1598.09 -296.627
35850 -1598.09 -296.627
35880 -1598.09 -296.627
35910 -1594.53 -308.178
35940 -1602.69 -321.169
35970 -1609.92 -324.735
36000 -1599.43 -327.507
36030 -1595.64 -307.996
36060 -1595.65 -307.203
36090 -1595.65 -307.203
36120 -1595.65 -307.203
36150 -1595.65 -307.203
36180 -1595.65 -307.203
36210 -1595.65 -307.203
36240 -1595.65 -307.203
36270 -1595.65 -307.203
36300 -1595.65 -307.203
36330 -1595.65 -307.203
36360 -1597.45 -306.655
36390 -1615.43 -306.896
36420 -1600.14 -306.535
36450 -1596.74 -302.98
36480 -1596.74 -299.136
36510 -1596.74 -295.292
36540 -1594.58 -298.473
36570 -1597.14 -304.773
36600 -1595.01 -303.398
36630 -1596.61 -307.95
36660 -1605.11 -313.899
36690 -1600.97 -313.398
36720 -1597.49 -313.027
36750 -1595.91 -312.002
36780 -1594.33 -310.977
36810 -1593.59 -308.418
36840 -1596.52 -308.755
36870 -1600.81 -311.418
36900 -1604.35 -311.674
36930 -1604.95 -302.307
36960 -1596.39 -296.665
36990 -1598.56 -306.158
37020 -1596.36 -309.896
37050 -1588.04 -302.767
37080 -1585.45 -299.684
37110 -1586.08 -295.988
37140 -1593.13 -291.064
37170 -1600.18 -286.141
37200 -1603.18 -288.01
37230 -1604.7 -292.349
37260 -1606.23 -296.688
37290 -1607.75 -301.027
37320 -1608.01 -304.428
37350 -1601.93 -303.144
37380 -1595.85 -301.859
37410 -1594.21 -311.378
37440 -1594.66 -323.723
37470 -1592.16 -324.024
37500 -1588.25 -319.635
37530 -1584.34 -315.246
37560 -1585.21 -312.726
37590 -1586.81 -310.492
37620 -1588.41 -308.259
37650 -1590.01 -306.026
37680 -1591.61 -303.793
37710 -1592.48 -302.279
37740 -1591.92 -302.201
37770 -1591.4 -299.956
37800 -1590.45 -310.676
37830 -1594.26 -308.691
37860 -1587.57 -298.186
37890 -1583.76 -287.611
37920 -1587.77 -289.602
37950 -1591.99 -297.694
37980 -1596.16 -298.274
38010 -1598.49 -298.4
38040 -1594.78 -297.886
38070 -1591.27 -297.386
38100 -1590.54 -297.077
38130 -1589.81 -296.768
38160 -1589.09 -296.458
38190 -1588.25 -297.599
38220 -1589.02 -299.332
38250 -1595.45 -297.564
38280 -1590.5 -294.245
38310 -1589.1 -298.32
38340 -1589.77 -303.742
38370 -1589.49 -307.194
38400 -1587.21 -305.582
38430 -1591.18 -290.345
38460 -1595.12 -295.197
38490 -1599.26 -300.143
38520 -1604.19 -302.694
38550 -1609.12 -305.245
38580 -1608.34 -305.303
38610 -1606.13 -304.738
38640 -1603.94 -304.531
38670 -1601.78 -304.531
38700 -1599.61 -304.531
38730 -1597.93 -304.308
38760 -1597.39 -303.566
38790 -1600.22 -302.236
38820 -1603.91 -300.759
38850 -1607.59 -299.282
38880 -1611.27 -297.805
38910 -1614.95 -296.328
38940 -1613.06 -300.97
38970 -1607.45 -309.692
39000 -1601.84 -318.414
39030 -1598.48 -312.335
39060 -1595.82 -301.751
39090 -1584.32 -306.196
39120 -1589.06 -304.308
39150 -1589.06 -304.308
39180 -1589.06 -304.308
39210 -1589.06 -304.308
39240 -1589.06 -304.308
39270 -1589.06 -304.308
39300 -1589.06 -304.308
39330 -1589.06 -304.308
39360 -1589.06 -304.308
39390 -1589.06 -304.308
39420 -1589.63 -301.821
39450 -1589.69 -296.647
39480 -1587.95 -298.274
39510 -1586.95 -299.371
39540 -1588.35 -298.725
39570 -1589.74 -298.078
39600 -1592.21 -298.739
39630 -1601.57 -307.899
39660 -1600.92 -320.098
39690 -1594.13 -316.049
39720 -1601.02 -317.11
39750 -1601.25 -316.521
39780 -1601.54 -316.129
39810 -1601.82 -315.737
39840 -1602.11 -315.345
39870 -1602.4 -314.953
39900 -1602.69 -314.56
39930 -1602.97 -314.168
39960 -1603.26 -313.776
39990 -1604.6 -314.373
40020 -1612.78 -321.397
40050 -1614.53 -323.789
40080 -1594.06 -303.381
40110 -1590.82 -290.272
40140 -1584.69 -277.604
40170 -1585.25 -293.432
40200 -1603.04 -308.197
40230 -1599.42 -313.571
40260 -1596.65 -308.453
40290 -1593.87 -303.335
40320 -1591.19 -299.208
40350 -1586.38 -293.412
40380 -1585.39 -294.472
40410 -1585.43 -296.994
40440 -1585.47 -299.516
40470 -1585.5 -302.038
40500 -1585.23 -303.774
40530 -1584.29 -301.144
40560 -1586.21 -302.063
40590 -1588.14 -302.982
40620 -1590.06 -303.901
40650 -1591.98 -304.82
40680 -1593.9 -305.739
40710 -1595.82 -306.658
40740 -1597.75 -307.578
40770 -1599.67 -308.497
40800 -1598.03 -308.312
40830 -1595.67 -307.908
40860 -1593.32 -307.503
40890 -1592.11 -306.689
40920 -1591.91 -305.516
40950 -1591.71 -304.344
40980 -1592.78 -303.902
41010 -1595.75 -304.557
41040 -1596.38 -305.937
41070 -1596 -307.628
41100 -1595.63 -309.319
41130 -1595.25 -311.01
41160 -1594.87 -312.701
41190 -1595.74 -315.22
41220 -1598.24 -318.821
41250 -1593 -307.442
41280 -1589.7 -302.984
41310 -1588.52 -304.118
41340 -1587.33 -305.251
41370 -1586.15 -306.384
41400 -1594.87 -308.002
41430 -1605.11 -309.694
41460 -1602.11 -307.887
41490 -1585.71 -300.913
41520 -1581.02 -296.615
41550 -1580.78 -299.314
41580 -1580.53 -302.012
41610 -1580.39 -304.793
41640 -1581.83 -308.722
41670 -1583.26 -312.651
41700 -1584.28 -312.825
41730 -1585.2 -312.061
41760 -1586.12 -311.296
41790 -1587.03 -310.532
41820 -1587.95 -309.768
41850 -1588.87 -309.004
41880 -1590.06 -309.029
41910 -1593.76 -316.164
41940 -1603.05 -312.571
41970 -1609.03 -309.958
42000 -1608.75 -308.429
42030 -1608.46 -306.9
42060 -1608.18 -305.371
42090 -1607.9 -303.842
42120 -1607.62 -302.312
42150 -1607.33 -300.783
42180 -1607.05 -299.254
42210 -1606.77 -297.725
42240 -1606.49 -296.196
42270 -1606.4 -295.737
42300 -1606.4 -295.737
42330 -1606.4 -295.737
42360 -1606.4 -295.737
42390 -1606.4 -295.737
42420 -1606.4 -295.737
42450 -1606.4 -295.737
42480 -1606.4 -295.737
42510 -1606.4 -295.737
42540 -1601.95 -305.049
42570 -1595.04 -317.349
42600 -1595.06 -313.666
42630 -1595.09 -309.983
42660 -1594.97 -306.279
42690 -1590.6 -301.95
42720 -1587.05 -295.872
42750 -1586.17 -284.049
42780 -1582.36 -301.404
42810 -1572.53 -309.169
42840 -1578.91 -302.015
42870 -1583.01 -309.842
42900 -1579.58 -315.718
42930 -1589.27 -317.579
42960 -1589.46 -313.116
42990 -1572.85 -313.309
43020 -1563.24 -347.762
43050 -1567.42 -357.941
43080 -1566.63 -326.386
43110 -1256.12 -158.461
43140 -855.146 127.268
43170 -744.458 267.07
43200 -704.905 298.557
43230 -422.098 550.434
43260 -423.028 578.577
43290 -253.931 820.774
43320 -226.181 863.408
43350 -225.594 864.076
43380 -183.07 957.805
43410 -249.541 977.755
43440 -333.387 1034.65
43470 -406.273 1197.25
43500 -341.064 1254.47
43530 -222.699 1366.19
43560 -183.227 1443.82
43590 -139.547 1507.35
43620 -116.031 1539.97
43650 -71.0172 1594.2
43680 -71.1798 1603.76
43710 -28.5857 1580.74
43740 5.85607 1548.88
43770 51.0641 1538.78
43800 94.3708 1522.9
43830 124.829 1527.56
43860 139.006 1541.73
