0 -583.293 1175.54
30 -1073.41 1423.41
60 -1206.54 1507.19
90 -1417.82 1636.15
120 -1439.01 1661.87
150 -1448.79 1670.92
180 -1474.56 1680.44
210 -1496.5 1700.44
240 -1514.66 1723.43
270 -1512.82 1731.97
300 -1515.59 1744.97
330 -1512.19 1747.77
360 -1508.9 1751.24
390 -1507.96 1747.82
420 -1507.96 1747.82
450 -1507.96 1747.82
480 -1507.96 1747.82
510 -1507.96 1747.82
540 -1507.96 1747.82
570 -1507.96 1747.82
600 -1507.96 1747.82
630 -1507.96 1747.82
660 -1507.96 1747.82
690 -1507.96 1747.82
720 -1507.96 1747.82
750 -1507.96 1747.82
780 -1507.96 1747.82
810 -1507.96 1747.82
840 -1507.96 1747.82
870 -1507.96 1747.82
900 -1507.96 1747.82
930 -1507.96 1747.82
960 -1507.96 1747.82
990 -1507.96 1747.82
1020 -1507.96 1747.82
1050 -1507.96 1747.82
1080 -1507.96 1747.82
1110 -1507.96 1747.82
1140 -1507.96 1747.82
1170 -1507.96 1747.82
1200 -1507.96 1747.82
1230 -1507.96 1747.82
1260 -1507.96 1747.82
1290 -1507.96 1747.82
1320 -1507.96 1747.82
1350 -1507.96 1747.82
1380 -1507.96 1747.82
1410 -1507.96 1747.82
1440 -1507.96 1747.82
1470 -1507.96 1747.82
1500 -1507.96 1747.82
1530 -1507.96 1747.82
1560 -1507.96 1747.82
1590 -1507.96 1747.82
1620 -1507.96 1747.82
1650 -1507.96 1747.82
1680 -1507.96 1747.82
1710 -1507.96 1747.82
1740 -1507.96 1747.82
1770 -1507.96 1747.82
1800 -1507.96 1747.82
1830 -1507.96 1747.82
1860 -1507.96 1747.82
1890 -1507.96 1747.82
1920 -1507.96 1747.82
1950 -1507.96 1747.82
1980 -1507.96 1747.82
2010 -1507.96 1747.82
2040 -1507.96 1747.82
2070 -1507.96 1747.82
2100 -1507.96 1747.82
2130 -1507.96 1747.82
2160 -1507.96 1747.82
2190 -1507.96 1747.82
2220 -1507.96 1747.82
2250 -1507.96 1747.82
2280 -1507.96 1747.82
2310 -1507.96 1747.82
2340 -1507.96 1747.82
2370 -1507.96 1747.82
2400 -1507.96 1747.82
2430 -1507.96 1747.82
2460 -1507.96 1747.82
2490 -1507.96 1747.82
2520 -1507.96 1747.82
2550 -1507.96 1747.82
2580 -1507.96 1747.82
2610 -1507.96 1747.82
2640 -1507.96 1747.82
2670 -1507.96 1747.82
2700 -1507.96 1747.82
2730 -1507.96 1747.82
2760 -1507.96 1747.82
2790 -1507.96 1747.82
2820 -1507.96 1747.82
2850 -1507.96 1747.82
2880 -1507.96 1747.82
2910 -1507.96 1747.82
2940 -1507.96 1747.82
2970 -1507.96 1747.82
3000 -1507.96 1747.82
3030 -1507.96 1747.82
3060 -1507.96 1747.82
3090 -1507.96 1747.82
3120 -1507.96 1747.82
3150 -1507.96 1747.82
3180 -1507.96 1747.82
3210 -1507.96 1747.82
3240 -1507.96 1747.82
3270 -1507.96 1747.82
3300 -1507.96 1747.82
3330 -1507.96 1747.82
3360 -1507.96 1747.82
3390 -1507.96 1747.82
3420 -1507.96 1747.82
3450 -1507.96 1747.82
3480 -1507.96 1747.82
3510 -1507.96 1747.82
3540 -1507.96 1747.82
3570 -1507.96 1747.82
3600 -1507.96 1747.82
3630 -1507.96 1747.82
3660 -1507.96 1747.82
3690 -1507.96 1747.82
3720 -1507.96 1747.82
3750 -1507.96 1747.82
3780 -1507.96 1747.82
3810 -1507.96 1747.82
3840 -1507.96 1747.82
3870 -1507.96 1747.82
3900 -1507.96 1747.82
3930 -1507.96 1747.82
3960 -1507.96 1747.82
3990 -1507.96 1747.82
4020 -1507.96 1747.82
4050 -1507.96 1747.82
4080 -1507.96 1747.82
4110 -1507.96 1747.82
4140 -1507.96 1747.82
4170 -1507.96 1747.82
4200 -1507.96 1747.82
4230 -1507.96 1747.82
4260 -1507.96 1747.82
4290 -1507.96 1747.82
4320 -1507.96 1747.82
4350 -1507.96 1747.82
4380 -1507.96 1747.82
4410 -1507.96 1747.82
4440 -1507.96 1747.82
4470 -1507.96 1747.82
4500 -1507.96 1747.82
4530 -1507.96 1747.82
4560 -1507.96 1747.82
4590 -1507.96 1747.82
4620 -1507.96 1747.82
4650 -1507.96 1747.82
4680 -1507.96 1747.82
4710 -1507.96 1747.82
4740 -1507.96 1747.82
4770 -1507.96 1747.82
4800 -1507.96 1747.82
4830 -1507.96 1747.82
4860 -1507.96 1747.82
4890 -1507.96 1747.82
4920 -1507.96 1747.82
4950 -1507.96 1747.82
4980 -1507.96 1747.82
5010 -1507.96 1747.82
5040 -1507.96 1747.82
5070 -1507.96 1747.82
5100 -1507.96 1747.82
5130 -1507.96 1747.82
5160 -1507.96 1747.82
5190 -1507.96 1747.82
5220 -1507.96 1747.82
5250 -1507.96 1747.82
5280 -1507.96 1747.82
5310 -1507.96 1747.82
5340 -1507.96 1747.82
5370 -1507.96 1747.82
5400 -1507.96 1747.82
5430 -1507.96 1747.82
5460 -1507.96 1747.82
5490 -1507.96 1747.82
5520 -1507.96 1747.82
5550 -1507.96 1747.82
5580 -1507.96 1747.82
5610 -1507.96 1747.82
5640 -1507.96 1747.82
5670 -1507.96 1747.82
5700 -1507.96 1747.82
5730 -1507.96 1747.82
5760 -1507.96 1747.82
5790 -1507.96 1747.82
5820 -1507.96 1747.82
5850 -1507.96 1747.82
5880 -1507.96 1747.82
5910 -1507.96 1747.82
5940 -1507.96 1747.82
5970 -1507.96 1747.82
6000 -1507.96 1747.82
6030 -1507.96 1747.82
6060 -1507.96 1747.82
6090 -1507.96 1747.82
6120 -1507.96 1747.82
6150 -1507.96 1747.82
6180 -1507.96 1747.82
6210 -1507.96 1747.82
6240 -1507.96 1747.82
6270 -1507.96 1747.82
6300 -1507.96 1747.82
6330 -1507.96 1747.82
6360 -1507.96 1747.82
6390 -1507.96 1747.82
6420 -1507.96 1747.82
6450 -1507.96 1747.82
6480 -1507.96 1747.82
6510 -1507.96 1747.82
6540 -1507.96 1747.82
6570 -1507.96 1747.82
6600 -1507.96 1747.82
6630 -1507.96 1747.82
6660 -1507.96 1747.82
6690 -1507.96 1747.82
6720 -1507.96 1747.82
6750 -1507.96 1747.82
6780 -1507.96 1747.82
6810 -1507.96 1747.82
6840 -1507.96 1747.82
6870 -1507.96 1747.82
6900 -1507.96 1747.82
6930 -1507.96 1747.82
6960 -1507.96 1747.82
6990 -1507.96 1747.82
7020 -1507.96 1747.82
7050 -1507.96 1747.82
7080 -1507.96 1747.82
7110 -1507.96 1747.82
7140 -1507.96 1747.82
7170 -1507.96 1747.82
7200 -1507.96 1747.82
7230 -1507.96 1747.82
7260 -1507.96 1747.82
7290 -1507.96 1747.82
7320 -1507.96 1747.82
7350 -1507.96 1747.82
7380 -1507.96 1747.82
7410 -1507.96 1747.82
7440 -1507.96 1747.82
7470 -1507.96 1747.82
7500 -1507.96 1747.82
7530 -1507.96 1747.82
7560 -1507.96 1747.82
7590 -1507.96 1747.82
7620 -1507.96 1747.82
7650 -1507.96 1747.82
7680 -1507.96 1747.82
7710 -1507.96 1747.82
7740 -1507.96 1747.82
7770 -1507.96 1747.82
7800 -1507.96 1747.82
7830 -1507.96 1747.82
7860 -1507.96 1747.82
7890 -1507.96 1747.82
7920 -1507.96 1747.82
7950 -1507.96 1747.82
7980 -1507.96 1747.82
8010 -1507.96 1747.82
8040 -1507.96 1747.82
8070 -1507.96 1747.82
8100 -1507.96 1747.82
8130 -1507.96 1747.82
8160 -1507.96 1747.82
8190 -1507.96 1747.82
8220 -1507.96 1747.82
8250 -1507.96 1747.82
8280 -1507.96 1747.82
8310 -1507.96 1747.82
8340 -1507.96 1747.82
8370 -1507.96 1747.82
8400 -1507.96 1747.82
8430 -1507.96 1747.82
8460 -1507.96 1747.82
8490 -1507.96 1747.82
8520 -1507.96 1747.82
8550 -1507.96 1747.82
8580 -1507.96 1747.82
8610 -1507.96 1747.82
8640 -1507.96 1747.82
8670 -1507.96 1747.82
8700 -1507.96 1747.82
8730 -1507.96 1747.82
8760 -1507.96 1747.82
8790 -1507.96 1747.82
8820 -1507.96 1747.82
8850 -1507.96 1747.82
8880 -1507.96 1747.82
8910 -1507.96 1747.82
8940 -1507.96 1747.82
8970 -1507.96 1747.82
9000 -1507.96 1747.82
9030 -1507.96 1747.82
9060 -1507.96 1747.82
9090 -1507.96 1747.82
9120 -1507.96 1747.82
9150 -1507.96 1747.82
9180 -1507.96 1747.82
9210 -1507.96 1747.82
9240 -1507.96 1747.82
9270 -1507.96 1747.82
9300 -1507.96 1747.82
9330 -1507.96 1747.82
9360 -1507.96 1747.82
9390 -1507.96 1747.82
9420 -1507.96 1747.82
9450 -1507.96 1747.82
9480 -1507.96 1747.82
9510 -1507.96 1747.82
9540 -1507.96 1747.82
9570 -1507.96 1747.82
9600 -1507.96 1747.82
9630 -1507.96 1747.82
9660 -1507.96 1747.82
9690 -1507.96 1747.82
9720 -1507.96 1747.82
9750 -1507.96 1747.82
9780 -1507.96 1747.82
9810 -1507.96 1747.82
9840 -1507.96 1747.82
9870 -1507.96 1747.82
9900 -1507.96 1747.82
9930 -1507.96 1747.82
9960 -1507.96 1747.82
9990 -1507.96 1747.82
10020 -1507.96 1747.82
10050 -1507.96 1747.82
10080 -1507.96 1747.82
10110 -1507.96 1747.82
10140 -1507.96 1747.82
10170 -1507.96 1747.82
10200 -1507.96 1747.82
10230 -1507.96 1747.82
10260 -1507.96 1747.82
10290 -1507.96 1747.82
10320 -1507.96 1747.82
10350 -1507.96 1747.82
10380 -1507.96 1747.82
10410 -1507.96 1747.82
10440 -1507.96 1747.82
10470 -1507.96 1747.82
10500 -1507.96 1747.82
10530 -1507.96 1747.82
10560 -1507.96 1747.82
10590 -1507.96 1747.82
10620 -1507.96 1747.82
10650 -1507.96 1747.82
10680 -1507.96 1747.82
10710 -1507.96 1747.82
10740 -1507.96 1747.82
10770 -1507.96 1747.82
10800 -1507.96 1747.82
10830 -1507.96 1747.82
10860 -1507.96 1747.82
10890 -1507.96 1747.82
10920 -1507.96 1747.82
10950 -1507.96 1747.82
10980 -1507.96 1747.82
11010 -1507.96 1747.82
11040 -1507.96 1747.82
11070 -1507.96 1747.82
11100 -1507.96 1747.82
11130 -1507.96 1747.82
11160 -1507.96 1747.82
11190 -1507.96 1747.82
11220 -1507.96 1747.82
11250 -1507.96 1747.82
11280 -1507.96 1747.82
11310 -1507.96 1747.82
11340 -1507.96 1747.82
11370 -1507.96 1747.82
11400 -1507.96 1747.82
11430 -1507.96 1747.82
11460 -1507.96 1747.82
11490 -1507.96 1747.82
11520 -1507.96 1747.82
11550 -1507.96 1747.82
11580 -1507.96 1747.82
11610 -1507.96 1747.82
11640 -1507.96 1747.82
11670 -1507.96 1747.82
11700 -1507.96 1747.82
11730 -1507.96 1747.82
11760 -1507.96 1747.82
11790 -1507.96 1747.82
11820 -1507.96 1747.82
11850 -1507.96 1747.82
11880 -1507.96 1747.82
11910 -1507.96 1747.82
11940 -1507.96 1747.82
11970 -1507.96 1747.82
12000 -1507.96 1747.82
12030 -1507.96 1747.82
12060 -1507.96 1747.82
12090 -1507.96 1747.82
12120 -1507.96 1747.82
12150 -1507.96 1747.82
12180 -1507.96 1747.82
12210 -1507.96 1747.82
12240 -1507.96 1747.82
12270 -1507.96 1747.82
12300 -1507.96 1747.82
12330 -1507.96 1747.82
12360 -1507.96 1747.82
12390 -1507.96 1747.82
12420 -1507.96 1747.82
12450 -1507.96 1747.82
12480 -1507.96 1747.82
12510 -1507.96 1747.82
12540 -1507.96 1747.82
12570 -1507.96 1747.82
12600 -1507.96 1747.82
12630 -1507.96 1747.82
12660 -1507.96 1747.82
12690 -1507.96 1747.82
12720 -1507.96 1747.82
12750 -1507.96 1747.82
12780 -1507.96 1747.82
12810 -1507.96 1747.82
12840 -1507.96 1747.82
12870 -1507.96 1747.82
12900 -1507.96 1747.82
12930 -1507.96 1747.82
12960 -1507.96 1747.82
12990 -1507.96 1747.82
13020 -1507.96 1747.82
13050 -1507.96 1747.82
13080 -1507.96 1747.82
13110 -1507.96 1747.82
13140 -1507.96 1747.82
13170 -1507.96 1747.82
13200 -1507.96 1747.82
13230 -1507.96 1747.82
13260 -1507.96 1747.82
13290 -1507.96 1747.82
13320 -1507.96 1747.82
13350 -1507.96 1747.82
13380 -1507.96 1747.82
13410 -1507.96 1747.82
13440 -1507.96 1747.82
13470 -1507.96 1747.82
13500 -1507.96 1747.82
13530 -1507.96 1747.82
13560 -1507.96 1747.82
13590 -1507.96 1747.82
13620 -1507.96 1747.82
13650 -1507.96 1747.82
13680 -1507.96 1747.82
13710 -1507.96 1747.82
13740 -1507.96 1747.82
13770 -1507.96 1747.82
13800 -1507.96 1747.82
13830 -1507.96 1747.82
13860 -1507.96 1747.82
13890 -1507.96 1747.82
13920 -1507.96 1747.82
13950 -1507.96 1747.82
13980 -1507.96 1747.82
14010 -1507.96 1747.82
14040 -1507.96 1747.82
14070 -1507.96 1747.82
14100 -1507.96 1747.82
14130 -1507.96 1747.82
14160 -1507.96 1747.82
14190 -1507.96 1747.82
14220 -1507.96 1747.82
14250 -1507.96 1747.82
14280 -1507.96 1747.82
14310 -1507.96 1747.82
14340 -1507.96 1747.82
14370 -1507.96 1747.82
14400 -1507.96 1747.82
14430 -1507.96 1747.82
14460 -1507.96 1747.82
14490 -1507.96 1747.82
14520 -1507.96 1747.82
14550 -1507.96 1747.82
14580 -1507.96 1747.82
14610 -1507.96 1747.82
14640 -1507.96 1747.82
14670 -1507.96 1747.82
14700 -1507.96 1747.82
14730 -1507.96 1747.82
14760 -1507.96 1747.82
14790 -1507.96 1747.82
14820 -1507.96 1747.82
14850 -1507.96 1747.82
14880 -1507.96 1747.82
14910 -1507.96 1747.82
14940 -1507.96 1747.82
14970 -1507.96 1747.82
15000 -1507.96 1747.82
15030 -1507.96 1747.82
15060 -1507.96 1747.82
15090 -1507.96 1747.82
15120 -1507.96 1747.82
15150 -1507.96 1747.82
15180 -1507.96 1747.82
15210 -1507.96 1747.82
15240 -1507.96 1747.82
15270 -1507.96 1747.82
15300 -1507.96 1747.82
15330 -1507.96 1747.82
15360 -1507.96 1747.82
15390 -1507.96 1747.82
15420 -1507.96 1747.82
15450 -1507.96 1747.82
15480 -1507.96 1747.82
15510 -1507.96 1747.82
15540 -1507.96 1747.82
15570 -1507.96 1747.82
15600 -1507.96 1747.82
15630 -1507.96 1747.82
15660 -1507.96 1747.82
15690 -1507.96 1747.82
15720 -1507.96 1747.82
15750 -1507.96 1747.82
15780 -1507.96 1747.82
15810 -1507.96 1747.82
15840 -1507.96 1747.82
15870 -1507.96 1747.82
15900 -1507.96 1747.82
15930 -1507.96 1747.82
15960 -1507.96 1747.82
15990 -1507.96 1747.82
16020 -1507.96 1747.82
16050 -1507.96 1747.82
16080 -1507.96 1747.82
16110 -1507.96 1747.82
16140 -1507.96 1747.82
16170 -1507.96 1747.82
16200 -1507.96 1747.82
16230 -1507.96 1747.82
16260 -1507.96 1747.82
16290 -1507.96 1747.82
16320 -1507.96 1747.82
16350 -1507.96 1747.82
16380 -1507.96 1747.82
16410 -1507.96 1747.82
16440 -1507.96 1747.82
16470 -1507.96 1747.82
16500 -1507.96 1747.82
16530 -1507.96 1747.82
16560 -1507.96 1747.82
16590 -1507.96 1747.82
16620 -1507.96 1747.82
16650 -1507.96 1747.82
16680 -1507.96 1747.82
16710 -1507.96 1747.82
16740 -1507.96 1747.82
16770 -1507.96 1747.82
16800 -1507.96 1747.82
16830 -1507.96 1747.82
16860 -1507.96 1747.82
16890 -1507.96 1747.82
16920 -1507.96 1747.82
16950 -1507.96 1747.82
16980 -1507.96 1747.82
17010 -1507.96 1747.82
17040 -1507.96 1747.82
17070 -1507.96 1747.82
17100 -1507.96 1747.82
17130 -1507.96 1747.82
17160 -1507.96 1747.82
17190 -1507.96 1747.82
17220 -1507.96 1747.82
17250 -1507.96 1747.82
17280 -1507.96 1747.82
17310 -1507.96 1747.82
17340 -1507.96 1747.82
17370 -1507.96 1747.82
17400 -1507.96 1747.82
17430 -1507.96 1747.82
17460 -1507.96 1747.82
17490 -1507.96 1747.82
17520 -1507.96 1747.82
17550 -1507.96 1747.82
17580 -1507.96 1747.82
17610 -1507.96 1747.82
17640 -1507.96 1747.82
17670 -1507.96 1747.82
17700 -1507.96 1747.82
17730 -1507.96 1747.82
17760 -1507.96 1747.82
17790 -1507.96 1747.82
17820 -1507.96 1747.82
17850 -1507.96 1747.82
17880 -1507.96 1747.82
17910 -1507.96 1747.82
17940 -1507.96 1747.82
17970 -1507.96 1747.82
18000 -1507.96 1747.82
18030 -1507.96 1747.82
18060 -1507.96 1747.82
18090 -1507.96 1747.82
18120 -1507.96 1747.82
18150 -1507.96 1747.82
18180 -1507.96 1747.82
18210 -1507.96 1747.82
18240 -1507.96 1747.82
18270 -1507.96 1747.82
18300 -1507.96 1747.82
18330 -1507.96 1747.82
18360 -1507.96 1747.82
18390 -1507.96 1747.82
18420 -1507.96 1747.82
18450 -1507.96 1747.82
18480 -1507.96 1747.82
18510 -1507.96 1747.82
18540 -1507.96 1747.82
18570 -1507.96 1747.82
18600 -1507.96 1747.82
18630 -1507.96 1747.82
18660 -1507.96 1747.82
18690 -1507.96 1747.82
18720 -1507.96 1747.82
18750 -1507.96 1747.82
18780 -1507.96 1747.82
18810 -1507.96 1747.82
18840 -1507.96 1747.82
18870 -1507.96 1747.82
18900 -1507.96 1747.82
18930 -1507.96 1747.82
18960 -1507.96 1747.82
18990 -1507.96 1747.82
19020 -1507.96 1747.82
19050 -1507.96 1747.82
19080 -1507.96 1747.82
19110 -1507.96 1747.82
19140 -1507.96 1747.82
19170 -1507.96 1747.82
19200 -1507.96 1747.82
19230 -1507.96 1747.82
19260 -1507.96 1747.82
19290 -1507.96 1747.82
19320 -1507.96 1747.82
19350 -1507.96 1747.82
19380 -1507.96 1747.82
19410 -1507.96 1747.82
19440 -1507.96 1747.82
19470 -1507.96 1747.82
19500 -1507.96 1747.82
19530 -1507.96 1747.82
19560 -1507.96 1747.82
19590 -1507.96 1747.82
19620 -1507.96 1747.82
19650 -1507.96 1747.82
19680 -1507.96 1747.82
19710 -1507.96 1747.82
19740 -1507.96 1747.82
19770 -1507.96 1747.82
19800 -1507.96 1747.82
19830 -1507.96 1747.82
19860 -1507.96 1747.82
19890 -1507.96 1747.82
19920 -1507.96 1747.82
19950 -1507.96 1747.82
19980 -1507.96 1747.82
20010 -1507.96 1747.82
20040 -1507.96 1747.82
20070 -1507.96 1747.82
20100 -1507.96 1747.82
20130 -1507.96 1747.82
20160 -1507.96 1747.82
20190 -1507.96 1747.82
20220 -1507.96 1747.82
20250 -1507.96 1747.82
20280 -1507.96 1747.82
20310 -1507.96 1747.82
20340 -1507.96 1747.82
20370 -1507.96 1747.82
20400 -1507.96 1747.82
20430 -1507.96 1747.82
20460 -1507.96 1747.82
20490 -1507.96 1747.82
20520 -1507.96 1747.82
20550 -1507.96 1747.82
20580 -1507.96 1747.82
20610 -1507.96 1747.82
20640 -1507.96 1747.82
20670 -1507.96 1747.82
20700 -1507.96 1747.82
20730 -1507.96 1747.82
20760 -1507.96 1747.82
20790 -1507.96 1747.82
20820 -1507.96 1747.82
20850 -1507.96 1747.82
20880 -1507.96 1747.82
20910 -1507.96 1747.82
20940 -1507.96 1747.82
20970 -1507.96 1747.82
21000 -1507.96 1747.82
21030 -1507.96 1747.82
21060 -1507.96 1747.82
21090 -1507.96 1747.82
21120 -1507.96 1747.82
21150 -1507.96 1747.82
21180 -1507.96 1747.82
21210 -1507.96 1747.82
21240 -1507.96 1747.82
21270 -1507.96 1747.82
21300 -1507.96 1747.82
21330 -1507.96 1747.82
21360 -1507.96 1747.82
21390 -1507.96 1747.82
21420 -1507.96 1747.82
21450 -1507.96 1747.82
21480 -1507.96 1747.82
21510 -1507.96 1747.82
21540 -1507.96 1747.82
21570 -1507.96 1747.82
21600 -1507.96 1747.82
21630 -1507.96 1747.82
21660 -1507.96 1747.82
21690 -1507.96 1747.82
21720 -1507.96 1747.82
21750 -1507.96 1747.82
21780 -1507.96 1747.82
21810 -1507.96 1747.82
21840 -1507.96 1747.82
21870 -1507.96 1747.82
21900 -1507.96 1747.82
21930 -1507.96 1747.82
21960 -1507.96 1747.82
21990 -1507.96 1747.82
22020 -1507.96 1747.82
22050 -1507.96 1747.82
22080 -1507.96 1747.82
22110 -1507.96 1747.82
22140 -1507.96 1747.82
22170 -1507.96 1747.82
22200 -1507.96 1747.82
22230 -1507.96 1747.82
22260 -1507.96 1747.82
22290 -1507.96 1747.82
22320 -1507.96 1747.82
22350 -1507.96 1747.82
22380 -1507.96 1747.82
22410 -1507.96 1747.82
22440 -1507.96 1747.82
22470 -1507.96 1747.82
22500 -1507.96 1747.82
22530 -1507.96 1747.82
22560 -1507.96 1747.82
22590 -1507.96 1747.82
22620 -1507.96 1747.82
22650 -1507.96 1747.82
22680 -1507.96 1747.82
22710 -1507.96 1747.82
22740 -1507.96 1747.82
22770 -1507.96 1747.82
22800 -1507.96 1747.82
22830 -1507.96 1747.82
22860 -1507.96 1747.82
22890 -1507.96 1747.82
22920 -1507.96 1747.82
22950 -1507.96 1747.82
22980 -1507.96 1747.82
23010 -1507.96 1747.82
23040 -1507.96 1747.82
23070 -1507.96 1747.82
23100 -1507.96 1747.82
23130 -1507.96 1747.82
23160 -1507.96 1747.82
23190 -1507.96 1747.82
23220 -1507.96 1747.82
23250 -1507.96 1747.82
23280 -1507.96 1747.82
23310 -1507.96 1747.82
23340 -1507.96 1747.82
23370 -1507.96 1747.82
23400 -1507.96 1747.82
23430 -1507.96 1747.82
23460 -1507.96 1747.82
23490 -1507.96 1747.82
23520 -1507.96 1747.82
23550 -1507.96 1747.82
23580 -1507.96 1747.82
23610 -1507.96 1747.82
23640 -1507.96 1747.82
23670 -1507.96 1747.82
23700 -1507.96 1747.82
23730 -1507.96 1747.82
23760 -1507.96 1747.82
23790 -1507.96 1747.82
23820 -1507.96 1747.82
23850 -1507.96 1747.82
23880 -1507.96 1747.82
23910 -1507.96 1747.82
23940 -1507.96 1747.82
23970 -1507.96 1747.82
24000 -1507.96 1747.82
24030 -1507.96 1747.82
24060 -1507.96 1747.82
24090 -1507.96 1747.82
24120 -1507.96 1747.82
24150 -1507.96 1747.82
24180 -1507.96 1747.82
24210 -1507.96 1747.82
24240 -1507.96 1747.82
24270 -1507.96 1747.82
24300 -1507.96 1747.82
24330 -1507.96 1747.82
24360 -1507.96 1747.82
24390 -1507.96 1747.82
24420 -1507.96 1747.82
24450 -1507.96 1747.82
24480 -1507.96 1747.82
24510 -1507.96 1747.82
24540 -1507.96 1747.82
24570 -1507.96 1747.82
24600 -1507.96 1747.82
24630 -1507.96 1747.82
24660 -1507.96 1747.82
24690 -1507.96 1747.82
24720 -1507.96 1747.82
24750 -1507.96 1747.82
24780 -1507.96 1747.82
24810 -1507.96 1747.82
24840 -1507.96 1747.82
24870 -1507.96 1747.82
24900 -1507.96 1747.82
24930 -1507.96 1747.82
24960 -1507.96 1747.82
24990 -1507.96 1747.82
25020 -1507.96 1747.82
25050 -1507.96 1747.82
25080 -1507.96 1747.82
25110 -1507.96 1747.82
25140 -1507.96 1747.82
25170 -1507.96 1747.82
25200 -1507.96 1747.82
25230 -1507.96 1747.82
25260 -1507.96 1747.82
25290 -1507.96 1747.82
25320 -1507.96 1747.82
25350 -1507.96 1747.82
25380 -1507.96 1747.82
25410 -1507.96 1747.82
25440 -1507.96 1747.82
25470 -1507.96 1747.82
25500 -1507.96 1747.82
25530 -1507.96 1747.82
25560 -1507.96 1747.82
25590 -1507.96 1747.82
25620 -1507.96 1747.82
25650 -1507.96 1747.82
25680 -1507.96 1747.82
25710 -1507.96 1747.82
25740 -1507.96 1747.82
25770 -1507.96 1747.82
25800 -1507.96 1747.82
25830 -1507.96 1747.82
25860 -1507.96 1747.82
25890 -1507.96 1747.82
25920 -1507.96 1747.82
25950 -1507.96 1747.82
25980 -1507.96 1747.82
26010 -1507.96 1747.82
26040 -1507.96 1747.82
26070 -1507.96 1747.82
26100 -1507.96 1747.82
26130 -1507.96 1747.82
26160 -1507.96 1747.82
26190 -1507.96 1747.82
26220 -1507.96 1747.82
26250 -1507.96 1747.82
26280 -1507.96 1747.82
26310 -1507.96 1747.82
26340 -1507.96 1747.82
26370 -1507.96 1747.82
26400 -1507.96 1747.82
26430 -1507.96 1747.82
26460 -1507.96 1747.82
26490 -1507.96 1747.82
26520 -1507.96 1747.82
26550 -1507.96 1747.82
26580 -1507.96 1747.82
26610 -1507.96 1747.82
26640 -1507.96 1747.82
26670 -1507.96 1747.82
26700 -1507.96 1747.82
26730 -1507.96 1747.82
26760 -1507.96 1747.82
26790 -1507.96 1747.82
26820 -1507.96 1747.82
26850 -1507.96 1747.82
26880 -1507.96 1747.82
26910 -1507.96 1747.82
26940 -1507.96 1747.82
26970 -1507.96 1747.82
27000 -1507.96 1747.82
27030 -1507.96 1747.82
27060 -1507.96 1747.82
27090 -1507.96 1747.82
27120 -1507.96 1747.82
27150 -1507.96 1747.82
27180 -1507.96 1747.82
27210 -1507.96 1747.82
27240 -1507.96 1747.82
27270 -1507.96 1747.82
27300 -1507.96 1747.82
27330 -1507.96 1747.82
27360 -1507.96 1747.82
27390 -1507.96 1747.82
27420 -1507.96 1747.82
27450 -1507.96 1747.82
27480 -1507.96 1747.82
27510 -1507.96 1747.82
27540 -1507.96 1747.82
27570 -1507.96 1747.82
27600 -1507.96 1747.82
27630 -1507.96 1747.82
27660 -1507.96 1747.82
27690 -1507.96 1747.82
27720 -1507.96 1747.82
27750 -1507.96 1747.82
27780 -1507.96 1747.82
27810 -1507.96 1747.82
27840 -1507.96 1747.82
27870 -1507.96 1747.82
27900 -1507.96 1747.82
27930 -1507.96 1747.82
27960 -1507.96 1747.82
27990 -1507.96 1747.82
28020 -1507.96 1747.82
28050 -1507.96 1747.82
28080 -1507.96 1747.82
28110 -1507.96 1747.82
28140 -1507.96 1747.82
28170 -1507.96 1747.82
28200 -1507.96 1747.82
28230 -1507.96 1747.82
28260 -1507.96 1747.82
28290 -1507.96 1747.82
28320 -1507.96 1747.82
28350 -1507.96 1747.82
28380 -1507.96 1747.82
28410 -1507.96 1747.82
28440 -1507.96 1747.82
28470 -1507.96 1747.82
28500 -1507.96 1747.82
28530 -1507.96 1747.82
28560 -1507.96 1747.82
28590 -1507.96 1747.82
28620 -1507.96 1747.82
28650 -1507.96 1747.82
28680 -1507.96 1747.82
28710 -1507.96 1747.82
28740 -1507.96 1747.82
28770 -1507.96 1747.82
28800 -1507.96 1747.82
28830 -1507.96 1747.82
28860 -1507.96 1747.82
28890 -1507.96 1747.82
28920 -1507.96 1747.82
28950 -1507.96 1747.82
28980 -1507.96 1747.82
29010 -1507.96 1747.82
29040 -1507.96 1747.82
29070 -1507.96 1747.82
29100 -1507.96 1747.82
29130 -1507.96 1747.82
29160 -1507.96 1747.82
29190 -1507.96 1747.82
29220 -1507.96 1747.82
29250 -1507.96 1747.82
29280 -1507.96 1747.82
29310 -1507.96 1747.82
29340 -1507.96 1747.82
29370 -1507.96 1747.82
29400 -1507.96 1747.82
29430 -1507.96 1747.82
29460 -1507.96 1747.82
29490 -1507.96 1747.82
29520 -1507.96 1747.82
29550 -1507.96 1747.82
29580 -1507.96 1747.82
29610 -1507.96 1747.82
29640 -1507.96 1747.82
29670 -1507.96 1747.82
29700 -1507.96 1747.82
29730 -1507.96 1747.82
29760 -1507.96 1747.82
29790 -1507.96 1747.82
29820 -1507.96 1747.82
29850 -1507.96 1747.82
29880 -1507.96 1747.82
29910 -1507.96 1747.82
29940 -1507.96 1747.82
29970 -1507.96 1747.82
30000 -1507.96 1747.82
30030 -1507.96 1747.82
30060 -1507.96 1747.82
30090 -1507.96 1747.82
30120 -1507.96 1747.82
30150 -1507.96 1747.82
30180 -1507.96 1747.82
30210 -1507.96 1747.82
30240 -1507.96 1747.82
30270 -1507.96 1747.82
30300 -1507.96 1747.82
30330 -1507.96 1747.82
30360 -1507.96 1747.82
30390 -1507.96 1747.82
30420 -1507.96 1747.82
30450 -1507.96 1747.82
30480 -1507.96 1747.82
30510 -1507.96 1747.82
30540 -1507.96 1747.82
30570 -1507.96 1747.82
30600 -1507.96 1747.82
30630 -1507.96 1747.82
30660 -1507.96 1747.82
30690 -1507.96 1747.82
30720 -1507.96 1747.82
30750 -1507.96 1747.82
30780 -1507.96 1747.82
30810 -1507.96 1747.82
30840 -1507.96 1747.82
30870 -1507.96 1747.82
30900 -1507.96 1747.82
30930 -1507.96 1747.82
30960 -1507.96 1747.82
30990 -1507.96 1747.82
31020 -1507.96 1747.82
31050 -1507.96 1747.82
31080 -1507.96 1747.82
31110 -1507.96 1747.82
31140 -1507.96 1747.82
31170 -1507.96 1747.82
31200 -1507.96 1747.82
31230 -1507.96 1747.82
31260 -1507.96 1747.82
31290 -1507.96 1747.82
31320 -1507.96 1747.82
31350 -1507.96 1747.82
31380 -1507.96 1747.82
31410 -1507.96 1747.82
31440 -1507.96 1747.82
31470 -1507.96 1747.82
31500 -1507.96 1747.82
31530 -1507.96 1747.82
31560 -1507.96 1747.82
31590 -1507.96 1747.82
31620 -1507.96 1747.82
31650 -1507.96 1747.82
31680 -1507.96 1747.82
31710 -1507.96 1747.82
31740 -1507.96 1747.82
31770 -1507.96 1747.82
31800 -1507.96 1747.82
31830 -1507.96 1747.82
31860 -1507.96 1747.82
31890 -1507.96 1747.82
31920 -1507.96 1747.82
31950 -1507.96 1747.82
31980 -1507.96 1747.82
32010 -1507.96 1747.82
32040 -1507.96 1747.82
32070 -1507.96 1747.82
32100 -1507.96 1747.82
32130 -1507.96 1747.82
32160 -1507.96 1747.82
32190 -1507.96 1747.82
32220 -1507.96 1747.82
32250 -1507.96 1747.82
32280 -1507.96 1747.82
32310 -1507.96 1747.82
32340 -1507.96 1747.82
32370 -1507.96 1747.82
32400 -1507.96 1747.82
32430 -1507.96 1747.82
32460 -1507.96 1747.82
32490 -1507.96 1747.82
32520 -1507.96 1747.82
32550 -1507.96 1747.82
32580 -1507.96 1747.82
32610 -1507.96 1747.82
32640 -1507.96 1747.82
32670 -1507.96 1747.82
32700 -1507.96 1747.82
32730 -1507.96 1747.82
32760 -1507.96 1747.82
32790 -1507.96 1747.82
32820 -1507.96 1747.82
32850 -1507.96 1747.82
32880 -1507.96 1747.82
32910 -1507.96 1747.82
32940 -1507.96 1747.82
32970 -1507.96 1747.82
33000 -1507.96 1747.82
33030 -1507.96 1747.82
33060 -1507.96 1747.82
33090 -1507.96 1747.82
33120 -1507.96 1747.82
33150 -1507.96 1747.82
33180 -1507.96 1747.82
33210 -1507.96 1747.82
33240 -1507.96 1747.82
33270 -1507.96 1747.82
33300 -1507.96 1747.82
33330 -1507.96 1747.82
33360 -1507.96 1747.82
33390 -1507.96 1747.82
33420 -1507.96 1747.82
33450 -1507.96 1747.82
33480 -1507.96 1747.82
33510 -1507.96 1747.82
33540 -1507.96 1747.82
33570 -1507.96 1747.82
33600 -1507.96 1747.82
33630 -1507.96 1747.82
33660 -1507.96 1747.82
33690 -1507.96 1747.82
33720 -1507.96 1747.82
33750 -1507.96 1747.82
33780 -1507.96 1747.82
33810 -1507.96 1747.82
33840 -1507.96 1747.82
33870 -1507.96 1747.82
33900 -1507.96 1747.82
33930 -1507.96 1747.82
33960 -1507.96 1747.82
33990 -1507.96 1747.82
34020 -1507.96 1747.82
34050 -1507.96 1747.82
34080 -1507.96 1747.82
34110 -1507.96 1747.82
34140 -1507.96 1747.82
34170 -1507.96 1747.82
34200 -1507.96 1747.82
34230 -1507.96 1747.82
34260 -1507.96 1747.82
34290 -1507.96 1747.82
34320 -1507.96 1747.82
34350 -1499.81 1738.45
34380 -1473.43 1708.1
34410 -1447.06 1677.76
34440 -1420.69 1647.42
34470 -1394.32 1617.08
34500 -1367.95 1586.74
34530 -1341.58 1556.4
34560 -1315.21 1526.06
34590 -1288.83 1495.71
34620 -1262.46 1465.37
34650 -1236.09 1435.03
34680 -1209.72 1404.69
34710 -1183.35 1374.35
34740 -1156.98 1344.01
34770 -1130.61 1313.67
34800 -1104.24 1283.33
34830 -1077.86 1252.98
34860 -1051.49 1222.64
34890 -1025.12 1192.3
34920 -998.751 1161.96
34950 -972.379 1131.62
34980 -946.008 1101.28
35010 -919.637 1070.94
35040 -893.266 1040.6
35070 -866.894 1010.25
35100 -840.523 979.913
35130 -814.152 949.571
35160 -787.78 919.23
35190 -761.409 888.889
35220 -735.038 858.547
35250 -708.667 828.206
35280 -682.295 797.865
35310 -655.924 767.523
35340 -629.553 737.182
35370 -603.181 706.841
35400 -576.81 676.499
35430 -550.439 646.158
35460 -524.068 615.817
35490 -497.696 585.475
35520 -471.325 555.134
35550 -444.954 524.793
35580 -418.582 494.452
35610 -392.211 464.11
35640 -365.84 433.769
35670 -339.469 403.428
35700 -313.097 373.086
35730 -286.726 342.745
35760 -260.355 312.404
35790 -233.983 282.062
35820 -207.612 251.721
35850 -181.241 221.38
35880 -154.87 191.038
35910 -128.498 160.697
35940 -102.127 130.356
35970 -75.7557 100.014
36000 -92.1771 70.3056
36030 -112.78 37.3685
36060 -104.457 -1.74888
36090 -108.625 -25.2145
36120 -84.7227 -40.9321
36150 -44.0372 -73.7504
36180 -30.7794 -64.3622
36210 -34.3587 -16.2698
36240 -30.8264 -62.973
36270 -30.8264 -62.973
36300 -30.8264 -62.973
36330 -30.8264 -62.973
36360 -30.8264 -62.973
36390 -30.8264 -62.973
36420 -30.8264 -62.973
36450 -30.8264 -62.973
36480 -30.8264 -62.973
36510 -30.8264 -62.973
36540 -30.8264 -62.973
36570 -30.8264 -62.973
36600 -30.8264 -62.973
36630 -30.8264 -62.973
36660 -30.8264 -62.973
36690 -30.8264 -62.973
36720 -30.8264 -62.973
36750 -30.8264 -62.973
36780 -30.8264 -62.973
36810 -30.8264 -62.973
36840 -30.8264 -62.973
36870 -30.8264 -62.973
36900 -30.8264 -62.973
36930 -30.8264 -62.973
36960 -30.8264 -62.973
36990 -30.8264 -62.973
37020 -30.8264 -62.973
37050 -30.8264 -62.973
37080 -30.8264 -62.973
37110 -30.8264 -62.973
37140 -30.8264 -62.973
37170 -30.8264 -62.973
37200 -30.8264 -62.973
37230 -30.8264 -62.973
37260 -30.8264 -62.973
37290 -30.8264 -62.973
37320 -30.8264 -62.973
37350 -30.8264 -62.973
37380 -30.8264 -62.973
37410 -30.8264 -62.973
37440 -30.8264 -62.973
37470 -30.8264 -62.973
37500 -30.8264 -62.973
37530 -30.8264 -62.973
37560 -30.8264 -62.973
37590 -30.8264 -62.973
37620 -30.8264 -62.973
37650 -30.8264 -62.973
37680 -30.8264 -62.973
37710 -30.8264 -62.973
37740 -30.8264 -62.973
37770 -30.8264 -62.973
37800 -30.8264 -62.973
37830 -30.8264 -62.973
37860 -30.8264 -62.973
37890 -30.8264 -62.973
37920 -30.8264 -62.973
37950 -30.8264 -62.973
37980 -30.8264 -62.973
38010 -30.8264 -62.973
38040 -30.8264 -62.973
38070 -30.8264 -62.973
38100 -30.8264 -62.973
38130 -30.8264 -62.973
38160 -30.8264 -62.973
38190 -30.8264 -62.973
38220 -30.8264 -62.973
38250 -30.8264 -62.973
38280 -30.8264 -62.973
38310 -30.8264 -62.973
38340 -30.8264 -62.973
38370 -30.8264 -62.973
38400 -30.8264 -62.973
38430 -30.8264 -62.973
38460 -30.8264 -62.973
38490 -30.8264 -62.973
38520 -30.8264 -62.973
38550 -30.8264 -62.973
38580 -30.8264 -62.973
38610 -30.8264 -62.973
38640 -30.8264 -62.973
38670 -30.8264 -62.973
38700 -30.8264 -62.973
38730 -30.8264 -62.973
38760 -30.8264 -62.973
38790 -30.8264 -62.973
38820 -30.8264 -62.973
38850 -30.8264 -62.973
38880 -30.8264 -62.973
38910 -30.8264 -62.973
38940 -30.8264 -62.973
38970 -30.8264 -62.973
39000 -30.8264 -62.973
39030 -30.8264 -62.973
39060 -30.8264 -62.973
39090 -30.8264 -62.973
39120 -30.8264 -62.973
39150 -30.8264 -62.973
39180 -30.8264 -62.973
39210 -30.8264 -62.973
39240 -30.8264 -62.973
39270 -30.8264 -62.973
39300 -30.8264 -62.973
39330 -30.8264 -62.973
39360 -30.8264 -62.973
39390 -30.8264 -62.973
39420 -30.8264 -62.973
39450 -30.8264 -62.973
39480 -30.8264 -62.973
39510 -30.8264 -62.973
39540 -30.8264 -62.973
39570 -30.8264 -62.973
39600 -30.8264 -62.973
39630 -30.8264 -62.973
39660 -30.8264 -62.973
39690 -30.8264 -62.973
39720 -30.8264 -62.973
39750 -30.8264 -62.973
39780 -30.8264 -62.973
39810 -30.8264 -62.973
39840 -30.8264 -62.973
39870 -30.8264 -62.973
39900 -30.8264 -62.973
39930 -30.8264 -62.973
39960 -30.8264 -62.973
39990 -30.8264 -62.973
40020 -30.8264 -62.973
40050 -30.8264 -62.973
40080 -30.8264 -62.973
40110 -30.8264 -62.973
40140 -30.8264 -62.973
40170 -30.8264 -62.973
40200 -30.8264 -62.973
40230 -30.8264 -62.973
40260 -30.8264 -62.973
40290 -30.8264 -62.973
40320 -30.8264 -62.973
40350 -30.8264 -62.973
40380 -30.8264 -62.973
40410 -30.8264 -62.973
40440 -30.8264 -62.973
40470 -30.8264 -62.973
40500 -30.8264 -62.973
40530 -30.8264 -62.973
40560 -30.8264 -62.973
40590 -30.8264 -62.973
40620 -30.8264 -62.973
40650 -30.8264 -62.973
40680 -30.8264 -62.973
40710 -30.8264 -62.973
40740 -30.8264 -62.973
40770 -30.8264 -62.973
40800 -30.8264 -62.973
40830 -30.8264 -62.973
40860 -30.8264 -62.973
40890 -30.8264 -62.973
40920 -30.8264 -62.973
40950 -30.8264 -62.973
40980 -30.8264 -62.973
41010 -30.8264 -62.973
41040 -30.8264 -62.973
41070 -30.8264 -62.973
41100 -30.8264 -62.973
41130 -30.8264 -62.973
41160 -30.8264 -62.973
41190 -30.8264 -62.973
41220 -30.8264 -62.973
41250 -30.8264 -62.973
41280 -30.8264 -62.973
41310 -30.8264 -62.973
41340 -30.8264 -62.973
41370 -30.8264 -62.973
41400 -30.8264 -62.973
41430 -30.8264 -62.973
41460 -30.8264 -62.973
41490 -30.8264 -62.973
41520 -30.8264 -62.973
41550 -30.8264 -62.973
41580 -30.8264 -62.973
41610 -30.8264 -62.973
41640 -30.8264 -62.973
41670 -30.8264 -62.973
41700 -30.8264 -62.973
41730 -30.8264 -62.973
41760 -30.8264 -62.973
41790 -30.8264 -62.973
41820 -30.8264 -62.973
41850 -30.8264 -62.973
41880 -30.8264 -62.973
41910 -30.8264 -62.973
41940 -30.8264 -62.973
41970 -30.8264 -62.973
42000 -30.8264 -62.973
42030 -30.8264 -62.973
42060 -30.8264 -62.973
42090 -30.8264 -62.973
42120 -30.8264 -62.973
42150 -30.8264 -62.973
42180 -30.8264 -62.973
42210 -30.8264 -62.973
42240 -30.8264 -62.973
42270 -30.8264 -62.973
42300 -30.8264 -62.973
42330 -30.8264 -62.973
42360 -30.8264 -62.973
42390 -30.8264 -62.973
42420 -30.8264 -62.973
42450 -30.8264 -62.973
42480 -30.8264 -62.973
42510 -30.8264 -62.973
42540 -30.8264 -62.973
42570 -30.8264 -62.973
42600 -30.8264 -62.973
42630 -30.8264 -62.973
42660 -30.8264 -62.973
42690 -30.8264 -62.973
42720 -30.8264 -62.973
42750 -30.8264 -62.973
42780 -30.8264 -62.973
42810 -30.8264 -62.973
42840 -53.4792 -47.6465
42870 -86.7744 -25.1195
42900 -120.07 -2.5925
42930 -153.365 19.9345
42960 -186.66 42.4615
42990 -219.955 64.9885
43020 -253.251 87.5155
43050 -286.546 110.042
43080 -319.841 132.569
43110 -353.137 155.096
43140 -386.432 177.623
43170 -419.727 200.15
43200 -453.022 222.677
43230 -486.318 245.204
43260 -519.613 267.731
43290 -552.908 290.258
43320 -586.203 312.785
43350 -619.499 335.312
43380 -652.794 357.839
43410 -686.089 380.366
43440 -719.384 402.893
43470 -752.68 425.42
43500 -785.975 447.947
43530 -819.27 470.474
43560 -852.565 493.001
43590 -1107.99 1021.26
43620 -1217.77 1330.16
43650 -1217.35 1344.71
43680 -1330.57 1392.94
43710 -1743.1 1327.51
43740 -1774.37 1324.55
43770 -1776.33 1321.19
43800 -1785.87 1319.38
43830 -1795.41 1317.57
43860 -1804.96 1315.76
43890 -1638.01 1320.81
43920 -1633.26 1300.03
43950 -1652.33 1304.52
43980 -1647.74 1296.06
44010 -1650.38 1310.13
44040 -1656.21 1311.71
44070 -1662.43 1304.84
44100 -1664.29 1307.58
44130 -1666.64 1295.52
44160 -1662.26 1310.85
44190 -1647.13 1317.92
44220 -1663.78 1312.74
44250 -1662.53 1312.07
44280 -1680.79 1287.3
44310 -1656.2 1311.78
44340 -1659.98 1314.36
44370 -1668.62 1300.43
44400 -1679.06 1281.75
44430 -1675.58 1288.97
44460 -1665.47 1305.67
44490 -1683.61 1285.24
44520 -1670.43 1284.88
44550 -1658.24 1288.97
44580 -1661.54 1304.19
44610 -1663.12 1307.56
44640 -1649.7 1316.6
44670 -1643.2 1316.1
44700 -1647 1316.97
44730 -1662.98 1300.39
44760 -1663.74 1288.97
44790 -1664.85 1306.32
44820 -1669.87 1320.17
44850 -1674.89 1334.02
44880 -1670.07 1316.78
44910 -1665.77 1299.65
44940 -1651.09 1307.65
44970 -1667.35 1309.35
45000 -1667.73 1307.59
45030 -1657.65 1296.34
45060 -1662.56 1302.75
45090 -1654.9 1293.54
45120 -1655.37 1299.53
45150 -1656.64 1306.66
45180 -1654.87 1284.33
45210 -1641.25 1243.06
45240 -1632.82 1244.88
45270 -1667.84 1288.48
45300 -1651.85 1311.9
45330 -1667.49 1294.98
45360 -1663.2 1305.17
45390 -1665.13 1303.63
45420 -1669.7 1328.81
45450 -1677.64 1313.3
45480 -1660.74 1304.41
45510 -1663.45 1286.24
45540 -1648.89 1320.84
45570 -1653.86 1321.36
45600 -1626.83 1302.29
45630 -1625.94 1295.24
45660 -1639.92 1292.18
45690 -1653.89 1289.12
45720 -1663.6 1289.6
45750 -1664.78 1297.16
45780 -1665.29 1300.44
45810 -1682.37 1271.09
45840 -1652.75 1303.91
45870 -1657.91 1316.56
45900 -1671.46 1293.97
45930 -1666.38 1295.61
45960 -1675.99 1300.38
45990 -1678.83 1291.18
46020 -1680.9 1284.96
46050 -1687.24 1292.8
46080 -1678.1 1290.2
46110 -1665.65 1292.62
46140 -1653.2 1295.03
46170 -1640.74 1297.44
46200 -1629.69 1300.89
46230 -1662.04 1307.12
46260 -1670.01 1300.06
46290 -1661.56 1310.01
46320 -1652.21 1296.54
46350 -1663.71 1309.79
46380 -1650.13 1297.82
46410 -1636.19 1308.15
46440 -1621.37 1338.54
46470 -1655.58 1300.66
46500 -1654.79 1316.13
46530 -1647.98 1303.36
46560 -1637.33 1316.05
46590 -1626.68 1328.74
46620 -1630.31 1323.23
46650 -1626.48 1292.95
46680 -1626.72 1301.33
46710 -1641.84 1312.28
46740 -1380.88 1366.78
46770 -1219.2 1180.16
46800 -1176.27 765.338
46830 -928.009 719.893
46860 -712.717 375.149
46890 -643.896 331.312
46920 -314.186 129.717
46950 -121.459 16.6196
46980 -78.0853 79.7769
47010 -71.2614 60.6057
47040 -64.4375 41.4344
47070 -80.1391 50.6478
47100 -105.338 10.9093
47130 -105.918 -1.97307
47160 -107.324 -3.75376
47190 -107.324 -3.75376
47220 -107.324 -3.75376
47250 -107.324 -3.75376
47280 -107.324 -3.75376
47310 -107.324 -3.75376
47340 -107.324 -3.75376
47370 -107.324 -3.75376
47400 -107.324 -3.75376
47430 -107.324 -3.75376
47460 -107.324 -3.75376
47490 -107.324 -3.75376
47520 -107.324 -3.75376
47550 -107.324 -3.75376
47580 -107.324 -3.75376
47610 -107.324 -3.75376
47640 -107.324 -3.75376
47670 -107.324 -3.75376
47700 -107.324 -3.75376
47730 -107.324 -3.75376
47760 -107.324 -3.75376
47790 -107.324 -3.75376
47820 -107.324 -3.75376
47850 -107.324 -3.75376
47880 -107.324 -3.75376
47910 -107.324 -3.75376
47940 -107.324 -3.75376
47970 -107.324 -3.75376
48000 -107.324 -3.75376
48030 -107.324 -3.75376
48060 -107.324 -3.75376
48090 -107.324 -3.75376
48120 -107.324 -3.75376
48150 -107.324 -3.75376
48180 -107.324 -3.75376
48210 -107.324 -3.75376
48240 -107.324 -3.75376
48270 -107.324 -3.75376
48300 -107.324 -3.75376
48330 -107.324 -3.75376
48360 -107.324 -3.75376
48390 -107.324 -3.75376
48420 -107.324 -3.75376
48450 -107.324 -3.75376
48480 -107.324 -3.75376
48510 -107.324 -3.75376
48540 -107.324 -3.75376
48570 -107.324 -3.75376
48600 -107.324 -3.75376
48630 -107.324 -3.75376
48660 -107.324 -3.75376
48690 -107.324 -3.75376
48720 -107.324 -3.75376
48750 -107.324 -3.75376
48780 -107.324 -3.75376
48810 -107.324 -3.75376
48840 -107.324 -3.75376
48870 -107.324 -3.75376
48900 -107.324 -3.75376
48930 -107.324 -3.75376
48960 -107.324 -3.75376
48990 -107.324 -3.75376
49020 -107.324 -3.75376
49050 -107.324 -3.75376
49080 -107.324 -3.75376
49110 -107.324 -3.75376
49140 -107.324 -3.75376
49170 -107.324 -3.75376
49200 -107.324 -3.75376
49230 -107.324 -3.75376
49260 -107.324 -3.75376
49290 -107.324 -3.75376
49320 -107.324 -3.75376
49350 -107.324 -3.75376
49380 -107.324 -3.75376
49410 -107.324 -3.75376
49440 -107.324 -3.75376
49470 -107.324 -3.75376
49500 -107.324 -3.75376
49530 -107.324 -3.75376
49560 -107.324 -3.75376
49590 -107.324 -3.75376
49620 -107.324 -3.75376
49650 -107.324 -3.75376
49680 -107.324 -3.75376
49710 -107.324 -3.75376
49740 -107.324 -3.75376
49770 -107.324 -3.75376
49800 -107.324 -3.75376
49830 -107.324 -3.75376
49860 -107.324 -3.75376
49890 -107.324 -3.75376
49920 -107.324 -3.75376
49950 -107.324 -3.75376
49980 -107.324 -3.75376
50010 -107.324 -3.75376
50040 -107.324 -3.75376
50070 -107.324 -3.75376
50100 -107.324 -3.75376
50130 -107.324 -3.75376
50160 -107.324 -3.75376
50190 -107.324 -3.75376
50220 -107.324 -3.75376
50250 -107.324 -3.75376
50280 -107.324 -3.75376
50310 -107.324 -3.75376
50340 -107.324 -3.75376
50370 -107.324 -3.75376
50400 -107.324 -3.75376
50430 -107.324 -3.75376
50460 -107.324 -3.75376
50490 -107.324 -3.75376
50520 -107.324 -3.75376
50550 -107.324 -3.75376
50580 -107.324 -3.75376
50610 -107.324 -3.75376
50640 -107.324 -3.75376
50670 -107.324 -3.75376
50700 -107.324 -3.75376
50730 -107.324 -3.75376
50760 -107.324 -3.75376
50790 -107.324 -3.75376
50820 -107.324 -3.75376
50850 -107.324 -3.75376
50880 -107.324 -3.75376
50910 -107.324 -3.75376
50940 -107.324 -3.75376
50970 -107.324 -3.75376
51000 -107.324 -3.75376
51030 -107.324 -3.75376
51060 -107.324 -3.75376
51090 -107.324 -3.75376
51120 -107.324 -3.75376
51150 -107.324 -3.75376
51180 -107.324 -3.75376
51210 -107.324 -3.75376
51240 -107.324 -3.75376
51270 -107.324 -3.75376
51300 -107.324 -3.75376
51330 -107.324 -3.75376
51360 -107.324 -3.75376
51390 -107.324 -3.75376
51420 -107.324 -3.75376
51450 -107.324 -3.75376
51480 -107.324 -3.75376
51510 -107.324 -3.75376
51540 -107.324 -3.75376
51570 -107.324 -3.75376
51600 -107.324 -3.75376
51630 -107.324 -3.75376
51660 -107.324 -3.75376
51690 -107.324 -3.75376
51720 -107.324 -3.75376
51750 -107.324 -3.75376
51780 -107.324 -3.75376
51810 -107.324 -3.75376
51840 -107.324 -3.75376
51870 -107.324 -3.75376
51900 -107.324 -3.75376
51930 -107.324 -3.75376
51960 -107.324 -3.75376
51990 -107.324 -3.75376
52020 -107.324 -3.75376
52050 -107.324 -3.75376
52080 -107.324 -3.75376
52110 -107.324 -3.75376
52140 -107.324 -3.75376
52170 -107.324 -3.75376
52200 -107.324 -3.75376
52230 -107.324 -3.75376
52260 -107.324 -3.75376
52290 -107.324 -3.75376
52320 -107.324 -3.75376
52350 -107.324 -3.75376
52380 -107.324 -3.75376
52410 -107.324 -3.75376
52440 -107.324 -3.75376
52470 -107.324 -3.75376
52500 -107.324 -3.75376
52530 -107.324 -3.75376
52560 -107.324 -3.75376
52590 -107.324 -3.75376
52620 -107.324 -3.75376
52650 -107.324 -3.75376
52680 -107.324 -3.75376
52710 -107.324 -3.75376
52740 -107.324 -3.75376
52770 -107.324 -3.75376
52800 -107.324 -3.75376
52830 -107.324 -3.75376
52860 -107.324 -3.75376
52890 -107.324 -3.75376
52920 -107.324 -3.75376
52950 -107.324 -3.75376
52980 -107.324 -3.75376
53010 -107.324 -3.75376
53040 -107.324 -3.75376
53070 -107.324 -3.75376
53100 -107.324 -3.75376
53130 -107.324 -3.75376
53160 -107.324 -3.75376
53190 -107.324 -3.75376
53220 -107.324 -3.75376
53250 -107.324 -3.75376
53280 -107.324 -3.75376
53310 -107.324 -3.75376
53340 -107.324 -3.75376
53370 -107.324 -3.75376
53400 -107.324 -3.75376
53430 -107.324 -3.75376
53460 -107.324 -3.75376
53490 -107.324 -3.75376
53520 -107.324 -3.75376
53550 -107.324 -3.75376
53580 -107.324 -3.75376
53610 -107.324 -3.75376
53640 -107.324 -3.75376
53670 -107.324 -3.75376
53700 -107.324 -3.75376
53730 -107.324 -3.75376
53760 -107.324 -3.75376
53790 -107.324 -3.75376
53820 -107.324 -3.75376
53850 -107.324 -3.75376
53880 -107.324 -3.75376
53910 -107.324 -3.75376
53940 -107.324 -3.75376
53970 -107.324 -3.75376
54000 -107.324 -3.75376
54030 -107.324 -3.75376
54060 -107.324 -3.75376
54090 -107.324 -3.75376
54120 -107.324 -3.75376
54150 -107.324 -3.75376
54180 -107.324 -3.75376
54210 -107.324 -3.75376
54240 -107.324 -3.75376
54270 -107.324 -3.75376
54300 -107.324 -3.75376
54330 -107.324 -3.75376
54360 -107.324 -3.75376
54390 -107.324 -3.75376
54420 -107.324 -3.75376
54450 -107.324 -3.75376
54480 -107.324 -3.75376
54510 -107.324 -3.75376
54540 -107.324 -3.75376
54570 -107.324 -3.75376
54600 -107.324 -3.75376
54630 -107.324 -3.75376
54660 -107.324 -3.75376
54690 -107.324 -3.75376
54720 -107.324 -3.75376
54750 -107.324 -3.75376
54780 -107.324 -3.75376
54810 -107.324 -3.75376
54840 -107.324 -3.75376
54870 -107.324 -3.75376
54900 -107.324 -3.75376
54930 -107.324 -3.75376
54960 -107.324 -3.75376
54990 -107.324 -3.75376
55020 -107.324 -3.75376
55050 -107.324 -3.75376
55080 -107.324 -3.75376
55110 -107.324 -3.75376
55140 -107.324 -3.75376
55170 -107.324 -3.75376
55200 -107.324 -3.75376
55230 -107.324 -3.75376
55260 -107.324 -3.75376
55290 -107.324 -3.75376
55320 -107.324 -3.75376
55350 -107.324 -3.75376
55380 -107.324 -3.75376
55410 -107.324 -3.75376
55440 -107.324 -3.75376
55470 -107.324 -3.75376
55500 -107.324 -3.75376
55530 -107.324 -3.75376
55560 -107.324 -3.75376
55590 -107.324 -3.75376
55620 -107.324 -3.75376
55650 -107.324 -3.75376
55680 -107.324 -3.75376
55710 -107.324 -3.75376
55740 -107.324 -3.75376
55770 -107.324 -3.75376
55800 -107.324 -3.75376
55830 -107.324 -3.75376
55860 -107.324 -3.75376
55890 -107.324 -3.75376
55920 -107.324 -3.75376
55950 -107.324 -3.75376
55980 -107.324 -3.75376
56010 -107.324 -3.75376
56040 -107.324 -3.75376
56070 -107.324 -3.75376
56100 -107.324 -3.75376
56130 -107.324 -3.75376
56160 -107.324 -3.75376
56190 -107.324 -3.75376
56220 -107.324 -3.75376
56250 -107.324 -3.75376
56280 -107.324 -3.75376
56310 -107.324 -3.75376
56340 -107.324 -3.75376
56370 -107.324 -3.75376
56400 -107.324 -3.75376
56430 -107.324 -3.75376
56460 -107.324 -3.75376
56490 -107.324 -3.75376
56520 -107.324 -3.75376
56550 -107.324 -3.75376
56580 -107.324 -3.75376
56610 -107.324 -3.75376
56640 -107.324 -3.75376
56670 -107.324 -3.75376
56700 -107.324 -3.75376
56730 -107.324 -3.75376
56760 -107.324 -3.75376
56790 -107.324 -3.75376
56820 -107.324 -3.75376
56850 -107.324 -3.75376
56880 -107.324 -3.75376
56910 -107.324 -3.75376
56940 -107.324 -3.75376
56970 -107.324 -3.75376
57000 -107.324 -3.75376
57030 -107.324 -3.75376
57060 -107.324 -3.75376
57090 -107.324 -3.75376
57120 -107.324 -3.75376
57150 -107.324 -3.75376
57180 -107.324 -3.75376
57210 -107.324 -3.75376
57240 -107.324 -3.75376
57270 -107.324 -3.75376
57300 -107.324 -3.75376
57330 -107.324 -3.75376
57360 -107.324 -3.75376
57390 -107.324 -3.75376
57420 -107.324 -3.75376
57450 -107.324 -3.75376
57480 -107.324 -3.75376
57510 -107.324 -3.75376
57540 -107.324 -3.75376
57570 -107.324 -3.75376
57600 -107.324 -3.75376
57630 -107.324 -3.75376
57660 -107.324 -3.75376
57690 -107.324 -3.75376
57720 -107.324 -3.75376
57750 -107.324 -3.75376
57780 -107.324 -3.75376
57810 -107.324 -3.75376
57840 -107.324 -3.75376
57870 -107.324 -3.75376
57900 -107.324 -3.75376
57930 -107.324 -3.75376
57960 -107.324 -3.75376
57990 -107.324 -3.75376
58020 -107.324 -3.75376
58050 -107.324 -3.75376
58080 -107.324 -3.75376
58110 -107.324 -3.75376
58140 -107.324 -3.75376
58170 -107.324 -3.75376
58200 -107.324 -3.75376
58230 -107.324 -3.75376
58260 -107.324 -3.75376
58290 -107.324 -3.75376
58320 -107.324 -3.75376
58350 -107.324 -3.75376
58380 -107.324 -3.75376
58410 -107.324 -3.75376
58440 -107.324 -3.75376
58470 -107.324 -3.75376
58500 -107.324 -3.75376
58530 -107.324 -3.75376
58560 -107.324 -3.75376
58590 -107.324 -3.75376
58620 -107.324 -3.75376
58650 -107.324 -3.75376
58680 -107.324 -3.75376
58710 -107.324 -3.75376
58740 -107.324 -3.75376
58770 -107.324 -3.75376
58800 -107.324 -3.75376
58830 -107.324 -3.75376
58860 -107.324 -3.75376
58890 -107.324 -3.75376
58920 -107.324 -3.75376
58950 -107.324 -3.75376
58980 -107.324 -3.75376
59010 -107.324 -3.75376
59040 -107.324 -3.75376
59070 -107.324 -3.75376
59100 -107.324 -3.75376
59130 -107.324 -3.75376
59160 -107.324 -3.75376
59190 -107.324 -3.75376
59220 -107.324 -3.75376
59250 -107.324 -3.75376
59280 -107.324 -3.75376
59310 -107.324 -3.75376
59340 -107.324 -3.75376
59370 -107.324 -3.75376
59400 -107.324 -3.75376
59430 -107.324 -3.75376
59460 -107.324 -3.75376
59490 -107.324 -3.75376
59520 -107.324 -3.75376
59550 -107.324 -3.75376
59580 -107.324 -3.75376
59610 -107.324 -3.75376
59640 -107.324 -3.75376
59670 -107.324 -3.75376
59700 -107.324 -3.75376
59730 -107.324 -3.75376
59760 -107.324 -3.75376
59790 -107.324 -3.75376
59820 -107.324 -3.75376
59850 -107.324 -3.75376
59880 -107.324 -3.75376
59910 -107.324 -3.75376
59940 -107.324 -3.75376
59970 -107.324 -3.75376
60000 -107.324 -3.75376
60030 -107.324 -3.75376
60060 -107.324 -3.75376
60090 -107.324 -3.75376
60120 -107.324 -3.75376
60150 -107.324 -3.75376
60180 -107.324 -3.75376
60210 -107.324 -3.75376
60240 -107.324 -3.75376
60270 -107.324 -3.75376
60300 -107.324 -3.75376
60330 -107.324 -3.75376
60360 -107.324 -3.75376
60390 -107.324 -3.75376
60420 -107.324 -3.75376
60450 -107.324 -3.75376
60480 -107.324 -3.75376
60510 -107.324 -3.75376
60540 -107.324 -3.75376
60570 -107.324 -3.75376
60600 -107.324 -3.75376
60630 -107.324 -3.75376
60660 -107.324 -3.75376
60690 -107.324 -3.75376
60720 -107.324 -3.75376
60750 -107.324 -3.75376
60780 -107.324 -3.75376
60810 -107.324 -3.75376
60840 -107.324 -3.75376
60870 -107.324 -3.75376
60900 -107.324 -3.75376
60930 -107.324 -3.75376
60960 -107.324 -3.75376
60990 -107.324 -3.75376
61020 -107.324 -3.75376
61050 -107.324 -3.75376
61080 -107.324 -3.75376
61110 -107.324 -3.75376
61140 -107.324 -3.75376
61170 -107.324 -3.75376
61200 -107.324 -3.75376
61230 -107.324 -3.75376
61260 -107.324 -3.75376
61290 -107.324 -3.75376
61320 -107.324 -3.75376
61350 -107.324 -3.75376
61380 -107.324 -3.75376
61410 -107.324 -3.75376
61440 -107.324 -3.75376
61470 -107.324 -3.75376
61500 -107.324 -3.75376
61530 -107.324 -3.75376
61560 -107.324 -3.75376
61590 -107.324 -3.75376
61620 -107.324 -3.75376
61650 -107.324 -3.75376
61680 -107.324 -3.75376
61710 -107.324 -3.75376
61740 -107.324 -3.75376
61770 -107.324 -3.75376
61800 -107.324 -3.75376
61830 -107.324 -3.75376
61860 -107.324 -3.75376
61890 -107.324 -3.75376
61920 -107.324 -3.75376
61950 -107.324 -3.75376
61980 -107.324 -3.75376
62010 -107.324 -3.75376
62040 -107.324 -3.75376
62070 -107.324 -3.75376
62100 -107.324 -3.75376
62130 -107.324 -3.75376
62160 -107.324 -3.75376
62190 -107.324 -3.75376
62220 -107.324 -3.75376
62250 -107.324 -3.75376
62280 -107.324 -3.75376
62310 -107.324 -3.75376
62340 -107.324 -3.75376
62370 -107.324 -3.75376
62400 -107.324 -3.75376
62430 -107.324 -3.75376
62460 -107.324 -3.75376
62490 -107.324 -3.75376
62520 -107.324 -3.75376
62550 -107.324 -3.75376
62580 -107.324 -3.75376
62610 -107.324 -3.75376
62640 -107.324 -3.75376
62670 -107.324 -3.75376
62700 -107.324 -3.75376
62730 -107.324 -3.75376
62760 -107.324 -3.75376
62790 -107.324 -3.75376
62820 -107.324 -3.75376
62850 -107.324 -3.75376
62880 -107.324 -3.75376
62910 -107.324 -3.75376
62940 -107.324 -3.75376
62970 -107.324 -3.75376
63000 -107.324 -3.75376
63030 -107.324 -3.75376
63060 -107.324 -3.75376
63090 -107.324 -3.75376
63120 -107.324 -3.75376
63150 -107.324 -3.75376
63180 -107.324 -3.75376
63210 -107.324 -3.75376
63240 -107.324 -3.75376
63270 -107.324 -3.75376
63300 -107.324 -3.75376
63330 -107.324 -3.75376
63360 -107.324 -3.75376
63390 -107.324 -3.75376
63420 -107.324 -3.75376
63450 -107.324 -3.75376
63480 -107.324 -3.75376
63510 -107.324 -3.75376
63540 -107.324 -3.75376
63570 -107.324 -3.75376
63600 -107.324 -3.75376
63630 -107.324 -3.75376
63660 -107.324 -3.75376
63690 -107.324 -3.75376
63720 -107.324 -3.75376
63750 -107.324 -3.75376
63780 -107.324 -3.75376
63810 -107.324 -3.75376
63840 -107.324 -3.75376
63870 -107.324 -3.75376
63900 -107.324 -3.75376
63930 -107.324 -3.75376
63960 -107.324 -3.75376
63990 -107.324 -3.75376
64020 -107.324 -3.75376
64050 -107.324 -3.75376
64080 -107.324 -3.75376
64110 -107.324 -3.75376
64140 -107.324 -3.75376
64170 -107.324 -3.75376
64200 -107.324 -3.75376
64230 -107.324 -3.75376
64260 -107.324 -3.75376
64290 -107.324 -3.75376
64320 -107.324 -3.75376
64350 -107.324 -3.75376
64380 -107.324 -3.75376
64410 -107.324 -3.75376
64440 -107.324 -3.75376
64470 -107.324 -3.75376
64500 -107.324 -3.75376
64530 -107.324 -3.75376
64560 -107.324 -3.75376
64590 -107.324 -3.75376
64620 -107.324 -3.75376
64650 -107.324 -3.75376
64680 -107.324 -3.75376
64710 -107.324 -3.75376
64740 -107.324 -3.75376
64770 -107.324 -3.75376
64800 -107.324 -3.75376
64830 -107.324 -3.75376
64860 -107.324 -3.75376
64890 -107.324 -3.75376
64920 -107.324 -3.75376
64950 -107.324 -3.75376
64980 -107.324 -3.75376
65010 -107.324 -3.75376
65040 -107.324 -3.75376
65070 -107.324 -3.75376
65100 -107.324 -3.75376
65130 -107.324 -3.75376
65160 -107.324 -3.75376
65190 -107.324 -3.75376
65220 -107.324 -3.75376
65250 -107.324 -3.75376
65280 -107.324 -3.75376
65310 -107.324 -3.75376
65340 -107.324 -3.75376
65370 -107.324 -3.75376
65400 -107.324 -3.75376
65430 -107.324 -3.75376
65460 -107.324 -3.75376
65490 -107.324 -3.75376
65520 -107.324 -3.75376
65550 -107.324 -3.75376
65580 -107.324 -3.75376
65610 -107.324 -3.75376
65640 -107.324 -3.75376
65670 -107.324 -3.75376
65700 -107.324 -3.75376
65730 -107.324 -3.75376
65760 -107.324 -3.75376
65790 -107.324 -3.75376
65820 -107.324 -3.75376
65850 -107.324 -3.75376
65880 -107.324 -3.75376
65910 -107.324 -3.75376
65940 -107.324 -3.75376
65970 -107.324 -3.75376
66000 -107.324 -3.75376
66030 -107.324 -3.75376
66060 -107.324 -3.75376
66090 -107.324 -3.75376
66120 -107.324 -3.75376
66150 -107.324 -3.75376
66180 -107.324 -3.75376
66210 -107.324 -3.75376
66240 -107.324 -3.75376
66270 -107.324 -3.75376
66300 -107.324 -3.75376
66330 -107.324 -3.75376
66360 -107.324 -3.75376
66390 -107.324 -3.75376
66420 -107.324 -3.75376
66450 -107.324 -3.75376
66480 -107.324 -3.75376
66510 -107.324 -3.75376
66540 -107.324 -3.75376
66570 -107.324 -3.75376
66600 -107.324 -3.75376
66630 -107.324 -3.75376
66660 -107.324 -3.75376
66690 -107.324 -3.75376
66720 -107.324 -3.75376
66750 -107.324 -3.75376
66780 -107.324 -3.75376
66810 -107.324 -3.75376
66840 -107.324 -3.75376
66870 -107.324 -3.75376
66900 -107.324 -3.75376
66930 -107.324 -3.75376
66960 -107.324 -3.75376
66990 -107.324 -3.75376
67020 -107.324 -3.75376
67050 -107.324 -3.75376
67080 -107.324 -3.75376
67110 -107.324 -3.75376
67140 -107.324 -3.75376
67170 -107.324 -3.75376
67200 -107.324 -3.75376
67230 -107.324 -3.75376
67260 -107.324 -3.75376
67290 -107.324 -3.75376
67320 -107.324 -3.75376
67350 -107.324 -3.75376
67380 -107.324 -3.75376
67410 -107.324 -3.75376
67440 -107.324 -3.75376
67470 -107.324 -3.75376
67500 -107.324 -3.75376
67530 -107.324 -3.75376
67560 -107.324 -3.75376
67590 -107.324 -3.75376
67620 -107.324 -3.75376
67650 -107.324 -3.75376
67680 -107.324 -3.75376
67710 -107.324 -3.75376
67740 -107.324 -3.75376
67770 -107.324 -3.75376
67800 -107.324 -3.75376
67830 -107.324 -3.75376
67860 -107.324 -3.75376
67890 -107.324 -3.75376
67920 -107.324 -3.75376
67950 -107.324 -3.75376
67980 -107.324 -3.75376
68010 -107.324 -3.75376
68040 -107.324 -3.75376
68070 -107.324 -3.75376
68100 -107.324 -3.75376
68130 -107.324 -3.75376
68160 -107.324 -3.75376
68190 -107.324 -3.75376
68220 -107.324 -3.75376
68250 -107.324 -3.75376
68280 -107.324 -3.75376
68310 -107.324 -3.75376
68340 -107.324 -3.75376
68370 -107.324 -3.75376
68400 -107.324 -3.75376
68430 -107.324 -3.75376
68460 -107.324 -3.75376
68490 -107.324 -3.75376
68520 -107.324 -3.75376
68550 -107.324 -3.75376
68580 -107.324 -3.75376
68610 -107.324 -3.75376
68640 -107.324 -3.75376
68670 -107.324 -3.75376
68700 -107.324 -3.75376
68730 -107.324 -3.75376
68760 -107.324 -3.75376
68790 -132.039 24.9619
68820 -158.262 55.431
68850 -184.486 85.9002
68880 -210.709 116.369
68910 -236.933 146.838
68940 -263.156 177.308
68970 -289.38 207.777
69000 -315.603 238.246
69030 -341.827 268.715
69060 -368.05 299.184
69090 -394.274 329.653
69120 -420.497 360.122
69150 -446.721 390.591
69180 -472.944 421.061
69210 -499.168 451.53
69240 -525.391 481.999
69270 -551.615 512.468
69300 -577.838 542.937
69330 -604.062 573.406
69360 -630.285 603.875
69390 -656.509 634.344
69420 -682.732 664.814
69450 -708.956 695.283
69480 -735.179 725.752
69510 -761.403 756.221
69540 -787.626 786.69
69570 -813.85 817.159
69600 -840.073 847.628
69630 -866.297 878.097
69660 -892.521 908.567
69690 -918.744 939.036
69720 -944.968 969.505
69750 -971.191 999.974
69780 -997.415 1030.44
69810 -1023.64 1060.91
69840 -1049.86 1091.38
69870 -1076.09 1121.85
69900 -1102.31 1152.32
69930 -1128.53 1182.79
69960 -1154.76 1213.26
69990 -1180.98 1243.73
70020 -1207.2 1274.2
70050 -1233.43 1304.67
70080 -1259.65 1335.13
70110 -1285.87 1365.6
70140 -1312.1 1396.07
70170 -1338.32 1426.54
70200 -1364.54 1457.01
70230 -1390.77 1487.48
70260 -1416.99 1517.95
70290 -1443.21 1548.42
70320 -1469.44 1578.89
70350 -1495.66 1609.36
70380 -1521.88 1639.83
70410 -1548.11 1670.29
70440 -1574.33 1700.76
70470 -1556.91 1729.83
70500 -1558.42 1719.9
70530 -1539.52 1737.61
70560 -1522.95 1749.38
70590 -1513.61 1743.92
70620 -1523.97 1750.69
70650 -1519.83 1764.12
70680 -1476.77 1688.52
70710 -1500.54 1708.51
70740 -1515.2 1757.77
70770 -1509.79 1719.96
70800 -1520.25 1757.54
70830 -1512.05 1741.44
70860 -1512.51 1743.01
70890 -1521.86 1770.36
70920 -1509.14 1756.25
70950 -1500.98 1720.71
70980 -1499.42 1716.8
71010 -1497.85 1712.9
71040 -1496.29 1708.99
71070 -1494.72 1705.08
71100 -1514.46 1755.28
71130 -1531.32 1818.52
71160 -1531.52 1812.03
71190 -1529.43 1806.12
71220 -1525.45 1790.3
71250 -1523.37 1776.65
71280 -1521.29 1762.99
71310 -1519.21 1749.34
71340 -1517.13 1735.69
71370 -1515.05 1722.03
71400 -1511.23 1735.83
71430 -1511.34 1738.46
71460 -1511.44 1741.08
71490 -1511.54 1743.7
71520 -1511.65 1746.33
71550 -1511.75 1748.95
71580 -1511.85 1751.58
71610 -1494.86 1670.35
71640 -1513.07 1785.98
71670 -1514.94 1743.21
71700 -1517.08 1767.25
71730 -1519.21 1791.28
71760 -1521.35 1815.32
71790 -1523.49 1839.35
71820 -1513.74 1772.42
71850 -1513.74 1772.42
71880 -1513.74 1772.42
71910 -1513.74 1772.42
71940 -1513.74 1772.42
71970 -1513.74 1772.42
72000 -1513.74 1772.42
72030 -1513.74 1772.42
72060 -1513.74 1772.42
72090 -1513.74 1772.42
72120 -1513.74 1772.42
72150 -1513.74 1772.42
72180 -1513.74 1772.42
72210 -1513.74 1772.42
72240 -1513.74 1772.42
72270 -1513.74 1772.42
72300 -1513.74 1772.42
72330 -1513.74 1772.42
72360 -1513.74 1772.42
72390 -1513.74 1772.42
72420 -1513.74 1772.42
72450 -1513.74 1772.42
72480 -1513.74 1772.42
72510 -1513.74 1772.42
72540 -1513.74 1772.42
72570 -1513.74 1772.42
72600 -1513.74 1772.42
72630 -1513.74 1772.42
72660 -1513.74 1772.42
72690 -1513.74 1772.42
72720 -1513.74 1772.42
72750 -1513.74 1772.42
72780 -1513.74 1772.42
72810 -1513.74 1772.42
72840 -1513.74 1772.42
72870 -1513.74 1772.42
72900 -1513.74 1772.42
72930 -1513.74 1772.42
72960 -1513.74 1772.42
72990 -1513.74 1772.42
73020 -1513.74 1772.42
73050 -1513.74 1772.42
73080 -1513.74 1772.42
73110 -1513.74 1772.42
73140 -1513.74 1772.42
73170 -1513.74 1772.42
73200 -1513.74 1772.42
73230 -1513.74 1772.42
73260 -1513.74 1772.42
73290 -1513.74 1772.42
73320 -1513.74 1772.42
73350 -1513.74 1772.42
73380 -1513.74 1772.42
73410 -1513.74 1772.42
73440 -1513.74 1772.42
73470 -1513.74 1772.42
73500 -1513.74 1772.42
73530 -1513.74 1772.42
73560 -1513.74 1772.42
73590 -1513.74 1772.42
73620 -1513.74 1772.42
73650 -1513.74 1772.42
73680 -1513.74 1772.42
73710 -1513.74 1772.42
73740 -1513.74 1772.42
73770 -1513.74 1772.42
73800 -1513.74 1772.42
73830 -1513.74 1772.42
73860 -1513.74 1772.42
73890 -1513.74 1772.42
73920 -1513.74 1772.42
73950 -1513.74 1772.42
73980 -1513.74 1772.42
74010 -1513.74 1772.42
74040 -1513.74 1772.42
74070 -1513.74 1772.42
74100 -1513.74 1772.42
74130 -1513.74 1772.42
74160 -1513.74 1772.42
74190 -1513.74 1772.42
74220 -1513.74 1772.42
74250 -1513.74 1772.42
74280 -1513.74 1772.42
74310 -1513.74 1772.42
74340 -1513.74 1772.42
74370 -1513.74 1772.42
74400 -1513.74 1772.42
74430 -1513.74 1772.42
74460 -1513.74 1772.42
74490 -1513.74 1772.42
74520 -1513.74 1772.42
74550 -1513.74 1772.42
74580 -1513.74 1772.42
74610 -1513.74 1772.42
74640 -1513.74 1772.42
74670 -1513.74 1772.42
74700 -1513.74 1772.42
74730 -1513.74 1772.42
74760 -1513.74 1772.42
74790 -1513.74 1772.42
74820 -1513.74 1772.42
74850 -1513.74 1772.42
74880 -1513.74 1772.42
74910 -1513.74 1772.42
74940 -1513.74 1772.42
74970 -1513.74 1772.42
75000 -1513.74 1772.42
75030 -1513.74 1772.42
75060 -1513.74 1772.42
75090 -1513.74 1772.42
75120 -1513.74 1772.42
75150 -1513.74 1772.42
75180 -1513.74 1772.42
75210 -1513.74 1772.42
75240 -1513.74 1772.42
75270 -1513.74 1772.42
75300 -1513.74 1772.42
75330 -1513.74 1772.42
75360 -1513.74 1772.42
75390 -1513.74 1772.42
75420 -1513.74 1772.42
75450 -1513.74 1772.42
75480 -1513.74 1772.42
75510 -1513.74 1772.42
75540 -1513.74 1772.42
75570 -1513.74 1772.42
75600 -1513.74 1772.42
75630 -1513.74 1772.42
75660 -1513.74 1772.42
75690 -1513.74 1772.42
75720 -1513.74 1772.42
75750 -1513.74 1772.42
75780 -1513.74 1772.42
75810 -1513.74 1772.42
75840 -1513.74 1772.42
75870 -1513.74 1772.42
75900 -1513.74 1772.42
75930 -1513.74 1772.42
75960 -1513.74 1772.42
75990 -1513.74 1772.42
76020 -1513.74 1772.42
76050 -1513.74 1772.42
76080 -1513.74 1772.42
76110 -1513.74 1772.42
76140 -1513.74 1772.42
76170 -1513.74 1772.42
76200 -1513.74 1772.42
76230 -1513.74 1772.42
76260 -1513.74 1772.42
76290 -1513.74 1772.42
76320 -1513.74 1772.42
76350 -1513.74 1772.42
76380 -1513.74 1772.42
76410 -1513.74 1772.42
76440 -1513.74 1772.42
76470 -1513.74 1772.42
76500 -1513.74 1772.42
76530 -1513.74 1772.42
76560 -1513.74 1772.42
76590 -1513.74 1772.42
76620 -1513.74 1772.42
76650 -1513.74 1772.42
76680 -1513.74 1772.42
76710 -1513.74 1772.42
76740 -1513.74 1772.42
76770 -1513.74 1772.42
76800 -1513.74 1772.42
76830 -1513.74 1772.42
76860 -1513.74 1772.42
76890 -1513.74 1772.42
76920 -1513.74 1772.42
76950 -1513.74 1772.42
76980 -1513.74 1772.42
77010 -1513.74 1772.42
77040 -1513.74 1772.42
77070 -1513.74 1772.42
77100 -1513.74 1772.42
77130 -1513.74 1772.42
77160 -1513.74 1772.42
77190 -1513.74 1772.42
77220 -1513.74 1772.42
77250 -1513.74 1772.42
77280 -1513.74 1772.42
77310 -1518.54 1768.17
77340 -1548.67 1741.56
77370 -1578.79 1714.94
77400 -1580.79 1703.03
77430 -1578.69 1682.64
77460 -1574.05 1653.87
77490 -1567.06 1634.97
77520 -1583.43 1602.32
77550 -1572.62 1625.82
77580 -1507.61 1635.77
77610 -1225.81 1620.73
77640 -1216.49 1440.7
77670 -1213.7 1431.01
77700 -1213.32 1428.63
77730 -949.114 1341.79
77760 -541.115 1121.91
77790 -261.766 972.081
77820 -197.659 926.391
77850 -414.466 574.206
77880 -160.002 525.811
77910 233.079 404.047
77940 111.702 183.726
77970 19.1062 7.80945
78000 29.3398 10.8687
78030 21.2567 -17.3951
78060 -4.4766 -32.1159
78090 -20.1541 -36.7114
77460 -1574.05 1653.87
