0 -1584.18 -307.425
30 -1586.36 -304.654
60 -1591.97 -310.37
90 -1589.75 -310.467
120 -1584.3 -308.436
150 -1588.77 -314.499
180 -1593.24 -320.562
210 -1597.71 -326.625
240 -1598.05 -326.666
270 -1596.88 -324.518
300 -1595.71 -322.371
330 -1594.54 -320.223
360 -1593.37 -318.075
390 -1592.2 -315.927
420 -1591.03 -313.779
450 -1589.9 -311.623
480 -1588.97 -309.427
510 -1588.04 -307.231
540 -1587.12 -305.034
570 -1587.93 -299.243
600 -1592.54 -299.394
630 -1593.11 -304.748
660 -1589.92 -307.706
690 -1586.74 -310.665
720 -1583.56 -313.624
750 -1583.15 -311.672
780 -1583.43 -308.493
810 -1583.72 -305.314
840 -1584.01 -302.136
870 -1584.29 -298.957
900 -1584.58 -295.778
930 -1584.87 -292.599
960 -1584.18 -283.214
990 -1584.74 -341.981
1020 -1588.74 -349.73
1050 -1589.14 -345.069
1080 -1589.55 -340.408
1110 -1589.95 -335.747
1140 -1590.35 -331.086
1170 -1590.75 -326.425
1200 -1591.15 -321.763
1230 -1591.56 -317.102
1260 -1591.96 -312.441
1290 -1592.36 -307.78
1320 -1592.75 -314.935
1350 -1595.6 -310.013
1380 -1598.94 -305.075
1410 -1603.12 -301.031
1440 -1607.29 -296.987
1470 -1611.47 -292.943
1500 -1610.16 -295.892
1530 -1606.49 -301.838
1560 -1602.82 -307.784
1590 -1603 -312.194
1620 -1597.93 -313.36
1650 -1593.09 -305.189
1680 -1590.85 -291.149
1710 -1590.32 -294.445
1740 -1589.78 -297.741
1770 -1589.54 -300.216
1800 -1589.3 -302.691
1830 -1589.06 -305.166
1860 -1588.82 -307.641
1890 -1588.58 -310.116
1920 -1588.34 -312.591
1950 -1588.1 -315.066
1980 -1587.86 -317.541
2010 -1587.62 -320.016
2040 -1587.52 -321.006
2070 -1587.52 -321.006
2100 -1587.52 -321.006
2130 -1587.52 -321.006
2160 -1587.52 -321.006
2190 -1587.52 -321.006
2220 -1587.52 -321.006
2250 -1587.52 -321.006
2280 -1587.52 -321.006
2310 -1587.52 -321.006
2340 -1587.52 -321.006
2370 -1587.52 -321.006
2400 -1587.52 -321.006
2430 -1587.52 -321.006
2460 -1604.86 -289.809
2490 -1599.36 -276.034
2520 -1599.36 -276.034
2550 -1599.36 -276.034
2580 -1599.36 -276.034
2610 -1599.36 -276.034
2640 -1599.36 -276.034
2670 -1599.36 -276.034
2700 -1599.36 -276.034
2730 -1599.36 -276.034
2760 -1599.36 -276.034
2790 -1599.36 -276.034
2820 -1599.36 -276.034
2850 -1598.67 -287.265
2880 -1598.09 -296.627
2910 -1598.09 -296.627
2940 -1598.09 -296.627
2970 -1598.09 -296.627
3000 -1598.09 -296.627
3030 -1598.09 -296.627
3060 -1598.09 -296.627
3090 -1598.09 -296.627
3120 -1598.09 -296.627
3150 -1598.09 -296.627
3180 -1598.09 -296.627
3210 -1598.09 -296.627
3240 -1594.37 -307.657
3270 -1601.84 -320.531
3300 -1610.15 -325.013
3330 -1599.93 -327.763
3360 -1595.63 -308.79
3390 -1595.65 -307.203
3420 -1595.65 -307.203
3450 -1595.65 -307.203
3480 -1595.65 -307.203
3510 -1595.65 -307.203
3540 -1595.65 -307.203
3570 -1595.65 -307.203
3600 -1595.65 -307.203
3630 -1595.65 -307.203
3660 -1595.65 -307.203
3690 -1596.16 -307.046
3720 -1615 -306.789
3750 -1600.99 -306.59
3780 -1596.74 -303.108
3810 -1596.74 -299.264
3840 -1596.74 -295.42
3870 -1594.43 -297.998
3900 -1597.21 -304.819
3930 -1595.08 -303.444
3960 -1596.34 -307.457
3990 -1604.8 -314.086
4020 -1601.41 -313.301
4050 -1597.55 -313.062
4080 -1595.96 -312.037
4110 -1594.38 -311.012
4140 -1593.58 -308.562
4170 -1596.38 -308.666
4200 -1600.66 -311.329
4230 -1604.33 -311.986
4260 -1604.93 -302.62
4290 -1596.74 -296.828
4320 -1598.4 -305.745
4350 -1596.83 -310.268
4380 -1588.12 -302.87
4410 -1585.54 -299.787
4440 -1585.85 -296.152
4470 -1592.9 -291.229
4500 -1599.95 -286.305
4530 -1603.13 -287.865
4560 -1604.65 -292.204
4590 -1606.18 -296.543
4620 -1607.7 -300.882
4650 -1608.21 -304.471
4680 -1602.13 -303.187
4710 -1596.05 -301.902
4740 -1594.15 -310.786
4770 -1594.74 -323.674
4800 -1592.29 -324.17
4830 -1588.38 -319.781
4860 -1584.47 -315.392
4890 -1585.15 -312.8
4920 -1586.75 -310.567
4950 -1588.35 -308.334
4980 -1589.95 -306.101
5010 -1591.55 -303.868
5040 -1592.5 -302.281
5070 -1591.94 -302.204
5100 -1591.23 -299.861
5130 -1590.44 -310.493
5160 -1593.9 -309.255
5190 -1587.94 -298.483
5220 -1583.65 -288.019
5250 -1587.63 -289.332
5280 -1591.85 -297.424
5310 -1596.02 -298.263
5340 -1598.61 -298.417
5370 -1594.9 -297.903
5400 -1591.29 -297.396
5430 -1590.57 -297.087
5460 -1589.84 -296.778
5490 -1589.11 -296.469
5520 -1588.29 -297.506
5550 -1588.81 -299.391
5580 -1595.24 -297.623
5610 -1591 -294.401
5640 -1589.07 -298.14
5670 -1589.74 -303.561
5700 -1589.57 -307.232
5730 -1587.07 -306.089
5760 -1591.05 -290.853
5790 -1594.99 -295.012
5820 -1599.09 -300.058
5850 -1604.02 -302.609
5880 -1608.95 -305.16
5910 -1608.41 -305.322
5940 -1606.2 -304.757
5970 -1604.02 -304.531
6000 -1601.85 -304.531
6030 -1599.68 -304.531
6060 -1597.95 -304.333
6090 -1597.4 -303.591
6120 -1600.1 -302.285
6150 -1603.78 -300.808
6180 -1607.47 -299.331
6210 -1611.15 -297.854
6240 -1614.83 -296.377
6270 -1613.25 -300.679
6300 -1607.64 -309.401
6330 -1602.03 -318.123
6360 -1598.57 -312.688
6390 -1595.91 -302.104
6420 -1584.09 -306.286
6450 -1589.06 -304.308
6480 -1589.06 -304.308
6510 -1589.06 -304.308
6540 -1589.06 -304.308
6570 -1589.06 -304.308
6600 -1589.06 -304.308
6630 -1589.06 -304.308
6660 -1589.06 -304.308
6690 -1589.06 -304.308
6720 -1589.06 -304.308
6750 -1589.33 -303.126
6780 -1589.75 -296.593
6810 -1588.01 -298.22
6840 -1586.9 -299.392
6870 -1588.3 -298.746
6900 -1589.7 -298.1
6930 -1591.89 -298.434
6960 -1601.26 -307.594
6990 -1600.95 -319.688
7020 -1593.61 -315.846
7050 -1601.04 -317.221
7080 -1601.24 -316.534
7110 -1601.53 -316.142
7140 -1601.81 -315.75
7170 -1602.1 -315.358
7200 -1602.39 -314.966
7230 -1602.68 -314.574
7260 -1602.96 -314.181
7290 -1603.25 -313.789
7320 -1604.33 -314.139
7350 -1612.5 -321.163
7380 -1615.33 -324.327
7410 -1594.28 -304.63
7440 -1590.85 -290.168
7470 -1585.07 -278.553
7500 -1585.17 -292.677
7530 -1601.93 -307.968
7560 -1599.52 -313.741
7590 -1596.74 -308.624
7620 -1593.96 -303.506
7650 -1591.28 -299.333
7680 -1586.63 -293.694
7710 -1585.39 -294.388
7740 -1585.43 -296.91
7770 -1585.46 -299.432
7800 -1585.5 -301.954
7830 -1585.33 -303.952
7860 -1584.23 -301.114
7890 -1586.15 -302.033
7920 -1588.07 -302.952
7950 -1589.99 -303.871
7980 -1591.92 -304.79
8010 -1593.84 -305.709
8040 -1595.76 -306.628
8070 -1597.68 -307.547
8100 -1599.6 -308.466
8130 -1598.1 -308.326
8160 -1595.75 -307.921
8190 -1593.4 -307.516
8220 -1592.12 -306.728
8250 -1591.92 -305.555
8280 -1591.72 -304.383
8310 -1592.68 -303.881
8340 -1595.65 -304.535
8370 -1596.39 -305.881
8400 -1596.02 -307.572
8430 -1595.64 -309.263
8460 -1595.26 -310.954
8490 -1594.89 -312.644
8520 -1595.66 -315.1
8550 -1598.16 -318.701
8580 -1593.21 -307.87
8610 -1589.74 -302.947
8640 -1588.56 -304.08
8670 -1587.37 -305.213
8700 -1586.19 -306.346
8730 -1594.53 -307.945
8760 -1604.77 -309.638
8790 -1602.79 -308.1
8820 -1585.95 -301.191
8850 -1581.03 -296.525
8880 -1580.78 -299.224
8910 -1580.54 -301.922
8940 -1580.35 -304.662
8970 -1581.78 -308.591
9000 -1583.22 -312.52
9030 -1584.25 -312.85
9060 -1585.17 -312.086
9090 -1586.09 -311.322
9120 -1587 -310.558
9150 -1587.92 -309.793
9180 -1588.84 -309.029
9210 -1589.94 -308.791
9240 -1593.63 -315.926
9270 -1602.59 -313.152
9300 -1609.04 -310.009
9330 -1608.76 -308.48
9360 -1608.47 -306.951
9390 -1608.19 -305.422
9420 -1607.91 -303.893
9450 -1607.63 -302.363
9480 -1607.34 -300.834
9510 -1607.06 -299.305
9540 -1606.78 -297.776
9570 -1606.49 -296.247
9600 -1606.4 -295.737
9630 -1606.4 -295.737
9660 -1606.4 -295.737
9690 -1606.4 -295.737
9720 -1606.4 -295.737
9750 -1606.4 -295.737
9780 -1606.4 -295.737
9810 -1606.4 -295.737
9840 -1606.4 -295.737
9870 -1602.53 -303.84
9900 -1595.03 -317.472
9930 -1595.06 -313.789
9960 -1595.09 -310.106
9990 -1595.11 -306.423
10020 -1590.75 -302.094
10050 -1587.08 -296.266
10080 -1586.2 -284.443
10110 -1582.91 -300.326
10140 -1573.2 -308.553
10170 -1578.42 -302.616
10200 -1583.26 -309.637
10230 -1579.26 -315.551
10260 -1588.94 -317.698
10290 -1589.49 -313.268
10320 -1573.29 -314.009
10350 -1563.25 -345.577
10380 -1567.74 -357.006
10410 -1566.3 -324.902
10440 -1271.16 -167.455
10470 -865.488 116.916
10500 -744.749 267.119
10530 -709.533 294.035
10560 -428.35 541.355
10590 -422.714 578.049
10620 -260.998 811.757
10650 -226.337 863.044
10680 -225.541 863.631
10710 -180.662 956.58
10740 -249.638 977.794
10770 -321.977 1028.22
10800 -413.444 1189.83
10830 -344.69 1249.87
10860 -224.345 1364.67
10890 -187.309 1436.97
10920 -140.2 1506.26
10950 -116.564 1538.45
10980 -73.3202 1591.98
11010 -73.1126 1605.02
11040 -29.8744 1581.44
11070 5.09496 1550.92
11100 49.5039 1538.99
11130 93.5218 1523.25
11160 123.648 1526.98
11190 138.427 1542.67
11220 151.162 1522.07
11250 151.162 1522.07
11280 151.162 1522.07
11310 151.162 1522.07
11340 151.162 1522.07
11370 151.162 1522.07
11400 151.162 1522.07
11430 151.162 1522.07
11460 151.162 1522.07
11490 151.162 1522.07
11520 151.162 1522.07
11550 151.162 1522.07
11580 151.162 1522.07
11610 151.162 1522.07
11640 151.162 1522.07
11670 151.162 1522.07
11700 151.162 1522.07
11730 151.162 1522.07
11760 151.162 1522.07
11790 151.162 1522.07
11820 151.162 1522.07
11850 151.162 1522.07
11880 151.162 1522.07
11910 151.162 1522.07
11940 151.162 1522.07
11970 151.162 1522.07
12000 151.162 1522.07
12030 151.162 1522.07
12060 151.162 1522.07
12090 151.162 1522.07
12120 151.162 1522.07
12150 151.162 1522.07
12180 151.162 1522.07
12210 151.162 1522.07
12240 151.162 1522.07
12270 151.162 1522.07
12300 151.162 1522.07
12330 151.162 1522.07
12360 151.162 1522.07
12390 151.162 1522.07
12420 151.162 1522.07
12450 151.162 1522.07
12480 151.162 1522.07
12510 151.162 1522.07
12540 151.162 1522.07
12570 151.162 1522.07
12600 151.162 1522.07
12630 151.162 1522.07
12660 151.162 1522.07
12690 151.162 1522.07
12720 151.162 1522.07
12750 151.162 1522.07
12780 151.162 1522.07
12810 151.162 1522.07
12840 151.162 1522.07
12870 151.162 1522.07
12900 151.162 1522.07
12930 151.162 1522.07
12960 151.162 1522.07
12990 151.162 1522.07
13020 151.162 1522.07
13050 151.162 1522.07
13080 151.162 1522.07
13110 151.162 1522.07
13140 151.162 1522.07
13170 151.162 1522.07
13200 151.162 1522.07
13230 151.162 1522.07
13260 151.162 1522.07
13290 151.162 1522.07
13320 151.162 1522.07
13350 151.162 1522.07
13380 151.162 1522.07
13410 151.162 1522.07
13440 151.162 1522.07
13470 151.162 1522.07
13500 151.162 1522.07
13530 151.162 1522.07
13560 151.162 1522.07
13590 151.162 1522.07
13620 163.362 1530.64
13650 196.259 1553.75
13680 219.163 1570.85
13710 224.808 1577.6
13740 249.065 1564.37
13770 276.747 1526.51
13800 277.402 1495.52
13830 277.599 1473.92
13860 261.149 1474.25
13890 259.048 1480.96
13920 273.314 1478.78
13950 271.536 1487.67
13980 266.102 1494.58
14010 279.101 1494.72
14040 288.226 1484.21
14070 300.964 1481.62
14100 308.71 1470.59
14130 288.801 1473.45
14160 300.537 1466.76
14190 310.209 1474.96
14220 261.077 1438.58
14250 416.512 1396.75
14280 538.891 1405.52
14310 561.741 1424.08
14340 740.907 1406.52
14370 804.585 1304.97
14400 636.524 1211.72
14430 452.458 1257.03
14460 295.789 1160.18
14490 218.548 1122.73
14520 198.866 1098.85
14550 200.535 1101.81
14580 198.16 1098.78
14610 195.594 1097.78
14640 195.119 1098.13
14670 94.2624 1012.35
14700 -160.963 975.987
14730 -163.526 968.026
14760 -159.437 969.605
14790 -193.306 917.063
14820 -413.751 574.652
14850 -322.152 501.672
14880 73.309 470.793
14910 167.961 276.656
14940 36.1501 79.6244
