0 -4926.08 -2137.14
30 -4924.23 -2134.42
60 -4932.01 -2137.53
90 -4933.26 -2139.2
120 -4884.85 -2196.64
150 -4772.08 -2293.97
180 -4333.82 -2482.18
210 -4287.14 -2640.41
240 -3997.61 -2615.7
270 -4013.77 -2323.43
300 -3910.02 -1685.98
330 -3806.05 -1107.87
360 -3464.76 -756.701
390 -2986.5 -562.861
420 -2518.67 -616.041
450 -1934.07 -480.857
480 -1870.67 -453.457
510 -1861.02 -449.321
540 -1685.19 -406.386
570 -1091.76 -54.7355
600 -675.266 323.335
630 -388.33 180.107
660 -180.983 53.9969
690 -50.8992 112.964
720 -54.4893 143.52
750 -95.6736 95.2978
780 -93.3705 138.177
810 -62.5685 142.579
840 -39.1878 130.977
870 -56.2382 96.2107
900 -75.9846 59.3436
930 -100.928 24.0977
960 -105.067 -3.19621
990 -91.3083 -17.7538
1020 -60.923 -33.4543
1050 -42.8779 -46.3519
1080 -24.4942 -37.2341
1110 -5.12633 -44.5101
1140 5.57179 -54.1787
1170 5.57179 -54.1787
1200 5.57179 -54.1787
1230 5.57179 -54.1787
1260 5.57179 -54.1787
1290 5.57179 -54.1787
1320 5.57179 -54.1787
1350 5.57179 -54.1787
1380 5.57179 -54.1787
1410 5.57179 -54.1787
1440 5.57179 -54.1787
1470 5.57179 -54.1787
1500 5.57179 -54.1787
1530 5.57179 -54.1787
1560 5.57179 -54.1787
1590 5.57179 -54.1787
1620 5.57179 -54.1787
1650 5.57179 -54.1787
1680 5.57179 -54.1787
1710 5.57179 -54.1787
1740 5.57179 -54.1787
1770 5.57179 -54.1787
1800 5.57179 -54.1787
1830 5.57179 -54.1787
1860 5.57179 -54.1787
1890 5.57179 -54.1787
1920 5.57179 -54.1787
1950 5.57179 -54.1787
1980 5.57179 -54.1787
2010 5.57179 -54.1787
2040 5.57179 -54.1787
2070 5.57179 -54.1787
2100 5.57179 -54.1787
2130 5.57179 -54.1787
2160 5.57179 -54.1787
2190 5.57179 -54.1787
2220 5.57179 -54.1787
2250 5.57179 -54.1787
2280 5.57179 -54.1787
2310 5.57179 -54.1787
2340 5.57179 -54.1787
2370 5.57179 -54.1787
2400 5.57179 -54.1787
2430 5.57179 -54.1787
2460 5.57179 -54.1787
2490 5.57179 -54.1787
2520 5.57179 -54.1787
2550 5.57179 -54.1787
2580 5.57179 -54.1787
2610 5.57179 -54.1787
2640 5.57179 -54.1787
2670 5.57179 -54.1787
2700 5.57179 -54.1787
2730 5.57179 -54.1787
2760 5.57179 -54.1787
2790 5.57179 -54.1787
2820 5.57179 -54.1787
2850 5.57179 -54.1787
2880 5.57179 -54.1787
2910 5.57179 -54.1787
2940 5.57179 -54.1787
2970 5.57179 -54.1787
3000 5.57179 -54.1787
3030 5.57179 -54.1787
3060 5.57179 -54.1787
3090 5.57179 -54.1787
3120 5.57179 -54.1787
3150 5.57179 -54.1787
3180 5.57179 -54.1787
3210 5.57179 -54.1787
3240 5.57179 -54.1787
3270 5.57179 -54.1787
3300 5.57179 -54.1787
3330 5.57179 -54.1787
3360 5.57179 -54.1787
3390 5.57179 -54.1787
3420 5.57179 -54.1787
3450 5.57179 -54.1787
3480 5.57179 -54.1787
3510 5.57179 -54.1787
3540 5.57179 -54.1787
3570 5.57179 -54.1787
3600 5.57179 -54.1787
3630 5.57179 -54.1787
3660 5.57179 -54.1787
3690 5.57179 -54.1787
3720 5.57179 -54.1787
3750 5.57179 -54.1787
3780 5.57179 -54.1787
3810 5.57179 -54.1787
3840 5.57179 -54.1787
3870 5.57179 -54.1787
3900 5.57179 -54.1787
3930 5.57179 -54.1787
3960 5.57179 -54.1787
3990 5.57179 -54.1787
4020 5.57179 -54.1787
4050 5.57179 -54.1787
4080 5.57179 -54.1787
4110 5.57179 -54.1787
4140 5.57179 -54.1787
4170 5.57179 -54.1787
4200 5.57179 -54.1787
4230 5.57179 -54.1787
4260 5.57179 -54.1787
4290 5.57179 -54.1787
4320 5.57179 -54.1787
4350 5.57179 -54.1787
4380 5.57179 -54.1787
4410 5.57179 -54.1787
4440 5.57179 -54.1787
4470 5.57179 -54.1787
4500 5.57179 -54.1787
4530 5.57179 -54.1787
4560 5.57179 -54.1787
4590 5.57179 -54.1787
4620 5.57179 -54.1787
4650 5.57179 -54.1787
4680 5.57179 -54.1787
4710 5.57179 -54.1787
4740 5.57179 -54.1787
4770 5.57179 -54.1787
4800 5.57179 -54.1787
4830 5.57179 -54.1787
4860 5.57179 -54.1787
4890 5.57179 -54.1787
4920 5.57179 -54.1787
4950 5.57179 -54.1787
4980 5.57179 -54.1787
5010 5.57179 -54.1787
5040 5.57179 -54.1787
5070 5.57179 -54.1787
5100 5.57179 -54.1787
5130 5.57179 -54.1787
5160 5.57179 -54.1787
5190 5.57179 -54.1787
5220 5.57179 -54.1787
5250 5.57179 -54.1787
5280 5.57179 -54.1787
5310 5.57179 -54.1787
5340 5.57179 -54.1787
5370 5.57179 -54.1787
5400 5.57179 -54.1787
5430 5.57179 -54.1787
5460 5.57179 -54.1787
5490 5.57179 -54.1787
5520 5.57179 -54.1787
5550 5.57179 -54.1787
5580 5.57179 -54.1787
5610 5.57179 -54.1787
5640 5.57179 -54.1787
5670 5.57179 -54.1787
5700 5.57179 -54.1787
5730 5.57179 -54.1787
5760 5.57179 -54.1787
5790 5.57179 -54.1787
5820 5.57179 -54.1787
5850 5.57179 -54.1787
5880 5.57179 -54.1787
5910 5.57179 -54.1787
5940 5.57179 -54.1787
5970 5.57179 -54.1787
6000 5.57179 -54.1787
6030 5.57179 -54.1787
6060 5.57179 -54.1787
6090 5.57179 -54.1787
6120 5.57179 -54.1787
6150 5.57179 -54.1787
6180 5.57179 -54.1787
6210 5.57179 -54.1787
6240 5.57179 -54.1787
6270 5.57179 -54.1787
6300 5.57179 -54.1787
6330 5.57179 -54.1787
6360 5.57179 -54.1787
6390 5.57179 -54.1787
6420 5.57179 -54.1787
6450 5.57179 -54.1787
6480 5.57179 -54.1787
6510 5.57179 -54.1787
6540 5.57179 -54.1787
6570 5.57179 -54.1787
6600 5.57179 -54.1787
6630 5.57179 -54.1787
6660 5.57179 -54.1787
6690 5.57179 -54.1787
6720 5.57179 -54.1787
6750 5.57179 -54.1787
6780 5.57179 -54.1787
6810 5.57179 -54.1787
6840 5.57179 -54.1787
6870 5.57179 -54.1787
6900 5.57179 -54.1787
6930 5.57179 -54.1787
6960 5.57179 -54.1787
6990 5.57179 -54.1787
7020 5.57179 -54.1787
7050 5.57179 -54.1787
7080 5.57179 -54.1787
7110 5.57179 -54.1787
7140 5.57179 -54.1787
7170 5.57179 -54.1787
7200 5.57179 -54.1787
7230 5.57179 -54.1787
7260 5.57179 -54.1787
7290 5.57179 -54.1787
7320 5.57179 -54.1787
7350 5.57179 -54.1787
7380 5.57179 -54.1787
7410 5.57179 -54.1787
7440 5.57179 -54.1787
7470 5.57179 -54.1787
7500 5.57179 -54.1787
7530 5.57179 -54.1787
7560 5.57179 -54.1787
7590 5.57179 -54.1787
7620 5.57179 -54.1787
7650 5.57179 -54.1787
7680 5.57179 -54.1787
7710 5.57179 -54.1787
7740 5.57179 -54.1787
7770 5.57179 -54.1787
7800 5.57179 -54.1787
7830 5.57179 -54.1787
7860 5.57179 -54.1787
7890 5.57179 -54.1787
7920 5.57179 -54.1787
7950 5.57179 -54.1787
7980 5.57179 -54.1787
8010 5.57179 -54.1787
8040 5.57179 -54.1787
8070 5.57179 -54.1787
8100 5.57179 -54.1787
8130 5.57179 -54.1787
8160 5.57179 -54.1787
8190 5.57179 -54.1787
8220 5.57179 -54.1787
8250 5.57179 -54.1787
8280 5.57179 -54.1787
8310 5.57179 -54.1787
8340 5.57179 -54.1787
8370 5.57179 -54.1787
8400 5.57179 -54.1787
8430 5.57179 -54.1787
8460 5.57179 -54.1787
8490 5.57179 -54.1787
8520 5.57179 -54.1787
8550 5.57179 -54.1787
8580 5.57179 -54.1787
8610 5.57179 -54.1787
8640 5.57179 -54.1787
8670 5.57179 -54.1787
8700 5.57179 -54.1787
8730 5.57179 -54.1787
8760 5.57179 -54.1787
8790 5.57179 -54.1787
8820 5.57179 -54.1787
8850 5.57179 -54.1787
8880 5.57179 -54.1787
8910 5.57179 -54.1787
8940 5.57179 -54.1787
8970 5.57179 -54.1787
9000 5.57179 -54.1787
9030 5.57179 -54.1787
9060 5.57179 -54.1787
9090 5.57179 -54.1787
9120 5.57179 -54.1787
9150 5.57179 -54.1787
9180 5.57179 -54.1787
9210 5.57179 -54.1787
9240 5.57179 -54.1787
9270 5.57179 -54.1787
9300 5.57179 -54.1787
9330 5.57179 -54.1787
9360 5.57179 -54.1787
9390 5.57179 -54.1787
9420 5.57179 -54.1787
9450 5.57179 -54.1787
9480 5.57179 -54.1787
9510 5.57179 -54.1787
9540 5.57179 -54.1787
9570 5.57179 -54.1787
9600 5.57179 -54.1787
9630 5.57179 -54.1787
9660 5.57179 -54.1787
9690 5.57179 -54.1787
9720 5.57179 -54.1787
9750 5.57179 -54.1787
9780 5.57179 -54.1787
9810 5.57179 -54.1787
9840 5.57179 -54.1787
9870 5.57179 -54.1787
9900 5.57179 -54.1787
9930 5.57179 -54.1787
9960 5.57179 -54.1787
9990 5.57179 -54.1787
10020 5.57179 -54.1787
10050 5.57179 -54.1787
10080 5.57179 -54.1787
10110 5.57179 -54.1787
10140 5.57179 -54.1787
10170 5.57179 -54.1787
10200 5.57179 -54.1787
10230 5.57179 -54.1787
10260 5.57179 -54.1787
10290 5.57179 -54.1787
10320 5.57179 -54.1787
10350 5.57179 -54.1787
10380 5.57179 -54.1787
10410 5.57179 -54.1787
10440 5.57179 -54.1787
10470 5.57179 -54.1787
10500 5.57179 -54.1787
10530 5.57179 -54.1787
10560 5.57179 -54.1787
10590 5.57179 -54.1787
10620 5.57179 -54.1787
10650 5.57179 -54.1787
10680 5.57179 -54.1787
10710 5.57179 -54.1787
10740 5.57179 -54.1787
10770 5.57179 -54.1787
10800 5.57179 -54.1787
10830 5.57179 -54.1787
10860 5.57179 -54.1787
10890 5.57179 -54.1787
10920 5.57179 -54.1787
10950 5.57179 -54.1787
10980 5.57179 -54.1787
11010 5.57179 -54.1787
11040 5.57179 -54.1787
11070 5.57179 -54.1787
11100 5.57179 -54.1787
11130 5.57179 -54.1787
11160 5.57179 -54.1787
11190 5.57179 -54.1787
11220 5.57179 -54.1787
11250 5.57179 -54.1787
11280 5.57179 -54.1787
11310 5.57179 -54.1787
11340 5.57179 -54.1787
11370 5.57179 -54.1787
11400 5.57179 -54.1787
11430 5.57179 -54.1787
11460 5.57179 -54.1787
11490 5.57179 -54.1787
11520 5.57179 -54.1787
11550 5.57179 -54.1787
11580 5.57179 -54.1787
11610 5.57179 -54.1787
11640 5.57179 -54.1787
11670 5.57179 -54.1787
11700 5.57179 -54.1787
11730 5.57179 -54.1787
11760 5.57179 -54.1787
11790 5.57179 -54.1787
11820 5.57179 -54.1787
11850 5.57179 -54.1787
11880 5.57179 -54.1787
11910 5.57179 -54.1787
11940 5.57179 -54.1787
11970 5.57179 -54.1787
12000 5.57179 -54.1787
12030 5.57179 -54.1787
12060 5.57179 -54.1787
12090 5.57179 -54.1787
12120 5.57179 -54.1787
12150 5.57179 -54.1787
12180 5.57179 -54.1787
12210 5.57179 -54.1787
12240 5.57179 -54.1787
12270 5.57179 -54.1787
12300 5.57179 -54.1787
12330 5.57179 -54.1787
12360 5.57179 -54.1787
12390 5.57179 -54.1787
12420 5.57179 -54.1787
12450 5.57179 -54.1787
12480 5.57179 -54.1787
12510 5.57179 -54.1787
12540 5.57179 -54.1787
12570 5.57179 -54.1787
12600 5.57179 -54.1787
12630 5.57179 -54.1787
12660 5.57179 -54.1787
12690 5.57179 -54.1787
12720 5.57179 -54.1787
12750 5.57179 -54.1787
12780 5.57179 -54.1787
12810 5.57179 -54.1787
12840 5.57179 -54.1787
12870 5.57179 -54.1787
12900 5.57179 -54.1787
12930 5.57179 -54.1787
12960 5.57179 -54.1787
12990 5.57179 -54.1787
13020 5.57179 -54.1787
13050 5.57179 -54.1787
13080 5.57179 -54.1787
13110 5.57179 -54.1787
13140 5.57179 -54.1787
13170 5.57179 -54.1787
13200 5.57179 -54.1787
13230 5.57179 -54.1787
13260 5.57179 -54.1787
13290 5.57179 -54.1787
13320 5.57179 -54.1787
13350 5.57179 -54.1787
13380 5.57179 -54.1787
13410 5.57179 -54.1787
13440 5.57179 -54.1787
13470 5.57179 -54.1787
13500 5.57179 -54.1787
13530 5.57179 -54.1787
13560 5.57179 -54.1787
13590 5.57179 -54.1787
13620 5.57179 -54.1787
13650 5.57179 -54.1787
13680 5.57179 -54.1787
13710 5.57179 -54.1787
13740 5.57179 -54.1787
13770 5.57179 -54.1787
13800 5.57179 -54.1787
13830 5.57179 -54.1787
13860 5.57179 -54.1787
13890 5.57179 -54.1787
13920 5.57179 -54.1787
13950 5.57179 -54.1787
13980 5.57179 -54.1787
14010 5.57179 -54.1787
14040 5.57179 -54.1787
14070 5.57179 -54.1787
14100 5.57179 -54.1787
14130 5.57179 -54.1787
14160 5.57179 -54.1787
14190 5.57179 -54.1787
14220 5.57179 -54.1787
14250 5.57179 -54.1787
14280 5.57179 -54.1787
14310 5.57179 -54.1787
14340 5.57179 -54.1787
14370 5.57179 -54.1787
14400 5.57179 -54.1787
14430 5.57179 -54.1787
14460 5.57179 -54.1787
14490 5.57179 -54.1787
14520 5.57179 -54.1787
14550 5.57179 -54.1787
14580 5.57179 -54.1787
14610 5.57179 -54.1787
14640 5.57179 -54.1787
14670 5.57179 -54.1787
14700 5.57179 -54.1787
14730 5.57179 -54.1787
14760 5.57179 -54.1787
14790 5.57179 -54.1787
14820 5.57179 -54.1787
14850 5.57179 -54.1787
14880 5.57179 -54.1787
14910 5.57179 -54.1787
14940 5.57179 -54.1787
14970 5.57179 -54.1787
15000 5.57179 -54.1787
15030 5.57179 -54.1787
15060 5.57179 -54.1787
15090 5.57179 -54.1787
15120 5.57179 -54.1787
15150 5.57179 -54.1787
15180 5.57179 -54.1787
15210 5.57179 -54.1787
15240 5.57179 -54.1787
15270 5.57179 -54.1787
15300 5.57179 -54.1787
15330 5.57179 -54.1787
15360 5.57179 -54.1787
15390 5.57179 -54.1787
15420 5.57179 -54.1787
15450 5.57179 -54.1787
15480 5.57179 -54.1787
15510 5.57179 -54.1787
15540 5.57179 -54.1787
15570 5.57179 -54.1787
15600 5.57179 -54.1787
15630 5.57179 -54.1787
15660 5.57179 -54.1787
15690 5.57179 -54.1787
15720 5.57179 -54.1787
15750 5.57179 -54.1787
15780 5.57179 -54.1787
15810 5.57179 -54.1787
15840 5.57179 -54.1787
15870 5.57179 -54.1787
15900 5.57179 -54.1787
15930 5.57179 -54.1787
15960 5.57179 -54.1787
15990 5.57179 -54.1787
16020 5.57179 -54.1787
16050 5.57179 -54.1787
16080 5.57179 -54.1787
16110 9.2368 -33.786
16140 16.3477 5.78005
16170 23.4586 45.3461
16200 30.5695 84.9122
16230 37.6803 124.478
16260 44.7912 164.044
16290 51.9021 203.61
16320 59.013 243.177
16350 66.1239 282.743
16380 73.2348 322.309
16410 80.3456 361.875
16440 87.4565 401.441
16470 94.5674 441.007
16500 101.678 480.573
16530 108.789 520.139
16560 115.9 559.705
16590 123.011 599.271
16620 130.122 638.837
16650 137.233 678.404
16680 144.344 717.97
16710 151.454 757.536
16740 158.565 797.102
16770 165.676 836.668
16800 172.787 876.234
16830 179.898 915.8
16860 187.009 955.366
16890 194.12 994.932
16920 201.231 1034.5
16950 208.342 1074.06
16980 215.452 1113.63
17010 222.563 1153.2
17040 229.674 1192.76
17070 236.785 1232.33
17100 243.896 1271.89
17130 251.007 1311.46
17160 258.118 1351.03
17190 265.229 1390.59
17220 272.34 1430.16
17250 279.45 1469.73
17280 286.561 1509.29
17310 293.672 1548.86
17340 300.783 1588.42
17370 286.005 1627.41
17400 249.349 1653.03
17430 245.34 1681.2
17460 256.652 1670.9
17490 256.652 1670.9
17520 256.652 1670.9
17550 256.652 1670.9
17580 256.652 1670.9
17610 256.652 1670.9
17640 256.652 1670.9
17670 256.652 1670.9
17700 256.652 1670.9
17730 256.652 1670.9
17760 323.311 1750.19
17790 273.265 1642.04
17820 269.31 1688.35
17850 262.466 1666.48
17880 261.25 1650.63
17910 260.035 1634.77
17940 258.819 1618.92
17970 292.818 1698.82
18000 238.85 1660.78
18030 238.543 1665.83
18060 244.775 1681.74
18090 251.007 1697.65
18120 257.239 1713.56
18150 283.333 1683.31
18180 276.203 1675.08
18210 269.073 1666.86
18240 266.662 1668.93
18270 266.587 1662
18300 263.877 1646.5
18330 273.881 1664.34
18360 289.211 1666.28
18390 285.089 1663.6
18420 300.541 1689.19
18450 256.317 1634.82
18480 242.02 1668.01
18510 233.35 1679.98
18540 238.893 1663.72
18570 238.859 1663.78
18600 238.859 1663.78
18630 238.859 1663.78
18660 245.272 1598.99
18690 245.272 1598.99
18720 245.272 1598.99
18750 245.272 1598.99
18780 245.272 1598.99
18810 245.272 1598.99
18840 245.272 1598.99
18870 245.272 1598.99
18900 245.272 1598.99
18930 245.272 1598.99
18960 245.272 1598.99
18990 245.272 1598.99
19020 245.272 1598.99
19050 245.272 1598.99
19080 245.272 1598.99
19110 245.272 1598.99
19140 245.272 1598.99
19170 245.272 1598.99
19200 245.272 1598.99
19230 245.272 1598.99
19260 245.272 1598.99
19290 245.272 1598.99
19320 245.272 1598.99
19350 245.272 1598.99
19380 245.272 1598.99
19410 245.272 1598.99
19440 245.272 1598.99
19470 245.272 1598.99
19500 245.272 1598.99
19530 245.272 1598.99
19560 245.272 1598.99
19590 245.272 1598.99
19620 245.272 1598.99
19650 245.272 1598.99
19680 245.272 1598.99
19710 245.272 1598.99
19740 245.272 1598.99
19770 245.272 1598.99
19800 245.272 1598.99
19830 245.272 1598.99
19860 245.272 1598.99
19890 245.272 1598.99
19920 245.272 1598.99
19950 245.272 1598.99
19980 245.272 1598.99
20010 245.272 1598.99
20040 245.272 1598.99
20070 245.272 1598.99
20100 245.272 1598.99
20130 245.272 1598.99
20160 245.272 1598.99
20190 245.272 1598.99
20220 245.272 1598.99
20250 245.272 1598.99
20280 245.272 1598.99
20310 245.272 1598.99
20340 245.272 1598.99
20370 245.272 1598.99
20400 245.272 1598.99
20430 245.272 1598.99
20460 245.272 1598.99
20490 245.272 1598.99
20520 245.272 1598.99
20550 245.272 1598.99
20580 245.272 1598.99
20610 245.272 1598.99
20640 245.272 1598.99
20670 245.272 1598.99
20700 245.272 1598.99
20730 245.272 1598.99
20760 245.272 1598.99
20790 245.272 1598.99
20820 245.272 1598.99
20850 245.272 1598.99
20880 245.272 1598.99
20910 245.272 1598.99
20940 245.272 1598.99
20970 245.272 1598.99
21000 245.272 1598.99
21030 245.272 1598.99
21060 245.272 1598.99
21090 245.272 1598.99
21120 245.272 1598.99
21150 245.272 1598.99
21180 245.272 1598.99
21210 245.272 1598.99
21240 245.272 1598.99
21270 245.272 1598.99
21300 245.272 1598.99
21330 245.272 1598.99
21360 245.272 1598.99
21390 245.272 1598.99
21420 245.272 1598.99
21450 245.272 1598.99
21480 245.272 1598.99
21510 245.272 1598.99
21540 245.272 1598.99
21570 245.272 1598.99
21600 245.272 1598.99
21630 245.272 1598.99
21660 245.272 1598.99
21690 245.272 1598.99
21720 245.272 1598.99
21750 245.272 1598.99
21780 245.272 1598.99
21810 245.272 1598.99
21840 245.272 1598.99
21870 245.272 1598.99
21900 245.272 1598.99
21930 245.272 1598.99
21960 245.272 1598.99
21990 245.272 1598.99
22020 245.272 1598.99
22050 245.272 1598.99
22080 245.272 1598.99
22110 245.272 1598.99
22140 245.272 1598.99
22170 245.272 1598.99
22200 245.272 1598.99
22230 245.272 1598.99
22260 245.272 1598.99
22290 245.272 1598.99
22320 245.272 1598.99
22350 245.272 1598.99
22380 245.272 1598.99
22410 245.272 1598.99
22440 245.272 1598.99
22470 245.272 1598.99
22500 245.272 1598.99
22530 245.272 1598.99
22560 245.272 1598.99
22590 245.272 1598.99
22620 245.272 1598.99
22650 245.272 1598.99
22680 245.272 1598.99
22710 245.272 1598.99
22740 245.272 1598.99
22770 245.272 1598.99
22800 245.272 1598.99
22830 245.272 1598.99
22860 245.272 1598.99
22890 234.795 1613.24
22920 233.514 1627.57
22950 232.079 1653.08
22980 244.179 1659.58
23010 256.279 1666.07
23040 285.029 1656.38
23070 278.555 1653.19
23100 269.836 1648.24
23130 268.623 1645.43
23160 267.411 1642.62
23190 266.199 1639.8
23220 264.784 1639.6
23250 263.166 1642.02
23280 261.851 1644.54
23310 263.266 1648.08
23340 264.682 1651.62
23370 293.689 1586.25
23400 284.708 1538.99
23430 284.951 1497.32
23460 273.541 1489.57
23490 266.882 1494.26
23520 268.271 1493.93
23550 267.761 1491.17
23580 265.224 1492.23
23610 262.861 1494.22
23640 265.503 1491.4
23670 267.115 1487.78
23700 265.227 1490.56
23730 264.455 1487.37
23760 264.616 1482.56
23790 267.057 1479.27
23820 272.66 1467.58
23850 278.441 1472.66
23880 268.045 1444.34
23910 438.662 1391
23940 532.067 1404.88
23970 538.53 1428.79
24000 709.499 1424.56
24030 816.062 1324.12
24060 658.997 1202
24090 581.25 1240.27
24120 470.306 1271.4
24150 362.413 1133.46
24180 271.677 1179.97
24210 210.779 1114.82
24240 202.512 1111.87
24270 198.479 1106.51
24300 -34.2132 1001.78
24330 -161.719 975.879
24360 -162.289 975.528
24390 -280.8 793.668
24420 -436.226 538.513
24450 -437.089 533.902
24480 -126.923 525.402
24510 238.163 413.21
24540 127.718 211.01
24570 -7.60367 -0.774668
24600 -15.3564 -18.5417
24630 -39.1298 1.91765
24660 -76.1834 20.6045
24690 -77.2791 57.9919
24720 -55.287 96.3962
24750 -46.914 129.021
24780 -24.8163 133.704
24810 -41.7971 139.002
24840 -62.6565 109.982
24870 -55.7967 113.64
24900 -48.9369 117.297
24930 -42.0771 120.955
24960 -78.7845 87.1781
24990 -289.463 131.721
25020 -574.368 297.472
25050 -708.231 310.199
25080 -1060.26 -17.6671
25110 -1502.51 -299.697
25140 -1779.55 -428.938
25170 -1867.69 -481.748
25200 -1945.62 -1019.43
25230 -2321.98 -1537.85
25260 -2456.14 -2036.12
25290 -2471 -2104.36
25320 -2525.19 -2407.39
25350 -2635.29 -2623.64
25380 -3167.3 -2497.08
25410 -3787.4 -2574.58
25440 -4282.37 -2638.23
25470 -4537.87 -2371.63
25500 -4820.8 -2212.24
25530 -4911.15 -2173.94
25560 -4903.05 -2178.55
25590 -4898.04 -2174.44
25620 -4896.55 -2179.67
25650 -4897.98 -2182.26
25680 -4896.73 -2178.44
25710 -4903.27 -2187.59
25740 -4902.76 -2183.63
25770 -4898.31 -2171.67
25800 -4893.77 -2183.24
25830 -4890.67 -2186.55
25860 -4893.18 -2179.39
25890 -4891.36 -2176.62
25920 -4888.92 -2173.98
25950 -4893.91 -2178.87
25980 -4895.56 -2173.8
26010 -4893.54 -2170.66
26040 -4900.23 -2165.05
26070 -4898.32 -2169.55
26100 -4894.04 -2175.77
26130 -4892.74 -2175
26160 -4892.36 -2173.68
26190 -4892.5 -2174.92
26220 -4892.55 -2174.73
26250 -4892.59 -2174.55
26280 -4892.64 -2174.36
26310 -4892.68 -2174.18
26340 -4892.73 -2173.99
26370 -4891.89 -2176.63
26400 -4890.69 -2178.83
26430 -4891.78 -2170.52
26460 -4891.04 -2171.79
26490 -4890.3 -2173.06
26520 -4889.56 -2174.33
26550 -4888.82 -2175.6
26580 -4888.08 -2176.87
26610 -4887.34 -2178.14
26640 -4888.84 -2175.4
26670 -4892.57 -2168.65
26700 -4892.23 -2174.54
26730 -4892.12 -2179.37
26760 -4894.9 -2174.87
26790 -4897.07 -2170.44
26820 -4896.1 -2172.63
26850 -4895.12 -2174.82
26880 -4894.15 -2177.01
26910 -4893.18 -2179.19
26940 -4892.2 -2181.38
26970 -4891.23 -2183.57
27000 -4891.95 -2182.58
27030 -4893.1 -2180.79
27060 -4895.02 -2181.16
27090 -4895.72 -2180.98
27120 -4894.87 -2178.29
27150 -4893.74 -2175.08
27180 -4886.35 -2174.89
27210 -4892.35 -2169.76
27240 -4893.87 -2164.05
27270 -4895.4 -2158.35
27300 -4899.88 -2146.67
27330 -4898.52 -2153.6
27360 -4897.15 -2160.53
27390 -4895.79 -2167.45
27420 -4894.53 -2172.76
27450 -4893.6 -2172.74
27480 -4892.68 -2172.72
27510 -4891.76 -2172.7
27540 -4890.84 -2172.68
27570 -4889.92 -2172.66
27600 -4892.17 -2171.06
27630 -4894.65 -2169.34
27660 -4897.12 -2167.63
27690 -4899.41 -2165.83
27720 -4904.34 -2157.15
27750 -4906.48 -2145.05
27780 -4906.76 -2139.86
27810 -4902.36 -2129.61
27840 -4899.99 -2174.42
27870 -4894.12 -2176.86
27900 -4894.56 -2176.95
27930 -4893.73 -2177.34
27960 -4892.9 -2177.74
27990 -4892.07 -2178.14
28020 -4891.23 -2178.54
28050 -4890.4 -2178.94
28080 -4891.4 -2175.83
28110 -4892.21 -2174.66
28140 -4886.25 -2171.46
28170 -4888.91 -2181.82
28200 -4898.4 -2179.55
28230 -4894.45 -2181.61
28260 -4887 -2201.79
28290 -4886.81 -2227.44
28320 -4894.27 -2226.17
28350 -4895.2 -2218.02
28380 -4895.33 -2192.96
28410 -4891.32 -2167.57
28440 -4889.71 -2186.14
28470 -4891.74 -2184.22
28500 -4898.23 -2181.78
28530 -4896.72 -2183.7
28560 -4893.51 -2180.85
28590 -4890.03 -2174.84
28620 -4897.52 -2179.95
28650 -4900.06 -2181.55
28680 -4896.94 -2179.15
28710 -4893.83 -2176.74
28740 -4889.8 -2171.59
28770 -4890.53 -2167.89
28800 -4887.88 -2165.75
28830 -4887.88 -2165.75
28860 -4887.88 -2165.75
28890 -4887.88 -2165.75
28920 -4887.88 -2165.75
28950 -4887.88 -2165.75
28980 -4887.88 -2165.75
29010 -4887.88 -2165.75
29040 -4887.88 -2165.75
29070 -4887.88 -2165.75
29100 -4887.88 -2165.75
29130 -4896.92 -2169.27
29160 -4898.45 -2175.32
29190 -4898.75 -2181.08
29220 -4896.07 -2172.96
29250 -4893.92 -2175.68
29280 -4896.29 -2174.58
29310 -4895.21 -2173.83
29340 -4893.45 -2172.61
29370 -4891.83 -2171.3
29400 -4893.86 -2167.44
29430 -4901.6 -2176.22
29460 -4894.24 -2172.77
29490 -4889.68 -2177.09
29520 -4888.5 -2192.82
29550 -4887.38 -2209.18
29580 -4886.25 -2225.55
29610 -4885.97 -2239.65
29640 -4886.43 -2234.32
29670 -4886.43 -2234.32
29700 -4886.43 -2234.32
29730 -4886.43 -2234.32
29760 -4886.43 -2234.32
29790 -4886.43 -2234.32
29820 -4886.43 -2234.32
29850 -4886.43 -2234.32
29880 -4886.43 -2234.32
29910 -4886.43 -2234.32
29940 -4886.43 -2234.32
29970 -4886.43 -2234.32
30000 -4887.04 -2222.31
30030 -4889.06 -2182.16
30060 -4889.18 -2161.79
30090 -4887.14 -2164.04
30120 -4882.57 -2165.51
30150 -4886.6 -2159.93
30180 -4884.2 -2157.22
30210 -4881.3 -2172.95
30240 -4883.59 -2180.74
30270 -4890.8 -2183.87
30300 -4893.2 -2181.33
30330 -4893.61 -2176.42
30360 -4893.52 -2174.34
30390 -4889.92 -2180.09
30420 -4878.94 -2180
30450 -4900.6 -2172.49
30480 -4908.68 -2162.32
30510 -4904.52 -2162.41
30540 -4888.78 -2166.67
30570 -4888.06 -2167.53
30600 -4890.67 -2167.65
30630 -4893.28 -2167.77
30660 -4895.89 -2167.89
30690 -4896.32 -2169.98
30720 -4894.24 -2174.49
30750 -4895.11 -2176.51
30780 -4895.97 -2178.53
30810 -4896.84 -2180.55
30840 -4897.71 -2182.58
30870 -4895.62 -2183.4
30900 -4896 -2186.79
30930 -4896.79 -2171.71
30960 -4897.1 -2169.48
30990 -4902.24 -2169.22
31020 -4900.67 -2166.67
31050 -4895.73 -2165.72
31080 -4899.88 -2173.68
31110 -4896.68 -2178.24
31140 -4889.07 -2181.76
31170 -4889.11 -2182.63
31200 -4890.33 -2183.09
31230 -4891.55 -2183.55
31260 -4892.76 -2184.01
31290 -4893.92 -2184.03
31320 -4894.91 -2182.86
31350 -4895.9 -2181.68
31380 -4895.5 -2171.63
31410 -4895.94 -2164.46
31440 -4898.44 -2164.38
31470 -4901.71 -2165.74
31500 -4904.98 -2167.1
31530 -4905.9 -2169.09
31560 -4900.36 -2172.86
31590 -4898.44 -2175.65
31620 -4906.73 -2172.97
31650 -4908.92 -2169.81
31680 -4911.1 -2166.64
31710 -4909.08 -2171.8
31740 -4905.76 -2161.41
31770 -4905.76 -2161.41
31800 -4905.76 -2161.41
31830 -4905.76 -2161.41
31860 -4905.76 -2161.41
31890 -4905.76 -2161.41
31920 -4905.76 -2161.41
31950 -4905.76 -2161.41
31980 -4905.76 -2161.41
32010 -4905.76 -2161.41
32040 -4905.76 -2161.41
32070 -4905.76 -2161.41
32100 -4905.76 -2161.41
