0 -392.274 -241.192
30 -392.746 -243.91
60 -393.219 -246.628
90 -392.827 -249.313
120 -386.819 -251.781
150 -384.682 -252.685
180 -385.125 -252.545
210 -385.568 -252.405
240 -386.011 -252.266
270 -386.454 -252.126
300 -386.897 -251.986
330 -387.34 -251.847
360 -387.783 -251.707
390 -388.226 -251.567
420 -380.032 -255.683
450 -372.262 -262.453
480 -374.357 -256.651
510 -380.545 -244.499
540 -394.596 -235.498
570 -356.644 -121.86
600 -312.659 96.4611
630 -140.275 17.7511
660 -107.881 33.3742
690 -83.4207 70.7562
720 69.064 299.81
750 247.239 191.115
780 317.569 175.403
810 281.814 258.021
840 248.433 387.082
870 143.555 466.018
900 -360.03 514.318
930 -414.22 563.019
960 -414.076 552.165
990 -415.21 536.232
1020 -423.433 528.288
1050 -430.582 518.569
1080 -432.624 514.926
1110 -453.583 534.898
1140 -477.223 555.855
1170 -483.916 590.447
1200 -490.349 627.638
1230 -500.452 669.262
1260 -488.867 706.841
1290 -492.39 730.551
1320 -491.312 740.737
1350 -490.538 742.74
1380 -490.611 743.635
1410 -490.683 744.529
1440 -490.756 745.424
1470 -491.019 745.928
1500 -491.804 745.361
1530 -492.59 744.793
1560 -493.376 744.225
1590 -488.907 746.832
1620 -494.431 741.92
1650 -498.4 737.363
1680 -493.9 737.25
1710 -490.129 738.288
1740 -487.896 740.876
1770 -486.835 741.905
1800 -487.021 742.544
1830 -487.18 741.474
1860 -487.34 740.405
1890 -487.499 739.335
1920 -487.659 738.266
1950 -489.314 737.343
1980 -492.165 736.533
2010 -490.833 735.252
2040 -489.501 733.972
2070 -488.169 732.692
2100 -487.077 731.675
2130 -489.354 734.339
2160 -491.631 737.004
2190 -493.909 739.668
2220 -495.325 746.703
2250 -497.041 746.881
2280 -498.783 746.547
2310 -497.935 751.223
2340 -497.432 749.753
2370 -497.077 747.606
2400 -496.823 746.055
2430 -497.22 748.37
2460 -497.618 750.685
2490 -496.148 752.011
2520 -493.598 752.764
2550 -491.048 753.517
2580 -489.465 754.003
2610 -487.226 748.455
2640 -482.361 738.913
2670 -491.734 744.329
2700 -494.88 745.198
2730 -496.47 744.931
2760 -498.26 746.581
2790 -497.244 744.995
2820 -494.118 744.991
2850 -490.776 746.476
2880 -487.434 747.96
2910 -490.255 744.949
2940 -493.104 740.481
2970 -488.782 735.171
3000 -488.545 735.003
3030 -489.554 736.186
3060 -490.562 737.368
3090 -491.571 738.55
3120 -492.58 739.732
3150 -493.588 740.915
3180 -494.597 742.097
3210 -495.606 743.279
3240 -496.614 744.461
3270 -494.067 741.071
3300 -501.219 751.795
3330 -498.651 749.353
3360 -496.083 746.911
3390 -493.515 744.468
3420 -490.947 742.026
3450 -492.405 743.543
3480 -495.589 746.757
3510 -498.571 749.886
3540 -495.699 750.52
3570 -492.827 751.155
3600 -489.955 751.789
3630 -490.283 749.592
3660 -491.984 746.182
3690 -493.685 742.771
3720 -491.336 738.971
3750 -499.916 749.082
3780 -499.389 749.252
3810 -500.623 752.239
3840 -498.757 753.278
3870 -498.034 751.683
3900 -503.262 759.031
3930 -500.054 752.42
3960 -497.867 747.038
3990 -496.931 745.004
4020 -496.897 745.463
4050 -496.864 745.923
4080 -496.761 747.011
4110 -496.948 747.403
4140 -497.954 745.685
4170 -498.961 743.968
4200 -492.421 735.787
4230 -488.09 731.796
4260 -490.274 733.192
4290 -496.375 740.597
4320 -499.503 744.808
4350 -496.234 742.225
4380 -492.977 738.622
4410 -491.802 738.666
4440 -495.679 744.825
4470 -492.553 741.357
4500 -486.186 736.891
4530 -481.581 730.495
4560 -489.003 732.362
4590 -492.625 740.155
4620 -489.255 736.415
4650 -486.028 732.191
4680 -483.919 726.146
4710 -489.663 736.858
4740 -495.121 739.266
4770 -494.7 740.503
4800 -494.28 741.741
4830 -493.86 742.979
4860 -496.951 742.422
4890 -495.922 739.981
4920 -493.519 741.108
4950 -491.764 739.099
4980 -493.157 739.067
5010 -483.887 705.473
5040 -493.445 658.736
5070 -487.745 612.809
5100 -472.806 561.405
5130 -459.757 538.049
5160 -454.321 532.796
5190 -426.413 518.296
5220 -398.457 502.555
5250 -386.598 494.253
5280 -388.279 489.884
5310 -388.487 489.049
5340 -389.131 487.401
5370 -390.064 485.212
5400 -390.997 483.023
5430 -382.952 489.031
5460 -358.224 490.051
5490 -340.023 458.967
5520 -330.045 424.673
5550 -312.903 397.88
5580 -284.249 370.934
5610 -263.301 344.203
5640 -231.691 303.372
5670 -213.627 278.437
5700 -192.656 236.014
5730 -184.524 229.192
5760 -159.949 202.296
5790 -142.909 160.385
5820 -107.844 122.426
5850 -85.3935 71.5506
5880 -98.8218 34.565
5910 -90.5256 -9.80087
5940 -69.1653 -36.057
5970 -59.1722 -38.2295
6000 -49.1792 -40.4019
6030 -39.1861 -42.5744
6060 -29.193 -44.7469
6090 -19.2 -46.9193
6120 -13.1245 -45.4071
6150 -30.8264 -51.396
5820 -107.844 122.426
