0 -13263.5 -5558.48
30 -13129.4 -5778.84
60 -12706.8 -6063.08
90 -12311.3 -6448.47
120 -12471.5 -6589.25
150 -12511 -6586.04
180 -12511 -6586.04
210 -12511 -6586.04
240 -12511 -6586.04
270 -12511 -6586.04
300 -12511 -6586.04
330 -12511 -6586.04
360 -12511 -6586.04
390 -12511 -6586.04
420 -12511 -6586.04
450 -12511 -6586.04
480 -12511 -6586.04
510 -12511 -6586.04
540 -12511 -6586.04
570 -12511 -6586.04
600 -12511 -6586.04
630 -12511 -6586.04
660 -12511 -6586.04
690 -12511 -6586.04
720 -12511 -6586.04
750 -12511 -6586.04
780 -12511 -6586.04
810 -12511 -6586.04
840 -12511 -6586.04
870 -12511 -6586.04
900 -12511 -6586.04
930 -12511 -6586.04
960 -12511 -6586.04
990 -12511 -6586.04
1020 -12511 -6586.04
1050 -12511 -6586.04
1080 -12511 -6586.04
1110 -12511 -6586.04
1140 -12511 -6586.04
1170 -12511 -6586.04
1200 -12511 -6586.04
1230 -12511 -6586.04
1260 -12511 -6586.04
1290 -12511 -6586.04
1320 -12511 -6586.04
1350 -12511 -6586.04
1380 -12511 -6586.04
1410 -12511 -6586.04
1440 -12511 -6586.04
1470 -12511 -6586.04
1500 -12511 -6586.04
1530 -12511 -6586.04
1560 -12511 -6586.04
1590 -12511 -6586.04
1620 -12511 -6586.04
1650 -12511 -6586.04
1680 -12511 -6586.04
1710 -12511 -6586.04
1740 -12511 -6586.04
1770 -12511 -6586.04
1800 -12511 -6586.04
1830 -12511 -6586.04
1860 -12511 -6586.04
1890 -12511 -6586.04
1920 -12511 -6586.04
1950 -12511 -6586.04
1980 -12511 -6586.04
2010 -12511 -6586.04
2040 -12511 -6586.04
2070 -12511 -6586.04
2100 -12511 -6586.04
2130 -12511 -6586.04
2160 -12511 -6586.04
2190 -12511 -6586.04
2220 -12511 -6586.04
2250 -12511 -6586.04
2280 -12511 -6586.04
2310 -12511 -6586.04
2340 -12511 -6586.04
2370 -12511 -6586.04
2400 -12511 -6586.04
2430 -12511 -6586.04
2460 -12511 -6586.04
2490 -12511 -6586.04
2520 -12511 -6586.04
2550 -12511 -6586.04
2580 -12511 -6586.04
2610 -12511 -6586.04
2640 -12511 -6586.04
2670 -12511 -6586.04
2700 -12511 -6586.04
2730 -12511 -6586.04
2760 -12511 -6586.04
2790 -12511 -6586.04
2820 -12511 -6586.04
2850 -12511 -6586.04
2880 -12511 -6586.04
2910 -12511 -6586.04
2940 -12511 -6586.04
2970 -12511 -6586.04
3000 -12511 -6586.04
3030 -12511 -6586.04
3060 -12511 -6586.04
3090 -12511 -6586.04
3120 -12511 -6586.04
3150 -12511 -6586.04
3180 -12511 -6586.04
3210 -12511 -6586.04
3240 -12511 -6586.04
3270 -12511 -6586.04
3300 -12511 -6586.04
3330 -12511 -6586.04
3360 -12511 -6586.04
3390 -12511 -6586.04
3420 -12511 -6586.04
3450 -12511 -6586.04
3480 -12511 -6586.04
3510 -12511 -6586.04
3540 -12511 -6586.04
3570 -12511 -6586.04
3600 -12511 -6586.04
3630 -12511 -6586.04
3660 -12511 -6586.04
3690 -12511 -6586.04
3720 -12511 -6586.04
3750 -12511 -6586.04
3780 -12511 -6586.04
3810 -12511 -6586.04
3840 -12511 -6586.04
3870 -12511 -6586.04
3900 -12511 -6586.04
3930 -12511 -6586.04
3960 -12511 -6586.04
3990 -12511 -6586.04
4020 -12511 -6586.04
4050 -12511 -6586.04
4080 -12511 -6586.04
4110 -12511 -6586.04
4140 -12511 -6586.04
4170 -12511 -6586.04
4200 -12511 -6586.04
4230 -12511 -6586.04
4260 -12511 -6586.04
4290 -12511 -6586.04
4320 -12511 -6586.04
4350 -12511 -6586.04
4380 -12511 -6586.04
4410 -12511 -6586.04
4440 -12511 -6586.04
4470 -12511 -6586.04
4500 -12511 -6586.04
4530 -12511 -6586.04
4560 -12511 -6586.04
4590 -12511 -6586.04
4620 -12511 -6586.04
4650 -12511 -6586.04
4680 -12511 -6586.04
4710 -12511 -6586.04
4740 -12511 -6586.04
4770 -12511 -6586.04
4800 -12511 -6586.04
4830 -12511 -6586.04
4860 -12511 -6586.04
4890 -12511 -6586.04
4920 -12511 -6586.04
4950 -12511 -6586.04
4980 -12511 -6586.04
5010 -12511 -6586.04
5040 -12511 -6586.04
5070 -12480.4 -6586.64
5100 -12440.2 -6587.44
5130 -12456.8 -6589.63
5160 -12463.9 -6590.5
5190 -12444.2 -6614.59
5220 -12453.7 -6628.41
5250 -12456.7 -6629.06
5280 -12458.1 -6627.25
5310 -12475.2 -6617.26
5340 -12499.7 -6611.42
5370 -12496.8 -6609.02
5400 -12500.1 -6613.44
5430 -12502.6 -6617.74
5460 -12508.9 -6605.08
5490 -12525.2 -6604.47
5520 -12526 -6605.23
5550 -12526.9 -6605.98
5580 -12535.1 -6611.35
5610 -12594.5 -6636.47
5640 -12680.3 -6652.14
5670 -12783.3 -6684.68
5700 -12825.9 -6722.68
5730 -12818.5 -6720.26
5760 -12815.3 -6727.86
5790 -12815.3 -6727.86
5820 -12815.3 -6727.86
5850 -12815.3 -6727.86
5880 -12815.3 -6727.86
5910 -12815.3 -6727.86
5940 -12815.3 -6727.86
5970 -12815.3 -6727.86
6000 -12815.3 -6727.86
6030 -12815.3 -6727.86
6060 -12815.3 -6727.86
6090 -12821.1 -6723.74
6120 -12849.9 -6757.42
6150 -12872.6 -6775.43
6180 -12872.5 -6774.82
6210 -12873.5 -6775.61
6240 -12877 -6779.67
6270 -12880.6 -6783.74
6300 -12884.2 -6787.8
6330 -12887.7 -6791.86
6360 -12926.1 -6799.6
6390 -12926.2 -6799.96
6420 -12926.2 -6800.11
6450 -12926.2 -6800.11
6480 -12926.2 -6800.11
6510 -12926.2 -6800.11
6540 -12926.2 -6800.11
6570 -12926.2 -6800.11
6600 -12926.2 -6800.11
6630 -12926.2 -6800.11
6660 -12926.2 -6800.11
6690 -12926.2 -6800.11
6720 -12926.2 -6800.11
6750 -12926.2 -6800.11
6780 -12988.7 -6807.08
6810 -13056.5 -6814.85
6840 -13057.8 -6813.8
6870 -13057.9 -6812.55
6900 -13058.4 -6811.32
6930 -13061.1 -6810.3
6960 -13063.7 -6809.28
6990 -13066.4 -6808.25
7020 -13069.1 -6807.23
7050 -13071.8 -6806.21
7080 -13074.5 -6805.18
7110 -13077.2 -6804.16
7140 -13079.9 -6803.14
7170 -13122.2 -6808.2
7200 -13134.3 -6831.43
7230 -13134.6 -6831.66
7260 -13134.8 -6831.89
7290 -13142 -6852.43
7320 -13147 -6896.55
7350 -13146.5 -6899.45
7380 -13145.9 -6902.35
7410 -13145.3 -6905.25
7440 -13144.8 -6908.15
7470 -13144.2 -6911.05
7500 -13143.6 -6913.94
7530 -13144.5 -6931.12
7560 -13144.9 -6935.86
7590 -13144.9 -6936.05
7620 -13145 -6936.23
7650 -13145.1 -6936.42
7680 -13145.2 -6936.61
7710 -13145.2 -6936.79
7740 -13145.3 -6936.98
7770 -13145.4 -6937.17
7800 -13145.4 -6937.35
7830 -13147.1 -6938.08
7860 -13147.5 -6937.76
7890 -13147.8 -6937.44
7920 -13148.4 -6939.92
7950 -13127.4 -7026.64
7980 -13124 -7033.53
8010 -13123.6 -7033.86
8040 -13123.4 -7033.86
8070 -13123.3 -7033.67
8100 -13123.1 -7033.48
8130 -13123 -7033.28
8160 -13122.9 -7033.09
8190 -13122.7 -7032.9
8220 -13122.6 -7032.71
8250 -13122.5 -7032.51
8280 -13115.5 -7045.98
8310 -13098.8 -7084.87
8340 -13099 -7085.16
8370 -13099.3 -7085.44
8400 -13099.5 -7085.72
8430 -13099.4 -7086.06
8460 -13099.1 -7086.46
8490 -13098.7 -7086.86
8520 -13098.3 -7087.27
8550 -13145.1 -7074.81
8580 -13156.8 -7069.74
8610 -13160.4 -7068.72
8640 -13164.1 -7067.71
8670 -13167.7 -7066.69
8700 -13171.3 -7065.68
8730 -13175 -7064.66
8760 -13178.6 -7063.64
8790 -13220.9 -7083.63
8820 -13222.2 -7083.58
8850 -13220.7 -7084.18
8880 -13220.3 -7084.1
8910 -13220.2 -7083.85
8940 -13220.1 -7083.6
8970 -13220 -7083.35
9000 -13219.9 -7083.1
9030 -13219.8 -7082.85
9060 -13219.7 -7082.6
9090 -13219.6 -7082.35
9120 -13220.2 -7082.07
9150 -13220.5 -7081.85
9180 -13226.1 -7039.63
9210 -13235.6 -7007.1
9240 -13236.2 -7007.27
9270 -13236.7 -7007.44
9300 -13237 -7002.75
9330 -13233 -6932.23
9360 -13233.3 -6929.54
9390 -13233.9 -6929.86
9420 -13234.4 -6930.17
9450 -13235.2 -6929.47
9480 -13237.5 -6919.55
9510 -13239.8 -6909.64
9540 -13221.9 -6874.29
9570 -13215.9 -6872.1
9600 -13216.1 -6873.27
9630 -13216.3 -6874.44
9660 -13215.6 -6874.36
9690 -13214.2 -6873.44
9720 -13214.7 -6873.74
9750 -13215.3 -6874.17
9780 -13213.8 -6865.99
9810 -13209.9 -6845.01
9840 -13198.7 -6798.79
9870 -13195.6 -6795.99
9900 -13195.6 -6794.41
9930 -13196.1 -6793.54
9960 -13195.6 -6794.01
9990 -13194.5 -6793.69
10020 -13188.2 -6786.33
10050 -13181.9 -6778.96
10080 -13164.2 -6759.02
10110 -13163.8 -6758.1
10140 -13163.4 -6757.17
10170 -13163 -6756.25
10200 -13162.6 -6755.33
10230 -13162.2 -6754.4
10260 -13161.8 -6753.48
10290 -13161.5 -6752.56
10320 -13161.1 -6751.63
10350 -13160.7 -6750.71
10380 -13139.7 -6759.86
10410 -13120.9 -6769.61
10440 -13121 -6770.15
10470 -13121 -6770.7
10500 -13121.1 -6771.24
10530 -13121.2 -6771.78
10560 -13121.2 -6772.32
10590 -13121.3 -6772.86
10620 -13114.7 -6772.65
10650 -13104.1 -6772.02
10680 -13093.6 -6771.39
10710 -13015.1 -6737.36
10740 -12999.1 -6737.02
10770 -13002.4 -6733.85
10800 -12990.5 -6744.94
10830 -12977.1 -6748.83
10860 -12893.6 -6746.85
10890 -12878.3 -6744.14
10920 -12876.3 -6742.59
10950 -12874.3 -6741.05
10980 -12872.2 -6739.5
11010 -12870.2 -6737.96
11040 -12868.1 -6736.41
11070 -12866.1 -6734.87
11100 -12864 -6733.32
11130 -12862 -6731.78
11160 -12819.4 -6694.62
11190 -12729.8 -6657.4
11220 -12615.5 -6637.09
11250 -12535.7 -6601.2
11280 -12529.3 -6601.81
11310 -12510.7 -6624.89
11340 -12508.7 -6622.59
11370 -12508 -6621.18
11400 -12508.3 -6621.75
11430 -12508.6 -6622.32
11460 -12508.9 -6622.89
11490 -12509.3 -6623.47
11520 -12509.6 -6624.04
11550 -12509.4 -6624.07
11580 -12509.1 -6624.02
11610 -12509.4 -6624.31
11640 -12510 -6624.84
11670 -12510.7 -6625.27
11700 -12510.1 -6624.09
11730 -12510.4 -6625.51
11760 -12509.9 -6625.94
11790 -12509 -6625.66
11820 -12509.3 -6626.28
11850 -12510.3 -6627.4
11880 -12511.2 -6628.4
11910 -12510 -6627.61
11940 -12508.9 -6626.81
11970 -12509.1 -6626.38
12000 -12509.3 -6625.96
12030 -12509.5 -6625.55
12060 -12509.8 -6625.13
12090 -12510 -6624.71
12120 -12510.2 -6624.29
12150 -12510.9 -6623.95
12180 -12511.5 -6623.74
12210 -12511.6 -6624.28
12240 -12511.6 -6624.81
12270 -12511.7 -6625.35
12300 -12511.5 -6625.3
12330 -12511.2 -6624.36
12360 -12510.8 -6623.43
12390 -12510.4 -6622.49
12420 -12510.3 -6622.14
12450 -12511 -6623.68
12480 -12511.7 -6625.22
12510 -12512.5 -6626.77
12540 -12508.5 -6624.05
12570 -12508.1 -6610.4
12600 -12486.8 -6586.82
12630 -12466.3 -6582.26
12660 -12323.8 -6563.78
12690 -12353.6 -6367.29
12720 -12739.5 -6022.5
12750 -13190.8 -5660.15
12780 -13660.6 -5333.78
12810 -13491.2 -5127.83
12840 -13125.9 -5133.97
12870 -13102.9 -5117.88
12900 -13091.9 -5107.42
12930 -13092.6 -5100.06
12960 -13089.4 -5096.43
12990 -13089.5 -5104.01
13020 -13094 -5104.44
13050 -13096.7 -5102.81
13080 -13097.2 -5100.41
13110 -13096 -5100.41
13140 -13095.1 -5095.99
13170 -13094.8 -5093.56
13200 -13120.9 -5123.29
13230 -13097.7 -5105.85
13260 -13093.1 -5096.63
13290 -13100.5 -5104.6
13320 -13101.1 -5104.83
13350 -13101.7 -5105.07
13380 -13104.1 -5112.24
13410 -13104.7 -5106.17
13440 -13089.3 -5108.18
13470 -13091 -5107.4
13500 -13091.5 -5107.49
13530 -13091.1 -5108.15
13560 -13089.3 -5104.66
13590 -13084.8 -5095.69
13620 -13087.2 -5101.57
13650 -13093.3 -5106.73
13680 -13087.8 -5111.16
13710 -13089.3 -5109.93
13740 -13093.9 -5097.66
13770 -13092 -5098.55
13800 -13091.6 -5100.17
13830 -13091.8 -5102.16
13860 -13092.1 -5104.14
13890 -13092.3 -5106.13
13920 -13088.5 -5107.97
13950 -13091.7 -5105.62
13980 -13095.2 -5104.05
14010 -13096.9 -5103.84
14040 -13097.7 -5103.03
14070 -13097.8 -5101.69
14100 -13097.9 -5100.35
14130 -13098 -5099.01
14160 -13098 -5098.07
14190 -13097.1 -5099.74
14220 -13094.7 -5104.59
14250 -13095.9 -5110.86
14280 -13092.2 -5102.2
14310 -13092.2 -5104.15
14340 -13092.2 -5106.09
14370 -13102.3 -5116.05
14400 -13103 -5113.49
14430 -13107 -5114.76
14460 -13108 -5117.29
14490 -13100.1 -5109.38
14520 -13095 -5108.51
14550 -13105.9 -5113.04
14580 -13156.5 -5134.99
14610 -13545.6 -5144
14640 -13738.2 -5287.14
14670 -13736.7 -5285.21
14700 -13736.4 -5286.35
14730 -13713.6 -5315.46
14760 -13341.4 -5511.35
14790 -12955.9 -5891.08
14820 -12482.8 -6236.29
14850 -12349 -6580.84
14880 -12490.1 -6593.6
14910 -12503.4 -6585.92
14940 -12498.8 -6582.7
14970 -12499.9 -6581.59
15000 -12500.4 -6581.93
15030 -12501.1 -6582.81
15060 -12498.3 -6582.7
15090 -12499.3 -6581.57
15120 -12498.6 -6579.51
15150 -12497.6 -6580.36
15180 -12503.5 -6582.48
15210 -12498.4 -6577.76
15240 -12499 -6579.36
15270 -12497.2 -6581.27
15300 -12499.7 -6581.2
15330 -12497.9 -6580.18
15360 -12498.1 -6580.47
15390 -12499.6 -6581.68
15420 -12501.6 -6580.53
15450 -12459.4 -6590.9
15480 -12278.8 -6534.67
15510 -12490.1 -6221.06
15540 -12992.6 -5860.52
15570 -13378.2 -5469.58
15600 -13695 -5233.21
15630 -13336.4 -5142.43
15660 -13106.3 -5116.74
15690 -13097.9 -5112.86
15720 -13096 -5107.98
15750 -13096 -5107.98
15780 -13096 -5107.98
15810 -13096 -5107.98
15840 -13096 -5107.98
15870 -13096 -5107.98
15900 -13096 -5107.98
15930 -13096 -5107.98
15960 -13096 -5107.98
15990 -13096 -5107.98
16020 -13096 -5107.98
16050 -13096 -5107.98
16080 -13096 -5107.98
16110 -13096 -5107.98
16140 -13096 -5107.98
16170 -13096 -5107.98
16200 -13096 -5107.98
16230 -13096 -5107.98
16260 -13096 -5107.98
16290 -13096 -5107.98
16320 -13096 -5107.98
16350 -13096 -5107.98
16380 -13096 -5107.98
16410 -13096 -5107.98
16440 -13096 -5107.98
16470 -13096 -5107.98
16500 -13096 -5107.98
16530 -13096 -5107.98
16560 -13096 -5107.98
16590 -13096 -5107.98
16620 -13096 -5107.98
16650 -13096 -5107.98
16680 -13096 -5107.98
16710 -13096 -5107.98
16740 -13096 -5107.98
16770 -13096 -5107.98
16800 -13096 -5107.98
16830 -13096 -5107.98
16860 -13096 -5107.98
16890 -13096 -5107.98
16920 -13096 -5107.98
16950 -13096 -5107.98
16980 -13096 -5107.98
17010 -13096 -5107.98
17040 -13096 -5107.98
17070 -13096 -5107.98
17100 -13096 -5107.98
17130 -13096 -5107.98
17160 -13096 -5107.98
17190 -13096 -5107.98
17220 -13096 -5107.98
17250 -13096 -5107.98
17280 -13096 -5107.98
17310 -13096 -5107.98
17340 -13096 -5107.98
17370 -13096 -5107.98
17400 -13096 -5107.98
17430 -13096 -5107.98
17460 -13096 -5107.98
17490 -13096 -5107.98
17520 -13096 -5107.98
17550 -13096 -5107.98
17580 -13096 -5107.98
17610 -13096 -5107.98
17640 -13096 -5107.98
17670 -13096 -5107.98
17700 -13096 -5107.98
17730 -13096 -5107.98
17760 -13096 -5107.98
17790 -13096 -5107.98
17820 -13096 -5107.98
17850 -13096 -5107.98
17880 -13096 -5107.98
17910 -13096 -5107.98
17940 -13096 -5107.98
17970 -13096 -5107.98
18000 -13096 -5107.98
18030 -13096 -5107.98
18060 -13096 -5107.98
18090 -13096 -5107.98
18120 -13096 -5107.98
18150 -13096 -5107.98
18180 -13096 -5107.98
18210 -13096 -5107.98
18240 -13096 -5107.98
18270 -13096 -5107.98
18300 -13096 -5107.98
18330 -13096 -5107.98
18360 -13096 -5107.98
18390 -13096 -5107.98
18420 -13096 -5107.98
18450 -13096 -5107.98
18480 -13096 -5107.98
18510 -13096 -5107.98
18540 -13096 -5107.98
18570 -13096 -5107.98
18600 -13096 -5107.98
18630 -13096 -5107.98
18660 -13096 -5107.98
18690 -13096 -5107.98
18720 -13096 -5107.98
18750 -13096 -5107.98
18780 -13096 -5107.98
18810 -13096 -5107.98
18840 -13096 -5107.98
18870 -13096 -5107.98
18900 -13096 -5107.98
18930 -13096 -5107.98
18960 -13096 -5107.98
18990 -13096 -5107.98
19020 -13096 -5107.98
19050 -13096 -5107.98
19080 -13096 -5107.98
19110 -13096 -5107.98
19140 -13096 -5107.98
19170 -13096 -5107.98
19200 -13096 -5107.98
19230 -13096 -5107.98
19260 -13096 -5107.98
19290 -13096 -5107.98
19320 -13096 -5107.98
19350 -13096 -5107.98
19380 -13096 -5107.98
19410 -13096 -5107.98
19440 -13096 -5107.98
19470 -13096 -5107.98
19500 -13096 -5107.98
19530 -13096 -5107.98
19560 -13096 -5107.98
19590 -13096 -5107.98
19620 -13096 -5107.98
19650 -13096 -5107.98
19680 -13096 -5107.98
19710 -13096 -5107.98
19740 -13096 -5107.98
19770 -13096 -5107.98
19800 -13096 -5107.98
19830 -13096 -5107.98
19860 -13096 -5107.98
19890 -13096 -5107.98
19920 -13096 -5107.98
19950 -13096 -5107.98
19980 -13096 -5107.98
20010 -13096 -5107.98
20040 -13096 -5107.98
20070 -13096 -5107.98
20100 -13096 -5107.98
20130 -13096 -5107.98
20160 -13096 -5107.98
20190 -13096 -5107.98
20220 -13096 -5107.98
20250 -13096 -5107.98
20280 -13096 -5107.98
20310 -13096 -5107.98
20340 -13096 -5107.98
20370 -13096 -5107.98
20400 -13096 -5107.98
20430 -13096 -5107.98
20460 -13096 -5107.98
20490 -13096 -5107.98
20520 -13096 -5107.98
20550 -13096 -5107.98
20580 -13096 -5107.98
20610 -13096 -5107.98
20640 -13096 -5107.98
20670 -13096 -5107.98
20700 -13096 -5107.98
20730 -13096 -5107.98
20760 -13096 -5107.98
20790 -13096 -5107.98
20820 -13096 -5107.98
20850 -13096 -5107.98
20880 -13096 -5107.98
20910 -13096 -5107.98
20940 -13096 -5107.98
20970 -13096 -5107.98
21000 -13096 -5107.98
21030 -13096 -5107.98
21060 -13096 -5107.98
21090 -13096 -5107.98
21120 -13096 -5107.98
21150 -13096 -5107.98
21180 -13096 -5107.98
21210 -13096 -5107.98
21240 -13096 -5107.98
21270 -13096 -5107.98
21300 -13096 -5107.98
21330 -13096 -5107.98
21360 -13096 -5107.98
21390 -13096 -5107.98
21420 -13096 -5107.98
21450 -13096 -5107.98
21480 -13096 -5107.98
21510 -13096 -5107.98
21540 -13096 -5107.98
21570 -13096 -5107.98
21600 -13096 -5107.98
21630 -13096 -5107.98
21660 -13096 -5107.98
21690 -13096 -5107.98
21720 -13096 -5107.98
21750 -13096 -5107.98
21780 -13096 -5107.98
21810 -13096 -5107.98
21840 -13096 -5107.98
21870 -13096 -5107.98
21900 -13096 -5107.98
21930 -13096 -5107.98
21960 -13096 -5107.98
21990 -13096 -5107.98
22020 -13096 -5107.98
22050 -13096 -5107.98
22080 -13096 -5107.98
22110 -13096 -5107.98
22140 -13096 -5107.98
22170 -13096 -5107.98
22200 -13096 -5107.98
22230 -13096 -5107.98
22260 -13096 -5107.98
22290 -13096 -5107.98
22320 -13096 -5107.98
22350 -13096 -5107.98
22380 -13096 -5107.98
22410 -13096 -5107.98
22440 -13096 -5107.98
22470 -13096 -5107.98
22500 -13096 -5107.98
22530 -13096 -5107.98
22560 -13096 -5107.98
22590 -13096 -5107.98
22620 -13096 -5107.98
22650 -13096 -5107.98
22680 -13096 -5107.98
22710 -13096 -5107.98
22740 -13096 -5107.98
22770 -13096 -5107.98
22800 -13096 -5107.98
22830 -13096 -5107.98
22860 -13096 -5107.98
22890 -13096 -5107.98
22920 -13096 -5107.98
22950 -13096 -5107.98
22980 -13096 -5107.98
23010 -13096 -5107.98
23040 -13096 -5107.98
23070 -13096 -5107.98
23100 -13096 -5107.98
23130 -13096 -5107.98
23160 -13096 -5107.98
23190 -13096 -5107.98
23220 -13096 -5107.98
23250 -13096 -5107.98
23280 -13096 -5107.98
23310 -13096 -5107.98
23340 -13096 -5107.98
23370 -13096 -5107.98
23400 -13096 -5107.98
23430 -13096 -5107.98
23460 -13096 -5107.98
23490 -13096 -5107.98
23520 -13096 -5107.98
23550 -13096 -5107.98
23580 -13096 -5107.98
23610 -13096 -5107.98
23640 -13096 -5107.98
23670 -13096 -5107.98
23700 -13096 -5107.98
23730 -13096 -5107.98
23760 -13096 -5107.98
23790 -13096 -5107.98
23820 -13096 -5107.98
23850 -13096 -5107.98
23880 -13096 -5107.98
23910 -13096 -5107.98
23940 -13096 -5107.98
23970 -13096 -5107.98
24000 -13096 -5107.98
24030 -13096 -5107.98
24060 -13096 -5107.98
24090 -13096 -5107.98
24120 -13096 -5107.98
24150 -13096 -5107.98
24180 -13096 -5107.98
24210 -13096 -5107.98
24240 -13096 -5107.98
24270 -13096 -5107.98
24300 -13096 -5107.98
24330 -13096 -5107.98
24360 -13096 -5107.98
24390 -13096 -5107.98
24420 -13096 -5107.98
24450 -13096 -5107.98
24480 -13096 -5107.98
24510 -13096 -5107.98
24540 -13096 -5107.98
24570 -13096 -5107.98
24600 -13096 -5107.98
24630 -13096 -5107.98
24660 -13096 -5107.98
24690 -13096 -5107.98
24720 -13096 -5107.98
24750 -13096 -5107.98
24780 -13096 -5107.98
24810 -13096 -5107.98
24840 -13096 -5107.98
24870 -13096 -5107.98
24900 -13096 -5107.98
24930 -13096 -5107.98
24960 -13096 -5107.98
24990 -13096 -5107.98
25020 -13096 -5107.98
25050 -13096 -5107.98
25080 -13096 -5107.98
25110 -13096 -5107.98
25140 -13096 -5107.98
25170 -13096 -5107.98
25200 -13096 -5107.98
25230 -13096 -5107.98
25260 -13096 -5107.98
25290 -13096 -5107.98
25320 -13096 -5107.98
25350 -13096 -5107.98
25380 -13096 -5107.98
25410 -13096 -5107.98
25440 -13096 -5107.98
25470 -13096 -5107.98
25500 -13096 -5107.98
25530 -13096 -5107.98
25560 -13096 -5107.98
25590 -13096 -5107.98
25620 -13096 -5107.98
25650 -13096 -5107.98
25680 -13096 -5107.98
25710 -13096 -5107.98
25740 -13096 -5107.98
25770 -13096 -5107.98
25800 -13096 -5107.98
25830 -13096 -5107.98
25860 -13096 -5107.98
25890 -13096 -5107.98
25920 -13096 -5107.98
25950 -13096 -5107.98
25980 -13096 -5107.98
26010 -13096 -5107.98
26040 -13096 -5107.98
26070 -13096 -5107.98
26100 -13096 -5107.98
26130 -13096 -5107.98
26160 -13096 -5107.98
26190 -13096 -5107.98
26220 -13096 -5107.98
26250 -13096 -5107.98
26280 -13096 -5107.98
26310 -13096 -5107.98
26340 -13096 -5107.98
26370 -13096 -5107.98
26400 -13096 -5107.98
26430 -13096 -5107.98
26460 -13096 -5107.98
26490 -13096 -5107.98
26520 -13096 -5107.98
26550 -13096 -5107.98
26580 -13096 -5107.98
26610 -13096 -5107.98
26640 -13096 -5107.98
26670 -13096 -5107.98
26700 -13096 -5107.98
26730 -13096 -5107.98
26760 -13096 -5107.98
26790 -13096 -5107.98
26820 -13096 -5107.98
26850 -13096 -5107.98
26880 -13096 -5107.98
26910 -13096 -5107.98
26940 -13096 -5107.98
26970 -13096 -5107.98
27000 -13096 -5107.98
27030 -13096 -5107.98
27060 -13096 -5107.98
27090 -13096 -5107.98
27120 -13096 -5107.98
27150 -13096 -5107.98
27180 -13096 -5107.98
27210 -13096 -5107.98
27240 -13096 -5107.98
27270 -13096 -5107.98
27300 -13096 -5107.98
27330 -13096 -5107.98
27360 -13096 -5107.98
27390 -13096 -5107.98
27420 -13096 -5107.98
27450 -13096 -5107.98
27480 -13096 -5107.98
27510 -13096 -5107.98
27540 -13096 -5107.98
27570 -13096 -5107.98
27600 -13096 -5107.98
27630 -13096 -5107.98
27660 -13096 -5107.98
27690 -13096 -5107.98
27720 -13096 -5107.98
27750 -13096 -5107.98
27780 -13096 -5107.98
27810 -13096 -5107.98
27840 -13096 -5107.98
27870 -13096 -5107.98
27900 -13096 -5107.98
27930 -13096 -5107.98
27960 -13096 -5107.98
27990 -13096 -5107.98
28020 -13096 -5107.98
28050 -13096 -5107.98
28080 -13096 -5107.98
28110 -13096 -5107.98
28140 -13096 -5107.98
28170 -13096 -5107.98
28200 -13096 -5107.98
28230 -13096 -5107.98
28260 -13096 -5107.98
28290 -13096 -5107.98
28320 -13096 -5107.98
28350 -13096 -5107.98
28380 -13096 -5107.98
28410 -13096 -5107.98
28440 -13096 -5107.98
28470 -13096 -5107.98
28500 -13096 -5107.98
28530 -13096 -5107.98
28560 -13096 -5107.98
28590 -13096 -5107.98
28620 -13096 -5107.98
28650 -13096 -5107.98
28680 -13096 -5107.98
28710 -13096 -5107.98
28740 -13096 -5107.98
28770 -13096 -5107.98
28800 -13096 -5107.98
28830 -13096 -5107.98
28860 -13096 -5107.98
28890 -13096 -5107.98
28920 -13096 -5107.98
28950 -13096 -5107.98
28980 -13096 -5107.98
29010 -13096 -5107.98
29040 -13096 -5107.98
29070 -13096 -5107.98
29100 -13096 -5107.98
29130 -13096 -5107.98
29160 -13096 -5107.98
29190 -13096 -5107.98
29220 -13096 -5107.98
29250 -13096 -5107.98
29280 -13096 -5107.98
29310 -13096 -5107.98
29340 -13096 -5107.98
29370 -13096 -5107.98
29400 -13096 -5107.98
29430 -13096 -5107.98
29460 -13096 -5107.98
29490 -13096 -5107.98
29520 -13096 -5107.98
29550 -13096 -5107.98
29580 -13096 -5107.98
29610 -13096 -5107.98
29640 -13096 -5107.98
29670 -13096 -5107.98
29700 -13096 -5107.98
29730 -13096 -5107.98
29760 -13096 -5107.98
29790 -13096 -5107.98
29820 -13096 -5107.98
29850 -13096 -5107.98
29880 -13096 -5107.98
29910 -13096 -5107.98
29940 -13096 -5107.98
29970 -13096 -5107.98
30000 -13096 -5107.98
30030 -13096 -5107.98
30060 -13096 -5107.98
30090 -13096 -5107.98
30120 -13096 -5107.98
30150 -13096 -5107.98
30180 -13096 -5107.98
30210 -13096 -5107.98
30240 -13096 -5107.98
30270 -13096 -5107.98
30300 -13096 -5107.98
30330 -13096 -5107.98
30360 -13096 -5107.98
30390 -13096 -5107.98
30420 -13096 -5107.98
30450 -13096 -5107.98
30480 -13096 -5107.98
30510 -13096 -5107.98
30540 -13096 -5107.98
30570 -13096 -5107.98
30600 -13096 -5107.98
30630 -13096 -5107.98
30660 -13096 -5107.98
30690 -13096 -5107.98
30720 -13096 -5107.98
30750 -13096 -5107.98
30780 -13096 -5107.98
30810 -13096 -5107.98
30840 -13096 -5107.98
30870 -13096 -5107.98
30900 -13096 -5107.98
30930 -13096 -5107.98
30960 -13096 -5107.98
30990 -13096 -5107.98
31020 -13096 -5107.98
31050 -13096 -5107.98
31080 -13096 -5107.98
31110 -13096 -5107.98
31140 -13096 -5107.98
31170 -13096 -5107.98
31200 -13096 -5107.98
31230 -13096 -5107.98
31260 -13096 -5107.98
31290 -13096 -5107.98
31320 -13096 -5107.98
31350 -13096 -5107.98
31380 -13096 -5107.98
31410 -13096 -5107.98
31440 -13096 -5107.98
31470 -13096 -5107.98
31500 -13096 -5107.98
31530 -13096 -5107.98
31560 -13096 -5107.98
31590 -13096 -5107.98
31620 -13096 -5107.98
31650 -13096 -5107.98
31680 -13096 -5107.98
31710 -13096 -5107.98
31740 -13096 -5107.98
31770 -13096 -5107.98
31800 -13096 -5107.98
31830 -13096 -5107.98
31860 -13096 -5107.98
31890 -13096 -5107.98
31920 -13096 -5107.98
31950 -13096 -5107.98
31980 -13096 -5107.98
32010 -13096 -5107.98
32040 -13096 -5107.98
32070 -13096 -5107.98
32100 -13096 -5107.98
32130 -13096 -5107.98
32160 -13096 -5107.98
32190 -13096 -5107.98
32220 -13096 -5107.98
32250 -13096 -5107.98
32280 -13096 -5107.98
32310 -13096 -5107.98
32340 -13096 -5107.98
32370 -13096 -5107.98
32400 -13096 -5107.98
32430 -13096 -5107.98
32460 -13096 -5107.98
32490 -13096 -5107.98
32520 -13096 -5107.98
32550 -13096 -5107.98
32580 -13096 -5107.98
32610 -13096 -5107.98
32640 -13096 -5107.98
32670 -13096 -5107.98
32700 -13096 -5107.98
32730 -13096 -5107.98
32760 -13096 -5107.98
32790 -13096 -5107.98
32820 -13096 -5107.98
32850 -13096 -5107.98
32880 -13096 -5107.98
32910 -13096 -5107.98
32940 -13096 -5107.98
32970 -13096 -5107.98
33000 -13096 -5107.98
33030 -13096 -5107.98
33060 -13096 -5107.98
33090 -13096 -5107.98
33120 -13096 -5107.98
33150 -13096 -5107.98
33180 -13096 -5107.98
33210 -13096 -5107.98
33240 -13096 -5107.98
33270 -13096 -5107.98
33300 -13096 -5107.98
33330 -13096 -5107.98
33360 -13096 -5107.98
33390 -13096 -5107.98
33420 -13096 -5107.98
33450 -13096 -5107.98
33480 -13096 -5107.98
33510 -13096 -5107.98
33540 -13096 -5107.98
33570 -13096 -5107.98
33600 -13096 -5107.98
33630 -13096 -5107.98
33660 -13096 -5107.98
33690 -13096 -5107.98
33720 -13096 -5107.98
33750 -13096 -5107.98
33780 -13096 -5107.98
33810 -13096 -5107.98
33840 -13096 -5107.98
33870 -13096 -5107.98
33900 -13096 -5107.98
33930 -13096 -5107.98
33960 -13096 -5107.98
33990 -13096 -5107.98
34020 -13096 -5107.98
34050 -13096 -5107.98
34080 -13096 -5107.98
34110 -13096 -5107.98
34140 -13096 -5107.98
34170 -13096 -5107.98
34200 -13096 -5107.98
34230 -13096 -5107.98
34260 -13096 -5107.98
34290 -13096 -5107.98
34320 -13096 -5107.98
34350 -13096 -5107.98
34380 -13096 -5107.98
34410 -13096 -5107.98
34440 -13096 -5107.98
34470 -13096 -5107.98
34500 -13096 -5107.98
34530 -13096 -5107.98
34560 -13096 -5107.98
34590 -13096 -5107.98
34620 -13096 -5107.98
34650 -13096 -5107.98
34680 -13096 -5107.98
34710 -13096 -5107.98
34740 -13096 -5107.98
34770 -13096 -5107.98
34800 -13096 -5107.98
34830 -13096 -5107.98
34860 -13096 -5107.98
34890 -13096 -5107.98
34920 -13096 -5107.98
34950 -13096 -5107.98
34980 -13096 -5107.98
35010 -13096 -5107.98
35040 -13096 -5107.98
35070 -13096 -5107.98
35100 -13096 -5107.98
35130 -13096 -5107.98
35160 -13096 -5107.98
35190 -13096 -5107.98
35220 -13096 -5107.98
35250 -13096 -5107.98
35280 -13096 -5107.98
35310 -13096 -5107.98
35340 -13096 -5107.98
35370 -13096 -5107.98
35400 -13096 -5107.98
35430 -13096 -5107.98
35460 -13096 -5107.98
35490 -13096 -5107.98
35520 -13096 -5107.98
35550 -13096 -5107.98
35580 -13096 -5107.98
35610 -13096 -5107.98
35640 -13096 -5107.98
35670 -13096 -5107.98
35700 -13096 -5107.98
35730 -13096 -5107.98
35760 -13096 -5107.98
35790 -13096 -5107.98
35820 -13096 -5107.98
35850 -13096 -5107.98
35880 -13096 -5107.98
35910 -13096 -5107.98
35940 -13096 -5107.98
35970 -13096 -5107.98
36000 -13096 -5107.98
36030 -13096 -5107.98
36060 -13096 -5107.98
36090 -13096 -5107.98
36120 -13096 -5107.98
36150 -13096 -5107.98
36180 -13096 -5107.98
36210 -13096 -5107.98
36240 -13096 -5107.98
36270 -13096 -5107.98
36300 -13096 -5107.98
36330 -13096 -5107.98
36360 -13096 -5107.98
36390 -13096 -5107.98
36420 -13096 -5107.98
36450 -13096 -5107.98
36480 -13096 -5107.98
36510 -13096 -5107.98
36540 -13096 -5107.98
36570 -13096 -5107.98
36600 -13096 -5107.98
36630 -13096 -5107.98
36660 -13096 -5107.98
36690 -13096 -5107.98
36720 -13096 -5107.98
36750 -13096 -5107.98
36780 -13096 -5107.98
36810 -13096 -5107.98
36840 -13096 -5107.98
36870 -13094.9 -5109.31
36900 -13094.5 -5108.99
36930 -13094 -5108.65
36960 -13093.5 -5108.32
36990 -13093 -5107.99
37020 -13092.5 -5107.65
37050 -13091.2 -5106.07
37080 -13087.9 -5101.57
37110 -13084.7 -5097.07
37140 -13085.8 -5098.51
37170 -13088 -5101.44
37200 -13090.2 -5104.36
37230 -13092.4 -5107.28
37260 -13093.5 -5108.39
37290 -13094.4 -5109.06
37320 -13095.2 -5109.72
37350 -13096.1 -5110.38
37380 -13096.9 -5111.05
37410 -13097.7 -5111.71
37440 -13098.6 -5112.37
37470 -13099.4 -5113.04
37500 -13100.3 -5113.7
37530 -13102.2 -5114.21
37560 -13107.8 -5104.58
37590 -13109.3 -5113.94
37620 -13114.4 -5115.2
37650 -13119.8 -5119.85
37680 -13121.2 -5120.78
37710 -13120.5 -5120.42
37740 -13121.6 -5120.89
37770 -13122.6 -5116.2
37800 -13123.8 -5115.74
37830 -13124.9 -5115.49
37860 -13125.1 -5113.86
37890 -13122 -5110.53
37920 -13123.3 -5114.48
37950 -13124.5 -5117.77
37980 -13121.6 -5121.59
38010 -13124.5 -5118.19
38040 -13125.1 -5114.75
38070 -13125.8 -5115.72
38100 -13125.6 -5114.52
38130 -13123.3 -5110.87
38160 -13119.5 -5106.19
38190 -13116.1 -5098.81
38220 -13112.7 -5098.72
38250 -13119.5 -5113.02
38280 -13118.4 -5113.89
38310 -13118 -5114.54
38340 -13118 -5117.79
38370 -13121.3 -5113.22
38400 -13120.3 -5113.59
38430 -13120 -5111.02
38460 -13119.8 -5113.08
38490 -13122.5 -5109.37
38520 -13119.8 -5113.4
38550 -13118.8 -5112.43
38580 -13120.1 -5113.53
38610 -13120.9 -5112.65
38640 -13119.3 -5115.67
38670 -13117.2 -5115.31
38700 -13120.2 -5113.7
38730 -13116.2 -5119.24
38760 -13119.2 -5111.54
38790 -13116.3 -5112.74
38820 -13118.8 -5113.39
38850 -13118.8 -5116.2
38880 -13118.6 -5115.99
38910 -13118.4 -5113.65
38940 -13118.9 -5114.45
38970 -13120.3 -5114.99
39000 -13122.9 -5113.5
39030 -13121.7 -5110.89
39060 -13123.3 -5112.32
39090 -13121 -5115.99
39120 -13121.4 -5115.54
39150 -13121.2 -5113.22
39180 -13121.2 -5112.91
39210 -13119.9 -5113.05
39240 -13118.5 -5116.44
39270 -13122.4 -5115.12
39300 -13119.6 -5114.56
39330 -13123 -5117.21
39360 -13119.6 -5116.31
39390 -13120.3 -5116.66
39420 -13121 -5116.1
39450 -13121.2 -5115.31
39480 -13121.3 -5114.47
39510 -13121.2 -5116.32
39540 -13121.7 -5113.91
39570 -13120.7 -5114.89
39600 -13121.5 -5112.85
39630 -13120.8 -5113.85
39660 -13120 -5115.29
39690 -13120.9 -5116.44
39720 -13122.7 -5113.04
39750 -13122.4 -5110.3
39780 -13121.7 -5112.76
39810 -13122.9 -5114.74
39840 -13119.6 -5113.94
39870 -13123.3 -5113.65
39900 -13120.2 -5114.47
39930 -13120.1 -5116.3
39960 -13118.5 -5115.96
39990 -13120.4 -5115.88
40020 -13120.1 -5113.76
40050 -13117.5 -5114.63
40080 -13109.7 -5117.41
40110 -13094.4 -5120.03
40140 -13110.8 -5119.19
40170 -13122.6 -5118.62
40200 -13127.4 -5121.17
40230 -13129.8 -5122.98
40260 -13112.6 -5123.69
40290 -13099 -5123.1
40320 -13114.5 -5121.77
40350 -13092.3 -5131.08
40380 -13065.3 -5141.38
40410 -13032.7 -5154.77
40440 -12999 -5154.66
40470 -12968.1 -5147.28
40500 -12939.9 -5135.41
40530 -12915 -5117.42
40560 -12891.1 -5095.56
40590 -12873.9 -5067.83
40620 -12880.9 -5042.12
40650 -12900.3 -5012.47
40680 -12913.5 -4983.57
40710 -12923.3 -4948.35
40740 -12921.7 -4912.45
40770 -12920.2 -4876.32
40800 -12945.1 -4858.81
40830 -12976.1 -4860.25
40860 -13009.2 -4860.89
40890 -13039.8 -4872.78
40920 -13071.2 -4884.06
40950 -13095.9 -4906.83
40980 -13120.1 -4928.98
41010 -13136.2 -4962.59
41040 -13154.1 -4993.45
41070 -13175.8 -5014.7
41100 -13205.1 -5038.82
41130 -13225.2 -5072.12
41160 -13236.3 -5108.56
41190 -13244.4 -5136.05
41220 -13222.3 -5144.18
