0 -101.725 35.6542
30 -97.5522 33.7172
60 -91.6816 32.6486
90 -87.9365 35.3946
120 -87.214 30.9417
150 -83.797 27.3055
180 -77.7187 17.9552
210 -65.5407 51.4208
240 -68.9399 71.3925
270 -125.924 133.777
300 -147.226 184.997
330 -160.864 214.841
360 -173.174 230.036
390 -192.132 254.081
420 -237.672 314.342
450 -259.02 350.08
480 -272.36 360.689
510 -305.443 393.973
540 -326.848 433.602
570 -330.425 467.809
600 -356.111 494.659
630 -377.444 510.555
660 -401.251 510.8
690 -429.598 536.522
720 -496.138 529.512
750 -499.17 514.071
780 -502.202 500.976
810 -514.628 504.995
840 -513.476 510.839
870 -531.553 512.523
900 -537.719 522.755
930 -505.027 501.733
960 -504.982 506.534
990 -502.793 506.303
1020 -504.441 497.336
1050 -505.228 497.229
1080 -500.51 497.554
1110 -498.249 497.731
1140 -496.965 497.17
1170 -487.594 492.299
1200 -490.203 492.771
1230 -491.751 495.45
1260 -493.299 498.129
1290 -497.999 505.1
1320 -505.384 515.577
1350 -500.358 505.917
1380 -498.236 509.24
1410 -476.087 523.701
1440 -458.277 553.101
1470 -464.711 594.804
1500 -486.763 623.787
1530 -527.824 622.864
1560 -543.312 624.076
1590 -535.087 617.397
1620 -518.41 627.839
1650 -504.537 638.28
1680 -521.038 649.913
1710 -523.395 648.633
1740 -522.552 648.855
1770 -501.177 638.436
1800 -502.024 627.686
1830 -517.13 633.78
1860 -515.293 637.908
1890 -502.965 633.109
1920 -498.63 640.143
1950 -496.499 642.867
1980 -496.246 633.813
2010 -481.302 642.525
2040 -497.525 641.874
2070 -502.081 620.559
2100 -482.708 623.965
2130 -495.112 631.325
2160 -507.879 630.087
2190 -536.261 625.384
2220 -547.9 626.933
2250 -549.3 623.081
2280 -539.677 617.178
2310 -539.098 617.929
2340 -541.439 619.248
2370 -541.178 618.53
2400 -540.917 617.813
2430 -540.655 617.095
2460 -540.394 616.377
2490 -540.132 615.66
2520 -539.871 614.942
2550 -535.561 612.151
2580 -541.958 615.347
2610 -540.754 614.637
2640 -539.04 615.458
2670 -539.607 617.905
2700 -540.174 620.351
2730 -549.883 626.659
2760 -557.127 623.933
2790 -559.901 626.414
2820 -555.14 622.12
2850 -548.812 626.909
2880 -555.41 563.914
2910 -564.245 529.254
2940 -569.073 514.8
2970 -554.663 412.351
3000 -461.326 500.725
3030 -321.827 730.829
3060 -232.533 879.809
3090 -218.324 897.842
3120 -344.304 1040.86
3150 -411.872 1077.8
3180 -557.53 1143.48
3210 -946.637 1359.77
3240 -1191.66 1432.81
3270 -1212.95 1516.06
3300 -1153.99 1824.95
3330 -1003.27 2189.75
3360 -976.216 2284.26
3390 -998.629 2359.62
3420 -1056.73 2393.91
3450 -1621.62 2527.32
3480 -2132.97 2626.45
3510 -2691.11 2566.53
3540 -2952.51 2484.71
3570 -2929.23 2481.33
3600 -3157.61 2361.22
3630 -3633.41 2126.93
3660 -3879.69 2015.62
3690 -4014.06 1722.81
3720 -4231.06 1574.69
3750 -4540.86 1541.9
3780 -5072.06 1561.74
3810 -5586.23 1684.4
3840 -6028.84 1776.28
3870 -6345.01 1838.1
3900 -6338.44 1832.06
3930 -6339.35 1806.09
3960 -6345.06 1814.59
3990 -6346.95 1819.59
4020 -6345.62 1821.96
4050 -6345.77 1819.4
4080 -6346.36 1815.33
4110 -6346.95 1811.27
4140 -6347.53 1807.2
4170 -6346.47 1808.82
4200 -6345.29 1810.83
4230 -6344.11 1812.85
4260 -6342.92 1814.87
4290 -6341.74 1816.89
4320 -6340.56 1818.91
4350 -6339.38 1820.93
4380 -6342.75 1818.53
4410 -6339.64 1818.7
4440 -6336.53 1818.88
4470 -6336.67 1807.73
4500 -6334.13 1798.38
4530 -6338.14 1787.1
4560 -6336.99 1796.39
4590 -6337.71 1807.9
4620 -6338.85 1812.74
4650 -6340.25 1813.14
4680 -6341.66 1813.54
4710 -6341.14 1812.01
4740 -6339.17 1810.73
4770 -6339.76 1813.16
4800 -6342.63 1808.47
4830 -6336.66 1805.41
4860 -6334.78 1816.75
4890 -6335.07 1817.05
4920 -6334.66 1818.05
4950 -6334.41 1817.59
4980 -6335.49 1803.98
5010 -6334.87 1795.54
5040 -6336.03 1795.2
5070 -6337.11 1794.85
5100 -6338.2 1794.5
5130 -6338.64 1792.46
5160 -6337.31 1785.78
5190 -6336.65 1787.15
5220 -6335.58 1791.74
5250 -6333.66 1791.48
5280 -6331.73 1791.21
5310 -6329.43 1789.48
5340 -6326.07 1783.74
5370 -6324.81 1781.33
5400 -6340.1 1773.98
5430 -6337.19 1769.69
5460 -6336.29 1774.88
5490 -6332.62 1770.51
5520 -6322.99 1761.43
5550 -6323.45 1730.71
5580 -6326.48 1740.46
5610 -6326.3 1765.12
5640 -6337.34 1792.07
5670 -6335.9 1778.48
5700 -6338.29 1777.21
5730 -6339.18 1785.4
5760 -6339.35 1791.34
5790 -6340.04 1790.23
5820 -6339.01 1787.63
5850 -6336.47 1775.18
5880 -6337.01 1771.54
5910 -6335.8 1773.79
5940 -6344.83 1845.4
5970 -6347.07 1837.65
6000 -6348.89 1824.87
6030 -6347.53 1820.27
6060 -6345.32 1818.93
6090 -6352.5 1810.66
6120 -6351.57 1810.43
6150 -6348.06 1813.2
6180 -6349.23 1812.98
6210 -6350.63 1811.01
6240 -6348.45 1809.75
6270 -6344.1 1812.15
6300 -6343.45 1813.45
6330 -6342.79 1814.75
6360 -6343.19 1816.59
6390 -6341.65 1821.58
6420 -6339.42 1821.18
6450 -6340.47 1817.84
6480 -6343.01 1817.48
6510 -6344.5 1819.4
6540 -6344.14 1816.51
6570 -6339.64 1819.3
6600 -6339.7 1808.69
6630 -6339.97 1809.67
6660 -6336.85 1813.89
6690 -6338.27 1813.72
6720 -6344.58 1806.22
6750 -6349.53 1797.54
6780 -6344.77 1812.16
6810 -6339.4 1812.91
6840 -6336.77 1819.13
6870 -6339.46 1815.68
6900 -6339.51 1807.17
6930 -6339.43 1803.09
6960 -6338.52 1803.19
6990 -6334.03 1802.09
7020 -6329.54 1800.99
7050 -6342.83 1802.92
7080 -6349.61 1813.6
7110 -6356.38 1824.28
7140 -6346.42 1816.13
7170 -6346.24 1820.23
7200 -6336.12 1835.96
7230 -6334.84 1837.93
7260 -6340.26 1827.75
7290 -6342.3 1834.7
7320 -6343.4 1824.89
7350 -6345.83 1808.01
7380 -6343.51 1826.97
7410 -6344.92 1826.84
7440 -6346.62 1827.56
7470 -6348.91 1830.01
7500 -6353.08 1823.96
7530 -6351.87 1817.59
7560 -6350.01 1817.17
7590 -6346.08 1818.26
7620 -6344.2 1826.93
7650 -6345.5 1822.82
7680 -6351.64 1816.03
7710 -6343.11 1816.77
7740 -6342.56 1819.2
7770 -6343.15 1834.89
7800 -6343.37 1851.4
7830 -6346.76 1831.14
7860 -6350.05 1811.93
7890 -6351.55 1803
7920 -6347.89 1803.37
7950 -6345.32 1824.7
7980 -6349.91 1816.98
8010 -6345.92 1804.59
8040 -6250.56 1807.57
8070 -5731.79 1702.74
8100 -5119.3 1560.56
8130 -4525.04 1450.27
8160 -4129.53 1473.09
8190 -3676.26 1563.45
8220 -3285.3 1574.65
8250 -2816.55 1441.63
8280 -2708.46 1399.51
8310 -2203.75 1250.84
8340 -1847.89 1311.64
8370 -1850.62 1316.13
8400 -1850.47 1312.91
8430 -1845.47 1315.58
8460 -1848.18 1306.56
8490 -1853.15 1310.79
8520 -1797.37 1448.99
8550 -1722.79 1473.83
8580 -1721.03 1476.61
8610 -1721.57 1476.37
8640 -1722.11 1476.13
8670 -1718.56 1476.2
8700 -1720.31 1475.05
8730 -1721.1 1483.73
8760 -1719.86 1484.09
8790 -1720.67 1483.48
8820 -1721.47 1482.86
8850 -1722.27 1482.25
8880 -1723.07 1481.63
8910 -1722.92 1484.22
8940 -1723.97 1467.52
8970 -1724.43 1482.51
9000 -1721.12 1468.31
9030 -1724.48 1475.13
9060 -1720.53 1472.83
9090 -1719.26 1473.63
9120 -1721.1 1478.5
9150 -1721.83 1474.92
9180 -1721.46 1474.2
9210 -1721.46 1474.2
9240 -1721.46 1474.2
9270 -1721.46 1474.2
9300 -1721.46 1474.2
9330 -1721.46 1474.2
9360 -1721.46 1474.2
9390 -1721.46 1474.2
9420 -1721.46 1474.2
9450 -1721.46 1474.2
9480 -1721.46 1474.2
9510 -1714.69 1476.54
9540 -1720.01 1480.58
9570 -1717.47 1475.28
9600 -1715.15 1472.08
9630 -1713.29 1473.04
9660 -1718.75 1477.1
9690 -1716.62 1478.14
9720 -1719.57 1479.36
9750 -1721.7 1480.37
9780 -1723.34 1475.79
9810 -1724.56 1479.85
9840 -1733.48 1475.43
9870 -1734.54 1474.68
9900 -1729 1473.49
9930 -1726.79 1475.57
9960 -1723.3 1476.72
9990 -1718.25 1475.88
10020 -1720.14 1477.92
10050 -1722.02 1479.97
10080 -1724.73 1474.34
10110 -1725.23 1472.9
10140 -1724.34 1478.55
10170 -1723.45 1484.21
10200 -1723.27 1485.34
10230 -1723.27 1485.34
10260 -1723.27 1485.34
10290 -1723.27 1485.34
10320 -1723.27 1485.34
10350 -1723.27 1485.34
10380 -1723.27 1485.34
10410 -1723.27 1485.34
10440 -1723.27 1485.34
10470 -1723.27 1485.34
10500 -1723.27 1485.34
10530 -1723.27 1485.34
10560 -1721.71 1480.86
10590 -1720.93 1478.99
10620 -1723.65 1479.3
10650 -1722.1 1478.34
10680 -1719.07 1476.69
10710 -1716.05 1475.04
10740 -1713.03 1473.39
10770 -1710.01 1471.73
10800 -1706.99 1470.08
10830 -1707.09 1471.33
10860 -1712 1473
10890 -1713.29 1471.77
10920 -1714.37 1466.52
10950 -1714.2 1464.84
10980 -1713.77 1469.43
11010 -1713.33 1474.01
11040 -1713.03 1476.8
11070 -1712.94 1476.88
11100 -1712.85 1476.97
11130 -1712.76 1477.05
11160 -1712.68 1475.28
11190 -1712.63 1470.72
11220 -1713.42 1472.21
11250 -1714.86 1478.33
11280 -1727.93 1473.43
11310 -1725.59 1473.43
11340 -1723.26 1473.43
11370 -1720.92 1473.43
11400 -1737.07 1476.08
11430 -1828.07 1372.09
11460 -1825.52 1340.75
11490 -1824.64 1336.33
11520 -1823.76 1331.9
11550 -1822.88 1327.48
11580 -1655.16 1329.39
11610 -1319.75 1396.51
11640 -1281.7 1387.92
11670 -1029.59 1376.72
11700 -873.95 1298.09
11730 -565.829 1133.23
11760 -225.326 921.523
11790 -396.654 594.243
11820 -485.587 593.292
11850 -496.74 617.471
11880 -502.887 617.815
11910 -500.672 619.277
11940 -498.457 620.74
11970 -496.242 622.203
12000 -494.027 623.665
12030 -503.393 630.403
12060 -504.437 644.723
12090 -505.447 657.901
12120 -531.192 703.487
12150 -491.321 624.781
12180 -552.224 556.089
12210 -520.957 505.056
12240 -513.114 503.656
12270 -515.215 499.431
12300 -513.451 494.102
12330 -515.05 498.043
12360 -518.559 497.175
12390 -507.942 510.935
12420 -505.744 510.422
12450 -503.546 509.908
12480 -501.348 509.394
12510 -499.15 508.88
12540 -496.951 516.377
12570 -498.834 519.297
12600 -511.102 503.403
12630 -505.398 504.457
12660 -504.244 501.757
12690 -502.4 503.854
12720 -510.719 507.923
12750 -515.225 509.036
12780 -510.644 517.185
12810 -510.317 511.055
12840 -520.83 488.537
12870 -518.827 491.506
12900 -514.136 501.824
12930 -510.378 509.865
12960 -516.278 510.533
12990 -544.638 516.421
13020 -528.381 502.711
13050 -499.624 501.761
13080 -499.302 501.431
13110 -504.387 505.777
13140 -506.9 514.076
13170 -513.162 509.281
13200 -505.518 512.441
13230 -498.444 504.009
13260 -503.273 500.725
13290 -507.427 508.863
13320 -505.212 510.107
13350 -506.583 506.584
13380 -511.523 499.12
13410 -511.379 519.8
13440 -502.193 516.357
13470 -505.097 517.488
13500 -509.866 513.093
13530 -509.161 509.754
13560 -508.455 506.414
13590 -508.025 508.496
13620 -508.28 505.783
13650 -507.386 501.653
13680 -509.667 504.255
13710 -508.33 506.488
13740 -508.337 507.873
13770 -508.243 509.37
13800 -508.15 510.867
13830 -508.102 512.144
13860 -505.99 505.848
13890 -515.865 501.919
13920 -513.448 504.284
13950 -513.907 506.192
13980 -508.059 515.542
14010 -507.997 503.143
14040 -508.611 502.021
14070 -509.224 500.9
14100 -509.838 499.778
14130 -511.323 500.742
14160 -512.44 504.253
14190 -511.219 510.313
14220 -513.236 517.844
14250 -516.549 533.353
14280 -512.953 529.286
14310 -512.253 520.695
14340 -516.278 538.919
14370 -506.969 528.07
14400 -513.667 528.506
14430 -512.716 516.136
14460 -509.926 513.858
14490 -506.521 508.28
14520 -508.402 508.39
14550 -510.283 508.501
