0 -4912.8 -2176.88
30 -4902.69 -2177.55
60 -4913.38 -2178.2
90 -5044.21 -2182.67
120 -5144.21 -1999.52
150 -5320.33 -1739.21
180 -5572.27 -1347.22
210 -5630.28 -1343.45
240 -5733.04 -1437.13
270 -5823.15 -1382.46
300 -5820.58 -1379.74
330 -5825.02 -1386.67
360 -5830.31 -1400.83
390 -5837.06 -1411.41
420 -5832.3 -1423.74
450 -5834.71 -1445.16
480 -5840.68 -1454.55
510 -5840.54 -1476.81
540 -5833.88 -1486.28
570 -5844.45 -1460.5
600 -5859.74 -1475.67
630 -5873.97 -1465.41
660 -5879.8 -1454.75
690 -5884.69 -1458.31
720 -5889.65 -1465.09
750 -5884.52 -1462.01
780 -5863.66 -1459.73
810 -5815.46 -1434.79
840 -5805.63 -1439.93
870 -5848.39 -1448.43
900 -5858.82 -1445.83
930 -5857.13 -1452.61
960 -5846.55 -1450.61
990 -5857.71 -1449.03
1020 -5855.51 -1443.46
1050 -5845.59 -1445.09
1080 -5850.98 -1415.39
1110 -5854.3 -1409.32
1140 -5853.48 -1392.25
1170 -5854.1 -1389.63
1200 -5854.15 -1407.6
1230 -5845.37 -1414.65
1260 -5839.35 -1405.81
1290 -5826.82 -1389.66
1320 -5822 -1381.22
1350 -5823.93 -1380.51
1380 -5831.22 -1397.43
1410 -5675.94 -1438.34
1440 -5604.47 -1352.94
1470 -5391.64 -1603.74
1500 -5684.89 -1612.3
1530 -5865.24 -1509.09
1560 -5873.11 -1576.97
1590 -5873.25 -1573.28
1620 -5852.71 -1581.3
1650 -5841.96 -1586.58
1680 -5827.11 -1612.4
1710 -5800.27 -1647.18
1740 -5800.53 -1648.35
1770 -5800.53 -1648.35
1800 -5800.53 -1648.35
1830 -5800.53 -1648.35
1860 -5800.53 -1648.35
1890 -5800.53 -1648.35
1920 -5800.53 -1648.35
1950 -5800.53 -1648.35
1980 -5800.53 -1648.35
2010 -5800.53 -1648.35
2040 -5800.53 -1648.35
2070 -5800.53 -1648.35
2100 -5800.53 -1648.35
2130 -5800.53 -1648.35
2160 -5800.53 -1648.35
2190 -5800.53 -1648.35
2220 -5800.53 -1648.35
2250 -5800.53 -1648.35
2280 -5800.53 -1648.35
2310 -5800.53 -1648.35
2340 -5800.53 -1648.35
2370 -5800.53 -1648.35
2400 -5800.53 -1648.35
2430 -5833.22 -1630.18
2460 -5868.36 -1610.66
2490 -5871.88 -1578.78
2520 -5872.45 -1577.52
2550 -5874.41 -1573.93
2580 -5874.47 -1572.52
2610 -5874.16 -1575.58
2640 -5863.25 -1617.27
2670 -5939.24 -1854.69
2700 -6077.37 -1842.73
2730 -6095.8 -1838.66
2760 -6291.13 -1807.68
2790 -6363.45 -1805.22
2820 -6685 -1820.95
2850 -7078.05 -2302.67
2880 -7297.7 -2887.9
2910 -7413.83 -2984.27
2940 -7919.99 -3162.32
2970 -7977.56 -3183.53
3000 -8020.8 -3189.6
3030 -8087.54 -2962
3060 -8106.14 -2827.03
3090 -8113.65 -2825.2
3120 -8069.03 -2888.26
3150 -8051.57 -2876.52
3180 -8024.76 -2883.99
3210 -8012.28 -2890
3240 -8022.04 -2898.91
3270 -8027.37 -2894.38
3300 -8044.59 -2867.68
3330 -8074.62 -2861.42
3360 -8100.73 -2847.56
3390 -8117.34 -2831.75
3420 -8144.18 -2804.38
3450 -8161.08 -2792.4
3480 -8170.19 -2804.88
3510 -8178.15 -2818.33
3540 -8180.97 -2828.14
3570 -8182.01 -2830.42
3600 -8180.39 -2830.37
3630 -8178.76 -2830.33
3660 -8178.11 -2830.32
3690 -8178.11 -2830.32
3720 -8178.11 -2830.32
3750 -8178.11 -2830.32
3780 -8178.11 -2830.32
3810 -8178.11 -2830.32
3840 -8178.11 -2830.32
3870 -8178.11 -2830.32
3900 -8178.11 -2830.32
3930 -8178.11 -2830.32
3960 -8178.11 -2830.32
3990 -8178.11 -2830.32
4020 -8187.04 -2828.91
4050 -8187.53 -2827.74
4080 -8188.02 -2826.56
4110 -8188.51 -2825.39
4140 -8187.76 -2825.1
4170 -8187.78 -2825.97
4200 -8188.01 -2827.03
4230 -8188.24 -2828.09
4260 -8188.1 -2828.83
4290 -8188.63 -2826.97
4320 -8191.52 -2822.68
4350 -8189.94 -2824.07
4380 -8182.5 -2841.18
4410 -8157.88 -2836.15
4440 -8140.15 -2839.74
4470 -8123.19 -2842.16
4500 -8113.76 -2839.19
4530 -8089.84 -2857.9
4560 -8071.51 -2857.43
4590 -8063.1 -2855.82
4620 -8054 -2856.64
4650 -8038.53 -2870.89
4680 -8024.87 -2894.07
4710 -8024.97 -2897.93
4740 -8023.41 -2899.42
4770 -8023.38 -2898.96
4800 -8031.01 -2867.73
4830 -8127.54 -3001.54
4860 -8086.22 -3117.93
4890 -8046.74 -3186.45
4920 -7726.8 -3066.09
4950 -7339.84 -2983.43
4980 -7248.83 -2776.3
5010 -7022.48 -2196.59
5040 -6630.58 -1814.83
5070 -6188.98 -1832.47
5100 -5916.36 -1888.74
5130 -5397.95 -2035.22
5160 -5212.03 -2112.15
5190 -4951.5 -2179
5220 -4891.8 -2201.31
5250 -4889.35 -2203.1
5280 -4887.24 -2200.04
5310 -4892.56 -2192.95
5340 -4901.39 -2186.42
5370 -4906.81 -2182.48
5400 -4906.15 -2182.84
5430 -4894.48 -2175.79
5460 -4893.78 -2178.69
5490 -4892.22 -2173.56
5520 -4893.18 -2174.86
5550 -4894.31 -2175.71
5580 -4896.86 -2174.01
5610 -4896.13 -2178
5640 -4892.59 -2177.2
5670 -4899.11 -2177.85
5700 -4902.54 -2165.63
5730 -4904.07 -2158.15
5760 -4903.17 -2169.28
5790 -4897.89 -2170.03
5820 -4899.27 -2180.41
5850 -4900.95 -2170.43
5880 -4904.26 -2177.87
5910 -4901.58 -2179.33
5940 -4899.01 -2179.72
5970 -4899.59 -2177.64
6000 -4895.09 -2171.71
6030 -4896.55 -2172.65
6060 -4898.72 -2182.31
6090 -4889.09 -2182.23
6120 -4893.5 -2178.85
6150 -4896.64 -2177.66
6180 -4890.11 -2181.44
6210 -4906.21 -2186.35
6240 -4897.91 -2179.83
6270 -4897.31 -2171.85
6300 -4895.07 -2175.7
6330 -4899.78 -2180.62
6360 -4893.33 -2170.93
6390 -4894.32 -2172.15
6420 -4896.65 -2175.3
6450 -4898.98 -2178.44
6480 -4896.95 -2176.46
6510 -4892.96 -2169.87
6540 -4889.87 -2172.71
6570 -4881.23 -2173.26
6600 -4892.57 -2175.13
6630 -4895.59 -2177.4
6660 -4896.48 -2178.65
6690 -4897.36 -2179.89
6720 -4899.53 -2185.23
6750 -4907.73 -2189.6
6780 -4904.08 -2182.61
6810 -4900.04 -2176.42
6840 -4899.49 -2175.1
6870 -4898.19 -2177.99
6900 -4891.7 -2174.6
6930 -4885.2 -2171.21
6960 -4891.59 -2174.06
6990 -4898.42 -2177.12
7020 -4898.17 -2174.75
7050 -4894.83 -2169.98
7080 -4897.33 -2169.81
7110 -4891.43 -2166.28
7140 -4892.84 -2174.32
7170 -4890.48 -2170.66
7200 -4886.63 -2171.58
7230 -4899.62 -2162.86
7260 -4897.64 -2171.78
7290 -4883.31 -2186.32
7320 -4888.04 -2182.29
7350 -4892.77 -2178.25
7380 -4897.5 -2174.22
7410 -4897.67 -2173.2
7440 -4895.56 -2173.68
7470 -4893.45 -2174.16
7500 -4894.11 -2176.19
7530 -4903.39 -2182.97
7560 -4902.06 -2182.77
7590 -4899.98 -2179.85
7620 -4901.06 -2174.92
7650 -4903.74 -2184.54
7680 -4899.06 -2179.43
7710 -4897.78 -2186.45
7740 -4898.75 -2184.38
7770 -4891.83 -2180.02
7800 -4894.34 -2188.03
7830 -4889.56 -2195.69
7860 -4892.4 -2189.27
7890 -4886.56 -2169.91
7920 -4888.85 -2171.45
7950 -4893.94 -2172.1
7980 -4903.7 -2171.85
8010 -4901.25 -2176.38
8040 -4896.77 -2176.62
8070 -4894.75 -2172.7
8100 -4893.18 -2167.74
8130 -4891.56 -2160.55
8160 -4889.9 -2152.24
8190 -4888.24 -2143.93
8220 -4894.48 -2144.06
8250 -4902.97 -2152.31
8280 -4911.27 -2184.45
8310 -4920.4 -2182.45
8340 -4907.36 -2179.14
8370 -4908.39 -2180.5
8400 -4902.64 -2183.69
8430 -4904.32 -2183.71
8460 -4904.45 -2178.15
8490 -4903.26 -2172.85
8520 -4900.64 -2181.34
8550 -4894.59 -2185.01
8580 -4902.79 -2186.41
8610 -4910.99 -2187.81
8640 -4919.04 -2201.41
8670 -4927.57 -2205.59
8700 -4923.27 -2200.5
8730 -4913.1 -2198.03
8760 -4904.03 -2195.68
8790 -4904.8 -2194.42
8820 -4905.56 -2193.16
8850 -4906.33 -2191.9
8880 -4907.1 -2190.64
8910 -4907.86 -2189.38
8940 -4908.63 -2188.12
8970 -4908.84 -2186.98
9000 -4904.07 -2200.34
9030 -4896.4 -2194.38
9060 -4902.59 -2193.69
9090 -4911.49 -2194.52
9120 -4924.96 -2210.9
9150 -4918.74 -2177.49
9180 -4903.26 -2172.62
9210 -4903.68 -2176.2
9240 -4904.09 -2179.78
9270 -4904.51 -2183.36
9300 -4903.62 -2184.7
9330 -4899 -2178.3
9360 -4898.01 -2176.44
9390 -4897.01 -2174.58
9420 -4896.37 -2173.52
9450 -4896.73 -2174.7
9480 -4897.09 -2175.88
9510 -4897.46 -2177.06
9540 -4895.46 -2174.2
9570 -4893.43 -2174.96
9600 -4891.51 -2176.46
9630 -4891.7 -2175.85
9660 -4894.94 -2180.2
9690 -4898.9 -2187.84
9720 -4898.27 -2183.88
9750 -4899.05 -2179.59
9780 -4899.85 -2175.28
9810 -4900.63 -2171.66
9840 -4895.34 -2175.87
9870 -4898.12 -2175.34
9900 -4898.43 -2175.41
9930 -4898.73 -2175.49
9960 -4899.04 -2175.56
9990 -4899.34 -2175.64
10020 -4899.64 -2175.71
10050 -4899.95 -2175.79
10080 -4900.25 -2175.86
10110 -4900.56 -2175.94
10140 -4900.66 -2175.79
10170 -4900.12 -2174.91
10200 -4899.57 -2174.03
10230 -4899.03 -2173.14
10260 -4898.48 -2172.26
10290 -4895.4 -2172.81
10320 -4898.57 -2178.47
10350 -4898.16 -2179.06
10380 -4895.75 -2178.2
10410 -4897.88 -2180.32
10440 -4901.4 -2183.35
10470 -4901.59 -2184.9
10500 -4901.67 -2186.41
10530 -4901.75 -2187.91
10560 -4900.36 -2187.03
10590 -4898.11 -2184.77
10620 -4888.26 -2175.48
10650 -4891.51 -2177.04
10680 -4888.51 -2178.89
10710 -4883.35 -2180.64
10740 -4882.04 -2179.51
10770 -4885.93 -2180.83
10800 -4887.4 -2180.61
10830 -4895.4 -2176.01
10860 -4889.96 -2176.88
10890 -4892.49 -2182.49
10920 -4902.77 -2183.2
10950 -4903.59 -2182
10980 -4896.53 -2179.98
11010 -4895.02 -2179.99
11040 -4895.52 -2180.74
11070 -4896.02 -2181.48
11100 -4897.99 -2184.34
11130 -4906.29 -2179.75
11160 -4909.94 -2183.22
11190 -4900.49 -2181.08
11220 -4912.47 -2186.1
11250 -4908.05 -2173.38
11280 -4900.88 -2200.15
11310 -4904.98 -2201.82
11340 -4909.08 -2203.49
11370 -4908.96 -2198.89
11400 -4899.74 -2183.34
11430 -4895.51 -2180.32
11460 -4897.92 -2177
11490 -4899.31 -2183.97
11520 -4901.76 -2184.09
11550 -4901.28 -2182.04
11580 -4900.8 -2179.99
11610 -4900.32 -2177.95
11640 -4899.84 -2175.9
11670 -4899.36 -2173.85
11700 -4898.68 -2172.18
11730 -4900.18 -2177.29
11760 -4913.55 -2176.37
11790 -4906.56 -2189.2
11820 -4900.74 -2189.16
11850 -4901.78 -2186.9
11880 -4902.1 -2188.24
11910 -4902.42 -2189.57
11940 -4901.79 -2189.35
11970 -4896.42 -2181.34
12000 -4893.24 -2176.44
12030 -4894.43 -2177.77
12060 -4895.62 -2179.1
12090 -4896.81 -2180.43
12120 -4898 -2181.76
12150 -4898.46 -2180.75
12180 -4898.5 -2184.45
12210 -4898.67 -2189.78
12240 -4899.04 -2189.43
12270 -4899.48 -2187.36
12300 -4899.91 -2185.28
12330 -4900.34 -2183.21
12360 -4900.36 -2181.45
12390 -4899.68 -2180.23
12420 -4898.59 -2178.22
12450 -4897.26 -2175.75
12480 -4896.81 -2166.56
12510 -4889.65 -2174.73
12540 -4889.06 -2173.42
12570 -4888.46 -2172.11
12600 -4887.86 -2170.8
12630 -4887.26 -2169.49
12660 -4886.66 -2168.18
12690 -4886.07 -2166.87
12720 -4886.7 -2170.25
12750 -4888.46 -2178.71
12780 -4887.85 -2180.81
12810 -4887.25 -2182.9
12840 -4887.16 -2185.36
12870 -4900.12 -2184.55
12900 -4907.29 -2170.37
12930 -4909.34 -2191.77
12960 -4901.92 -2184.35
12990 -4903.11 -2185.64
13020 -4904.31 -2186.94
13050 -4903.31 -2186.18
13080 -4901.66 -2184.81
13110 -4900 -2183.43
13140 -4896.64 -2186.01
13170 -4892.35 -2186.32
13200 -4887.83 -2185.86
13230 -4888.96 -2179.29
13260 -4884.67 -2173.45
13290 -4886.75 -2175.63
13320 -4890.58 -2177.14
13350 -4894.4 -2178.66
13380 -4892.68 -2178.16
13410 -4887.93 -2178.47
13440 -4888.26 -2179.83
13470 -4888.64 -2180.34
13500 -4889.02 -2180.85
13530 -4889.4 -2181.36
13560 -4889.78 -2181.87
13590 -4890.15 -2182.36
13620 -4890.47 -2182.66
13650 -4890.79 -2182.96
13680 -4891.11 -2183.26
13710 -4891.43 -2183.57
13740 -4892.22 -2184.17
13770 -4894.27 -2185.62
13800 -4896.32 -2187.06
13830 -4910.98 -2187.98
13860 -4913.02 -2185.88
13890 -4905.29 -2186.97
13920 -4900.32 -2183.11
13950 -4902.31 -2183.87
13980 -4895.62 -2177.13
14010 -4896.83 -2179.45
14040 -4898.05 -2181.77
14070 -4889.59 -2179.33
14100 -4889.59 -2179.33
14130 -4889.59 -2179.33
14160 -4889.59 -2179.33
14190 -4889.59 -2179.33
14220 -4889.59 -2179.33
14250 -4889.59 -2179.33
14280 -4889.59 -2179.33
14310 -4889.59 -2179.33
14340 -4889.59 -2179.33
14370 -4889.59 -2179.33
14400 -4889.59 -2179.33
14430 -4889.59 -2179.33
14460 -4889.59 -2179.33
14490 -4889.59 -2179.33
14520 -4889.59 -2179.33
14550 -4889.59 -2179.33
14580 -4889.59 -2179.33
14610 -4890.77 -2178.33
14640 -4890.41 -2170.53
14670 -4919.77 -2183.68
14700 -4919.53 -2184.16
14730 -4914.36 -2182.02
14760 -4904.22 -2184.47
14790 -4899.05 -2183.85
14820 -4898.42 -2180.07
14850 -4898.27 -2177.81
14880 -4890.74 -2185.63
14910 -4892.9 -2178.12
14940 -4903.23 -2166.2
14970 -4906.62 -2164.62
15000 -4907.73 -2159.78
15030 -4897.17 -2169.55
15060 -4886.61 -2179.31
15090 -4882.94 -2192.47
15120 -4886.25 -2191.38
15150 -4889.56 -2190.29
15180 -4892.87 -2189.2
15210 -4896.18 -2188.11
15240 -4899.5 -2187.02
15270 -4902.81 -2185.93
15300 -4906.12 -2184.84
15330 -4909.43 -2183.75
15360 -4912.74 -2182.66
15390 -4903.1 -2186.91
15420 -4891.61 -2189.82
15450 -4887.48 -2188.95
15480 -4888.01 -2186.41
15510 -4888.55 -2183.88
15540 -4889.09 -2181.34
15570 -4889.62 -2178.81
15600 -4890.16 -2176.28
15630 -4890.7 -2173.74
15660 -4891.24 -2171.21
15690 -4892.76 -2171.61
15720 -4894.64 -2172.51
15750 -4896.69 -2176.2
15780 -4888.62 -2183.55
15810 -4887.08 -2185.37
15840 -4880.6 -2201.89
15870 -4870.16 -2196.52
15900 -4906.77 -2173
15930 -4903.82 -2170.82
15960 -4900.16 -2173.55
15990 -4900.16 -2173.55
16020 -4900.16 -2173.55
16050 -4900.16 -2173.55
16080 -4900.16 -2173.55
16110 -4900.16 -2173.55
16140 -4900.16 -2173.55
16170 -4900.16 -2173.55
16200 -4900.16 -2173.55
16230 -4900.16 -2173.55
16260 -4900.16 -2173.55
16290 -4900.16 -2173.55
16320 -4900.16 -2173.55
16350 -4900.16 -2173.55
16380 -4900.16 -2173.55
16410 -4900.16 -2173.55
16440 -4900.16 -2173.55
16470 -4900.16 -2173.55
16500 -4900.16 -2173.55
16530 -4900.16 -2173.55
16560 -4900.16 -2173.55
16590 -4900.16 -2173.55
16620 -4900.16 -2173.55
16650 -4900.16 -2173.55
16680 -4900.16 -2173.55
16710 -4900.16 -2173.55
16740 -4900.16 -2173.55
16770 -4900.16 -2173.55
16800 -4897.67 -2184.12
16830 -4888.68 -2202.9
16860 -4888.58 -2204.02
16890 -4888.47 -2205.15
16920 -4859.86 -2207.72
16950 -4762.06 -2294.63
16980 -4312.92 -2498.44
17010 -4287.94 -2641.66
17040 -4043.23 -2626.2
17070 -3990.87 -2526.62
17100 -3976.11 -1952.27
17130 -3927.31 -1325.67
17160 -3653.25 -946.831
17190 -3245.72 -620.904
17220 -2979.41 -565.598
17250 -2965.91 -572.03
17280 -2722.33 -636.59
17310 -2225.4 -606.942
17340 -2133.42 -651.729
17370 -2128.62 -642.539
17400 -2129.13 -646.672
17430 -2127.57 -655.916
17460 -2127.02 -655.081
17490 -2128.36 -651.764
17520 -2129.69 -648.447
17550 -2131.03 -645.13
17580 -2132.37 -641.813
17610 -2092.85 -653.955
17640 -2092.85 -653.955
17670 -2092.85 -653.955
17700 -2092.85 -653.955
17730 -2092.85 -653.955
17760 -2092.85 -653.955
17790 -2092.85 -653.955
17820 -2092.85 -653.955
17850 -2092.85 -653.955
17880 -2092.85 -653.955
17910 -2092.85 -653.955
17940 -2092.85 -653.955
17970 -2092.85 -653.955
18000 -2076.26 -687.445
18030 -2084.83 -668.568
18060 -2110.8 -650.485
18090 -2112.49 -646.775
18120 -2125.2 -634.8
18150 -2129.9 -637.138
18180 -2134.33 -640.349
18210 -2128.81 -656.794
18240 -2003.32 -633.522
18270 -1989.32 -522.539
18300 -1885.74 -458.776
18330 -1882.46 -457.786
18360 -1878.7 -455.774
18390 -1874.95 -453.763
18420 -1777.91 -394.92
18450 -1698.13 -321.896
18480 -1698.51 -321.34
18510 -1698.66 -316.009
18540 -1696.28 -317.758
18570 -1692.27 -312.101
18600 -1688 -307.258
18630 -1684.59 -302.783
18660 -1681.17 -298.308
18690 -1678.39 -296.906
18720 -1678.44 -296.736
18750 -1679.43 -295.778
18780 -1680.42 -294.819
18810 -1681.41 -293.861
18840 -1682.77 -291.76
18870 -1682.97 -292.188
18900 -1681.36 -296.674
18930 -1680.01 -300.315
18960 -1680.03 -299.73
18990 -1680.05 -299.145
19020 -1680.07 -298.56
19050 -1680.09 -297.975
19080 -1680.11 -297.39
19110 -1680.13 -296.805
19140 -1680.15 -296.22
19170 -1680.17 -295.635
19200 -1680.3 -295.011
19230 -1683.6 -293.259
19260 -1686.91 -291.508
19290 -1689.26 -290.137
19320 -1689.37 -289.653
19350 -1689.49 -289.169
19380 -1689.61 -288.685
19410 -1689.73 -288.201
19440 -1689.64 -288.689
19470 -1689.22 -289.653
19500 -1686.51 -291.154
19530 -1683.8 -292.655
19560 -1681.14 -294.27
19590 -1678.82 -296.625
19620 -1676.49 -298.979
19650 -1675.77 -299.909
19680 -1676.46 -299.591
19710 -1676.68 -299.508
19740 -1676.3 -299.735
19770 -1675.93 -299.961
19800 -1675.55 -300.188
19830 -1675.17 -300.414
19860 -1674.79 -300.641
19890 -1674.41 -300.867
19920 -1674.03 -301.093
19950 -1677.02 -298.94
19980 -1682.58 -294.968
20010 -1688.14 -290.996
20040 -1685.77 -292.353
20070 -1677.57 -298.108
20100 -1678.49 -298.469
20130 -1679.41 -298.83
20160 -1679.69 -297.983
20190 -1679.93 -297.05
20220 -1680.17 -296.117
20250 -1680.41 -295.184
20280 -1686.39 -287.534
20310 -1699.59 -270.512
20340 -1684.29 -287.471
20370 -1677.89 -293.077
20400 -1681.67 -285.707
20430 -1683.44 -282.268
20460 -1683.44 -282.268
20490 -1683.44 -282.268
20520 -1683.44 -282.268
20550 -1683.44 -282.268
20580 -1683.44 -282.268
20610 -1683.44 -282.268
20640 -1683.44 -282.268
20670 -1683.44 -282.268
20700 -1683.44 -282.268
20730 -1684.54 -284.045
20760 -1691.26 -278.042
20790 -1696.33 -272.502
20820 -1690.33 -275.366
20850 -1682.72 -285.322
20880 -1680.34 -283.129
20910 -1680.5 -284.911
20940 -1681.58 -286.46
20970 -1682.66 -288.01
21000 -1683.75 -289.559
21030 -1682.21 -292.108
21060 -1682.32 -292.671
21090 -1680.96 -290.629
21120 -1681.66 -298.061
21150 -1680.76 -302.652
21180 -1679.86 -307.244
21210 -1684.8 -293.733
21240 -1680.51 -294.583
21270 -1680.01 -295.222
21300 -1679.52 -295.861
21330 -1679.02 -296.5
21360 -1678.53 -297.139
21390 -1678.03 -297.777
21420 -1677.54 -298.416
21450 -1677.04 -299.055
21480 -1680.27 -296.215
21510 -1683.35 -298.854
21540 -1683.35 -298.854
21570 -1683.35 -298.854
21600 -1683.35 -298.854
21630 -1683.35 -298.854
21660 -1683.35 -298.854
21690 -1683.35 -298.854
21720 -1683.35 -298.854
21750 -1683.35 -298.854
21780 -1683.35 -298.854
21810 -1683.35 -298.854
21840 -1683.35 -298.854
21870 -1683.35 -298.854
21900 -1683.35 -298.854
21930 -1683.35 -298.854
21960 -1683.35 -298.854
21990 -1683.35 -298.854
22020 -1686.34 -296.103
22050 -1688.5 -293.782
22080 -1688.7 -293.238
22110 -1688.89 -292.694
22140 -1689.09 -292.15
22170 -1689.29 -291.606
22200 -1689.48 -291.062
22230 -1689.68 -290.518
22260 -1689.76 -290.282
22290 -1689.76 -290.282
22320 -1689.76 -290.282
22350 -1689.76 -290.282
22380 -1689.76 -290.282
22410 -1689.76 -290.282
22440 -1689.76 -290.282
22470 -1689.76 -290.282
22500 -1689.76 -290.282
22530 -1689.76 -290.282
22560 -1689.76 -290.282
22590 -1689.76 -290.282
22620 -1689.76 -290.282
22650 -1677.66 -298.965
22680 -1677.66 -298.965
22710 -1677.66 -298.965
22740 -1677.66 -298.965
22770 -1677.66 -298.965
22800 -1677.66 -298.965
22830 -1677.66 -298.965
22860 -1677.66 -298.965
22890 -1677.66 -298.965
22920 -1677.66 -298.965
22950 -1677.66 -298.965
22980 -1677.66 -298.965
23010 -1677.66 -298.965
23040 -1677.66 -298.965
23070 -1677.66 -298.965
23100 -1677.66 -298.965
23130 -1670.65 -297.194
23160 -1676.67 -285.658
23190 -1682.36 -282.399
23220 -1676.12 -297.295
23250 -1676.12 -297.295
23280 -1676.12 -297.295
23310 -1676.12 -297.295
23340 -1676.12 -297.295
23370 -1676.12 -297.295
23400 -1676.12 -297.295
23430 -1676.12 -297.295
23460 -1676.12 -297.295
23490 -1676.12 -297.295
23520 -1676.12 -297.295
23550 -1676.12 -297.295
23580 -1676.12 -297.295
23610 -1676.12 -297.295
23640 -1676.12 -297.295
23670 -1683.58 -298.257
23700 -1677.06 -305.29
23730 -1670.54 -312.324
23760 -1664.02 -319.358
23790 -1659.88 -325.786
23820 -1649.74 -331.761
23850 -1663.75 -317.552
23880 -1666.45 -314.872
23910 -1669.14 -312.192
23940 -1671.84 -309.512
23970 -1674.54 -306.831
24000 -1677.24 -304.151
24030 -1679.93 -301.471
24060 -1682.63 -298.791
24090 -1686.15 -294.158
24120 -1684.76 -295.676
24150 -1683.37 -297.194
24180 -1681.98 -298.712
24210 -1680.6 -300.23
24240 -1679.21 -301.748
24270 -1677.82 -303.266
24300 -1677.04 -304.32
24330 -1679.04 -302.891
24360 -1680.06 -300.815
24390 -1680.21 -300.379
24420 -1681.16 -302.367
24450 -1682.14 -301.47
24480 -1683.12 -300.574
24510 -1684.1 -299.677
24540 -1685.08 -298.781
24570 -1684.52 -297.368
24600 -1684.13 -293.977
24630 -1684.51 -293.974
24660 -1685.02 -296.286
24690 -1684.89 -298.693
24720 -1684.75 -299.26
24750 -1684.61 -299.696
24780 -1684.47 -300.132
24810 -1684.25 -300.293
24840 -1683.39 -298.465
24870 -1683.03 -299.725
24900 -1682.68 -300.986
24930 -1682.32 -302.246
24960 -1681.67 -302.021
24990 -1680.84 -300.807
25020 -1683.47 -301.957
25050 -1681.98 -299.269
25080 -1682.07 -302.549
25110 -1681.58 -304.367
25140 -1680.21 -303.497
25170 -1678.85 -302.627
25200 -1677.48 -301.757
25230 -1677.04 -299.893
25260 -1680.87 -308.922
25290 -1684.42 -317.358
25320 -1684.35 -316.718
25350 -1684.28 -316.077
25380 -1683.43 -313.006
25410 -1682.27 -308.893
25440 -1681.1 -304.781
25470 -1680.17 -303.636
25500 -1679.47 -305.088
25530 -1678.76 -306.54
25560 -1678.38 -307.314
25590 -1678.38 -307.314
25620 -1678.38 -307.314
25650 -1678.38 -307.314
25680 -1678.38 -307.314
25710 -1678.38 -307.314
25740 -1678.38 -307.314
25770 -1678.38 -307.314
25800 -1678.38 -307.314
25830 -1678.38 -307.314
25860 -1678.38 -307.314
25890 -1678.38 -307.314
25920 -1678.38 -307.314
25950 -1678.38 -307.314
25980 -1678.38 -307.314
26010 -1678.38 -307.314
26040 -1678.38 -307.314
26070 -1678.38 -307.314
26100 -1678.38 -307.314
26130 -1678.38 -307.314
26160 -1679.21 -306.288
26190 -1679.02 -306.527
26220 -1678.86 -306.659
26250 -1679.71 -303.696
26280 -1680.57 -300.734
26310 -1681.42 -297.771
26340 -1682.27 -294.809
26370 -1678.97 -298.027
26400 -1675.2 -301.933
26430 -1675.78 -304.105
26460 -1676.67 -306.153
26490 -1677.55 -308.201
26520 -1678.44 -310.248
26550 -1679.33 -312.296
26580 -1680.22 -314.344
26610 -1681.1 -316.392
26640 -1681.99 -318.44
26670 -1682.88 -320.488
26700 -1682.41 -320.243
26730 -1680.64 -317.086
26760 -1680.05 -315.127
26790 -1679.46 -313.168
26820 -1678.87 -311.208
26850 -1678.28 -309.249
26880 -1677.69 -307.29
26910 -1677.1 -305.331
26940 -1676.51 -303.372
26970 -1675.77 -305.654
27000 -1666.3 -308.341
27030 -1678.79 -296.617
27060 -1677.3 -306.757
27090 -1682.02 -304.559
27120 -1668.54 -305.533
27150 -1674.12 -305.533
27180 -1678.87 -306.06
27210 -1687.84 -310.29
27240 -1686.59 -309.189
27270 -1689.23 -312.454
27300 -1695.67 -318.877
27330 -1696.37 -314.536
27360 -1696.95 -312.419
27390 -1698.48 -316.442
27420 -1779.33 -391.591
27450 -1862.36 -399.707
27480 -1977.15 -484.356
27510 -2453.22 -619.076
27540 -2848.76 -622.185
27570 -3204.46 -601.414
27600 -3533.4 -782.861
27630 -3782.54 -1111.47
27660 -3930.7 -1536.81
27690 -4013.25 -2049.54
27720 -4000.06 -2559.15
27750 -3996.45 -2590.36
27780 -4059.76 -2620.01
27810 -4284.38 -2535.33
27840 -4716.67 -2304.64
27870 -4847.1 -2206.25
27900 -4912.71 -2165.51
27930 -4912.64 -2165.28
27960 -4911.15 -2169.49
27990 -4910.69 -2188.35
28020 -4904.67 -2178.72
28050 -4897.33 -2164.38
28080 -4890.08 -2158.05
28110 -4893.05 -2161.36
28140 -4894.86 -2152.36
28170 -4894.92 -2150.41
28200 -4894.92 -2148.71
28230 -4894.92 -2147.01
28260 -4896.03 -2139.85
28290 -4898.39 -2134.92
28320 -4888.63 -2167.35
28350 -4888.4 -2167.44
28380 -4877.49 -2168.79
28410 -4888.04 -2148.29
28440 -4883.54 -2142.1
28470 -4885.55 -2145.83
28500 -4887.55 -2149.57
28530 -4889.56 -2153.3
28560 -4891.57 -2157.04
28590 -4895 -2166.07
28620 -4893.82 -2173.89
28650 -4890.51 -2178.56
28680 -4886.42 -2194.99
28710 -4888.97 -2204.5
28740 -4889.23 -2205.83
28770 -4890.3 -2169.05
28800 -4889.14 -2169.3
28830 -4890.71 -2164.54
28860 -4885.15 -2154.64
28890 -4897.66 -2159
28920 -4906.82 -2165.65
28950 -4899.82 -2153.81
28980 -4890.81 -2166.64
29010 -4889.35 -2174.21
29040 -4890.35 -2173.83
29070 -4892.96 -2169.61
29100 -4895.57 -2165.39
29130 -4898.18 -2161.17
29160 -4898.97 -2162.83
29190 -4896.21 -2157.4
29220 -4892.24 -2167.24
29250 -4895.7 -2186.86
29280 -4900.25 -2205.57
29310 -4896.54 -2183.12
29340 -4893.19 -2168.26
29370 -4894.75 -2162.4
29400 -4896.33 -2154.65
29430 -4895.72 -2143.71
29460 -4894.47 -2145.02
29490 -4891.51 -2151.66
29520 -4883.52 -2164.27
29550 -4880.01 -2142.3
29580 -4876.5 -2120.34
29610 -4889.41 -2122.45
29640 -4892.57 -2176.66
29670 -4894.01 -2181.18
29700 -4895.93 -2163.67
29730 -4893.06 -2150.34
29760 -4891.12 -2149.74
29790 -4891.46 -2147.48
29820 -4889.3 -2150.86
29850 -4893.37 -2153.58
29880 -4894.51 -2151.58
29910 -4895.65 -2149.58
29940 -4896.79 -2147.59
29970 -4889.26 -2136.29
30000 -4884.9 -2120.8
30030 -4893.84 -2122.9
30060 -4899.32 -2156.2
30090 -4900.3 -2145.97
30120 -4911.48 -2195.6
30150 -4901.15 -2206.16
30180 -4915.96 -2213.03
30210 -4915.29 -2198.94
30240 -4910.77 -2148.68
30270 -4906.99 -2149.15
30300 -4903.21 -2149.62
30330 -4899.43 -2150.09
30360 -4895.65 -2150.56
30390 -4897 -2157.63
30420 -4898.52 -2145.08
30450 -4898.82 -2140.75
30480 -4899.37 -2141.1
30510 -4901.14 -2164.87
30540 -4902.9 -2188.63
30570 -4910.88 -2192.06
30600 -4921.1 -2095.65
30630 -4902.15 -2164.53
30660 -4896.58 -2154.14
30690 -4897.72 -2134.41
30720 -4899.83 -2126.86
30750 -4899.14 -2155.83
30780 -4898.72 -2152.88
30810 -4891.89 -2136.34
30840 -4897.93 -2149.12
30870 -4895.55 -2157.07
30900 -4896.2 -2162.33
30930 -4897.63 -2155.91
30960 -4894.16 -2170.98
30990 -4898.03 -2187.89
31020 -4899.65 -2191.56
31050 -4901.42 -2194.22
31080 -4903.19 -2196.87
31110 -4899.2 -2175.9
31140 -4895.28 -2157.92
31170 -4902.06 -2194.53
31200 -4908.82 -2191.14
31230 -4903.66 -2192.26
31260 -4898.5 -2193.38
31290 -4893.34 -2194.5
31320 -4888.18 -2195.62
31350 -4889.61 -2202.62
31380 -4898.98 -2174.47
31410 -4904.13 -2163.84
31440 -4907.55 -2157.67
31470 -4910.09 -2153.73
31500 -4897.52 -2153.82
31530 -4903.09 -2163.98
31560 -4899.6 -2162.82
31590 -4900.08 -2156.5
31620 -4908.05 -2166.75
31650 -4904.4 -2170.48
31680 -4884.39 -2201.52
31710 -4862.72 -2326.49
31740 -4885.35 -2180.21
31770 -4886.73 -2171.06
31800 -4890.57 -2179
31830 -4894.14 -2186.29
31860 -4889.81 -2174.52
31890 -4895.01 -2179.35
31920 -4894.93 -2176.48
31950 -4894.85 -2173.62
31980 -4894.78 -2170.75
32010 -4911.57 -2192.34
32040 -4902.86 -2183.28
32070 -4894.18 -2174.91
32100 -4892.29 -2170.79
32130 -4874.04 -2171.84
32160 -4890.25 -2171.13
32190 -4902.43 -2167.31
32220 -4900.77 -2166.44
32250 -4891.22 -2172.91
32280 -4886.1 -2179.4
32310 -4881.37 -2185.24
32340 -4869.3 -2185.42
32370 -4887.55 -2177.4
32400 -4893.33 -2170.43
32430 -4888.74 -2164.98
32460 -4887.7 -2162.58
32490 -4887.65 -2165.7
32520 -4896.61 -2166.25
32550 -4898.34 -2157.15
32580 -4905.22 -2150.95
32610 -4900.02 -2136.85
32640 -4895.69 -2147.81
32670 -4889.14 -2152.39
32700 -4898.56 -2159.65
32730 -4900.96 -2164.73
32760 -4901.75 -2165.36
32790 -4903.91 -2168.37
32820 -4891.69 -2171.26
32850 -4890.43 -2169.13
32880 -4892.31 -2167.77
32910 -4884.7 -2169.02
32940 -4879.46 -2170.74
32970 -4877.61 -2166.12
33000 -4883.99 -2167.63
33030 -4885.26 -2169.76
33060 -4871.87 -2171.48
33090 -4889.7 -2166.78
33120 -4877.08 -2178.18
33150 -4883.42 -2175.77
33180 -4891.47 -2173.21
33210 -4898.13 -2169.73
33240 -4906.3 -2161.75
33270 -4899.78 -2168.46
33300 -4899.37 -2172.93
33330 -4894.01 -2169.71
33360 -4895.37 -2170.21
33390 -4895.37 -2170.21
33420 -4895.37 -2170.21
33450 -4895.37 -2170.21
33480 -4895.37 -2170.21
33510 -4895.37 -2170.21
33540 -4895.37 -2170.21
33570 -4895.37 -2170.21
33600 -4895.37 -2170.21
33630 -4895.37 -2170.21
33660 -4895.37 -2170.21
33690 -4895.37 -2170.21
33720 -4900.57 -2166.91
33750 -4892.55 -2173.93
33780 -4877.81 -2171.43
33810 -4864.92 -2176.31
33840 -4885.78 -2165.34
33870 -4890.77 -2178.72
33900 -4883.2 -2181.28
33930 -4892.82 -2174.46
33960 -4912.27 -2169.55
33990 -4906.38 -2169.64
34020 -4900.49 -2169.72
34050 -4904.11 -2170.18
34080 -4896.24 -2168.09
34110 -4901.04 -2156.51
34140 -4913.06 -2144.97
34170 -4913.54 -2146.07
34200 -4914.01 -2147.17
34230 -4905.41 -2162.05
34260 -4902.66 -2168.6
34290 -4906.39 -2167.11
34320 -4924.4 -2157.27
34350 -4942.41 -2147.43
34380 -4960.43 -2137.59
34410 -4957.51 -2130.13
34440 -4944.85 -2146.32
34470 -4957.15 -2137.59
34500 -4927.15 -2146.9
34530 -4908.07 -2171.08
34560 -4925.76 -2155.52
34590 -4934.93 -2149.61
34620 -4923.86 -2152.71
34650 -4912.78 -2155.81
34680 -4905.75 -2157.34
34710 -4908.29 -2156.61
34740 -4909.51 -2155.76
34770 -4907.41 -2153.85
34800 -4905.19 -2151.89
34830 -4902.97 -2149.94
34860 -4893.23 -2163.63
34890 -4902.99 -2162.12
34920 -4914.25 -2159.3
34950 -4932.75 -2152.71
34980 -4933.04 -2153.83
35010 -4938.88 -2138.8
35040 -4932.37 -2146.85
35070 -4919.25 -2146.56
35100 -4945.05 -2145.04
35130 -4936.78 -2155.43
35160 -4935.27 -2149.69
35190 -4925.5 -2148.51
35220 -4923.87 -2147.81
35250 -4937.2 -2154.91
35280 -4950.62 -2147.2
35310 -4939.48 -2132.63
35340 -4939.3 -2145.66
35370 -4935.3 -2147
35400 -4935.18 -2143.21
35430 -4931.89 -2143.19
35460 -4929.36 -2149.53
35490 -4932.38 -2152.87
35520 -4930.39 -2151.79
35550 -4925.06 -2150.46
35580 -4936.43 -2134.19
35610 -4951.12 -2125.12
35640 -4952.38 -2127.02
35670 -4954.73 -2127.74
35700 -4957.08 -2128.47
35730 -4937.68 -2139.77
35760 -4916.74 -2158.14
35790 -4913.15 -2156.98
35820 -4919.56 -2149.78
35850 -4916.46 -2141.19
35880 -4924.72 -2142.15
35910 -4931.5 -2132.63
35940 -4940.2 -2172.58
35970 -4954.23 -2132.76
36000 -4946.58 -2138.29
36030 -4938.92 -2143.81
36060 -4931.27 -2149.34
36090 -4923.61 -2154.87
36120 -4915.96 -2160.4
36150 -4908.3 -2165.92
36180 -4900.64 -2171.45
36210 -4905.49 -2162.16
36240 -4903.11 -2154.86
36270 -4877.73 -2173.16
36300 -4870.35 -2180.56
36330 -4870.35 -2180.56
36360 -4907.84 -2112.99
36390 -4915.33 -2129.73
36420 -4902.86 -2162.86
36450 -4914.76 -2142.93
36480 -4951.51 -2117.12
36510 -4989 -2091.53
36540 -5026.5 -2065.94
36570 -4976.07 -2119.65
36600 -4977.21 -2109.75
36630 -4966.91 -2119.13
36660 -4956.61 -2128.51
36690 -4946.31 -2137.88
36720 -4936 -2147.26
36750 -4925.7 -2156.64
36780 -4914.34 -2149.5
36810 -4942.04 -2139.12
36840 -4930.67 -2148.3
36870 -4945.78 -2129
36900 -4932.08 -2178.06
36930 -4939.5 -2201.13
36960 -4915.74 -2159.33
36990 -4891.88 -2188.4
37020 -4907.44 -2177.07
37050 -4923 -2165.73
37080 -4938.55 -2154.39
37110 -4954.11 -2143.06
37140 -4939.85 -2130.47
37170 -4940.46 -2124.25
37200 -4936.43 -2128.11
37230 -4932.4 -2131.97
37260 -4928.37 -2135.84
37290 -4924.34 -2139.7
37320 -4920.31 -2143.56
37350 -4916.28 -2147.42
37380 -4912.25 -2151.28
37410 -4908.22 -2155.14
37440 -4977.44 -2103.9
37470 -4943.52 -2126.68
37500 -4909.37 -2145.27
37530 -4902.43 -2170.58
37560 -4915.72 -2132.69
37590 -4904.46 -2179.48
37620 -4906.3 -2143.48
37650 -4880.11 -2206.07
37680 -4864.11 -2227.01
37710 -4850.67 -2235.62
37740 -4837.23 -2244.24
37770 -4823.79 -2252.85
37800 -4810.35 -2261.46
37830 -4796.91 -2270.07
37860 -4783.47 -2278.68
37890 -4770.03 -2287.29
37920 -4827.68 -2223.89
37950 -4897.32 -2146.27
37980 -4901.09 -2154.06
38010 -4902.59 -2159.22
38040 -4911.77 -2154.64
38070 -4920.95 -2150.06
38100 -4930.14 -2145.47
38130 -4939.32 -2140.89
38160 -4948.51 -2136.31
38190 -4957.69 -2131.73
38220 -4966.87 -2127.15
38250 -4951.54 -2138.34
38280 -4930.07 -2153.46
38310 -4908.61 -2168.59
38340 -4895 -2178.54
38370 -4893.18 -2180.72
38400 -4892.2 -2179.89
38430 -4891.63 -2177.56
38460 -4888.39 -2179.8
38490 -4884.85 -2182.54
38520 -4881.31 -2185.29
38550 -4878.91 -2186.51
38580 -4877.22 -2188.42
38610 -4875.31 -2191.88
38640 -4873.41 -2195.35
38670 -4871.5 -2198.81
38700 -4868.45 -2197.35
38730 -4872.78 -2193.15
38760 -4875.83 -2191.8
38790 -4878.89 -2190.45
38820 -4881.64 -2189.24
38850 -4881.64 -2189.24
38880 -4897.66 -2188.13
38910 -4904.11 -2178.32
38940 -4896.77 -2174.76
38970 -4896.18 -2170.99
39000 -4897 -2166.77
39030 -4898.6 -2168.32
39060 -4899.97 -2168.69
39090 -4898.21 -2167.29
39120 -4890.02 -2180.31
39150 -4887.79 -2190.19
39180 -4880.23 -2197.93
39210 -4872.79 -2195.46
39240 -4877.65 -2188.45
39270 -4882.59 -2181.87
39300 -4886.79 -2172.97
39330 -4896.77 -2172.91
39360 -4922.34 -2160.79
39390 -4918.39 -2163.43
39420 -4911.64 -2151.88
39450 -4901.59 -2146.23
39480 -4864.92 -2136.05
39510 -4835.28 -2149.1
39540 -4868.58 -2160.97
39570 -4881.18 -2178.83
39600 -4892.77 -2165.76
39630 -4899.1 -2157.03
39660 -4908.23 -2158.75
39690 -4901.43 -2163.43
39720 -4900.19 -2168.68
39750 -4900.63 -2172.88
39780 -4907.93 -2166.22
39810 -4911.18 -2166.37
39840 -4914.43 -2166.51
39870 -4917.68 -2166.66
39900 -4895.28 -2170.21
39930 -4859.36 -2192.4
39960 -4877.87 -2189.16
39990 -4874.12 -2194.07
40020 -4883 -2180.93
40050 -4891.89 -2167.79
40080 -4886.2 -2163.26
40110 -4892.46 -2160.59
40140 -4882.49 -2167.44
40170 -4877.89 -2166.28
40200 -4885.66 -2161.67
40230 -4888.69 -2160.97
40260 -4880.33 -2165.2
40290 -4870.25 -2159.1
40320 -4876.71 -2160.04
40350 -4875.74 -2155.03
40380 -4879.52 -2153.22
40410 -4885 -2151.55
40440 -4890.48 -2149.87
40470 -4895.96 -2148.19
40500 -4901.44 -2146.51
40530 -4906.92 -2144.84
40560 -4912.41 -2143.16
40590 -4897.81 -2151.95
40620 -4899.38 -2156.42
40650 -4923.99 -2159.37
40680 -4931.99 -2159.13
40710 -4905.29 -2166.4
40740 -4900.77 -2170.71
40770 -4894.4 -2171.7
40800 -4888.02 -2172.68
40830 -4882.08 -2178.64
40860 -4886.95 -2181.14
40890 -4901.69 -2162.2
40920 -4900.25 -2162.18
40950 -4894.72 -2167.77
40980 -4889.2 -2173.36
41010 -4883.67 -2178.95
41040 -4869.97 -2179.47
41070 -4883.59 -2189.56
41100 -4884.08 -2186.42
41130 -4870.45 -2191.66
41160 -4878.43 -2177.44
41190 -4895.43 -2166.75
41220 -4903.83 -2168.04
41250 -4899.31 -2165.32
41280 -4883.46 -2178.57
41310 -4876.35 -2170.51
41340 -4863.02 -2177.02
41370 -4879.82 -2169.09
41400 -4905.06 -2161.76
41430 -4906.73 -2163.76
41460 -4912.53 -2164.91
41490 -4898.44 -2164.51
41520 -4886.32 -2173.24
41550 -4890.91 -2172.35
41580 -4896 -2171.11
41610 -4901.1 -2169.87
41640 -4906.19 -2168.62
41670 -4911.29 -2167.38
41700 -4916.39 -2166.14
41730 -4921.48 -2164.9
41760 -4900.13 -2161.75
41790 -4913.89 -2160.63
41820 -4933.58 -2160.45
41850 -4943.78 -2159.57
41880 -4919.63 -2149.68
41910 -4907.56 -2161.84
41940 -4893.89 -2167.26
41970 -4887.79 -2171.26
42000 -4893.19 -2169.08
42030 -4900.97 -2168.65
42060 -4874.51 -2170.78
42090 -4897.54 -2168.2
42120 -4888.93 -2173.05
42150 -4881.17 -2175.44
42180 -4889.03 -2173.86
42210 -4903.11 -2170.78
42240 -4895.37 -2175.99
42270 -4893.74 -2172.19
42300 -4867.54 -2165.08
42330 -4871.21 -2165.22
42360 -4873.97 -2166.48
42390 -4876.74 -2167.74
42420 -4894.54 -2167.56
42450 -4876.26 -2167.84
42480 -4882.76 -2163.75
42510 -4886.34 -2164.13
42540 -4888.66 -2166.43
42570 -4890.99 -2168.72
42600 -4893.31 -2171.02
42630 -4898.76 -2178.35
42660 -4892.87 -2166.2
42690 -4894.15 -2159.34
42720 -4894.94 -2160.94
42750 -4906.23 -2164.23
42780 -4905.13 -2161.97
42810 -4900.78 -2167.83
42840 -4901.31 -2175.28
42870 -4904.45 -2164.47
42900 -4894.68 -2165.87
42930 -4889.18 -2159.72
42960 -4896.4 -2167.46
42990 -4875.65 -2132.7
43020 -4854.91 -2097.94
43050 -4834.16 -2063.18
43080 -4813.41 -2028.42
43110 -4841.83 -2068.58
43140 -4865.87 -2120.72
43170 -4881.55 -2157.74
43200 -4873.61 -2166.44
43230 -4878.43 -2167.84
43260 -4891.08 -2162.2
43290 -4896.55 -2151.32
43320 -4890.52 -2158.32
43350 -4884.64 -2168.49
43380 -4876.44 -2155.03
43410 -4888.28 -2163.8
43440 -4896.46 -2167.65
43470 -4896.46 -2167.65
43500 -4896.46 -2167.65
43530 -4902.51 -2192.25
43560 -4911.09 -2191.64
43590 -4901.36 -2164.7
43620 -4898.12 -2165.98
43650 -4895.55 -2159.03
43680 -4890.17 -2155.61
43710 -4889.14 -2145.54
43740 -4894.82 -2140.5
43770 -4890.18 -2171.14
43800 -4890.85 -2169.55
43830 -4893.78 -2167.46
43860 -4896.46 -2174.02
43890 -4892.22 -2175.65
43920 -4887.74 -2177.02
43950 -4883.26 -2178.39
43980 -4878.78 -2179.75
44010 -4874.3 -2181.12
44040 -4869.82 -2182.49
44070 -4865.34 -2183.86
44100 -4884.42 -2183.82
44130 -4890.87 -2179.96
44160 -4874.09 -2174.6
44190 -4875.62 -2173.5
44220 -4895.97 -2179.64
44250 -4901.87 -2189.94
44280 -4895.58 -2176.44
44310 -4900.98 -2174
44340 -4889.24 -2184.77
44370 -4891.47 -2169.14
44400 -4898.03 -2161.29
44430 -4899.45 -2172.16
44460 -4898.18 -2180.91
44490 -4895.89 -2180.48
44520 -4893.91 -2164.7
44550 -4898.92 -2167.72
44580 -4898.31 -2166.78
44610 -4897.7 -2165.84
44640 -4897.09 -2164.91
44670 -4896.48 -2163.97
44700 -4895.87 -2163.04
44730 -4886.15 -2160.79
44760 -4891.17 -2152.09
44790 -4894.96 -2155.93
44820 -4897.12 -2176.17
44850 -4895.85 -2172.89
44880 -4890.15 -2169.88
44910 -4894.89 -2146.85
