0 -4918.13 -2167.09
30 -4916.6 -2169.59
60 -4915.87 -2170.27
90 -4915.24 -2170.98
120 -4914.61 -2171.7
150 -4914.07 -2172.32
180 -4914.07 -2172.32
210 -4914.07 -2172.32
240 -4914.07 -2172.32
270 -4914.07 -2172.32
300 -4914.07 -2172.32
330 -4914.07 -2172.32
360 -4914.07 -2172.32
390 -4914.07 -2172.32
420 -4914.07 -2172.32
450 -4913.8 -2176.25
480 -4917.66 -2167.56
510 -4920.3 -2165.42
540 -4922.94 -2163.28
570 -4923.22 -2162.68
600 -4922.52 -2162.76
630 -4922.82 -2163.55
660 -4924.6 -2165.84
690 -4926.38 -2168.13
720 -4988.99 -2202
750 -5164.88 -2132.25
780 -5253.91 -2093.73
810 -5749.59 -1910.76
840 -6068.89 -1848.91
870 -6069.49 -1848.18
900 -6069.22 -1847.29
930 -6289.33 -1811.89
960 -6817.19 -1887.17
990 -7126.1 -2427.57
1020 -7303.96 -2906.71
1050 -7332.27 -2971.35
1080 -7783.63 -3090.07
1110 -7925.26 -3167.22
1140 -7972.37 -3184.64
1170 -8111.87 -2991.64
1200 -8048.7 -2868.21
1230 -8055.81 -2877.11
1260 -8059.62 -2881.08
1290 -8055.53 -2880.92
1320 -8046.63 -2869.83
1350 -8078.14 -2855.39
1380 -8104.99 -2834.91
1410 -8132.46 -2811.95
1440 -8153.87 -2792.64
1470 -8172.66 -2812.26
1500 -8178.43 -2825.29
1530 -8178.13 -2829.97
1560 -8179.23 -2830.6
1590 -8180.52 -2831.08
1620 -8181.69 -2831.52
1650 -8181.25 -2831.28
1680 -8180.8 -2831.04
1710 -8180.35 -2830.79
1740 -8179.91 -2830.55
1770 -8179.46 -2830.31
1800 -8179.01 -2830.07
1830 -8178.71 -2829.73
1860 -8178.99 -2829.02
1890 -8179.27 -2828.31
1920 -8179.54 -2827.6
1950 -8179.82 -2826.89
1980 -8178.09 -2828.41
2010 -8174.87 -2831.94
2040 -8174.46 -2831.84
2070 -8176.55 -2831.34
2100 -8199.29 -2822.91
2130 -8203.21 -2811.08
2160 -8202.63 -2804.62
2190 -8202.07 -2802.28
2220 -8201.91 -2800.16
2250 -8202.19 -2798.28
2280 -8203.27 -2798.25
2310 -8204.16 -2798.32
2340 -8201.53 -2796.6
2370 -8202.13 -2797.77
2400 -8202.73 -2798.94
2430 -8202.4 -2800.43
2460 -8203.22 -2804.18
2490 -8203.71 -2807.75
2520 -8204.02 -2807.96
2550 -8203.83 -2805.45
2580 -8203.82 -2804.47
2610 -8204.08 -2804.81
2640 -8204.33 -2805.14
2670 -8204.59 -2805.48
2700 -8204.84 -2805.81
2730 -8204.94 -2805.94
2760 -8204.94 -2805.94
2790 -8204.94 -2805.94
2820 -8204.94 -2805.94
2850 -8204.94 -2805.94
2880 -8204.94 -2805.94
2910 -8204.94 -2805.94
2940 -8204.94 -2805.94
2970 -8204.94 -2805.94
3000 -8204.94 -2805.94
3030 -8204.94 -2805.94
3060 -8204.94 -2805.94
3090 -8204.03 -2808.12
3120 -8202.5 -2811.84
3150 -8202.5 -2811.84
3180 -8202.5 -2811.84
3210 -8202.5 -2811.84
3240 -8202.5 -2811.84
3270 -8202.5 -2811.84
3300 -8202.5 -2811.84
3330 -8202.5 -2811.84
3360 -8202.5 -2811.84
3390 -8202.5 -2811.84
3420 -8202.5 -2811.84
3450 -8198.38 -2811.73
3480 -8203.91 -2808.53
3510 -8202.92 -2790.11
3540 -8198.25 -2773.95
3570 -8201.7 -2760.36
3600 -8206.32 -2752.82
3630 -8208.19 -2750.43
3660 -8208.74 -2750.31
3690 -8204.66 -2733.58
3720 -8194.9 -2731.27
3750 -8196.37 -2730.74
3780 -8197.37 -2729.55
3810 -8197.26 -2728.35
3840 -8197.26 -2728.35
3870 -8197.26 -2728.35
3900 -8197.26 -2728.35
3930 -8197.26 -2728.35
3960 -8197.26 -2728.35
3990 -8197.26 -2728.35
4020 -8197.26 -2728.35
4050 -8197.26 -2728.35
4080 -8197.26 -2728.35
4110 -8197.26 -2728.35
4140 -8197.26 -2728.35
4170 -8189.76 -2731.69
4200 -8184.79 -2745.27
4230 -8180.1 -2755.76
4260 -8171.34 -2763.19
4290 -8158.9 -2779.83
4320 -8159.7 -2783.08
4350 -8162.08 -2784.65
4380 -8160.77 -2787.73
4410 -8167.43 -2792.65
4440 -8168.49 -2795.44
4470 -8167.91 -2795.28
4500 -8164.28 -2794.77
4530 -8148.68 -2803.57
4560 -8121.26 -2815.78
4590 -8110.08 -2843.41
4620 -8082.09 -2860.76
4650 -8055.42 -2869.05
4680 -8055.71 -2879.07
4710 -8056.96 -2878.75
4740 -8059.25 -2876.85
4770 -8058.23 -2877.51
4800 -8056.31 -2878.51
4830 -8053.49 -2879.83
4860 -8024.45 -2881.15
4890 -8138.73 -3019.4
4920 -8070.88 -3140.37
4950 -7822.08 -3131.54
4980 -7370.86 -2997.74
5010 -7429.84 -3315.07
5040 -7454.77 -3556.99
5070 -7283.18 -3601.32
5100 -7271.52 -3708.54
5130 -7228.79 -3683.75
5160 -7265.12 -3608.12
5190 -7197.63 -3536.29
5220 -7275.98 -3520.59
5250 -7379.5 -3479.07
5280 -7432.28 -3551.54
5310 -7437.07 -3383.44
5340 -7342.43 -3056.65
5370 -7241.14 -2772.35
5400 -7027.81 -2218.29
5430 -6602.45 -1812.85
5460 -6189.61 -1835.36
5490 -5928.41 -1888.42
5520 -5400.11 -2037.67
5550 -4970.61 -2214.29
5580 -4917.78 -2167.69
5610 -4913.92 -2164.58
5640 -4902.76 -2178.02
5670 -4895.22 -2174.85
5700 -4893.05 -2171.3
5730 -4890.44 -2170.49
5760 -4887.82 -2169.69
5790 -4888.86 -2172.18
5820 -4892.16 -2177.07
5850 -4892.04 -2177.83
5880 -4891.72 -2174.97
5910 -4896.86 -2171.37
5940 -4901.17 -2166.06
5970 -4898.78 -2170.8
6000 -4878.03 -2176.43
6030 -4888.51 -2171.43
6060 -4890.78 -2169.19
6090 -4889.51 -2168.16
6120 -4888.24 -2167.12
6150 -4886.97 -2166.09
6180 -4888.01 -2170.66
6210 -4889.06 -2175.23
6240 -4890.08 -2175.96
6270 -4891.1 -2175.92
6300 -4892.12 -2175.88
6330 -4890.52 -2171.43
6360 -4890.81 -2168.58
6390 -4892.76 -2168.34
6420 -4895.68 -2170.3
6450 -4889.21 -2171.43
6480 -4890.99 -2175.99
6510 -4893.52 -2178.52
6540 -4889.78 -2168.27
6570 -4892.23 -2168.85
6600 -4894.79 -2171.79
6630 -4893.16 -2170.61
6660 -4894.86 -2172.26
6690 -4895.93 -2173.61
6720 -4896.99 -2174.96
6750 -4896.06 -2177.21
6780 -4892.13 -2180.81
6810 -4887.73 -2179.56
6840 -4891.36 -2173.06
6870 -4895.9 -2173.86
6900 -4897.53 -2174.12
6930 -4899.87 -2174.38
6960 -4902.2 -2174.64
6990 -4904.54 -2174.9
7020 -4902.66 -2167.48
7050 -4909.24 -2182.23
7080 -4906.88 -2183.18
7110 -4902.75 -2178.53
7140 -4898.62 -2173.87
7170 -4894.49 -2169.22
7200 -4893.38 -2167.98
7230 -4893.38 -2167.98
7260 -4893.38 -2167.98
7290 -4893.38 -2167.98
7320 -4893.38 -2167.98
7350 -4893.38 -2167.98
7380 -4893.38 -2167.98
7410 -4893.38 -2167.98
7440 -4893.38 -2167.98
7470 -4893.38 -2167.98
7500 -4893.38 -2167.98
7530 -4893.38 -2167.98
7560 -4893.38 -2167.98
7590 -4888.41 -2167.19
7620 -4889.74 -2172.17
7650 -4890.7 -2175.21
7680 -4891.03 -2174.9
7710 -4891.35 -2174.58
7740 -4891.68 -2174.27
7770 -4897.47 -2176.79
7800 -4906.33 -2180.73
7830 -4899.42 -2174.65
7860 -4892.58 -2175.08
7890 -4885.99 -2186.45
7920 -4887.64 -2187.91
7950 -4888.4 -2189.35
7980 -4880.46 -2195.98
8010 -4888.03 -2187.47
8040 -4901.3 -2168.46
8070 -4900.61 -2174.44
8100 -4895.63 -2180.93
8130 -4890.88 -2175.81
8160 -4885.88 -2179.28
8190 -4887.54 -2178.22
8220 -4889.21 -2177.17
8250 -4890.87 -2176.12
8280 -4892.54 -2175.07
8310 -4894.2 -2174.02
8340 -4895.87 -2172.96
8370 -4897.53 -2171.91
8400 -4899.19 -2170.86
8430 -4896.95 -2170.49
8460 -4893.8 -2173.3
8490 -4895.9 -2176.05
8520 -4901.45 -2175.48
8550 -4897.95 -2179
8580 -4894.92 -2180.62
8610 -4893.36 -2181.24
8640 -4892.49 -2181.14
8670 -4891.96 -2180.67
8700 -4891.43 -2180.2
8730 -4890.9 -2179.73
8760 -4890.38 -2179.26
8790 -4891.4 -2178.24
8820 -4898.65 -2174.99
8850 -4913.56 -2169.82
8880 -4914.07 -2169.65
8910 -4914.07 -2169.65
8940 -4914.07 -2169.65
8970 -4914.07 -2169.65
9000 -4914.07 -2169.65
9030 -4914.07 -2169.65
9060 -4914.07 -2169.65
9090 -4914.07 -2169.65
9120 -4914.07 -2169.65
9150 -4914.07 -2169.65
9180 -4914.07 -2169.65
9210 -4914.07 -2169.65
9240 -4891.27 -2171.51
9270 -4893 -2170.45
9300 -4894.74 -2169.39
9330 -4896.48 -2168.34
9360 -4898.21 -2167.28
9390 -4882.4 -2163.99
9420 -4866.96 -2163.32
9450 -4874.03 -2171.24
9480 -4881.11 -2179.16
9510 -4888.18 -2187.08
9540 -4888.42 -2187.35
9570 -4888.42 -2187.35
9600 -4888.42 -2187.35
9630 -4888.42 -2187.35
9660 -4888.42 -2187.35
9690 -4888.42 -2187.35
9720 -4888.42 -2187.35
9750 -4888.42 -2187.35
9780 -4888.42 -2187.35
9810 -4888.42 -2187.35
9840 -4888.42 -2187.35
9870 -4888.42 -2187.35
9900 -4888.42 -2187.35
9930 -4901.97 -2167.53
9960 -4897.89 -2167.55
9990 -4896.96 -2168.33
10020 -4896.03 -2169.12
10050 -4895.1 -2169.91
10080 -4894.17 -2170.69
10110 -4893.24 -2171.48
10140 -4892.31 -2172.27
10170 -4891.37 -2173.05
10200 -4890.44 -2173.84
10230 -4889.09 -2174.84
10260 -4887.92 -2175.6
10290 -4888.74 -2174.6
10320 -4889.56 -2173.59
10350 -4890.37 -2172.58
10380 -4889.36 -2171.74
10410 -4886.88 -2171.54
10440 -4886.88 -2171.54
10470 -4886.88 -2171.54
10500 -4886.88 -2171.54
10530 -4886.88 -2171.54
10560 -4886.88 -2171.54
10590 -4886.88 -2171.54
10620 -4886.88 -2171.54
10650 -4886.88 -2171.54
10680 -4886.88 -2171.54
10710 -4886.88 -2171.54
10740 -4886.88 -2171.54
10770 -4886.88 -2171.54
10800 -4904.89 -2169.11
10830 -4903.12 -2169.49
10860 -4901.36 -2169.88
10890 -4899.6 -2170.27
10920 -4897.83 -2170.66
10950 -4896.07 -2171.05
10980 -4894.3 -2171.44
11010 -4892.54 -2171.83
11040 -4890.78 -2172.21
11070 -4889.01 -2172.6
11100 -4893.91 -2156.5
11130 -4893.73 -2158.93
11160 -4892.59 -2168.02
11190 -4892.62 -2170.85
11220 -4892.64 -2173.68
11250 -4892.95 -2175.49
11280 -4893.9 -2174.93
11310 -4894.84 -2174.36
11340 -4895.79 -2173.8
11370 -4896.74 -2173.24
11400 -4897.69 -2172.67
11430 -4898.88 -2175.96
11460 -4897.51 -2180.1
11490 -4893.65 -2175.74
11520 -4897.68 -2169.45
11550 -4891.46 -2166.31
11580 -4887.26 -2168.44
11610 -4885.84 -2170.39
11640 -4891.05 -2172.26
11670 -4890.11 -2169.07
11700 -4889.17 -2165.87
11730 -4881.34 -2159.71
11760 -4882.78 -2185.49
11790 -4886.53 -2199.84
11820 -4887.07 -2199.69
11850 -4888.12 -2196.05
11880 -4889.18 -2192.41
11910 -4890.24 -2188.77
11940 -4891.29 -2185.13
11970 -4892.35 -2181.49
12000 -4893.4 -2177.85
12030 -4894.46 -2174.21
12060 -4895.51 -2170.57
12090 -4896.57 -2166.94
12120 -4896.82 -2166.09
12150 -4896.82 -2166.09
12180 -4896.82 -2166.09
12210 -4896.82 -2166.09
12240 -4896.82 -2166.09
12270 -4896.82 -2166.09
12300 -4896.82 -2166.09
12330 -4896.82 -2166.09
12360 -4896.82 -2166.09
12390 -4896.82 -2166.09
12420 -4896.82 -2166.09
12450 -4897.6 -2166.32
12480 -4902.27 -2165.94
12510 -4888.42 -2162.3
12540 -4896.82 -2163.86
12570 -4890.87 -2167.79
12600 -4889.2 -2170.2
12630 -4887.53 -2172.6
12660 -4885.86 -2175.01
12690 -4884.19 -2177.42
12720 -4885.62 -2178.25
12750 -4888.61 -2178.3
12780 -4891.6 -2178.34
12810 -4894.58 -2178.39
12840 -4897.57 -2178.44
12870 -4900.56 -2178.48
12900 -4903.54 -2178.53
12930 -4896.76 -2173.27
12960 -4916.74 -2170.37
12990 -4919.12 -2164.17
13020 -4920.78 -2162.06
13050 -4922.44 -2159.96
13080 -4924.09 -2157.85
13110 -5021.18 -2190.35
13140 -5180.23 -2119.11
13170 -5181.45 -2120.16
13200 -5231.71 -2182.6
13230 -5560.64 -2525.75
13260 -5774.15 -2712.51
13290 -5795.6 -2949.52
13320 -6095.91 -2961.84
13350 -6621.7 -2932.02
13380 -7215.1 -2968.33
13410 -7311.35 -2979.33
13440 -7653.73 -3032.91
13470 -8209.9 -3263.85
13500 -8812.9 -3422.02
13530 -9371.76 -3490.04
13560 -9581.8 -3619.73
13590 -9580.65 -3619.48
13620 -9579.5 -3619.23
13650 -9606.83 -3902.41
13680 -9642.2 -4046.15
13710 -9598.25 -4090.98
13740 -9595.58 -4092.66
13770 -9597.44 -4090.26
13800 -9603.17 -4091.13
13830 -9621.23 -4091.25
13860 -9633.39 -4082
13890 -9643.2 -4079.23
13920 -9643.47 -4079.13
13950 -9643.75 -4079.02
13980 -9644.02 -4078.92
14010 -9644.29 -4078.81
14040 -9640.64 -4108.66
14070 -9637.07 -4130.05
14100 -9637.18 -4127.38
14130 -9637.18 -4127.38
14160 -9637.18 -4127.38
14190 -9637.18 -4127.38
14220 -9637.18 -4127.38
14250 -9637.18 -4127.38
14280 -9637.18 -4127.38
14310 -9637.18 -4127.38
14340 -9637.18 -4127.38
14370 -9637.18 -4127.38
14400 -9610.08 -4200.52
14430 -9610.08 -4200.52
14460 -9610.08 -4200.52
14490 -9610.08 -4200.52
14520 -9610.08 -4200.52
14550 -9610.08 -4200.52
14580 -9610.08 -4200.52
14610 -9610.08 -4200.52
14640 -9610.08 -4200.52
14670 -9610.08 -4200.52
14700 -9610.08 -4200.52
14730 -9610.08 -4200.52
14760 -9610.08 -4200.52
14790 -9610.08 -4200.52
14820 -9610.08 -4200.52
14850 -9610.08 -4200.52
14880 -9610.08 -4200.52
14910 -9610.08 -4200.52
14940 -9610.08 -4200.52
14970 -9610.08 -4200.52
15000 -9610.08 -4200.52
15030 -9610.08 -4200.52
15060 -9631.06 -4179.1
15090 -9659.19 -4150.38
15120 -9687.31 -4121.66
15150 -9715.44 -4092.94
15180 -9743.57 -4064.22
15210 -9771.7 -4035.5
15240 -9799.83 -4006.78
15270 -9746.46 -4039.11
15300 -9746.46 -4039.11
15330 -9746.46 -4039.11
15360 -9746.46 -4039.11
15390 -9746.46 -4039.11
15420 -9746.46 -4039.11
15450 -9746.46 -4039.11
15480 -9746.46 -4039.11
15510 -9746.46 -4039.11
15540 -9746.46 -4039.11
15570 -9746.46 -4039.11
15600 -9746.46 -4039.11
15630 -9746.46 -4039.11
15660 -9746.46 -4039.11
15690 -9746.46 -4039.11
15720 -9746.46 -4039.11
15750 -9746.46 -4039.11
15780 -9746.46 -4039.11
15810 -9746.46 -4039.11
15840 -9746.46 -4039.11
15870 -9746.46 -4039.11
15900 -9746.46 -4039.11
15930 -9746.46 -4039.11
15960 -9746.46 -4039.11
15990 -9746.46 -4039.11
16020 -9746.46 -4039.11
16050 -9746.46 -4039.11
16080 -9746.46 -4039.11
16110 -9746.46 -4039.11
16140 -9746.46 -4039.11
16170 -9746.46 -4039.11
16200 -9746.46 -4039.11
16230 -9746.46 -4039.11
16260 -9746.46 -4039.11
16290 -9714.1 -4042.31
16320 -9674.1 -4046.28
16350 -9634.09 -4050.24
16380 -9594.09 -4054.2
16410 -9605.93 -4090.43
16440 -9620.6 -4097.87
16470 -9623.84 -4099.39
16500 -9610.97 -4092.75
16530 -9616.28 -4090.18
16560 -9619.29 -4093.94
16590 -9622.29 -4097.71
16620 -9625.3 -4101.47
16650 -9623.3 -4103.46
16680 -9621.69 -4110.31
16710 -9620.08 -4117.17
16740 -9618.47 -4124.03
16770 -9616.86 -4130.89
16800 -9615.24 -4137.75
16830 -9613.63 -4144.61
16860 -9612.02 -4151.47
16890 -9610.41 -4158.32
16920 -9608.8 -4165.18
16950 -9604.84 -4145.42
16980 -9608.62 -4133.73
17010 -9607.11 -4121.61
17040 -9585.54 -4109.23
17070 -9585.38 -4100.58
17100 -9585.23 -4091.93
17130 -9585.07 -4083.27
17160 -9584.91 -4074.62
17190 -9584.75 -4065.97
17220 -9646.84 -4118.37
17250 -9655.93 -4129.75
17280 -9646.05 -4115.41
17310 -9636.16 -4101.06
17340 -9619.52 -4089.33
17370 -9612.34 -4074.64
17400 -9613.12 -4069.56
17430 -9615.78 -4070.52
17460 -9618.45 -4071.48
17490 -9621.12 -4072.43
17520 -9623.78 -4073.39
17550 -9626.45 -4074.35
17580 -9615.37 -4092.21
17610 -9595.32 -4095.02
17640 -9597.48 -4093.21
17670 -9641.15 -4077.35
17700 -9570.11 -4027.49
17730 -9566.11 -4023.43
17760 -9568.43 -4022.1
17790 -9526.59 -3999.35
17820 -9383.87 -3906.57
17850 -9403.31 -3889.05
17880 -9403.97 -3880.41
17910 -9413.37 -3877.36
17940 -9413.37 -3877.36
17970 -9413.37 -3877.36
18000 -9413.37 -3877.36
18030 -9413.37 -3877.36
18060 -9413.37 -3877.36
18090 -9413.37 -3877.36
18120 -9413.37 -3877.36
18150 -9413.37 -3877.36
18180 -9413.37 -3877.36
18210 -9413.37 -3877.36
18240 -9413.37 -3877.36
18270 -9413.37 -3877.36
18300 -9413.37 -3877.36
18330 -9413.37 -3877.36
18360 -9413.37 -3877.36
18390 -9413.37 -3877.36
18420 -9413.37 -3877.36
18450 -9413.37 -3877.36
18480 -9413.37 -3877.36
18510 -9413.37 -3877.36
18540 -9413.37 -3877.36
18570 -9413.37 -3877.36
18600 -9413.37 -3877.36
18630 -9397.01 -3872.51
18660 -9395.25 -3879.67
18690 -9397.34 -3886.27
18720 -9394.65 -3888.57
18750 -9393.66 -3881.71
18780 -9439.74 -3970.09
18810 -9536.97 -3998.52
18840 -9546.28 -4002.01
18870 -9555.59 -4005.5
18900 -9633.2 -4022.24
18930 -9647.08 -4076.59
18960 -9591.94 -4085.87
18990 -9591.03 -4117.25
19020 -9612.46 -4109.24
19050 -9628.2 -4093.37
19080 -9642.28 -4086.08
19110 -9656.36 -4078.8
19140 -9611.72 -4092.64
19170 -9597 -4107.77
19200 -9592.88 -4110.96
19230 -9594.26 -4109.94
19260 -9595.47 -4109.36
19290 -9596 -4110.54
19320 -9595.36 -4127.22
19350 -9636.76 -4058.63
19380 -9571.08 -4020.97
19410 -9567.71 -4020.86
19440 -9558.16 -3981.76
19470 -9569.8 -3623.17
19500 -9076.96 -3412.98
19530 -8508.78 -3353.84
19560 -8115.67 -3232.29
19590 -8080.66 -3217.62
19620 -7705.62 -3053.45
19650 -7368.58 -2986.02
19680 -7247.36 -2787.44
19710 -7030.12 -2208.03
19740 -6589.71 -1809.15
19770 -6380.96 -1813.69
19800 -6342.79 -1812.94
19830 -6165.6 -1829.29
19860 -6167.17 -1833.02
19890 -6153.21 -1831.02
19920 -5655.07 -1932.93
19950 -5067.63 -2172.5
19980 -4917.37 -2173.83
20010 -4904.18 -2185.2
20040 -4906.52 -2187.56
20070 -4904.8 -2176.46
20100 -4896.39 -2171.97
20130 -4893.76 -2175.31
20160 -4894.6 -2176.62
20190 -4900.7 -2173.16
20220 -4900.16 -2171.99
20250 -4892.03 -2173.42
20280 -4889.43 -2175.16
20310 -4890.53 -2177.1
20340 -4891.62 -2179.04
20370 -4892.71 -2180.98
20400 -4893.8 -2182.93
20430 -4894.89 -2184.87
20460 -4896 -2186.03
20490 -4897.23 -2176.8
20520 -4896.7 -2175.55
20550 -4896.17 -2174.3
20580 -4895.64 -2173.06
20610 -4898.86 -2168.3
20640 -4905.82 -2160.03
20670 -4908.54 -2155.43
20700 -4897.12 -2170.8
20730 -4897.18 -2176.78
20760 -4898.41 -2182.44
20790 -4897.25 -2181.32
20820 -4895.81 -2179.44
20850 -4894.38 -2177.57
20880 -4893.23 -2177.04
20910 -4893.31 -2178.18
20940 -4893.53 -2179.5
20970 -4893.74 -2180.83
21000 -4893.96 -2182.15
21030 -4894.17 -2183.47
21060 -4894.39 -2184.79
21090 -4894.61 -2186.11
21120 -4894.82 -2187.43
21150 -4894.7 -2187.22
21180 -4892.39 -2177.03
21210 -4890.28 -2174.24
21240 -4888.45 -2173.09
21270 -4889.5 -2169.79
21300 -4893.61 -2171.79
21330 -4893.74 -2172.63
21360 -4894.07 -2177.9
21390 -4894.41 -2183.33
21420 -4894.15 -2178.89
21450 -4893.34 -2174.54
21480 -4892.24 -2177.47
21510 -4890.95 -2177.29
21540 -4889.67 -2177.11
21570 -4888.38 -2176.93
21600 -4887.09 -2176.75
21630 -4885.8 -2176.57
21660 -4884.52 -2176.39
21690 -4883.23 -2176.21
21720 -4882.87 -2175.76
21750 -4883.91 -2174.91
21780 -4884.94 -2174.06
21810 -4885.98 -2173.21
21840 -4887.02 -2172.36
21870 -4888.86 -2176.06
21900 -4889.53 -2179.16
21930 -4887.96 -2175.68
21960 -4888.55 -2175.81
21990 -4889.58 -2176.65
22020 -4890.61 -2177.5
22050 -4890.68 -2177.55
22080 -4890.68 -2177.55
22110 -4890.68 -2177.55
22140 -4890.68 -2177.55
22170 -4890.68 -2177.55
22200 -4890.68 -2177.55
22230 -4890.68 -2177.55
22260 -4890.68 -2177.55
22290 -4890.68 -2177.55
22320 -4890.68 -2177.55
22350 -4890.68 -2177.55
22380 -4890.68 -2177.55
22410 -4890.68 -2177.55
22440 -4890.68 -2177.55
22470 -4890.68 -2177.55
22500 -4890.68 -2177.55
22530 -4886.86 -2182.81
22560 -4886.54 -2183.26
22590 -4887.03 -2182.6
22620 -4887.52 -2181.94
22650 -4888.01 -2181.28
22680 -4888.5 -2180.62
22710 -4888.99 -2179.96
22740 -4889.48 -2179.3
22770 -4889.98 -2178.72
22800 -4890.8 -2180.37
22830 -4891.63 -2182.02
22860 -4891.63 -2183.98
22890 -4890.4 -2186.41
22920 -4889.33 -2187.25
22950 -4887.93 -2185.15
22980 -4886.28 -2180.87
23010 -4885.19 -2177.51
23040 -4884.83 -2175.37
23070 -4884.7 -2173.38
23100 -4885.52 -2172.02
23130 -4886.33 -2170.65
23160 -4887.15 -2169.29
23190 -4887.97 -2167.92
23220 -4888.79 -2166.56
23250 -4886.93 -2164.4
23280 -4884.77 -2162.15
23310 -4882.62 -2159.9
23340 -4857.09 -2150.99
23370 -4862.69 -2160.03
23400 -4868.3 -2169.06
23430 -4873.9 -2178.09
23460 -4879.5 -2187.12
23490 -4889.95 -2190.69
23520 -4891.98 -2191.18
23550 -4890.07 -2191.54
23580 -4888.16 -2191.91
23610 -4886.24 -2192.27
23640 -4888.13 -2187.71
23670 -4890.95 -2182.16
23700 -4892.3 -2179.99
23730 -4893.02 -2178.41
23760 -4889.62 -2180.63
23790 -4889.8 -2183.23
23820 -4890.3 -2187.85
23850 -4888.46 -2182.7
23880 -4887.88 -2180.76
23910 -4889.61 -2184.97
23940 -4891.34 -2189.17
23970 -4893.07 -2193.38
24000 -4894.11 -2187.27
24030 -4894.44 -2178.53
24060 -4891.12 -2171.09
24090 -4886.45 -2163.07
24120 -4885.84 -2161.13
24150 -4887.44 -2162.15
24180 -4889.05 -2163.18
24210 -4890.65 -2164.21
24240 -4892.26 -2165.23
24270 -4893.86 -2166.26
24300 -4893.68 -2167.48
24330 -4892.85 -2168.78
24360 -4892.02 -2170.08
24390 -4891.19 -2171.37
24420 -4892.41 -2181.04
24450 -4892.98 -2183.4
24480 -4890.21 -2178.93
24510 -4889.39 -2173.31
24540 -4890.15 -2168
24570 -4890.91 -2162.69
24600 -4891.67 -2157.39
24630 -4892.43 -2152.08
24660 -4893.2 -2146.77
24690 -4886.9 -2151.17
24720 -4897.8 -2156.93
24750 -4899.07 -2153.22
24780 -4900.34 -2149.51
24810 -4901.6 -2145.79
24840 -4900.29 -2147.2
24870 -4896.4 -2153.72
24900 -4892.51 -2160.24
24930 -4896.76 -2168.51
24960 -4890.51 -2155.99
24990 -4894.56 -2151.48
25020 -4895.45 -2157.6
25050 -4896.93 -2161.06
25080 -4898.71 -2163.04
25110 -4896.65 -2168.86
25140 -4896.11 -2167.7
25170 -4895.57 -2166.55
25200 -4895.03 -2165.4
25230 -4897.45 -2164.31
25260 -4897.45 -2164.31
25290 -4897.45 -2164.31
25320 -4897.45 -2164.31
25350 -4897.45 -2164.31
25380 -4897.45 -2164.31
25410 -4897.45 -2164.31
25440 -4897.45 -2164.31
25470 -4897.45 -2164.31
25500 -4897.45 -2164.31
25530 -4894.28 -2157.63
25560 -4888.8 -2153.98
25590 -4888 -2159.61
25620 -4888.56 -2156.67
25650 -4889.14 -2156.85
25680 -4888.6 -2160.46
25710 -4888.14 -2159.09
25740 -4893.52 -2161.38
25770 -4898.9 -2163.67
25800 -4899.62 -2163.97
25830 -4899.62 -2163.97
25860 -4899.62 -2163.97
25890 -4899.62 -2163.97
25920 -4899.62 -2163.97
25950 -4899.62 -2163.97
25980 -4899.62 -2163.97
26010 -4899.62 -2163.97
26040 -4899.62 -2163.97
26070 -4899.62 -2163.97
26100 -4899.62 -2163.97
26130 -4899.62 -2163.97
26160 -4899.62 -2163.97
26190 -4899.62 -2163.97
26220 -4895.97 -2172.67
26250 -4894.74 -2171.74
26280 -4893.5 -2170.81
26310 -4892.27 -2169.88
26340 -4891.03 -2168.95
26370 -4892.85 -2165.53
26400 -4898.39 -2157.32
26430 -4899.03 -2152.1
26460 -4899.66 -2146.88
26490 -4899.51 -2147.78
26520 -4893.71 -2153.04
26550 -4891.34 -2156.31
26580 -4889.89 -2162.68
26610 -4888.52 -2166.91
26640 -4889.08 -2167.09
26670 -4886.91 -2165.68
26700 -4884.74 -2164.27
26730 -4882.57 -2162.86
26760 -4885.89 -2160.5
26790 -4888.38 -2161.28
26820 -4889.28 -2162.8
26850 -4890.18 -2164.32
26880 -4891.07 -2165.84
26910 -4891.43 -2167.6
26940 -4882.28 -2174.99
26970 -4890.36 -2170.38
27000 -4887.37 -2174.78
27030 -4884.39 -2179.17
27060 -4876.82 -2196.27
27090 -4880.1 -2189.49
27120 -4884.44 -2180.21
27150 -4888.79 -2170.94
27180 -4893.13 -2161.66
27210 -4889.79 -2169.6
27240 -4890.1 -2168.87
27270 -4890.4 -2168.14
27300 -4890.7 -2167.41
27330 -4891 -2166.68
27360 -4891.31 -2165.95
27390 -4891.61 -2165.22
27420 -4892.37 -2163.98
27450 -4894.99 -2160.67
27480 -4897.6 -2157.36
27510 -4900.22 -2154.05
27540 -4899.99 -2153.96
27570 -4898.2 -2159.44
27600 -4896.46 -2160.85
27630 -4896.46 -2160.85
27660 -4896.46 -2160.85
27690 -4896.46 -2160.85
27720 -4896.46 -2160.85
27750 -4896.46 -2160.85
27780 -4896.46 -2160.85
27810 -4896.46 -2160.85
27840 -4896.46 -2160.85
27870 -4896.46 -2160.85
27900 -4896.46 -2160.85
27930 -4896.46 -2160.85
27960 -4896.46 -2160.85
27990 -4896.46 -2160.85
28020 -4896.46 -2160.85
28050 -4896.46 -2160.85
28080 -4896.46 -2160.85
28110 -4896.46 -2160.85
28140 -4885.7 -2175.98
28170 -4887.8 -2170.58
28200 -4889.9 -2165.17
28230 -4889.69 -2168.11
28260 -4888.12 -2175.88
28290 -4887.57 -2178.29
28320 -4887.12 -2180.09
28350 -4886.68 -2181.9
28380 -4886.23 -2183.71
28410 -4884.86 -2178.02
28440 -4892.39 -2169.49
28470 -4896.1 -2168.71
28500 -4897.21 -2170.91
28530 -4896.55 -2174.5
28560 -4900.42 -2175.26
28590 -4900.51 -2170.69
28620 -4899.74 -2165.12
28650 -4900.73 -2161.32
28680 -4902.06 -2157.88
28710 -4903.2 -2151.36
28740 -4907.71 -2154.44
28770 -4904.2 -2164.98
28800 -4899.85 -2166.63
28830 -4894.98 -2167.31
28860 -4889.94 -2168.71
28890 -4887.45 -2168.58
28920 -4895.62 -2163.93
28950 -4901.04 -2166.62
28980 -4899.44 -2172.43
29010 -4886.41 -2172.42
29040 -4887.81 -2168.66
29070 -4888.74 -2170.3
29100 -4891.01 -2173.88
29130 -4890.52 -2173.63
29160 -4890.04 -2171.8
29190 -4889.57 -2169.97
29220 -4889.09 -2168.13
29250 -4888.61 -2166.3
29280 -4888.45 -2165.34
29310 -4888.77 -2165.7
29340 -4889.08 -2166.06
29370 -4889.4 -2166.41
29400 -4900.97 -2168.27
29430 -4900.6 -2167.81
29460 -4904.19 -2166.38
29490 -4907.77 -2164.95
29520 -4911.36 -2163.52
29550 -4916.27 -2161.85
29580 -4927.28 -2158.47
29610 -4924.56 -2156.61
29640 -4923.78 -2154.08
29670 -4924.25 -2153.91
29700 -4923.31 -2155.82
29730 -4925.74 -2157
29760 -4935.81 -2155.11
29790 -4930.28 -2147.05
29820 -4916.19 -2149.06
29850 -4918.17 -2147.59
29880 -4923.53 -2151.1
29910 -4912.94 -2156.29
29940 -4908.89 -2160.97
29970 -4904.84 -2165.64
30000 -4900.79 -2170.32
30030 -4857.62 -2191.25
30060 -4837.93 -2204.34
30090 -4839.33 -2200.24
30120 -4864.92 -2180.34
30150 -4889.59 -2165.2
30180 -4911.84 -2155.88
30210 -4930.7 -2147.9
30240 -4922.64 -2151.58
30270 -4916.92 -2155.05
30300 -4906.42 -2157.77
30330 -4900.66 -2163.8
30360 -4890.9 -2172.82
30390 -4880.82 -2177.11
30420 -4877.42 -2177.78
30450 -4871.24 -2180.81
30480 -4871.19 -2181.23
30510 -4877.96 -2178.9
30540 -4882.11 -2177.12
30570 -4884.68 -2175.36
30600 -4887.25 -2173.61
30630 -4889.83 -2171.85
30660 -4892.4 -2170.1
30690 -4891.05 -2169.36
30720 -4885.8 -2174.44
30750 -4880.66 -2178.73
30780 -4883.52 -2176.29
30810 -4886.39 -2173.86
30840 -4881.21 -2177.08
30870 -4887.17 -2169.43
30900 -4884.86 -2170.9
30930 -4877.77 -2177.57
30960 -4875.08 -2180.34
30990 -4872.4 -2183.11
31020 -4869.71 -2185.89
31050 -4847.74 -2193.31
31080 -4861.76 -2186.46
