0 -1519.43 1704.74
30 -1472.39 1682.57
60 -1446.54 1671.61
90 -1446.43 1659.9
120 -1451.65 1661.32
150 -1403.02 1632
180 -1217.05 1537.35
210 -1216.36 1441.03
240 -1217.3 1397.19
270 -1229.53 885.078
300 -1191.63 769.679
330 -950.36 759.971
360 -887.615 605.876
390 -675.04 352.388
420 -405.889 183.344
450 -160.927 38.7156
480 -84.9259 90.4222
510 -72.8104 93.7603
540 -53.6807 99.0311
570 -34.551 104.302
600 -47.5529 111.745
630 -69.729 78.9799
660 -92.7577 45.7046
690 -100.473 12.491
720 -101.996 6.71225
750 -101.996 6.71225
780 -101.996 6.71225
810 -101.996 6.71225
840 -101.996 6.71225
870 -101.996 6.71225
900 -101.996 6.71225
930 -101.996 6.71225
960 -101.996 6.71225
990 -101.996 6.71225
1020 -101.996 6.71225
1050 -101.996 6.71225
1080 -101.996 6.71225
1110 -101.996 6.71225
1140 -101.996 6.71225
1170 -101.996 6.71225
1200 -101.996 6.71225
1230 -101.996 6.71225
1260 -101.996 6.71225
1290 -101.996 6.71225
1320 -101.996 6.71225
1350 -101.996 6.71225
1380 -101.996 6.71225
1410 -101.996 6.71225
1440 -101.996 6.71225
1470 -101.996 6.71225
1500 -101.996 6.71225
1530 -101.996 6.71225
1560 -101.996 6.71225
1590 -101.996 6.71225
1620 -101.996 6.71225
1650 -101.996 6.71225
1680 -101.996 6.71225
1710 -101.996 6.71225
1740 -101.996 6.71225
1770 -101.996 6.71225
1800 -101.996 6.71225
1830 -101.996 6.71225
1860 -101.996 6.71225
1890 -101.996 6.71225
1920 -101.996 6.71225
1950 -101.996 6.71225
1980 -101.996 6.71225
2010 -101.996 6.71225
2040 -101.996 6.71225
2070 -101.996 6.71225
2100 -101.996 6.71225
2130 -101.996 6.71225
2160 -101.996 6.71225
2190 -101.996 6.71225
2220 -101.996 6.71225
2250 -101.996 6.71225
2280 -101.996 6.71225
2310 -101.996 6.71225
2340 -101.996 6.71225
2370 -101.996 6.71225
2400 -101.996 6.71225
2430 -101.996 6.71225
2460 -101.996 6.71225
2490 -101.996 6.71225
2520 -101.996 6.71225
2550 -101.996 6.71225
2580 -101.996 6.71225
2610 -101.996 6.71225
2640 -101.996 6.71225
2670 -101.996 6.71225
2700 -101.996 6.71225
2730 -101.996 6.71225
2760 -101.996 6.71225
2790 -101.996 6.71225
2820 -101.996 6.71225
2850 -101.996 6.71225
2880 -101.996 6.71225
2910 -101.996 6.71225
2940 -101.996 6.71225
2970 -101.996 6.71225
3000 -101.996 6.71225
3030 -101.996 6.71225
3060 -101.996 6.71225
3090 -101.996 6.71225
3120 -101.996 6.71225
3150 -101.996 6.71225
3180 -101.996 6.71225
3210 -101.996 6.71225
3240 -101.996 6.71225
3270 -101.996 6.71225
3300 -101.996 6.71225
3330 -101.996 6.71225
3360 -101.996 6.71225
3390 -101.996 6.71225
3420 -101.996 6.71225
3450 -101.996 6.71225
3480 -101.996 6.71225
3510 -101.996 6.71225
3540 -101.996 6.71225
3570 -101.996 6.71225
3600 -101.996 6.71225
3630 -101.996 6.71225
3660 -101.996 6.71225
3690 -101.996 6.71225
3720 -101.996 6.71225
3750 -101.996 6.71225
3780 -101.996 6.71225
3810 -101.996 6.71225
3840 -101.996 6.71225
3870 -101.996 6.71225
3900 -101.996 6.71225
3930 -101.996 6.71225
3960 -101.996 6.71225
3990 -101.996 6.71225
4020 -101.996 6.71225
4050 -101.996 6.71225
4080 -101.996 6.71225
4110 -101.996 6.71225
4140 -101.996 6.71225
4170 -101.996 6.71225
4200 -101.996 6.71225
4230 -101.996 6.71225
4260 -101.996 6.71225
4290 -101.996 6.71225
4320 -101.996 6.71225
4350 -101.996 6.71225
4380 -101.996 6.71225
4410 -101.996 6.71225
4440 -101.996 6.71225
4470 -101.996 6.71225
4500 -101.996 6.71225
4530 -101.996 6.71225
4560 -101.996 6.71225
4590 -101.996 6.71225
4620 -101.996 6.71225
4650 -101.996 6.71225
4680 -101.996 6.71225
4710 -101.996 6.71225
4740 -101.996 6.71225
4770 -101.996 6.71225
4800 -101.996 6.71225
4830 -101.996 6.71225
4860 -101.996 6.71225
4890 -101.996 6.71225
4920 -101.996 6.71225
4950 -101.996 6.71225
4980 -101.996 6.71225
5010 -101.996 6.71225
5040 -101.996 6.71225
5070 -101.996 6.71225
5100 -101.996 6.71225
5130 -101.996 6.71225
5160 -101.996 6.71225
5190 -101.996 6.71225
5220 -101.996 6.71225
5250 -101.996 6.71225
5280 -101.996 6.71225
5310 -101.996 6.71225
5340 -101.996 6.71225
5370 -101.996 6.71225
5400 -101.996 6.71225
5430 -101.996 6.71225
5460 -101.996 6.71225
5490 -101.996 6.71225
5520 -101.996 6.71225
5550 -101.996 6.71225
5580 -101.996 6.71225
5610 -101.996 6.71225
5640 -101.996 6.71225
5670 -101.996 6.71225
5700 -101.996 6.71225
5730 -101.996 6.71225
5760 -101.996 6.71225
5790 -101.996 6.71225
5820 -101.996 6.71225
5850 -101.996 6.71225
5880 -101.996 6.71225
5910 -101.996 6.71225
5940 -101.996 6.71225
5970 -101.996 6.71225
6000 -101.996 6.71225
6030 -101.996 6.71225
6060 -101.996 6.71225
6090 -101.996 6.71225
6120 -101.996 6.71225
6150 -101.996 6.71225
6180 -101.996 6.71225
6210 -101.996 6.71225
6240 -101.996 6.71225
6270 -101.996 6.71225
6300 -101.996 6.71225
6330 -101.996 6.71225
6360 -101.996 6.71225
6390 -101.996 6.71225
6420 -101.996 6.71225
6450 -101.996 6.71225
6480 -101.996 6.71225
6510 -101.996 6.71225
6540 -101.996 6.71225
6570 -101.996 6.71225
6600 -101.996 6.71225
6630 -101.996 6.71225
6660 -101.996 6.71225
6690 -101.996 6.71225
6720 -101.996 6.71225
6750 -101.996 6.71225
6780 -101.996 6.71225
6810 -101.996 6.71225
6840 -101.996 6.71225
6870 -101.996 6.71225
6900 -101.996 6.71225
6930 -101.996 6.71225
6960 -101.996 6.71225
6990 -101.996 6.71225
7020 -101.996 6.71225
7050 -101.996 6.71225
7080 -101.996 6.71225
7110 -101.996 6.71225
7140 -101.996 6.71225
7170 -101.996 6.71225
7200 -101.996 6.71225
7230 -101.996 6.71225
7260 -101.996 6.71225
7290 -101.996 6.71225
7320 -101.996 6.71225
7350 -101.996 6.71225
7380 -101.996 6.71225
7410 -101.996 6.71225
7440 -101.996 6.71225
7470 -101.996 6.71225
7500 -101.996 6.71225
7530 -101.996 6.71225
7560 -101.996 6.71225
7590 -101.996 6.71225
7620 -101.996 6.71225
7650 -101.996 6.71225
7680 -101.996 6.71225
7710 -101.996 6.71225
7740 -101.996 6.71225
7770 -101.996 6.71225
7800 -101.996 6.71225
7830 -101.996 6.71225
7860 -101.996 6.71225
7890 -101.996 6.71225
7920 -101.996 6.71225
7950 -101.996 6.71225
7980 -101.996 6.71225
8010 -101.996 6.71225
8040 -101.996 6.71225
8070 -101.996 6.71225
8100 -101.996 6.71225
8130 -101.996 6.71225
8160 -101.996 6.71225
8190 -101.996 6.71225
8220 -101.996 6.71225
8250 -101.996 6.71225
8280 -101.996 6.71225
8310 -101.996 6.71225
8340 -101.996 6.71225
8370 -101.996 6.71225
8400 -101.996 6.71225
8430 -101.996 6.71225
8460 -101.996 6.71225
8490 -101.996 6.71225
8520 -101.996 6.71225
8550 -101.996 6.71225
8580 -101.996 6.71225
8610 -101.996 6.71225
8640 -101.996 6.71225
8670 -101.996 6.71225
8700 -101.996 6.71225
8730 -101.996 6.71225
8760 -101.996 6.71225
8790 -101.996 6.71225
8820 -101.996 6.71225
8850 -101.996 6.71225
8880 -101.996 6.71225
8910 -101.996 6.71225
8940 -101.996 6.71225
8970 -101.996 6.71225
9000 -101.996 6.71225
9030 -101.996 6.71225
9060 -101.996 6.71225
9090 -101.996 6.71225
9120 -101.996 6.71225
9150 -101.996 6.71225
9180 -101.996 6.71225
9210 -101.996 6.71225
9240 -101.996 6.71225
9270 -101.996 6.71225
9300 -101.996 6.71225
9330 -101.996 6.71225
9360 -101.996 6.71225
9390 -101.996 6.71225
9420 -101.996 6.71225
9450 -101.996 6.71225
9480 -101.996 6.71225
9510 -101.996 6.71225
9540 -101.996 6.71225
9570 -101.996 6.71225
9600 -101.996 6.71225
9630 -101.996 6.71225
9660 -101.996 6.71225
9690 -101.996 6.71225
9720 -101.996 6.71225
9750 -101.996 6.71225
9780 -101.996 6.71225
9810 -101.996 6.71225
9840 -101.996 6.71225
9870 -101.996 6.71225
9900 -101.996 6.71225
9930 -101.996 6.71225
9960 -101.996 6.71225
9990 -101.996 6.71225
10020 -101.996 6.71225
10050 -101.996 6.71225
10080 -101.996 6.71225
10110 -101.996 6.71225
10140 -101.996 6.71225
10170 -101.996 6.71225
10200 -101.996 6.71225
10230 -101.996 6.71225
10260 -101.996 6.71225
10290 -101.996 6.71225
10320 -101.996 6.71225
10350 -101.996 6.71225
10380 -101.996 6.71225
10410 -101.996 6.71225
10440 -101.996 6.71225
10470 -101.996 6.71225
10500 -101.996 6.71225
10530 -101.996 6.71225
10560 -101.996 6.71225
10590 -101.996 6.71225
10620 -101.996 6.71225
10650 -101.996 6.71225
10680 -101.996 6.71225
10710 -101.996 6.71225
10740 -101.996 6.71225
10770 -101.996 6.71225
10800 -101.996 6.71225
10830 -101.996 6.71225
10860 -101.996 6.71225
10890 -101.996 6.71225
10920 -101.996 6.71225
10950 -101.996 6.71225
10980 -101.996 6.71225
11010 -101.996 6.71225
11040 -101.996 6.71225
11070 -101.996 6.71225
11100 -101.996 6.71225
11130 -101.996 6.71225
11160 -101.996 6.71225
11190 -101.996 6.71225
11220 -101.996 6.71225
11250 -101.996 6.71225
11280 -101.996 6.71225
11310 -101.996 6.71225
11340 -101.996 6.71225
11370 -101.996 6.71225
11400 -101.996 6.71225
11430 -101.996 6.71225
11460 -101.996 6.71225
11490 -101.996 6.71225
11520 -101.996 6.71225
11550 -101.996 6.71225
11580 -101.996 6.71225
11610 -101.996 6.71225
11640 -101.996 6.71225
11670 -101.996 6.71225
11700 -101.996 6.71225
11730 -101.996 6.71225
11760 -101.996 6.71225
11790 -101.996 6.71225
11820 -101.996 6.71225
11850 -101.996 6.71225
11880 -101.996 6.71225
11910 -101.996 6.71225
11940 -101.996 6.71225
11970 -101.996 6.71225
12000 -101.996 6.71225
12030 -101.996 6.71225
12060 -101.996 6.71225
12090 -101.996 6.71225
12120 -101.996 6.71225
12150 -101.996 6.71225
12180 -101.996 6.71225
12210 -101.996 6.71225
12240 -101.996 6.71225
12270 -101.996 6.71225
12300 -101.996 6.71225
12330 -101.996 6.71225
12360 -101.996 6.71225
12390 -101.996 6.71225
12420 -101.996 6.71225
12450 -101.996 6.71225
12480 -101.996 6.71225
12510 -101.996 6.71225
12540 -101.996 6.71225
12570 -101.996 6.71225
12600 -101.996 6.71225
12630 -101.996 6.71225
12660 -101.996 6.71225
12690 -101.996 6.71225
12720 -101.996 6.71225
12750 -101.996 6.71225
12780 -101.996 6.71225
12810 -101.996 6.71225
12840 -101.996 6.71225
12870 -101.996 6.71225
12900 -101.996 6.71225
12930 -101.996 6.71225
12960 -101.996 6.71225
12990 -101.996 6.71225
13020 -101.996 6.71225
13050 -101.996 6.71225
13080 -101.996 6.71225
13110 -101.996 6.71225
13140 -101.996 6.71225
13170 -101.996 6.71225
13200 -101.996 6.71225
13230 -101.996 6.71225
13260 -101.996 6.71225
13290 -101.996 6.71225
13320 -101.996 6.71225
13350 -101.996 6.71225
13380 -101.996 6.71225
13410 -101.996 6.71225
13440 -101.996 6.71225
13470 -101.996 6.71225
13500 -101.996 6.71225
13530 -101.996 6.71225
13560 -101.996 6.71225
13590 -101.996 6.71225
13620 -101.996 6.71225
13650 -101.996 6.71225
13680 -101.996 6.71225
13710 -101.996 6.71225
13740 -101.996 6.71225
13770 -101.996 6.71225
13800 -101.996 6.71225
13830 -101.996 6.71225
13860 -101.996 6.71225
13890 -101.996 6.71225
13920 -101.996 6.71225
13950 -101.996 6.71225
13980 -101.996 6.71225
14010 -101.996 6.71225
14040 -101.996 6.71225
14070 -101.996 6.71225
14100 -101.996 6.71225
14130 -101.996 6.71225
14160 -101.996 6.71225
14190 -101.996 6.71225
14220 -101.996 6.71225
14250 -101.996 6.71225
14280 -101.996 6.71225
14310 -101.996 6.71225
14340 -101.996 6.71225
14370 -101.996 6.71225
14400 -101.996 6.71225
14430 -101.996 6.71225
14460 -101.996 6.71225
14490 -101.996 6.71225
14520 -101.996 6.71225
14550 -101.996 6.71225
14580 -101.996 6.71225
14610 -101.996 6.71225
14640 -101.996 6.71225
14670 -101.996 6.71225
14700 -101.996 6.71225
14730 -101.996 6.71225
14760 -101.996 6.71225
14790 -101.996 6.71225
14820 -101.996 6.71225
14850 -101.996 6.71225
14880 -101.996 6.71225
14910 -101.996 6.71225
14940 -101.996 6.71225
14970 -101.996 6.71225
15000 -101.996 6.71225
15030 -101.996 6.71225
15060 -101.996 6.71225
15090 -101.996 6.71225
15120 -101.996 6.71225
15150 -101.996 6.71225
15180 -101.996 6.71225
15210 -101.996 6.71225
15240 -101.996 6.71225
15270 -101.996 6.71225
15300 -101.996 6.71225
15330 -101.996 6.71225
15360 -101.996 6.71225
15390 -101.996 6.71225
15420 -101.996 6.71225
15450 -101.996 6.71225
15480 -101.996 6.71225
15510 -101.996 6.71225
15540 -101.996 6.71225
15570 -101.996 6.71225
15600 -101.996 6.71225
15630 -101.996 6.71225
15660 -101.996 6.71225
15690 -101.996 6.71225
15720 -101.996 6.71225
15750 -101.996 6.71225
15780 -101.996 6.71225
15810 -101.996 6.71225
15840 -101.996 6.71225
15870 -101.996 6.71225
15900 -101.996 6.71225
15930 -101.996 6.71225
15960 -101.996 6.71225
15990 -101.996 6.71225
16020 -101.996 6.71225
16050 -101.996 6.71225
16080 -101.996 6.71225
16110 -101.996 6.71225
16140 -101.996 6.71225
16170 -101.996 6.71225
16200 -101.996 6.71225
16230 -101.996 6.71225
16260 -101.996 6.71225
16290 -101.996 6.71225
16320 -101.996 6.71225
16350 -101.996 6.71225
16380 -101.996 6.71225
16410 -101.996 6.71225
16440 -101.996 6.71225
16470 -101.996 6.71225
16500 -101.996 6.71225
16530 -101.996 6.71225
16560 -101.996 6.71225
16590 -101.996 6.71225
16620 -101.996 6.71225
16650 -101.996 6.71225
16680 -101.996 6.71225
16710 -101.996 6.71225
16740 -101.996 6.71225
16770 -101.996 6.71225
16800 -101.996 6.71225
16830 -101.996 6.71225
16860 -101.996 6.71225
16890 -101.996 6.71225
16920 -101.996 6.71225
16950 -101.996 6.71225
16980 -101.996 6.71225
17010 -101.996 6.71225
17040 -101.996 6.71225
17070 -101.996 6.71225
17100 -101.996 6.71225
17130 -101.996 6.71225
17160 -101.996 6.71225
17190 -101.996 6.71225
17220 -101.996 6.71225
17250 -101.996 6.71225
17280 -101.996 6.71225
17310 -101.996 6.71225
17340 -101.996 6.71225
17370 -101.996 6.71225
17400 -101.996 6.71225
17430 -101.996 6.71225
17460 -101.996 6.71225
17490 -101.996 6.71225
17520 -101.996 6.71225
17550 -101.996 6.71225
17580 -101.996 6.71225
17610 -101.996 6.71225
17640 -101.996 6.71225
17670 -101.996 6.71225
17700 -101.996 6.71225
17730 -101.996 6.71225
17760 -101.996 6.71225
17790 -101.996 6.71225
17820 -101.996 6.71225
17850 -101.996 6.71225
17880 -101.996 6.71225
17910 -101.996 6.71225
17940 -101.996 6.71225
17970 -101.996 6.71225
18000 -101.996 6.71225
18030 -101.996 6.71225
18060 -101.996 6.71225
18090 -101.996 6.71225
18120 -101.996 6.71225
18150 -101.996 6.71225
18180 -101.996 6.71225
18210 -101.996 6.71225
18240 -101.996 6.71225
18270 -101.996 6.71225
18300 -101.996 6.71225
18330 -101.996 6.71225
18360 -101.996 6.71225
18390 -101.996 6.71225
18420 -101.996 6.71225
18450 -101.996 6.71225
18480 -101.996 6.71225
18510 -101.996 6.71225
18540 -101.996 6.71225
18570 -101.996 6.71225
18600 -101.996 6.71225
18630 -101.996 6.71225
18660 -101.996 6.71225
18690 -101.996 6.71225
18720 -101.996 6.71225
18750 -101.996 6.71225
18780 -101.996 6.71225
18810 -101.996 6.71225
18840 -101.996 6.71225
18870 -101.996 6.71225
18900 -101.996 6.71225
18930 -101.996 6.71225
18960 -101.996 6.71225
18990 -101.996 6.71225
19020 -101.996 6.71225
19050 -101.996 6.71225
19080 -101.996 6.71225
19110 -101.996 6.71225
19140 -101.996 6.71225
19170 -101.996 6.71225
19200 -101.996 6.71225
19230 -101.996 6.71225
19260 -101.996 6.71225
19290 -101.996 6.71225
19320 -101.996 6.71225
19350 -101.996 6.71225
19380 -101.996 6.71225
19410 -101.996 6.71225
19440 -101.996 6.71225
19470 -101.996 6.71225
19500 -101.996 6.71225
19530 -101.996 6.71225
19560 -101.996 6.71225
19590 -101.996 6.71225
19620 -101.996 6.71225
19650 -101.996 6.71225
19680 -101.996 6.71225
19710 -101.996 6.71225
19740 -101.996 6.71225
19770 -101.996 6.71225
19800 -101.996 6.71225
19830 -101.996 6.71225
19860 -101.996 6.71225
19890 -101.996 6.71225
19920 -101.996 6.71225
19950 -101.996 6.71225
19980 -101.996 6.71225
20010 -101.996 6.71225
20040 -101.996 6.71225
20070 -101.996 6.71225
20100 -101.996 6.71225
20130 -101.996 6.71225
20160 -101.996 6.71225
20190 -101.996 6.71225
20220 -101.996 6.71225
20250 -101.996 6.71225
20280 -101.996 6.71225
20310 -101.996 6.71225
20340 -101.996 6.71225
20370 -101.996 6.71225
20400 -101.996 6.71225
20430 -101.996 6.71225
20460 -101.996 6.71225
20490 -101.996 6.71225
20520 -101.996 6.71225
20550 -101.996 6.71225
20580 -101.996 6.71225
20610 -101.996 6.71225
20640 -101.996 6.71225
20670 -101.996 6.71225
20700 -101.996 6.71225
20730 -101.996 6.71225
20760 -101.996 6.71225
20790 -101.996 6.71225
20820 -101.996 6.71225
20850 -101.996 6.71225
20880 -101.996 6.71225
20910 -101.996 6.71225
20940 -101.996 6.71225
20970 -101.996 6.71225
21000 -101.996 6.71225
21030 -101.996 6.71225
21060 -101.996 6.71225
21090 -101.996 6.71225
21120 -101.996 6.71225
21150 -101.996 6.71225
21180 -101.996 6.71225
21210 -101.996 6.71225
21240 -101.996 6.71225
21270 -101.996 6.71225
21300 -101.996 6.71225
21330 -101.996 6.71225
21360 -101.996 6.71225
21390 -101.996 6.71225
21420 -101.996 6.71225
21450 -101.996 6.71225
21480 -101.996 6.71225
21510 -101.996 6.71225
21540 -101.996 6.71225
21570 -101.996 6.71225
21600 -101.996 6.71225
21630 -101.996 6.71225
21660 -101.996 6.71225
21690 -101.996 6.71225
21720 -101.996 6.71225
21750 -101.996 6.71225
21780 -101.996 6.71225
21810 -101.996 6.71225
21840 -101.996 6.71225
21870 -101.996 6.71225
21900 -101.996 6.71225
21930 -101.996 6.71225
21960 -101.996 6.71225
21990 -101.996 6.71225
22020 -101.996 6.71225
22050 -101.996 6.71225
22080 -101.996 6.71225
22110 -101.996 6.71225
22140 -101.996 6.71225
22170 -101.996 6.71225
22200 -101.996 6.71225
22230 -101.996 6.71225
22260 -101.996 6.71225
22290 -101.996 6.71225
22320 -101.996 6.71225
22350 -101.996 6.71225
22380 -101.996 6.71225
22410 -101.996 6.71225
22440 -101.996 6.71225
22470 -101.996 6.71225
22500 -101.996 6.71225
22530 -101.996 6.71225
22560 -101.996 6.71225
22590 -101.996 6.71225
22620 -101.996 6.71225
22650 -101.996 6.71225
22680 -101.996 6.71225
22710 -101.996 6.71225
22740 -101.996 6.71225
22770 -101.996 6.71225
22800 -101.996 6.71225
22830 -101.996 6.71225
22860 -101.996 6.71225
22890 -101.996 6.71225
22920 -101.996 6.71225
22950 -101.996 6.71225
22980 -101.996 6.71225
23010 -101.996 6.71225
23040 -101.996 6.71225
23070 -101.996 6.71225
23100 -101.996 6.71225
23130 -101.996 6.71225
23160 -101.996 6.71225
23190 -101.996 6.71225
23220 -101.996 6.71225
23250 -101.996 6.71225
23280 -101.996 6.71225
23310 -101.996 6.71225
23340 -101.996 6.71225
23370 -101.996 6.71225
23400 -101.996 6.71225
23430 -101.996 6.71225
23460 -101.996 6.71225
23490 -101.996 6.71225
23520 -101.996 6.71225
23550 -101.996 6.71225
23580 -101.996 6.71225
23610 -101.996 6.71225
23640 -101.996 6.71225
23670 -101.996 6.71225
23700 -101.996 6.71225
23730 -101.996 6.71225
23760 -101.996 6.71225
23790 -101.996 6.71225
23820 -101.996 6.71225
23850 -101.996 6.71225
23880 -101.996 6.71225
23910 -101.996 6.71225
23940 -101.996 6.71225
23970 -101.996 6.71225
24000 -101.996 6.71225
24030 -101.996 6.71225
24060 -101.996 6.71225
24090 -101.996 6.71225
24120 -101.996 6.71225
24150 -101.996 6.71225
24180 -101.996 6.71225
24210 -101.996 6.71225
24240 -101.996 6.71225
24270 -101.996 6.71225
24300 -101.996 6.71225
24330 -101.996 6.71225
24360 -101.996 6.71225
24390 -101.996 6.71225
24420 -101.996 6.71225
24450 -101.996 6.71225
24480 -101.996 6.71225
24510 -101.996 6.71225
24540 -101.996 6.71225
24570 -101.996 6.71225
24600 -101.996 6.71225
24630 -101.996 6.71225
24660 -101.996 6.71225
24690 -101.996 6.71225
24720 -101.996 6.71225
24750 -101.996 6.71225
24780 -101.996 6.71225
24810 -101.996 6.71225
24840 -101.996 6.71225
24870 -101.996 6.71225
24900 -101.996 6.71225
24930 -101.996 6.71225
24960 -101.996 6.71225
24990 -101.996 6.71225
25020 -101.996 6.71225
25050 -101.996 6.71225
25080 -101.996 6.71225
25110 -101.996 6.71225
25140 -101.996 6.71225
25170 -101.996 6.71225
25200 -101.996 6.71225
25230 -101.996 6.71225
25260 -101.996 6.71225
25290 -101.996 6.71225
25320 -101.996 6.71225
25350 -101.996 6.71225
25380 -101.996 6.71225
25410 -101.996 6.71225
25440 -101.996 6.71225
25470 -101.996 6.71225
25500 -101.996 6.71225
25530 -101.996 6.71225
25560 -101.996 6.71225
25590 -101.996 6.71225
25620 -101.996 6.71225
25650 -101.996 6.71225
25680 -101.996 6.71225
25710 -101.996 6.71225
25740 -101.996 6.71225
25770 -101.996 6.71225
25800 -101.996 6.71225
25830 -101.996 6.71225
25860 -101.996 6.71225
25890 -101.996 6.71225
25920 -101.996 6.71225
25950 -101.996 6.71225
25980 -101.996 6.71225
26010 -101.996 6.71225
26040 -101.996 6.71225
26070 -101.996 6.71225
26100 -101.996 6.71225
26130 -101.996 6.71225
26160 -101.996 6.71225
26190 -101.996 6.71225
26220 -101.996 6.71225
26250 -101.996 6.71225
26280 -101.996 6.71225
26310 -101.996 6.71225
26340 -101.996 6.71225
26370 -101.996 6.71225
26400 -101.996 6.71225
26430 -101.996 6.71225
26460 -101.996 6.71225
26490 -101.996 6.71225
26520 -101.996 6.71225
26550 -101.996 6.71225
26580 -101.996 6.71225
26610 -101.996 6.71225
26640 -101.996 6.71225
26670 -101.996 6.71225
26700 -101.996 6.71225
26730 -101.996 6.71225
26760 -101.996 6.71225
26790 -101.996 6.71225
26820 -101.996 6.71225
26850 -101.996 6.71225
26880 -101.996 6.71225
26910 -101.996 6.71225
26940 -101.996 6.71225
26970 -101.996 6.71225
27000 -101.996 6.71225
27030 -101.996 6.71225
27060 -101.996 6.71225
27090 -101.996 6.71225
27120 -101.996 6.71225
27150 -101.996 6.71225
27180 -101.996 6.71225
27210 -101.996 6.71225
27240 -101.996 6.71225
27270 -101.996 6.71225
27300 -101.996 6.71225
27330 -101.996 6.71225
27360 -101.996 6.71225
27390 -101.996 6.71225
27420 -101.996 6.71225
27450 -101.996 6.71225
27480 -101.996 6.71225
27510 -101.996 6.71225
27540 -101.996 6.71225
27570 -101.996 6.71225
27600 -101.996 6.71225
27630 -101.996 6.71225
27660 -101.996 6.71225
27690 -101.996 6.71225
27720 -101.996 6.71225
27750 -101.996 6.71225
27780 -101.996 6.71225
27810 -101.996 6.71225
27840 -101.996 6.71225
27870 -101.996 6.71225
27900 -101.996 6.71225
27930 -101.996 6.71225
27960 -101.996 6.71225
27990 -101.996 6.71225
28020 -101.996 6.71225
28050 -101.996 6.71225
28080 -101.996 6.71225
28110 -101.996 6.71225
28140 -101.996 6.71225
28170 -101.996 6.71225
28200 -101.996 6.71225
28230 -101.996 6.71225
28260 -101.996 6.71225
28290 -101.996 6.71225
28320 -101.996 6.71225
28350 -101.996 6.71225
28380 -101.996 6.71225
28410 -101.996 6.71225
28440 -101.996 6.71225
28470 -101.996 6.71225
28500 -101.996 6.71225
28530 -101.996 6.71225
28560 -101.996 6.71225
28590 -101.996 6.71225
28620 -101.996 6.71225
28650 -101.996 6.71225
28680 -101.996 6.71225
28710 -101.996 6.71225
28740 -101.996 6.71225
28770 -101.996 6.71225
28800 -101.996 6.71225
28830 -101.996 6.71225
28860 -101.996 6.71225
28890 -101.996 6.71225
28920 -101.996 6.71225
28950 -101.996 6.71225
28980 -101.996 6.71225
29010 -101.996 6.71225
29040 -101.996 6.71225
29070 -101.996 6.71225
29100 -101.996 6.71225
29130 -101.996 6.71225
29160 -101.996 6.71225
29190 -101.996 6.71225
29220 -101.996 6.71225
29250 -101.996 6.71225
29280 -101.996 6.71225
29310 -101.996 6.71225
29340 -101.996 6.71225
29370 -101.996 6.71225
29400 -101.996 6.71225
29430 -101.996 6.71225
29460 -101.996 6.71225
29490 -101.996 6.71225
29520 -101.996 6.71225
29550 -101.996 6.71225
29580 -101.996 6.71225
29610 -101.996 6.71225
29640 -101.996 6.71225
29670 -101.996 6.71225
29700 -101.996 6.71225
29730 -101.996 6.71225
29760 -101.996 6.71225
29790 -101.996 6.71225
29820 -101.996 6.71225
29850 -101.996 6.71225
29880 -101.996 6.71225
29910 -101.996 6.71225
29940 -101.996 6.71225
29970 -101.996 6.71225
30000 -101.996 6.71225
30030 -101.996 6.71225
30060 -101.996 6.71225
30090 -101.996 6.71225
30120 -101.996 6.71225
30150 -101.996 6.71225
30180 -101.996 6.71225
30210 -101.996 6.71225
30240 -101.996 6.71225
30270 -101.996 6.71225
30300 -101.996 6.71225
30330 -101.996 6.71225
30360 -101.996 6.71225
30390 -101.996 6.71225
30420 -101.996 6.71225
30450 -101.996 6.71225
30480 -101.996 6.71225
30510 -101.996 6.71225
30540 -101.996 6.71225
30570 -101.996 6.71225
30600 -101.996 6.71225
30630 -101.996 6.71225
30660 -101.996 6.71225
30690 -101.996 6.71225
30720 -101.996 6.71225
30750 -101.996 6.71225
30780 -101.996 6.71225
30810 -101.996 6.71225
30840 -101.996 6.71225
30870 -101.996 6.71225
30900 -101.996 6.71225
30930 -101.996 6.71225
30960 -101.996 6.71225
30990 -101.996 6.71225
31020 -101.996 6.71225
31050 -101.996 6.71225
31080 -101.996 6.71225
31110 -101.996 6.71225
31140 -101.996 6.71225
31170 -101.996 6.71225
31200 -101.996 6.71225
31230 -101.996 6.71225
31260 -101.996 6.71225
31290 -101.996 6.71225
31320 -101.996 6.71225
31350 -101.996 6.71225
31380 -101.996 6.71225
31410 -101.996 6.71225
31440 -101.996 6.71225
31470 -101.996 6.71225
31500 -101.996 6.71225
31530 -101.996 6.71225
31560 -101.996 6.71225
31590 -101.996 6.71225
31620 -101.996 6.71225
31650 -101.996 6.71225
31680 -101.996 6.71225
31710 -101.996 6.71225
31740 -101.996 6.71225
31770 -101.996 6.71225
31800 -101.996 6.71225
31830 -101.996 6.71225
31860 -101.996 6.71225
31890 -101.996 6.71225
31920 -101.996 6.71225
31950 -101.996 6.71225
31980 -101.996 6.71225
32010 -101.996 6.71225
32040 -101.996 6.71225
32070 -101.996 6.71225
32100 -101.996 6.71225
32130 -101.996 6.71225
32160 -101.996 6.71225
32190 -101.996 6.71225
32220 -101.996 6.71225
32250 -101.996 6.71225
32280 -101.996 6.71225
32310 -101.996 6.71225
32340 -101.996 6.71225
32370 -101.996 6.71225
32400 -101.996 6.71225
32430 -101.996 6.71225
32460 -101.996 6.71225
32490 -101.996 6.71225
32520 -101.996 6.71225
32550 -101.996 6.71225
32580 -101.996 6.71225
32610 -101.996 6.71225
32640 -101.996 6.71225
32670 -101.996 6.71225
32700 -101.996 6.71225
32730 -101.996 6.71225
32760 -101.996 6.71225
32790 -101.996 6.71225
32820 -101.996 6.71225
32850 -101.996 6.71225
32880 -101.996 6.71225
32910 -101.996 6.71225
32940 -101.996 6.71225
32970 -101.996 6.71225
33000 -101.996 6.71225
33030 -101.996 6.71225
33060 -101.996 6.71225
33090 -101.996 6.71225
33120 -101.996 6.71225
33150 -101.996 6.71225
33180 -101.996 6.71225
33210 -101.996 6.71225
33240 -101.996 6.71225
33270 -101.996 6.71225
33300 -101.996 6.71225
33330 -101.996 6.71225
33360 -101.996 6.71225
33390 -101.996 6.71225
33420 -101.996 6.71225
33450 -101.996 6.71225
33480 -101.996 6.71225
33510 -101.996 6.71225
33540 -101.996 6.71225
33570 -101.996 6.71225
33600 -101.996 6.71225
33630 -101.996 6.71225
33660 -101.996 6.71225
33690 -101.996 6.71225
33720 -101.996 6.71225
33750 -101.996 6.71225
33780 -101.996 6.71225
33810 -101.996 6.71225
33840 -101.996 6.71225
33870 -101.996 6.71225
33900 -101.996 6.71225
33930 -101.996 6.71225
33960 -101.996 6.71225
33990 -101.996 6.71225
34020 -101.996 6.71225
34050 -101.996 6.71225
34080 -101.996 6.71225
34110 -101.996 6.71225
34140 -101.996 6.71225
34170 -101.996 6.71225
34200 -101.996 6.71225
34230 -101.996 6.71225
34260 -101.996 6.71225
34290 -101.996 6.71225
34320 -101.996 6.71225
34350 -101.996 6.71225
34380 -101.996 6.71225
34410 -101.996 6.71225
34440 -101.996 6.71225
34470 -101.996 6.71225
34500 -101.996 6.71225
34530 -101.996 6.71225
34560 -101.996 6.71225
34590 -101.996 6.71225
34620 -101.996 6.71225
34650 -101.996 6.71225
34680 -101.996 6.71225
34710 -101.996 6.71225
34740 -101.996 6.71225
34770 -101.996 6.71225
34800 -101.996 6.71225
34830 -101.996 6.71225
34860 -101.996 6.71225
34890 -101.996 6.71225
34920 -101.996 6.71225
34950 -101.996 6.71225
34980 -101.996 6.71225
35010 -101.996 6.71225
35040 -101.996 6.71225
35070 -101.996 6.71225
35100 -101.996 6.71225
35130 -101.996 6.71225
35160 -101.996 6.71225
35190 -101.996 6.71225
35220 -101.996 6.71225
35250 -101.996 6.71225
35280 -101.996 6.71225
35310 -101.996 6.71225
35340 -101.996 6.71225
35370 -101.996 6.71225
35400 -101.996 6.71225
35430 -101.996 6.71225
35460 -101.996 6.71225
35490 -101.996 6.71225
35520 -101.996 6.71225
35550 -101.996 6.71225
35580 -101.996 6.71225
35610 -101.996 6.71225
35640 -101.996 6.71225
35670 -101.996 6.71225
35700 -108.86 37.7137
35730 -88.1171 64.5595
35760 -65.0112 83.0752
35790 -47.3995 107.509
35820 -53.0829 111.572
35850 -81.9373 106.411
35880 -98.0219 120.589
35910 -237.697 73.9473
35940 -525.265 249.494
35970 -548.04 424.2
36000 -375.604 542.37
36030 -364.208 540.881
36060 -356.418 544.262
36090 -354.988 551.405
36120 -355.014 552.14
36150 -355.405 551.273
36180 -355.796 550.406
36210 -355.788 550.325
36240 -354.98 551.817
36270 -354.07 548.603
36300 -354.07 548.603
36330 -354.07 548.603
36360 -354.07 548.603
36390 -354.07 548.603
36420 -354.07 548.603
36450 -354.07 548.603
36480 -354.07 548.603
36510 -354.07 548.603
36540 -354.07 548.603
36570 -354.07 548.603
36600 -354.07 548.603
36630 -354.07 548.603
36660 -354.07 548.603
36690 -354.07 548.603
36720 -354.07 548.603
36750 -355.459 553.668
36780 -356.956 554.748
36810 -358.452 555.828
36840 -359.948 556.908
36870 -361.445 557.988
36900 -362.941 559.068
36930 -364.437 560.148
36960 -363.851 556.705
36990 -359.506 550.059
37020 -364.966 544.426
37050 -370.417 540.588
37080 -366.21 537.624
37110 -359.411 535.823
37140 -355.876 536.655
37170 -361.151 536.758
37200 -360.87 536.659
37230 -361.277 537.694
37260 -371.614 536.13
37290 -382.05 533.932
37320 -377.823 513.538
37350 -25.0009 511.173
37380 184.958 300.255
37410 59.1744 103.669
37440 48.9726 49.7409
37470 80.8233 93.6059
37500 70.3665 74.8553
37530 57.6636 48.4557
37560 43.1718 22.9349
37590 28.8913 -2.0059
37620 10.9402 -24.9553
37650 -5.35791 -42.0268
37680 -26.2473 -46.8542
37710 -40.8279 -42.8729
37740 -43.6362 -67.2215
37770 -44.4943 -69.5035
37800 -42.6432 -61.7556
37830 -36.7872 -51.9525
37860 -15.0211 -47.1659
37890 -18.137 -39.6916
37920 -19.3561 -34.253
37950 -19.3561 -34.253
37980 -19.3561 -34.253
38010 -19.3561 -34.253
38040 -19.3561 -34.253
38070 -19.3561 -34.253
38100 -19.3561 -34.253
38130 -19.3561 -34.253
38160 -19.3561 -34.253
38190 -19.3561 -34.253
38220 -19.3561 -34.253
38250 -19.3561 -34.253
38280 -19.3561 -34.253
38310 -19.3561 -34.253
38340 -19.3561 -34.253
38370 -19.3561 -34.253
38400 -19.3561 -34.253
38430 -19.3561 -34.253
38460 -19.3561 -34.253
38490 -19.3561 -34.253
38520 -19.3561 -34.253
38550 -19.3561 -34.253
38580 -19.3561 -34.253
38610 -19.3561 -34.253
38640 -19.3561 -34.253
38670 -19.3561 -34.253
38700 -19.3561 -34.253
38730 -19.3561 -34.253
38760 -19.3561 -34.253
38790 -19.3561 -34.253
38820 -19.3561 -34.253
38850 -19.3561 -34.253
38880 -19.3561 -34.253
38910 -19.3561 -34.253
38940 -19.3561 -34.253
38970 -19.3561 -34.253
39000 -19.3561 -34.253
39030 -19.3561 -34.253
39060 -19.3561 -34.253
39090 -19.3561 -34.253
39120 -19.3561 -34.253
39150 -19.3561 -34.253
39180 -19.3561 -34.253
39210 -19.3561 -34.253
39240 -19.3561 -34.253
39270 -19.3561 -34.253
39300 -19.3561 -34.253
39330 -19.3561 -34.253
39360 -19.3561 -34.253
39390 -19.3561 -34.253
39420 -19.3561 -34.253
39450 -19.3561 -34.253
39480 -19.3561 -34.253
39510 -19.3561 -34.253
39540 -19.3561 -34.253
39570 -19.3561 -34.253
39600 -19.3561 -34.253
39630 -19.3561 -34.253
39660 -19.3561 -34.253
39690 -19.3561 -34.253
39720 -19.3561 -34.253
39750 -19.3561 -34.253
39780 -19.3561 -34.253
39810 -19.3561 -34.253
39840 -19.3561 -34.253
39870 -19.3561 -34.253
39900 -19.3561 -34.253
39930 -19.3561 -34.253
39960 -19.3561 -34.253
39990 -19.3561 -34.253
40020 -19.3561 -34.253
40050 -19.3561 -34.253
40080 -19.3561 -34.253
40110 -19.3561 -34.253
40140 -19.3561 -34.253
40170 -19.3561 -34.253
40200 -19.3561 -34.253
40230 -19.3561 -34.253
40260 -19.3561 -34.253
40290 -19.3561 -34.253
40320 -19.3561 -34.253
40350 -19.3561 -34.253
40380 -19.3561 -34.253
40410 -19.3561 -34.253
40440 -19.3561 -34.253
40470 -19.3561 -34.253
40500 -19.3561 -34.253
40530 -19.3561 -34.253
40560 -19.3561 -34.253
40590 -19.3561 -34.253
40620 -19.3561 -34.253
40650 -19.3561 -34.253
40680 -19.3561 -34.253
40710 -19.3561 -34.253
40740 -19.3561 -34.253
40770 -19.3561 -34.253
40800 -19.3561 -34.253
40830 -19.3561 -34.253
40860 -19.3561 -34.253
40890 -19.3561 -34.253
40920 -19.3561 -34.253
40950 -19.3561 -34.253
40980 -19.3561 -34.253
41010 -19.3561 -34.253
41040 -19.3561 -34.253
41070 -19.3561 -34.253
41100 -19.3561 -34.253
41130 -19.3561 -34.253
41160 -19.3561 -34.253
41190 -19.3561 -34.253
41220 -19.3561 -34.253
41250 -19.3561 -34.253
41280 -19.3561 -34.253
41310 -19.3561 -34.253
41340 -19.3561 -34.253
41370 -19.3561 -34.253
41400 -19.3561 -34.253
41430 -19.3561 -34.253
41460 -19.3561 -34.253
41490 -19.3561 -34.253
41520 -19.3561 -34.253
41550 -19.3561 -34.253
41580 -19.3561 -34.253
41610 -19.3561 -34.253
41640 -19.3561 -34.253
41670 -19.3561 -34.253
41700 -19.3561 -34.253
41730 -19.3561 -34.253
41760 -19.3561 -34.253
41790 -19.3561 -34.253
41820 -19.3561 -34.253
41850 -19.3561 -34.253
41880 -19.3561 -34.253
41910 -19.3561 -34.253
41940 -19.3561 -34.253
41970 -19.3561 -34.253
42000 -19.3561 -34.253
42030 -19.3561 -34.253
42060 -19.3561 -34.253
42090 -19.3561 -34.253
42120 -19.3561 -34.253
42150 -19.3561 -34.253
42180 -19.3561 -34.253
42210 -19.3561 -34.253
42240 -19.3561 -34.253
42270 -19.3561 -34.253
42300 -19.3561 -34.253
42330 -19.3561 -34.253
42360 -19.3561 -34.253
42390 -19.3561 -34.253
42420 -19.3561 -34.253
42450 -19.3561 -34.253
42480 -19.3561 -34.253
42510 -19.3561 -34.253
42540 -19.3561 -34.253
42570 -19.3561 -34.253
42600 -19.3561 -34.253
42630 -19.3561 -34.253
42660 -19.3561 -34.253
42690 -19.3561 -34.253
42720 -19.3561 -34.253
42750 -19.3561 -34.253
42780 -19.3561 -34.253
42810 -19.3561 -34.253
42840 -19.3561 -34.253
42870 -19.3561 -34.253
42900 -19.3561 -34.253
42930 -19.3561 -34.253
42960 -19.3561 -34.253
42990 -19.3561 -34.253
43020 -19.3561 -34.253
43050 -19.3561 -34.253
43080 -19.3561 -34.253
43110 -19.3561 -34.253
43140 -19.3561 -34.253
43170 -19.3561 -34.253
43200 -19.3561 -34.253
43230 -19.3561 -34.253
43260 -19.3561 -34.253
43290 -19.3561 -34.253
43320 -19.3561 -34.253
43350 -19.3561 -34.253
43380 -19.3561 -34.253
43410 -19.3561 -34.253
43440 -19.3561 -34.253
43470 -19.3561 -34.253
43500 -19.3561 -34.253
43530 -19.3561 -34.253
43560 -19.3561 -34.253
43590 -19.3561 -34.253
43620 -19.3561 -34.253
43650 -19.3561 -34.253
43680 -19.3561 -34.253
43710 -19.3561 -34.253
43740 -19.3561 -34.253
43770 -19.3561 -34.253
43800 -19.3561 -34.253
43830 -19.3561 -34.253
43860 -19.3561 -34.253
43890 -19.3561 -34.253
43920 -19.3561 -34.253
43950 -19.3561 -34.253
43980 -19.3561 -34.253
44010 -19.3561 -34.253
44040 -19.3561 -34.253
44070 -19.3561 -34.253
44100 -19.3561 -34.253
44130 -19.3561 -34.253
44160 -19.3561 -34.253
44190 -19.3561 -34.253
44220 -19.3561 -34.253
44250 -19.3561 -34.253
44280 -19.3561 -34.253
44310 -19.3561 -34.253
44340 -19.3561 -34.253
44370 -19.3561 -34.253
44400 -19.3561 -34.253
44430 -19.3561 -34.253
44460 -19.3561 -34.253
44490 -19.3561 -34.253
44520 -19.3561 -34.253
44550 -19.3561 -34.253
44580 -19.3561 -34.253
44610 -19.3561 -34.253
44640 -19.3561 -34.253
44670 -19.3561 -34.253
44700 -19.3561 -34.253
44730 -19.3561 -34.253
44760 -19.3561 -34.253
44790 -19.3561 -34.253
44820 -19.3561 -34.253
44850 -19.3561 -34.253
44880 -19.3561 -34.253
44910 -19.3561 -34.253
44940 -19.3561 -34.253
44970 -19.3561 -34.253
45000 -19.3561 -34.253
45030 -19.3561 -34.253
45060 -19.3561 -34.253
45090 -19.3561 -34.253
45120 -19.3561 -34.253
45150 -19.3561 -34.253
45180 -19.3561 -34.253
45210 -19.3561 -34.253
45240 -19.3561 -34.253
45270 -19.3561 -34.253
45300 -19.3561 -34.253
45330 -19.3561 -34.253
45360 -19.3561 -34.253
45390 -19.3561 -34.253
45420 -19.3561 -34.253
45450 -19.3561 -34.253
45480 -19.3561 -34.253
45510 -19.3561 -34.253
45540 -19.3561 -34.253
45570 -19.3561 -34.253
45600 -19.3561 -34.253
45630 -19.3561 -34.253
45660 -19.3561 -34.253
45690 -19.3561 -34.253
45720 -19.3561 -34.253
45750 -19.3561 -34.253
45780 -19.3561 -34.253
45810 -19.3561 -34.253
45840 -19.3561 -34.253
45870 -19.3561 -34.253
45900 -19.3561 -34.253
45930 -19.3561 -34.253
45960 -19.3561 -34.253
45990 -19.3561 -34.253
46020 -19.3561 -34.253
46050 -19.3561 -34.253
46080 -19.3561 -34.253
46110 -19.3561 -34.253
46140 -19.3561 -34.253
46170 -19.3561 -34.253
46200 -19.3561 -34.253
46230 -19.3561 -34.253
46260 -19.3561 -34.253
46290 -19.3561 -34.253
46320 -19.3561 -34.253
46350 -19.3561 -34.253
46380 -19.3561 -34.253
46410 -19.3561 -34.253
46440 -19.3561 -34.253
46470 -19.3561 -34.253
46500 -19.3561 -34.253
46530 -19.3561 -34.253
46560 -19.3561 -34.253
46590 -19.3561 -34.253
46620 -19.3561 -34.253
46650 -19.3561 -34.253
46680 -19.3561 -34.253
46710 -19.3561 -34.253
46740 -19.3561 -34.253
46770 -19.3561 -34.253
46800 -19.3561 -34.253
46830 -19.3561 -34.253
46860 -19.3561 -34.253
46890 -19.3561 -34.253
46920 -19.3561 -34.253
46950 -19.3561 -34.253
46980 -19.3561 -34.253
47010 -19.3561 -34.253
47040 -19.3561 -34.253
47070 -19.3561 -34.253
47100 -19.3561 -34.253
47130 -19.3561 -34.253
47160 -19.3561 -34.253
47190 -19.3561 -34.253
47220 -19.3561 -34.253
47250 -19.3561 -34.253
47280 -19.3561 -34.253
47310 -19.3561 -34.253
47340 -19.3561 -34.253
47370 -19.3561 -34.253
47400 -19.3561 -34.253
47430 -19.3561 -34.253
47460 -19.3561 -34.253
47490 -19.3561 -34.253
47520 -19.3561 -34.253
47550 -19.3561 -34.253
47580 -19.3561 -34.253
47610 -19.3561 -34.253
47640 -19.3561 -34.253
47670 -19.3561 -34.253
47700 -19.3561 -34.253
47730 -19.3561 -34.253
47760 -19.3561 -34.253
47790 -19.3561 -34.253
47820 -19.3561 -34.253
47850 -19.3561 -34.253
47880 -19.3561 -34.253
47910 -19.3561 -34.253
47940 -19.3561 -34.253
47970 -19.3561 -34.253
48000 -19.3561 -34.253
48030 -19.3561 -34.253
48060 -19.3561 -34.253
48090 -19.3561 -34.253
48120 -19.3561 -34.253
48150 -19.3561 -34.253
48180 -19.3561 -34.253
48210 -19.3561 -34.253
48240 -19.3561 -34.253
48270 -19.3561 -34.253
48300 -19.3561 -34.253
48330 -19.3561 -34.253
48360 -19.3561 -34.253
48390 -19.3561 -34.253
48420 -19.3561 -34.253
48450 -19.3561 -34.253
48480 -19.3561 -34.253
48510 -19.3561 -34.253
48540 -19.3561 -34.253
48570 -19.3561 -34.253
48600 -19.3561 -34.253
48630 -19.3561 -34.253
48660 -19.3561 -34.253
48690 -19.3561 -34.253
48720 -19.3561 -34.253
48750 -19.3561 -34.253
48780 -19.3561 -34.253
48810 -19.3561 -34.253
48840 -19.3561 -34.253
48870 -19.3561 -34.253
48900 -19.3561 -34.253
48930 -19.3561 -34.253
48960 -19.3561 -34.253
48990 -19.3561 -34.253
49020 -19.3561 -34.253
49050 -19.3561 -34.253
49080 -19.3561 -34.253
49110 -19.3561 -34.253
49140 -19.3561 -34.253
49170 -19.3561 -34.253
49200 -19.3561 -34.253
49230 -19.3561 -34.253
49260 -19.3561 -34.253
49290 -19.3561 -34.253
49320 -19.3561 -34.253
49350 -19.3561 -34.253
49380 -19.3561 -34.253
49410 -19.3561 -34.253
49440 -19.3561 -34.253
49470 -19.3561 -34.253
49500 -19.3561 -34.253
49530 -19.3561 -34.253
49560 -19.3561 -34.253
49590 -19.3561 -34.253
49620 -19.3561 -34.253
49650 -19.3561 -34.253
49680 -19.3561 -34.253
49710 -19.3561 -34.253
49740 -19.3561 -34.253
49770 -19.3561 -34.253
49800 -19.3561 -34.253
49830 -19.3561 -34.253
49860 -19.3561 -34.253
49890 -19.3561 -34.253
49920 -19.3561 -34.253
49950 -19.3561 -34.253
49980 -19.3561 -34.253
50010 -19.3561 -34.253
50040 -19.3561 -34.253
50070 -19.3561 -34.253
50100 -19.3561 -34.253
50130 -19.3561 -34.253
50160 -19.3561 -34.253
50190 -19.3561 -34.253
50220 -19.3561 -34.253
50250 -19.3561 -34.253
50280 -5.26739 -19.4174
50310 22.4151 9.73251
50340 50.0976 38.8825
50370 62.4107 61.3313
50400 76.3396 85.45
50430 83.8373 92.7916
50460 80.173 93.4278
50490 177.625 265.365
50520 235.488 431.832
50550 -232.774 531.572
50580 -330.678 684.076
50610 -185.211 949.414
50640 -567.929 1153.74
50670 -1008.88 1376.8
50700 -1212.88 1542.22
50730 -1451.7 1636.11
50760 -1581.59 1721.68
50790 -1582.16 1655.65
50820 -1561.73 1639.86
50850 -1563.35 1640.78
50880 -1583.99 1655.96
50910 -1581.81 1690.78
50940 -1573.01 1721.79
50970 -1550.51 1729.21
51000 -1526.14 1729.85
51030 -1516 1728.38
50310 22.4151 9.73251
