0 -118.433 0.391858
30 -91.6275 38.5708
60 -80.8756 73.1081
90 -57.3493 68.1031
120 -44.6047 60.8675
150 -131.213 26.5819
180 -303.51 126.956
210 -357.393 -98.5498
240 -398.37 -229.67
270 -358.351 -122.483
300 -321.454 101.818
330 -509.125 250.006
360 -715.02 296.192
390 -1012.27 26.8597
420 -1260.16 -92.65
450 -1414.51 -143.121
480 -1522.41 -302.861
510 -1598.02 -331.544
540 -1593.31 -326.547
570 -1591 -330.81
600 -1589.9 -330.977
630 -1581.99 -338.211
660 -1380.46 -230.973
690 -1373.63 -223.435
720 -1379.52 -96.2567
750 -1336.66 -114.29
780 -1328.99 -119.049
810 -1318.49 -144.368
840 -1313.85 -149.649
870 -1313.32 -150.234
900 -1313.04 -150.799
930 -1312.76 -151.363
960 -1312.48 -151.928
990 -1312.2 -152.492
1020 -1311.92 -153.057
1050 -1311.64 -153.621
1080 -1310.91 -154.454
1110 -1310.1 -155.329
1140 -1309.4 -155.962
1170 -1310.09 -153.216
1200 -1310.78 -150.471
1230 -1311.49 -147.675
1260 -1311.92 -145.631
1290 -1311.14 -146.947
1320 -1310.37 -148.263
1350 -1309.59 -149.579
1380 -1308.82 -150.895
1410 -1308.05 -152.211
1440 -1307.27 -153.527
1470 -1306.94 -153.618
1500 -1306.99 -152.636
1530 -1312.69 -148.019
1560 -1312.69 -148.019
1590 -1312.69 -148.019
1620 -1312.69 -148.019
1650 -1312.69 -148.019
1680 -1312.69 -148.019
1710 -1312.69 -148.019
1740 -1312.69 -148.019
1770 -1312.69 -148.019
1800 -1312.69 -148.019
1830 -1312.69 -148.019
1860 -1312.69 -148.019
1890 -1312.69 -148.019
1920 -1312.99 -151.342
1950 -1313.34 -150.202
1980 -1313.7 -149.062
2010 -1314.05 -147.921
2040 -1313.91 -148.432
2070 -1313.86 -149.912
2100 -1313.18 -151.733
2130 -1312.32 -153.866
2160 -1311.24 -155.704
2190 -1311.22 -154.951
2220 -1311.69 -153.71
2250 -1312.07 -153.297
2280 -1312.68 -152.726
2310 -1313.1 -152.181
2340 -1312.55 -152.118
2370 -1311.58 -152.097
2400 -1310.61 -152.049
2430 -1310.93 -150.665
2460 -1311.36 -150.722
2490 -1311.76 -150.869
2520 -1312.77 -147.853
2550 -1314.06 -143.481
2580 -1318.36 -132.88
2610 -1315.07 -138.141
2640 -1311.12 -144.094
2670 -1310.23 -146.453
2700 -1310.46 -147.505
2730 -1311.13 -147.871
2760 -1312.33 -146.572
2790 -1312.68 -145.489
2820 -1312.62 -145.641
2850 -1311.65 -147.555
2880 -1311.21 -148.786
2910 -1312.65 -147.911
2940 -1314.07 -146.852
2970 -1315.49 -145.793
3000 -1317.74 -144.005
3030 -1316.99 -145.371
3060 -1314.7 -146.906
3090 -1311.72 -149.932
3120 -1315.25 -147.214
3150 -1312.78 -147.685
3180 -1313.57 -149.449
3210 -1313.99 -148.496
3240 -1314.15 -148.224
3270 -1314.2 -148.464
3300 -1315.03 -146.994
3330 -1315.06 -146.002
3360 -1315.16 -144.861
3390 -1314.3 -145.961
3420 -1313.15 -147.463
3450 -1312.57 -148.947
3480 -1311 -151.765
3510 -1310.43 -152.175
3540 -1308.4 -153.288
3570 -1311.62 -151.157
3600 -1316.88 -147.707
3630 -1313.28 -148.807
3660 -1311.25 -152.694
3690 -1311.92 -150.162
3720 -1311.39 -151.145
3750 -1301.29 -154.907
3780 -1299.19 -152.568
3810 -1306.18 -145.376
3840 -1309.55 -144.288
3870 -1308.38 -147.532
3900 -1308.63 -147.017
3930 -1309.23 -147.084
3960 -1309.55 -146.512
3990 -1309.88 -145.939
4020 -1310.21 -145.367
4050 -1310.53 -144.794
4080 -1310.86 -144.222
4110 -1310.24 -145.522
4140 -1309.86 -147.037
4170 -1309.54 -148.489
4200 -1309.22 -149.941
4230 -1308.9 -151.393
4260 -1308.58 -152.845
4290 -1308.18 -153.629
4320 -1307.71 -153.902
4350 -1307.25 -154.176
4380 -1306.78 -154.449
4410 -1306.31 -154.723
4440 -1305.85 -154.996
4470 -1305.38 -155.27
4500 -1304.91 -155.543
4530 -1305.48 -156.054
4560 -1307.48 -157.368
4590 -1309.76 -158.302
4620 -1315.85 -153.919
4650 -1315.85 -153.919
4680 -1315.85 -153.919
4710 -1315.85 -153.919
4740 -1315.85 -153.919
4770 -1315.85 -153.919
4800 -1315.85 -153.919
4830 -1315.85 -153.919
4860 -1315.85 -153.919
4890 -1315.85 -153.919
4920 -1315.85 -153.919
4950 -1306.08 -150.483
4980 -1306.7 -150.108
5010 -1307.69 -149.966
5040 -1308.69 -149.824
5070 -1309.68 -149.682
5100 -1310.68 -149.54
5130 -1311.67 -149.398
5160 -1313.78 -156.47
5190 -1313.64 -155.782
5220 -1313.31 -154.319
5250 -1312.97 -152.856
5280 -1312.63 -151.394
5310 -1312.26 -150.604
5340 -1312.06 -149.355
5370 -1311.09 -149.884
5400 -1310.4 -151.33
5430 -1310.19 -153.331
5460 -1310.44 -154.486
5490 -1310.67 -153.751
5520 -1310.97 -151.633
5550 -1311.27 -149.515
5580 -1312.67 -147.404
5610 -1314.4 -145.295
5640 -1316.14 -143.186
5670 -1317.87 -141.076
5700 -1316.33 -144.513
5730 -1313.74 -143.678
5760 -1310.75 -148.176
5790 -1306.95 -152.549
5820 -1310.01 -143.218
5850 -1311.35 -141.607
5880 -1313.19 -140.883
5910 -1314.26 -139.022
5940 -1313.77 -143.695
5970 -1315.81 -144.364
6000 -1314.61 -145.246
6030 -1312.83 -146.741
6060 -1315.14 -148.069
6090 -1325.91 -131.952
6120 -1337.13 -113.808
6150 -1338.91 -109.615
6180 -1326.13 -59.4108
6210 -1230.14 -126.683
6240 -965.739 47.2311
6270 -699.44 296.748
6300 -431.832 191.164
6330 -209.364 70.5855
6360 -43.7416 130.162
6390 122.48 273.141
6420 65.1127 112.352
6450 34.4868 27.1859
6480 74.8895 111.016
6510 51.5555 101.633
6540 46.3529 93.9929
6570 27.2634 72.6704
6600 8.62702 42.5493
6630 -11.7397 10.8675
6660 -12.9439 -6.75784
6690 -28.3879 -43.2699
6720 -39.9483 -32.1381
6750 -39.9483 -32.1381
6780 -39.9483 -32.1381
6810 -39.9483 -32.1381
6840 -39.9483 -32.1381
6870 -39.9483 -32.1381
6900 -39.9483 -32.1381
6930 -39.9483 -32.1381
6960 -39.9483 -32.1381
6990 -39.9483 -32.1381
7020 -39.9483 -32.1381
7050 -39.9483 -32.1381
7080 -39.9483 -32.1381
7110 -39.9483 -32.1381
7140 -39.9483 -32.1381
7170 -39.9483 -32.1381
7200 -39.9483 -32.1381
7230 -39.9483 -32.1381
7260 -39.9483 -32.1381
7290 -39.9483 -32.1381
7320 -39.9483 -32.1381
7350 -39.9483 -32.1381
7380 -39.9483 -32.1381
7410 -39.9483 -32.1381
7440 -39.9483 -32.1381
7470 -39.9483 -32.1381
7500 -39.9483 -32.1381
7530 -39.9483 -32.1381
7560 -39.9483 -32.1381
7590 -39.9483 -32.1381
7620 -39.9483 -32.1381
7650 -39.9483 -32.1381
7680 -39.9483 -32.1381
7710 -39.9483 -32.1381
7740 -39.9483 -32.1381
7770 -39.9483 -32.1381
7800 -39.9483 -32.1381
7830 -39.9483 -32.1381
7860 -39.9483 -32.1381
7890 -39.9483 -32.1381
7920 -39.9483 -32.1381
7950 -39.9483 -32.1381
7980 -39.9483 -32.1381
8010 -39.9483 -32.1381
8040 -39.9483 -32.1381
8070 -39.9483 -32.1381
8100 -39.9483 -32.1381
8130 -39.9483 -32.1381
8160 -39.9483 -32.1381
8190 -39.9483 -32.1381
8220 -39.9483 -32.1381
8250 -39.9483 -32.1381
8280 -39.9483 -32.1381
8310 -39.9483 -32.1381
8340 -39.9483 -32.1381
8370 -39.9483 -32.1381
8400 -39.9483 -32.1381
8430 -39.9483 -32.1381
8460 -39.9483 -32.1381
8490 -39.9483 -32.1381
8520 -39.9483 -32.1381
8550 -39.9483 -32.1381
8580 -39.9483 -32.1381
8610 -39.9483 -32.1381
8640 -39.9483 -32.1381
8670 -39.9483 -32.1381
8700 -39.9483 -32.1381
8730 -39.9483 -32.1381
8760 -39.9483 -32.1381
8790 -39.9483 -32.1381
8820 -39.9483 -32.1381
8850 -39.9483 -32.1381
8880 -39.9483 -32.1381
8910 -39.9483 -32.1381
8940 -39.9483 -32.1381
8970 -39.9483 -32.1381
9000 -39.9483 -32.1381
9030 -39.9483 -32.1381
9060 -39.9483 -32.1381
9090 -39.9483 -32.1381
9120 -39.9483 -32.1381
9150 -39.9483 -32.1381
9180 -39.9483 -32.1381
9210 -39.9483 -32.1381
9240 -39.9483 -32.1381
9270 -39.9483 -32.1381
9300 -39.9483 -32.1381
9330 -39.9483 -32.1381
9360 -39.9483 -32.1381
9390 -39.9483 -32.1381
9420 -39.9483 -32.1381
9450 -39.9483 -32.1381
9480 -39.9483 -32.1381
9510 -39.9483 -32.1381
9540 -39.9483 -32.1381
9570 -39.9483 -32.1381
9600 -39.9483 -32.1381
9630 -39.9483 -32.1381
9660 -39.9483 -32.1381
9690 -39.9483 -32.1381
9720 -39.9483 -32.1381
9750 -39.9483 -32.1381
9780 -39.9483 -32.1381
9810 -39.9483 -32.1381
9840 -39.9483 -32.1381
9870 -39.9483 -32.1381
9900 -39.9483 -32.1381
9930 -39.9483 -32.1381
9960 -39.9483 -32.1381
9990 -39.9483 -32.1381
10020 -39.9483 -32.1381
10050 -39.9483 -32.1381
10080 -39.9483 -32.1381
10110 -39.9483 -32.1381
10140 -39.9483 -32.1381
10170 -39.9483 -32.1381
10200 -39.9483 -32.1381
10230 -39.9483 -32.1381
10260 -39.9483 -32.1381
10290 -39.9483 -32.1381
10320 -39.9483 -32.1381
10350 -39.9483 -32.1381
10380 -39.9483 -32.1381
10410 -39.9483 -32.1381
10440 -39.9483 -32.1381
10470 -39.9483 -32.1381
10500 -39.9483 -32.1381
10530 -39.9483 -32.1381
10560 -39.9483 -32.1381
10590 -39.9483 -32.1381
10620 -39.9483 -32.1381
10650 -39.9483 -32.1381
10680 -39.9483 -32.1381
10710 -39.9483 -32.1381
10740 -39.9483 -32.1381
10770 -39.9483 -32.1381
10800 -39.9483 -32.1381
10830 -39.9483 -32.1381
10860 -39.9483 -32.1381
10890 -39.9483 -32.1381
10920 -39.9483 -32.1381
10950 -39.9483 -32.1381
10980 -39.9483 -32.1381
11010 -39.9483 -32.1381
11040 -39.9483 -32.1381
11070 -39.9483 -32.1381
11100 -39.9483 -32.1381
11130 -39.9483 -32.1381
11160 -39.9483 -32.1381
11190 -39.9483 -32.1381
11220 -39.9483 -32.1381
11250 -39.9483 -32.1381
11280 -39.9483 -32.1381
11310 -39.9483 -32.1381
11340 -39.9483 -32.1381
11370 -39.9483 -32.1381
11400 -39.9483 -32.1381
11430 -39.9483 -32.1381
11460 -39.9483 -32.1381
11490 -39.9483 -32.1381
11520 -39.9483 -32.1381
11550 -39.9483 -32.1381
11580 -39.9483 -32.1381
11610 -39.9483 -32.1381
11640 -39.9483 -32.1381
11670 -39.9483 -32.1381
11700 -39.9483 -32.1381
11730 -39.9483 -32.1381
11760 -39.9483 -32.1381
11790 -39.9483 -32.1381
11820 -39.9483 -32.1381
11850 -39.9483 -32.1381
11880 -39.9483 -32.1381
11910 -39.9483 -32.1381
11940 -39.9483 -32.1381
11970 -39.9483 -32.1381
12000 -39.9483 -32.1381
12030 -39.9483 -32.1381
12060 -39.9483 -32.1381
12090 -39.9483 -32.1381
12120 -39.9483 -32.1381
12150 -39.9483 -32.1381
12180 -39.9483 -32.1381
12210 -39.9483 -32.1381
12240 -39.9483 -32.1381
12270 -39.9483 -32.1381
12300 -39.9483 -32.1381
12330 -39.9483 -32.1381
12360 -39.9483 -32.1381
12390 -39.9483 -32.1381
12420 -39.9483 -32.1381
12450 -39.9483 -32.1381
12480 -39.9483 -32.1381
12510 -39.9483 -32.1381
12540 -39.9483 -32.1381
12570 -39.9483 -32.1381
12600 -39.9483 -32.1381
12630 -39.9483 -32.1381
12660 -39.9483 -32.1381
12690 -39.9483 -32.1381
12720 -39.9483 -32.1381
12750 -39.9483 -32.1381
12780 -39.9483 -32.1381
12810 -39.9483 -32.1381
12840 -39.9483 -32.1381
12870 -39.9483 -32.1381
12900 -39.9483 -32.1381
12930 -39.9483 -32.1381
12960 -39.9483 -32.1381
12990 -39.9483 -32.1381
13020 -39.9483 -32.1381
13050 -39.9483 -32.1381
13080 -39.9483 -32.1381
13110 -39.9483 -32.1381
13140 -39.9483 -32.1381
13170 -39.9483 -32.1381
13200 -39.9483 -32.1381
13230 -39.9483 -32.1381
13260 -39.9483 -32.1381
13290 -39.9483 -32.1381
13320 -39.9483 -32.1381
13350 -39.9483 -32.1381
13380 -39.9483 -32.1381
13410 -39.9483 -32.1381
13440 -39.9483 -32.1381
13470 -39.9483 -32.1381
13500 -39.9483 -32.1381
13530 -39.9483 -32.1381
13560 -39.9483 -32.1381
13590 -39.9483 -32.1381
13620 -39.9483 -32.1381
13650 -39.9483 -32.1381
13680 -39.9483 -32.1381
13710 -39.9483 -32.1381
13740 -39.9483 -32.1381
13770 -39.9483 -32.1381
13800 -39.9483 -32.1381
13830 -39.9483 -32.1381
13860 -39.9483 -32.1381
13890 -39.9483 -32.1381
13920 -39.9483 -32.1381
13950 -39.9483 -32.1381
13980 -39.9483 -32.1381
14010 -39.9483 -32.1381
14040 -39.9483 -32.1381
14070 -39.9483 -32.1381
14100 -39.9483 -32.1381
14130 -39.9483 -32.1381
14160 -39.9483 -32.1381
14190 -39.9483 -32.1381
14220 -39.9483 -32.1381
14250 -39.9483 -32.1381
14280 -39.9483 -32.1381
14310 -39.9483 -32.1381
14340 -39.9483 -32.1381
14370 -39.9483 -32.1381
14400 -39.9483 -32.1381
14430 -39.9483 -32.1381
14460 -39.9483 -32.1381
14490 -39.9483 -32.1381
14520 -39.9483 -32.1381
14550 -39.9483 -32.1381
14580 -39.9483 -32.1381
14610 -39.9483 -32.1381
14640 -39.9483 -32.1381
14670 -39.9483 -32.1381
14700 -39.9483 -32.1381
14730 -39.9483 -32.1381
14760 -39.9483 -32.1381
14790 -39.9483 -32.1381
14820 -39.9483 -32.1381
14850 -39.9483 -32.1381
14880 -39.9483 -32.1381
14910 -39.9483 -32.1381
14940 -39.9483 -32.1381
14970 -39.9483 -32.1381
15000 -39.9483 -32.1381
15030 -39.9483 -32.1381
15060 -39.9483 -32.1381
15090 -39.9483 -32.1381
15120 -39.9483 -32.1381
15150 -39.9483 -32.1381
15180 -39.9483 -32.1381
15210 -39.9483 -32.1381
15240 -39.9483 -32.1381
15270 -39.9483 -32.1381
15300 -39.9483 -32.1381
15330 -39.9483 -32.1381
15360 -39.9483 -32.1381
15390 -39.9483 -32.1381
15420 -39.9483 -32.1381
15450 -39.9483 -32.1381
15480 -39.9483 -32.1381
15510 -39.9483 -32.1381
15540 -39.9483 -32.1381
15570 -39.9483 -32.1381
15600 -39.9483 -32.1381
15630 -39.9483 -32.1381
15660 -39.9483 -32.1381
15690 -39.9483 -32.1381
15720 -39.9483 -32.1381
15750 -39.9483 -32.1381
15780 -39.9483 -32.1381
15810 -39.9483 -32.1381
15840 -39.9483 -32.1381
15870 -39.9483 -32.1381
15900 -39.9483 -32.1381
15930 -39.9483 -32.1381
15960 -39.9483 -32.1381
15990 -39.9483 -32.1381
16020 -39.9483 -32.1381
16050 -39.9483 -32.1381
16080 -39.9483 -32.1381
16110 -39.9483 -32.1381
16140 -39.9483 -32.1381
16170 -39.9483 -32.1381
16200 -39.9483 -32.1381
16230 -39.9483 -32.1381
16260 -39.9483 -32.1381
16290 -39.9483 -32.1381
16320 -39.9483 -32.1381
16350 -39.9483 -32.1381
16380 -39.9483 -32.1381
16410 -39.9483 -32.1381
16440 -35.6111 -25.3628
16470 -13.9375 8.49422
16500 4.3073 33.6505
16530 17.0418 53.0197
16560 29.7809 76.6745
16590 50.9907 100.082
16620 51.5039 97.0217
16650 37.0198 31.8249
16680 154.744 231.183
16710 253.671 407.008
16740 -86.0699 531.275
16770 -422.62 526.229
16800 -276.171 778.529
16830 -179.53 918.346
16860 -406.825 1064.26
16890 -573.087 1152.72
16920 -838.275 1292.54
16950 -1200.91 1422.24
16980 -1192.13 1751.8
17010 -1171.74 1846.82
17040 -1262.22 1845.11
