0 -1305.92 1861.81
30 -1251.84 1859.58
60 -1220.03 1678.75
90 -1221.9 1474.32
120 -1219.24 1430.22
150 -1216.73 1431.73
180 -1216.5 1431.41
210 -1216.27 1431.1
240 -1211.84 1425.56
270 -786.303 1248.62
300 -365.527 1024.23
330 -229.749 852.109
360 -427.28 551.008
390 -339.529 501.59
420 83.3341 468.678
450 190.675 310.385
480 41.9304 281.601
510 -58.4304 137.175
540 -59.547 51.4613
570 -39.2108 68.0475
600 -40.6106 74.6152
630 -56.7783 82.7995
660 -64.0814 102.704
690 -71.3845 122.608
720 -78.6876 142.513
750 -85.9906 162.417
780 -52.3216 69.9827
810 -38.7923 103.914
840 -56.5665 98.437
870 -82.0158 69.3586
900 -105.289 28.1363
930 -96.5994 -12.6849
960 -68.0367 -36.9247
990 -28.5555 -49.9646
1020 -31.3983 -40.0046
1050 -33.0842 -37.4813
1080 -33.0842 -37.4813
1110 -33.0842 -37.4813
1140 -33.0842 -37.4813
1170 -33.0842 -37.4813
1200 -33.0842 -37.4813
1230 -33.0842 -37.4813
1260 -33.0842 -37.4813
1290 -33.0842 -37.4813
1320 -33.0842 -37.4813
1350 -33.0842 -37.4813
1380 -33.0842 -37.4813
1410 -33.0842 -37.4813
1440 -33.0842 -37.4813
1470 -33.0842 -37.4813
1500 -33.0842 -37.4813
1530 -33.0842 -37.4813
1560 -33.0842 -37.4813
1590 -33.0842 -37.4813
1620 -33.0842 -37.4813
1650 -33.0842 -37.4813
1680 -33.0842 -37.4813
1710 -33.0842 -37.4813
1740 -33.0842 -37.4813
1770 -33.0842 -37.4813
1800 -33.0842 -37.4813
1830 -33.0842 -37.4813
1860 -33.0842 -37.4813
1890 -33.0842 -37.4813
1920 -33.0842 -37.4813
1950 -33.0842 -37.4813
1980 -33.0842 -37.4813
2010 -33.0842 -37.4813
2040 -33.0842 -37.4813
2070 -33.0842 -37.4813
2100 -33.0842 -37.4813
2130 -33.0842 -37.4813
2160 -33.0842 -37.4813
2190 -33.0842 -37.4813
2220 -33.0842 -37.4813
2250 -33.0842 -37.4813
2280 -33.0842 -37.4813
2310 -33.0842 -37.4813
2340 -33.0842 -37.4813
2370 -33.0842 -37.4813
2400 -33.0842 -37.4813
2430 -33.0842 -37.4813
2460 -33.0842 -37.4813
2490 -33.0842 -37.4813
2520 -33.0842 -37.4813
2550 -33.0842 -37.4813
2580 -33.0842 -37.4813
2610 -33.0842 -37.4813
2640 -33.0842 -37.4813
2670 -33.0842 -37.4813
2700 -33.0842 -37.4813
2730 -33.0842 -37.4813
2760 -33.0842 -37.4813
2790 -33.0842 -37.4813
2820 -33.0842 -37.4813
2850 -33.0842 -37.4813
2880 -33.0842 -37.4813
2910 -33.0842 -37.4813
2940 -33.0842 -37.4813
2970 -33.0842 -37.4813
3000 -33.0842 -37.4813
3030 -33.0842 -37.4813
3060 -33.0842 -37.4813
3090 -33.0842 -37.4813
3120 -33.0842 -37.4813
3150 -33.0842 -37.4813
3180 -33.0842 -37.4813
3210 -33.0842 -37.4813
3240 -33.0842 -37.4813
3270 -33.0842 -37.4813
3300 -33.0842 -37.4813
3330 -33.0842 -37.4813
3360 -33.0842 -37.4813
3390 -33.0842 -37.4813
3420 -33.0842 -37.4813
3450 -33.0842 -37.4813
3480 -33.0842 -37.4813
3510 -33.0842 -37.4813
3540 -33.0842 -37.4813
3570 -33.0842 -37.4813
3600 -33.0842 -37.4813
3630 -33.0842 -37.4813
3660 -33.0842 -37.4813
3690 -33.0842 -37.4813
3720 -33.0842 -37.4813
3750 -33.0842 -37.4813
3780 -33.0842 -37.4813
3810 -33.0842 -37.4813
3840 -33.0842 -37.4813
3870 -33.0842 -37.4813
3900 -33.0842 -37.4813
3930 -33.0842 -37.4813
3960 -33.0842 -37.4813
3990 -33.0842 -37.4813
4020 -33.0842 -37.4813
4050 -33.0842 -37.4813
4080 -33.0842 -37.4813
4110 -33.0842 -37.4813
4140 -33.0842 -37.4813
4170 -33.0842 -37.4813
4200 -33.0842 -37.4813
4230 -33.0842 -37.4813
4260 -33.0842 -37.4813
4290 -33.0842 -37.4813
4320 -33.0842 -37.4813
4350 -33.0842 -37.4813
4380 -33.0842 -37.4813
4410 -33.0842 -37.4813
4440 -33.0842 -37.4813
4470 -33.0842 -37.4813
4500 -33.0842 -37.4813
4530 -33.0842 -37.4813
4560 -33.0842 -37.4813
4590 -33.0842 -37.4813
4620 -33.0842 -37.4813
4650 -33.0842 -37.4813
4680 -33.0842 -37.4813
4710 -33.0842 -37.4813
4740 -33.0842 -37.4813
4770 -33.0842 -37.4813
4800 -33.0842 -37.4813
4830 -33.0842 -37.4813
4860 -33.0842 -37.4813
4890 -33.0842 -37.4813
4920 -33.0842 -37.4813
4950 -33.0842 -37.4813
4980 -33.0842 -37.4813
5010 -33.0842 -37.4813
5040 -33.0842 -37.4813
5070 -33.0842 -37.4813
5100 -33.0842 -37.4813
5130 -33.0842 -37.4813
5160 -33.0842 -37.4813
5190 -33.0842 -37.4813
5220 -33.0842 -37.4813
5250 -33.0842 -37.4813
5280 -33.0842 -37.4813
5310 -33.0842 -37.4813
5340 -33.0842 -37.4813
5370 -33.0842 -37.4813
5400 -33.0842 -37.4813
5430 -33.0842 -37.4813
5460 -33.0842 -37.4813
5490 -33.0842 -37.4813
5520 -33.0842 -37.4813
5550 -33.0842 -37.4813
5580 -33.0842 -37.4813
5610 -33.0842 -37.4813
5640 -33.0842 -37.4813
5670 -33.0842 -37.4813
5700 -33.0842 -37.4813
5730 -33.0842 -37.4813
5760 -19.8707 -10.0738
5790 -2.41282 26.1376
5820 15.0451 62.349
5850 32.5029 98.5603
5880 49.9608 134.772
5910 67.4187 170.983
5940 84.8766 207.194
5970 102.334 243.406
6000 119.792 279.617
6030 137.25 315.828
6060 154.708 352.04
6090 172.166 388.251
6120 189.624 424.463
6150 207.082 460.674
6180 224.54 496.885
6210 241.998 533.097
6240 259.455 569.308
6270 276.913 605.519
6300 294.371 641.731
6330 311.829 677.942
6360 329.287 714.153
6390 346.745 750.365
6420 364.203 786.576
6450 381.661 822.787
6480 399.118 858.999
6510 416.576 895.21
6540 434.034 931.422
6570 451.492 967.633
6600 468.95 1003.84
6630 486.408 1040.06
6660 503.866 1076.27
6690 521.324 1112.48
6720 538.781 1148.69
6750 548.086 1138.25
6780 563.966 1115.06
6810 560.495 1084.6
6840 587.03 1067.9
6870 612.42 1054.32
6900 627.944 1057.21
6930 627.944 1057.21
6960 627.944 1057.21
6990 627.944 1057.21
7020 627.944 1057.21
7050 627.944 1057.21
7080 627.944 1057.21
7110 627.944 1057.21
7140 627.944 1057.21
7170 627.944 1057.21
7200 627.944 1057.21
7230 626.869 1078.17
7260 628.696 1071.13
7290 633.152 1081.6
7320 626.372 1092.08
7350 614.224 1106.87
7380 636.716 1088.02
7410 634.295 1082.07
7440 620.568 1086.78
7470 612.529 1089.41
7500 613.222 1091.83
7530 614.516 1087.16
7560 610.183 1076.17
7590 604.431 1089.16
7620 616.89 1081.37
7650 626.182 1116.63
7680 623.066 1096.73
7710 634.288 1092.71
7740 626.793 1077.85
7770 611.034 1064.99
7800 635.337 1079.92
7830 631.195 1067.79
7860 627.763 1067.79
7890 621.265 1082.98
7920 609.9 1091.98
7950 618.009 1093.1
7980 622.331 1089.13
8010 621.23 1092.57
8040 638.736 1093.72
8070 627.492 1092.5
8100 619.336 1098.8
8130 618.551 1098.18
8160 613.643 1096.82
8190 623.707 1093.8
8220 633.769 1084.65
8250 629.084 1083.39
8280 631.541 1094.42
8310 631.679 1081.33
8340 673.307 1043.38
8370 682.224 1031.72
8400 655.044 1047.11
8430 618.59 1068.18
8460 598.576 1085.4
8490 618.912 1074.35
8520 633.255 1077.8
8550 625.848 1091.81
8580 607.25 1115.37
8610 603.377 1111.31
8640 616.293 1089.83
8670 597.416 1097.4
8700 615.889 1097.78
8730 622.976 1077.11
8760 627.04 1067.73
8790 618.099 1053.35
8820 625.076 1055.93
8850 630.141 1054.65
8880 630.773 1067.32
8910 624.63 1090.47
8940 621.587 1082.41
8970 618.352 1072.75
9000 619.815 1081.5
9030 613.048 1087.13
9060 623.112 1084.93
9090 632.775 1097.9
9120 627.074 1098.49
9150 635.405 1096.34
9180 643.735 1094.2
9210 639.945 1064.11
9240 624.933 1070.64
9270 626.916 1076.7
9300 617.636 1085.74
9330 622.724 1075.77
9360 628.432 1076.98
9390 629.87 1076.47
9420 622.26 1080.2
9450 616.667 1084.47
9480 615.191 1086.85
9510 617.508 1085.48
9540 625.977 1080.86
9570 615.322 1089.16
9600 615.254 1087.1
9630 642.358 1066.56
9660 634.315 1072.5
9690 623.759 1080.81
9720 630.051 1075.97
9750 642.605 1063.89
9780 638.33 1064.78
9810 628.144 1071.35
9840 627.831 1075.24
9870 623.251 1080.2
9900 615.833 1094.67
9930 631.919 1082.91
9960 634.968 1077.14
9990 628.034 1078.47
10020 635.349 1074.04
10050 631.511 1080.14
10080 628.138 1080.51
10110 629.569 1082.7
10140 627.198 1079.97
10170 630.337 1080.25
10200 627.898 1080.31
10230 619.905 1079.03
10260 623.133 1082.23
10290 621.816 1082.18
10320 621.031 1082.19
10350 623.198 1082.72
10380 626.141 1083.72
10410 629.084 1084.73
10440 625.415 1081.59
10470 626.137 1084.08
10500 623.97 1082.37
10530 624.126 1078.79
10560 619.905 1081.26
10590 612.319 1076.02
10620 627.07 1082.73
10650 628.325 1083.64
10680 624.451 1082.89
10710 623.507 1079.93
10740 625.926 1088.71
10770 631.748 1083.83
10800 624.577 1079.61
10830 629.272 1079.14
10860 631.376 1089.92
10890 611.352 1093.26
10920 612.302 1080.27
10950 615.39 1083.48
10980 616.22 1078.56
11010 624.263 1080.98
11040 618.28 1081.37
11070 624.782 1079.47
11100 623.002 1088.49
11130 618.46 1085.15
11160 624.782 1091.55
11190 627.483 1093.88
11220 629.483 1094.04
11250 635.771 1096.91
11280 641.943 1094.73
11310 622.705 1087.43
11340 628.883 1089.8
11370 647.091 1109.79
11400 643.608 1071.82
11430 624.421 1085.6
11460 616.564 1075.77
11490 625.234 1088.6
11520 619.473 1080.93
11550 597 1056.78
11580 567.251 1036.95
11610 605.093 1073.66
11640 618.952 1082.23
11670 636.614 1086.75
11700 616.525 1085.01
11730 628.16 1090.28
11760 632.713 1097.39
11790 635.304 1100.07
11820 655.4 1103.78
11850 653.183 1104.03
11880 638.426 1098.41
11910 624.846 1092.53
11940 621.567 1086.06
11970 620.321 1083.21
12000 608.327 1074.26
12030 587.373 1064.39
12060 603.992 1080.45
12090 604.606 1079.76
12120 606.698 1078.19
12150 594.707 1074.08
12180 567.883 1063.11
12210 600.307 1077.25
12240 614.667 1087.82
12270 611.06 1074.1
12300 615.435 1070.68
12330 621.712 1073.46
12360 607.478 1065.34
12390 608.295 1069.72
12420 597.825 1067.74
12450 587.355 1065.76
12480 557.645 1050.59
12510 562.427 1049.43
12540 567.208 1048.27
12570 571.99 1047.1
12600 576.771 1045.94
12630 581.553 1044.78
12660 586.334 1043.62
12690 614.28 1073.14
12720 610.803 1073.53
12750 608.022 1074.16
12780 610.984 1067.48
12810 614.698 1063.53
12840 623.048 1087.78
12870 625.162 1087.52
12900 629.66 1090.72
12930 629.66 1090.72
12960 629.66 1090.72
12990 629.66 1090.72
13020 629.66 1090.72
13050 629.66 1090.72
13080 629.66 1090.72
13110 629.66 1090.72
13140 629.66 1090.72
13170 629.66 1090.72
13200 629.66 1090.72
13230 629.66 1090.72
13260 629.66 1090.72
13290 629.66 1090.72
13320 629.66 1090.72
13350 629.66 1090.72
13380 629.66 1090.72
13410 629.66 1090.72
13440 629.66 1090.72
13470 629.66 1090.72
13500 629.66 1090.72
13530 629.66 1090.72
13560 597.024 1099.48
13590 598.274 1063.44
13620 570.61 1074.65
13650 566.594 1104.58
13680 575.408 1127.82
13710 580.249 1159.43
13740 594.526 1201.26
13770 587.17 1226.38
13800 551.295 1243.52
13830 516.944 1261.03
13860 486.458 1271.56
13890 458.808 1274.78
13920 428.725 1285.91
13950 396.968 1303.6
13980 383.652 1328.12
14010 387.645 1358.75
14040 385.496 1383.24
14070 352.658 1394.78
14100 324.439 1402.6
14130 294.668 1424.29
14160 267.128 1442.02
14190 272.476 1477.01
14220 274.154 1510.52
14250 270.651 1541
14280 259.722 1519.4
14310 165.974 1494.8
14340 165.974 1494.8
14370 165.974 1494.8
14400 165.974 1494.8
14430 165.974 1494.8
14460 165.974 1494.8
14490 165.974 1494.8
14520 165.974 1494.8
14550 165.974 1494.8
14580 165.974 1494.8
14610 165.974 1494.8
14640 165.974 1494.8
14670 165.974 1494.8
14700 165.974 1494.8
14730 165.974 1494.8
14760 165.974 1494.8
14790 165.974 1494.8
14820 165.974 1494.8
14850 165.974 1494.8
14880 165.974 1494.8
14910 165.974 1494.8
14940 165.974 1494.8
14970 165.974 1494.8
15000 165.974 1494.8
15030 165.974 1494.8
15060 165.974 1494.8
15090 165.974 1494.8
15120 165.974 1494.8
15150 165.974 1494.8
15180 165.974 1494.8
15210 165.974 1494.8
15240 165.974 1494.8
15270 165.974 1494.8
15300 165.974 1494.8
15330 165.974 1494.8
15360 165.974 1494.8
15390 165.974 1494.8
15420 165.974 1494.8
15450 165.974 1494.8
15480 165.974 1494.8
15510 165.974 1494.8
15540 165.974 1494.8
15570 165.974 1494.8
15600 165.974 1494.8
15630 165.974 1494.8
15660 165.974 1494.8
15690 165.974 1494.8
15720 165.974 1494.8
15750 165.974 1494.8
15780 165.974 1494.8
15810 165.974 1494.8
15840 165.974 1494.8
15870 165.974 1494.8
15900 165.974 1494.8
15930 165.974 1494.8
15960 165.974 1494.8
15990 165.974 1494.8
16020 165.974 1494.8
16050 165.974 1494.8
16080 165.974 1494.8
16110 165.974 1494.8
16140 165.974 1494.8
16170 165.974 1494.8
16200 165.974 1494.8
16230 165.974 1494.8
16260 165.974 1494.8
16290 165.974 1494.8
16320 165.974 1494.8
16350 165.974 1494.8
16380 165.974 1494.8
16410 165.974 1494.8
16440 165.974 1494.8
16470 165.974 1494.8
16500 165.974 1494.8
16530 165.974 1494.8
16560 165.974 1494.8
16590 165.974 1494.8
16620 165.974 1494.8
16650 165.974 1494.8
16680 165.974 1494.8
16710 165.974 1494.8
16740 165.974 1494.8
16770 165.974 1494.8
16800 165.974 1494.8
16830 165.974 1494.8
16860 165.974 1494.8
16890 165.974 1494.8
16920 165.974 1494.8
16950 165.974 1494.8
16980 165.974 1494.8
17010 165.974 1494.8
17040 165.974 1494.8
17070 165.974 1494.8
17100 165.974 1494.8
17130 165.974 1494.8
17160 165.974 1494.8
17190 165.974 1494.8
17220 165.974 1494.8
17250 165.974 1494.8
17280 165.974 1494.8
17310 165.974 1494.8
17340 165.974 1494.8
17370 165.974 1494.8
17400 165.974 1494.8
17430 165.974 1494.8
17460 165.974 1494.8
17490 165.974 1494.8
17520 165.974 1494.8
17550 165.974 1494.8
17580 165.974 1494.8
17610 165.974 1494.8
17640 165.974 1494.8
17670 165.974 1494.8
17700 165.974 1494.8
17730 165.974 1494.8
17760 165.974 1494.8
17790 165.974 1494.8
17820 165.974 1494.8
17850 165.974 1494.8
17880 165.974 1494.8
17910 165.974 1494.8
17940 165.974 1494.8
17970 165.974 1494.8
18000 165.974 1494.8
18030 165.974 1494.8
18060 165.974 1494.8
18090 165.974 1494.8
18120 165.974 1494.8
18150 165.974 1494.8
18180 165.974 1494.8
18210 165.974 1494.8
18240 165.974 1494.8
18270 165.974 1494.8
18300 165.974 1494.8
18330 165.974 1494.8
18360 165.974 1494.8
18390 165.974 1494.8
18420 165.974 1494.8
18450 165.974 1494.8
18480 165.974 1494.8
18510 165.974 1494.8
18540 165.974 1494.8
18570 165.974 1494.8
18600 165.974 1494.8
18630 165.974 1494.8
18660 165.974 1494.8
18690 165.974 1494.8
18720 165.974 1494.8
18750 165.974 1494.8
18780 165.974 1494.8
18810 165.974 1494.8
18840 165.974 1494.8
18870 165.974 1494.8
18900 165.974 1494.8
18930 165.974 1494.8
18960 165.974 1494.8
18990 165.974 1494.8
19020 165.974 1494.8
19050 165.974 1494.8
19080 165.974 1494.8
19110 165.974 1494.8
19140 165.974 1494.8
19170 165.974 1494.8
19200 165.974 1494.8
19230 165.974 1494.8
19260 165.974 1494.8
19290 165.974 1494.8
19320 165.974 1494.8
19350 165.974 1494.8
19380 165.974 1494.8
19410 165.974 1494.8
19440 165.974 1494.8
19470 165.974 1494.8
19500 165.974 1494.8
19530 165.974 1494.8
19560 165.974 1494.8
19590 165.974 1494.8
19620 165.974 1494.8
19650 165.974 1494.8
19680 165.974 1494.8
19710 165.974 1494.8
19740 165.974 1494.8
19770 165.974 1494.8
19800 165.974 1494.8
19830 165.974 1494.8
19860 165.974 1494.8
19890 165.974 1494.8
19920 165.974 1494.8
19950 202.537 1486.91
19980 241.833 1478.43
20010 281.129 1469.95
20040 320.425 1461.48
20070 359.72 1453
20100 399.016 1444.52
20130 438.312 1436.04
20160 477.608 1427.56
20190 286.374 1525.54
20220 146.104 1576.39
20250 273.324 1482.29
20280 266.587 1478.77
20310 258.886 1421.52
20340 290.74 1406.76
20370 319.912 1388.28
20400 355.187 1380.14
20430 392.336 1391.64
20460 379.074 1352.97
20490 385.492 1322.28
20520 402.552 1292.77
20550 432.408 1270.44
20580 469.783 1266.57
20610 481.974 1283.34
20640 485.921 1251.79
20670 505.012 1227.8
20700 535.065 1212.76
20730 568.425 1197.47
20760 556.557 1175.14
20790 556.26 1171.9
20820 556.373 1169.65
20850 553.462 1173.12
20880 514.983 1166.73
20910 461.678 1171.82
20940 515.138 1174.76
20970 411.635 1141.14
21000 230.46 1155.84
21030 -93.8974 1004
21060 -159.347 960.254
21090 -407.808 583.334
21120 -548.431 428.381
21150 -606.304 302.432
21180 -309.242 132.686
21210 -356.002 -104.071
21240 -398.234 -226.09
21270 -376.558 -224.049
21300 -461.237 -88.3055
21330 -704.55 -125.565
21360 -735.477 -219.485
21390 -741.184 -216.154
21420 -742.33 -215.383
21450 -743.477 -214.612
21480 -744.466 -214.042
21510 -743.479 -215.737
21540 -741.951 -218.113
21570 -741.049 -220.253
21600 -740.052 -221.05
21630 -740.641 -220.004
21660 -741.23 -218.959
21690 -741.819 -217.914
21720 -742.408 -216.868
21750 -742.997 -215.823
21780 -743.586 -214.777
21810 -744.175 -213.732
21840 -732.045 -175.642
21870 -644.18 -72.5144
21900 -358.242 -100.375
21930 -309.002 121.294
21960 -133.742 19.2351
21990 -89.9837 93.7617
22020 -91.6138 92.5815
22050 -93.4946 91.2198
22080 -95.3755 89.8581
22110 -97.2563 88.4963
22140 -99.1372 87.1346
22170 -101.018 85.7729
22200 -102.899 84.4111
22230 -93.4699 49.8138
22260 -106.451 11.6461
22290 -106.13 -18.2666
22320 -86.6871 -40.153
22350 -64.1531 -64.3087
22380 -49.1305 -66.842
22410 -45.9831 -64.3796
22440 -36.9377 -75.861
22470 -39.3161 -72.3144
22500 -18.5435 -55.3079
22260 -106.451 11.6461
