0 -50.3348 -33.8079
30 -58.4447 -12.833
60 -66.5546 8.14196
90 -74.6645 29.1169
120 -82.7744 50.0918
150 -87.0574 72.1885
180 -60.992 121.68
210 -39.7316 158.571
240 -33.4275 189.361
270 -46.9388 243.706
300 -236.73 104.804
330 -538.261 236.203
360 -657.263 333.182
390 -974.057 39.2606
420 -1282.87 -77.3328
450 -1392.31 6.33328
480 -1386.91 28.5746
510 -1391.32 -6.2456
540 -1282.8 -77.5554
570 -1229.18 -135.685
600 -902.057 98.6819
630 -612.104 373.947
660 -448.541 507.572
690 -408.278 567.371
720 -91.3925 899.675
750 501.735 751.289
780 606.611 979.49
810 728.918 1158.89
840 573.175 1238.81
870 440.807 1188.52
900 448.773 1181.08
930 453.452 1152.05
960 453.452 1152.05
990 453.452 1152.05
1020 453.452 1152.05
1050 453.452 1152.05
1080 453.452 1152.05
1110 453.452 1152.05
1140 453.452 1152.05
1170 453.452 1152.05
1200 453.452 1152.05
1230 453.452 1152.05
1260 453.452 1152.05
1290 453.452 1152.05
1320 453.452 1152.05
1350 453.452 1152.05
1380 453.452 1152.05
1410 453.452 1152.05
1440 453.452 1152.05
1470 453.452 1152.05
1500 453.452 1152.05
1530 453.452 1152.05
1560 453.452 1152.05
1590 453.452 1152.05
1620 453.452 1152.05
1650 453.452 1152.05
1680 453.452 1152.05
1710 453.452 1152.05
1740 453.452 1152.05
1770 453.452 1152.05
1800 453.452 1152.05
1830 453.452 1152.05
1860 453.452 1152.05
1890 453.452 1152.05
1920 453.452 1152.05
1950 453.452 1152.05
1980 453.452 1152.05
2010 453.452 1152.05
2040 453.452 1152.05
2070 453.452 1152.05
2100 453.452 1152.05
2130 453.452 1152.05
2160 453.452 1152.05
2190 453.452 1152.05
2220 453.452 1152.05
2250 453.452 1152.05
2280 453.452 1152.05
2310 453.452 1152.05
2340 453.452 1152.05
2370 453.452 1152.05
2400 453.452 1152.05
2430 453.452 1152.05
2460 453.452 1152.05
2490 453.452 1152.05
2520 453.452 1152.05
2550 453.452 1152.05
2580 453.452 1152.05
2610 453.452 1152.05
2640 453.452 1152.05
2670 453.452 1152.05
2700 453.452 1152.05
2730 453.452 1152.05
2760 453.452 1152.05
2790 453.452 1152.05
2820 453.452 1152.05
2850 453.452 1152.05
2880 453.452 1152.05
2910 453.452 1152.05
2940 453.452 1152.05
2970 453.452 1152.05
3000 453.452 1152.05
3030 453.452 1152.05
3060 453.452 1152.05
3090 453.452 1152.05
3120 453.452 1152.05
3150 453.452 1152.05
3180 453.452 1152.05
3210 453.452 1152.05
3240 453.452 1152.05
3270 453.452 1152.05
3300 453.452 1152.05
3330 453.452 1152.05
3360 453.452 1152.05
3390 453.452 1152.05
3420 453.452 1152.05
3450 453.452 1152.05
3480 453.452 1152.05
3510 453.452 1152.05
3540 453.452 1152.05
3570 453.452 1152.05
3600 453.452 1152.05
3630 453.452 1152.05
3660 453.452 1152.05
3690 453.452 1152.05
3720 453.452 1152.05
3750 453.452 1152.05
3780 453.452 1152.05
3810 453.452 1152.05
3840 453.452 1152.05
3870 453.452 1152.05
3900 453.452 1152.05
3930 453.452 1152.05
3960 453.452 1152.05
3990 453.452 1152.05
4020 453.452 1152.05
4050 453.452 1152.05
4080 453.452 1152.05
4110 453.452 1152.05
4140 453.452 1152.05
4170 453.452 1152.05
4200 453.452 1152.05
4230 453.452 1152.05
4260 453.452 1152.05
4290 453.452 1152.05
4320 453.452 1152.05
4350 453.452 1152.05
4380 453.452 1152.05
4410 453.452 1152.05
4440 453.452 1152.05
4470 453.452 1152.05
4500 453.452 1152.05
4530 453.452 1152.05
4560 453.452 1152.05
4590 453.452 1152.05
4620 453.452 1152.05
4650 453.452 1152.05
4680 453.452 1152.05
4710 453.452 1152.05
4740 453.452 1152.05
4770 453.452 1152.05
4800 453.452 1152.05
4830 453.452 1152.05
4860 453.452 1152.05
4890 453.452 1152.05
4920 453.452 1152.05
4950 453.452 1152.05
4980 453.452 1152.05
5010 453.452 1152.05
5040 453.452 1152.05
5070 453.452 1152.05
5100 453.452 1152.05
5130 453.452 1152.05
5160 453.452 1152.05
5190 453.452 1152.05
5220 453.452 1152.05
5250 453.452 1152.05
5280 453.452 1152.05
5310 453.452 1152.05
5340 453.452 1152.05
5370 453.452 1152.05
5400 453.452 1152.05
5430 453.452 1152.05
5460 453.452 1152.05
5490 453.452 1152.05
5520 453.452 1152.05
5550 453.452 1152.05
5580 453.452 1152.05
5610 453.452 1152.05
5640 453.452 1152.05
5670 453.452 1152.05
5700 453.452 1152.05
5730 453.452 1152.05
5760 453.452 1152.05
5790 453.452 1152.05
5820 453.452 1152.05
5850 453.452 1152.05
5880 453.452 1152.05
5910 453.452 1152.05
5940 453.452 1152.05
5970 453.452 1152.05
6000 453.452 1152.05
6030 453.452 1152.05
6060 453.452 1152.05
6090 453.452 1152.05
6120 453.452 1152.05
6150 453.452 1152.05
6180 453.452 1152.05
6210 453.452 1152.05
6240 453.452 1152.05
6270 453.452 1152.05
6300 453.452 1152.05
6330 453.452 1152.05
6360 453.452 1152.05
6390 453.452 1152.05
6420 453.452 1152.05
6450 453.452 1152.05
6480 453.452 1152.05
6510 453.452 1152.05
6540 453.452 1152.05
6570 453.452 1152.05
6600 453.452 1152.05
6630 453.452 1152.05
6660 453.452 1152.05
6690 453.452 1152.05
6720 453.452 1152.05
6750 453.452 1152.05
6780 453.452 1152.05
6810 453.452 1152.05
6840 453.452 1152.05
6870 453.452 1152.05
6900 453.452 1152.05
6930 453.452 1152.05
6960 453.452 1152.05
6990 453.452 1152.05
7020 453.452 1152.05
7050 453.452 1152.05
7080 453.452 1152.05
7110 453.452 1152.05
7140 453.452 1152.05
7170 453.452 1152.05
7200 453.452 1152.05
7230 453.452 1152.05
7260 453.452 1152.05
7290 453.452 1152.05
7320 453.452 1152.05
7350 453.452 1152.05
7380 453.452 1152.05
7410 453.452 1152.05
7440 453.452 1152.05
7470 453.452 1152.05
7500 453.452 1152.05
7530 453.452 1152.05
7560 453.452 1152.05
7590 453.452 1152.05
7620 453.452 1152.05
7650 453.452 1152.05
7680 453.452 1152.05
7710 453.452 1152.05
7740 453.452 1152.05
7770 453.452 1152.05
7800 453.452 1152.05
7830 453.452 1152.05
7860 453.452 1152.05
7890 453.452 1152.05
7920 453.452 1152.05
7950 453.452 1152.05
7980 453.452 1152.05
8010 453.452 1152.05
8040 453.452 1152.05
8070 453.452 1152.05
8100 453.452 1152.05
8130 453.452 1152.05
8160 453.452 1152.05
8190 453.452 1152.05
8220 453.452 1152.05
8250 453.452 1152.05
8280 453.452 1152.05
8310 453.452 1152.05
8340 453.452 1152.05
8370 453.452 1152.05
8400 453.452 1152.05
8430 453.452 1152.05
8460 453.452 1152.05
8490 453.452 1152.05
8520 453.452 1152.05
8550 453.452 1152.05
8580 453.452 1152.05
8610 453.452 1152.05
8640 453.452 1152.05
8670 453.452 1152.05
8700 453.452 1152.05
8730 453.452 1152.05
8760 453.452 1152.05
8790 453.452 1152.05
8820 453.452 1152.05
8850 453.452 1152.05
8880 453.452 1152.05
8910 453.452 1152.05
8940 453.452 1152.05
8970 453.452 1152.05
9000 453.452 1152.05
9030 453.452 1152.05
9060 453.452 1152.05
9090 453.452 1152.05
9120 453.452 1152.05
9150 453.452 1152.05
9180 453.452 1152.05
9210 453.452 1152.05
9240 453.452 1152.05
9270 453.452 1152.05
9300 453.452 1152.05
9330 453.452 1152.05
9360 453.452 1152.05
9390 453.452 1152.05
9420 453.452 1152.05
9450 453.452 1152.05
9480 453.452 1152.05
9510 453.452 1152.05
9540 453.452 1152.05
9570 453.452 1152.05
9600 453.452 1152.05
9630 453.452 1152.05
9660 453.452 1152.05
9690 453.452 1152.05
9720 453.452 1152.05
9750 453.452 1152.05
9780 453.452 1152.05
9810 453.452 1152.05
9840 453.452 1152.05
9870 453.452 1152.05
9900 453.452 1152.05
9930 453.452 1152.05
9960 453.452 1152.05
9990 453.452 1152.05
10020 453.452 1152.05
10050 453.452 1152.05
10080 453.452 1152.05
10110 453.452 1152.05
10140 453.452 1152.05
10170 453.452 1152.05
10200 453.452 1152.05
10230 453.452 1152.05
10260 453.452 1152.05
10290 453.452 1152.05
10320 453.452 1152.05
10350 453.452 1152.05
10380 453.452 1152.05
10410 453.452 1152.05
10440 453.452 1152.05
10470 453.452 1152.05
10500 453.452 1152.05
10530 453.452 1152.05
10560 453.452 1152.05
10590 453.452 1152.05
10620 453.452 1152.05
10650 453.452 1152.05
10680 453.452 1152.05
10710 453.452 1152.05
10740 453.452 1152.05
10770 453.452 1152.05
10800 453.452 1152.05
10830 453.452 1152.05
10860 453.452 1152.05
10890 453.452 1152.05
10920 453.452 1152.05
10950 453.452 1152.05
10980 445.315 1149.2
11010 407.386 1135.87
11040 369.457 1122.55
11070 269.639 1174.9
11100 220.326 1129.2
11130 -114.18 1004.98
11160 -158.651 954.978
11190 -156.412 950.213
11220 51.2807 767.72
11250 55.1281 494.025
11280 -108.128 675.605
11310 -141.455 708.143
11340 -140.931 708.021
11370 -145.917 731.03
11400 -219.705 725.486
11430 -274.546 756.866
11460 -273.39 753.683
11490 -268.278 790.662
11520 -177.961 920.647
11550 -177.564 919.289
11580 -176.941 918.811
11610 -178.358 923.586
11640 -453.571 1099.36
11670 -452.343 1097.93
11700 -562.927 1155.76
11730 -1070.65 1411.08
11760 -1198.55 1417.19
11790 -1201.2 1415.7
11820 -1440.6 1372.58
11850 -1517.72 1331.28
11880 -1499.51 1329.59
11910 -1499.62 1329.49
11940 -1499 1329.26
11970 -1498.55 1328.81
12000 -1498.39 1328.6
12030 -1498.86 1328.67
12060 -1472.19 1262.89
12090 -1274.97 1247.63
12120 -1223.99 931.267
12150 -1368.04 779.943
12180 -1520.8 808.774
12210 -1519.13 809.074
12240 -1519.06 809.308
12270 -1518.97 808.963
12300 -1518.89 808.763
12330 -1519.08 809.33
12360 -1519.33 809.764
12390 -1518.96 809.876
12420 -1518.78 809.853
12450 -1518.62 809.174
12480 -1518.4 808.774
12510 -1517.29 809.564
12540 -1516.07 810.076
12570 -1515.81 809.642
12600 -1515.32 809.898
12630 -1513.49 811.479
12660 -1513.11 812.169
12690 -1513.1 811.957
12720 -1513.39 811.167
12750 -1513.45 810.755
12780 -1513.38 810.41
12810 -1513.94 809.942
12840 -1514.48 808.807
12870 -1514.81 807.282
12900 -1514.35 806.391
12930 -1514.3 806.08
12960 -1514.83 806.191
12990 -1515.19 806.314
13020 -1515.76 806.759
13050 -1516.56 806.748
13080 -1517.48 807.104
13110 -1518.64 807.783
13140 -1519.06 808.54
13170 -1519.43 808.406
13200 -1519.33 808.317
13230 -1519.26 808.774
13260 -1519.05 809.197
13290 -1518.51 809.197
13320 -1518.26 809.308
13350 -1519.01 809.297
13380 -1519.71 808.852
13410 -1519.77 808.395
13440 -1519.25 807.983
13470 -1519.62 808.317
13500 -1519.89 808.774
13530 -1520.44 809.197
13560 -1520.82 809.186
13590 -1521.2 809.085
13620 -1520.97 809.074
13650 -1521.05 808.863
13680 -1520.77 808.751
13710 -1520.41 808.974
13740 -1520.06 809.096
13770 -1519.86 809.542
13800 -1519.32 810.109
13830 -1519.06 810.777
13860 -1518.89 811.445
13890 -1519.26 811.98
13920 -1520.18 812.314
13950 -1520.79 812.314
13980 -1520.87 812.18
14010 -1520.97 811.634
14040 -1521.31 811.534
14070 -1520.94 811.768
14100 -1520.58 811.868
14130 -1520.33 811.868
14160 -1520.05 811.746
14190 -1519.88 811.401
14220 -1519.78 811.089
14250 -1519.51 810.755
14280 -1519.43 810.521
14310 -1519.72 809.842
14340 -1520.34 809.308
14370 -1520.6 809.208
14400 -1520.58 809.297
14430 -1520.13 809.074
14460 -1519.59 809.208
14490 -1519.24 809.642
14520 -1519.15 809.631
14550 -1519.15 809.297
14580 -1519.06 808.863
14610 -1519.06 808.974
14640 -1518.87 808.963
14670 -1518.6 808.629
14700 -1518.41 808.306
14730 -1517.85 808.662
14760 -1516.68 809.664
14790 -1516.41 810.655
14820 -1515.53 810.633
14850 -1515.75 810.165
14880 -1516.45 809.664
14910 -1516.35 810.666
14940 -1516.38 811.1
14970 -1517.38 811.323
15000 -1518.28 811.412
15030 -1518.99 811.089
15060 -1520.73 811.345
15090 -1522.88 811.746
15120 -1523.41 811.523
15150 -1523.44 811.545
15180 -1521.54 811.757
15210 -1520.2 811.523
15240 -1519.12 811.301
15270 -1518.32 810.967
15300 -1518.09 810.633
15330 -1518.63 810.421
15360 -1519.24 810.421
15390 -1519.24 810.187
15420 -1521.88 810.788
15450 -1521.77 811.312
15480 -1521.48 811.134
15510 -1523.59 810.922
15540 -1524.25 812.347
15570 -1525.03 812.881
15600 -1523.9 812.737
15630 -1522.75 812.18
15660 -1522.21 811.623
15690 -1521.95 811.078
15720 -1521.86 810.978
15750 -1521.76 810.989
15780 -1521.3 811.089
15810 -1520.29 810.855
15840 -1519.4 810.51
15870 -1518.69 809.965
15900 -1518.52 809.519
15930 -1518.43 809.063
15960 -1518.33 808.518
15990 -1518.43 808.429
16020 -1518.51 808.64
16050 -1518.45 808.529
16080 -1519.07 808.751
16110 -1519.34 808.985
16140 -1519.8 809.186
16170 -1520.25 808.974
16200 -1520.62 808.74
16230 -1521.24 808.295
16260 -1521.11 808.083
16290 -1520.31 808.317
16320 -1519.29 808.751
16350 -1518.5 808.64
16380 -1518.07 808.406
16410 -1518.16 807.961
16440 -1518.35 807.983
16470 -1518.99 808.306
16500 -1519.51 808.295
16530 -1519.43 808.083
16560 -1519.24 808.206
16590 -1518.68 808.417
16620 -1517.96 808.295
16650 -1517.51 808.072
16680 -1517.12 808.206
16710 -1517.7 810.521
16740 -1517.82 810.087
16770 -1518.35 809.965
16800 -1518.46 809.653
16830 -1518.5 810.655
16860 -1517.41 810.532
16890 -1516.49 810.421
16920 -1515.73 809.842
16950 -1516.54 809.508
16980 -1518.5 808.896
17010 -1518.3 808.495
17040 -1516.55 807.505
17070 -1520.56 805.668
17100 -1520.18 803.831
17130 -1518.24 803.508
17160 -1515.87 803.286
17190 -1514.88 803.186
17220 -1515.52 803.208
17250 -1515.1 803.92
17280 -1518.88 806.224
17310 -1519.84 805.913
17340 -1518.35 807.304
17370 -1516.7 807.571
17400 -1516.81 808.529
17430 -1516.49 808.429
17460 -1515.62 809.119
17490 -1515.41 810.009
17520 -1514.29 810.855
17550 -1514.76 811.323
17580 -1515.46 811.423
17610 -1516.89 811.724
17640 -1517.1 811.312
17670 -1517.41 811.679
17700 -1516.81 812.436
17730 -1517.02 812.057
17760 -1520.66 813.179
17790 -1370.66 781.534
17820 -1235.98 713.497
17850 -1362.02 318.299
17880 -1421.72 210.522
17910 -1701.09 92.1922
17940 -1857.21 -285.919
17970 -2049.6 -516.111
18000 -2565.87 -612.156
18030 -2966.98 -569.666
18060 -3438.49 -734.827
18090 -3761.64 -1093.51
18120 -3923.36 -1585.6
18150 -4029.18 -2172.04
18180 -3994.63 -2608.29
18210 -4291.64 -2661.64
18240 -4856.18 -2834.17
18270 -5446.73 -2943.81
18300 -5766.21 -2968.4
18330 -5995.82 -2962.26
18360 -6591.34 -2930.69
18390 -7241.01 -2967.24
18420 -7810.59 -3108.51
18450 -8332.37 -3300.16
18480 -8965.44 -3416.33
18510 -9399.28 -3506.1
18540 -9558.4 -3594.91
18570 -9556.13 -3594.02
18600 -9810.58 -3764.22
18630 -9803.96 -3829.88
18660 -9781.72 -3948.61
18690 -9741.13 -3941.26
18720 -9741.13 -3941.26
18750 -9741.13 -3941.26
18780 -9741.13 -3941.26
18810 -9741.13 -3941.26
18840 -9741.13 -3941.26
18870 -9741.13 -3941.26
18900 -9741.13 -3941.26
18930 -9741.13 -3941.26
18960 -9741.13 -3941.26
18990 -9741.13 -3941.26
19020 -9741.13 -3941.26
19050 -9741.13 -3941.26
19080 -9741.13 -3941.26
19110 -9741.13 -3941.26
19140 -9741.13 -3941.26
19170 -9741.13 -3941.26
19200 -9741.13 -3941.26
19230 -9741.13 -3941.26
19260 -9741.13 -3941.26
19290 -9741.13 -3941.26
19320 -9741.13 -3941.26
19350 -9741.13 -3941.26
19380 -9741.13 -3941.26
19410 -9741.13 -3941.26
19440 -9741.13 -3941.26
19470 -9741.13 -3941.26
19500 -9741.13 -3941.26
19530 -9741.13 -3941.26
19560 -9741.13 -3941.26
19590 -9741.13 -3941.26
19620 -9741.13 -3941.26
19650 -9741.13 -3941.26
19680 -9741.13 -3941.26
19710 -9741.13 -3941.26
19740 -9741.13 -3941.26
19770 -9741.13 -3941.26
19800 -9741.13 -3941.26
19830 -9741.13 -3941.26
19860 -9741.13 -3941.26
19890 -9741.13 -3941.26
19920 -9741.13 -3941.26
19950 -9741.13 -3941.26
19980 -9741.13 -3941.26
20010 -9741.13 -3941.26
20040 -9741.13 -3941.26
20070 -9741.13 -3941.26
20100 -9741.13 -3941.26
20130 -9741.13 -3941.26
20160 -9741.13 -3941.26
20190 -9741.13 -3941.26
20220 -9741.13 -3941.26
20250 -9741.13 -3941.26
20280 -9741.13 -3941.26
20310 -9741.13 -3941.26
20340 -9741.13 -3941.26
20370 -9741.13 -3941.26
20400 -9741.13 -3941.26
20430 -9741.13 -3941.26
20460 -9741.13 -3941.26
20490 -9741.13 -3941.26
20520 -9741.13 -3941.26
20550 -9741.13 -3941.26
20580 -9741.13 -3941.26
20610 -9741.13 -3941.26
20640 -9741.13 -3941.26
20670 -9741.13 -3941.26
20700 -9741.13 -3941.26
20730 -9741.13 -3941.26
20760 -9741.13 -3941.26
20790 -9741.13 -3941.26
20820 -9740.41 -3939.7
20850 -9667.07 -3950.5
20880 -9631.76 -4064.71
20910 -9632.3 -4063.82
20940 -9632.3 -4063.38
20970 -9632.21 -4063.71
21000 -9632.21 -4063.93
21030 -9632.57 -4064.15
21060 -9632.48 -4064.27
21090 -9632.39 -4064.49
21120 -9632.39 -4064.6
21150 -9632.21 -4064.15
21180 -9632.21 -4063.71
21210 -9632.21 -4063.04
21240 -9632.12 -4062.6
21270 -9631.94 -4062.6
21300 -9632.12 -4062.82
21330 -9632.84 -4063.26
21360 -9632.66 -4062.93
21390 -9633.02 -4063.82
21420 -9632.66 -4063.38
21450 -9632.3 -4063.04
21480 -9632.3 -4063.04
21510 -9632.66 -4063.38
21540 -9632.84 -4063.6
21570 -9632.66 -4063.49
21600 -9632.48 -4062.93
21630 -9632.57 -4063.04
21660 -9632.39 -4063.15
21690 -9631.67 -4062.48
21720 -9631.04 -4061.93
21750 -9631.04 -4062.48
21780 -9639.16 -4062.71
21810 -9589.76 -4025.64
21840 -9585.61 -4025.97
21870 -9603.94 -3746.79
21900 -9299.48 -3466.72
21930 -8701.5 -3409.05
21960 -8089.78 -3230.83
21990 -7607.31 -3012.88
22020 -7018.99 -2939.85
22050 -6379.36 -2961.56
22080 -5988.2 -2978.81
22110 -5599.39 -2975.36
22140 -5146.81 -2893.1
22170 -4569.24 -2740.48
22200 -4068.16 -2628.28
22230 -3991.66 -2483.23
22260 -3960.05 -1911.73
22290 -3929.8 -1308.83
22320 -3651.71 -973.213
22350 -3286.92 -639.929
22380 -2965.85 -581.599
22410 -2559.15 -621.117
22440 -2032.33 -517.035
22470 -1609.56 -371.544
22500 -1125.55 -83.6778
22530 -705.492 289.791
22560 -349.554 653.019
22590 -213.085 698.993
22620 -139.658 707.564
22650 -140.561 708.677
22680 -86.4614 584.113
22710 217.364 422.481
22740 113.229 182.927
22770 26.9767 10.0518
22800 12.2553 25.0789
