0 -479.881 473.242
30 -303.312 725.931
60 -75.6233 999.994
90 201.378 1080.37
120 332.427 1137.69
150 544.22 1071.68
180 597.778 1225.3
210 432.137 1177.66
240 514.596 1085.04
270 514.596 1085.04
300 514.596 1085.04
330 514.596 1085.04
360 514.596 1085.04
390 514.596 1085.04
420 514.596 1085.04
450 514.596 1085.04
480 514.596 1085.04
510 514.596 1085.04
540 514.596 1085.04
570 514.596 1085.04
600 514.596 1085.04
630 514.596 1085.04
660 514.596 1085.04
690 514.596 1085.04
720 514.596 1085.04
750 514.596 1085.04
780 514.596 1085.04
810 514.596 1085.04
840 514.596 1085.04
870 514.596 1085.04
900 514.596 1085.04
930 514.596 1085.04
960 514.596 1085.04
990 514.596 1085.04
1020 514.596 1085.04
1050 514.596 1085.04
1080 514.596 1085.04
1110 514.596 1085.04
1140 514.596 1085.04
1170 514.596 1085.04
1200 514.596 1085.04
1230 514.596 1085.04
1260 514.596 1085.04
1290 514.596 1085.04
1320 514.596 1085.04
1350 514.596 1085.04
1380 514.596 1085.04
1410 514.596 1085.04
1440 514.596 1085.04
1470 514.596 1085.04
1500 514.596 1085.04
1530 514.596 1085.04
1560 514.596 1085.04
1590 514.596 1085.04
1620 514.596 1085.04
1650 514.596 1085.04
1680 514.596 1085.04
1710 514.596 1085.04
1740 514.596 1085.04
1770 514.596 1085.04
1800 514.596 1085.04
1830 514.596 1085.04
1860 514.596 1085.04
1890 514.596 1085.04
1920 514.596 1085.04
1950 514.596 1085.04
1980 514.596 1085.04
2010 514.596 1085.04
2040 514.596 1085.04
2070 514.596 1085.04
2100 514.596 1085.04
2130 514.596 1085.04
2160 514.596 1085.04
2190 514.596 1085.04
2220 514.596 1085.04
2250 514.596 1085.04
2280 514.596 1085.04
2310 514.596 1085.04
2340 514.596 1085.04
2370 514.596 1085.04
2400 514.596 1085.04
2430 514.596 1085.04
2460 514.596 1085.04
2490 514.596 1085.04
2520 514.596 1085.04
2550 514.596 1085.04
2580 514.596 1085.04
2610 514.596 1085.04
2640 514.596 1085.04
2670 514.596 1085.04
2700 514.596 1085.04
2730 514.596 1085.04
2760 514.596 1085.04
2790 514.596 1085.04
2820 514.596 1085.04
2850 514.596 1085.04
2880 514.596 1085.04
2910 514.596 1085.04
2940 514.596 1085.04
2970 514.596 1085.04
3000 514.596 1085.04
3030 514.596 1085.04
3060 514.596 1085.04
3090 514.596 1085.04
3120 514.596 1085.04
3150 514.596 1085.04
3180 514.596 1085.04
3210 514.596 1085.04
3240 514.596 1085.04
3270 514.596 1085.04
3300 514.596 1085.04
3330 514.596 1085.04
3360 514.596 1085.04
3390 514.596 1085.04
3420 514.596 1085.04
3450 514.596 1085.04
3480 514.596 1085.04
3510 514.596 1085.04
3540 514.596 1085.04
3570 514.596 1085.04
3600 514.596 1085.04
3630 514.596 1085.04
3660 514.596 1085.04
3690 514.596 1085.04
3720 514.596 1085.04
3750 514.596 1085.04
3780 514.596 1085.04
3810 514.596 1085.04
3840 514.596 1085.04
3870 514.596 1085.04
3900 514.596 1085.04
3930 514.596 1085.04
3960 514.596 1085.04
3990 514.596 1085.04
4020 514.596 1085.04
4050 514.596 1085.04
4080 514.596 1085.04
4110 514.596 1085.04
4140 514.596 1085.04
4170 514.596 1085.04
4200 514.596 1085.04
4230 514.596 1085.04
4260 514.596 1085.04
4290 514.596 1085.04
4320 514.596 1085.04
4350 514.596 1085.04
4380 514.596 1085.04
4410 514.596 1085.04
4440 514.596 1085.04
4470 514.596 1085.04
4500 514.596 1085.04
4530 514.596 1085.04
4560 514.596 1085.04
4590 514.596 1085.04
4620 514.596 1085.04
4650 514.596 1085.04
4680 514.596 1085.04
4710 514.596 1085.04
4740 514.596 1085.04
4770 514.596 1085.04
4800 514.596 1085.04
4830 514.596 1085.04
4860 514.596 1085.04
4890 514.596 1085.04
4920 514.596 1085.04
4950 514.596 1085.04
4980 514.596 1085.04
5010 514.596 1085.04
5040 514.596 1085.04
5070 514.596 1085.04
5100 514.596 1085.04
5130 514.596 1085.04
5160 514.596 1085.04
5190 514.596 1085.04
5220 514.596 1085.04
5250 514.596 1085.04
5280 514.596 1085.04
5310 514.596 1085.04
5340 514.596 1085.04
5370 514.596 1085.04
5400 514.596 1085.04
5430 514.596 1085.04
5460 514.596 1085.04
5490 514.596 1085.04
5520 514.596 1085.04
5550 514.596 1085.04
5580 514.596 1085.04
5610 514.596 1085.04
5640 514.596 1085.04
5670 514.596 1085.04
5700 514.596 1085.04
5730 514.596 1085.04
5760 514.596 1085.04
5790 514.596 1085.04
5820 514.596 1085.04
5850 514.596 1085.04
5880 514.596 1085.04
5910 514.596 1085.04
5940 514.596 1085.04
5970 514.596 1085.04
6000 514.596 1085.04
6030 514.596 1085.04
6060 514.596 1085.04
6090 514.596 1085.04
6120 514.596 1085.04
6150 514.596 1085.04
6180 514.596 1085.04
6210 514.596 1085.04
6240 514.596 1085.04
6270 514.596 1085.04
6300 514.596 1085.04
6330 514.596 1085.04
6360 514.596 1085.04
6390 514.596 1085.04
6420 514.596 1085.04
6450 514.596 1085.04
6480 514.596 1085.04
6510 514.596 1085.04
6540 514.596 1085.04
6570 514.596 1085.04
6600 514.596 1085.04
6630 514.596 1085.04
6660 514.596 1085.04
6690 514.596 1085.04
6720 514.596 1085.04
6750 514.596 1085.04
6780 514.596 1085.04
6810 514.596 1085.04
6840 514.596 1085.04
6870 514.596 1085.04
6900 514.596 1085.04
6930 514.596 1085.04
6960 514.596 1085.04
6990 514.596 1085.04
7020 514.596 1085.04
7050 514.596 1085.04
7080 514.596 1085.04
7110 514.596 1085.04
7140 514.596 1085.04
7170 514.596 1085.04
7200 514.596 1085.04
7230 514.596 1085.04
7260 514.596 1085.04
7290 514.596 1085.04
7320 514.596 1085.04
7350 514.596 1085.04
7380 514.596 1085.04
7410 514.596 1085.04
7440 514.596 1085.04
7470 514.596 1085.04
7500 514.596 1085.04
7530 514.596 1085.04
7560 514.596 1085.04
7590 514.596 1085.04
7620 514.596 1085.04
7650 514.596 1085.04
7680 514.596 1085.04
7710 514.596 1085.04
7740 514.596 1085.04
7770 514.596 1085.04
7800 514.596 1085.04
7830 514.596 1085.04
7860 514.596 1085.04
7890 514.596 1085.04
7920 514.596 1085.04
7950 514.596 1085.04
7980 514.596 1085.04
8010 514.596 1085.04
8040 514.596 1085.04
8070 514.596 1085.04
8100 514.596 1085.04
8130 514.596 1085.04
8160 514.596 1085.04
8190 514.596 1085.04
8220 514.596 1085.04
8250 514.596 1085.04
8280 514.596 1085.04
8310 514.596 1085.04
8340 514.596 1085.04
8370 514.596 1085.04
8400 514.596 1085.04
8430 514.596 1085.04
8460 514.596 1085.04
8490 514.596 1085.04
8520 514.596 1085.04
8550 514.596 1085.04
8580 514.596 1085.04
8610 514.596 1085.04
8640 514.596 1085.04
8670 514.596 1085.04
8700 514.596 1085.04
8730 514.596 1085.04
8760 514.596 1085.04
8790 514.596 1085.04
8820 514.596 1085.04
8850 514.596 1085.04
8880 514.596 1085.04
8910 514.596 1085.04
8940 514.596 1085.04
8970 514.596 1085.04
9000 514.596 1085.04
9030 514.596 1085.04
9060 514.596 1085.04
9090 514.596 1085.04
9120 514.596 1085.04
9150 514.596 1085.04
9180 514.596 1085.04
9210 514.596 1085.04
9240 514.596 1085.04
9270 514.596 1085.04
9300 514.596 1085.04
9330 514.596 1085.04
9360 514.596 1085.04
9390 514.596 1085.04
9420 514.596 1085.04
9450 514.596 1085.04
9480 514.596 1085.04
9510 514.596 1085.04
9540 514.596 1085.04
9570 514.596 1085.04
9600 514.596 1085.04
9630 514.596 1085.04
9660 514.596 1085.04
9690 514.596 1085.04
9720 514.596 1085.04
9750 514.596 1085.04
9780 514.596 1085.04
9810 514.596 1085.04
9840 514.596 1085.04
9870 514.596 1085.04
9900 514.596 1085.04
9930 514.596 1085.04
9960 514.596 1085.04
9990 514.596 1085.04
10020 514.596 1085.04
10050 514.596 1085.04
10080 514.596 1085.04
10110 514.596 1085.04
10140 514.596 1085.04
10170 514.596 1085.04
10200 514.596 1085.04
10230 514.596 1085.04
10260 514.596 1085.04
10290 514.596 1085.04
10320 501.29 1089.78
10350 463.417 1103.26
10380 425.545 1116.74
10410 387.672 1130.22
10440 349.8 1143.7
10470 311.203 1157.55
10500 275.293 1169.1
10530 50.3776 1003.83
10560 -154.09 980.625
10590 -156.809 974.814
10620 -311.53 737.731
10650 -611.183 385.813
10680 -465.827 210.155
10710 -210.882 65.8546
10740 -51.1294 120.589
10770 -59.6639 136.01
10800 -31.892 57.7618
10830 -30.5013 80.2478
10860 -214.025 75.8843
10890 -518.085 261.85
10920 -772.38 436.596
10950 -971.926 763.156
10980 -1185.49 775.935
11010 -1202.18 782.436
11040 -1217.91 1140.39
11070 -1213.47 1333.66
11100 -1212.98 1331.41
11130 -1212.78 1331.47
11160 -1211.7 1476.74
11190 -1351.36 1640.02
11220 -1587.98 1679.23
11250 -1576.6 1706.66
11280 -1578.8 1709.42
11310 -1564.06 1724.38
11340 -1551.85 1732.64
11370 -1522.97 1746.71
11400 -1516.84 1733.82
11430 -1520.78 1745.11
11460 -1513.09 1758.02
11490 -1509.2 1748.53
11520 -1508.37 1735.89
11550 -1512.02 1746.42
11580 -1510.88 1747.02
11610 -1510 1749.2
11640 -1505.7 1748.2
11670 -1504.4 1744.15
11700 -1510.77 1747.64
11730 -1512.78 1748.27
11760 -1514.55 1746.62
11790 -1514.64 1746.04
11820 -1513.43 1743.44
11850 -1511.1 1747.38
11880 -1518.52 1747.69
11910 -1511.97 1746.09
11940 -1511.71 1745.84
11970 -1514.13 1747.24
12000 -1517.73 1749.45
12030 -1517.33 1749.51
12060 -1516.41 1748.67
12090 -1509.6 1741.12
12120 -1516.66 1748.18
12150 -1515.07 1747.11
12180 -1517.42 1751.34
12210 -1506.53 1744.35
12240 -1504.22 1734.62
12270 -1505.91 1733.51
12300 -1512.58 1754.48
12330 -1512.09 1758.66
12360 -1512.58 1746.35
12390 -1515.23 1749.25
12420 -1511.59 1746.91
12450 -1514.3 1749.89
12480 -1511.41 1747.49
12510 -1512.74 1750.96
12540 -1511.82 1755.12
12570 -1513.07 1753.05
12600 -1514.22 1754.77
12630 -1520.64 1757.46
12660 -1509.13 1743.12
12690 -1512.11 1743.26
12720 -1514.06 1748.49
12750 -1507.43 1745.48
12780 -1517.58 1741.08
12810 -1511.78 1741.77
12840 -1509.54 1745.31
12870 -1509.96 1751.07
12900 -1506.84 1748.82
12930 -1508.14 1747.29
12960 -1510.41 1749.71
12990 -1510.16 1748.89
13020 -1510.57 1749
13050 -1512.16 1748.13
13080 -1513.5 1747.49
13110 -1510.66 1751.16
13140 -1510.05 1757.51
13170 -1504.54 1769.55
13200 -1519.28 1751.61
13230 -1510.74 1744.15
13260 -1515.23 1750.83
13290 -1507.65 1749.05
13320 -1501.99 1750.63
13350 -1507.85 1749.34
13380 -1507.92 1749.98
13410 -1513.83 1745.11
13440 -1504.31 1743.53
13470 -1507.88 1748.78
13500 -1503.8 1745.15
13530 -1516.59 1749.92
13560 -1506.78 1744.1
13590 -1507.07 1746.75
13620 -1503.69 1743.5
13650 -1500.42 1740.59
13680 -1505.44 1745.64
13710 -1507.65 1746.31
13740 -1508.44 1747.71
13770 -1509.51 1748.2
13800 -1515.92 1751.61
13830 -1517.55 1750.47
13860 -1523.16 1745.55
13890 -1511.28 1747.56
13920 -1508.77 1743.04
13950 -1509.08 1746.75
13980 -1513.18 1750.27
14010 -1509.04 1745.42
14040 -1513.09 1749.27
14070 -1512.33 1746.09
14100 -1511.98 1743.75
14130 -1508.37 1747.42
14160 -1505.66 1746.98
14190 -1507.85 1751.58
14220 -1508.24 1753.19
14250 -1504.13 1748.62
14280 -1510.81 1742.75
14310 -1511.84 1737.14
14340 -1521.79 1736.78
14370 -1514.31 1746.64
14400 -1510.68 1748.47
14430 -1506.75 1748.36
14460 -1506.19 1746.58
14490 -1507.11 1744.26
14520 -1508.17 1745.42
14550 -1509.8 1745.71
14580 -1508.42 1736.82
14610 -1507.99 1741.74
14640 -1512.29 1746.91
14670 -1508.17 1743.93
14700 -1522.01 1761.78
14730 -1504.76 1741.83
14760 -1519.73 1757.51
14790 -1524.72 1764.68
14820 -1513.12 1749.71
14850 -1513.23 1746.84
14880 -1513.66 1752.19
14910 -1514.02 1753.86
14940 -1509.69 1753.52
14970 -1510.14 1748.42
15000 -1511.01 1746.24
15030 -1509.53 1748.16
15060 -1510.32 1746.06
15090 -1519.53 1750.72
15120 -1517.82 1750.45
15150 -1521.23 1750.92
15180 -1525.55 1751.43
15210 -1534.89 1754.08
15240 -1532.02 1752.88
15270 -1535.65 1763.03
15300 -1532.32 1761.07
15330 -1528.11 1753.88
15360 -1514.73 1750.07
15390 -1516.82 1751.12
15420 -1521 1754.1
15450 -1523.13 1754.35
15480 -1516.68 1749.29
15510 -1526.9 1748.98
15540 -1521.34 1745.8
15570 -1524.12 1758.95
15600 -1520.95 1749.39
15630 -1522.93 1744.62
15660 -1514.94 1745.56
15690 -1509.79 1744.38
15720 -1512.7 1743.94
15750 -1521.09 1749.67
15780 -1516.54 1752
15810 -1511.21 1739.24
15840 -1510.87 1741.67
15870 -1510.24 1743.51
15900 -1518.47 1755.53
15930 -1508.29 1742.11
15960 -1507.97 1740.7
15990 -1516.91 1756.26
16020 -1514.7 1750.54
16050 -1513.09 1747.94
16080 -1511.53 1749.06
16110 -1512.66 1747.64
16140 -1513.71 1751.94
16170 -1509.2 1751.77
16200 -1510.01 1742.11
16230 -1500.83 1736.99
16260 -1503.5 1751.31
16290 -1507.24 1744.96
16320 -1515.14 1753.62
16350 -1521.2 1751.96
16380 -1584.03 1786.3
16410 -1535.15 1772.66
16440 -1522.86 1744.82
16470 -1504.25 1747.27
16500 -1512.83 1759.07
16530 -1515.18 1748.94
16560 -1519.43 1752.61
16590 -1514.91 1738.58
16620 -1515 1744.59
16650 -1521.23 1736.91
16680 -1490.07 1699.62
16710 -1530.62 1769.2
16740 -1529 1758.95
16770 -1508.32 1738.14
16800 -1500.1 1750.72
16830 -1492.06 1747.27
16860 -1486.82 1737.14
16890 -1499.65 1744.93
16920 -1500.55 1756.51
16950 -1513.92 1750.16
16980 -1519.97 1746.71
17010 -1511.93 1741.03
17040 -1512.47 1729.79
17070 -1517.26 1739.36
17100 -1511.3 1737.02
17130 -1512.92 1739.81
17160 -1514.91 1735.13
17190 -1510.21 1737.47
17220 -1516.54 1745.71
17250 -1515.45 1735.13
17280 -1519.34 1737.69
17310 -1529.09 1730.79
17340 -1523.4 1736.02
17370 -1517.44 1746.26
17400 -1516.54 1746.04
17430 -1518.7 1744.71
17460 -1514.73 1745.71
17490 -1497.66 1741.03
17520 -1506.33 1744.71
17550 -1512.47 1739.36
17580 -1513.01 1743.93
17610 -1508.86 1739.81
17640 -1498.38 1733.24
17670 -1500.46 1734.69
17700 -1505.34 1742.03
17730 -1503.71 1741.14
17760 -1502.72 1744.15
17790 -1496.85 1738.36
17820 -1504.25 1739.47
17850 -1515.09 1739.47
17880 -1514.01 1744.93
17910 -1512.11 1742.59
17940 -1511.12 1744.26
17970 -1507.68 1745.04
18000 -1507.41 1744.59
18030 -1498.2 1737.58
18060 -1488.36 1735.91
18090 -1501.54 1731.35
18120 -1497.39 1745.26
18150 -1511.75 1741.48
18180 -1508.14 1737.8
18210 -1505.25 1743.7
18240 -1501.45 1751.16
18270 -1499.1 1742.81
18300 -1506.96 1742.15
18330 -1511.84 1746.04
18360 -1515 1747.49
18390 -1510.85 1745.48
18420 -1505.34 1736.69
18450 -1518.16 1750.83
18480 -1554.38 1802.7
18510 -1579.94 1828.86
18540 -1568.73 1816.32
18570 -1516.63 1751.9
18600 -1497.57 1723.91
18630 -1470.93 1680.21
18660 -1561.17 1831.29
18690 -1556.73 1805.37
18720 -1550.7 1798.4
18750 -1539.41 1785.32
18780 -1528.12 1772.24
18810 -1516.83 1759.17
18840 -1505.53 1746.09
18870 -1510.35 1747.51
18900 -1516.85 1746.64
18930 -1492.05 1751.14
18960 -1501.2 1748.87
18990 -1504.32 1744.98
19020 -1505.92 1753.89
19050 -1517.31 1755.19
19080 -1507.04 1739.28
19110 -1513.83 1746.71
19140 -1509.17 1744.43
19170 -1508.31 1744.2
19200 -1506.97 1742.33
19230 -1500.56 1741.66
19260 -1463.22 1676.81
19290 -1479.72 1704.25
19320 -1514.39 1763.41
19350 -1498.77 1733.4
19380 -1507.25 1752.58
19410 -1505.49 1747.4
19440 -1505.96 1747.98
19470 -1505.62 1753.47
19500 -1507.57 1747.98
19530 -1507.22 1742.64
19560 -1505.47 1745.13
19590 -1503.86 1744.13
19620 -1507.38 1743.02
19650 -1504.27 1743.41
19680 -1501.03 1739.03
19710 -1528.3 1798.14
19740 -1529.09 1794.25
19770 -1447.8 1583.96
19800 -1479.32 1678.69
19830 -1484.83 1702.96
19860 -1497.39 1725.23
19890 -1497.21 1713.54
19920 -1492.51 1704.74
19950 -1494.86 1718.77
19980 -1512.83 1752.28
20010 -1515.09 1755.28
20040 -1514.55 1747.6
20070 -1516.54 1757.4
20100 -1512.02 1750.61
20130 -1514.46 1758.51
20160 -1519.06 1768.53
20190 -1524.48 1770.31
20220 -1512.56 1744.82
20250 -1508.05 1745.04
20280 -1510.03 1735.13
20310 -1511.39 1742.59
20340 -1514.73 1744.71
20370 -1510.94 1745.71
20400 -1514.37 1744.04
20430 -1527.73 1764.07
20460 -1541.82 1775.1
20490 -1515.63 1749.49
20520 -1510.03 1739.14
20550 -1509.94 1750.61
20580 -1511.3 1749.16
20610 -1515.63 1745.15
20640 -1513.1 1743.48
20670 -1511.57 1747.6
20700 -1510.39 1747.6
20730 -1513.1 1745.48
20760 -1510.57 1749.71
20790 -1510.94 1748.6
20820 -1511.75 1746.38
20850 -1510.3 1747.93
20880 -1510.39 1745.6
20910 -1509.4 1746.93
20940 -1502.08 1748.49
20970 -1506.33 1755.73
21000 -1503.98 1749.94
21030 -1501.18 1749.83
21060 -1508.23 1747.27
21090 -1511.03 1749.16
21120 -1508.5 1749.94
21150 -1510.39 1745.48
21180 -1513.37 1744.71
21210 -1514.91 1747.04
21240 -1511.3 1745.6
21270 -1510.57 1747.93
21300 -1509.22 1745.26
21330 -1509.49 1744.93
21360 -1507.05 1749.71
21390 -1505.07 1741.81
21420 -1504.25 1746.82
21450 -1511.93 1752.72
21480 -1503.8 1748.82
21510 -1508.32 1753.94
21540 -1509.13 1752.05
21570 -1518.07 1750.49
21600 -1510.12 1751.16
21630 -1508.32 1746.38
21660 -1511.75 1751.05
21690 -1512.11 1743.26
21720 -1518.52 1725.89
21750 -1504.88 1749.27
21780 -1517.71 1750.61
21810 -1500.73 1750.61
21840 -1508.23 1743.04
21870 -1508.14 1749.83
21900 -1508.77 1747.93
21930 -1506.42 1746.49
21960 -1509.4 1747.6
21990 -1502.9 1742.92
22020 -1508.68 1742.81
22050 -1509.22 1744.71
22080 -1510.76 1746.15
22110 -1512.38 1744.82
22140 -1511.48 1745.26
22170 -1511.3 1745.26
22200 -1511.84 1748.82
22230 -1514.1 1750.38
22260 -1515.9 1753.61
22290 -1509.76 1750.49
22320 -1513.74 1751.94
22350 -1510.3 1752.83
22380 -1511.03 1748.38
22410 -1505.79 1747.04
22440 -1506.42 1741.7
22470 -1506.87 1745.48
22500 -1506.33 1737.92
22530 -1506.96 1742.92
22560 -1502.72 1741.25
22590 -1504.25 1745.26
22620 -1504.61 1742.26
22650 -1507.23 1740.14
22680 -1511.93 1746.6
22710 -1514.28 1747.49
22740 -1510.85 1744.48
22770 -1501.99 1737.8
22800 -1508.23 1743.93
22830 -1511.3 1746.71
22860 -1512.56 1749.49
22890 -1506.51 1745.6
22920 -1506.69 1747.49
22950 -1508.14 1747.49
22980 -1510.03 1746.82
23010 -1507.14 1745.82
23040 -1506.69 1747.71
23070 -1522.13 1777.43
23100 -1508.86 1751.61
23130 -1504.07 1738.14
23160 -1510.03 1752.05
23190 -1507.14 1745.93
23220 -1511.12 1753.17
23250 -1509.85 1750.72
23280 -1512.65 1770.87
23310 -1508.68 1754.39
23340 -1509.49 1764.3
23370 -1510.03 1753.83
23400 -1509.85 1744.71
23430 -1509.04 1741.14
23460 -1512.29 1740.03
23490 -1514.46 1737.02
23520 -1516.99 1745.26
23550 -1517.35 1745.6
23580 -1511.66 1740.59
23610 -1513.37 1743.48
23640 -1514.28 1746.6
23670 -1521.68 1766.19
23700 -1513.1 1751.16
23730 -1520.15 1762.4
23760 -1527.01 1772.98
23790 -1527.46 1756.95
23820 -1520.6 1752.5
23850 -1518.79 1743.15
23880 -1523.04 1758.06
23910 -1523 1756.96
23940 -1522.94 1755.32
23970 -1522.89 1753.67
24000 -1522.83 1752.02
24030 -1522.77 1750.37
24060 -1522.72 1748.72
24090 -1522.66 1747.07
24120 -1522.6 1745.42
24150 -1503.14 1778.74
24180 -1491.69 1828.25
24210 -1509.5 1776.64
24240 -1502.08 1723.23
24270 -1510.03 1687.93
24300 -1513.81 1692.32
24330 -1524.1 1704.29
24360 -1529.74 1702.98
24390 -1531.82 1716.48
24420 -1519.82 1726.43
24450 -1510.9 1728.72
24480 -1508.28 1760.67
24510 -1507.5 1772.38
24540 -1507.58 1773.18
24570 -1499.77 1765.68
24600 -1499.83 1758.95
24630 -1500.48 1757.21
24660 -1501.71 1753.94
24690 -1502.93 1750.67
24720 -1504.16 1747.4
24750 -1505.39 1744.13
24780 -1506.61 1740.86
24810 -1509.38 1744.73
24840 -1511.86 1754.06
24870 -1507.34 1750.81
24900 -1507.32 1754.99
24930 -1499.99 1770.26
24960 -1502.92 1754.48
24990 -1504.32 1764.19
25020 -1512.4 1736.65
25050 -1509.29 1733.02
25080 -1501.36 1755.24
25110 -1506.28 1758.73
25140 -1508.05 1758.44
25170 -1513.46 1762.67
25200 -1508.71 1761.14
25230 -1507.7 1759.33
25260 -1507.76 1772.8
25290 -1502.25 1746.35
25320 -1501.98 1761.29
25350 -1498.98 1773.83
25380 -1512.67 1767.86
25410 -1504.56 1758.2
25440 -1503.26 1753.72
25470 -1509.13 1756.17
25500 -1508.23 1761.29
25530 -1511.25 1749.94
25560 -1511.12 1756.51
25590 -1511.12 1743.76
25620 -1501.72 1745.93
25650 -1508.68 1739.03
25680 -1505.29 1738.58
25710 -1506.15 1743.76
25740 -1506.15 1743.82
25770 -1506.1 1744.82
25800 -1510.26 1742.87
25830 -1510.8 1764.58
25860 -1513.15 1767.19
25890 -1505.11 1739.08
25920 -1510.85 1754.22
25950 -1503.98 1756.28
25980 -1497.43 1722.55
26010 -1496.58 1721.33
26040 -1496.58 1721.33
26070 -1496.58 1721.33
26100 -1496.58 1721.33
26130 -1496.58 1721.33
26160 -1496.58 1721.33
26190 -1496.58 1721.33
26220 -1496.58 1721.33
26250 -1496.58 1721.33
26280 -1496.58 1721.33
26310 -1496.58 1721.33
26340 -1496.58 1721.33
26370 -1496.58 1721.33
26400 -1496.58 1721.33
26430 -1496.58 1721.33
26460 -1496.58 1721.33
26490 -1514.43 1744.52
26520 -1513.36 1743.44
26550 -1509.3 1738.35
26580 -1522.23 1726.43
26610 -1510.69 1741.81
26640 -1513.83 1732.84
26670 -1515.95 1705.38
26700 -1512.75 1719.79
26730 -1507.65 1717.48
26760 -1513.08 1713.47
26790 -1507.71 1723.25
26820 -1515.08 1724.42
26850 -1512.75 1724.52
26880 -1507.62 1718.89
26910 -1503.33 1734.5
26940 -1502.42 1734.25
26970 -1506.7 1724.91
27000 -1509.52 1730.41
27030 -1507.84 1738.33
27060 -1510.43 1737.08
27090 -1503.89 1745.92
27120 -1505.16 1741.11
27150 -1510.56 1743.38
27180 -1510.1 1740.34
27210 -1507.18 1745.35
27240 -1512.4 1744.99
27270 -1511.82 1741.74
27300 -1513.47 1738.83
27330 -1513.55 1742.45
27360 -1513.62 1746.06
27390 -1513.69 1749.67
27420 -1513.77 1753.29
27450 -1513.84 1756.9
27480 -1513.92 1760.51
27510 -1513.99 1764.12
27540 -1514.06 1767.74
27570 -1514.14 1771.35
27600 -1513.74 1751.05
27630 -1512.38 1749.6
27660 -1513.92 1747.04
27690 -1515.45 1748.71
27720 -1513.74 1747.82
27750 -1513.55 1744.93
27780 -1512.56 1743.82
27810 -1510.03 1745.93
27840 -1508.14 1746.04
27870 -1506.15 1743.15
27900 -1493.59 1739.36
27930 -1506.42 1748.49
27960 -1505.16 1747.15
27990 -1513.01 1748.82
28020 -1522.41 1756.73
28050 -1520.15 1740.14
28080 -1466.5 1724
28110 -1480.32 1734.58
28140 -1512.38 1744.93
28170 -1493.96 1719.66
28200 -1514.46 1737.47
28230 -1510.3 1733.8
28260 -1509.67 1734.58
28290 -1511.84 1753.39
28320 -1509.49 1751.94
28350 -1513.28 1757.95
28380 -1516.95 1737.02
28410 -1511.37 1748.6
28440 -1511.57 1745.82
28470 -1518.97 1764.7
28500 -1518.45 1747.82
28530 -1512.72 1746.38
28560 -1518.22 1749.85
28590 -1514.55 1745.48
28620 -1507.19 1738.18
28650 -1488.79 1719.93
28680 -1504.28 1734.07
28710 -1496.67 1727.44
28740 -1500.56 1727.74
28770 -1508.39 1729.8
28800 -1500.68 1735.6
28830 -1504.22 1741.6
28860 -1507.55 1746.98
28890 -1505.79 1745.41
28920 -1509.77 1749.19
28950 -1512.99 1750.91
28980 -1511.33 1742.56
29010 -1512.88 1745.11
29040 -1511.97 1741.31
29070 -1516.21 1746.12
29100 -1510.39 1729.33
29130 -1520.18 1753.98
29160 -1509.26 1755.43
29190 -1515.43 1741.5
29220 -1521.04 1747.72
29250 -1507.8 1735.52
29280 -1511.85 1741.72
29310 -1512.82 1744.19
29340 -1510.41 1743.28
29370 -1516 1745.69
29400 -1512.53 1748.21
29430 -1512.52 1750.32
29460 -1512.35 1734.39
29490 -1511.47 1737.55
29520 -1523.08 1726.14
29550 -1521.34 1749.54
29580 -1540.88 1761.97
29610 -1557.17 1766.39
29640 -1551.88 1765.21
29670 -1544.62 1776.65
29700 -1524.89 1764.55
29730 -1528.83 1771.35
