0 -324.355 -112.732
30 -356.057 -104.16
60 -393.719 -93.6964
90 -430.748 -87.6854
120 -430.748 -90.8022
150 -490.899 -41.3775
180 -492.344 -15.4409
210 -491.532 -14.7731
240 -473.463 -43.5906
270 -438.714 -86.4385
300 -340.07 -16.0858
330 -279.685 176.604
360 -32.0364 313.657
390 210.897 318.622
420 257.573 390.978
450 136.079 480.566
480 -317.925 525.984
510 -370.001 545.219
540 -367.617 544.551
570 -366.858 543.594
600 -367.274 543.973
630 -366.407 542.748
660 -366.895 542.882
690 -367.292 543.46
720 -367.274 543.728
750 -367.671 544.885
780 -367.382 542.948
810 -368.358 545.086
840 -368.972 551.965
870 -368.99 552.076
900 -369.694 551.542
930 -370.507 549.783
960 -370.579 546.355
990 -370.272 545.286
1020 -369.911 544.774
1050 -369.821 545.442
1080 -369.785 545.754
1110 -369.694 545.42
1140 -369.604 544.796
1170 -369.46 543.349
1200 -369.333 543.037
1230 -369.225 543.26
1260 -368.827 543.149
1290 -368.502 543.082
1320 -368.195 542.971
1350 -368.159 542.926
1380 -368.538 542.859
1410 -368.863 542.637
1440 -369.514 542.303
1470 -369.622 542.436
1500 -369.875 541.924
1530 -370.688 541.902
1560 -371.031 542.37
1590 -371.808 543.127
1620 -371.916 543.594
1650 -373.379 543.705
1680 -373.307 543.883
1710 -372.837 544.24
1740 -372.603 543.349
1770 -372.169 542.748
1800 -371.97 541.568
1830 -370.959 540.811
1860 -369.297 540.633
1890 -368.845 540.678
1920 -369.586 540.232
1950 -370.471 540.277
1980 -370.272 540.054
2010 -370.236 539.409
2040 -369.947 538.963
2070 -369.116 539.164
2100 -368.267 539.475
2130 -367.346 540.21
2160 -365.793 542.325
2190 -365.377 542.837
2220 -365.233 543.037
2250 -365.504 543.438
2280 -365.594 543.082
2310 -365.486 542.681
2340 -365.413 542.37
2370 -365.504 542.036
2400 -365.738 541.524
2430 -366.84 539.854
2460 -366.858 539.787
2490 -366.895 540.188
2520 -366.714 540.344
2550 -366.642 538.206
2580 -367.093 540.032
2610 -365.359 539.52
2640 -365.468 540.032
2670 -365.323 539.965
2700 -365.486 541.59
2730 -366.533 540.9
2760 -367.617 542.77
2790 -367.364 543.683
2820 -367.834 543.327
2850 -371.898 540.499
2880 -373.181 538.34
2910 -377.823 535
2940 -300.44 555.772
2970 -244.714 691.401
3000 -186.135 760.84
3030 -184.961 757.056
3060 -184.654 755.898
3090 -184.943 756.232
3120 -184.943 755.453
3150 -184.997 756.232
3180 -184.527 756.588
3210 -184.979 757.323
3240 -144.101 757.234
3270 -69.8973 530.392
3300 214.384 385.257
3330 109.363 176.96
3360 28.9455 21.3838
3390 42.8 34.4297
3420 39.0971 33.8733
3450 24.1045 14.1259
3480 10.7741 -8.98401
3510 -15.6893 -28.4646
3540 -32.4701 -50.5054
3570 -67.8561 -54.8246
3600 -70.9269 -67.4924
3630 -67.1336 -69.9859
3660 -67.1336 -69.9859
3690 -67.1336 -69.9859
3720 -67.1336 -69.9859
3750 -67.1336 -69.9859
3780 -67.1336 -69.9859
3810 -67.1336 -69.9859
3840 -67.1336 -69.9859
3870 -67.1336 -69.9859
3900 -67.1336 -69.9859
3930 -67.1336 -69.9859
3960 -67.1336 -69.9859
3990 -67.1336 -69.9859
4020 -67.1336 -69.9859
4050 -67.1336 -69.9859
4080 -67.1336 -69.9859
4110 -67.1336 -69.9859
4140 -67.1336 -69.9859
4170 -67.1336 -69.9859
4200 -67.1336 -69.9859
4230 -67.1336 -69.9859
4260 -67.1336 -69.9859
4290 -67.1336 -69.9859
4320 -67.1336 -69.9859
4350 -67.1336 -69.9859
4380 -67.1336 -69.9859
4410 -67.1336 -69.9859
4440 -67.1336 -69.9859
4470 -67.1336 -69.9859
4500 -67.1336 -69.9859
4530 -67.1336 -69.9859
4560 -67.1336 -69.9859
4590 -67.1336 -69.9859
4620 -67.1336 -69.9859
4650 -67.1336 -69.9859
4680 -67.1336 -69.9859
4710 -67.1336 -69.9859
4740 -67.1336 -69.9859
4770 -67.1336 -69.9859
4800 -67.1336 -69.9859
4830 -67.1336 -69.9859
4860 -67.1336 -69.9859
4890 -67.1336 -69.9859
4920 -67.1336 -69.9859
4950 -67.1336 -69.9859
4980 -67.1336 -69.9859
5010 -67.1336 -69.9859
5040 -67.1336 -69.9859
5070 -67.1336 -69.9859
5100 -67.1336 -69.9859
5130 -67.1336 -69.9859
5160 -67.1336 -69.9859
5190 -67.1336 -69.9859
5220 -67.1336 -69.9859
5250 -67.1336 -69.9859
5280 -67.1336 -69.9859
5310 -67.1336 -69.9859
5340 -67.1336 -69.9859
5370 -67.1336 -69.9859
5400 -67.1336 -69.9859
5430 -67.1336 -69.9859
5460 -67.1336 -69.9859
5490 -67.1336 -69.9859
5520 -67.1336 -69.9859
5550 -67.1336 -69.9859
5580 -67.1336 -69.9859
5610 -67.1336 -69.9859
5640 -67.1336 -69.9859
5670 -67.1336 -69.9859
5700 -67.1336 -69.9859
5730 -67.1336 -69.9859
5760 -67.1336 -69.9859
5790 -67.1336 -69.9859
5820 -67.1336 -69.9859
5850 -67.1336 -69.9859
5880 -67.1336 -69.9859
5910 -67.1336 -69.9859
5940 -67.1336 -69.9859
5970 -67.1336 -69.9859
6000 -67.1336 -69.9859
6030 -67.1336 -69.9859
6060 -67.1336 -69.9859
6090 -67.1336 -69.9859
6120 -67.1336 -69.9859
6150 -67.1336 -69.9859
6180 -67.1336 -69.9859
6210 -67.1336 -69.9859
6240 -67.1336 -69.9859
6270 -67.1336 -69.9859
6300 -67.1336 -69.9859
6330 -67.1336 -69.9859
6360 -67.1336 -69.9859
6390 -67.1336 -69.9859
6420 -67.1336 -69.9859
6450 -67.1336 -69.9859
6480 -67.1336 -69.9859
6510 -67.1336 -69.9859
6540 -67.1336 -69.9859
6570 -67.1336 -69.9859
6600 -67.1336 -69.9859
6630 -67.1336 -69.9859
6660 -67.1336 -69.9859
6690 -67.1336 -69.9859
6720 -67.1336 -69.9859
6750 -67.1336 -69.9859
6780 -67.1336 -69.9859
6810 -67.1336 -69.9859
6840 -67.1336 -69.9859
6870 -67.1336 -69.9859
6900 -67.1336 -69.9859
6930 -67.1336 -69.9859
6960 -67.1336 -69.9859
6990 -67.1336 -69.9859
7020 -67.1336 -69.9859
7050 -67.1336 -69.9859
7080 -67.1336 -69.9859
7110 -67.1336 -69.9859
7140 -67.1336 -69.9859
7170 -67.1336 -69.9859
7200 -67.1336 -69.9859
7230 -67.1336 -69.9859
7260 -67.1336 -69.9859
7290 -67.1336 -69.9859
7320 -67.1336 -69.9859
7350 -67.1336 -69.9859
7380 -67.1336 -69.9859
7410 -67.1336 -69.9859
7440 -67.1336 -69.9859
7470 -67.1336 -69.9859
7500 -67.1336 -69.9859
7530 -67.1336 -69.9859
7560 -67.1336 -69.9859
7590 -67.1336 -69.9859
7620 -67.1336 -69.9859
7650 -67.1336 -69.9859
7680 -67.1336 -69.9859
7710 -67.1336 -69.9859
7740 -67.1336 -69.9859
7770 -67.1336 -69.9859
7800 -67.1336 -69.9859
7830 -67.1336 -69.9859
7860 -67.1336 -69.9859
7890 -67.1336 -69.9859
7920 -67.1336 -69.9859
7950 -67.1336 -69.9859
7980 -67.1336 -69.9859
8010 -67.1336 -69.9859
8040 -67.1336 -69.9859
8070 -67.1336 -69.9859
8100 -67.1336 -69.9859
8130 -67.1336 -69.9859
8160 -67.1336 -69.9859
8190 -67.1336 -69.9859
8220 -67.1336 -69.9859
8250 -67.1336 -69.9859
8280 -67.1336 -69.9859
8310 -67.1336 -69.9859
8340 -67.1336 -69.9859
8370 -67.1336 -69.9859
8400 -67.1336 -69.9859
8430 -67.1336 -69.9859
8460 -67.1336 -69.9859
8490 -67.1336 -69.9859
8520 -67.1336 -69.9859
8550 -67.1336 -69.9859
8580 -67.1336 -69.9859
8610 -67.1336 -69.9859
8640 -67.1336 -69.9859
8670 -67.1336 -69.9859
8700 -67.1336 -69.9859
8730 -67.1336 -69.9859
8760 -67.1336 -69.9859
8790 -67.1336 -69.9859
8820 -67.1336 -69.9859
8850 -67.1336 -69.9859
8880 -67.1336 -69.9859
8910 -67.1336 -69.9859
8940 -67.1336 -69.9859
8970 -67.1336 -69.9859
9000 -67.1336 -69.9859
9030 -67.1336 -69.9859
9060 -67.1336 -69.9859
9090 -67.1336 -69.9859
9120 -67.1336 -69.9859
9150 -67.1336 -69.9859
9180 -67.1336 -69.9859
9210 -67.1336 -69.9859
9240 -67.1336 -69.9859
9270 -67.1336 -69.9859
9300 -67.1336 -69.9859
9330 -67.1336 -69.9859
9360 -67.1336 -69.9859
9390 -67.1336 -69.9859
9420 -67.1336 -69.9859
9450 -67.1336 -69.9859
9480 -67.1336 -69.9859
9510 -67.1336 -69.9859
9540 -67.1336 -69.9859
9570 -67.1336 -69.9859
9600 -67.1336 -69.9859
9630 -67.1336 -69.9859
9660 -67.1336 -69.9859
9690 -67.1336 -69.9859
9720 -67.1336 -69.9859
9750 -67.1336 -69.9859
9780 -67.1336 -69.9859
9810 -67.1336 -69.9859
9840 -67.1336 -69.9859
9870 -67.1336 -69.9859
9900 -67.1336 -69.9859
9930 -67.1336 -69.9859
9960 -67.1336 -69.9859
9990 -67.1336 -69.9859
10020 -67.1336 -69.9859
10050 -67.1336 -69.9859
10080 -67.1336 -69.9859
10110 -67.1336 -69.9859
10140 -67.1336 -69.9859
10170 -67.1336 -69.9859
10200 -67.1336 -69.9859
10230 -67.1336 -69.9859
10260 -67.1336 -69.9859
10290 -67.1336 -69.9859
10320 -67.1336 -69.9859
10350 -67.1336 -69.9859
10380 -67.1336 -69.9859
10410 -67.1336 -69.9859
10440 -67.1336 -69.9859
10470 -67.1336 -69.9859
10500 -67.1336 -69.9859
10530 -67.1336 -69.9859
10560 -67.1336 -69.9859
10590 -67.1336 -69.9859
10620 -67.1336 -69.9859
10650 -67.1336 -69.9859
10680 -67.1336 -69.9859
10710 -67.1336 -69.9859
10740 -67.1336 -69.9859
10770 -67.1336 -69.9859
10800 -67.1336 -69.9859
10830 -67.1336 -69.9859
10860 -67.1336 -69.9859
10890 -67.1336 -69.9859
10920 -67.1336 -69.9859
10950 -67.1336 -69.9859
10980 -67.1336 -69.9859
11010 -67.1336 -69.9859
11040 -67.1336 -69.9859
11070 -67.1336 -69.9859
11100 -67.1336 -69.9859
11130 -67.1336 -69.9859
11160 -67.1336 -69.9859
11190 -67.1336 -69.9859
11220 -67.1336 -69.9859
11250 -67.1336 -69.9859
11280 -67.1336 -69.9859
11310 -67.1336 -69.9859
11340 -67.1336 -69.9859
11370 -67.1336 -69.9859
11400 -67.1336 -69.9859
11430 -67.1336 -69.9859
11460 -67.1336 -69.9859
11490 -67.1336 -69.9859
11520 -67.1336 -69.9859
11550 -67.1336 -69.9859
11580 -67.1336 -69.9859
11610 -67.1336 -69.9859
11640 -67.1336 -69.9859
11670 -67.1336 -69.9859
11700 -67.1336 -69.9859
11730 -67.1336 -69.9859
11760 -67.1336 -69.9859
11790 -67.1336 -69.9859
11820 -67.1336 -69.9859
11850 -67.1336 -69.9859
11880 -67.1336 -69.9859
11910 -67.1336 -69.9859
11940 -67.1336 -69.9859
11970 -67.1336 -69.9859
12000 -67.1336 -69.9859
12030 -67.1336 -69.9859
12060 -67.1336 -69.9859
12090 -67.1336 -69.9859
12120 -67.1336 -69.9859
12150 -67.1336 -69.9859
12180 -67.1336 -69.9859
12210 -67.1336 -69.9859
12240 -67.1336 -69.9859
12270 -67.1336 -69.9859
12300 -67.1336 -69.9859
12330 -67.1336 -69.9859
12360 -67.1336 -69.9859
12390 -67.1336 -69.9859
12420 -67.1336 -69.9859
12450 -67.1336 -69.9859
12480 -67.1336 -69.9859
12510 -67.1336 -69.9859
12540 -67.1336 -69.9859
12570 -67.1336 -69.9859
12600 -67.1336 -69.9859
12630 -67.1336 -69.9859
12660 -67.1336 -69.9859
12690 -67.1336 -69.9859
12720 -67.1336 -69.9859
12750 -67.1336 -69.9859
12780 -67.1336 -69.9859
12810 -67.1336 -69.9859
12840 -67.1336 -69.9859
12870 -67.1336 -69.9859
12900 -67.1336 -69.9859
12930 -67.1336 -69.9859
12960 -67.1336 -69.9859
12990 -67.1336 -69.9859
13020 -67.1336 -69.9859
13050 -67.1336 -69.9859
13080 -67.1336 -69.9859
13110 -67.1336 -69.9859
13140 -67.1336 -69.9859
13170 -67.1336 -69.9859
13200 -67.1336 -69.9859
13230 -67.1336 -69.9859
13260 -67.1336 -69.9859
13290 -67.1336 -69.9859
13320 -67.1336 -69.9859
13350 -67.1336 -69.9859
13380 -67.1336 -69.9859
13410 -67.1336 -69.9859
13440 -67.1336 -69.9859
13470 -67.1336 -69.9859
13500 -67.1336 -69.9859
13530 -67.1336 -69.9859
13560 -67.1336 -69.9859
13590 -67.1336 -69.9859
13620 -67.1336 -69.9859
13650 -67.1336 -69.9859
13680 -67.1336 -69.9859
13710 -67.1336 -69.9859
13740 -67.1336 -69.9859
13770 -67.1336 -69.9859
13800 -67.1336 -69.9859
13830 -67.1336 -69.9859
13860 -67.1336 -69.9859
13890 -67.1336 -69.9859
13920 -67.1336 -69.9859
13950 -67.1336 -69.9859
13980 -67.1336 -69.9859
14010 -67.1336 -69.9859
14040 -67.1336 -69.9859
14070 -67.1336 -69.9859
14100 -67.1336 -69.9859
14130 -67.1336 -69.9859
14160 -67.1336 -69.9859
14190 -67.1336 -69.9859
14220 -67.1336 -69.9859
14250 -67.1336 -69.9859
14280 -67.1336 -69.9859
14310 -67.1336 -69.9859
14340 -67.1336 -69.9859
14370 -67.1336 -69.9859
14400 -67.1336 -69.9859
14430 -67.1336 -69.9859
14460 -67.1336 -69.9859
14490 -67.1336 -69.9859
14520 -67.1336 -69.9859
14550 -67.1336 -69.9859
14580 -67.1336 -69.9859
14610 -67.1336 -69.9859
14640 -67.1336 -69.9859
14670 -67.1336 -69.9859
14700 -67.1336 -69.9859
14730 -67.1336 -69.9859
14760 -67.1336 -69.9859
14790 -67.1336 -69.9859
14820 -67.1336 -69.9859
14850 -67.1336 -69.9859
14880 -67.1336 -69.9859
14910 -67.1336 -69.9859
14940 -67.1336 -69.9859
14970 -67.1336 -69.9859
15000 -67.1336 -69.9859
15030 -67.1336 -69.9859
15060 -67.1336 -69.9859
15090 -67.1336 -69.9859
15120 -67.1336 -69.9859
15150 -67.1336 -69.9859
15180 -67.1336 -69.9859
15210 -67.1336 -69.9859
15240 -67.1336 -69.9859
15270 -67.1336 -69.9859
15300 -67.1336 -69.9859
15330 -67.1336 -69.9859
15360 -67.1336 -69.9859
15390 -67.1336 -69.9859
15420 -67.1336 -69.9859
15450 -67.1336 -69.9859
15480 -67.1336 -69.9859
15510 -67.1336 -69.9859
15540 -67.1336 -69.9859
15570 -67.1336 -69.9859
15600 -67.1336 -69.9859
15630 -67.1336 -69.9859
15660 -67.1336 -69.9859
15690 -67.1336 -69.9859
15720 -67.1336 -69.9859
15750 -67.1336 -69.9859
15780 -67.1336 -69.9859
15810 -67.1336 -69.9859
15840 -67.1336 -69.9859
15870 -67.1336 -69.9859
15900 -67.1336 -69.9859
15930 -67.1336 -69.9859
15960 -67.1336 -69.9859
15990 -67.1336 -69.9859
16020 -67.1336 -69.9859
16050 -67.1336 -69.9859
16080 -67.1336 -69.9859
16110 -67.1336 -69.9859
16140 -67.1336 -69.9859
16170 -67.1336 -69.9859
16200 -67.1336 -69.9859
16230 -67.1336 -69.9859
16260 -67.1336 -69.9859
16290 -67.1336 -69.9859
16320 -67.1336 -69.9859
16350 -67.1336 -69.9859
16380 -67.1336 -69.9859
16410 -67.1336 -69.9859
16440 -67.1336 -69.9859
16470 -67.1336 -69.9859
16500 -67.1336 -69.9859
16530 -67.1336 -69.9859
16560 -67.1336 -69.9859
16590 -67.1336 -69.9859
16620 -67.1336 -69.9859
16650 -67.1336 -69.9859
16680 -67.1336 -69.9859
16710 -67.1336 -69.9859
16740 -67.1336 -69.9859
16770 -67.1336 -69.9859
16800 -67.1336 -69.9859
16830 -67.1336 -69.9859
16860 -67.1336 -69.9859
16890 -67.1336 -69.9859
16920 -67.1336 -69.9859
16950 -67.1336 -69.9859
16980 -67.1336 -69.9859
17010 -67.1336 -69.9859
17040 -67.1336 -69.9859
17070 -67.1336 -69.9859
17100 -67.1336 -69.9859
17130 -67.1336 -69.9859
17160 -67.1336 -69.9859
17190 -67.1336 -69.9859
17220 -67.1336 -69.9859
17250 -67.1336 -69.9859
17280 -67.1336 -69.9859
17310 -67.1336 -69.9859
17340 -67.1336 -69.9859
17370 -67.1336 -69.9859
17400 -67.1336 -69.9859
17430 -67.1336 -69.9859
17460 -67.1336 -69.9859
17490 -67.1336 -69.9859
17520 -67.1336 -69.9859
17550 -67.1336 -69.9859
17580 -67.1336 -69.9859
17610 -67.1336 -69.9859
17640 -67.1336 -69.9859
17670 -67.1336 -69.9859
17700 -67.1336 -69.9859
17730 -67.1336 -69.9859
17760 -67.1336 -69.9859
17790 -67.1336 -69.9859
17820 -67.1336 -69.9859
17850 -67.1336 -69.9859
17880 -67.1336 -69.9859
17910 -67.1336 -69.9859
17940 -67.1336 -69.9859
17970 -67.1336 -69.9859
18000 -67.1336 -69.9859
18030 -67.1336 -69.9859
18060 -67.1336 -69.9859
18090 -67.1336 -69.9859
18120 -67.1336 -69.9859
18150 -67.1336 -69.9859
18180 -67.1336 -69.9859
18210 -67.1336 -69.9859
18240 -67.1336 -69.9859
18270 -67.1336 -69.9859
18300 -67.1336 -69.9859
18330 -67.1336 -69.9859
18360 -67.1336 -69.9859
18390 -67.1336 -69.9859
18420 -67.1336 -69.9859
18450 -67.1336 -69.9859
18480 -67.1336 -69.9859
18510 -67.1336 -69.9859
18540 -67.1336 -69.9859
18570 -67.1336 -69.9859
18600 -67.1336 -69.9859
18630 -67.1336 -69.9859
18660 -67.1336 -69.9859
18690 -67.1336 -69.9859
18720 -67.1336 -69.9859
18750 -67.1336 -69.9859
18780 -67.1336 -69.9859
18810 -67.1336 -69.9859
18840 -67.1336 -69.9859
18870 -67.1336 -69.9859
18900 -67.1336 -69.9859
18930 -67.1336 -69.9859
18960 -67.1336 -69.9859
18990 -67.1336 -69.9859
19020 -67.1336 -69.9859
19050 -67.1336 -69.9859
19080 -67.1336 -69.9859
19110 -67.1336 -69.9859
19140 -67.1336 -69.9859
19170 -67.1336 -69.9859
19200 -67.1336 -69.9859
19230 -67.1336 -69.9859
19260 -67.1336 -69.9859
19290 -67.1336 -69.9859
19320 -67.1336 -69.9859
19350 -67.1336 -69.9859
19380 -67.1336 -69.9859
19410 -67.1336 -69.9859
19440 -67.1336 -69.9859
19470 -67.1336 -69.9859
19500 -67.1336 -69.9859
19530 -67.1336 -69.9859
19560 -67.1336 -69.9859
19590 -67.1336 -69.9859
19620 -67.1336 -69.9859
19650 -67.1336 -69.9859
19680 -67.1336 -69.9859
19710 -67.1336 -69.9859
19740 -67.1336 -69.9859
19770 -67.1336 -69.9859
19800 -67.1336 -69.9859
19830 -67.1336 -69.9859
19860 -67.1336 -69.9859
19890 -67.1336 -69.9859
19920 -67.1336 -69.9859
19950 -67.1336 -69.9859
19980 -67.1336 -69.9859
20010 -67.1336 -69.9859
20040 -67.1336 -69.9859
20070 -67.1336 -69.9859
20100 -67.1336 -69.9859
20130 -67.1336 -69.9859
20160 -67.1336 -69.9859
20190 -67.1336 -69.9859
20220 -67.1336 -69.9859
20250 -67.1336 -69.9859
20280 -67.1336 -69.9859
20310 -67.1336 -69.9859
20340 -67.1336 -69.9859
20370 -67.1336 -69.9859
20400 -67.1336 -69.9859
20430 -67.1336 -69.9859
20460 -67.1336 -69.9859
20490 -67.1336 -69.9859
20520 -67.1336 -69.9859
20550 -67.1336 -69.9859
20580 -67.1336 -69.9859
20610 -67.1336 -69.9859
20640 -67.1336 -69.9859
20670 -67.1336 -69.9859
20700 -67.1336 -69.9859
20730 -67.1336 -69.9859
20760 -67.1336 -69.9859
20790 -67.1336 -69.9859
20820 -67.1336 -69.9859
20850 -67.1336 -69.9859
20880 -67.1336 -69.9859
20910 -67.1336 -69.9859
20940 -67.1336 -69.9859
20970 -67.1336 -69.9859
21000 -67.1336 -69.9859
21030 -67.1336 -69.9859
21060 -67.1336 -69.9859
21090 -67.1336 -69.9859
21120 -67.1336 -69.9859
21150 -67.1336 -69.9859
21180 -67.1336 -69.9859
21210 -67.1336 -69.9859
21240 -67.1336 -69.9859
21270 -67.1336 -69.9859
21300 -67.1336 -69.9859
21330 -67.1336 -69.9859
21360 -67.1336 -69.9859
21390 -67.1336 -69.9859
21420 -67.1336 -69.9859
21450 -67.1336 -69.9859
21480 -67.1336 -69.9859
21510 -67.1336 -69.9859
21540 -67.1336 -69.9859
21570 -67.1336 -69.9859
21600 -67.1336 -69.9859
21630 -67.1336 -69.9859
21660 -67.1336 -69.9859
21690 -67.1336 -69.9859
21720 -67.1336 -69.9859
21750 -67.1336 -69.9859
21780 -67.1336 -69.9859
21810 -67.1336 -69.9859
21840 -67.1336 -69.9859
21870 -67.1336 -69.9859
21900 -67.1336 -69.9859
21930 -67.1336 -69.9859
21960 -67.1336 -69.9859
21990 -67.1336 -69.9859
22020 -67.1336 -69.9859
22050 -67.1336 -69.9859
22080 -43.5169 -49.8598
22110 -12.9201 -23.7853
22140 17.6766 2.28927
22170 40.4247 21.4283
22200 41.7434 23.1311
22230 42.0413 26.7045
22260 137.795 195.762
22290 -71.4327 307.49
22320 -316.615 155.465
22350 -607.345 320.537
22380 -804.696 191.71
22410 -1210.21 -123.986
22440 -1587.42 -335.232
22470 -1598.06 -320.46
22500 -1747.72 -418.019
22530 -1839.57 -439.458
22560 -2138.25 -555.718
22590 -2655.05 -625.069
22620 -2855.11 -612.501
22650 -3180.22 -599.844
22680 -3598.33 -857.577
22710 -3894.65 -1202.46
22740 -3917.83 -1678.97
22770 -3982.96 -2082.05
22800 -3968.97 -2071.45
22830 -3922.02 -1736.44
22860 -3905.66 -1226.14
22890 -3637.24 -947.32
22920 -3285.64 -650.85
22950 -2968.76 -570.623
22980 -2955.83 -579.173
23010 -2778.76 -866.326
23040 -2619.86 -1033.41
23070 -2453.75 -1003.3
23100 -2470.09 -917.265
23130 -2454.47 -889.491
23160 -2459.05 -895.447
23190 -2464.14 -903.128
23220 -2480.13 -913.335
23250 -2486.69 -916.519
23280 -2489.29 -923.365
23310 -2513.19 -943.035
23340 -2516.27 -930.979
23370 -2514.44 -931.803
23400 -2493.19 -833.921
23430 -2512.23 -909.328
23460 -2521.54 -915.851
23490 -2493.54 -919.38
23520 -2504.8 -923.254
23550 -2520.99 -929.821
23580 -2526.64 -924.89
23610 -2514.78 -926.849
23640 -2514.81 -918.322
23670 -2535.24 -973.391
23700 -2520.81 -967.959
23730 -2517.61 -943.291
23760 -2507.77 -918.756
23790 -2513.25 -911.588
23820 -2506.81 -913.97
23850 -2508.75 -914.437
23880 -2514.47 -933.316
23910 -2521.26 -929.465
23940 -2511.73 -909.651
23970 -2517.92 -925.068
24000 -2516.97 -942.1
24030 -2524.38 -939.929
24060 -2519.37 -944.604
24090 -2504.01 -915.606
24120 -2514.94 -938.593
24150 -2513.63 -942.378
24180 -2516.75 -934.864
24210 -2521.13 -938.204
24240 -2507.58 -934.753
24270 -2519.91 -939.15
24300 -2529.08 -942.489
24330 -2443.55 -861.228
24360 -2471.81 -892.285
24390 -2518.28 -938.037
24420 -2513.63 -928.575
24450 -2516.43 -941.042
24480 -2517.63 -943.596
24510 -2514.37 -955.68
24540 -2515.71 -934.519
24570 -2514.29 -939.996
24600 -2508.26 -930.879
24630 -2503.94 -927.127
24660 -2498.77 -922.131
24690 -2546.14 -952.557
24720 -2564.43 -971.287
24750 -2538.56 -963.306
24780 -2516.69 -934.875
24810 -2515.84 -926.037
24840 -2516.49 -921.35
24870 -2508.19 -939.606
24900 -2514.2 -935.187
24930 -2515.18 -940.719
24960 -2511.31 -940.285
24990 -2505.29 -931.102
25020 -2507.43 -932.638
25050 -2506.41 -932.448
25080 -2504.64 -936.378
25110 -2509.24 -931.803
25140 -2506.22 -934.04
25170 -2507.98 -925.491
25200 -2513.25 -927.929
25230 -2516.07 -937.825
25260 -2509.35 -926.571
25290 -2509.5 -933.461
25320 -2509.87 -934.474
25350 -2509.56 -935.432
25380 -2509.63 -948.367
25410 -2510.35 -938.76
25440 -2512.66 -933.662
25470 -2512.83 -934.986
25500 -2512.82 -932.805
25530 -2502.63 -935.599
25560 -2494.37 -936.89
25590 -2490.08 -936.857
25620 -2494.48 -937.057
25650 -2496.52 -937.948
25680 -2502.4 -944.615
25710 -2495.57 -933.55
25740 -2500.41 -938.315
25770 -2499.32 -936.467
25800 -2497.07 -935.176
25830 -2497.94 -935.699
25860 -2497.85 -936.422
25890 -2497.8 -937.658
25920 -2499.43 -930.434
25950 -2499.88 -933.873
25980 -2502.01 -933.016
26010 -2502.75 -932.582
26040 -2500.45 -932.76
26070 -2504.83 -941.198
26100 -2503.31 -935.409
26130 -2502.84 -936.3
26160 -2497.12 -940.953
26190 -2495.51 -934.486
26220 -2503.85 -941.955
26250 -2504.26 -938.426
26280 -2502.94 -929.554
26310 -2502.12 -925.057
26340 -2504.38 -928.096
26370 -2507.75 -942.333
26400 -2502.34 -931.202
26430 -2507.15 -934.853
26460 -2505.86 -927.717
26490 -2506.88 -928.374
26520 -2506.92 -928.04
26550 -2509.19 -921.228
26580 -2512.61 -927.239
26610 -2516.66 -931.669
26640 -2514.19 -923.554
26670 -2512.16 -939.94
26700 -2511.7 -941.977
26730 -2507.74 -934.218
26760 -2508.72 -946.007
26790 -2505.48 -932.515
26820 -2509.29 -928.786
26850 -2506.31 -935.287
26880 -2504.78 -928.23
26910 -2504.47 -933.973
26940 -2506.69 -926.938
26970 -2505.91 -928.875
27000 -2506.89 -922.742
27030 -2505.76 -924.634
27060 -2505.66 -925.97
27090 -2503.29 -915.428
27120 -2506.01 -935.91
27150 -2511.26 -922.163
27180 -2503.36 -925.547
27210 -2502.41 -929.643
27240 -2502.8 -932.704
27270 -2505.81 -920.994
27300 -2503.44 -927.15
27330 -2504.76 -924.434
27360 -2505.76 -919.858
27390 -2506.01 -919.046
27420 -2503.45 -914.426
27450 -2503.15 -924.367
27480 -2503.96 -921.528
27510 -2501.4 -928.753
27540 -2503.11 -924.534
27570 -2501.14 -930.534
27600 -2499.35 -934.152
27630 -2503.02 -924.445
27660 -2513.99 -912.489
27690 -2494.2 -915.228
27720 -2497.65 -919.836
27750 -2500.07 -924.378
27780 -2500.6 -924.356
27810 -2504.73 -919.714
27840 -2511.2 -902.404
27870 -2504.41 -922.653
27900 -2500.95 -935.209
27930 -2513.04 -930.133
27960 -2513.21 -931.313
27990 -2508.93 -933.951
28020 -2504.13 -935.409
28050 -2494.34 -933.194
28080 -2501.11 -928.998
28110 -2512.86 -918.3
28140 -2517.92 -920.037
28170 -2509.94 -924.801
28200 -2508.05 -924.4
28230 -2510.34 -922.452
28260 -2508 -931.758
28290 -2508.83 -933.294
28320 -2506.11 -942.166
28350 -2506.99 -938.371
28380 -2506.97 -938.404
28410 -2507.9 -937.101
28440 -2504.97 -941.176
28470 -2503.06 -938.56
28500 -2507.52 -932.371
28530 -2511.22 -932.805
28560 -2510.2 -926.371
28590 -2504.53 -929.666
28620 -2505.71 -929.743
28650 -2506.96 -930.289
28680 -2511.26 -933.662
28710 -2506.75 -939.717
28740 -2499.28 -937.469
28770 -2508 -928.029
28800 -2516.55 -926.371
28830 -2511.54 -929.621
28860 -2513.1 -942.422
28890 -2522.26 -931.079
28920 -2523.86 -933.851
28950 -2519.25 -927.562
28980 -2524.19 -926.693
29010 -2524.82 -928.23
29040 -2520.27 -928.474
29070 -2508.29 -931.424
29100 -2518.49 -928.942
29130 -2519.85 -931.669
29160 -2523.32 -926.137
29190 -2516.54 -921.306
29220 -2514.05 -912.868
29250 -2520.13 -906.033
29280 -2502.94 -937.09
29310 -2489.61 -962.393
29340 -2499.67 -947.71
29370 -2501.6 -929.621
29400 -2500.18 -920.382
29430 -2500.64 -923.966
29460 -2496.74 -943.202
29490 -2490.49 -950.838
29520 -2490.75 -953.398
29550 -2491.25 -947.398
29580 -2476.39 -973.536
29610 -2489.11 -954.411
29640 -2487.95 -950.137
29670 -2502.95 -934.074
29700 -2504.74 -941.554
29730 -2500.61 -945.294
29760 -2513.99 -933.762
29790 -2515.1 -938.037
29820 -2505.05 -952.341
29850 -2501.15 -949.524
29880 -2502.67 -934.563
29910 -2505.76 -933.272
29940 -2503.62 -937.335
29970 -2499.51 -938.504
30000 -2491.74 -937.38
30030 -2498.64 -945.317
30060 -2499.51 -931.792
30090 -2505.41 -933.673
30120 -2506.16 -935.799
30150 -2505.44 -934.953
30180 -2501.09 -936.534
30210 -2499.4 -942.879
30240 -2508.56 -943.202
30270 -2512.99 -942.233
30300 -2509.43 -939.751
30330 -2513.35 -938.526
30360 -2509.46 -934.719
30390 -2503.73 -937.847
30420 -2509.01 -937.803
30450 -2520.38 -937.992
30480 -2509.05 -941.332
30510 -2521.66 -942.701
30540 -2512.84 -939.762
30570 -2509.15 -942.011
30600 -2510.21 -934.931
30630 -2508.84 -921.027
30660 -2508.3 -931.324
30690 -2498.85 -957.294
30720 -2507.21 -938.738
30750 -2514.84 -937.858
30780 -2510.48 -937.502
30810 -2510.36 -936.567
30840 -2509.23 -936.912
30870 -2501.7 -934.352
30900 -2504.77 -935.243
30930 -2506.51 -944.782
30960 -2503.4 -943.168
30990 -2506.69 -913.914
31020 -2510.03 -924.545
31050 -2518.06 -914.682
31080 -2507.1 -938.181
31110 -2516.67 -944.704
31140 -2509.34 -938.482
31170 -2510.09 -919.28
31200 -2507.21 -937.079
31230 -2510.27 -927.617
31260 -2501.78 -936.467
31290 -2514.27 -912.801
31320 -2510.73 -913.413
31350 -2506.96 -936.5
31380 -2501.86 -955.402
31410 -2507.18 -925.914
31440 -2509.92 -917.487
31470 -2512.27 -938.905
31500 -2510.96 -937.079
31530 -2509.55 -942.244
31560 -2514.71 -944.181
31590 -2509.74 -940.241
31620 -2499.7 -933.306
31650 -2499.89 -933.384
31680 -2497.76 -944.17
31710 -2502.72 -939.584
31740 -2505.68 -929.588
31770 -2510.9 -937.458
31800 -2501.65 -941.755
31830 -2497.93 -957.294
31860 -2486.29 -1049.73
31890 -2492.63 -1010.66
31920 -2492.01 -977.165
31950 -2500.23 -942.111
31980 -2497.26 -928.608
32010 -2502.27 -931.714
32040 -2504.35 -922.541
32070 -2505.66 -935.465
32100 -2506.6 -935.521
32130 -2507.53 -934.063
32160 -2507.6 -932.905
32190 -2501.28 -938.348
32220 -2516.84 -930.857
32250 -2500.83 -929.265
32280 -2515.39 -928.007
32310 -2517.92 -935.176
32340 -2514.08 -919.692
32370 -2506.97 -938.983
32400 -2506.14 -933.283
32430 -2506.74 -925.625
32460 -2504.83 -925.569
32490 -2500.95 -942.278
32520 -2490.89 -947.732
32550 -2500.43 -945.818
32580 -2497.46 -941.365
32610 -2506.71 -945.628
32640 -2508.86 -948.3
32670 -2514.03 -940.92
32700 -2511.3 -940.018
32730 -2504.08 -934.363
32760 -2502.74 -933.829
32790 -2505.07 -940.808
32820 -2506.44 -940.653
32850 -2505.28 -940.586
32880 -2512.92 -944.226
32910 -2512.29 -947.588
32940 -2510.46 -936.2
32970 -2510.24 -935.02
33000 -2507.99 -932.304
33030 -2509.23 -928.096
33060 -2508.34 -927.228
33090 -2501.47 -933.762
33120 -2506.13 -936.667
33150 -2508.93 -939.161
33180 -2519.98 -943.602
33210 -2515.1 -940.831
33240 -2501.71 -937.224
33270 -2500.51 -939.317
33300 -2510.5 -936.623
33330 -2507.25 -933.45
33360 -2503.99 -940.107
33390 -2497.33 -939.528
33420 -2501.9 -941.098
33450 -2503.14 -945.094
33480 -2509.01 -938.393
33510 -2511.84 -973.024
33540 -2509.48 -958.107
33570 -2506.36 -940.118
33600 -2503.28 -940.864
33630 -2509.72 -941.866
33660 -2502.63 -937.636
33690 -2495.05 -940.474
33720 -2473.59 -961.38
33750 -2503.13 -941.087
33780 -2501.7 -936.5
33810 -2507.17 -939.762
33840 -2501.61 -933.083
33870 -2509.71 -945.083
33900 -2502.2 -942.645
33930 -2517.75 -949.669
33960 -2498.36 -944.126
33990 -2505.11 -939.005
34020 -2501.22 -939.795
34050 -2498.64 -960.823
34080 -2484.07 -990.4
34110 -2495.69 -953.944
34140 -2505.83 -933.985
34170 -2526.48 -918.098
34200 -2521.58 -936.701
34230 -2517.24 -909.539
34260 -2516.07 -915.884
34290 -2514.53 -925.012
34320 -2511.01 -924.011
34350 -2509.21 -925.68
34380 -2507.49 -929.243
34410 -2507.58 -928.686
34440 -2517.7 -945.383
34470 -2512.37 -943.602
34500 -2505.05 -935.81
34530 -2504.51 -929.354
34560 -2511.64 -939.595
34590 -2504.87 -931.691
34620 -2511.01 -938.259
34650 -2512.37 -938.482
34680 -2509.75 -934.029
34710 -2506.32 -935.588
34740 -2523.2 -939.595
34770 -2517.15 -943.602
34800 -2516.25 -937.48
34830 -2513.9 -937.591
34860 -2508.66 -942.489
34890 -2506.32 -941.376
34920 -2504.42 -935.922
34950 -2507.85 -932.025
34980 -2506.5 -932.359
35010 -2504.24 -934.92
35040 -2509.66 -934.808
35070 -2508.12 -923.677
35100 -2510.83 -927.684
35130 -2502.79 -939.929
35160 -2503.61 -937.591
35190 -2505.77 -935.476
35220 -2503.79 -934.14
35250 -2509.12 -929.243
35280 -2509.93 -929.688
35310 -2512.37 -931.469
35340 -2507.22 -923.899
35370 -2504.96 -927.907
35400 -2500.81 -929.688
35430 -2511.64 -930.69
35460 -2516.34 -928.241
35490 -2515.8 -927.461
35520 -2510.11 -931.024
35550 -2507.31 -925.235
35580 -2518.33 -934.363
35610 -2509.93 -931.469
35640 -2510.56 -934.14
35670 -2505.5 -935.365
35700 -2507.04 -933.473
35730 -2513 -935.699
35760 -2512.28 -932.359
35790 -2507.85 -934.92
