0 -1516.08 1739.7
30 -1516.08 1739.7
60 -1516.08 1739.7
90 -1516.08 1739.7
120 -1516.08 1739.7
150 -1516.08 1739.7
180 -1516.08 1739.7
210 -1516.08 1739.7
240 -1516.08 1739.7
270 -1516.08 1739.7
300 -1516.08 1739.7
330 -1516.08 1739.7
360 -1516.08 1739.7
390 -1516.08 1739.7
420 -1516.08 1739.7
450 -1516.08 1739.7
480 -1516.08 1739.7
510 -1516.08 1739.7
540 -1516.08 1739.7
570 -1516.08 1739.7
600 -1516.08 1739.7
630 -1516.08 1739.7
660 -1516.08 1739.7
690 -1516.08 1739.7
720 -1516.08 1739.7
750 -1516.08 1739.7
780 -1516.08 1739.7
810 -1516.08 1739.7
840 -1516.08 1739.7
870 -1516.08 1739.7
900 -1516.08 1739.7
930 -1516.08 1739.7
960 -1516.08 1739.7
990 -1516.08 1739.7
1020 -1516.08 1739.7
1050 -1516.08 1739.7
1080 -1516.08 1739.7
1110 -1516.08 1739.7
1140 -1516.08 1739.7
1170 -1516.08 1739.7
1200 -1516.08 1739.7
1230 -1516.08 1739.7
1260 -1516.08 1739.7
1290 -1516.08 1739.7
1320 -1516.08 1739.7
1350 -1516.08 1739.7
1380 -1516.08 1739.7
1410 -1516.08 1739.7
1440 -1516.08 1739.7
1470 -1516.08 1739.7
1500 -1516.08 1739.7
1530 -1516.08 1739.7
1560 -1516.08 1739.7
1590 -1516.08 1739.7
1620 -1516.08 1739.7
1650 -1516.08 1739.7
1680 -1516.08 1739.7
1710 -1516.08 1739.7
1740 -1516.08 1739.7
1770 -1516.08 1739.7
1800 -1516.08 1739.7
1830 -1516.08 1739.7
1860 -1516.08 1739.7
1890 -1516.08 1739.7
1920 -1516.08 1739.7
1950 -1516.08 1739.7
1980 -1516.08 1739.7
2010 -1516.08 1739.7
2040 -1516.08 1739.7
2070 -1516.08 1739.7
2100 -1516.08 1739.7
2130 -1516.08 1739.7
2160 -1516.08 1739.7
2190 -1516.08 1739.7
2220 -1516.08 1739.7
2250 -1516.08 1739.7
2280 -1516.08 1739.7
2310 -1530.44 1723.66
2340 -1557.27 1693.72
2370 -1572.44 1688.82
2400 -1582.29 1672.57
2430 -1365.44 1631.16
2460 -1211.45 1598.1
2490 -1215.06 1425.78
2520 -1214.06 1425.67
2550 -1213.79 1425.45
2580 -1213.52 1425.45
2610 -1217.95 1189.46
2640 -1225.26 782.147
2670 -1077.6 763.668
2700 -893.621 628.863
2730 -673.52 350.014
2760 -676.771 353.242
2790 -481.777 216.878
2820 -265.379 110.793
2850 -78.0619 83.2979
2880 -134.871 125.821
2910 -77.52 113.854
2940 -63.7467 101.721
2970 -58.4632 107.064
3000 -45.0512 135.116
3030 -58.2374 111.072
3060 -78.5586 74.7822
3090 -98.7895 39.1608
3120 -106.286 14.9495
3150 -113.602 -11.7671
3180 -98.2476 -42.6577
3210 -74.6299 -69.8746
3240 -53.541 -89.0768
3270 5.17146 -56.7392
3300 19.4803 -45.051
3330 19.4803 -45.051
3360 19.4803 -45.051
3390 19.4803 -45.051
3420 19.4803 -45.051
3450 19.4803 -45.051
3480 19.4803 -45.051
3510 19.4803 -45.051
3540 19.4803 -45.051
3570 19.4803 -45.051
3600 19.4803 -45.051
3630 19.4803 -45.051
3660 19.4803 -45.051
3690 19.4803 -45.051
3720 19.4803 -45.051
3750 19.4803 -45.051
3780 19.4803 -45.051
3810 19.4803 -45.051
3840 19.4803 -45.051
3870 19.4803 -45.051
3900 19.4803 -45.051
3930 19.4803 -45.051
3960 19.4803 -45.051
3990 19.4803 -45.051
4020 19.4803 -45.051
4050 19.4803 -45.051
4080 19.4803 -45.051
4110 19.4803 -45.051
4140 19.4803 -45.051
4170 19.4803 -45.051
4200 19.4803 -45.051
4230 19.4803 -45.051
4260 19.4803 -45.051
4290 19.4803 -45.051
4320 19.4803 -45.051
4350 19.4803 -45.051
4380 19.4803 -45.051
4410 19.4803 -45.051
4440 19.4803 -45.051
4470 19.4803 -45.051
4500 19.4803 -45.051
4530 19.4803 -45.051
4560 19.4803 -45.051
4590 19.4803 -45.051
4620 19.4803 -45.051
4650 19.4803 -45.051
4680 19.4803 -45.051
4710 19.4803 -45.051
4740 19.4803 -45.051
4770 19.4803 -45.051
4800 19.4803 -45.051
4830 19.4803 -45.051
4860 19.4803 -45.051
4890 19.4803 -45.051
4920 19.4803 -45.051
4950 19.4803 -45.051
4980 19.4803 -45.051
5010 19.4803 -45.051
5040 19.4803 -45.051
5070 19.4803 -45.051
5100 19.4803 -45.051
5130 19.4803 -45.051
5160 19.4803 -45.051
5190 19.4803 -45.051
5220 19.4803 -45.051
5250 19.4803 -45.051
5280 19.4803 -45.051
5310 19.4803 -45.051
5340 19.4803 -45.051
5370 19.4803 -45.051
5400 19.4803 -45.051
5430 19.4803 -45.051
5460 19.4803 -45.051
5490 19.4803 -45.051
5520 19.4803 -45.051
5550 19.4803 -45.051
5580 19.4803 -45.051
5610 19.4803 -45.051
5640 19.4803 -45.051
5670 19.4803 -45.051
5700 19.4803 -45.051
5730 19.4803 -45.051
5760 19.4803 -45.051
5790 19.4803 -45.051
5820 19.4803 -45.051
5850 19.4803 -45.051
5880 19.4803 -45.051
5910 19.4803 -45.051
5940 19.4803 -45.051
5970 19.4803 -45.051
6000 19.4803 -45.051
6030 19.4803 -45.051
6060 19.4803 -45.051
6090 19.4803 -45.051
6120 19.4803 -45.051
6150 19.4803 -45.051
6180 19.4803 -45.051
6210 19.4803 -45.051
6240 19.4803 -45.051
6270 19.4803 -45.051
6300 19.4803 -45.051
6330 19.4803 -45.051
6360 19.4803 -45.051
6390 19.4803 -45.051
6420 19.4803 -45.051
6450 19.4803 -45.051
6480 19.4803 -45.051
6510 19.4803 -45.051
6540 19.4803 -45.051
6570 19.4803 -45.051
6600 19.4803 -45.051
6630 19.4803 -45.051
6660 19.4803 -45.051
6690 19.4803 -45.051
6720 19.4803 -45.051
6750 19.4803 -45.051
6780 19.4803 -45.051
6810 19.4803 -45.051
6840 19.4803 -45.051
6870 19.4803 -45.051
6900 19.4803 -45.051
6930 19.4803 -45.051
6960 19.4803 -45.051
6990 19.4803 -45.051
7020 19.4803 -45.051
7050 19.4803 -45.051
7080 19.4803 -45.051
7110 19.4803 -45.051
7140 19.4803 -45.051
7170 19.4803 -45.051
7200 19.4803 -45.051
7230 19.4803 -45.051
7260 19.4803 -45.051
7290 19.4803 -45.051
7320 19.4803 -45.051
7350 19.4803 -45.051
7380 19.4803 -45.051
7410 19.4803 -45.051
7440 19.4803 -45.051
7470 19.4803 -45.051
7500 19.4803 -45.051
7530 19.4803 -45.051
7560 19.4803 -45.051
7590 19.4803 -45.051
7620 19.4803 -45.051
7650 19.4803 -45.051
7680 19.4803 -45.051
7710 19.4803 -45.051
7740 19.4803 -45.051
7770 19.4803 -45.051
7800 19.4803 -45.051
7830 19.4803 -45.051
7860 19.4803 -45.051
7890 19.4803 -45.051
7920 19.4803 -45.051
7950 19.4803 -45.051
7980 19.4803 -45.051
8010 19.4803 -45.051
8040 19.4803 -45.051
8070 19.4803 -45.051
8100 19.4803 -45.051
8130 19.4803 -45.051
8160 19.4803 -45.051
8190 19.4803 -45.051
8220 19.4803 -45.051
8250 19.4803 -45.051
8280 19.4803 -45.051
8310 19.4803 -45.051
8340 19.4803 -45.051
8370 19.4803 -45.051
8400 19.4803 -45.051
8430 19.4803 -45.051
8460 19.4803 -45.051
8490 19.4803 -45.051
8520 19.4803 -45.051
8550 19.4803 -45.051
8580 19.4803 -45.051
8610 19.4803 -45.051
8640 19.4803 -45.051
8670 19.4803 -45.051
8700 19.4803 -45.051
8730 19.4803 -45.051
8760 19.4803 -45.051
8790 19.4803 -45.051
8820 19.4803 -45.051
8850 19.4803 -45.051
8880 19.4803 -45.051
8910 19.4803 -45.051
8940 19.4803 -45.051
8970 19.4803 -45.051
9000 19.4803 -45.051
9030 19.4803 -45.051
9060 19.4803 -45.051
9090 19.4803 -45.051
9120 19.4803 -45.051
9150 19.4803 -45.051
9180 19.4803 -45.051
9210 19.4803 -45.051
9240 19.4803 -45.051
9270 19.4803 -45.051
9300 19.4803 -45.051
9330 19.4803 -45.051
9360 19.4803 -45.051
9390 19.4803 -45.051
9420 19.4803 -45.051
9450 19.4803 -45.051
9480 19.4803 -45.051
9510 19.4803 -45.051
9540 19.4803 -45.051
9570 19.4803 -45.051
9600 19.4803 -45.051
9630 19.4803 -45.051
9660 19.4803 -45.051
9690 19.4803 -45.051
9720 19.4803 -45.051
9750 19.4803 -45.051
9780 19.4803 -45.051
9810 19.4803 -45.051
9840 19.4803 -45.051
9870 19.4803 -45.051
9900 19.4803 -45.051
9930 19.4803 -45.051
9960 19.4803 -45.051
9990 19.4803 -45.051
10020 19.4803 -45.051
10050 19.4803 -45.051
10080 19.4803 -45.051
10110 19.4803 -45.051
10140 19.4803 -45.051
10170 19.4803 -45.051
10200 19.4803 -45.051
10230 19.4803 -45.051
10260 19.4803 -45.051
10290 19.4803 -45.051
10320 19.4803 -45.051
10350 19.4803 -45.051
10380 19.4803 -45.051
10410 19.4803 -45.051
10440 19.4803 -45.051
10470 19.4803 -45.051
10500 19.4803 -45.051
10530 19.4803 -45.051
10560 19.4803 -45.051
10590 19.4803 -45.051
10620 19.4803 -45.051
10650 19.4803 -45.051
10680 19.4803 -45.051
10710 19.4803 -45.051
10740 19.4803 -45.051
10770 19.4803 -45.051
10800 19.4803 -45.051
10830 19.4803 -45.051
10860 19.4803 -45.051
10890 19.4803 -45.051
10920 19.4803 -45.051
10950 19.4803 -45.051
10980 19.4803 -45.051
11010 19.4803 -45.051
11040 19.4803 -45.051
11070 19.4803 -45.051
11100 19.4803 -45.051
11130 19.4803 -45.051
11160 19.4803 -45.051
11190 19.4803 -45.051
11220 19.4803 -45.051
11250 19.4803 -45.051
11280 19.4803 -45.051
11310 19.4803 -45.051
11340 19.4803 -45.051
11370 19.4803 -45.051
11400 19.4803 -45.051
11430 19.4803 -45.051
11460 19.4803 -45.051
11490 19.4803 -45.051
11520 19.4803 -45.051
11550 19.4803 -45.051
11580 19.4803 -45.051
11610 19.4803 -45.051
11640 19.4803 -45.051
11670 19.4803 -45.051
11700 19.4803 -45.051
11730 19.4803 -45.051
11760 19.4803 -45.051
11790 19.4803 -45.051
11820 19.4803 -45.051
11850 19.4803 -45.051
11880 19.4803 -45.051
11910 19.4803 -45.051
11940 19.4803 -45.051
11970 19.4803 -45.051
12000 19.4803 -45.051
12030 19.4803 -45.051
12060 19.4803 -45.051
12090 19.4803 -45.051
12120 19.4803 -45.051
12150 19.4803 -45.051
12180 19.4803 -45.051
12210 19.4803 -45.051
12240 19.4803 -45.051
12270 19.4803 -45.051
12300 19.4803 -45.051
12330 19.4803 -45.051
12360 19.4803 -45.051
12390 19.4803 -45.051
12420 19.4803 -45.051
12450 19.4803 -45.051
12480 19.4803 -45.051
12510 19.4803 -45.051
12540 19.4803 -45.051
12570 19.4803 -45.051
12600 19.4803 -45.051
12630 19.4803 -45.051
12660 19.4803 -45.051
12690 19.4803 -45.051
12720 19.4803 -45.051
12750 19.4803 -45.051
12780 19.4803 -45.051
12810 19.4803 -45.051
12840 19.4803 -45.051
12870 19.4803 -45.051
12900 19.4803 -45.051
12930 19.4803 -45.051
12960 19.4803 -45.051
12990 19.4803 -45.051
13020 19.4803 -45.051
13050 19.4803 -45.051
13080 19.4803 -45.051
13110 19.4803 -45.051
13140 19.4803 -45.051
13170 19.4803 -45.051
13200 19.4803 -45.051
13230 19.4803 -45.051
13260 19.4803 -45.051
13290 19.4803 -45.051
13320 19.4803 -45.051
13350 19.4803 -45.051
13380 19.4803 -45.051
13410 19.4803 -45.051
13440 19.4803 -45.051
13470 19.4803 -45.051
13500 19.4803 -45.051
13530 19.4803 -45.051
13560 19.4803 -45.051
13590 19.4803 -45.051
13620 19.4803 -45.051
13650 19.4803 -45.051
13680 19.4803 -45.051
13710 19.4803 -45.051
13740 19.4803 -45.051
13770 19.4803 -45.051
13800 19.4803 -45.051
13830 19.4803 -45.051
13860 19.4803 -45.051
13890 19.4803 -45.051
13920 19.4803 -45.051
13950 19.4803 -45.051
13980 19.4803 -45.051
14010 19.4803 -45.051
14040 19.4803 -45.051
14070 19.4803 -45.051
14100 19.4803 -45.051
14130 19.4803 -45.051
14160 19.4803 -45.051
14190 19.4803 -45.051
14220 19.4803 -45.051
14250 19.4803 -45.051
14280 19.4803 -45.051
14310 19.4803 -45.051
14340 19.4803 -45.051
14370 19.4803 -45.051
14400 19.4803 -45.051
14430 19.4803 -45.051
14460 19.4803 -45.051
14490 19.4803 -45.051
14520 19.4803 -45.051
14550 19.4803 -45.051
14580 19.4803 -45.051
14610 19.4803 -45.051
14640 19.4803 -45.051
14670 19.4803 -45.051
14700 19.4803 -45.051
14730 19.4803 -45.051
14760 19.4803 -45.051
14790 19.4803 -45.051
14820 19.4803 -45.051
14850 19.4803 -45.051
14880 19.4803 -45.051
14910 19.4803 -45.051
14940 19.4803 -45.051
14970 19.4803 -45.051
15000 19.4803 -45.051
15030 19.4803 -45.051
15060 19.4803 -45.051
15090 19.4803 -45.051
15120 19.4803 -45.051
15150 19.4803 -45.051
15180 19.4803 -45.051
15210 19.4803 -45.051
15240 19.4803 -45.051
15270 19.4803 -45.051
15300 19.4803 -45.051
15330 19.4803 -45.051
15360 19.4803 -45.051
15390 19.4803 -45.051
15420 19.4803 -45.051
15450 19.4803 -45.051
15480 19.4803 -45.051
15510 19.4803 -45.051
15540 19.4803 -45.051
15570 19.4803 -45.051
15600 19.4803 -45.051
15630 19.4803 -45.051
15660 19.4803 -45.051
15690 19.4803 -45.051
15720 19.4803 -45.051
15750 19.4803 -45.051
15780 19.4803 -45.051
15810 19.4803 -45.051
15840 19.4803 -45.051
15870 19.4803 -45.051
15900 19.4803 -45.051
15930 19.4803 -45.051
15960 19.4803 -45.051
15990 19.4803 -45.051
16020 19.4803 -45.051
16050 19.4803 -45.051
16080 19.4803 -45.051
16110 19.4803 -45.051
16140 19.4803 -45.051
16170 19.4803 -45.051
16200 19.4803 -45.051
16230 19.4803 -45.051
16260 19.4803 -45.051
16290 19.4803 -45.051
16320 19.4803 -45.051
16350 19.4803 -45.051
16380 19.4803 -45.051
16410 19.4803 -45.051
16440 19.4803 -45.051
16470 19.4803 -45.051
16500 19.4803 -45.051
16530 19.4803 -45.051
16560 19.4803 -45.051
16590 19.4803 -45.051
16620 19.4803 -45.051
16650 19.4803 -45.051
16680 19.4803 -45.051
16710 19.4803 -45.051
16740 19.4803 -45.051
16770 19.4803 -45.051
16800 19.4803 -45.051
16830 19.4803 -45.051
16860 19.4803 -45.051
16890 19.4803 -45.051
16920 19.4803 -45.051
16950 19.4803 -45.051
16980 19.4803 -45.051
17010 19.4803 -45.051
17040 19.4803 -45.051
17070 19.4803 -45.051
17100 19.4803 -45.051
17130 19.4803 -45.051
17160 19.4803 -45.051
17190 19.4803 -45.051
17220 19.4803 -45.051
17250 19.4803 -45.051
17280 19.4803 -45.051
17310 19.4803 -45.051
17340 19.4803 -45.051
17370 19.4803 -45.051
17400 19.4803 -45.051
17430 19.4803 -45.051
17460 19.4803 -45.051
17490 19.4803 -45.051
17520 19.4803 -45.051
17550 19.4803 -45.051
17580 19.4803 -45.051
17610 19.4803 -45.051
17640 19.4803 -45.051
17670 19.4803 -45.051
17700 19.4803 -45.051
17730 19.4803 -45.051
17760 19.4803 -45.051
17790 19.4803 -45.051
17820 19.4803 -45.051
17850 19.4803 -45.051
17880 19.4803 -45.051
17910 19.4803 -45.051
17940 19.4803 -45.051
17970 19.4803 -45.051
18000 19.4803 -45.051
18030 19.4803 -45.051
18060 19.4803 -45.051
18090 19.4803 -45.051
18120 19.4803 -45.051
18150 19.4803 -45.051
18180 19.4803 -45.051
18210 19.4803 -45.051
18240 19.4803 -45.051
18270 19.4803 -45.051
18300 19.4803 -45.051
18330 19.4803 -45.051
18360 19.4803 -45.051
18390 19.4803 -45.051
18420 19.4803 -45.051
18450 19.4803 -45.051
18480 19.4803 -45.051
18510 19.4803 -45.051
18540 19.4803 -45.051
18570 19.4803 -45.051
18600 19.4803 -45.051
18630 19.4803 -45.051
18660 19.4803 -45.051
18690 19.4803 -45.051
18720 19.4803 -45.051
18750 19.4803 -45.051
18780 19.4803 -45.051
18810 19.4803 -45.051
18840 19.4803 -45.051
18870 19.4803 -45.051
18900 19.4803 -45.051
18930 19.4803 -45.051
18960 19.4803 -45.051
18990 19.4803 -45.051
19020 19.4803 -45.051
19050 19.4803 -45.051
19080 19.4803 -45.051
19110 19.4803 -45.051
19140 19.4803 -45.051
19170 19.4803 -45.051
19200 19.4803 -45.051
19230 19.4803 -45.051
19260 19.4803 -45.051
19290 19.4803 -45.051
19320 19.4803 -45.051
19350 19.4803 -45.051
19380 19.4803 -45.051
19410 19.4803 -45.051
19440 19.4803 -45.051
19470 19.4803 -45.051
19500 19.4803 -45.051
19530 19.4803 -45.051
19560 19.4803 -45.051
19590 19.4803 -45.051
19620 19.4803 -45.051
19650 19.4803 -45.051
19680 19.4803 -45.051
19710 19.4803 -45.051
19740 19.4803 -45.051
19770 19.4803 -45.051
19800 19.4803 -45.051
19830 19.4803 -45.051
19860 19.4803 -45.051
19890 19.4803 -45.051
19920 19.4803 -45.051
19950 19.4803 -45.051
19980 19.4803 -45.051
20010 19.4803 -45.051
20040 19.4803 -45.051
20070 19.4803 -45.051
20100 19.4803 -45.051
20130 19.4803 -45.051
20160 19.4803 -45.051
20190 19.4803 -45.051
20220 19.4803 -45.051
20250 19.4803 -45.051
20280 19.4803 -45.051
20310 19.4803 -45.051
20340 19.4803 -45.051
20370 19.4803 -45.051
20400 19.4803 -45.051
20430 19.4803 -45.051
20460 19.4803 -45.051
20490 19.4803 -45.051
20520 19.4803 -45.051
20550 19.4803 -45.051
20580 19.4803 -45.051
20610 19.4803 -45.051
20640 19.4803 -45.051
20670 19.4803 -45.051
20700 19.4803 -45.051
20730 19.4803 -45.051
20760 19.4803 -45.051
20790 19.4803 -45.051
20820 19.4803 -45.051
20850 19.4803 -45.051
20880 19.4803 -45.051
20910 19.4803 -45.051
20940 19.4803 -45.051
20970 19.4803 -45.051
21000 19.4803 -45.051
21030 19.4803 -45.051
21060 19.4803 -45.051
21090 19.4803 -45.051
21120 19.4803 -45.051
21150 19.4803 -45.051
21180 19.4803 -45.051
21210 19.4803 -45.051
21240 19.4803 -45.051
21270 19.4803 -45.051
21300 19.4803 -45.051
21330 19.4803 -45.051
21360 19.4803 -45.051
21390 19.4803 -45.051
21420 19.4803 -45.051
21450 19.4803 -45.051
21480 19.4803 -45.051
21510 19.4803 -45.051
21540 19.4803 -45.051
21570 19.4803 -45.051
21600 19.4803 -45.051
21630 19.4803 -45.051
21660 19.4803 -45.051
21690 19.4803 -45.051
21720 19.4803 -45.051
21750 19.4803 -45.051
21780 19.4803 -45.051
21810 19.4803 -45.051
21840 19.4803 -45.051
21870 19.4803 -45.051
21900 19.4803 -45.051
21930 19.4803 -45.051
21960 19.4803 -45.051
21990 19.4803 -45.051
22020 19.4803 -45.051
22050 19.4803 -45.051
22080 19.4803 -45.051
22110 19.4803 -45.051
22140 19.4803 -45.051
22170 19.4803 -45.051
22200 19.4803 -45.051
22230 19.4803 -45.051
22260 19.4803 -45.051
22290 19.4803 -45.051
22320 19.4803 -45.051
22350 19.4803 -45.051
22380 19.4803 -45.051
22410 19.4803 -45.051
22440 19.4803 -45.051
22470 19.4803 -45.051
22500 19.4803 -45.051
22530 19.4803 -45.051
22560 19.4803 -45.051
22590 19.4803 -45.051
22620 19.4803 -45.051
22650 19.4803 -45.051
22680 19.4803 -45.051
22710 19.4803 -45.051
22740 19.4803 -45.051
22770 19.4803 -45.051
22800 19.4803 -45.051
22830 19.4803 -45.051
22860 19.4803 -45.051
22890 19.4803 -45.051
22920 19.4803 -45.051
22950 19.4803 -45.051
22980 19.4803 -45.051
23010 19.4803 -45.051
23040 19.4803 -45.051
23070 19.4803 -45.051
23100 19.4803 -45.051
23130 19.4803 -45.051
23160 19.4803 -45.051
23190 19.4803 -45.051
23220 19.4803 -45.051
23250 19.4803 -45.051
23280 19.4803 -45.051
23310 19.4803 -45.051
23340 19.4803 -45.051
23370 19.4803 -45.051
23400 19.4803 -45.051
23430 19.4803 -45.051
23460 19.4803 -45.051
23490 19.4803 -45.051
23520 19.4803 -45.051
23550 19.4803 -45.051
23580 19.4803 -45.051
23610 19.4803 -45.051
23640 19.4803 -45.051
23670 19.4803 -45.051
23700 19.4803 -45.051
23730 19.4803 -45.051
23760 19.4803 -45.051
23790 19.4803 -45.051
23820 19.4803 -45.051
23850 19.4803 -45.051
23880 19.4803 -45.051
23910 19.4803 -45.051
23940 19.4803 -45.051
23970 19.4803 -45.051
24000 19.4803 -45.051
24030 19.4803 -45.051
24060 19.4803 -45.051
24090 19.4803 -45.051
24120 19.4803 -45.051
24150 19.4803 -45.051
24180 19.4803 -45.051
24210 19.4803 -45.051
24240 19.4803 -45.051
24270 19.4803 -45.051
24300 19.4803 -45.051
24330 19.4803 -45.051
24360 19.4803 -45.051
24390 19.4803 -45.051
24420 19.4803 -45.051
24450 19.4803 -45.051
24480 19.4803 -45.051
24510 19.4803 -45.051
24540 19.4803 -45.051
24570 19.4803 -45.051
24600 19.4803 -45.051
24630 19.4803 -45.051
24660 19.4803 -45.051
24690 19.4803 -45.051
24720 19.4803 -45.051
24750 19.4803 -45.051
24780 19.4803 -45.051
24810 19.4803 -45.051
24840 19.4803 -45.051
24870 19.4803 -45.051
24900 19.4803 -45.051
24930 19.4803 -45.051
24960 19.4803 -45.051
24990 19.4803 -45.051
25020 19.4803 -45.051
25050 19.4803 -45.051
25080 19.4803 -45.051
25110 19.4803 -45.051
25140 19.4803 -45.051
25170 19.4803 -45.051
25200 19.4803 -45.051
25230 19.4803 -45.051
25260 19.4803 -45.051
25290 19.4803 -45.051
25320 19.4803 -45.051
25350 19.4803 -45.051
25380 19.4803 -45.051
25410 19.4803 -45.051
25440 19.4803 -45.051
25470 19.4803 -45.051
25500 19.4803 -45.051
25530 19.4803 -45.051
25560 19.4803 -45.051
25590 19.4803 -45.051
25620 19.4803 -45.051
25650 19.4803 -45.051
25680 19.4803 -45.051
25710 19.4803 -45.051
25740 19.4803 -45.051
25770 19.4803 -45.051
25800 19.4803 -45.051
25830 19.4803 -45.051
25860 19.4803 -45.051
25890 19.4803 -45.051
25920 19.4803 -45.051
25950 19.4803 -45.051
25980 19.4803 -45.051
26010 19.4803 -45.051
26040 19.4803 -45.051
26070 19.4803 -45.051
26100 19.4803 -45.051
26130 19.4803 -45.051
26160 19.4803 -45.051
26190 19.4803 -45.051
26220 19.4803 -45.051
26250 19.4803 -45.051
26280 19.4803 -45.051
26310 19.4803 -45.051
26340 19.4803 -45.051
26370 19.4803 -45.051
26400 19.4803 -45.051
26430 19.4803 -45.051
26460 19.4803 -45.051
26490 19.4803 -45.051
26520 19.4803 -45.051
26550 19.4803 -45.051
26580 19.4803 -45.051
26610 19.4803 -45.051
26640 19.4803 -45.051
26670 19.4803 -45.051
26700 19.4803 -45.051
26730 19.4803 -45.051
26760 19.4803 -45.051
26790 19.4803 -45.051
26820 19.4803 -45.051
26850 19.4803 -45.051
26880 19.4803 -45.051
26910 19.4803 -45.051
26940 19.4803 -45.051
26970 19.4803 -45.051
27000 19.4803 -45.051
27030 19.4803 -45.051
27060 19.4803 -45.051
27090 19.4803 -45.051
27120 19.4803 -45.051
27150 19.4803 -45.051
27180 19.4803 -45.051
27210 19.4803 -45.051
27240 19.4803 -45.051
27270 19.4803 -45.051
27300 19.4803 -45.051
27330 19.4803 -45.051
27360 19.4803 -45.051
27390 19.4803 -45.051
27420 19.4803 -45.051
27450 19.4803 -45.051
27480 19.4803 -45.051
27510 19.4803 -45.051
27540 19.4803 -45.051
27570 19.4803 -45.051
27600 19.4803 -45.051
27630 19.4803 -45.051
27660 19.4803 -45.051
27690 19.4803 -45.051
27720 19.4803 -45.051
27750 19.4803 -45.051
27780 19.4803 -45.051
27810 19.4803 -45.051
27840 19.4803 -45.051
27870 19.4803 -45.051
27900 19.4803 -45.051
27930 19.4803 -45.051
27960 19.4803 -45.051
27990 19.4803 -45.051
28020 19.4803 -45.051
28050 19.4803 -45.051
28080 19.4803 -45.051
28110 19.4803 -45.051
28140 19.4803 -45.051
28170 19.4803 -45.051
28200 19.4803 -45.051
28230 19.4803 -45.051
28260 19.4803 -45.051
28290 19.4803 -45.051
28320 19.4803 -45.051
28350 19.4803 -45.051
28380 19.4803 -45.051
28410 19.4803 -45.051
28440 19.4803 -45.051
28470 19.4803 -45.051
28500 19.4803 -45.051
28530 19.4803 -45.051
28560 19.4803 -45.051
28590 19.4803 -45.051
28620 19.4803 -45.051
28650 19.4803 -45.051
28680 19.4803 -45.051
28710 19.4803 -45.051
28740 19.4803 -45.051
28770 19.4803 -45.051
28800 19.4803 -45.051
28830 19.4803 -45.051
28860 19.4803 -45.051
28890 19.4803 -45.051
28920 19.4803 -45.051
28950 19.4803 -45.051
28980 19.4803 -45.051
29010 19.4803 -45.051
29040 19.4803 -45.051
29070 19.4803 -45.051
29100 19.4803 -45.051
29130 19.4803 -45.051
29160 19.4803 -45.051
29190 19.4803 -45.051
29220 19.4803 -45.051
29250 19.4803 -45.051
29280 19.4803 -45.051
29310 19.4803 -45.051
29340 19.4803 -45.051
29370 19.4803 -45.051
29400 19.4803 -45.051
29430 19.4803 -45.051
29460 19.4803 -45.051
29490 19.4803 -45.051
29520 19.4803 -45.051
29550 19.4803 -45.051
29580 19.4803 -45.051
29610 19.4803 -45.051
29640 19.4803 -45.051
29670 19.4803 -45.051
29700 19.4803 -45.051
29730 19.4803 -45.051
29760 19.4803 -45.051
29790 19.4803 -45.051
29820 19.4803 -45.051
29850 19.4803 -45.051
29880 19.4803 -45.051
29910 19.4803 -45.051
29940 19.4803 -45.051
29970 19.4803 -45.051
30000 19.4803 -45.051
30030 19.4803 -45.051
30060 19.4803 -45.051
30090 19.4803 -45.051
30120 19.4803 -45.051
30150 19.4803 -45.051
30180 19.4803 -45.051
30210 19.4803 -45.051
30240 19.4803 -45.051
30270 19.4803 -45.051
30300 19.4803 -45.051
30330 19.4803 -45.051
30360 19.4803 -45.051
30390 19.4803 -45.051
30420 19.4803 -45.051
30450 19.4803 -45.051
30480 19.4803 -45.051
30510 19.4803 -45.051
30540 19.4803 -45.051
30570 19.4803 -45.051
30600 19.4803 -45.051
30630 19.4803 -45.051
30660 19.4803 -45.051
30690 19.4803 -45.051
30720 19.4803 -45.051
30750 19.4803 -45.051
30780 19.4803 -45.051
30810 19.4803 -45.051
30840 19.4803 -45.051
30870 19.4803 -45.051
30900 19.4803 -45.051
30930 19.4803 -45.051
30960 19.4803 -45.051
30990 19.4803 -45.051
31020 19.4803 -45.051
31050 19.4803 -45.051
31080 19.4803 -45.051
31110 19.4803 -45.051
31140 19.4803 -45.051
31170 19.4803 -45.051
31200 19.4803 -45.051
31230 19.4803 -45.051
31260 19.4803 -45.051
31290 19.4803 -45.051
31320 19.4803 -45.051
31350 19.4803 -45.051
31380 19.4803 -45.051
31410 19.4803 -45.051
31440 19.4803 -45.051
31470 19.4803 -45.051
31500 19.4803 -45.051
31530 19.4803 -45.051
31560 19.4803 -45.051
31590 19.4803 -45.051
31620 19.4803 -45.051
31650 19.4803 -45.051
31680 19.4803 -45.051
31710 19.4803 -45.051
31740 19.4803 -45.051
31770 19.4803 -45.051
31800 19.4803 -45.051
31830 19.4803 -45.051
31860 19.4803 -45.051
31890 19.4803 -45.051
31920 19.4803 -45.051
31950 19.4803 -45.051
31980 19.4803 -45.051
32010 19.4803 -45.051
32040 19.4803 -45.051
32070 19.4803 -45.051
32100 19.4803 -45.051
32130 19.4803 -45.051
32160 19.4803 -45.051
32190 19.4803 -45.051
32220 19.4803 -45.051
32250 19.4803 -45.051
32280 19.4803 -45.051
32310 19.4803 -45.051
32340 19.4803 -45.051
32370 19.4803 -45.051
32400 19.4803 -45.051
32430 19.4803 -45.051
32460 19.4803 -45.051
32490 19.4803 -45.051
32520 19.4803 -45.051
32550 19.4803 -45.051
32580 19.4803 -45.051
32610 19.4803 -45.051
32640 19.4803 -45.051
32670 19.4803 -45.051
32700 19.4803 -45.051
32730 19.4803 -45.051
32760 19.4803 -45.051
32790 19.4803 -45.051
32820 19.4803 -45.051
32850 19.4803 -45.051
32880 19.4803 -45.051
32910 19.4803 -45.051
32940 19.4803 -45.051
32970 19.4803 -45.051
33000 19.4803 -45.051
33030 19.4803 -45.051
33060 19.4803 -45.051
33090 19.4803 -45.051
33120 19.4803 -45.051
33150 19.4803 -45.051
33180 19.4803 -45.051
33210 19.4803 -45.051
33240 19.4803 -45.051
33270 19.4803 -45.051
33300 19.4803 -45.051
33330 19.4803 -45.051
33360 19.4803 -45.051
33390 19.4803 -45.051
33420 19.4803 -45.051
33450 19.4803 -45.051
33480 19.4803 -45.051
33510 19.4803 -45.051
33540 19.4803 -45.051
33570 19.4803 -45.051
33600 19.4803 -45.051
33630 19.4803 -45.051
33660 19.4803 -45.051
33690 19.4803 -45.051
33720 19.4803 -45.051
33750 19.4803 -45.051
33780 19.4803 -45.051
33810 19.4803 -45.051
33840 19.4803 -45.051
33870 19.4803 -45.051
33900 19.4803 -45.051
33930 19.4803 -45.051
33960 19.4803 -45.051
33990 19.4803 -45.051
34020 19.4803 -45.051
34050 19.4803 -45.051
34080 19.4803 -45.051
34110 19.4803 -45.051
34140 19.4803 -45.051
34170 19.4803 -45.051
34200 19.4803 -45.051
34230 19.4803 -45.051
34260 19.4803 -45.051
34290 19.4803 -45.051
34320 19.4803 -45.051
34350 19.4803 -45.051
34380 19.4803 -45.051
34410 19.4803 -45.051
34440 19.4803 -45.051
34470 19.4803 -45.051
34500 19.4803 -45.051
34530 19.4803 -45.051
34560 19.4803 -45.051
34590 19.4803 -45.051
34620 19.4803 -45.051
34650 19.4803 -45.051
34680 19.4803 -45.051
34710 19.4803 -45.051
34740 19.4803 -45.051
34770 19.4803 -45.051
34800 19.4803 -45.051
34830 19.4803 -45.051
34860 19.4803 -45.051
34890 19.4803 -45.051
34920 19.4803 -45.051
34950 19.4803 -45.051
34980 19.4803 -45.051
35010 19.4803 -45.051
35040 19.4803 -45.051
35070 19.4803 -45.051
35100 19.4803 -45.051
35130 19.4803 -45.051
35160 19.4803 -45.051
35190 19.4803 -45.051
35220 19.4803 -45.051
35250 19.4803 -45.051
35280 19.4803 -45.051
35310 19.4803 -45.051
35340 19.4803 -45.051
35370 19.4803 -45.051
35400 19.4803 -45.051
35430 19.4803 -45.051
35460 19.4803 -45.051
35490 19.4803 -45.051
35520 19.4803 -45.051
35550 19.4803 -45.051
35580 19.4803 -45.051
35610 19.4803 -45.051
35640 19.4803 -45.051
35670 19.4803 -45.051
35700 19.4803 -45.051
35730 19.4803 -45.051
35760 19.4803 -45.051
35790 19.4803 -45.051
35820 19.4803 -45.051
35850 19.4803 -45.051
35880 19.4803 -45.051
35910 19.4803 -45.051
35940 19.4803 -45.051
35970 19.4803 -45.051
36000 19.4803 -45.051
36030 19.4803 -45.051
36060 19.4803 -45.051
36090 19.4803 -45.051
36120 19.4803 -45.051
36150 19.4803 -45.051
36180 14.6258 -45.7861
36210 -25.121 -51.8052
36240 -64.8679 -57.8244
36270 -104.615 -63.8435
36300 -144.362 -69.8626
36330 -184.108 -75.8817
36360 -223.855 -81.9008
36390 -263.602 -87.9199
36420 -303.349 -93.939
36450 -343.096 -99.9582
36480 -382.842 -105.977
36510 -422.589 -111.996
36540 -478.381 -38.6169
36570 -432.248 -59.3886
36600 -492.561 -7.33611
36630 -520.884 16.2851
36660 -449.877 -79.7261
36690 -336.602 -43.7708
36720 -289.845 150.801
36750 -63.819 311.387
36780 196.889 297.027
36810 252.154 390.611
36840 181.644 453.817
36870 -283.857 528.21
36900 -373.506 543.271
36930 -369.423 540.922
36960 -369.604 540.722
36990 -369.794 540.8
37020 -370.471 541.568
37050 -370.932 541.579
37080 -371.582 541.913
37110 -371.501 542.347
37140 -370.552 541.947
37170 -364.6 538.518
37200 -364.275 538.629
37230 -363.95 535.824
37260 -368.186 538.696
37290 -369.568 539.13
37320 -369.875 539.353
37350 -369.595 539.342
37380 -370.029 539.787
37410 -370.155 539.397
37440 -369.116 541.056
37470 -366.226 541.256
37500 -365.639 541.156
37530 -365.72 540.6
37560 -365.711 540.477
37590 -365.982 540.154
37620 -365.829 540.143
37650 -365.531 539.598
37680 -366.66 539.375
37710 -367.762 539.03
37740 -369.134 538.819
37770 -369.171 538.696
37800 -368.99 538.796
37830 -368.954 539.019
37860 -368.972 539.253
37890 -368.62 539.052
37920 -368.448 538.485
37950 -368.52 538.796
37980 -368.529 539.03
38010 -368.43 539.13
38040 -368.52 539.576
38070 -369.125 539.909
38100 -369.758 540.455
38130 -370.227 541.023
38160 -370.417 541.256
38190 -370.336 541.156
38220 -369.812 540.934
38250 -369.261 540.7
38280 -368.791 540.811
38310 -369.487 541.357
38340 -369.848 541.368
38370 -370.661 541.59
38400 -370.778 541.479
38430 -369.785 541.713
38460 -368.791 542.013
38490 -368.963 542.358
38520 -369.414 542.169
38550 -369.685 541.824
38580 -369.776 541.713
38610 -370.137 541.702
38640 -370.498 541.702
38670 -370.76 541.813
38700 -371.049 541.713
38730 -371.139 541.691
38760 -371.41 541.813
38790 -371.501 541.724
38820 -371.501 541.379
38850 -371.582 541.256
38880 -371.672 541.256
38910 -371.853 541.145
38940 -372.034 541.457
38970 -371.781 541.59
39000 -371.853 541.702
39030 -372.214 542.214
39060 -372.142 542.681
39090 -371.871 543.149
39120 -371.862 543.037
39150 -371.6 542.937
39180 -371.248 542.503
39210 -371.049 542.37
39240 -370.787 542.258
39270 -370.868 542.381
39300 -376.929 536.18
39330 -305.082 555.872
39360 -257.72 674.625
39390 -188.799 762.443
39420 -189.224 763.646
39450 -189.847 760.974
39480 -189.883 759.137
39510 -190.018 758.247
39540 -190.407 756.889
39570 -189.54 755.586
39600 -190.199 755.553
39630 -154.696 762.944
39660 -85.8472 544.217
39690 226.802 415.156
39720 122.36 205.324
39750 25.0618 17.3654
39780 42.9625 32.0142
39810 43.1251 29.298
39840 26.7147 10.3964
39870 15.3979 -6.81224
39900 -11.1102 -25.9045
39930 -20.4039 -52.8097
39960 -47.7607 -60.3237
39990 -55.8982 -75.6408
40020 -65.9143 -96.9024
40050 -65.9595 -96.8133
40080 -65.9595 -96.8133
40110 -65.9595 -96.8133
40140 -65.9595 -96.8133
40170 -65.9595 -96.8133
40200 -65.9595 -96.8133
40230 -65.9595 -96.8133
40260 -65.9595 -96.8133
40290 -65.9595 -96.8133
40320 -65.9595 -96.8133
40350 -65.9595 -96.8133
40380 -65.9595 -96.8133
40410 -65.9595 -96.8133
40440 -65.9595 -96.8133
40470 -65.9595 -96.8133
40500 -65.9595 -96.8133
40530 -65.9595 -96.8133
40560 -65.9595 -96.8133
40590 -65.9595 -96.8133
40620 -65.9595 -96.8133
40650 -65.9595 -96.8133
40680 -65.9595 -96.8133
40710 -65.9595 -96.8133
40740 -65.9595 -96.8133
40770 -65.9595 -96.8133
40800 -65.9595 -96.8133
40830 -65.9595 -96.8133
40860 -65.9595 -96.8133
40890 -65.9595 -96.8133
40920 -65.9595 -96.8133
40950 -65.9595 -96.8133
40980 -65.9595 -96.8133
41010 -65.9595 -96.8133
41040 -65.9595 -96.8133
41070 -65.9595 -96.8133
41100 -65.9595 -96.8133
41130 -65.9595 -96.8133
41160 -65.9595 -96.8133
41190 -65.9595 -96.8133
41220 -65.9595 -96.8133
41250 -65.9595 -96.8133
41280 -65.9595 -96.8133
41310 -65.9595 -96.8133
41340 -65.9595 -96.8133
41370 -65.9595 -96.8133
41400 -65.9595 -96.8133
41430 -65.9595 -96.8133
41460 -65.9595 -96.8133
41490 -65.9595 -96.8133
41520 -65.9595 -96.8133
41550 -65.9595 -96.8133
41580 -65.9595 -96.8133
41610 -65.9595 -96.8133
41640 -65.9595 -96.8133
41670 -65.9595 -96.8133
41700 -65.9595 -96.8133
41730 -65.9595 -96.8133
41760 -65.9595 -96.8133
41790 -65.9595 -96.8133
41820 -65.9595 -96.8133
41850 -65.9595 -96.8133
41880 -65.9595 -96.8133
41910 -65.9595 -96.8133
41940 -65.9595 -96.8133
41970 -65.9595 -96.8133
42000 -65.9595 -96.8133
42030 -65.9595 -96.8133
42060 -65.9595 -96.8133
42090 -65.9595 -96.8133
42120 -65.9595 -96.8133
42150 -65.9595 -96.8133
42180 -65.9595 -96.8133
42210 -65.9595 -96.8133
42240 -65.9595 -96.8133
42270 -65.9595 -96.8133
42300 -65.9595 -96.8133
42330 -65.9595 -96.8133
42360 -65.9595 -96.8133
42390 -65.9595 -96.8133
42420 -65.9595 -96.8133
42450 -65.9595 -96.8133
42480 -65.9595 -96.8133
42510 -65.9595 -96.8133
42540 -65.9595 -96.8133
42570 -65.9595 -96.8133
42600 -65.9595 -96.8133
42630 -65.9595 -96.8133
42660 -65.9595 -96.8133
42690 -65.9595 -96.8133
42720 -65.9595 -96.8133
42750 -65.9595 -96.8133
42780 -65.9595 -96.8133
42810 -65.9595 -96.8133
42840 -65.9595 -96.8133
42870 -65.9595 -96.8133
42900 -65.9595 -96.8133
42930 -65.9595 -96.8133
42960 -65.9595 -96.8133
42990 -65.9595 -96.8133
43020 -65.9595 -96.8133
43050 -65.9595 -96.8133
43080 -65.9595 -96.8133
43110 -65.9595 -96.8133
43140 -65.9595 -96.8133
43170 -65.9595 -96.8133
43200 -65.9595 -96.8133
43230 -65.9595 -96.8133
43260 -65.9595 -96.8133
43290 -65.9595 -96.8133
43320 -65.9595 -96.8133
43350 -65.9595 -96.8133
43380 -65.9595 -96.8133
43410 -65.9595 -96.8133
43440 -65.9595 -96.8133
43470 -65.9595 -96.8133
43500 -65.9595 -96.8133
43530 -65.9595 -96.8133
43560 -65.9595 -96.8133
43590 -65.9595 -96.8133
43620 -65.9595 -96.8133
43650 -65.9595 -96.8133
43680 -65.9595 -96.8133
43710 -65.9595 -96.8133
43740 -65.9595 -96.8133
43770 -65.9595 -96.8133
43800 -65.9595 -96.8133
43830 -65.9595 -96.8133
43860 -65.9595 -96.8133
43890 -65.9595 -96.8133
43920 -65.9595 -96.8133
43950 -65.9595 -96.8133
43980 -65.9595 -96.8133
44010 -65.9595 -96.8133
44040 -65.9595 -96.8133
44070 -65.9595 -96.8133
44100 -65.9595 -96.8133
44130 -65.9595 -96.8133
44160 -65.9595 -96.8133
44190 -65.9595 -96.8133
44220 -65.9595 -96.8133
44250 -65.9595 -96.8133
44280 -65.9595 -96.8133
44310 -65.9595 -96.8133
44340 -65.9595 -96.8133
44370 -65.9595 -96.8133
44400 -65.9595 -96.8133
44430 -65.9595 -96.8133
44460 -65.9595 -96.8133
44490 -65.9595 -96.8133
44520 -65.9595 -96.8133
44550 -65.9595 -96.8133
44580 -65.9595 -96.8133
44610 -65.9595 -96.8133
44640 -65.9595 -96.8133
44670 -65.9595 -96.8133
44700 -65.9595 -96.8133
44730 -65.9595 -96.8133
44760 -65.9595 -96.8133
44790 -65.9595 -96.8133
44820 -65.9595 -96.8133
44850 -65.9595 -96.8133
44880 -65.9595 -96.8133
44910 -65.9595 -96.8133
44940 -65.9595 -96.8133
44970 -65.9595 -96.8133
45000 -65.9595 -96.8133
45030 -65.9595 -96.8133
45060 -65.9595 -96.8133
45090 -65.9595 -96.8133
45120 -65.9595 -96.8133
45150 -65.9595 -96.8133
45180 -65.9595 -96.8133
45210 -65.9595 -96.8133
45240 -65.9595 -96.8133
45270 -65.9595 -96.8133
45300 -65.9595 -96.8133
45330 -65.9595 -96.8133
45360 -65.9595 -96.8133
45390 -65.9595 -96.8133
45420 -65.9595 -96.8133
45450 -65.9595 -96.8133
45480 -65.9595 -96.8133
45510 -65.9595 -96.8133
45540 -65.9595 -96.8133
45570 -65.9595 -96.8133
45600 -65.9595 -96.8133
45630 -65.9595 -96.8133
45660 -65.9595 -96.8133
45690 -65.9595 -96.8133
45720 -65.9595 -96.8133
45750 -65.9595 -96.8133
45780 -65.9595 -96.8133
45810 -65.9595 -96.8133
45840 -65.9595 -96.8133
45870 -65.9595 -96.8133
45900 -65.9595 -96.8133
45930 -65.9595 -96.8133
45960 -65.9595 -96.8133
45990 -65.9595 -96.8133
46020 -65.9595 -96.8133
46050 -65.9595 -96.8133
46080 -65.9595 -96.8133
46110 -65.9595 -96.8133
46140 -65.9595 -96.8133
46170 -65.9595 -96.8133
46200 -65.9595 -96.8133
46230 -65.9595 -96.8133
46260 -65.9595 -96.8133
46290 -65.9595 -96.8133
46320 -65.9595 -96.8133
46350 -65.9595 -96.8133
46380 -65.9595 -96.8133
46410 -65.9595 -96.8133
46440 -65.9595 -96.8133
46470 -65.9595 -96.8133
46500 -65.9595 -96.8133
46530 -65.9595 -96.8133
46560 -65.9595 -96.8133
46590 -65.9595 -96.8133
46620 -65.9595 -96.8133
46650 -65.9595 -96.8133
46680 -65.9595 -96.8133
46710 -65.9595 -96.8133
46740 -65.9595 -96.8133
46770 -65.9595 -96.8133
46800 -65.9595 -96.8133
46830 -65.9595 -96.8133
46860 -65.9595 -96.8133
46890 -65.9595 -96.8133
46920 -65.9595 -96.8133
46950 -65.9595 -96.8133
46980 -65.9595 -96.8133
47010 -65.9595 -96.8133
47040 -65.9595 -96.8133
47070 -65.9595 -96.8133
47100 -65.9595 -96.8133
47130 -65.9595 -96.8133
47160 -65.9595 -96.8133
47190 -65.9595 -96.8133
47220 -65.9595 -96.8133
47250 -65.9595 -96.8133
47280 -65.9595 -96.8133
47310 -65.9595 -96.8133
47340 -65.9595 -96.8133
47370 -65.9595 -96.8133
47400 -65.9595 -96.8133
47430 -65.9595 -96.8133
47460 -65.9595 -96.8133
47490 -65.9595 -96.8133
47520 -65.9595 -96.8133
47550 -65.9595 -96.8133
47580 -65.9595 -96.8133
47610 -65.9595 -96.8133
47640 -65.9595 -96.8133
47670 -65.9595 -96.8133
47700 -65.9595 -96.8133
47730 -65.9595 -96.8133
47760 -65.9595 -96.8133
47790 -65.9595 -96.8133
47820 -65.9595 -96.8133
47850 -65.9595 -96.8133
47880 -65.9595 -96.8133
47910 -65.9595 -96.8133
47940 -65.9595 -96.8133
47970 -65.9595 -96.8133
48000 -65.9595 -96.8133
48030 -65.9595 -96.8133
48060 -65.9595 -96.8133
48090 -65.9595 -96.8133
48120 -65.9595 -96.8133
48150 -65.9595 -96.8133
48180 -65.9595 -96.8133
48210 -65.9595 -96.8133
48240 -65.9595 -96.8133
48270 -65.9595 -96.8133
48300 -65.9595 -96.8133
48330 -65.9595 -96.8133
48360 -65.9595 -96.8133
48390 -65.9595 -96.8133
48420 -65.9595 -96.8133
48450 -65.9595 -96.8133
48480 -65.9595 -96.8133
48510 -65.9595 -96.8133
48540 -65.9595 -96.8133
48570 -65.9595 -96.8133
48600 -65.9595 -96.8133
48630 -65.9595 -96.8133
48660 -65.9595 -96.8133
48690 -65.9595 -96.8133
48720 -65.9595 -96.8133
48750 -65.9595 -96.8133
48780 -65.9595 -96.8133
48810 -65.9595 -96.8133
48840 -65.9595 -96.8133
48870 -65.9595 -96.8133
48900 -65.9595 -96.8133
48930 -65.9595 -96.8133
48960 -65.9595 -96.8133
48990 -65.9595 -96.8133
49020 -65.9595 -96.8133
49050 -65.9595 -96.8133
49080 -65.9595 -96.8133
49110 -65.9595 -96.8133
49140 -65.9595 -96.8133
49170 -65.9595 -96.8133
49200 -65.9595 -96.8133
49230 -65.9595 -96.8133
49260 -65.9595 -96.8133
49290 -65.9595 -96.8133
49320 -65.9595 -96.8133
49350 -65.9595 -96.8133
49380 -65.9595 -96.8133
49410 -65.9595 -96.8133
49440 -65.9595 -96.8133
49470 -65.9595 -96.8133
49500 -65.9595 -96.8133
49530 -65.9595 -96.8133
49560 -65.9595 -96.8133
49590 -65.9595 -96.8133
49620 -65.9595 -96.8133
49650 -65.9595 -96.8133
49680 -65.9595 -96.8133
49710 -65.9595 -96.8133
49740 -65.9595 -96.8133
49770 -65.9595 -96.8133
49800 -65.9595 -96.8133
49830 -65.9595 -96.8133
49860 -65.9595 -96.8133
49890 -65.9595 -96.8133
49920 -65.9595 -96.8133
49950 -65.9595 -96.8133
49980 -65.9595 -96.8133
50010 -65.9595 -96.8133
50040 -65.9595 -96.8133
50070 -65.9595 -96.8133
50100 -65.9595 -96.8133
50130 -65.9595 -96.8133
50160 -65.9595 -96.8133
50190 -65.9595 -96.8133
50220 -65.9595 -96.8133
50250 -65.9595 -96.8133
50280 -65.9595 -96.8133
50310 -65.9595 -96.8133
50340 -65.9595 -96.8133
50370 -65.9595 -96.8133
50400 -65.9595 -96.8133
50430 -65.9595 -96.8133
50460 -65.9595 -96.8133
50490 -65.9595 -96.8133
50520 -65.9595 -96.8133
50550 -65.9595 -96.8133
50580 -65.9595 -96.8133
50610 -65.9595 -96.8133
50640 -65.9595 -96.8133
50670 -65.9595 -96.8133
50700 -65.9595 -96.8133
50730 -65.9595 -96.8133
50760 -65.9595 -96.8133
50790 -65.9595 -96.8133
50820 -65.9595 -96.8133
50850 -65.9595 -96.8133
50880 -65.9595 -96.8133
50910 -65.9595 -96.8133
50940 -65.9595 -96.8133
50970 -65.9595 -96.8133
51000 -65.9595 -96.8133
51030 -65.9595 -96.8133
51060 -65.9595 -96.8133
51090 -65.9595 -96.8133
51120 -65.9595 -96.8133
51150 -65.9595 -96.8133
51180 -65.9595 -96.8133
51210 -65.9595 -96.8133
51240 -65.9595 -96.8133
51270 -65.9595 -96.8133
51300 -65.9595 -96.8133
51330 -65.9595 -96.8133
51360 -65.9595 -96.8133
51390 -65.9595 -96.8133
51420 -65.9595 -96.8133
51450 -65.9595 -96.8133
51480 -65.9595 -96.8133
51510 -65.9595 -96.8133
51540 -65.9595 -96.8133
51570 -65.9595 -96.8133
51600 -65.9595 -96.8133
51630 -65.9595 -96.8133
51660 -65.9595 -96.8133
51690 -65.9595 -96.8133
51720 -65.9595 -96.8133
51750 -65.9595 -96.8133
51780 -65.9595 -96.8133
51810 -65.9595 -96.8133
51840 -65.9595 -96.8133
51870 -65.9595 -96.8133
51900 -65.9595 -96.8133
51930 -65.9595 -96.8133
51960 -65.9595 -96.8133
51990 -65.9595 -96.8133
52020 -65.9595 -96.8133
52050 -65.9595 -96.8133
52080 -65.9595 -96.8133
52110 -65.9595 -96.8133
52140 -65.9595 -96.8133
52170 -65.9595 -96.8133
52200 -65.9595 -96.8133
52230 -65.9595 -96.8133
52260 -65.9595 -96.8133
52290 -65.9595 -96.8133
52320 -65.9595 -96.8133
52350 -65.9595 -96.8133
52380 -65.9595 -96.8133
52410 -65.9595 -96.8133
52440 -65.9595 -96.8133
52470 -65.9595 -96.8133
52500 -65.9595 -96.8133
52530 -65.9595 -96.8133
52560 -65.9595 -96.8133
52590 -65.9595 -96.8133
52620 -65.9595 -96.8133
52650 -65.9595 -96.8133
52680 -65.9595 -96.8133
52710 -65.9595 -96.8133
52740 -65.9595 -96.8133
52770 -65.9595 -96.8133
52800 -65.9595 -96.8133
52830 -65.9595 -96.8133
52860 -65.9595 -96.8133
52890 -65.9595 -96.8133
52920 -65.9595 -96.8133
52950 -65.9595 -96.8133
52980 -65.9595 -96.8133
53010 -65.9595 -96.8133
53040 -65.9595 -96.8133
53070 -65.9595 -96.8133
53100 -65.9595 -96.8133
53130 -65.9595 -96.8133
53160 -65.9595 -96.8133
53190 -65.9595 -96.8133
53220 -65.9595 -96.8133
53250 -65.9595 -96.8133
53280 -65.9595 -96.8133
53310 -65.9595 -96.8133
53340 -65.9595 -96.8133
53370 -65.9595 -96.8133
53400 -65.9595 -96.8133
53430 -65.9595 -96.8133
53460 -65.9595 -96.8133
53490 -65.9595 -96.8133
53520 -65.9595 -96.8133
53550 -65.9595 -96.8133
53580 -65.9595 -96.8133
53610 -65.9595 -96.8133
53640 -65.9595 -96.8133
53670 -65.9595 -96.8133
53700 -65.9595 -96.8133
53730 -65.9595 -96.8133
53760 -65.9595 -96.8133
53790 -65.9595 -96.8133
53820 -65.9595 -96.8133
53850 -65.9595 -96.8133
53880 -65.9595 -96.8133
53910 -65.9595 -96.8133
53940 -65.9595 -96.8133
53970 -65.9595 -96.8133
54000 -65.9595 -96.8133
54030 -65.9595 -96.8133
54060 -65.9595 -96.8133
54090 -65.9595 -96.8133
54120 -65.9595 -96.8133
54150 -65.9595 -96.8133
54180 -65.9595 -96.8133
54210 -65.9595 -96.8133
54240 -65.9595 -96.8133
54270 -65.9595 -96.8133
54300 -65.9595 -96.8133
54330 -65.9595 -96.8133
54360 -65.9595 -96.8133
54390 -65.9595 -96.8133
54420 -65.9595 -96.8133
54450 -65.9595 -96.8133
54480 -65.9595 -96.8133
54510 -65.9595 -96.8133
54540 -65.9595 -96.8133
54570 -65.9595 -96.8133
54600 -65.9595 -96.8133
54630 -65.9595 -96.8133
54660 -65.9595 -96.8133
54690 -65.9595 -96.8133
54720 -65.9595 -96.8133
54750 -65.9595 -96.8133
54780 -65.9595 -96.8133
54810 -65.9595 -96.8133
54840 -65.9595 -96.8133
54870 -65.9595 -96.8133
54900 -65.9595 -96.8133
54930 -65.9595 -96.8133
54960 -65.9595 -96.8133
54990 -65.9595 -96.8133
55020 -65.9595 -96.8133
55050 -65.9595 -96.8133
55080 -65.9595 -96.8133
55110 -65.9595 -96.8133
55140 -65.9595 -96.8133
55170 -65.9595 -96.8133
55200 -65.9595 -96.8133
55230 -65.9595 -96.8133
55260 -65.9595 -96.8133
55290 -65.9595 -96.8133
55320 -65.9595 -96.8133
55350 -65.9595 -96.8133
55380 -65.9595 -96.8133
55410 -65.9595 -96.8133
55440 -65.9595 -96.8133
55470 -65.9595 -96.8133
55500 -65.9595 -96.8133
55530 -65.9595 -96.8133
55560 -65.9595 -96.8133
55590 -65.9595 -96.8133
55620 -65.9595 -96.8133
55650 -65.9595 -96.8133
55680 -65.9595 -96.8133
55710 -65.9595 -96.8133
55740 -65.9595 -96.8133
55770 -65.9595 -96.8133
55800 -65.9595 -96.8133
55830 -65.9595 -96.8133
55860 -65.9595 -96.8133
55890 -65.9595 -96.8133
55920 -65.9595 -96.8133
55950 -65.9595 -96.8133
55980 -65.9595 -96.8133
56010 -65.9595 -96.8133
56040 -65.9595 -96.8133
56070 -65.9595 -96.8133
56100 -65.9595 -96.8133
56130 -65.9595 -96.8133
56160 -65.9595 -96.8133
56190 -65.9595 -96.8133
56220 -65.9595 -96.8133
56250 -65.9595 -96.8133
56280 -65.9595 -96.8133
56310 -65.9595 -96.8133
56340 -65.9595 -96.8133
56370 -65.9595 -96.8133
56400 -65.9595 -96.8133
56430 -65.9595 -96.8133
56460 -65.9595 -96.8133
56490 -65.9595 -96.8133
56520 -65.9595 -96.8133
56550 -65.9595 -96.8133
56580 -65.9595 -96.8133
56610 -65.9595 -96.8133
56640 -65.9595 -96.8133
56670 -65.9595 -96.8133
56700 -65.9595 -96.8133
56730 -65.9595 -96.8133
56760 -65.9595 -96.8133
56790 -65.9595 -96.8133
56820 -65.9595 -96.8133
56850 -65.9595 -96.8133
56880 -65.9595 -96.8133
56910 -65.9595 -96.8133
56940 -65.9595 -96.8133
56970 -65.9595 -96.8133
57000 -65.9595 -96.8133
57030 -65.9595 -96.8133
57060 -65.9595 -96.8133
57090 -65.9595 -96.8133
57120 -65.9595 -96.8133
57150 -65.9595 -96.8133
57180 -65.9595 -96.8133
57210 -65.9595 -96.8133
57240 -65.9595 -96.8133
57270 -65.9595 -96.8133
57300 -65.9595 -96.8133
57330 -65.9595 -96.8133
57360 -65.9595 -96.8133
57390 -65.9595 -96.8133
57420 -65.9595 -96.8133
57450 -65.9595 -96.8133
57480 -65.9595 -96.8133
57510 -65.9595 -96.8133
57540 -65.9595 -96.8133
57570 -65.9595 -96.8133
57600 -65.9595 -96.8133
57630 -65.9595 -96.8133
57660 -65.9595 -96.8133
57690 -65.9595 -96.8133
57720 -65.9595 -96.8133
57750 -65.9595 -96.8133
57780 -65.9595 -96.8133
57810 -65.9595 -96.8133
57840 -65.9595 -96.8133
57870 -65.9595 -96.8133
57900 -65.9595 -96.8133
57930 -65.9595 -96.8133
57960 -65.9595 -96.8133
57990 -65.9595 -96.8133
58020 -65.9595 -96.8133
58050 -65.9595 -96.8133
58080 -65.9595 -96.8133
58110 -65.9595 -96.8133
58140 -65.9595 -96.8133
58170 -65.9595 -96.8133
58200 -65.9595 -96.8133
58230 -65.9595 -96.8133
58260 -65.9595 -96.8133
58290 -65.9595 -96.8133
58320 -65.9595 -96.8133
58350 -65.9595 -96.8133
58380 -65.9595 -96.8133
58410 -47.9354 -77.1149
58440 -20.798 -47.4568
58470 6.33932 -17.7987
58500 33.4767 11.8595
58530 45.6178 27.4836
58560 47.2617 27.4836
58590 45.9069 29.9326
58620 43.7031 30.5336
58650 127.878 170.86
58680 -30.2663 315.706
58710 -295.021 163.246
58740 -591.097 311.253
58770 -772.976 228.233
58800 -1165.51 -93.3625
58830 -1568.86 -327.128
58860 -1602.37 -314.95
58890 -1573.15 -297.741
58920 -1617.24 -277.147
58860 -1602.37 -314.95
