0 6.29489 -36.9248
30 52.2651 61.6356
60 158.065 221.458
90 303.56 158.019
120 244.898 298.426
150 250.849 381.405
180 21.8739 503.353
210 -362.017 511.145
240 -485.907 495.272
270 -637.212 382.184
300 -682.867 356.192
330 -815.337 197.682
360 -834.124 193.037
390 -856.837 213.921
420 -890.127 226.914
450 -915.997 239.27
480 -937.856 258.517
510 -949.308 267.639
540 -951.09 270.043
570 -947.259 284.163
600 -958.469 294.132
630 -963.255 291.962
660 -965.179 291.737
690 -967.387 291.984
720 -970.186 295.105
750 -971.063 296.682
780 -968.463 294.832
810 -965.864 292.982
840 -965.891 291.559
870 -965.592 290.385
900 -962.822 290.014
930 -965.826 289.445
960 -970.513 289.268
990 -971.248 291.476
1020 -971.413 292.97
1050 -969.301 291.612
1080 -969.316 292.021
1110 -974.831 295.898
1140 -976.241 293.336
1170 -977.652 290.775
1200 -963.599 294.311
1230 -959.319 300.242
1260 -963.316 299.216
1290 -962.818 296.89
1320 -962.172 293.447
1350 -962.784 292.429
1380 -962.86 292.713
1410 -962.759 292.558
1440 -962.488 292.081
1470 -962.217 291.604
1500 -961.946 291.127
1530 -961.675 290.65
1560 -961.281 290.47
1590 -960.861 290.35
1620 -960.442 290.23
1650 -960.023 290.11
1680 -959.604 289.99
1710 -959.185 289.87
1740 -958.766 289.749
1770 -958.347 289.629
1800 -957.928 289.509
1830 -957.604 289.108
1860 -957.354 288.491
1890 -958.192 288.121
1920 -960.213 288.215
1950 -960.998 288.567
1980 -960.692 288.975
2010 -960.351 289.717
2040 -960.01 290.459
2070 -959.669 291.201
2100 -959.328 291.943
2130 -959.663 292.499
2160 -960.308 292.488
2190 -960.844 292.14
2220 -961.38 291.792
2250 -961.857 291.361
2280 -962.361 291.145
2310 -962.723 291.217
2340 -962.643 290.805
2370 -963.471 290.063
2400 -963.381 290.164
2430 -963.224 290.324
2460 -963.068 290.485
2490 -962.819 290.576
2520 -962.466 290.589
2550 -962.112 290.601
2580 -961.758 290.613
2610 -961.404 290.626
2640 -961.05 290.638
2670 -960.696 290.651
2700 -960.342 290.663
2730 -959.989 290.676
2760 -959.965 290.507
2790 -960.231 290.18
2820 -960.526 289.97
2850 -960.827 289.785
2880 -961.266 290.135
2910 -962.059 291.266
2940 -962.936 292.42
2970 -962.241 292.762
3000 -962.781 293.595
3030 -963.459 294.482
3060 -964.655 297.4
3090 -968.498 301.552
3120 -968.897 301.068
3150 -967.416 299.1
3180 -963.459 294.471
3210 -962.956 293.667
3240 -962.453 292.864
3270 -961.95 292.061
3300 -961.447 291.258
3330 -960.944 290.455
3360 -960.441 289.652
3390 -959.938 288.848
3420 -959.552 288.233
3450 -959.552 288.233
3480 -959.297 288.268
3510 -958.814 288.403
3540 -959.185 288.699
3570 -959.557 288.996
3600 -959.928 289.292
3630 -960.272 289.577
3660 -960.22 289.705
3690 -960.168 289.832
3720 -960.116 289.96
3750 -960.064 290.087
3780 -960.013 290.215
3810 -959.677 290.109
3840 -959.284 289.956
3870 -958.891 289.803
3900 -958.498 289.65
3930 -958.882 289.314
3960 -960.153 288.769
3990 -961.425 288.224
4020 -962.412 287.813
4050 -962.259 287.939
4080 -962.041 288.171
4110 -961.488 289.005
4140 -960.917 289.804
4170 -960.698 289.839
4200 -960.478 289.875
4230 -960.259 289.91
4260 -960.039 289.945
4290 -959.82 289.98
4320 -959.6 290.016
4350 -959.381 290.051
4380 -959.162 290.086
4410 -958.942 290.121
4440 -957.538 289.824
4470 -957.818 290.432
4500 -957.535 290.034
4530 -957.251 289.635
4560 -956.86 289.383
4590 -956.447 289.16
4620 -956.034 288.938
4650 -955.77 288.748
4680 -955.804 288.624
4710 -955.837 288.501
4740 -955.874 288.485
4770 -955.912 288.532
4800 -956.12 288.652
4830 -956.798 288.973
4860 -957.336 289.443
4890 -957.559 289.573
4920 -957.142 288.16
4950 -956.687 287.484
4980 -956.194 287.544
5010 -955.766 287.348
5040 -955.31 287.119
5070 -954.715 287.119
5100 -954.512 286.717
5130 -955.576 288.164
5160 -956.778 289.819
5190 -957.979 291.474
5220 -959.091 293.013
5250 -958.936 292.917
5280 -958.781 292.822
5310 -958.234 292.091
5340 -957.546 291.129
5370 -956.895 290.711
5400 -956.256 290.459
5430 -955.617 290.207
5460 -954.868 289.553
5490 -953.76 287.58
5520 -953.264 287.257
5550 -952.955 287.436
5580 -952.646 287.616
5610 -952.337 287.795
5640 -952.028 287.974
5670 -952.014 287.832
5700 -952.466 287.767
5730 -953.832 288.071
5760 -955.198 288.374
5790 -956.564 288.678
5820 -957.387 289.317
5850 -956.719 290.878
5880 -956.05 292.44
5910 -956.482 292.743
5940 -957.385 292.507
5970 -958.288 292.27
6000 -959.611 292.222
6030 -961.565 292.455
6060 -957.919 291.387
6090 -961.781 292.283
6120 -961.656 292.175
6150 -959.869 291.939
6180 -962.239 294.695
6210 -962.493 295.608
6240 -962.218 296.061
6270 -961.433 295.276
6300 -960.546 294.244
6330 -957.541 292.422
6360 -955.105 290.914
6390 -955.515 290.97
6420 -955.925 291.026
6450 -956.334 291.082
6480 -957.036 291.15
6510 -958.905 291.265
6540 -960.773 291.38
6570 -962.006 291.344
6600 -961.754 290.956
6630 -960.855 290.65
6660 -959.857 290.357
6690 -959.797 289.399
6720 -963.719 294.847
6750 -967.641 300.296
6780 -965.934 297.558
6810 -964.717 296.195
6840 -963.537 295.062
6870 -962.398 294.191
6900 -961.407 293.516
6930 -961.156 293.825
6960 -961.202 293.913
6990 -961.25 293.001
7020 -959.994 290.719
7050 -959.292 289.42
7080 -958.586 288.668
7110 -957.88 288.281
7140 -957.457 288.157
7170 -957.696 288.648
7200 -958.095 289.246
7230 -964.303 295.713
7260 -962.94 298.285
7290 -962.436 302.168
7320 -957.656 295.053
7350 -944.093 275.19
7380 -957.41 288.316
7410 -964.199 294.14
7440 -961.375 293.388
7470 -958.767 292.579
7500 -959.182 290.977
7530 -959.597 289.375
7560 -960.011 287.774
7590 -959.184 288.335
7620 -958.046 289.437
7650 -956.908 290.539
7680 -955.743 290.577
7710 -954.946 289.368
7740 -954.946 288.1
7770 -954.946 286.832
7800 -953.646 286.385
7830 -955.007 287.008
7860 -957.261 287.909
7890 -958.817 288.682
7920 -960.372 289.455
7950 -959.697 289.702
7980 -953.559 287.302
8010 -955.035 287.247
8040 -955.525 287.724
8070 -956.016 288.201
8100 -956.257 288.567
8130 -955.836 288.515
8160 -956.411 288.131
8190 -956.987 287.747
8220 -957.562 287.363
8250 -957.772 287.106
8280 -957.351 287.069
8310 -956.929 287.032
8340 -956.508 286.995
8370 -956.086 286.957
8400 -955.665 286.92
8430 -955.243 286.883
8460 -954.822 286.846
8490 -954.4 286.809
8520 -954.066 286.755
8550 -953.882 286.673
8580 -953.698 286.59
8610 -953.514 286.508
8640 -953.33 286.425
8670 -953.146 286.343
8700 -953.701 284.726
8730 -954.946 284.411
8760 -956.7 285.131
8790 -956.514 287.01
8820 -956.03 289.068
8850 -955.546 291.125
8880 -955.198 292.33
8910 -955.727 287.992
8940 -956.256 283.655
8970 -957.489 282.847
9000 -959.788 290.02
9030 -959.939 290.948
9060 -960.652 291.581
9090 -961.796 291.989
9120 -962.94 292.397
9150 -961.724 290.318
9180 -961.291 289.123
9210 -960.894 289.553
9240 -961.162 290.14
9270 -962.213 290.838
9300 -963.265 291.536
9330 -964.316 292.233
9360 -965.368 292.931
9390 -966.419 293.629
9420 -967.471 294.327
9450 -966.334 289.773
9480 -964.649 283.906
9510 -962.836 279.962
9540 -961.065 278.91
9570 -960.644 275.198
9600 -960.439 273.225
9630 -959.827 270.543
9660 -959.196 267.334
9690 -960.451 267.988
9720 -961.052 271.473
9750 -959.976 286.597
9780 -959.637 288.548
9810 -960.703 288.494
9840 -961.303 288.335
9870 -960.815 287.934
9900 -960.327 287.534
9930 -959.84 287.133
9960 -959.689 287.037
9990 -957.051 281.297
10020 -957.456 285.124
10050 -958.085 285.983
10080 -958.424 281.878
10110 -959.293 282.143
10140 -960.243 283.081
10170 -960.546 284.337
10200 -960.829 285.68
10230 -961.046 288.893
10260 -959.059 287.112
10290 -958.326 286.577
10320 -958.427 288.818
10350 -958.38 290.005
10380 -958.114 287.975
10410 -957.733 286.298
10440 -957.285 284.826
10470 -956.837 283.353
10500 -956.389 281.881
10530 -955.724 280.248
10560 -954.813 278.501
10590 -956.26 280.39
10620 -957.505 279.884
10650 -957.229 281.328
10680 -957.076 282.707
10710 -957.027 283.922
10740 -956.978 285.136
10770 -956.928 286.35
10800 -956.879 287.565
10830 -957.259 287.772
10860 -958.818 285.21
10890 -960.376 282.648
10920 -959.157 282.797
10950 -957.382 283.488
10980 -959.836 286.176
11010 -962.76 289.086
11040 -965.684 291.995
11070 -967.224 294.703
11100 -965.247 294.841
11130 -962.053 291.987
11160 -966.595 289.682
11190 -966.135 286.909
11220 -965.585 285.264
11250 -964.916 285.094
11280 -964.247 284.923
11310 -963.579 284.753
11340 -962.91 284.582
11370 -962.241 284.412
11400 -961.572 284.241
11430 -960.904 284.071
11460 -960.573 283.02
11490 -960.466 281.383
11520 -960.933 282.985
11550 -962.761 285.608
11580 -960.28 270.656
11610 -962.404 288.01
11640 -950.837 273.706
11670 -940.005 248.826
11700 -915.123 226.841
11730 -881.519 211.03
11760 -846.503 191.108
11790 -823.265 180.144
11820 -819.886 180.399
11850 -816.726 184.084
11880 -813.239 186.823
11910 -816.206 182.253
11940 -819.478 182.147
11970 -818.963 183.922
12000 -818.207 184.596
12030 -818.978 179.133
12060 -819.11 180.589
12090 -813.623 185.654
12120 -816.044 183.214
12150 -817.834 182.065
12180 -818.828 182.593
12210 -820.203 185.48
12240 -818.917 182.166
12270 -815.622 182.815
12300 -1038.79 8.01045
12330 -1270.43 -154.874
12360 -1443.44 -260.492
12390 -1582.62 -345.199
12420 -1822.7 -425.087
12450 -1851.34 -422.527
12480 -1834.22 -132.936
12510 -1702.62 84.5446
12540 -1451.15 182.314
12570 -1349.54 218.704
12600 -1072.9 228.901
12630 -950.36 580.663
12660 -943.657 775.245
12690 -827.645 1002.3
12720 -600.589 934.317
12750 -489.94 1057.7
12780 -423.794 1167.75
12810 -245.813 1330.37
12840 -131.148 1506.56
12870 -102.876 1555.06
12900 -80.1166 1818.77
12930 21.2015 1825.63
12960 241.569 1766.77
12990 264.468 1752.69
13020 243.591 1733.39
13050 238.649 1701.74
13080 262.326 1680.32
13110 277.634 1654.87
13140 310.92 1637.09
13170 323.464 1636.61
13200 320.608 1669.38
13230 315.99 1687.6
13260 315.99 1687.6
13290 315.99 1687.6
13320 315.99 1687.6
13350 315.99 1687.6
13380 315.99 1687.6
13410 315.99 1687.6
13440 315.99 1687.6
13470 315.99 1687.6
13500 315.99 1687.6
13530 315.99 1687.6
13560 315.99 1687.6
13590 315.99 1687.6
13620 315.99 1687.6
13650 315.99 1687.6
13680 252.074 1675.62
13710 304.079 1672.17
13740 329.26 1681.93
13770 278.534 1706.2
13800 146.435 1718.68
13830 172.513 1707.94
13860 188.381 1705.3
13890 182.317 1699.9
13920 176.253 1694.49
13950 170.189 1689.08
13980 164.124 1683.68
14010 158.06 1678.27
14040 271.148 1695.3
14070 327.37 1693.97
14100 342.362 1693.61
14130 342.362 1693.61
14160 342.362 1693.61
14190 342.362 1693.61
14220 342.362 1693.61
14250 342.362 1693.61
14280 342.362 1693.61
14310 342.362 1693.61
14340 342.362 1693.61
14370 342.362 1693.61
14400 342.362 1693.61
14430 342.362 1693.61
14460 357.86 1695.97
14490 397.603 1702.01
14520 435.668 1707.83
14550 424.462 1707.2
14580 412.153 1707.22
14610 399.844 1707.24
14640 387.534 1707.27
14670 375.225 1707.29
14700 366.602 1707.99
14730 352.34 1707.58
14760 336.633 1706.91
14790 315.267 1707.41
14820 315.267 1707.41
14850 315.267 1707.41
14880 315.267 1707.41
14910 315.267 1707.41
14940 315.267 1707.41
14970 315.267 1707.41
15000 315.267 1707.41
15030 315.267 1707.41
15060 315.267 1707.41
15090 315.267 1707.41
15120 315.267 1707.41
15150 315.267 1707.41
15180 315.267 1707.41
15210 315.267 1707.41
15240 315.267 1707.41
15270 315.267 1707.41
15300 336.56 1703.75
15330 348.965 1703.43
15360 359.427 1703.56
15390 366.025 1703.74
15420 358.413 1702.39
15450 364.895 1705.39
15480 378.429 1709.75
15510 382.556 1704.89
15540 393.626 1700.71
15570 397.125 1706.58
15600 389.33 1705.95
15630 402.552 1704.72
15660 411.454 1704.57
15690 420.357 1704.42
15720 427.147 1704.11
15750 420.204 1702.72
15780 413.261 1701.33
15810 406.318 1699.94
15840 413.052 1700.08
15870 407.113 1700.45
15900 393.27 1700.87
15930 390.501 1700.96
15960 390.501 1700.96
15990 390.501 1700.96
16020 390.501 1700.96
16050 390.501 1700.96
16080 390.501 1700.96
16110 390.501 1700.96
16140 390.501 1700.96
16170 390.501 1700.96
16200 390.501 1700.96
16230 352.073 1704.25
16260 329.84 1706.01
16290 327.973 1705.87
16320 326.106 1705.73
16350 324.239 1705.59
16380 323.213 1705.61
16410 323.027 1705.79
16440 322.842 1705.96
16470 322.657 1706.14
16500 322.471 1706.31
16530 322.286 1706.49
16560 315.019 1706.5
16590 283.024 1706.52
16620 223.164 1709.18
16650 143.916 1715.76
16680 136.711 1719.71
16710 193.866 1717.73
16740 169.974 1715.29
16770 228.744 1708.51
16800 276.844 1707.94
16830 297.371 1702.11
16860 235.64 1709.03
16890 201.965 1715.4
16920 212.151 1715.98
16950 246.846 1714.26
16980 247.664 1713.8
17010 248.482 1713.34
17040 249.3 1712.88
17070 250.118 1712.41
17100 253.439 1712.57
17130 268.454 1710.45
17160 287.372 1705.86
17190 313.852 1701.86
17220 367.78 1701.21
17250 432.389 1696.83
17280 411.791 1698.4
17310 391.192 1699.97
17340 349.062 1704.26
17370 298.468 1708.79
17400 311.964 1707.43
17430 282.448 1708.47
17460 291.706 1708.06
17490 295.718 1707.5
17520 301.485 1706.87
17550 375.418 1704.07
17580 351.999 1703.52
17610 325.375 1701.05
17640 294.109 1701.07
17670 292.265 1700.29
17700 295.424 1699.14
17730 298.583 1697.99
17760 301.742 1696.84
17790 304.902 1695.69
17820 308.061 1694.54
17850 311.22 1693.39
17880 314.48 1692.2
17910 320.025 1691.66
17940 325.075 1692.34
17970 330.124 1693.03
18000 321.793 1695.99
18030 338.747 1697.13
18060 352.15 1693.58
18090 336.382 1697.97
18120 333.083 1701.27
18150 352.523 1694.62
18180 359.974 1698.05
18210 341.213 1701.5
18240 327.249 1703.67
18270 322.131 1702.74
18300 327.064 1710.19
18330 347.51 1708.14
18360 350.364 1707.06
18390 344.865 1705.36
18420 361.383 1698.4
18450 374.1 1687.45
18480 361.821 1690.36
18510 327.95 1708.5
18540 339.201 1701.04
18570 335.248 1718.39
18600 368.375 1725.76
18630 328.644 1703.39
18660 288.912 1681.02
18690 249.181 1658.64
18720 260.876 1669.69
18750 339.821 1724.44
18780 401.357 1760.21
18810 421.502 1743.82
18840 393.831 1714.71
18870 413.58 1721.98
18900 428.375 1728.69
18930 455.583 1769.76
18960 442.072 1772.98
18990 395.432 1745.52
19020 398.76 1749.94
19050 402.088 1754.37
19080 421.292 1771.94
19110 416.904 1749.39
19140 384.089 1755.85
19170 435.236 1775.69
19200 436.681 1775.29
19230 421.624 1770.73
19260 424.87 1762.85
19290 435.314 1768.51
19320 445.757 1774.18
19350 456.2 1779.85
19380 466.644 1785.51
19410 477.087 1791.18
19440 487.53 1796.85
19470 497.974 1802.51
19500 508.417 1808.18
19530 433.634 1764.35
19560 401.971 1747.93
19590 397.772 1747.94
19620 364.439 1737.02
19650 336.08 1719.34
19680 323.646 1708
19710 339.572 1709.78
19740 263.568 1664.33
19770 300.829 1698.8
19800 321.214 1694.49
19830 360.016 1723.91
19860 330.711 1674.35
19890 319.619 1688.64
19920 313.859 1615.96
19950 327.979 1670.51
19980 359.517 1701.39
20010 392.593 1703.37
20040 393.349 1713.96
20070 365.687 1724.83
20100 383.924 1741.63
20130 336.858 1717.25
20160 374.997 1735.61
20190 425.905 1768.86
20220 405.855 1756.31
20250 376.05 1740.63
20280 346.246 1724.94
20310 416.203 1731.68
20340 413.746 1733.54
20370 413.928 1735.22
20400 390.719 1720.04
20430 383.705 1711.03
20460 340.601 1678.7
20490 329.344 1716.4
20520 378.533 1730.73
20550 361.251 1712.77
20580 345.588 1712.18
20610 308.994 1676.5
20640 338.778 1694.74
20670 348.282 1709.99
20700 361.57 1723.84
20730 328.002 1674.69
20760 317.069 1664.09
20790 326.952 1682.91
20820 336.836 1701.74
20850 337.696 1691.09
20880 314.262 1653.62
20910 333.421 1687.58
20940 344.155 1690.9
20970 346.954 1685.59
21000 328.219 1643.38
21030 385.878 1741.01
21060 447.405 1849.16
21090 366.375 1718.74
21120 350.558 1704.66
21150 310.009 1636.61
21180 269.968 1567.25
21210 229.928 1497.89
21240 189.888 1428.53
21270 191.749 1438.45
21300 207.304 1469.61
21330 214.5 1479.31
21360 228.726 1511.94
21390 304.534 1655.78
21420 306.827 1668.1
21450 348.291 1742.45
21480 406.054 1843.84
21510 463.817 1945.24
21540 525.817 2053.56
21570 697.358 2340.81
21600 684.391 2323.55
21630 684.391 2323.55
21660 684.391 2323.55
21690 684.391 2323.55
21720 684.391 2323.55
21750 684.391 2323.55
21780 684.391 2323.55
21810 684.391 2323.55
21840 684.391 2323.55
21870 684.391 2323.55
21900 684.391 2323.55
21930 684.391 2323.55
21960 684.391 2323.55
21990 684.391 2323.55
22020 684.391 2323.55
22050 679.043 2317.09
22080 653.425 2286.11
22110 627.808 2255.13
22140 602.191 2224.14
22170 576.573 2193.16
22200 550.956 2162.18
22230 525.339 2131.2
22260 499.721 2100.22
22290 474.104 2069.24
22320 448.487 2038.26
22350 422.869 2007.28
22380 397.252 1976.3
22410 371.635 1945.32
22440 346.017 1914.34
22470 320.4 1883.36
22500 294.783 1852.38
22530 269.165 1821.4
22560 243.548 1790.42
22590 228.834 1748.1
22620 219.73 1710.44
22650 226.437 1701.76
22680 279.285 1722.8
22710 285.463 1771.24
22740 275.964 1741.04
22770 268.994 1734.16
22800 265.774 1733.46
22830 427.621 1708.42
22860 521.189 1699.87
22890 801.352 1609.41
22920 856.073 1547.51
22950 866.754 1371.81
22980 748.245 1181.89
23010 513.467 1259.95
23040 413.893 1135.13
23070 245.464 1207.6
23100 193.669 1248.47
23130 22.0993 1324.82
23160 -172.714 1415.21
23190 -350.908 1245.2
23220 -468.537 1111.33
23250 -295.479 981.86
23280 -194.028 937.434
23310 -249.573 819.549
23340 -461.411 519.772
23370 -644.949 333.873
23400 -617.975 120.923
23430 -600.905 -88.4367
23460 -364.225 -152.67
23490 -396.639 -235.923
23520 -374.272 -240.254
23550 -399.746 -238.198
23580 -403.24 -230.464
23610 -398.285 -235.032
23640 -389 -245.895
23670 -388.977 -244.114
23700 -396.541 -234.443
23730 -402.404 -236.023
23760 -397.45 -221.234
23790 -359.421 -122.138
23820 -318.857 91.8415
23850 -197.98 264.856
23880 104.197 283.891
23910 77.0841 125.109
23940 -8.33807 -33.6966
23970 69.0867 85.8582
24000 194.965 234.912
24030 272.638 275.042
24060 252.091 409.513
24090 -128.639 535.357
24120 -424.643 524.403
24150 -673.474 335.709
24180 -795.628 199.847
24210 -832.525 188.82
24240 -862.462 220.817
24270 -884.061 264.498
24300 -919.452 275.431
