0 -1532.61 -410.616
30 -1591.95 -318.78
60 -1607.12 -290.171
90 -1605.32 -279.039
120 -1621.93 -292.62
150 -1612.81 -292.286
180 -1578.4 -275.366
210 -1616.97 -279.151
240 -1608.39 -297.518
270 -1603.69 -300.19
300 -1604.87 -282.045
330 -1601.79 -293.288
360 -1598.63 -308.538
390 -1583.19 -312.88
420 -1575.42 -297.295
450 -1622.84 -295.737
480 -1604.41 -289.058
510 -1601.07 -284.16
540 -1563.41 -305.31
570 -1636.93 -294.958
600 -1633.13 -296.405
630 -1624.1 -288.835
660 -1624.1 -293.177
690 -1629.16 -298.52
720 -1619.86 -294.29
750 -1619.14 -288.947
780 -1617.06 -299.967
810 -1621.84 -300.524
840 -1602.43 -265.681
870 -1621.84 -263.566
900 -1630.79 -245.199
930 -1621.03 -255.663
960 -1598.27 -242.639
990 -1604.59 -252.323
1020 -1621.93 -254.327
1050 -1594.84 -233.956
1080 -1622.39 -256.442
1110 -1618.59 -253.325
1140 -1617.87 -260.227
1170 -1650.38 -271.581
1200 -1645.87 -270.691
1230 -1631.36 -309.544
1260 -1616.85 -348.397
1290 -1602.34 -387.25
1320 -1612.88 -325.269
1350 -1584.74 -232.798
1380 -1596.63 -280.631
1410 -1598.04 -286.542
1440 -1607.66 -305.355
1470 -1608.49 -307.671
1500 -1611.25 -315.882
1530 -1614.01 -324.093
1560 -1616.77 -332.304
1590 -1627.37 -280.553
1620 -1615.92 -287.188
1650 -1616.91 -275.811
1680 -1604.94 -284.204
1710 -1617.62 -294.045
1740 -1615.61 -283.292
1770 -1647.39 -296.783
1800 -1603.89 -287.41
1830 -1623.16 -292.509
1860 -1604.16 -290.527
1890 -1634.07 -301.57
1920 -1612.42 -284.494
1950 -1576.09 -212.828
1980 -1568.94 -200.004
2010 -1544.89 -202.275
2040 -1544.57 -221.31
2070 -1559.94 -282.846
2100 -1625.19 -308.138
2130 -1599.79 -298.186
2160 -1602.19 -288.924
2190 -1601.38 -292.798
2220 -1614.73 -298.008
2250 -1614.08 -300.768
2280 -1619.15 -322.52
2310 -1621 -329.399
2340 -1611.98 -318.245
2370 -1651.59 -317.043
2400 -1632.45 -312.167
2430 -1653.53 -318.668
2460 -1631.17 -329.466
2490 -1612.14 -344.65
2520 -1603.73 -348.234
2550 -1604.56 -356.627
2580 -1595.72 -349.815
2610 -1597.8 -341.978
2640 -1599.32 -333.117
2670 -1599.57 -327.062
2700 -1610.74 -333.34
2730 -1613.7 -328.575
2760 -1623.89 -338.46
2790 -1610.18 -337.882
2820 -1636.44 -359.722
2850 -1622.98 -351.351
2880 -1621.83 -345.585
2910 -1628.33 -343.047
2940 -1618.56 -328.754
2970 -1634.09 -341.733
3000 -1644.03 -345.562
3030 -1661.98 -365.711
3060 -1659.78 -361.191
3090 -1680.69 -398.071
3120 -1681.25 -394.442
3150 -1645.55 -356.082
3180 -1613 -325.781
3210 -1577.23 -280.709
3240 -1665.95 -363.351
3270 -1653.55 -349.648
3300 -1632.7 -353.421
3330 -1676.36 -367.169
3360 -1665.21 -360.045
3390 -1652.74 -340.275
3420 -1650.78 -332.293
3450 -1627.5 -316.175
3480 -1634.53 -318.935
3510 -1628.7 -317.488
3540 -1612.46 -307.047
3570 -1614.31 -307.147
3600 -1638.04 -321.128
3630 -1612.1 -305.533
3660 -1637.33 -312.29
3690 -1644.81 -309.384
3720 -1616.64 -295.303
3750 -1614.56 -285.596
3780 -1641.24 -303.986
3810 -1630.58 -307.459
3840 -1703.37 -337.77
3870 -1705.34 -346.041
3900 -1698.37 -352.03
3930 -1675.24 -335.421
3960 -1685.58 -346.609
3990 -1599.08 -305.555
4020 -1571.21 -295.024
4050 -1618.62 -319.269
4080 -1630.4 -327.429
4110 -1612.37 -313.114
4140 -1605.81 -287.8
4170 -1597.49 -269.188
4200 -1625.21 -313.28
4230 -1601.98 -296.783
4260 -1608.47 -305.967
4290 -1627.56 -320.427
4320 -1636.32 -330.434
4350 -1622.12 -312.557
4380 -1612.86 -290.538
4410 -1614.01 -305.856
4440 -1622.97 -329.655
4470 -1592.39 -293.488
4500 -1610.66 -292.865
4530 -1623.06 -309.229
4560 -1621.38 -304.695
4590 -1618.27 -320.538
4620 -1624.61 -315.507
4650 -1622.4 -322.854
4680 -1618.3 -317.889
4710 -1632.59 -345.407
4740 -1635.45 -333.652
4770 -1633.26 -331.126
4800 -1634.07 -336.516
4830 -1582.1 -313.971
4860 -1543.63 -274.275
4890 -1623.73 -328.731
4920 -1654.77 -360.791
4950 -1623.33 -372.824
4980 -1635.62 -363.451
5010 -1620.63 -318.646
5040 -1597.91 -317.555
5070 -1561.38 -425.021
5100 -1565.87 -434.113
5130 -1646.34 -312.679
5160 -1598.91 -303.563
5190 -1605.82 -265.303
5220 -1593.4 -287.31
5250 -1593.94 -286.72
5280 -1606.17 -323.243
5310 -1565.01 -314.305
5340 -1614.07 -362.227
5370 -1586.22 -351.473
5400 -1558.39 -327.318
5430 -1517.14 -285.128
5460 -1556.69 -288
5490 -1598.08 -301.036
5520 -1592.09 -292.431
5550 -1697.8 -341.232
5580 -1639.68 -315.529
5610 -1701.65 -339.117
5640 -1511.13 -297.863
5670 -1574.62 -303.151
5700 -1593.42 -315.896
5730 -1551.6 -278.872
5760 -1546.39 -294.023
5790 -1616.24 -309.574
5820 -1615.41 -321.229
5850 -1625.28 -318.846
5880 -1621.28 -339.785
5910 -1613.79 -335.266
5940 -1642.61 -332.806
5970 -1738.63 -326.126
6000 -1615.43 -284.828
6030 -1610.61 -302.683
6060 -1613.64 -295.447
6090 -1609.31 -296.984
6120 -1592.49 -293.399
6150 -1578.38 -286.646
6180 -1548.15 -272.175
6210 -1611.28 -283.57
6240 -1621.02 -294.646
6270 -1607.42 -305.021
6300 -1607.22 -291.574
6330 -1602.06 -266.828
6360 -1615.24 -290.639
6390 -1605.36 -293.344
6420 -1607.8 -294.045
6450 -1618.41 -296.961
6480 -1623.08 -307.704
6510 -1631.32 -326.662
6540 -1639.56 -345.619
6570 -1640.11 -366.29
6600 -1625.96 -346.72
6630 -1626.27 -331.826
6660 -1576.14 -289.726
6690 -1589.33 -308.204
6720 -1615.25 -314.55
6750 -1616.06 -316.665
6780 -1622.21 -320.227
6810 -1662.44 -461.148
6840 -1702.67 -602.069
6870 -1742.91 -742.99
6900 -1660.01 -471.885
6930 -1634.63 -386.504
6960 -1631.62 -376.811
6990 -1628.62 -367.118
7020 -1625.61 -357.426
7050 -1622.6 -347.733
7080 -1619.6 -338.04
7110 -1616.59 -328.347
7140 -1613.58 -318.655
7170 -1610.57 -308.962
7200 -1628.26 -299.433
7230 -1666.53 -314.661
7260 -1604.81 -293.689
7290 -1620.13 -296.952
7320 -1676.72 -311.944
7350 -1733.3 -326.936
7380 -1714.71 -328.665
7410 -1607.01 -312.59
7440 -1592.27 -333.028
7470 -1572.77 -347.566
7500 -1577.5 -346.431
7530 -1572.17 -348.568
7560 -1569.82 -352.219
7590 -1564.87 -350.906
7620 -1562.25 -352.286
7650 -1563.64 -348.791
7680 -1563.37 -349.369
7710 -1563.05 -347.254
7740 -1563.77 -348.991
7770 -1565.09 -352.62
7800 -1565.41 -356.093
7830 -1566.06 -358.987
7860 -1560.97 -353.822
7890 -1560.99 -351.841
7920 -1487.85 -304.019
7950 -1039.81 -19.3588
7980 -704.823 291.773
8010 -529.23 437.197
8040 -403.924 562.629
8070 -415.611 532.819
8100 -415.124 501.65
8130 -380.605 487.891
8160 -380.099 487.067
8190 -340.757 498.666
8220 26.5067 489.761
8250 204.34 330.889
8280 69.8228 277.947
8310 -41.9353 141.005
8340 -55.555 103.535
8370 -84.7453 61.3907
8400 -105.952 17.844
8430 -97.6967 -23.344
